Log level set to: INFO
Set seed: 3
=======> Using Fixed Random Seed: 3 <========
save_path: exp_results/bc-bb0-utk_face_race-crop_augmix-0.9-lr0.001-bs128-cbs64-w0.01-ratio10-aug1-seed3
get_utk_face - split: train, aug: False, given_y: True, ratio: 0
use existing biased_utk_face from data/utk_face/pickles/biased_utk_face-target_gender-bias_race-0.9
Distribution Before Sampling: 
===================================
Binary Labels Distribution: 
Binary Target 0
---------------------------
Target 0: [4407, 552]
Target 1: [440, 5529]
Binary Target 1
---------------------------
Target 0: [4407, 552]
Target 1: [440, 5529]
===================================
Normal Label Distribution: 
Target 0: [4407, 552]
Target 1: [440, 5529]
===================================
Distribution After Sampling: 
===================================
Binary Labels Distribution: 
Binary Target 0
---------------------------
Target 0: [4407, 552]
Target 1: [440, 5529]
Binary Target 1
---------------------------
Target 0: [4407, 552]
Target 1: [440, 5529]
===================================
Normal Label Distribution: 
Target 0: [4407, 552]
Target 1: [440, 5529]
===================================
Use BiasedUTKFace - target_attr: gender
BiasedUTKFace -- total: 10928, target_attr: gender, bias_attr: race bias_rate: 0.9
['[train] target_0-bias_0: 4407', '[train] target_0-bias_1: 552', '[train] target_1-bias_0: 440', '[train] target_1-bias_1: 5529']
confusion_matrix - 
 original: tensor([[4407.,  440.],
        [ 552., 5529.]]), 
 normalized: tensor([[0.909, 0.091],
        [0.091, 0.909]]), 
 b|y: tensor([[0.889, 0.111],
        [0.074, 0.926]])
get_utk_face - split: train, aug: 1, given_y: True, ratio: 10
use existing biased_utk_face from data/utk_face/pickles/biased_utk_face-target_gender-bias_race-0.9
Distribution Before Sampling: 
===================================
Binary Labels Distribution: 
Binary Target 0
---------------------------
Target 0: [4407, 552]
Target 1: [440, 5529]
Binary Target 1
---------------------------
Target 0: [4407, 552]
Target 1: [440, 5529]
===================================
Normal Label Distribution: 
Target 0: [4407, 552]
Target 1: [440, 5529]
===================================
Distribution After Sampling: 
===================================
Binary Labels Distribution: 
Binary Target 0
---------------------------
Target 0: [4407, 552]
Target 1: [440, 5529]
Binary Target 1
---------------------------
Target 0: [4407, 552]
Target 1: [440, 5529]
===================================
Normal Label Distribution: 
Target 0: [4407, 552]
Target 1: [440, 5529]
===================================
Use BiasedUTKFace - target_attr: gender
BiasedUTKFace -- total: 10928, target_attr: gender, bias_attr: race bias_rate: 0.9
['[train] target_0-bias_0: 4407', '[train] target_0-bias_1: 552', '[train] target_1-bias_0: 440', '[train] target_1-bias_1: 5529']
get_utk_face - split: valid, aug: False, given_y: True, ratio: 0
use existing biased_utk_face from data/utk_face/pickles/biased_utk_face-target_gender-bias_race-0.9
Distribution Before Sampling: 
===================================
Binary Labels Distribution: 
Binary Target 0
---------------------------
Target 0: [583, 684]
Target 1: [457, 646]
Binary Target 1
---------------------------
Target 0: [583, 684]
Target 1: [457, 646]
===================================
Normal Label Distribution: 
Target 0: [583, 684]
Target 1: [457, 646]
===================================
Use BiasedUTKFace - target_attr: gender
BiasedUTKFace -- total: 2370, target_attr: gender, bias_attr: race bias_rate: 0.9
['[valid] target_0-bias_0: 583', '[valid] target_0-bias_1: 684', '[valid] target_1-bias_0: 457', '[valid] target_1-bias_1: 646']
get_utk_face - split: test, aug: False, given_y: True, ratio: 0
use existing biased_utk_face from data/utk_face/pickles/biased_utk_face-target_gender-bias_race-0.9
Distribution Before Sampling: 
===================================
Binary Labels Distribution: 
Binary Target 0
---------------------------
Target 0: [558, 677]
Target 1: [462, 673]
Binary Target 1
---------------------------
Target 0: [558, 677]
Target 1: [462, 673]
===================================
Normal Label Distribution: 
Target 0: [558, 677]
Target 1: [462, 673]
===================================
Use BiasedUTKFace - target_attr: gender
BiasedUTKFace -- total: 2370, target_attr: gender, bias_attr: race bias_rate: 0.9
['[test] target_0-bias_0: 558', '[test] target_0-bias_1: 677', '[test] target_1-bias_0: 462', '[test] target_1-bias_1: 673']
decay_epochs: [6, 13]
[1 / 20] Learning rate: 0.001 weight: 0.01
[1 / 20] Loss: 4.886883203665648 CE Loss: 0.5633245579145664 Con Loss: 4.881249954899443
[1 / 20] tensor([[0.545, 0.529],
        [0.939, 0.944]]) {'epoch': 1, 'valid/acc': 71.603, 'valid/acc_unbiased': 73.182, 'valid/diff': 3.278, 'valid/acc_skew': 74.821, 'valid/acc_align': 71.543, 'test/acc': 73.038, 'test/acc_unbiased': 73.913, 'test/diff': 1.007, 'test/acc_skew': 73.41, 'test/acc_align': 74.417}
[1 / 20] best valid accuracy: 73.182 at epoch 1 
 best_stats: {'best_valid_epoch': 1, 'best_valid_valid/acc': 71.603, 'best_valid_valid/acc_unbiased': 73.182, 'best_valid_valid/diff': 3.278, 'best_valid_valid/acc_skew': 74.821, 'best_valid_valid/acc_align': 71.543, 'best_valid_test/acc': 73.038, 'best_valid_test/acc_unbiased': 73.913, 'best_valid_test/diff': 1.007, 'best_valid_test/acc_skew': 73.41, 'best_valid_test/acc_align': 74.417}
[1 / 20] best test accuracy: 73.913 at epoch 1 
 best_stats: {'best_test_epoch': 1, 'best_test_valid/acc': 71.603, 'best_test_valid/acc_unbiased': 73.182, 'best_test_valid/diff': 3.278, 'best_test_valid/acc_skew': 74.821, 'best_test_valid/acc_align': 71.543, 'best_test_test/acc': 73.038, 'best_test_test/acc_unbiased': 73.913, 'best_test_test/diff': 1.007, 'best_test_test/acc_skew': 73.41, 'best_test_test/acc_align': 74.417}
[2 / 20] Learning rate: 0.001 weight: 0.01
[2 / 20] Loss: 4.747022436094493 CE Loss: 0.44400480167059386 Con Loss: 4.742582411926627
[2 / 20] tensor([[0.522, 0.476],
        [0.972, 0.970]]) {'epoch': 2, 'valid/acc': 70.97, 'valid/acc_unbiased': 72.669, 'valid/diff': 1.231, 'valid/acc_skew': 73.285, 'valid/acc_align': 72.054, 'test/acc': 72.363, 'test/acc_unbiased': 73.482, 'test/diff': 2.373, 'test/acc_skew': 72.374, 'test/acc_align': 74.589}
[2 / 20] best valid accuracy: 73.182 at epoch 1 
 best_stats: {'best_valid_epoch': 1, 'best_valid_valid/acc': 71.603, 'best_valid_valid/acc_unbiased': 73.182, 'best_valid_valid/diff': 3.278, 'best_valid_valid/acc_skew': 74.821, 'best_valid_valid/acc_align': 71.543, 'best_valid_test/acc': 73.038, 'best_valid_test/acc_unbiased': 73.913, 'best_valid_test/diff': 1.007, 'best_valid_test/acc_skew': 73.41, 'best_valid_test/acc_align': 74.417}
[2 / 20] best test accuracy: 73.913 at epoch 1 
 best_stats: {'best_test_epoch': 1, 'best_test_valid/acc': 71.603, 'best_test_valid/acc_unbiased': 73.182, 'best_test_valid/diff': 3.278, 'best_test_valid/acc_skew': 74.821, 'best_test_valid/acc_align': 71.543, 'best_test_test/acc': 73.038, 'best_test_test/acc_unbiased': 73.913, 'best_test_test/diff': 1.007, 'best_test_test/acc_skew': 73.41, 'best_test_test/acc_align': 74.417}
[3 / 20] Learning rate: 0.001 weight: 0.01
[3 / 20] Loss: 4.714671336016229 CE Loss: 0.42561623379915386 Con Loss: 4.710415195755519
[3 / 20] tensor([[0.720, 0.663],
        [0.924, 0.932]]) {'epoch': 3, 'valid/acc': 80.0, 'valid/acc_unbiased': 80.8, 'valid/diff': 0.471, 'valid/acc_skew': 80.564, 'valid/acc_align': 81.036, 'test/acc': 80.38, 'test/acc_unbiased': 80.989, 'test/diff': 3.231, 'test/acc_skew': 79.373, 'test/acc_align': 82.604}
[3 / 20] best valid accuracy: 80.800 at epoch 3 
 best_stats: {'best_valid_epoch': 3, 'best_valid_valid/acc': 80.0, 'best_valid_valid/acc_unbiased': 80.8, 'best_valid_valid/diff': 0.471, 'best_valid_valid/acc_skew': 80.564, 'best_valid_valid/acc_align': 81.036, 'best_valid_test/acc': 80.38, 'best_valid_test/acc_unbiased': 80.989, 'best_valid_test/diff': 3.231, 'best_valid_test/acc_skew': 79.373, 'best_valid_test/acc_align': 82.604}
[3 / 20] best test accuracy: 80.989 at epoch 3 
 best_stats: {'best_test_epoch': 3, 'best_test_valid/acc': 80.0, 'best_test_valid/acc_unbiased': 80.8, 'best_test_valid/diff': 0.471, 'best_test_valid/acc_skew': 80.564, 'best_test_valid/acc_align': 81.036, 'best_test_test/acc': 80.38, 'best_test_test/acc_unbiased': 80.989, 'best_test_test/diff': 3.231, 'best_test_test/acc_skew': 79.373, 'best_test_test/acc_align': 82.604}
[4 / 20] Learning rate: 0.001 weight: 0.01
[4 / 20] Loss: 4.709804949613825 CE Loss: 0.402265491588573 Con Loss: 4.705782302476651
[4 / 20] tensor([[0.833, 0.750],
        [0.842, 0.909]]) {'epoch': 4, 'valid/acc': 83.038, 'valid/acc_unbiased': 83.352, 'valid/diff': 5.052, 'valid/acc_skew': 80.827, 'valid/acc_align': 85.878, 'test/acc': 83.291, 'test/acc_unbiased': 83.376, 'test/diff': 7.517, 'test/acc_skew': 79.618, 'test/acc_align': 87.135}
[4 / 20] best valid accuracy: 83.352 at epoch 4 
 best_stats: {'best_valid_epoch': 4, 'best_valid_valid/acc': 83.038, 'best_valid_valid/acc_unbiased': 83.352, 'best_valid_valid/diff': 5.052, 'best_valid_valid/acc_skew': 80.827, 'best_valid_valid/acc_align': 85.878, 'best_valid_test/acc': 83.291, 'best_valid_test/acc_unbiased': 83.376, 'best_valid_test/diff': 7.517, 'best_valid_test/acc_skew': 79.618, 'best_valid_test/acc_align': 87.135}
[4 / 20] best test accuracy: 83.376 at epoch 4 
 best_stats: {'best_test_epoch': 4, 'best_test_valid/acc': 83.038, 'best_test_valid/acc_unbiased': 83.352, 'best_test_valid/diff': 5.052, 'best_test_valid/acc_skew': 80.827, 'best_test_valid/acc_align': 85.878, 'best_test_test/acc': 83.291, 'best_test_test/acc_unbiased': 83.376, 'best_test_test/diff': 7.517, 'best_test_test/acc_skew': 79.618, 'best_test_test/acc_align': 87.135}
[5 / 20] Learning rate: 0.001 weight: 0.01
[5 / 20] Loss: 4.669631583798857 CE Loss: 0.3917595332660228 Con Loss: 4.665713976277789
[5 / 20] tensor([[0.697, 0.648],
        [0.920, 0.941]]) {'epoch': 5, 'valid/acc': 80.675, 'valid/acc_unbiased': 81.723, 'valid/diff': 2.456, 'valid/acc_skew': 80.597, 'valid/acc_align': 82.849, 'test/acc': 79.578, 'test/acc_unbiased': 80.151, 'test/diff': 3.467, 'test/acc_skew': 78.418, 'test/acc_align': 81.885}
[5 / 20] best valid accuracy: 83.352 at epoch 4 
 best_stats: {'best_valid_epoch': 4, 'best_valid_valid/acc': 83.038, 'best_valid_valid/acc_unbiased': 83.352, 'best_valid_valid/diff': 5.052, 'best_valid_valid/acc_skew': 80.827, 'best_valid_valid/acc_align': 85.878, 'best_valid_test/acc': 83.291, 'best_valid_test/acc_unbiased': 83.376, 'best_valid_test/diff': 7.517, 'best_valid_test/acc_skew': 79.618, 'best_valid_test/acc_align': 87.135}
[5 / 20] best test accuracy: 83.376 at epoch 4 
 best_stats: {'best_test_epoch': 4, 'best_test_valid/acc': 83.038, 'best_test_valid/acc_unbiased': 83.352, 'best_test_valid/diff': 5.052, 'best_test_valid/acc_skew': 80.827, 'best_test_valid/acc_align': 85.878, 'best_test_test/acc': 83.291, 'best_test_test/acc_unbiased': 83.376, 'best_test_test/diff': 7.517, 'best_test_test/acc_skew': 79.618, 'best_test_test/acc_align': 87.135}
[6 / 20] Learning rate: 0.001 weight: 0.01
[6 / 20] Loss: 4.666381849900521 CE Loss: 0.37961848104157175 Con Loss: 4.662585655731827
[6 / 20] tensor([[0.690, 0.616],
        [0.942, 0.957]]) {'epoch': 6, 'valid/acc': 80.0, 'valid/acc_unbiased': 80.995, 'valid/diff': 1.672, 'valid/acc_skew': 80.159, 'valid/acc_align': 81.831, 'test/acc': 79.367, 'test/acc_unbiased': 80.11, 'test/diff': 4.468, 'test/acc_skew': 77.876, 'test/acc_align': 82.344}
[6 / 20] best valid accuracy: 83.352 at epoch 4 
 best_stats: {'best_valid_epoch': 4, 'best_valid_valid/acc': 83.038, 'best_valid_valid/acc_unbiased': 83.352, 'best_valid_valid/diff': 5.052, 'best_valid_valid/acc_skew': 80.827, 'best_valid_valid/acc_align': 85.878, 'best_valid_test/acc': 83.291, 'best_valid_test/acc_unbiased': 83.376, 'best_valid_test/diff': 7.517, 'best_valid_test/acc_skew': 79.618, 'best_valid_test/acc_align': 87.135}
[6 / 20] best test accuracy: 83.376 at epoch 4 
 best_stats: {'best_test_epoch': 4, 'best_test_valid/acc': 83.038, 'best_test_valid/acc_unbiased': 83.352, 'best_test_valid/diff': 5.052, 'best_test_valid/acc_skew': 80.827, 'best_test_valid/acc_align': 85.878, 'best_test_test/acc': 83.291, 'best_test_test/acc_unbiased': 83.376, 'best_test_test/diff': 7.517, 'best_test_test/acc_skew': 79.618, 'best_test_test/acc_align': 87.135}
[7 / 20] Learning rate: 0.0001 weight: 0.01
[7 / 20] Loss: 4.626240357472991 CE Loss: 0.34047930704028856 Con Loss: 4.622835569814567
[7 / 20] tensor([[0.878, 0.824],
        [0.844, 0.880]]) {'epoch': 7, 'valid/acc': 85.992, 'valid/acc_unbiased': 86.103, 'valid/diff': 3.39, 'valid/acc_skew': 84.408, 'valid/acc_align': 87.798, 'test/acc': 85.654, 'test/acc_unbiased': 85.654, 'test/diff': 4.47, 'test/acc_skew': 83.419, 'test/acc_align': 87.889}
[7 / 20] best valid accuracy: 86.103 at epoch 7 
 best_stats: {'best_valid_epoch': 7, 'best_valid_valid/acc': 85.992, 'best_valid_valid/acc_unbiased': 86.103, 'best_valid_valid/diff': 3.39, 'best_valid_valid/acc_skew': 84.408, 'best_valid_valid/acc_align': 87.798, 'best_valid_test/acc': 85.654, 'best_valid_test/acc_unbiased': 85.654, 'best_valid_test/diff': 4.47, 'best_valid_test/acc_skew': 83.419, 'best_valid_test/acc_align': 87.889}
[7 / 20] best test accuracy: 85.654 at epoch 7 
 best_stats: {'best_test_epoch': 7, 'best_test_valid/acc': 85.992, 'best_test_valid/acc_unbiased': 86.103, 'best_test_valid/diff': 3.39, 'best_test_valid/acc_skew': 84.408, 'best_test_valid/acc_align': 87.798, 'best_test_test/acc': 85.654, 'best_test_test/acc_unbiased': 85.654, 'best_test_test/diff': 4.47, 'best_test_test/acc_skew': 83.419, 'best_test_test/acc_align': 87.889}
[8 / 20] Learning rate: 0.0001 weight: 0.01
[8 / 20] Loss: 4.605238348987406 CE Loss: 0.3173613691399771 Con Loss: 4.602064716344697
[8 / 20] tensor([[0.846, 0.808],
        [0.851, 0.899]]) {'epoch': 8, 'valid/acc': 86.371, 'valid/acc_unbiased': 86.602, 'valid/diff': 4.028, 'valid/acc_skew': 84.589, 'valid/acc_align': 88.616, 'test/acc': 85.105, 'test/acc_unbiased': 85.087, 'test/diff': 4.311, 'test/acc_skew': 82.931, 'test/acc_align': 87.242}
[8 / 20] best valid accuracy: 86.602 at epoch 8 
 best_stats: {'best_valid_epoch': 8, 'best_valid_valid/acc': 86.371, 'best_valid_valid/acc_unbiased': 86.602, 'best_valid_valid/diff': 4.028, 'best_valid_valid/acc_skew': 84.589, 'best_valid_valid/acc_align': 88.616, 'best_valid_test/acc': 85.105, 'best_valid_test/acc_unbiased': 85.087, 'best_valid_test/diff': 4.311, 'best_valid_test/acc_skew': 82.931, 'best_valid_test/acc_align': 87.242}
[8 / 20] best test accuracy: 85.654 at epoch 7 
 best_stats: {'best_test_epoch': 7, 'best_test_valid/acc': 85.992, 'best_test_valid/acc_unbiased': 86.103, 'best_test_valid/diff': 3.39, 'best_test_valid/acc_skew': 84.408, 'best_test_valid/acc_align': 87.798, 'best_test_test/acc': 85.654, 'best_test_test/acc_unbiased': 85.654, 'best_test_test/diff': 4.47, 'best_test_test/acc_skew': 83.419, 'best_test_test/acc_align': 87.889}
[9 / 20] Learning rate: 0.0001 weight: 0.01
[9 / 20] Loss: 4.587053749955765 CE Loss: 0.3059511971857677 Con Loss: 4.583994241270453
[9 / 20] tensor([[0.832, 0.790],
        [0.868, 0.921]]) {'epoch': 9, 'valid/acc': 86.16, 'valid/acc_unbiased': 86.536, 'valid/diff': 4.044, 'valid/acc_skew': 84.513, 'valid/acc_align': 88.558, 'test/acc': 85.232, 'test/acc_unbiased': 85.275, 'test/diff': 4.729, 'test/acc_skew': 82.911, 'test/acc_align': 87.639}
[9 / 20] best valid accuracy: 86.602 at epoch 8 
 best_stats: {'best_valid_epoch': 8, 'best_valid_valid/acc': 86.371, 'best_valid_valid/acc_unbiased': 86.602, 'best_valid_valid/diff': 4.028, 'best_valid_valid/acc_skew': 84.589, 'best_valid_valid/acc_align': 88.616, 'best_valid_test/acc': 85.105, 'best_valid_test/acc_unbiased': 85.087, 'best_valid_test/diff': 4.311, 'best_valid_test/acc_skew': 82.931, 'best_valid_test/acc_align': 87.242}
[9 / 20] best test accuracy: 85.654 at epoch 7 
 best_stats: {'best_test_epoch': 7, 'best_test_valid/acc': 85.992, 'best_test_valid/acc_unbiased': 86.103, 'best_test_valid/diff': 3.39, 'best_test_valid/acc_skew': 84.408, 'best_test_valid/acc_align': 87.798, 'best_test_test/acc': 85.654, 'best_test_test/acc_unbiased': 85.654, 'best_test_test/diff': 4.47, 'best_test_test/acc_skew': 83.419, 'best_test_test/acc_align': 87.889}
[10 / 20] Learning rate: 0.0001 weight: 0.01
[10 / 20] Loss: 4.570944371370062 CE Loss: 0.29958168970281873 Con Loss: 4.56794856407981
[10 / 20] tensor([[0.891, 0.839],
        [0.825, 0.880]]) {'epoch': 10, 'valid/acc': 87.384, 'valid/acc_unbiased': 87.36, 'valid/diff': 3.417, 'valid/acc_skew': 85.651, 'valid/acc_align': 89.068, 'test/acc': 85.992, 'test/acc_unbiased': 85.85, 'test/diff': 5.333, 'test/acc_skew': 83.184, 'test/acc_align': 88.516}
[10 / 20] best valid accuracy: 87.360 at epoch 10 
 best_stats: {'best_valid_epoch': 10, 'best_valid_valid/acc': 87.384, 'best_valid_valid/acc_unbiased': 87.36, 'best_valid_valid/diff': 3.417, 'best_valid_valid/acc_skew': 85.651, 'best_valid_valid/acc_align': 89.068, 'best_valid_test/acc': 85.992, 'best_valid_test/acc_unbiased': 85.85, 'best_valid_test/diff': 5.333, 'best_valid_test/acc_skew': 83.184, 'best_valid_test/acc_align': 88.516}
[10 / 20] best test accuracy: 85.850 at epoch 10 
 best_stats: {'best_test_epoch': 10, 'best_test_valid/acc': 87.384, 'best_test_valid/acc_unbiased': 87.36, 'best_test_valid/diff': 3.417, 'best_test_valid/acc_skew': 85.651, 'best_test_valid/acc_align': 89.068, 'best_test_test/acc': 85.992, 'best_test_test/acc_unbiased': 85.85, 'best_test_test/diff': 5.333, 'best_test_test/acc_skew': 83.184, 'best_test_test/acc_align': 88.516}
[11 / 20] Learning rate: 0.0001 weight: 0.01
[11 / 20] Loss: 4.564808000059114 CE Loss: 0.30218151451728004 Con Loss: 4.56178619502055
[11 / 20] tensor([[0.835, 0.796],
        [0.885, 0.924]]) {'epoch': 11, 'valid/acc': 86.751, 'valid/acc_unbiased': 87.09, 'valid/diff': 3.4, 'valid/acc_skew': 85.39, 'valid/acc_align': 88.79, 'test/acc': 85.907, 'test/acc_unbiased': 86.02, 'test/diff': 3.895, 'test/acc_skew': 84.072, 'test/acc_align': 87.967}
[11 / 20] best valid accuracy: 87.360 at epoch 10 
 best_stats: {'best_valid_epoch': 10, 'best_valid_valid/acc': 87.384, 'best_valid_valid/acc_unbiased': 87.36, 'best_valid_valid/diff': 3.417, 'best_valid_valid/acc_skew': 85.651, 'best_valid_valid/acc_align': 89.068, 'best_valid_test/acc': 85.992, 'best_valid_test/acc_unbiased': 85.85, 'best_valid_test/diff': 5.333, 'best_valid_test/acc_skew': 83.184, 'best_valid_test/acc_align': 88.516}
[11 / 20] best test accuracy: 86.020 at epoch 11 
 best_stats: {'best_test_epoch': 11, 'best_test_valid/acc': 86.751, 'best_test_valid/acc_unbiased': 87.09, 'best_test_valid/diff': 3.4, 'best_test_valid/acc_skew': 85.39, 'best_test_valid/acc_align': 88.79, 'best_test_test/acc': 85.907, 'best_test_test/acc_unbiased': 86.02, 'best_test_test/diff': 3.895, 'best_test_test/acc_skew': 84.072, 'best_test_test/acc_align': 87.967}
[12 / 20] Learning rate: 0.0001 weight: 0.01
[12 / 20] Loss: 4.558246105691175 CE Loss: 0.2940584764997223 Con Loss: 4.555305504694166
[12 / 20] tensor([[0.880, 0.830],
        [0.857, 0.890]]) {'epoch': 12, 'valid/acc': 87.426, 'valid/acc_unbiased': 87.518, 'valid/diff': 2.933, 'valid/acc_skew': 86.051, 'valid/acc_align': 88.984, 'test/acc': 86.414, 'test/acc_unbiased': 86.431, 'test/diff': 4.135, 'test/acc_skew': 84.364, 'test/acc_align': 88.499}
[12 / 20] best valid accuracy: 87.518 at epoch 12 
 best_stats: {'best_valid_epoch': 12, 'best_valid_valid/acc': 87.426, 'best_valid_valid/acc_unbiased': 87.518, 'best_valid_valid/diff': 2.933, 'best_valid_valid/acc_skew': 86.051, 'best_valid_valid/acc_align': 88.984, 'best_valid_test/acc': 86.414, 'best_valid_test/acc_unbiased': 86.431, 'best_valid_test/diff': 4.135, 'best_valid_test/acc_skew': 84.364, 'best_valid_test/acc_align': 88.499}
[12 / 20] best test accuracy: 86.431 at epoch 12 
 best_stats: {'best_test_epoch': 12, 'best_test_valid/acc': 87.426, 'best_test_valid/acc_unbiased': 87.518, 'best_test_valid/diff': 2.933, 'best_test_valid/acc_skew': 86.051, 'best_test_valid/acc_align': 88.984, 'best_test_test/acc': 86.414, 'best_test_test/acc_unbiased': 86.431, 'best_test_test/diff': 4.135, 'best_test_test/acc_skew': 84.364, 'best_test_test/acc_align': 88.499}
[13 / 20] Learning rate: 0.0001 weight: 0.01
[13 / 20] Loss: 4.540672282697865 CE Loss: 0.2833771208631172 Con Loss: 4.53783850439471
[13 / 20] tensor([[0.866, 0.815],
        [0.866, 0.899]]) {'epoch': 13, 'valid/acc': 87.595, 'valid/acc_unbiased': 87.751, 'valid/diff': 2.964, 'valid/acc_skew': 86.269, 'valid/acc_align': 89.233, 'test/acc': 86.076, 'test/acc_unbiased': 86.143, 'test/diff': 4.169, 'test/acc_skew': 84.058, 'test/acc_align': 88.228}
[13 / 20] best valid accuracy: 87.751 at epoch 13 
 best_stats: {'best_valid_epoch': 13, 'best_valid_valid/acc': 87.595, 'best_valid_valid/acc_unbiased': 87.751, 'best_valid_valid/diff': 2.964, 'best_valid_valid/acc_skew': 86.269, 'best_valid_valid/acc_align': 89.233, 'best_valid_test/acc': 86.076, 'best_valid_test/acc_unbiased': 86.143, 'best_valid_test/diff': 4.169, 'best_valid_test/acc_skew': 84.058, 'best_valid_test/acc_align': 88.228}
[13 / 20] best test accuracy: 86.431 at epoch 12 
 best_stats: {'best_test_epoch': 12, 'best_test_valid/acc': 87.426, 'best_test_valid/acc_unbiased': 87.518, 'best_test_valid/diff': 2.933, 'best_test_valid/acc_skew': 86.051, 'best_test_valid/acc_align': 88.984, 'best_test_test/acc': 86.414, 'best_test_test/acc_unbiased': 86.431, 'best_test_test/diff': 4.135, 'best_test_test/acc_skew': 84.364, 'best_test_test/acc_align': 88.499}
[14 / 20] Learning rate: 1e-05 weight: 0.01
[14 / 20] Loss: 4.530457993726604 CE Loss: 0.2781616247764967 Con Loss: 4.5276763700985105
[14 / 20] tensor([[0.871, 0.826],
        [0.870, 0.893]]) {'epoch': 14, 'valid/acc': 87.848, 'valid/acc_unbiased': 87.963, 'valid/diff': 3.022, 'valid/acc_skew': 86.452, 'valid/acc_align': 89.474, 'test/acc': 86.414, 'test/acc_unbiased': 86.495, 'test/diff': 3.408, 'test/acc_skew': 84.792, 'test/acc_align': 88.199}
[14 / 20] best valid accuracy: 87.963 at epoch 14 
 best_stats: {'best_valid_epoch': 14, 'best_valid_valid/acc': 87.848, 'best_valid_valid/acc_unbiased': 87.963, 'best_valid_valid/diff': 3.022, 'best_valid_valid/acc_skew': 86.452, 'best_valid_valid/acc_align': 89.474, 'best_valid_test/acc': 86.414, 'best_valid_test/acc_unbiased': 86.495, 'best_valid_test/diff': 3.408, 'best_valid_test/acc_skew': 84.792, 'best_valid_test/acc_align': 88.199}
[14 / 20] best test accuracy: 86.495 at epoch 14 
 best_stats: {'best_test_epoch': 14, 'best_test_valid/acc': 87.848, 'best_test_valid/acc_unbiased': 87.963, 'best_test_valid/diff': 3.022, 'best_test_valid/acc_skew': 86.452, 'best_test_valid/acc_align': 89.474, 'best_test_test/acc': 86.414, 'best_test_test/acc_unbiased': 86.495, 'best_test_test/diff': 3.408, 'best_test_test/acc_skew': 84.792, 'best_test_test/acc_align': 88.199}
[15 / 20] Learning rate: 1e-05 weight: 0.01
[15 / 20] Loss: 4.536130366178766 CE Loss: 0.2847904528915271 Con Loss: 4.5332824342596405
[15 / 20] tensor([[0.873, 0.826],
        [0.861, 0.896]]) {'epoch': 15, 'valid/acc': 87.679, 'valid/acc_unbiased': 87.82, 'valid/diff': 2.81, 'valid/acc_skew': 86.416, 'valid/acc_align': 89.225, 'test/acc': 86.371, 'test/acc_unbiased': 86.398, 'test/diff': 4.079, 'test/acc_skew': 84.359, 'test/acc_align': 88.437}
[15 / 20] best valid accuracy: 87.963 at epoch 14 
 best_stats: {'best_valid_epoch': 14, 'best_valid_valid/acc': 87.848, 'best_valid_valid/acc_unbiased': 87.963, 'best_valid_valid/diff': 3.022, 'best_valid_valid/acc_skew': 86.452, 'best_valid_valid/acc_align': 89.474, 'best_valid_test/acc': 86.414, 'best_valid_test/acc_unbiased': 86.495, 'best_valid_test/diff': 3.408, 'best_valid_test/acc_skew': 84.792, 'best_valid_test/acc_align': 88.199}
[15 / 20] best test accuracy: 86.495 at epoch 14 
 best_stats: {'best_test_epoch': 14, 'best_test_valid/acc': 87.848, 'best_test_valid/acc_unbiased': 87.963, 'best_test_valid/diff': 3.022, 'best_test_valid/acc_skew': 86.452, 'best_test_valid/acc_align': 89.474, 'best_test_test/acc': 86.414, 'best_test_test/acc_unbiased': 86.495, 'best_test_test/diff': 3.408, 'best_test_test/acc_skew': 84.792, 'best_test_test/acc_align': 88.199}
[16 / 20] Learning rate: 1e-05 weight: 0.01
[16 / 20] Loss: 4.5209477893779075 CE Loss: 0.2794771211257267 Con Loss: 4.518153032830659
[16 / 20] tensor([[0.866, 0.817],
        [0.866, 0.903]]) {'epoch': 16, 'valid/acc': 87.3, 'valid/acc_unbiased': 87.504, 'valid/diff': 2.91, 'valid/acc_skew': 86.05, 'valid/acc_align': 88.959, 'test/acc': 86.245, 'test/acc_unbiased': 86.291, 'test/diff': 4.318, 'test/acc_skew': 84.132, 'test/acc_align': 88.45}
[16 / 20] best valid accuracy: 87.963 at epoch 14 
 best_stats: {'best_valid_epoch': 14, 'best_valid_valid/acc': 87.848, 'best_valid_valid/acc_unbiased': 87.963, 'best_valid_valid/diff': 3.022, 'best_valid_valid/acc_skew': 86.452, 'best_valid_valid/acc_align': 89.474, 'best_valid_test/acc': 86.414, 'best_valid_test/acc_unbiased': 86.495, 'best_valid_test/diff': 3.408, 'best_valid_test/acc_skew': 84.792, 'best_valid_test/acc_align': 88.199}
[16 / 20] best test accuracy: 86.495 at epoch 14 
 best_stats: {'best_test_epoch': 14, 'best_test_valid/acc': 87.848, 'best_test_valid/acc_unbiased': 87.963, 'best_test_valid/diff': 3.022, 'best_test_valid/acc_skew': 86.452, 'best_test_valid/acc_align': 89.474, 'best_test_test/acc': 86.414, 'best_test_test/acc_unbiased': 86.495, 'best_test_test/diff': 3.408, 'best_test_test/acc_skew': 84.792, 'best_test_test/acc_align': 88.199}
[17 / 20] Learning rate: 1e-05 weight: 0.01
[17 / 20] Loss: 4.518425983356347 CE Loss: 0.2738049864376272 Con Loss: 4.5156879439011846
[17 / 20] tensor([[0.871, 0.821],
        [0.859, 0.902]]) {'epoch': 17, 'valid/acc': 87.131, 'valid/acc_unbiased': 87.275, 'valid/diff': 4.056, 'valid/acc_skew': 85.247, 'valid/acc_align': 89.302, 'test/acc': 86.329, 'test/acc_unbiased': 86.337, 'test/diff': 4.616, 'test/acc_skew': 84.029, 'test/acc_align': 88.645}
[17 / 20] best valid accuracy: 87.963 at epoch 14 
 best_stats: {'best_valid_epoch': 14, 'best_valid_valid/acc': 87.848, 'best_valid_valid/acc_unbiased': 87.963, 'best_valid_valid/diff': 3.022, 'best_valid_valid/acc_skew': 86.452, 'best_valid_valid/acc_align': 89.474, 'best_valid_test/acc': 86.414, 'best_valid_test/acc_unbiased': 86.495, 'best_valid_test/diff': 3.408, 'best_valid_test/acc_skew': 84.792, 'best_valid_test/acc_align': 88.199}
[17 / 20] best test accuracy: 86.495 at epoch 14 
 best_stats: {'best_test_epoch': 14, 'best_test_valid/acc': 87.848, 'best_test_valid/acc_unbiased': 87.963, 'best_test_valid/diff': 3.022, 'best_test_valid/acc_skew': 86.452, 'best_test_valid/acc_align': 89.474, 'best_test_test/acc': 86.414, 'best_test_test/acc_unbiased': 86.495, 'best_test_test/diff': 3.408, 'best_test_test/acc_skew': 84.792, 'best_test_test/acc_align': 88.199}
[18 / 20] Learning rate: 1e-05 weight: 0.01
[18 / 20] Loss: 4.530827871353351 CE Loss: 0.28260762036108517 Con Loss: 4.528001799241341
[18 / 20] tensor([[0.871, 0.827],
        [0.851, 0.899]]) {'epoch': 18, 'valid/acc': 87.384, 'valid/acc_unbiased': 87.561, 'valid/diff': 3.533, 'valid/acc_skew': 85.794, 'valid/acc_align': 89.328, 'test/acc': 86.245, 'test/acc_unbiased': 86.194, 'test/diff': 4.605, 'test/acc_skew': 83.891, 'test/acc_align': 88.496}
[18 / 20] best valid accuracy: 87.963 at epoch 14 
 best_stats: {'best_valid_epoch': 14, 'best_valid_valid/acc': 87.848, 'best_valid_valid/acc_unbiased': 87.963, 'best_valid_valid/diff': 3.022, 'best_valid_valid/acc_skew': 86.452, 'best_valid_valid/acc_align': 89.474, 'best_valid_test/acc': 86.414, 'best_valid_test/acc_unbiased': 86.495, 'best_valid_test/diff': 3.408, 'best_valid_test/acc_skew': 84.792, 'best_valid_test/acc_align': 88.199}
[18 / 20] best test accuracy: 86.495 at epoch 14 
 best_stats: {'best_test_epoch': 14, 'best_test_valid/acc': 87.848, 'best_test_valid/acc_unbiased': 87.963, 'best_test_valid/diff': 3.022, 'best_test_valid/acc_skew': 86.452, 'best_test_valid/acc_align': 89.474, 'best_test_test/acc': 86.414, 'best_test_test/acc_unbiased': 86.495, 'best_test_test/diff': 3.408, 'best_test_test/acc_skew': 84.792, 'best_test_test/acc_align': 88.199}
[19 / 20] Learning rate: 1e-05 weight: 0.01
[19 / 20] Loss: 4.520507910241145 CE Loss: 0.2729547114532828 Con Loss: 4.517778374265612
[19 / 20] tensor([[0.876, 0.830],
        [0.835, 0.892]]) {'epoch': 19, 'valid/acc': 87.637, 'valid/acc_unbiased': 87.752, 'valid/diff': 3.184, 'valid/acc_skew': 86.16, 'valid/acc_align': 89.344, 'test/acc': 85.949, 'test/acc_unbiased': 85.838, 'test/diff': 5.112, 'test/acc_skew': 83.282, 'test/acc_align': 88.394}
[19 / 20] best valid accuracy: 87.963 at epoch 14 
 best_stats: {'best_valid_epoch': 14, 'best_valid_valid/acc': 87.848, 'best_valid_valid/acc_unbiased': 87.963, 'best_valid_valid/diff': 3.022, 'best_valid_valid/acc_skew': 86.452, 'best_valid_valid/acc_align': 89.474, 'best_valid_test/acc': 86.414, 'best_valid_test/acc_unbiased': 86.495, 'best_valid_test/diff': 3.408, 'best_valid_test/acc_skew': 84.792, 'best_valid_test/acc_align': 88.199}
[19 / 20] best test accuracy: 86.495 at epoch 14 
 best_stats: {'best_test_epoch': 14, 'best_test_valid/acc': 87.848, 'best_test_valid/acc_unbiased': 87.963, 'best_test_valid/diff': 3.022, 'best_test_valid/acc_skew': 86.452, 'best_test_valid/acc_align': 89.474, 'best_test_test/acc': 86.414, 'best_test_test/acc_unbiased': 86.495, 'best_test_test/diff': 3.408, 'best_test_test/acc_skew': 84.792, 'best_test_test/acc_align': 88.199}
[20 / 20] Learning rate: 1e-05 weight: 0.01
[20 / 20] Loss: 4.523856758547737 CE Loss: 0.2759366458933664 Con Loss: 4.521097411522928
[20 / 20] tensor([[0.869, 0.829],
        [0.840, 0.897]]) {'epoch': 20, 'valid/acc': 87.426, 'valid/acc_unbiased': 87.608, 'valid/diff': 3.627, 'valid/acc_skew': 85.794, 'valid/acc_align': 89.422, 'test/acc': 85.992, 'test/acc_unbiased': 85.878, 'test/diff': 4.908, 'test/acc_skew': 83.424, 'test/acc_align': 88.332}
[20 / 20] best valid accuracy: 87.963 at epoch 14 
 best_stats: {'best_valid_epoch': 14, 'best_valid_valid/acc': 87.848, 'best_valid_valid/acc_unbiased': 87.963, 'best_valid_valid/diff': 3.022, 'best_valid_valid/acc_skew': 86.452, 'best_valid_valid/acc_align': 89.474, 'best_valid_test/acc': 86.414, 'best_valid_test/acc_unbiased': 86.495, 'best_valid_test/diff': 3.408, 'best_valid_test/acc_skew': 84.792, 'best_valid_test/acc_align': 88.199}
[20 / 20] best test accuracy: 86.495 at epoch 14 
 best_stats: {'best_test_epoch': 14, 'best_test_valid/acc': 87.848, 'best_test_valid/acc_unbiased': 87.963, 'best_test_valid/diff': 3.022, 'best_test_valid/acc_skew': 86.452, 'best_test_valid/acc_align': 89.474, 'best_test_test/acc': 86.414, 'best_test_test/acc_unbiased': 86.495, 'best_test_test/diff': 3.408, 'best_test_test/acc_skew': 84.792, 'best_test_test/acc_align': 88.199}
Total training time: 0:33:19
