Log level set to: INFO
Set seed: 3
=======> Using Fixed Random Seed: 3 <========
save_path: exp_results/bc-bb0-utk_face_race-uw-0.2-lr0.001-bs128-cbs64-w0.01-ratio10-aug1-seed3
get_utk_face - split: train, aug: False, given_y: True, ratio: 0
use existing biased_utk_face from data/utk_face/pickles/biased_utk_face-target_gender-bias_race-0.2
Distribution Before Sampling: 
===================================
Binary Labels Distribution: 
Binary Target 0
---------------------------
Target 0: [4407, 4423]
Target 1: [3525, 5529]
Binary Target 1
---------------------------
Target 0: [4407, 4423]
Target 1: [3525, 5529]
===================================
Normal Label Distribution: 
Target 0: [4407, 4423]
Target 1: [3525, 5529]
===================================
Distribution After Sampling: 
===================================
Binary Labels Distribution: 
Binary Target 0
---------------------------
Target 0: [4407, 4423]
Target 1: [3525, 5529]
Binary Target 1
---------------------------
Target 0: [4407, 4423]
Target 1: [3525, 5529]
===================================
Normal Label Distribution: 
Target 0: [4407, 4423]
Target 1: [3525, 5529]
===================================
Use BiasedUTKFace - target_attr: gender
BiasedUTKFace -- total: 17884, target_attr: gender, bias_attr: race bias_rate: 0.2
['[train] target_0-bias_0: 4407', '[train] target_0-bias_1: 4423', '[train] target_1-bias_0: 3525', '[train] target_1-bias_1: 5529']
confusion_matrix - 
 original: tensor([[4407., 3525.],
        [4423., 5529.]]), 
 normalized: tensor([[0.556, 0.444],
        [0.444, 0.556]]), 
 b|y: tensor([[0.499, 0.501],
        [0.389, 0.611]])
get_utk_face - split: train, aug: 1, given_y: True, ratio: 10
use existing biased_utk_face from data/utk_face/pickles/biased_utk_face-target_gender-bias_race-0.2
Distribution Before Sampling: 
===================================
Binary Labels Distribution: 
Binary Target 0
---------------------------
Target 0: [4407, 4423]
Target 1: [3525, 5529]
Binary Target 1
---------------------------
Target 0: [4407, 4423]
Target 1: [3525, 5529]
===================================
Normal Label Distribution: 
Target 0: [4407, 4423]
Target 1: [3525, 5529]
===================================
Distribution After Sampling: 
===================================
Binary Labels Distribution: 
Binary Target 0
---------------------------
Target 0: [4407, 4423]
Target 1: [3525, 5529]
Binary Target 1
---------------------------
Target 0: [4407, 4423]
Target 1: [3525, 5529]
===================================
Normal Label Distribution: 
Target 0: [4407, 4423]
Target 1: [3525, 5529]
===================================
Use BiasedUTKFace - target_attr: gender
BiasedUTKFace -- total: 17884, target_attr: gender, bias_attr: race bias_rate: 0.2
['[train] target_0-bias_0: 4407', '[train] target_0-bias_1: 4423', '[train] target_1-bias_0: 3525', '[train] target_1-bias_1: 5529']
get_utk_face - split: valid, aug: False, given_y: True, ratio: 0
use existing biased_utk_face from data/utk_face/pickles/biased_utk_face-target_gender-bias_race-0.2
Distribution Before Sampling: 
===================================
Binary Labels Distribution: 
Binary Target 0
---------------------------
Target 0: [583, 684]
Target 1: [457, 646]
Binary Target 1
---------------------------
Target 0: [583, 684]
Target 1: [457, 646]
===================================
Normal Label Distribution: 
Target 0: [583, 684]
Target 1: [457, 646]
===================================
Use BiasedUTKFace - target_attr: gender
BiasedUTKFace -- total: 2370, target_attr: gender, bias_attr: race bias_rate: 0.2
['[valid] target_0-bias_0: 583', '[valid] target_0-bias_1: 684', '[valid] target_1-bias_0: 457', '[valid] target_1-bias_1: 646']
get_utk_face - split: test, aug: False, given_y: True, ratio: 0
use existing biased_utk_face from data/utk_face/pickles/biased_utk_face-target_gender-bias_race-0.2
Distribution Before Sampling: 
===================================
Binary Labels Distribution: 
Binary Target 0
---------------------------
Target 0: [558, 677]
Target 1: [462, 673]
Binary Target 1
---------------------------
Target 0: [558, 677]
Target 1: [462, 673]
===================================
Normal Label Distribution: 
Target 0: [558, 677]
Target 1: [462, 673]
===================================
Use BiasedUTKFace - target_attr: gender
BiasedUTKFace -- total: 2370, target_attr: gender, bias_attr: race bias_rate: 0.2
['[test] target_0-bias_0: 558', '[test] target_0-bias_1: 677', '[test] target_1-bias_0: 462', '[test] target_1-bias_1: 673']
decay_epochs: [6, 13]
[1 / 20] Learning rate: 0.001 weight: 0.01
[1 / 20] Loss: 4.863912857664002 CE Loss: 2.1508979912013237 Con Loss: 4.842403875371002
[1 / 20] tensor([[0.792, 0.789],
        [0.825, 0.847]]) {'epoch': 1, 'valid/acc': 81.308, 'valid/acc_unbiased': 81.772, 'valid/diff': 3.95, 'valid/acc_skew': 82.499, 'valid/acc_align': 81.046, 'test/acc': 81.308, 'test/acc_unbiased': 81.313, 'test/diff': 1.281, 'test/acc_skew': 80.84, 'test/acc_align': 81.786}
[1 / 20] best valid accuracy: 81.772 at epoch 1 
 best_stats: {'best_valid_epoch': 1, 'best_valid_valid/acc': 81.308, 'best_valid_valid/acc_unbiased': 81.772, 'best_valid_valid/diff': 3.95, 'best_valid_valid/acc_skew': 82.499, 'best_valid_valid/acc_align': 81.046, 'best_valid_test/acc': 81.308, 'best_valid_test/acc_unbiased': 81.313, 'best_valid_test/diff': 1.281, 'best_valid_test/acc_skew': 80.84, 'best_valid_test/acc_align': 81.786}
[1 / 20] best test accuracy: 81.313 at epoch 1 
 best_stats: {'best_test_epoch': 1, 'best_test_valid/acc': 81.308, 'best_test_valid/acc_unbiased': 81.772, 'best_test_valid/diff': 3.95, 'best_test_valid/acc_skew': 82.499, 'best_test_valid/acc_align': 81.046, 'best_test_test/acc': 81.308, 'best_test_test/acc_unbiased': 81.313, 'best_test_test/diff': 1.281, 'best_test_test/acc_skew': 80.84, 'best_test_test/acc_align': 81.786}
[2 / 20] Learning rate: 0.001 weight: 0.01
[2 / 20] Loss: 4.760326493002376 CE Loss: 1.7287367026402203 Con Loss: 4.743039108554513
[2 / 20] tensor([[0.871, 0.848],
        [0.812, 0.841]]) {'epoch': 2, 'valid/acc': 84.388, 'valid/acc_unbiased': 84.359, 'valid/diff': 2.035, 'valid/acc_skew': 85.377, 'valid/acc_align': 83.342, 'test/acc': 84.43, 'test/acc_unbiased': 84.288, 'test/diff': 2.622, 'test/acc_skew': 84.133, 'test/acc_align': 84.443}
[2 / 20] best valid accuracy: 84.359 at epoch 2 
 best_stats: {'best_valid_epoch': 2, 'best_valid_valid/acc': 84.388, 'best_valid_valid/acc_unbiased': 84.359, 'best_valid_valid/diff': 2.035, 'best_valid_valid/acc_skew': 85.377, 'best_valid_valid/acc_align': 83.342, 'best_valid_test/acc': 84.43, 'best_valid_test/acc_unbiased': 84.288, 'best_valid_test/diff': 2.622, 'best_valid_test/acc_skew': 84.133, 'best_valid_test/acc_align': 84.443}
[2 / 20] best test accuracy: 84.288 at epoch 2 
 best_stats: {'best_test_epoch': 2, 'best_test_valid/acc': 84.388, 'best_test_valid/acc_unbiased': 84.359, 'best_test_valid/diff': 2.035, 'best_test_valid/acc_skew': 85.377, 'best_test_valid/acc_align': 83.342, 'best_test_test/acc': 84.43, 'best_test_test/acc_unbiased': 84.288, 'best_test_test/diff': 2.622, 'best_test_test/acc_skew': 84.133, 'best_test_test/acc_align': 84.443}
[3 / 20] Learning rate: 0.001 weight: 0.01
[3 / 20] Loss: 4.742310551502805 CE Loss: 1.6660901431508364 Con Loss: 4.7256496634640115
[3 / 20] tensor([[0.858, 0.855],
        [0.814, 0.828]]) {'epoch': 3, 'valid/acc': 84.051, 'valid/acc_unbiased': 84.141, 'valid/diff': 3.955, 'valid/acc_skew': 86.119, 'valid/acc_align': 82.164, 'test/acc': 84.008, 'test/acc_unbiased': 83.879, 'test/diff': 0.848, 'test/acc_skew': 83.614, 'test/acc_align': 84.144}
[3 / 20] best valid accuracy: 84.359 at epoch 2 
 best_stats: {'best_valid_epoch': 2, 'best_valid_valid/acc': 84.388, 'best_valid_valid/acc_unbiased': 84.359, 'best_valid_valid/diff': 2.035, 'best_valid_valid/acc_skew': 85.377, 'best_valid_valid/acc_align': 83.342, 'best_valid_test/acc': 84.43, 'best_valid_test/acc_unbiased': 84.288, 'best_valid_test/diff': 2.622, 'best_valid_test/acc_skew': 84.133, 'best_valid_test/acc_align': 84.443}
[3 / 20] best test accuracy: 84.288 at epoch 2 
 best_stats: {'best_test_epoch': 2, 'best_test_valid/acc': 84.388, 'best_test_valid/acc_unbiased': 84.359, 'best_test_valid/diff': 2.035, 'best_test_valid/acc_skew': 85.377, 'best_test_valid/acc_align': 83.342, 'best_test_test/acc': 84.43, 'best_test_test/acc_unbiased': 84.288, 'best_test_test/diff': 2.622, 'best_test_test/acc_skew': 84.133, 'best_test_test/acc_align': 84.443}
[4 / 20] Learning rate: 0.001 weight: 0.01
[4 / 20] Loss: 4.721484633159702 CE Loss: 1.6273784175118566 Con Loss: 4.705210858291493
[4 / 20] tensor([[0.833, 0.808],
        [0.879, 0.892]]) {'epoch': 4, 'valid/acc': 85.105, 'valid/acc_unbiased': 85.426, 'valid/diff': 2.053, 'valid/acc_skew': 86.453, 'valid/acc_align': 84.4, 'test/acc': 85.148, 'test/acc_unbiased': 85.291, 'test/diff': 1.905, 'test/acc_skew': 85.606, 'test/acc_align': 84.975}
[4 / 20] best valid accuracy: 85.426 at epoch 4 
 best_stats: {'best_valid_epoch': 4, 'best_valid_valid/acc': 85.105, 'best_valid_valid/acc_unbiased': 85.426, 'best_valid_valid/diff': 2.053, 'best_valid_valid/acc_skew': 86.453, 'best_valid_valid/acc_align': 84.4, 'best_valid_test/acc': 85.148, 'best_valid_test/acc_unbiased': 85.291, 'best_valid_test/diff': 1.905, 'best_valid_test/acc_skew': 85.606, 'best_valid_test/acc_align': 84.975}
[4 / 20] best test accuracy: 85.291 at epoch 4 
 best_stats: {'best_test_epoch': 4, 'best_test_valid/acc': 85.105, 'best_test_valid/acc_unbiased': 85.426, 'best_test_valid/diff': 2.053, 'best_test_valid/acc_skew': 86.453, 'best_test_valid/acc_align': 84.4, 'best_test_test/acc': 85.148, 'best_test_test/acc_unbiased': 85.291, 'best_test_test/diff': 1.905, 'best_test_test/acc_skew': 85.606, 'best_test_test/acc_align': 84.975}
[5 / 20] Learning rate: 0.001 weight: 0.01
[5 / 20] Loss: 4.707552336814605 CE Loss: 1.518917588040056 Con Loss: 4.692363154565533
[5 / 20] tensor([[0.898, 0.892],
        [0.807, 0.816]]) {'epoch': 5, 'valid/acc': 84.768, 'valid/acc_unbiased': 84.612, 'valid/diff': 2.79, 'valid/acc_skew': 86.007, 'valid/acc_align': 83.217, 'test/acc': 85.527, 'test/acc_unbiased': 85.328, 'test/diff': 0.703, 'test/acc_skew': 85.26, 'test/acc_align': 85.396}
[5 / 20] best valid accuracy: 85.426 at epoch 4 
 best_stats: {'best_valid_epoch': 4, 'best_valid_valid/acc': 85.105, 'best_valid_valid/acc_unbiased': 85.426, 'best_valid_valid/diff': 2.053, 'best_valid_valid/acc_skew': 86.453, 'best_valid_valid/acc_align': 84.4, 'best_valid_test/acc': 85.148, 'best_valid_test/acc_unbiased': 85.291, 'best_valid_test/diff': 1.905, 'best_valid_test/acc_skew': 85.606, 'best_valid_test/acc_align': 84.975}
[5 / 20] best test accuracy: 85.328 at epoch 5 
 best_stats: {'best_test_epoch': 5, 'best_test_valid/acc': 84.768, 'best_test_valid/acc_unbiased': 84.612, 'best_test_valid/diff': 2.79, 'best_test_valid/acc_skew': 86.007, 'best_test_valid/acc_align': 83.217, 'best_test_test/acc': 85.527, 'best_test_test/acc_unbiased': 85.328, 'best_test_test/diff': 0.703, 'best_test_test/acc_skew': 85.26, 'best_test_test/acc_align': 85.396}
[6 / 20] Learning rate: 0.001 weight: 0.01
[6 / 20] Loss: 4.706146184882444 CE Loss: 1.4923353681252909 Con Loss: 4.691222827564121
[6 / 20] tensor([[0.884, 0.871],
        [0.797, 0.765]]) {'epoch': 6, 'valid/acc': 83.122, 'valid/acc_unbiased': 82.906, 'valid/diff': 3.186, 'valid/acc_skew': 84.499, 'valid/acc_align': 81.312, 'test/acc': 82.954, 'test/acc_unbiased': 82.919, 'test/diff': 2.166, 'test/acc_skew': 84.002, 'test/acc_align': 81.836}
[6 / 20] best valid accuracy: 85.426 at epoch 4 
 best_stats: {'best_valid_epoch': 4, 'best_valid_valid/acc': 85.105, 'best_valid_valid/acc_unbiased': 85.426, 'best_valid_valid/diff': 2.053, 'best_valid_valid/acc_skew': 86.453, 'best_valid_valid/acc_align': 84.4, 'best_valid_test/acc': 85.148, 'best_valid_test/acc_unbiased': 85.291, 'best_valid_test/diff': 1.905, 'best_valid_test/acc_skew': 85.606, 'best_valid_test/acc_align': 84.975}
[6 / 20] best test accuracy: 85.328 at epoch 5 
 best_stats: {'best_test_epoch': 5, 'best_test_valid/acc': 84.768, 'best_test_valid/acc_unbiased': 84.612, 'best_test_valid/diff': 2.79, 'best_test_valid/acc_skew': 86.007, 'best_test_valid/acc_align': 83.217, 'best_test_test/acc': 85.527, 'best_test_test/acc_unbiased': 85.328, 'best_test_test/diff': 0.703, 'best_test_test/acc_skew': 85.26, 'best_test_test/acc_align': 85.396}
[7 / 20] Learning rate: 0.0001 weight: 0.01
[7 / 20] Loss: 4.664604656383299 CE Loss: 1.3812069728640575 Con Loss: 4.650792562143031
[7 / 20] tensor([[0.858, 0.851],
        [0.868, 0.899]]) {'epoch': 7, 'valid/acc': 87.679, 'valid/acc_unbiased': 87.908, 'valid/diff': 1.615, 'valid/acc_skew': 88.715, 'valid/acc_align': 87.1, 'test/acc': 86.962, 'test/acc_unbiased': 86.904, 'test/diff': 1.93, 'test/acc_skew': 86.319, 'test/acc_align': 87.489}
[7 / 20] best valid accuracy: 87.908 at epoch 7 
 best_stats: {'best_valid_epoch': 7, 'best_valid_valid/acc': 87.679, 'best_valid_valid/acc_unbiased': 87.908, 'best_valid_valid/diff': 1.615, 'best_valid_valid/acc_skew': 88.715, 'best_valid_valid/acc_align': 87.1, 'best_valid_test/acc': 86.962, 'best_valid_test/acc_unbiased': 86.904, 'best_valid_test/diff': 1.93, 'best_valid_test/acc_skew': 86.319, 'best_valid_test/acc_align': 87.489}
[7 / 20] best test accuracy: 86.904 at epoch 7 
 best_stats: {'best_test_epoch': 7, 'best_test_valid/acc': 87.679, 'best_test_valid/acc_unbiased': 87.908, 'best_test_valid/diff': 1.615, 'best_test_valid/acc_skew': 88.715, 'best_test_valid/acc_align': 87.1, 'best_test_test/acc': 86.962, 'best_test_test/acc_unbiased': 86.904, 'best_test_test/diff': 1.93, 'best_test_test/acc_skew': 86.319, 'best_test_test/acc_align': 87.489}
[8 / 20] Learning rate: 0.0001 weight: 0.01
[8 / 20] Loss: 4.647638647275279 CE Loss: 1.3016961325044147 Con Loss: 4.634621699100052
[8 / 20] tensor([[0.887, 0.860],
        [0.861, 0.868]]) {'epoch': 8, 'valid/acc': 88.228, 'valid/acc_unbiased': 88.377, 'valid/diff': 2.374, 'valid/acc_skew': 89.564, 'valid/acc_align': 87.19, 'test/acc': 86.878, 'test/acc_unbiased': 86.9, 'test/diff': 1.685, 'test/acc_skew': 87.428, 'test/acc_align': 86.372}
[8 / 20] best valid accuracy: 88.377 at epoch 8 
 best_stats: {'best_valid_epoch': 8, 'best_valid_valid/acc': 88.228, 'best_valid_valid/acc_unbiased': 88.377, 'best_valid_valid/diff': 2.374, 'best_valid_valid/acc_skew': 89.564, 'best_valid_valid/acc_align': 87.19, 'best_valid_test/acc': 86.878, 'best_valid_test/acc_unbiased': 86.9, 'best_valid_test/diff': 1.685, 'best_valid_test/acc_skew': 87.428, 'best_valid_test/acc_align': 86.372}
[8 / 20] best test accuracy: 86.904 at epoch 7 
 best_stats: {'best_test_epoch': 7, 'best_test_valid/acc': 87.679, 'best_test_valid/acc_unbiased': 87.908, 'best_test_valid/diff': 1.615, 'best_test_valid/acc_skew': 88.715, 'best_test_valid/acc_align': 87.1, 'best_test_test/acc': 86.962, 'best_test_test/acc_unbiased': 86.904, 'best_test_test/diff': 1.93, 'best_test_test/acc_skew': 86.319, 'best_test_test/acc_align': 87.489}
[9 / 20] Learning rate: 0.0001 weight: 0.01
[9 / 20] Loss: 4.631606253540988 CE Loss: 1.255855953445426 Con Loss: 4.619047694546455
[9 / 20] tensor([[0.878, 0.866],
        [0.877, 0.887]]) {'epoch': 9, 'valid/acc': 88.692, 'valid/acc_unbiased': 88.898, 'valid/diff': 2.942, 'valid/acc_skew': 90.368, 'valid/acc_align': 87.427, 'test/acc': 87.679, 'test/acc_unbiased': 87.685, 'test/diff': 1.15, 'test/acc_skew': 87.738, 'test/acc_align': 87.633}
[9 / 20] best valid accuracy: 88.898 at epoch 9 
 best_stats: {'best_valid_epoch': 9, 'best_valid_valid/acc': 88.692, 'best_valid_valid/acc_unbiased': 88.898, 'best_valid_valid/diff': 2.942, 'best_valid_valid/acc_skew': 90.368, 'best_valid_valid/acc_align': 87.427, 'best_valid_test/acc': 87.679, 'best_valid_test/acc_unbiased': 87.685, 'best_valid_test/diff': 1.15, 'best_valid_test/acc_skew': 87.738, 'best_valid_test/acc_align': 87.633}
[9 / 20] best test accuracy: 87.685 at epoch 9 
 best_stats: {'best_test_epoch': 9, 'best_test_valid/acc': 88.692, 'best_test_valid/acc_unbiased': 88.898, 'best_test_valid/diff': 2.942, 'best_test_valid/acc_skew': 90.368, 'best_test_valid/acc_align': 87.427, 'best_test_test/acc': 87.679, 'best_test_test/acc_unbiased': 87.685, 'best_test_test/diff': 1.15, 'best_test_test/acc_skew': 87.738, 'best_test_test/acc_align': 87.633}
[10 / 20] Learning rate: 0.0001 weight: 0.01
[10 / 20] Loss: 4.629750571616729 CE Loss: 1.2254284838919831 Con Loss: 4.617496283788645
[10 / 20] tensor([[0.889, 0.891],
        [0.859, 0.859]]) {'epoch': 10, 'valid/acc': 88.608, 'valid/acc_unbiased': 88.696, 'valid/diff': 2.624, 'valid/acc_skew': 90.008, 'valid/acc_align': 87.384, 'test/acc': 87.511, 'test/acc_unbiased': 87.443, 'test/diff': 0.114, 'test/acc_skew': 87.41, 'test/acc_align': 87.477}
[10 / 20] best valid accuracy: 88.898 at epoch 9 
 best_stats: {'best_valid_epoch': 9, 'best_valid_valid/acc': 88.692, 'best_valid_valid/acc_unbiased': 88.898, 'best_valid_valid/diff': 2.942, 'best_valid_valid/acc_skew': 90.368, 'best_valid_valid/acc_align': 87.427, 'best_valid_test/acc': 87.679, 'best_valid_test/acc_unbiased': 87.685, 'best_valid_test/diff': 1.15, 'best_valid_test/acc_skew': 87.738, 'best_valid_test/acc_align': 87.633}
[10 / 20] best test accuracy: 87.685 at epoch 9 
 best_stats: {'best_test_epoch': 9, 'best_test_valid/acc': 88.692, 'best_test_valid/acc_unbiased': 88.898, 'best_test_valid/diff': 2.942, 'best_test_valid/acc_skew': 90.368, 'best_test_valid/acc_align': 87.427, 'best_test_test/acc': 87.679, 'best_test_test/acc_unbiased': 87.685, 'best_test_test/diff': 1.15, 'best_test_test/acc_skew': 87.738, 'best_test_test/acc_align': 87.633}
[11 / 20] Learning rate: 0.0001 weight: 0.01
[11 / 20] Loss: 4.616144083671936 CE Loss: 1.1988120351000884 Con Loss: 4.6041559401947065
[11 / 20] tensor([[0.875, 0.854],
        [0.896, 0.899]]) {'epoch': 11, 'valid/acc': 88.228, 'valid/acc_unbiased': 88.521, 'valid/diff': 3.151, 'valid/acc_skew': 90.096, 'valid/acc_align': 86.945, 'test/acc': 87.975, 'test/acc_unbiased': 88.085, 'test/diff': 1.182, 'test/acc_skew': 88.533, 'test/acc_align': 87.636}
[11 / 20] best valid accuracy: 88.898 at epoch 9 
 best_stats: {'best_valid_epoch': 9, 'best_valid_valid/acc': 88.692, 'best_valid_valid/acc_unbiased': 88.898, 'best_valid_valid/diff': 2.942, 'best_valid_valid/acc_skew': 90.368, 'best_valid_valid/acc_align': 87.427, 'best_valid_test/acc': 87.679, 'best_valid_test/acc_unbiased': 87.685, 'best_valid_test/diff': 1.15, 'best_valid_test/acc_skew': 87.738, 'best_valid_test/acc_align': 87.633}
[11 / 20] best test accuracy: 88.085 at epoch 11 
 best_stats: {'best_test_epoch': 11, 'best_test_valid/acc': 88.228, 'best_test_valid/acc_unbiased': 88.521, 'best_test_valid/diff': 3.151, 'best_test_valid/acc_skew': 90.096, 'best_test_valid/acc_align': 86.945, 'best_test_test/acc': 87.975, 'best_test_test/acc_unbiased': 88.085, 'best_test_test/diff': 1.182, 'best_test_test/acc_skew': 88.533, 'best_test_test/acc_align': 87.636}
[12 / 20] Learning rate: 0.0001 weight: 0.01
[12 / 20] Loss: 4.621951529068372 CE Loss: 1.1759062453794469 Con Loss: 4.610192473157091
[12 / 20] tensor([[0.866, 0.840],
        [0.918, 0.914]]) {'epoch': 12, 'valid/acc': 88.903, 'valid/acc_unbiased': 89.147, 'valid/diff': 1.307, 'valid/acc_skew': 89.801, 'valid/acc_align': 88.493, 'test/acc': 88.228, 'test/acc_unbiased': 88.441, 'test/diff': 1.452, 'test/acc_skew': 89.167, 'test/acc_align': 87.715}
[12 / 20] best valid accuracy: 89.147 at epoch 12 
 best_stats: {'best_valid_epoch': 12, 'best_valid_valid/acc': 88.903, 'best_valid_valid/acc_unbiased': 89.147, 'best_valid_valid/diff': 1.307, 'best_valid_valid/acc_skew': 89.801, 'best_valid_valid/acc_align': 88.493, 'best_valid_test/acc': 88.228, 'best_valid_test/acc_unbiased': 88.441, 'best_valid_test/diff': 1.452, 'best_valid_test/acc_skew': 89.167, 'best_valid_test/acc_align': 87.715}
[12 / 20] best test accuracy: 88.441 at epoch 12 
 best_stats: {'best_test_epoch': 12, 'best_test_valid/acc': 88.903, 'best_test_valid/acc_unbiased': 89.147, 'best_test_valid/diff': 1.307, 'best_test_valid/acc_skew': 89.801, 'best_test_valid/acc_align': 88.493, 'best_test_test/acc': 88.228, 'best_test_test/acc_unbiased': 88.441, 'best_test_test/diff': 1.452, 'best_test_test/acc_skew': 89.167, 'best_test_test/acc_align': 87.715}
[13 / 20] Learning rate: 0.0001 weight: 0.01
[13 / 20] Loss: 4.617819485315619 CE Loss: 1.17239724475248 Con Loss: 4.606095523808632
[13 / 20] tensor([[0.862, 0.846],
        [0.894, 0.914]]) {'epoch': 13, 'valid/acc': 88.945, 'valid/acc_unbiased': 89.299, 'valid/diff': 2.66, 'valid/acc_skew': 90.629, 'valid/acc_align': 87.969, 'test/acc': 87.848, 'test/acc_unbiased': 87.904, 'test/diff': 1.775, 'test/acc_skew': 87.797, 'test/acc_align': 88.01}
[13 / 20] best valid accuracy: 89.299 at epoch 13 
 best_stats: {'best_valid_epoch': 13, 'best_valid_valid/acc': 88.945, 'best_valid_valid/acc_unbiased': 89.299, 'best_valid_valid/diff': 2.66, 'best_valid_valid/acc_skew': 90.629, 'best_valid_valid/acc_align': 87.969, 'best_valid_test/acc': 87.848, 'best_valid_test/acc_unbiased': 87.904, 'best_valid_test/diff': 1.775, 'best_valid_test/acc_skew': 87.797, 'best_valid_test/acc_align': 88.01}
[13 / 20] best test accuracy: 88.441 at epoch 12 
 best_stats: {'best_test_epoch': 12, 'best_test_valid/acc': 88.903, 'best_test_valid/acc_unbiased': 89.147, 'best_test_valid/diff': 1.307, 'best_test_valid/acc_skew': 89.801, 'best_test_valid/acc_align': 88.493, 'best_test_test/acc': 88.228, 'best_test_test/acc_unbiased': 88.441, 'best_test_test/diff': 1.452, 'best_test_test/acc_skew': 89.167, 'best_test_test/acc_align': 87.715}
[14 / 20] Learning rate: 1e-05 weight: 0.01
[14 / 20] Loss: 4.606218897824425 CE Loss: 1.164302888638593 Con Loss: 4.594575877052057
[14 / 20] tensor([[0.869, 0.855],
        [0.894, 0.899]]) {'epoch': 14, 'valid/acc': 88.945, 'valid/acc_unbiased': 89.14, 'valid/diff': 1.99, 'valid/acc_skew': 90.135, 'valid/acc_align': 88.145, 'test/acc': 87.848, 'test/acc_unbiased': 87.933, 'test/diff': 0.948, 'test/acc_skew': 88.156, 'test/acc_align': 87.71}
[14 / 20] best valid accuracy: 89.299 at epoch 13 
 best_stats: {'best_valid_epoch': 13, 'best_valid_valid/acc': 88.945, 'best_valid_valid/acc_unbiased': 89.299, 'best_valid_valid/diff': 2.66, 'best_valid_valid/acc_skew': 90.629, 'best_valid_valid/acc_align': 87.969, 'best_valid_test/acc': 87.848, 'best_valid_test/acc_unbiased': 87.904, 'best_valid_test/diff': 1.775, 'best_valid_test/acc_skew': 87.797, 'best_valid_test/acc_align': 88.01}
[14 / 20] best test accuracy: 88.441 at epoch 12 
 best_stats: {'best_test_epoch': 12, 'best_test_valid/acc': 88.903, 'best_test_valid/acc_unbiased': 89.147, 'best_test_valid/diff': 1.307, 'best_test_valid/acc_skew': 89.801, 'best_test_valid/acc_align': 88.493, 'best_test_test/acc': 88.228, 'best_test_test/acc_unbiased': 88.441, 'best_test_test/diff': 1.452, 'best_test_test/acc_skew': 89.167, 'best_test_test/acc_align': 87.715}
[15 / 20] Learning rate: 1e-05 weight: 0.01
[15 / 20] Loss: 4.6044819639236225 CE Loss: 1.1439951547331737 Con Loss: 4.593042005924164
[15 / 20] tensor([[0.876, 0.867],
        [0.890, 0.892]]) {'epoch': 15, 'valid/acc': 88.65, 'valid/acc_unbiased': 88.84, 'valid/diff': 2.371, 'valid/acc_skew': 90.025, 'valid/acc_align': 87.655, 'test/acc': 88.059, 'test/acc_unbiased': 88.114, 'test/diff': 0.56, 'test/acc_skew': 88.298, 'test/acc_align': 87.93}
[15 / 20] best valid accuracy: 89.299 at epoch 13 
 best_stats: {'best_valid_epoch': 13, 'best_valid_valid/acc': 88.945, 'best_valid_valid/acc_unbiased': 89.299, 'best_valid_valid/diff': 2.66, 'best_valid_valid/acc_skew': 90.629, 'best_valid_valid/acc_align': 87.969, 'best_valid_test/acc': 87.848, 'best_valid_test/acc_unbiased': 87.904, 'best_valid_test/diff': 1.775, 'best_valid_test/acc_skew': 87.797, 'best_valid_test/acc_align': 88.01}
[15 / 20] best test accuracy: 88.441 at epoch 12 
 best_stats: {'best_test_epoch': 12, 'best_test_valid/acc': 88.903, 'best_test_valid/acc_unbiased': 89.147, 'best_test_valid/diff': 1.307, 'best_test_valid/acc_skew': 89.801, 'best_test_valid/acc_align': 88.493, 'best_test_test/acc': 88.228, 'best_test_test/acc_unbiased': 88.441, 'best_test_test/diff': 1.452, 'best_test_test/acc_skew': 89.167, 'best_test_test/acc_align': 87.715}
[16 / 20] Learning rate: 1e-05 weight: 0.01
[16 / 20] Loss: 4.596260014382339 CE Loss: 1.130951605208953 Con Loss: 4.584950507873658
[16 / 20] tensor([[0.876, 0.867],
        [0.890, 0.892]]) {'epoch': 16, 'valid/acc': 88.734, 'valid/acc_unbiased': 88.938, 'valid/diff': 2.566, 'valid/acc_skew': 90.221, 'valid/acc_align': 87.655, 'test/acc': 88.059, 'test/acc_unbiased': 88.114, 'test/diff': 0.56, 'test/acc_skew': 88.298, 'test/acc_align': 87.93}
[16 / 20] best valid accuracy: 89.299 at epoch 13 
 best_stats: {'best_valid_epoch': 13, 'best_valid_valid/acc': 88.945, 'best_valid_valid/acc_unbiased': 89.299, 'best_valid_valid/diff': 2.66, 'best_valid_valid/acc_skew': 90.629, 'best_valid_valid/acc_align': 87.969, 'best_valid_test/acc': 87.848, 'best_valid_test/acc_unbiased': 87.904, 'best_valid_test/diff': 1.775, 'best_valid_test/acc_skew': 87.797, 'best_valid_test/acc_align': 88.01}
[16 / 20] best test accuracy: 88.441 at epoch 12 
 best_stats: {'best_test_epoch': 12, 'best_test_valid/acc': 88.903, 'best_test_valid/acc_unbiased': 89.147, 'best_test_valid/diff': 1.307, 'best_test_valid/acc_skew': 89.801, 'best_test_valid/acc_align': 88.493, 'best_test_test/acc': 88.228, 'best_test_test/acc_unbiased': 88.441, 'best_test_test/diff': 1.452, 'best_test_test/acc_skew': 89.167, 'best_test_test/acc_align': 87.715}
[17 / 20] Learning rate: 1e-05 weight: 0.01
[17 / 20] Loss: 4.588678776777929 CE Loss: 1.12612200836505 Con Loss: 4.577417562216407
[17 / 20] tensor([[0.903, 0.892],
        [0.877, 0.868]]) {'epoch': 17, 'valid/acc': 88.186, 'valid/acc_unbiased': 88.273, 'valid/diff': 2.689, 'valid/acc_skew': 89.617, 'valid/acc_align': 86.928, 'test/acc': 88.481, 'test/acc_unbiased': 88.494, 'test/diff': 0.996, 'test/acc_skew': 88.992, 'test/acc_align': 87.996}
[17 / 20] best valid accuracy: 89.299 at epoch 13 
 best_stats: {'best_valid_epoch': 13, 'best_valid_valid/acc': 88.945, 'best_valid_valid/acc_unbiased': 89.299, 'best_valid_valid/diff': 2.66, 'best_valid_valid/acc_skew': 90.629, 'best_valid_valid/acc_align': 87.969, 'best_valid_test/acc': 87.848, 'best_valid_test/acc_unbiased': 87.904, 'best_valid_test/diff': 1.775, 'best_valid_test/acc_skew': 87.797, 'best_valid_test/acc_align': 88.01}
[17 / 20] best test accuracy: 88.494 at epoch 17 
 best_stats: {'best_test_epoch': 17, 'best_test_valid/acc': 88.186, 'best_test_valid/acc_unbiased': 88.273, 'best_test_valid/diff': 2.689, 'best_test_valid/acc_skew': 89.617, 'best_test_valid/acc_align': 86.928, 'best_test_test/acc': 88.481, 'best_test_test/acc_unbiased': 88.494, 'best_test_test/diff': 0.996, 'best_test_test/acc_skew': 88.992, 'best_test_test/acc_align': 87.996}
[18 / 20] Learning rate: 1e-05 weight: 0.01
[18 / 20] Loss: 4.6075752947693625 CE Loss: 1.144258547618442 Con Loss: 4.596132728403458
[18 / 20] tensor([[0.887, 0.871],
        [0.887, 0.889]]) {'epoch': 18, 'valid/acc': 88.692, 'valid/acc_unbiased': 88.869, 'valid/diff': 2.437, 'valid/acc_skew': 90.087, 'valid/acc_align': 87.651, 'test/acc': 88.312, 'test/acc_unbiased': 88.365, 'test/diff': 0.836, 'test/acc_skew': 88.727, 'test/acc_align': 88.003}
[18 / 20] best valid accuracy: 89.299 at epoch 13 
 best_stats: {'best_valid_epoch': 13, 'best_valid_valid/acc': 88.945, 'best_valid_valid/acc_unbiased': 89.299, 'best_valid_valid/diff': 2.66, 'best_valid_valid/acc_skew': 90.629, 'best_valid_valid/acc_align': 87.969, 'best_valid_test/acc': 87.848, 'best_valid_test/acc_unbiased': 87.904, 'best_valid_test/diff': 1.775, 'best_valid_test/acc_skew': 87.797, 'best_valid_test/acc_align': 88.01}
[18 / 20] best test accuracy: 88.494 at epoch 17 
 best_stats: {'best_test_epoch': 17, 'best_test_valid/acc': 88.186, 'best_test_valid/acc_unbiased': 88.273, 'best_test_valid/diff': 2.689, 'best_test_valid/acc_skew': 89.617, 'best_test_valid/acc_align': 86.928, 'best_test_test/acc': 88.481, 'best_test_test/acc_unbiased': 88.494, 'best_test_test/diff': 0.996, 'best_test_test/acc_skew': 88.992, 'best_test_test/acc_align': 87.996}
[19 / 20] Learning rate: 1e-05 weight: 0.01
[19 / 20] Loss: 4.597312738900215 CE Loss: 1.117897882580997 Con Loss: 4.586133767710092
[19 / 20] tensor([[0.878, 0.864],
        [0.898, 0.897]]) {'epoch': 19, 'valid/acc': 88.945, 'valid/acc_unbiased': 89.149, 'valid/diff': 2.189, 'valid/acc_skew': 90.244, 'valid/acc_align': 88.055, 'test/acc': 88.354, 'test/acc_unbiased': 88.45, 'test/diff': 0.741, 'test/acc_skew': 88.82, 'test/acc_align': 88.079}
[19 / 20] best valid accuracy: 89.299 at epoch 13 
 best_stats: {'best_valid_epoch': 13, 'best_valid_valid/acc': 88.945, 'best_valid_valid/acc_unbiased': 89.299, 'best_valid_valid/diff': 2.66, 'best_valid_valid/acc_skew': 90.629, 'best_valid_valid/acc_align': 87.969, 'best_valid_test/acc': 87.848, 'best_valid_test/acc_unbiased': 87.904, 'best_valid_test/diff': 1.775, 'best_valid_test/acc_skew': 87.797, 'best_valid_test/acc_align': 88.01}
[19 / 20] best test accuracy: 88.494 at epoch 17 
 best_stats: {'best_test_epoch': 17, 'best_test_valid/acc': 88.186, 'best_test_valid/acc_unbiased': 88.273, 'best_test_valid/diff': 2.689, 'best_test_valid/acc_skew': 89.617, 'best_test_valid/acc_align': 86.928, 'best_test_test/acc': 88.481, 'best_test_test/acc_unbiased': 88.494, 'best_test_test/diff': 0.996, 'best_test_test/acc_skew': 88.992, 'best_test_test/acc_align': 87.996}
[20 / 20] Learning rate: 1e-05 weight: 0.01
[20 / 20] Loss: 4.6002853018569345 CE Loss: 1.1275663748866784 Con Loss: 4.589009647480302
[20 / 20] tensor([[0.900, 0.886],
        [0.879, 0.881]]) {'epoch': 20, 'valid/acc': 88.692, 'valid/acc_unbiased': 88.777, 'valid/diff': 2.166, 'valid/acc_skew': 89.86, 'valid/acc_align': 87.694, 'test/acc': 88.65, 'test/acc_unbiased': 88.646, 'test/diff': 0.786, 'test/acc_skew': 88.921, 'test/acc_align': 88.37}
[20 / 20] best valid accuracy: 89.299 at epoch 13 
 best_stats: {'best_valid_epoch': 13, 'best_valid_valid/acc': 88.945, 'best_valid_valid/acc_unbiased': 89.299, 'best_valid_valid/diff': 2.66, 'best_valid_valid/acc_skew': 90.629, 'best_valid_valid/acc_align': 87.969, 'best_valid_test/acc': 87.848, 'best_valid_test/acc_unbiased': 87.904, 'best_valid_test/diff': 1.775, 'best_valid_test/acc_skew': 87.797, 'best_valid_test/acc_align': 88.01}
[20 / 20] best test accuracy: 88.646 at epoch 20 
 best_stats: {'best_test_epoch': 20, 'best_test_valid/acc': 88.692, 'best_test_valid/acc_unbiased': 88.777, 'best_test_valid/diff': 2.166, 'best_test_valid/acc_skew': 89.86, 'best_test_valid/acc_align': 87.694, 'best_test_test/acc': 88.65, 'best_test_test/acc_unbiased': 88.646, 'best_test_test/diff': 0.786, 'best_test_test/acc_skew': 88.921, 'best_test_test/acc_align': 88.37}
Total training time: 1:36:44
