Log level set to: INFO
Set seed: 2
=======> Using Fixed Random Seed: 2 <========
save_path: exp_results/bc-bb0-utk_face_race-os_0.7-0.9-lr0.001-bs128-cbs64-w0.01-ratio10-aug1-seed2
get_utk_face - split: train, aug: False, given_y: True, ratio: 0
use existing biased_utk_face from data/utk_face/pickles/biased_utk_face-target_gender-bias_race-0.9
Distribution Before Sampling: 
===================================
Binary Labels Distribution: 
Binary Target 0
---------------------------
Target 0: [4407, 552]
Target 1: [440, 5529]
Binary Target 1
---------------------------
Target 0: [4407, 552]
Target 1: [440, 5529]
===================================
Normal Label Distribution: 
Target 0: [4407, 552]
Target 1: [440, 5529]
===================================
Distribution After Sampling: 
===================================
Binary Labels Distribution: 
Binary Target 0
---------------------------
Target 0: [3870, 3870]
Target 1: [3870, 3870]
Binary Target 1
---------------------------
Target 0: [3870, 3870]
Target 1: [3870, 3870]
===================================
Normal Label Distribution: 
Target 0: [3870, 3870]
Target 1: [3870, 3870]
===================================
Use BiasedUTKFace - target_attr: gender
BiasedUTKFace -- total: 15480, target_attr: gender, bias_attr: race bias_rate: 0.9
['[train] target_0-bias_0: 3870', '[train] target_0-bias_1: 3870', '[train] target_1-bias_0: 3870', '[train] target_1-bias_1: 3870']
confusion_matrix - 
 original: tensor([[3870., 3870.],
        [3870., 3870.]]), 
 normalized: tensor([[0.500, 0.500],
        [0.500, 0.500]]), 
 b|y: tensor([[0.500, 0.500],
        [0.500, 0.500]])
get_utk_face - split: train, aug: 1, given_y: True, ratio: 10
use existing biased_utk_face from data/utk_face/pickles/biased_utk_face-target_gender-bias_race-0.9
Distribution Before Sampling: 
===================================
Binary Labels Distribution: 
Binary Target 0
---------------------------
Target 0: [4407, 552]
Target 1: [440, 5529]
Binary Target 1
---------------------------
Target 0: [4407, 552]
Target 1: [440, 5529]
===================================
Normal Label Distribution: 
Target 0: [4407, 552]
Target 1: [440, 5529]
===================================
Distribution After Sampling: 
===================================
Binary Labels Distribution: 
Binary Target 0
---------------------------
Target 0: [3870, 3870]
Target 1: [3870, 3870]
Binary Target 1
---------------------------
Target 0: [3870, 3870]
Target 1: [3870, 3870]
===================================
Normal Label Distribution: 
Target 0: [3870, 3870]
Target 1: [3870, 3870]
===================================
Use BiasedUTKFace - target_attr: gender
BiasedUTKFace -- total: 15480, target_attr: gender, bias_attr: race bias_rate: 0.9
['[train] target_0-bias_0: 3870', '[train] target_0-bias_1: 3870', '[train] target_1-bias_0: 3870', '[train] target_1-bias_1: 3870']
get_utk_face - split: valid, aug: False, given_y: True, ratio: 0
use existing biased_utk_face from data/utk_face/pickles/biased_utk_face-target_gender-bias_race-0.9
Distribution Before Sampling: 
===================================
Binary Labels Distribution: 
Binary Target 0
---------------------------
Target 0: [583, 684]
Target 1: [457, 646]
Binary Target 1
---------------------------
Target 0: [583, 684]
Target 1: [457, 646]
===================================
Normal Label Distribution: 
Target 0: [583, 684]
Target 1: [457, 646]
===================================
Use BiasedUTKFace - target_attr: gender
BiasedUTKFace -- total: 2370, target_attr: gender, bias_attr: race bias_rate: 0.9
['[valid] target_0-bias_0: 583', '[valid] target_0-bias_1: 684', '[valid] target_1-bias_0: 457', '[valid] target_1-bias_1: 646']
get_utk_face - split: test, aug: False, given_y: True, ratio: 0
use existing biased_utk_face from data/utk_face/pickles/biased_utk_face-target_gender-bias_race-0.9
Distribution Before Sampling: 
===================================
Binary Labels Distribution: 
Binary Target 0
---------------------------
Target 0: [558, 677]
Target 1: [462, 673]
Binary Target 1
---------------------------
Target 0: [558, 677]
Target 1: [462, 673]
===================================
Normal Label Distribution: 
Target 0: [558, 677]
Target 1: [462, 673]
===================================
Use BiasedUTKFace - target_attr: gender
BiasedUTKFace -- total: 2370, target_attr: gender, bias_attr: race bias_rate: 0.9
['[test] target_0-bias_0: 558', '[test] target_0-bias_1: 677', '[test] target_1-bias_0: 462', '[test] target_1-bias_1: 673']
decay_epochs: [6, 13]
[1 / 20] Learning rate: 0.001 weight: 0.01
[1 / 20] Loss: 4.8463939388285 CE Loss: 0.5277700534778664 Con Loss: 4.841116227536855
[1 / 20] tensor([[0.819, 0.777],
        [0.831, 0.835]]) {'epoch': 1, 'valid/acc': 82.236, 'valid/acc_unbiased': 82.299, 'valid/diff': 2.716, 'valid/acc_skew': 82.967, 'valid/acc_align': 81.631, 'test/acc': 81.392, 'test/acc_unbiased': 81.555, 'test/diff': 2.297, 'test/acc_skew': 82.508, 'test/acc_align': 80.601}
[1 / 20] best valid accuracy: 82.299 at epoch 1 
 best_stats: {'best_valid_epoch': 1, 'best_valid_valid/acc': 82.236, 'best_valid_valid/acc_unbiased': 82.299, 'best_valid_valid/diff': 2.716, 'best_valid_valid/acc_skew': 82.967, 'best_valid_valid/acc_align': 81.631, 'best_valid_test/acc': 81.392, 'best_valid_test/acc_unbiased': 81.555, 'best_valid_test/diff': 2.297, 'best_valid_test/acc_skew': 82.508, 'best_valid_test/acc_align': 80.601}
[1 / 20] best test accuracy: 81.555 at epoch 1 
 best_stats: {'best_test_epoch': 1, 'best_test_valid/acc': 82.236, 'best_test_valid/acc_unbiased': 82.299, 'best_test_valid/diff': 2.716, 'best_test_valid/acc_skew': 82.967, 'best_test_valid/acc_align': 81.631, 'best_test_test/acc': 81.392, 'best_test_test/acc_unbiased': 81.555, 'best_test_test/diff': 2.297, 'best_test_test/acc_skew': 82.508, 'best_test_test/acc_align': 80.601}
[2 / 20] Learning rate: 0.001 weight: 0.01
[2 / 20] Loss: 4.726199898485682 CE Loss: 0.4411470581548775 Con Loss: 4.721788426579123
[2 / 20] tensor([[0.581, 0.555],
        [0.972, 0.963]]) {'epoch': 2, 'valid/acc': 75.401, 'valid/acc_unbiased': 76.806, 'valid/diff': 1.72, 'valid/acc_skew': 77.666, 'valid/acc_align': 75.946, 'test/acc': 75.823, 'test/acc_unbiased': 76.769, 'test/diff': 1.713, 'test/acc_skew': 77.625, 'test/acc_align': 75.912}
[2 / 20] best valid accuracy: 82.299 at epoch 1 
 best_stats: {'best_valid_epoch': 1, 'best_valid_valid/acc': 82.236, 'best_valid_valid/acc_unbiased': 82.299, 'best_valid_valid/diff': 2.716, 'best_valid_valid/acc_skew': 82.967, 'best_valid_valid/acc_align': 81.631, 'best_valid_test/acc': 81.392, 'best_valid_test/acc_unbiased': 81.555, 'best_valid_test/diff': 2.297, 'best_valid_test/acc_skew': 82.508, 'best_valid_test/acc_align': 80.601}
[2 / 20] best test accuracy: 81.555 at epoch 1 
 best_stats: {'best_test_epoch': 1, 'best_test_valid/acc': 82.236, 'best_test_valid/acc_unbiased': 82.299, 'best_test_valid/diff': 2.716, 'best_test_valid/acc_skew': 82.967, 'best_test_valid/acc_align': 81.631, 'best_test_test/acc': 81.392, 'best_test_test/acc_unbiased': 81.555, 'best_test_test/diff': 2.297, 'best_test_test/acc_skew': 82.508, 'best_test_test/acc_align': 80.601}
[3 / 20] Learning rate: 0.001 weight: 0.01
[3 / 20] Loss: 4.704677891792869 CE Loss: 0.40217292683069095 Con Loss: 4.700656182636586
[3 / 20] tensor([[0.701, 0.629],
        [0.935, 0.941]]) {'epoch': 3, 'valid/acc': 77.679, 'valid/acc_unbiased': 78.732, 'valid/diff': 1.152, 'valid/acc_skew': 79.308, 'valid/acc_align': 78.156, 'test/acc': 79.409, 'test/acc_unbiased': 80.14, 'test/diff': 3.848, 'test/acc_skew': 81.789, 'test/acc_align': 78.491}
[3 / 20] best valid accuracy: 82.299 at epoch 1 
 best_stats: {'best_valid_epoch': 1, 'best_valid_valid/acc': 82.236, 'best_valid_valid/acc_unbiased': 82.299, 'best_valid_valid/diff': 2.716, 'best_valid_valid/acc_skew': 82.967, 'best_valid_valid/acc_align': 81.631, 'best_valid_test/acc': 81.392, 'best_valid_test/acc_unbiased': 81.555, 'best_valid_test/diff': 2.297, 'best_valid_test/acc_skew': 82.508, 'best_valid_test/acc_align': 80.601}
[3 / 20] best test accuracy: 81.555 at epoch 1 
 best_stats: {'best_test_epoch': 1, 'best_test_valid/acc': 82.236, 'best_test_valid/acc_unbiased': 82.299, 'best_test_valid/diff': 2.716, 'best_test_valid/acc_skew': 82.967, 'best_test_valid/acc_align': 81.631, 'best_test_test/acc': 81.392, 'best_test_test/acc_unbiased': 81.555, 'best_test_test/diff': 2.297, 'best_test_test/acc_skew': 82.508, 'best_test_test/acc_align': 80.601}
[4 / 20] Learning rate: 0.001 weight: 0.01
[4 / 20] Loss: 4.677796466590822 CE Loss: 0.3751259338178068 Con Loss: 4.674045207395726
[4 / 20] tensor([[0.769, 0.681],
        [0.894, 0.920]]) {'epoch': 4, 'valid/acc': 82.489, 'valid/acc_unbiased': 83.228, 'valid/diff': 4.675, 'valid/acc_skew': 85.566, 'valid/acc_align': 80.891, 'test/acc': 81.097, 'test/acc_unbiased': 81.587, 'test/diff': 5.685, 'test/acc_skew': 83.138, 'test/acc_align': 80.035}
[4 / 20] best valid accuracy: 83.228 at epoch 4 
 best_stats: {'best_valid_epoch': 4, 'best_valid_valid/acc': 82.489, 'best_valid_valid/acc_unbiased': 83.228, 'best_valid_valid/diff': 4.675, 'best_valid_valid/acc_skew': 85.566, 'best_valid_valid/acc_align': 80.891, 'best_valid_test/acc': 81.097, 'best_valid_test/acc_unbiased': 81.587, 'best_valid_test/diff': 5.685, 'best_valid_test/acc_skew': 83.138, 'best_valid_test/acc_align': 80.035}
[4 / 20] best test accuracy: 81.587 at epoch 4 
 best_stats: {'best_test_epoch': 4, 'best_test_valid/acc': 82.489, 'best_test_valid/acc_unbiased': 83.228, 'best_test_valid/diff': 4.675, 'best_test_valid/acc_skew': 85.566, 'best_test_valid/acc_align': 80.891, 'best_test_test/acc': 81.097, 'best_test_test/acc_unbiased': 81.587, 'best_test_test/diff': 5.685, 'best_test_test/acc_skew': 83.138, 'best_test_test/acc_align': 80.035}
[5 / 20] Learning rate: 0.001 weight: 0.01
[5 / 20] Loss: 4.663929829856222 CE Loss: 0.36831778717595476 Con Loss: 4.660246605589716
[5 / 20] tensor([[0.817, 0.773],
        [0.861, 0.887]]) {'epoch': 5, 'valid/acc': 83.376, 'valid/acc_unbiased': 83.812, 'valid/diff': 3.082, 'valid/acc_skew': 85.353, 'valid/acc_align': 82.271, 'test/acc': 83.291, 'test/acc_unbiased': 83.457, 'test/diff': 3.514, 'test/acc_skew': 83.934, 'test/acc_align': 82.98}
[5 / 20] best valid accuracy: 83.812 at epoch 5 
 best_stats: {'best_valid_epoch': 5, 'best_valid_valid/acc': 83.376, 'best_valid_valid/acc_unbiased': 83.812, 'best_valid_valid/diff': 3.082, 'best_valid_valid/acc_skew': 85.353, 'best_valid_valid/acc_align': 82.271, 'best_valid_test/acc': 83.291, 'best_valid_test/acc_unbiased': 83.457, 'best_valid_test/diff': 3.514, 'best_valid_test/acc_skew': 83.934, 'best_valid_test/acc_align': 82.98}
[5 / 20] best test accuracy: 83.457 at epoch 5 
 best_stats: {'best_test_epoch': 5, 'best_test_valid/acc': 83.376, 'best_test_valid/acc_unbiased': 83.812, 'best_test_valid/diff': 3.082, 'best_test_valid/acc_skew': 85.353, 'best_test_valid/acc_align': 82.271, 'best_test_test/acc': 83.291, 'best_test_test/acc_unbiased': 83.457, 'best_test_test/diff': 3.514, 'best_test_test/acc_skew': 83.934, 'best_test_test/acc_align': 82.98}
[6 / 20] Learning rate: 0.001 weight: 0.01
[6 / 20] Loss: 4.655926262808708 CE Loss: 0.35432924515825215 Con Loss: 4.652382972382144
[6 / 20] tensor([[0.776, 0.719],
        [0.909, 0.920]]) {'epoch': 6, 'valid/acc': 83.671, 'valid/acc_unbiased': 84.23, 'valid/diff': 2.359, 'valid/acc_skew': 84.903, 'valid/acc_align': 83.557, 'test/acc': 82.658, 'test/acc_unbiased': 83.105, 'test/diff': 3.365, 'test/acc_skew': 84.254, 'test/acc_align': 81.956}
[6 / 20] best valid accuracy: 84.230 at epoch 6 
 best_stats: {'best_valid_epoch': 6, 'best_valid_valid/acc': 83.671, 'best_valid_valid/acc_unbiased': 84.23, 'best_valid_valid/diff': 2.359, 'best_valid_valid/acc_skew': 84.903, 'best_valid_valid/acc_align': 83.557, 'best_valid_test/acc': 82.658, 'best_valid_test/acc_unbiased': 83.105, 'best_valid_test/diff': 3.365, 'best_valid_test/acc_skew': 84.254, 'best_valid_test/acc_align': 81.956}
[6 / 20] best test accuracy: 83.457 at epoch 5 
 best_stats: {'best_test_epoch': 5, 'best_test_valid/acc': 83.376, 'best_test_valid/acc_unbiased': 83.812, 'best_test_valid/diff': 3.082, 'best_test_valid/acc_skew': 85.353, 'best_test_valid/acc_align': 82.271, 'best_test_test/acc': 83.291, 'best_test_test/acc_unbiased': 83.457, 'best_test_test/diff': 3.514, 'best_test_test/acc_skew': 83.934, 'best_test_test/acc_align': 82.98}
[7 / 20] Learning rate: 0.0001 weight: 0.01
[7 / 20] Loss: 4.594614261065343 CE Loss: 0.3118571728929993 Con Loss: 4.591495680993842
[7 / 20] tensor([[0.853, 0.814],
        [0.868, 0.878]]) {'epoch': 7, 'valid/acc': 86.076, 'valid/acc_unbiased': 86.297, 'valid/diff': 2.506, 'valid/acc_skew': 87.55, 'valid/acc_align': 85.045, 'test/acc': 85.19, 'test/acc_unbiased': 85.326, 'test/diff': 2.468, 'test/acc_skew': 86.051, 'test/acc_align': 84.602}
[7 / 20] best valid accuracy: 86.297 at epoch 7 
 best_stats: {'best_valid_epoch': 7, 'best_valid_valid/acc': 86.076, 'best_valid_valid/acc_unbiased': 86.297, 'best_valid_valid/diff': 2.506, 'best_valid_valid/acc_skew': 87.55, 'best_valid_valid/acc_align': 85.045, 'best_valid_test/acc': 85.19, 'best_valid_test/acc_unbiased': 85.326, 'best_valid_test/diff': 2.468, 'best_valid_test/acc_skew': 86.051, 'best_valid_test/acc_align': 84.602}
[7 / 20] best test accuracy: 85.326 at epoch 7 
 best_stats: {'best_test_epoch': 7, 'best_test_valid/acc': 86.076, 'best_test_valid/acc_unbiased': 86.297, 'best_test_valid/diff': 2.506, 'best_test_valid/acc_skew': 87.55, 'best_test_valid/acc_align': 85.045, 'best_test_test/acc': 85.19, 'best_test_test/acc_unbiased': 85.326, 'best_test_test/diff': 2.468, 'best_test_test/acc_skew': 86.051, 'best_test_test/acc_align': 84.602}
[8 / 20] Learning rate: 0.0001 weight: 0.01
[8 / 20] Loss: 4.5624137927703465 CE Loss: 0.28116251167092826 Con Loss: 4.559602174339984
[8 / 20] tensor([[0.867, 0.817],
        [0.855, 0.883]]) {'epoch': 8, 'valid/acc': 87.004, 'valid/acc_unbiased': 87.024, 'valid/diff': 3.038, 'valid/acc_skew': 87.533, 'valid/acc_align': 86.515, 'test/acc': 85.485, 'test/acc_unbiased': 85.545, 'test/diff': 3.909, 'test/acc_skew': 86.118, 'test/acc_align': 84.973}
[8 / 20] best valid accuracy: 87.024 at epoch 8 
 best_stats: {'best_valid_epoch': 8, 'best_valid_valid/acc': 87.004, 'best_valid_valid/acc_unbiased': 87.024, 'best_valid_valid/diff': 3.038, 'best_valid_valid/acc_skew': 87.533, 'best_valid_valid/acc_align': 86.515, 'best_valid_test/acc': 85.485, 'best_valid_test/acc_unbiased': 85.545, 'best_valid_test/diff': 3.909, 'best_valid_test/acc_skew': 86.118, 'best_valid_test/acc_align': 84.973}
[8 / 20] best test accuracy: 85.545 at epoch 8 
 best_stats: {'best_test_epoch': 8, 'best_test_valid/acc': 87.004, 'best_test_valid/acc_unbiased': 87.024, 'best_test_valid/diff': 3.038, 'best_test_valid/acc_skew': 87.533, 'best_test_valid/acc_align': 86.515, 'best_test_test/acc': 85.485, 'best_test_test/acc_unbiased': 85.545, 'best_test_test/diff': 3.909, 'best_test_test/acc_skew': 86.118, 'best_test_test/acc_align': 84.973}
[9 / 20] Learning rate: 0.0001 weight: 0.01
[9 / 20] Loss: 4.548356519497026 CE Loss: 0.2722571954477665 Con Loss: 4.545633928658734
[9 / 20] tensor([[0.880, 0.832],
        [0.848, 0.878]]) {'epoch': 9, 'valid/acc': 87.3, 'valid/acc_unbiased': 87.323, 'valid/diff': 2.833, 'valid/acc_skew': 88.071, 'valid/acc_align': 86.576, 'test/acc': 85.949, 'test/acc_unbiased': 85.955, 'test/diff': 3.9, 'test/acc_skew': 86.421, 'test/acc_align': 85.488}
[9 / 20] best valid accuracy: 87.323 at epoch 9 
 best_stats: {'best_valid_epoch': 9, 'best_valid_valid/acc': 87.3, 'best_valid_valid/acc_unbiased': 87.323, 'best_valid_valid/diff': 2.833, 'best_valid_valid/acc_skew': 88.071, 'best_valid_valid/acc_align': 86.576, 'best_valid_test/acc': 85.949, 'best_valid_test/acc_unbiased': 85.955, 'best_valid_test/diff': 3.9, 'best_valid_test/acc_skew': 86.421, 'best_valid_test/acc_align': 85.488}
[9 / 20] best test accuracy: 85.955 at epoch 9 
 best_stats: {'best_test_epoch': 9, 'best_test_valid/acc': 87.3, 'best_test_valid/acc_unbiased': 87.323, 'best_test_valid/diff': 2.833, 'best_test_valid/acc_skew': 88.071, 'best_test_valid/acc_align': 86.576, 'best_test_test/acc': 85.949, 'best_test_test/acc_unbiased': 85.955, 'best_test_test/diff': 3.9, 'best_test_test/acc_skew': 86.421, 'best_test_test/acc_align': 85.488}
[10 / 20] Learning rate: 0.0001 weight: 0.01
[10 / 20] Loss: 4.529218522646015 CE Loss: 0.26411849442840546 Con Loss: 4.5265773344409554
[10 / 20] tensor([[0.869, 0.829],
        [0.846, 0.892]]) {'epoch': 10, 'valid/acc': 87.468, 'valid/acc_unbiased': 87.485, 'valid/diff': 2.426, 'valid/acc_skew': 87.861, 'valid/acc_align': 87.109, 'test/acc': 85.949, 'test/acc_unbiased': 85.892, 'test/diff': 4.286, 'test/acc_skew': 85.775, 'test/acc_align': 86.009}
[10 / 20] best valid accuracy: 87.485 at epoch 10 
 best_stats: {'best_valid_epoch': 10, 'best_valid_valid/acc': 87.468, 'best_valid_valid/acc_unbiased': 87.485, 'best_valid_valid/diff': 2.426, 'best_valid_valid/acc_skew': 87.861, 'best_valid_valid/acc_align': 87.109, 'best_valid_test/acc': 85.949, 'best_valid_test/acc_unbiased': 85.892, 'best_valid_test/diff': 4.286, 'best_valid_test/acc_skew': 85.775, 'best_valid_test/acc_align': 86.009}
[10 / 20] best test accuracy: 85.955 at epoch 9 
 best_stats: {'best_test_epoch': 9, 'best_test_valid/acc': 87.3, 'best_test_valid/acc_unbiased': 87.323, 'best_test_valid/diff': 2.833, 'best_test_valid/acc_skew': 88.071, 'best_test_valid/acc_align': 86.576, 'best_test_test/acc': 85.949, 'best_test_test/acc_unbiased': 85.955, 'best_test_test/diff': 3.9, 'best_test_test/acc_skew': 86.421, 'best_test_test/acc_align': 85.488}
[11 / 20] Learning rate: 0.0001 weight: 0.01
[11 / 20] Loss: 4.523807063090401 CE Loss: 0.2554559697707494 Con Loss: 4.521252516566629
[11 / 20] tensor([[0.880, 0.833],
        [0.842, 0.899]]) {'epoch': 11, 'valid/acc': 87.089, 'valid/acc_unbiased': 87.047, 'valid/diff': 4.762, 'valid/acc_skew': 87.329, 'valid/acc_align': 86.765, 'test/acc': 86.456, 'test/acc_unbiased': 86.349, 'test/diff': 5.19, 'test/acc_skew': 86.096, 'test/acc_align': 86.602}
[11 / 20] best valid accuracy: 87.485 at epoch 10 
 best_stats: {'best_valid_epoch': 10, 'best_valid_valid/acc': 87.468, 'best_valid_valid/acc_unbiased': 87.485, 'best_valid_valid/diff': 2.426, 'best_valid_valid/acc_skew': 87.861, 'best_valid_valid/acc_align': 87.109, 'best_valid_test/acc': 85.949, 'best_valid_test/acc_unbiased': 85.892, 'best_valid_test/diff': 4.286, 'best_valid_test/acc_skew': 85.775, 'best_valid_test/acc_align': 86.009}
[11 / 20] best test accuracy: 86.349 at epoch 11 
 best_stats: {'best_test_epoch': 11, 'best_test_valid/acc': 87.089, 'best_test_valid/acc_unbiased': 87.047, 'best_test_valid/diff': 4.762, 'best_test_valid/acc_skew': 87.329, 'best_test_valid/acc_align': 86.765, 'best_test_test/acc': 86.456, 'best_test_test/acc_unbiased': 86.349, 'best_test_test/diff': 5.19, 'best_test_test/acc_skew': 86.096, 'best_test_test/acc_align': 86.602}
[12 / 20] Learning rate: 0.0001 weight: 0.01
[12 / 20] Loss: 4.5133803429221615 CE Loss: 0.255834221993922 Con Loss: 4.510822008068863
[12 / 20] tensor([[0.882, 0.829],
        [0.848, 0.890]]) {'epoch': 12, 'valid/acc': 87.089, 'valid/acc_unbiased': 87.057, 'valid/diff': 4.052, 'valid/acc_skew': 87.757, 'valid/acc_align': 86.356, 'test/acc': 86.245, 'test/acc_unbiased': 86.223, 'test/diff': 4.731, 'test/acc_skew': 86.51, 'test/acc_align': 85.935}
[12 / 20] best valid accuracy: 87.485 at epoch 10 
 best_stats: {'best_valid_epoch': 10, 'best_valid_valid/acc': 87.468, 'best_valid_valid/acc_unbiased': 87.485, 'best_valid_valid/diff': 2.426, 'best_valid_valid/acc_skew': 87.861, 'best_valid_valid/acc_align': 87.109, 'best_valid_test/acc': 85.949, 'best_valid_test/acc_unbiased': 85.892, 'best_valid_test/diff': 4.286, 'best_valid_test/acc_skew': 85.775, 'best_valid_test/acc_align': 86.009}
[12 / 20] best test accuracy: 86.349 at epoch 11 
 best_stats: {'best_test_epoch': 11, 'best_test_valid/acc': 87.089, 'best_test_valid/acc_unbiased': 87.047, 'best_test_valid/diff': 4.762, 'best_test_valid/acc_skew': 87.329, 'best_test_valid/acc_align': 86.765, 'best_test_test/acc': 86.456, 'best_test_test/acc_unbiased': 86.349, 'best_test_test/diff': 5.19, 'best_test_test/acc_skew': 86.096, 'best_test_test/acc_align': 86.602}
[13 / 20] Learning rate: 0.0001 weight: 0.01
[13 / 20] Loss: 4.504248027653658 CE Loss: 0.24940172733416546 Con Loss: 4.501754012588383
[13 / 20] tensor([[0.867, 0.829],
        [0.840, 0.902]]) {'epoch': 13, 'valid/acc': 87.342, 'valid/acc_unbiased': 87.339, 'valid/diff': 4.179, 'valid/acc_skew': 87.766, 'valid/acc_align': 86.911, 'test/acc': 86.076, 'test/acc_unbiased': 85.945, 'test/diff': 5.042, 'test/acc_skew': 85.361, 'test/acc_align': 86.529}
[13 / 20] best valid accuracy: 87.485 at epoch 10 
 best_stats: {'best_valid_epoch': 10, 'best_valid_valid/acc': 87.468, 'best_valid_valid/acc_unbiased': 87.485, 'best_valid_valid/diff': 2.426, 'best_valid_valid/acc_skew': 87.861, 'best_valid_valid/acc_align': 87.109, 'best_valid_test/acc': 85.949, 'best_valid_test/acc_unbiased': 85.892, 'best_valid_test/diff': 4.286, 'best_valid_test/acc_skew': 85.775, 'best_valid_test/acc_align': 86.009}
[13 / 20] best test accuracy: 86.349 at epoch 11 
 best_stats: {'best_test_epoch': 11, 'best_test_valid/acc': 87.089, 'best_test_valid/acc_unbiased': 87.047, 'best_test_valid/diff': 4.762, 'best_test_valid/acc_skew': 87.329, 'best_test_valid/acc_align': 86.765, 'best_test_test/acc': 86.456, 'best_test_test/acc_unbiased': 86.349, 'best_test_test/diff': 5.19, 'best_test_test/acc_skew': 86.096, 'best_test_test/acc_align': 86.602}
[14 / 20] Learning rate: 1e-05 weight: 0.01
[14 / 20] Loss: 4.479519556474316 CE Loss: 0.24472018088327205 Con Loss: 4.477072375196511
[14 / 20] tensor([[0.884, 0.845],
        [0.831, 0.892]]) {'epoch': 14, 'valid/acc': 87.553, 'valid/acc_unbiased': 87.555, 'valid/diff': 3.88, 'valid/acc_skew': 88.452, 'valid/acc_align': 86.657, 'test/acc': 86.456, 'test/acc_unbiased': 86.278, 'test/diff': 4.949, 'test/acc_skew': 85.734, 'test/acc_align': 86.822}
[14 / 20] best valid accuracy: 87.555 at epoch 14 
 best_stats: {'best_valid_epoch': 14, 'best_valid_valid/acc': 87.553, 'best_valid_valid/acc_unbiased': 87.555, 'best_valid_valid/diff': 3.88, 'best_valid_valid/acc_skew': 88.452, 'best_valid_valid/acc_align': 86.657, 'best_valid_test/acc': 86.456, 'best_valid_test/acc_unbiased': 86.278, 'best_valid_test/diff': 4.949, 'best_valid_test/acc_skew': 85.734, 'best_valid_test/acc_align': 86.822}
[14 / 20] best test accuracy: 86.349 at epoch 11 
 best_stats: {'best_test_epoch': 11, 'best_test_valid/acc': 87.089, 'best_test_valid/acc_unbiased': 87.047, 'best_test_valid/diff': 4.762, 'best_test_valid/acc_skew': 87.329, 'best_test_valid/acc_align': 86.765, 'best_test_test/acc': 86.456, 'best_test_test/acc_unbiased': 86.349, 'best_test_test/diff': 5.19, 'best_test_test/acc_skew': 86.096, 'best_test_test/acc_align': 86.602}
[15 / 20] Learning rate: 1e-05 weight: 0.01
[15 / 20] Loss: 4.4981658832047335 CE Loss: 0.23936897975221777 Con Loss: 4.495772201577514
[15 / 20] tensor([[0.866, 0.821],
        [0.848, 0.905]]) {'epoch': 15, 'valid/acc': 87.384, 'valid/acc_unbiased': 87.479, 'valid/diff': 3.366, 'valid/acc_skew': 88.189, 'valid/acc_align': 86.769, 'test/acc': 86.076, 'test/acc_unbiased': 86.006, 'test/diff': 5.037, 'test/acc_skew': 85.704, 'test/acc_align': 86.309}
[15 / 20] best valid accuracy: 87.555 at epoch 14 
 best_stats: {'best_valid_epoch': 14, 'best_valid_valid/acc': 87.553, 'best_valid_valid/acc_unbiased': 87.555, 'best_valid_valid/diff': 3.88, 'best_valid_valid/acc_skew': 88.452, 'best_valid_valid/acc_align': 86.657, 'best_valid_test/acc': 86.456, 'best_valid_test/acc_unbiased': 86.278, 'best_valid_test/diff': 4.949, 'best_valid_test/acc_skew': 85.734, 'best_valid_test/acc_align': 86.822}
[15 / 20] best test accuracy: 86.349 at epoch 11 
 best_stats: {'best_test_epoch': 11, 'best_test_valid/acc': 87.089, 'best_test_valid/acc_unbiased': 87.047, 'best_test_valid/diff': 4.762, 'best_test_valid/acc_skew': 87.329, 'best_test_valid/acc_align': 86.765, 'best_test_test/acc': 86.456, 'best_test_test/acc_unbiased': 86.349, 'best_test_test/diff': 5.19, 'best_test_test/acc_skew': 86.096, 'best_test_test/acc_align': 86.602}
[16 / 20] Learning rate: 1e-05 weight: 0.01
[16 / 20] Loss: 4.47854985205086 CE Loss: 0.23579420923262603 Con Loss: 4.476191896246386
[16 / 20] tensor([[0.894, 0.840],
        [0.827, 0.889]]) {'epoch': 16, 'valid/acc': 87.848, 'valid/acc_unbiased': 87.836, 'valid/diff': 4.004, 'valid/acc_skew': 88.795, 'valid/acc_align': 86.877, 'test/acc': 86.414, 'test/acc_unbiased': 86.253, 'test/diff': 5.776, 'test/acc_skew': 86.055, 'test/acc_align': 86.452}
[16 / 20] best valid accuracy: 87.836 at epoch 16 
 best_stats: {'best_valid_epoch': 16, 'best_valid_valid/acc': 87.848, 'best_valid_valid/acc_unbiased': 87.836, 'best_valid_valid/diff': 4.004, 'best_valid_valid/acc_skew': 88.795, 'best_valid_valid/acc_align': 86.877, 'best_valid_test/acc': 86.414, 'best_valid_test/acc_unbiased': 86.253, 'best_valid_test/diff': 5.776, 'best_valid_test/acc_skew': 86.055, 'best_valid_test/acc_align': 86.452}
[16 / 20] best test accuracy: 86.349 at epoch 11 
 best_stats: {'best_test_epoch': 11, 'best_test_valid/acc': 87.089, 'best_test_valid/acc_unbiased': 87.047, 'best_test_valid/diff': 4.762, 'best_test_valid/acc_skew': 87.329, 'best_test_valid/acc_align': 86.765, 'best_test_test/acc': 86.456, 'best_test_test/acc_unbiased': 86.349, 'best_test_test/diff': 5.19, 'best_test_test/acc_skew': 86.096, 'best_test_test/acc_align': 86.602}
[17 / 20] Learning rate: 1e-05 weight: 0.01
[17 / 20] Loss: 4.486361826174635 CE Loss: 0.2366112335938816 Con Loss: 4.4839957143601215
[17 / 20] tensor([[0.873, 0.824],
        [0.844, 0.900]]) {'epoch': 17, 'valid/acc': 87.679, 'valid/acc_unbiased': 87.75, 'valid/diff': 3.323, 'valid/acc_skew': 88.361, 'valid/acc_align': 87.139, 'test/acc': 86.118, 'test/acc_unbiased': 86.04, 'test/diff': 5.241, 'test/acc_skew': 85.846, 'test/acc_align': 86.234}
[17 / 20] best valid accuracy: 87.836 at epoch 16 
 best_stats: {'best_valid_epoch': 16, 'best_valid_valid/acc': 87.848, 'best_valid_valid/acc_unbiased': 87.836, 'best_valid_valid/diff': 4.004, 'best_valid_valid/acc_skew': 88.795, 'best_valid_valid/acc_align': 86.877, 'best_valid_test/acc': 86.414, 'best_valid_test/acc_unbiased': 86.253, 'best_valid_test/diff': 5.776, 'best_valid_test/acc_skew': 86.055, 'best_valid_test/acc_align': 86.452}
[17 / 20] best test accuracy: 86.349 at epoch 11 
 best_stats: {'best_test_epoch': 11, 'best_test_valid/acc': 87.089, 'best_test_valid/acc_unbiased': 87.047, 'best_test_valid/diff': 4.762, 'best_test_valid/acc_skew': 87.329, 'best_test_valid/acc_align': 86.765, 'best_test_test/acc': 86.456, 'best_test_test/acc_unbiased': 86.349, 'best_test_test/diff': 5.19, 'best_test_test/acc_skew': 86.096, 'best_test_test/acc_align': 86.602}
[18 / 20] Learning rate: 1e-05 weight: 0.01
[18 / 20] Loss: 4.4846470303005646 CE Loss: 0.2403685843759729 Con Loss: 4.482243337310869
[18 / 20] tensor([[0.878, 0.829],
        [0.846, 0.893]]) {'epoch': 18, 'valid/acc': 87.932, 'valid/acc_unbiased': 87.987, 'valid/diff': 3.431, 'valid/acc_skew': 88.852, 'valid/acc_align': 87.122, 'test/acc': 86.203, 'test/acc_unbiased': 86.153, 'test/diff': 4.809, 'test/acc_skew': 86.223, 'test/acc_align': 86.084}
[18 / 20] best valid accuracy: 87.987 at epoch 18 
 best_stats: {'best_valid_epoch': 18, 'best_valid_valid/acc': 87.932, 'best_valid_valid/acc_unbiased': 87.987, 'best_valid_valid/diff': 3.431, 'best_valid_valid/acc_skew': 88.852, 'best_valid_valid/acc_align': 87.122, 'best_valid_test/acc': 86.203, 'best_valid_test/acc_unbiased': 86.153, 'best_valid_test/diff': 4.809, 'best_valid_test/acc_skew': 86.223, 'best_valid_test/acc_align': 86.084}
[18 / 20] best test accuracy: 86.349 at epoch 11 
 best_stats: {'best_test_epoch': 11, 'best_test_valid/acc': 87.089, 'best_test_valid/acc_unbiased': 87.047, 'best_test_valid/diff': 4.762, 'best_test_valid/acc_skew': 87.329, 'best_test_valid/acc_align': 86.765, 'best_test_test/acc': 86.456, 'best_test_test/acc_unbiased': 86.349, 'best_test_test/diff': 5.19, 'best_test_test/acc_skew': 86.096, 'best_test_test/acc_align': 86.602}
[19 / 20] Learning rate: 1e-05 weight: 0.01
[19 / 20] Loss: 4.481289499366622 CE Loss: 0.2300685835285088 Con Loss: 4.47898879926026
[19 / 20] tensor([[0.871, 0.820],
        [0.853, 0.911]]) {'epoch': 19, 'valid/acc': 87.553, 'valid/acc_unbiased': 87.666, 'valid/diff': 3.888, 'valid/acc_skew': 88.236, 'valid/acc_align': 87.096, 'test/acc': 86.414, 'test/acc_unbiased': 86.361, 'test/diff': 5.46, 'test/acc_skew': 86.189, 'test/acc_align': 86.532}
[19 / 20] best valid accuracy: 87.987 at epoch 18 
 best_stats: {'best_valid_epoch': 18, 'best_valid_valid/acc': 87.932, 'best_valid_valid/acc_unbiased': 87.987, 'best_valid_valid/diff': 3.431, 'best_valid_valid/acc_skew': 88.852, 'best_valid_valid/acc_align': 87.122, 'best_valid_test/acc': 86.203, 'best_valid_test/acc_unbiased': 86.153, 'best_valid_test/diff': 4.809, 'best_valid_test/acc_skew': 86.223, 'best_valid_test/acc_align': 86.084}
[19 / 20] best test accuracy: 86.361 at epoch 19 
 best_stats: {'best_test_epoch': 19, 'best_test_valid/acc': 87.553, 'best_test_valid/acc_unbiased': 87.666, 'best_test_valid/diff': 3.888, 'best_test_valid/acc_skew': 88.236, 'best_test_valid/acc_align': 87.096, 'best_test_test/acc': 86.414, 'best_test_test/acc_unbiased': 86.361, 'best_test_test/diff': 5.46, 'best_test_test/acc_skew': 86.189, 'best_test_test/acc_align': 86.532}
[20 / 20] Learning rate: 1e-05 weight: 0.01
[20 / 20] Loss: 4.482334254262367 CE Loss: 0.2315101020172893 Con Loss: 4.48001916032737
[20 / 20] tensor([[0.884, 0.832],
        [0.844, 0.899]]) {'epoch': 20, 'valid/acc': 87.764, 'valid/acc_unbiased': 87.81, 'valid/diff': 3.662, 'valid/acc_skew': 88.804, 'valid/acc_align': 86.816, 'test/acc': 86.54, 'test/acc_unbiased': 86.456, 'test/diff': 5.335, 'test/acc_skew': 86.383, 'test/acc_align': 86.528}
[20 / 20] best valid accuracy: 87.987 at epoch 18 
 best_stats: {'best_valid_epoch': 18, 'best_valid_valid/acc': 87.932, 'best_valid_valid/acc_unbiased': 87.987, 'best_valid_valid/diff': 3.431, 'best_valid_valid/acc_skew': 88.852, 'best_valid_valid/acc_align': 87.122, 'best_valid_test/acc': 86.203, 'best_valid_test/acc_unbiased': 86.153, 'best_valid_test/diff': 4.809, 'best_valid_test/acc_skew': 86.223, 'best_valid_test/acc_align': 86.084}
[20 / 20] best test accuracy: 86.456 at epoch 20 
 best_stats: {'best_test_epoch': 20, 'best_test_valid/acc': 87.764, 'best_test_valid/acc_unbiased': 87.81, 'best_test_valid/diff': 3.662, 'best_test_valid/acc_skew': 88.804, 'best_test_valid/acc_align': 86.816, 'best_test_test/acc': 86.54, 'best_test_test/acc_unbiased': 86.456, 'best_test_test/diff': 5.335, 'best_test_test/acc_skew': 86.383, 'best_test_test/acc_align': 86.528}
Total training time: 0:39:16
