Log level set to: INFO
Set seed: 2
=======> Using Fixed Random Seed: 2 <========
save_path: exp_results/bc-bb0-utk_face_age-rotate_color_blur-0.9-lr0.001-bs128-cbs64-w0.01-ratio10-aug1-seed2
get_utk_face - split: train, aug: False, given_y: True, ratio: 0
use existing biased_utk_face from data/utk_face/pickles/biased_utk_face-target_gender-bias_age-0.9
Distribution Before Sampling: 
===================================
Binary Labels Distribution: 
Binary Target 0
---------------------------
Target 0: [8237, 147]
Target 1: [823, 1477]
Binary Target 1
---------------------------
Target 0: [8237, 147]
Target 1: [823, 1477]
===================================
Normal Label Distribution: 
Target 0: [8237, 147]
Target 1: [823, 1477]
===================================
Distribution After Sampling: 
===================================
Binary Labels Distribution: 
Binary Target 0
---------------------------
Target 0: [8237, 147]
Target 1: [823, 1477]
Binary Target 1
---------------------------
Target 0: [8237, 147]
Target 1: [823, 1477]
===================================
Normal Label Distribution: 
Target 0: [8237, 147]
Target 1: [823, 1477]
===================================
Use BiasedUTKFace - target_attr: gender
BiasedUTKFace -- total: 10684, target_attr: gender, bias_attr: age bias_rate: 0.9
['[train] target_0-bias_0: 8237', '[train] target_0-bias_1: 147', '[train] target_1-bias_0: 823', '[train] target_1-bias_1: 1477']
confusion_matrix - 
 original: tensor([[8237.,  823.],
        [ 147., 1477.]]), 
 normalized: tensor([[0.909, 0.091],
        [0.091, 0.909]]), 
 b|y: tensor([[0.982, 0.018],
        [0.358, 0.642]])
get_utk_face - split: train, aug: 1, given_y: True, ratio: 10
use existing biased_utk_face from data/utk_face/pickles/biased_utk_face-target_gender-bias_age-0.9
Distribution Before Sampling: 
===================================
Binary Labels Distribution: 
Binary Target 0
---------------------------
Target 0: [8237, 147]
Target 1: [823, 1477]
Binary Target 1
---------------------------
Target 0: [8237, 147]
Target 1: [823, 1477]
===================================
Normal Label Distribution: 
Target 0: [8237, 147]
Target 1: [823, 1477]
===================================
Distribution After Sampling: 
===================================
Binary Labels Distribution: 
Binary Target 0
---------------------------
Target 0: [8237, 147]
Target 1: [823, 1477]
Binary Target 1
---------------------------
Target 0: [8237, 147]
Target 1: [823, 1477]
===================================
Normal Label Distribution: 
Target 0: [8237, 147]
Target 1: [823, 1477]
===================================
Use BiasedUTKFace - target_attr: gender
BiasedUTKFace -- total: 10684, target_attr: gender, bias_attr: age bias_rate: 0.9
['[train] target_0-bias_0: 8237', '[train] target_0-bias_1: 147', '[train] target_1-bias_0: 823', '[train] target_1-bias_1: 1477']
get_utk_face - split: valid, aug: False, given_y: True, ratio: 0
use existing biased_utk_face from data/utk_face/pickles/biased_utk_face-target_gender-bias_age-0.9
Distribution Before Sampling: 
===================================
Binary Labels Distribution: 
Binary Target 0
---------------------------
Target 0: [1030, 195]
Target 1: [841, 202]
Binary Target 1
---------------------------
Target 0: [1030, 195]
Target 1: [841, 202]
===================================
Normal Label Distribution: 
Target 0: [1030, 195]
Target 1: [841, 202]
===================================
Use BiasedUTKFace - target_attr: gender
BiasedUTKFace -- total: 2268, target_attr: gender, bias_attr: age bias_rate: 0.9
['[valid] target_0-bias_0: 1030', '[valid] target_0-bias_1: 195', '[valid] target_1-bias_0: 841', '[valid] target_1-bias_1: 202']
get_utk_face - split: test, aug: False, given_y: True, ratio: 0
use existing biased_utk_face from data/utk_face/pickles/biased_utk_face-target_gender-bias_age-0.9
Distribution Before Sampling: 
===================================
Binary Labels Distribution: 
Binary Target 0
---------------------------
Target 0: [1061, 176]
Target 1: [867, 165]
Binary Target 1
---------------------------
Target 0: [1061, 176]
Target 1: [867, 165]
===================================
Normal Label Distribution: 
Target 0: [1061, 176]
Target 1: [867, 165]
===================================
Use BiasedUTKFace - target_attr: gender
BiasedUTKFace -- total: 2269, target_attr: gender, bias_attr: age bias_rate: 0.9
['[test] target_0-bias_0: 1061', '[test] target_0-bias_1: 176', '[test] target_1-bias_0: 867', '[test] target_1-bias_1: 165']
decay_epochs: [6, 13]
[1 / 20] Learning rate: 0.001 weight: 0.01
[1 / 20] Loss: 4.880175165628414 CE Loss: 0.5585580341314297 Con Loss: 4.874589592095664
[1 / 20] tensor([[1., 1.],
        [0., 0.]]) {'epoch': 1, 'valid/acc': 54.012, 'valid/acc_unbiased': 50.0, 'valid/diff': 0.0, 'valid/acc_skew': 50.0, 'valid/acc_align': 50.0, 'test/acc': 54.517, 'test/acc_unbiased': 50.0, 'test/diff': 0.0, 'test/acc_skew': 50.0, 'test/acc_align': 50.0}
[1 / 20] best valid accuracy: 50.000 at epoch 1 
 best_stats: {'best_valid_epoch': 1, 'best_valid_valid/acc': 54.012, 'best_valid_valid/acc_unbiased': 50.0, 'best_valid_valid/diff': 0.0, 'best_valid_valid/acc_skew': 50.0, 'best_valid_valid/acc_align': 50.0, 'best_valid_test/acc': 54.517, 'best_valid_test/acc_unbiased': 50.0, 'best_valid_test/diff': 0.0, 'best_valid_test/acc_skew': 50.0, 'best_valid_test/acc_align': 50.0}
[1 / 20] best test accuracy: 50.000 at epoch 1 
 best_stats: {'best_test_epoch': 1, 'best_test_valid/acc': 54.012, 'best_test_valid/acc_unbiased': 50.0, 'best_test_valid/diff': 0.0, 'best_test_valid/acc_skew': 50.0, 'best_test_valid/acc_align': 50.0, 'best_test_test/acc': 54.517, 'best_test_test/acc_unbiased': 50.0, 'best_test_test/diff': 0.0, 'best_test_test/acc_skew': 50.0, 'best_test_test/acc_align': 50.0}
[2 / 20] Learning rate: 0.001 weight: 0.01
[2 / 20] Loss: 4.706416637073604 CE Loss: 0.5369215969377045 Con Loss: 4.701047418180899
[2 / 20] tensor([[0.991, 0.977],
        [0.045, 0.055]]) {'epoch': 2, 'valid/acc': 55.732, 'valid/acc_unbiased': 52.319, 'valid/diff': 2.409, 'valid/acc_skew': 51.115, 'valid/acc_align': 53.524, 'test/acc': 56.016, 'test/acc_unbiased': 51.684, 'test/diff': 1.143, 'test/acc_skew': 51.113, 'test/acc_align': 52.256}
[2 / 20] best valid accuracy: 52.319 at epoch 2 
 best_stats: {'best_valid_epoch': 2, 'best_valid_valid/acc': 55.732, 'best_valid_valid/acc_unbiased': 52.319, 'best_valid_valid/diff': 2.409, 'best_valid_valid/acc_skew': 51.115, 'best_valid_valid/acc_align': 53.524, 'best_valid_test/acc': 56.016, 'best_valid_test/acc_unbiased': 51.684, 'best_valid_test/diff': 1.143, 'best_valid_test/acc_skew': 51.113, 'best_valid_test/acc_align': 52.256}
[2 / 20] best test accuracy: 51.684 at epoch 2 
 best_stats: {'best_test_epoch': 2, 'best_test_valid/acc': 55.732, 'best_test_valid/acc_unbiased': 52.319, 'best_test_valid/diff': 2.409, 'best_test_valid/acc_skew': 51.115, 'best_test_valid/acc_align': 53.524, 'best_test_test/acc': 56.016, 'best_test_test/acc_unbiased': 51.684, 'best_test_test/diff': 1.143, 'best_test_test/acc_skew': 51.113, 'best_test_test/acc_align': 52.256}
[3 / 20] Learning rate: 0.001 weight: 0.01
[3 / 20] Loss: 4.700446506601645 CE Loss: 0.5295896061526305 Con Loss: 4.69515057513438
[3 / 20] tensor([[0.992, 0.994],
        [0.027, 0.024]]) {'epoch': 3, 'valid/acc': 54.762, 'valid/acc_unbiased': 50.79, 'valid/diff': 1.098, 'valid/acc_skew': 50.241, 'valid/acc_align': 51.34, 'test/acc': 55.311, 'test/acc_unbiased': 50.939, 'test/diff': 0.207, 'test/acc_skew': 51.042, 'test/acc_align': 50.835}
[3 / 20] best valid accuracy: 52.319 at epoch 2 
 best_stats: {'best_valid_epoch': 2, 'best_valid_valid/acc': 55.732, 'best_valid_valid/acc_unbiased': 52.319, 'best_valid_valid/diff': 2.409, 'best_valid_valid/acc_skew': 51.115, 'best_valid_valid/acc_align': 53.524, 'best_valid_test/acc': 56.016, 'best_valid_test/acc_unbiased': 51.684, 'best_valid_test/diff': 1.143, 'best_valid_test/acc_skew': 51.113, 'best_valid_test/acc_align': 52.256}
[3 / 20] best test accuracy: 51.684 at epoch 2 
 best_stats: {'best_test_epoch': 2, 'best_test_valid/acc': 55.732, 'best_test_valid/acc_unbiased': 52.319, 'best_test_valid/diff': 2.409, 'best_test_valid/acc_skew': 51.115, 'best_test_valid/acc_align': 53.524, 'best_test_test/acc': 56.016, 'best_test_test/acc_unbiased': 51.684, 'best_test_test/diff': 1.143, 'best_test_test/acc_skew': 51.113, 'best_test_test/acc_align': 52.256}
[4 / 20] Learning rate: 0.001 weight: 0.01
[4 / 20] Loss: 4.648585117430064 CE Loss: 0.5228529354241491 Con Loss: 4.643356569962124
[4 / 20] tensor([[0.997, 1.000],
        [0.028, 0.012]]) {'epoch': 4, 'valid/acc': 54.497, 'valid/acc_unbiased': 50.138, 'valid/diff': 1.336, 'valid/acc_skew': 49.926, 'valid/acc_align': 50.349, 'test/acc': 55.531, 'test/acc_unbiased': 50.924, 'test/diff': 0.919, 'test/acc_skew': 51.384, 'test/acc_align': 50.465}
[4 / 20] best valid accuracy: 52.319 at epoch 2 
 best_stats: {'best_valid_epoch': 2, 'best_valid_valid/acc': 55.732, 'best_valid_valid/acc_unbiased': 52.319, 'best_valid_valid/diff': 2.409, 'best_valid_valid/acc_skew': 51.115, 'best_valid_valid/acc_align': 53.524, 'best_valid_test/acc': 56.016, 'best_valid_test/acc_unbiased': 51.684, 'best_valid_test/diff': 1.143, 'best_valid_test/acc_skew': 51.113, 'best_valid_test/acc_align': 52.256}
[4 / 20] best test accuracy: 51.684 at epoch 2 
 best_stats: {'best_test_epoch': 2, 'best_test_valid/acc': 55.732, 'best_test_valid/acc_unbiased': 52.319, 'best_test_valid/diff': 2.409, 'best_test_valid/acc_skew': 51.115, 'best_test_valid/acc_align': 53.524, 'best_test_test/acc': 56.016, 'best_test_test/acc_unbiased': 51.684, 'best_test_test/diff': 1.143, 'best_test_test/acc_skew': 51.113, 'best_test_test/acc_align': 52.256}
[5 / 20] Learning rate: 0.001 weight: 0.01
[5 / 20] Loss: 4.64095003691473 CE Loss: 0.5101654889743367 Con Loss: 4.635848382223594
[5 / 20] tensor([[0.995, 0.994],
        [0.058, 0.018]]) {'epoch': 5, 'valid/acc': 56.217, 'valid/acc_unbiased': 51.499, 'valid/diff': 3.034, 'valid/acc_skew': 52.698, 'valid/acc_align': 50.301, 'test/acc': 56.589, 'test/acc_unbiased': 51.636, 'test/diff': 2.023, 'test/acc_skew': 52.599, 'test/acc_align': 50.673}
[5 / 20] best valid accuracy: 52.319 at epoch 2 
 best_stats: {'best_valid_epoch': 2, 'best_valid_valid/acc': 55.732, 'best_valid_valid/acc_unbiased': 52.319, 'best_valid_valid/diff': 2.409, 'best_valid_valid/acc_skew': 51.115, 'best_valid_valid/acc_align': 53.524, 'best_valid_test/acc': 56.016, 'best_valid_test/acc_unbiased': 51.684, 'best_valid_test/diff': 1.143, 'best_valid_test/acc_skew': 51.113, 'best_valid_test/acc_align': 52.256}
[5 / 20] best test accuracy: 51.684 at epoch 2 
 best_stats: {'best_test_epoch': 2, 'best_test_valid/acc': 55.732, 'best_test_valid/acc_unbiased': 52.319, 'best_test_valid/diff': 2.409, 'best_test_valid/acc_skew': 51.115, 'best_test_valid/acc_align': 53.524, 'best_test_test/acc': 56.016, 'best_test_test/acc_unbiased': 51.684, 'best_test_test/diff': 1.143, 'best_test_test/acc_skew': 51.113, 'best_test_test/acc_align': 52.256}
[6 / 20] Learning rate: 0.001 weight: 0.01
[6 / 20] Loss: 4.621126696573398 CE Loss: 0.5015033531260374 Con Loss: 4.616111668072939
[6 / 20] tensor([[0.999, 1.000],
        [0.075, 0.030]]) {'epoch': 6, 'valid/acc': 56.834, 'valid/acc_unbiased': 52.29, 'valid/diff': 2.793, 'valid/acc_skew': 53.686, 'valid/acc_align': 50.893, 'test/acc': 57.558, 'test/acc_unbiased': 52.608, 'test/diff': 2.281, 'test/acc_skew': 53.749, 'test/acc_align': 51.468}
[6 / 20] best valid accuracy: 52.319 at epoch 2 
 best_stats: {'best_valid_epoch': 2, 'best_valid_valid/acc': 55.732, 'best_valid_valid/acc_unbiased': 52.319, 'best_valid_valid/diff': 2.409, 'best_valid_valid/acc_skew': 51.115, 'best_valid_valid/acc_align': 53.524, 'best_valid_test/acc': 56.016, 'best_valid_test/acc_unbiased': 51.684, 'best_valid_test/diff': 1.143, 'best_valid_test/acc_skew': 51.113, 'best_valid_test/acc_align': 52.256}
[6 / 20] best test accuracy: 52.608 at epoch 6 
 best_stats: {'best_test_epoch': 6, 'best_test_valid/acc': 56.834, 'best_test_valid/acc_unbiased': 52.29, 'best_test_valid/diff': 2.793, 'best_test_valid/acc_skew': 53.686, 'best_test_valid/acc_align': 50.893, 'best_test_test/acc': 57.558, 'best_test_test/acc_unbiased': 52.608, 'best_test_test/diff': 2.281, 'best_test_test/acc_skew': 53.749, 'best_test_test/acc_align': 51.468}
[7 / 20] Learning rate: 0.0001 weight: 0.01
[7 / 20] Loss: 4.556701259905816 CE Loss: 0.4886393381365673 Con Loss: 4.551814843902245
[7 / 20] tensor([[0.988, 0.977],
        [0.193, 0.097]]) {'epoch': 7, 'valid/acc': 60.802, 'valid/acc_unbiased': 55.668, 'valid/diff': 6.016, 'valid/acc_skew': 57.658, 'valid/acc_align': 53.679, 'test/acc': 61.833, 'test/acc_unbiased': 56.365, 'test/diff': 5.306, 'test/acc_skew': 58.495, 'test/acc_align': 54.236}
[7 / 20] best valid accuracy: 55.668 at epoch 7 
 best_stats: {'best_valid_epoch': 7, 'best_valid_valid/acc': 60.802, 'best_valid_valid/acc_unbiased': 55.668, 'best_valid_valid/diff': 6.016, 'best_valid_valid/acc_skew': 57.658, 'best_valid_valid/acc_align': 53.679, 'best_valid_test/acc': 61.833, 'best_valid_test/acc_unbiased': 56.365, 'best_valid_test/diff': 5.306, 'best_valid_test/acc_skew': 58.495, 'best_valid_test/acc_align': 54.236}
[7 / 20] best test accuracy: 56.365 at epoch 7 
 best_stats: {'best_test_epoch': 7, 'best_test_valid/acc': 60.802, 'best_test_valid/acc_unbiased': 55.668, 'best_test_valid/diff': 6.016, 'best_test_valid/acc_skew': 57.658, 'best_test_valid/acc_align': 53.679, 'best_test_test/acc': 61.833, 'best_test_test/acc_unbiased': 56.365, 'best_test_test/diff': 5.306, 'best_test_test/acc_skew': 58.495, 'best_test_test/acc_align': 54.236}
[8 / 20] Learning rate: 0.0001 weight: 0.01
[8 / 20] Loss: 4.5037601250291805 CE Loss: 0.4786939777291611 Con Loss: 4.498973190181936
[8 / 20] tensor([[0.963, 0.915],
        [0.340, 0.224]]) {'epoch': 8, 'valid/acc': 66.138, 'valid/acc_unbiased': 61.64, 'valid/diff': 5.902, 'valid/acc_skew': 59.88, 'valid/acc_align': 63.4, 'test/acc': 66.77, 'test/acc_unbiased': 61.063, 'test/diff': 8.224, 'test/acc_skew': 62.751, 'test/acc_align': 59.374}
[8 / 20] best valid accuracy: 61.640 at epoch 8 
 best_stats: {'best_valid_epoch': 8, 'best_valid_valid/acc': 66.138, 'best_valid_valid/acc_unbiased': 61.64, 'best_valid_valid/diff': 5.902, 'best_valid_valid/acc_skew': 59.88, 'best_valid_valid/acc_align': 63.4, 'best_valid_test/acc': 66.77, 'best_valid_test/acc_unbiased': 61.063, 'best_valid_test/diff': 8.224, 'best_valid_test/acc_skew': 62.751, 'best_valid_test/acc_align': 59.374}
[8 / 20] best test accuracy: 61.063 at epoch 8 
 best_stats: {'best_test_epoch': 8, 'best_test_valid/acc': 66.138, 'best_test_valid/acc_unbiased': 61.64, 'best_test_valid/diff': 5.902, 'best_test_valid/acc_skew': 59.88, 'best_test_valid/acc_align': 63.4, 'best_test_test/acc': 66.77, 'best_test_test/acc_unbiased': 61.063, 'best_test_test/diff': 8.224, 'best_test_test/acc_skew': 62.751, 'best_test_test/acc_align': 59.374}
[9 / 20] Learning rate: 0.0001 weight: 0.01
[9 / 20] Loss: 4.44853702800098 CE Loss: 0.4662800875441138 Con Loss: 4.443874229344033
[9 / 20] tensor([[0.973, 0.852],
        [0.328, 0.333]]) {'epoch': 9, 'valid/acc': 66.402, 'valid/acc_unbiased': 61.738, 'valid/diff': 9.751, 'valid/acc_skew': 56.862, 'valid/acc_align': 66.613, 'test/acc': 67.034, 'test/acc_unbiased': 62.146, 'test/diff': 6.308, 'test/acc_skew': 58.992, 'test/acc_align': 65.3}
[9 / 20] best valid accuracy: 61.738 at epoch 9 
 best_stats: {'best_valid_epoch': 9, 'best_valid_valid/acc': 66.402, 'best_valid_valid/acc_unbiased': 61.738, 'best_valid_valid/diff': 9.751, 'best_valid_valid/acc_skew': 56.862, 'best_valid_valid/acc_align': 66.613, 'best_valid_test/acc': 67.034, 'best_valid_test/acc_unbiased': 62.146, 'best_valid_test/diff': 6.308, 'best_valid_test/acc_skew': 58.992, 'best_valid_test/acc_align': 65.3}
[9 / 20] best test accuracy: 62.146 at epoch 9 
 best_stats: {'best_test_epoch': 9, 'best_test_valid/acc': 66.402, 'best_test_valid/acc_unbiased': 61.738, 'best_test_valid/diff': 9.751, 'best_test_valid/acc_skew': 56.862, 'best_test_valid/acc_align': 66.613, 'best_test_test/acc': 67.034, 'best_test_test/acc_unbiased': 62.146, 'best_test_test/diff': 6.308, 'best_test_test/acc_skew': 58.992, 'best_test_test/acc_align': 65.3}
[10 / 20] Learning rate: 0.0001 weight: 0.01
[10 / 20] Loss: 4.41708643897916 CE Loss: 0.46439595653831356 Con Loss: 4.41244249351013
[10 / 20] tensor([[0.965, 0.841],
        [0.329, 0.339]]) {'epoch': 10, 'valid/acc': 67.857, 'valid/acc_unbiased': 63.37, 'valid/diff': 7.166, 'valid/acc_skew': 59.787, 'valid/acc_align': 66.953, 'test/acc': 66.681, 'test/acc_unbiased': 61.854, 'test/diff': 6.745, 'test/acc_skew': 58.481, 'test/acc_align': 65.226}
[10 / 20] best valid accuracy: 63.370 at epoch 10 
 best_stats: {'best_valid_epoch': 10, 'best_valid_valid/acc': 67.857, 'best_valid_valid/acc_unbiased': 63.37, 'best_valid_valid/diff': 7.166, 'best_valid_valid/acc_skew': 59.787, 'best_valid_valid/acc_align': 66.953, 'best_valid_test/acc': 66.681, 'best_valid_test/acc_unbiased': 61.854, 'best_valid_test/diff': 6.745, 'best_valid_test/acc_skew': 58.481, 'best_valid_test/acc_align': 65.226}
[10 / 20] best test accuracy: 62.146 at epoch 9 
 best_stats: {'best_test_epoch': 9, 'best_test_valid/acc': 66.402, 'best_test_valid/acc_unbiased': 61.738, 'best_test_valid/diff': 9.751, 'best_test_valid/acc_skew': 56.862, 'best_test_valid/acc_align': 66.613, 'best_test_test/acc': 67.034, 'best_test_test/acc_unbiased': 62.146, 'best_test_test/diff': 6.308, 'best_test_test/acc_skew': 58.992, 'best_test_test/acc_align': 65.3}
[11 / 20] Learning rate: 0.0001 weight: 0.01
[11 / 20] Loss: 4.36009127689363 CE Loss: 0.4595362385173542 Con Loss: 4.355495878838725
[11 / 20] tensor([[0.982, 0.955],
        [0.220, 0.242]]) {'epoch': 11, 'valid/acc': 63.36, 'valid/acc_unbiased': 60.056, 'valid/diff': 5.65, 'valid/acc_skew': 57.231, 'valid/acc_align': 62.881, 'test/acc': 63.508, 'test/acc_unbiased': 59.984, 'test/diff': 2.484, 'test/acc_skew': 58.742, 'test/acc_align': 61.226}
[11 / 20] best valid accuracy: 63.370 at epoch 10 
 best_stats: {'best_valid_epoch': 10, 'best_valid_valid/acc': 67.857, 'best_valid_valid/acc_unbiased': 63.37, 'best_valid_valid/diff': 7.166, 'best_valid_valid/acc_skew': 59.787, 'best_valid_valid/acc_align': 66.953, 'best_valid_test/acc': 66.681, 'best_valid_test/acc_unbiased': 61.854, 'best_valid_test/diff': 6.745, 'best_valid_test/acc_skew': 58.481, 'best_valid_test/acc_align': 65.226}
[11 / 20] best test accuracy: 62.146 at epoch 9 
 best_stats: {'best_test_epoch': 9, 'best_test_valid/acc': 66.402, 'best_test_valid/acc_unbiased': 61.738, 'best_test_valid/diff': 9.751, 'best_test_valid/acc_skew': 56.862, 'best_test_valid/acc_align': 66.613, 'best_test_test/acc': 67.034, 'best_test_test/acc_unbiased': 62.146, 'best_test_test/diff': 6.308, 'best_test_test/acc_skew': 58.992, 'best_test_test/acc_align': 65.3}
[12 / 20] Learning rate: 0.0001 weight: 0.01
[12 / 20] Loss: 4.421714657212589 CE Loss: 0.4497011791941201 Con Loss: 4.417217642749485
[12 / 20] tensor([[0.969, 0.875],
        [0.336, 0.339]]) {'epoch': 12, 'valid/acc': 67.945, 'valid/acc_unbiased': 63.309, 'valid/diff': 7.676, 'valid/acc_skew': 59.471, 'valid/acc_align': 67.147, 'test/acc': 67.387, 'test/acc_unbiased': 62.973, 'test/diff': 4.883, 'test/acc_skew': 60.532, 'test/acc_align': 65.415}
[12 / 20] best valid accuracy: 63.370 at epoch 10 
 best_stats: {'best_valid_epoch': 10, 'best_valid_valid/acc': 67.857, 'best_valid_valid/acc_unbiased': 63.37, 'best_valid_valid/diff': 7.166, 'best_valid_valid/acc_skew': 59.787, 'best_valid_valid/acc_align': 66.953, 'best_valid_test/acc': 66.681, 'best_valid_test/acc_unbiased': 61.854, 'best_valid_test/diff': 6.745, 'best_valid_test/acc_skew': 58.481, 'best_valid_test/acc_align': 65.226}
[12 / 20] best test accuracy: 62.973 at epoch 12 
 best_stats: {'best_test_epoch': 12, 'best_test_valid/acc': 67.945, 'best_test_valid/acc_unbiased': 63.309, 'best_test_valid/diff': 7.676, 'best_test_valid/acc_skew': 59.471, 'best_test_valid/acc_align': 67.147, 'best_test_test/acc': 67.387, 'best_test_test/acc_unbiased': 62.973, 'best_test_test/diff': 4.883, 'best_test_test/acc_skew': 60.532, 'best_test_test/acc_align': 65.415}
[13 / 20] Learning rate: 0.0001 weight: 0.01
[13 / 20] Loss: 4.3368977348887485 CE Loss: 0.45207863576355967 Con Loss: 4.332376918557073
[13 / 20] tensor([[0.955, 0.812],
        [0.416, 0.406]]) {'epoch': 13, 'valid/acc': 69.929, 'valid/acc_unbiased': 65.601, 'valid/diff': 11.13, 'valid/acc_skew': 60.036, 'valid/acc_align': 71.166, 'test/acc': 69.81, 'test/acc_unbiased': 64.742, 'test/diff': 7.629, 'test/acc_skew': 61.444, 'test/acc_align': 68.041}
[13 / 20] best valid accuracy: 65.601 at epoch 13 
 best_stats: {'best_valid_epoch': 13, 'best_valid_valid/acc': 69.929, 'best_valid_valid/acc_unbiased': 65.601, 'best_valid_valid/diff': 11.13, 'best_valid_valid/acc_skew': 60.036, 'best_valid_valid/acc_align': 71.166, 'best_valid_test/acc': 69.81, 'best_valid_test/acc_unbiased': 64.742, 'best_valid_test/diff': 7.629, 'best_valid_test/acc_skew': 61.444, 'best_valid_test/acc_align': 68.041}
[13 / 20] best test accuracy: 64.742 at epoch 13 
 best_stats: {'best_test_epoch': 13, 'best_test_valid/acc': 69.929, 'best_test_valid/acc_unbiased': 65.601, 'best_test_valid/diff': 11.13, 'best_test_valid/acc_skew': 60.036, 'best_test_valid/acc_align': 71.166, 'best_test_test/acc': 69.81, 'best_test_test/acc_unbiased': 64.742, 'best_test_test/diff': 7.629, 'best_test_test/acc_skew': 61.444, 'best_test_test/acc_align': 68.041}
[14 / 20] Learning rate: 1e-05 weight: 0.01
[14 / 20] Loss: 4.3256448606835995 CE Loss: 0.44310297127164555 Con Loss: 4.32121382684397
[14 / 20] tensor([[0.968, 0.835],
        [0.345, 0.358]]) {'epoch': 14, 'valid/acc': 68.519, 'valid/acc_unbiased': 63.978, 'valid/diff': 7.824, 'valid/acc_skew': 60.066, 'valid/acc_align': 67.89, 'test/acc': 67.519, 'test/acc_unbiased': 62.641, 'test/diff': 7.272, 'test/acc_skew': 59.005, 'test/acc_align': 66.277}
[14 / 20] best valid accuracy: 65.601 at epoch 13 
 best_stats: {'best_valid_epoch': 13, 'best_valid_valid/acc': 69.929, 'best_valid_valid/acc_unbiased': 65.601, 'best_valid_valid/diff': 11.13, 'best_valid_valid/acc_skew': 60.036, 'best_valid_valid/acc_align': 71.166, 'best_valid_test/acc': 69.81, 'best_valid_test/acc_unbiased': 64.742, 'best_valid_test/diff': 7.629, 'best_valid_test/acc_skew': 61.444, 'best_valid_test/acc_align': 68.041}
[14 / 20] best test accuracy: 64.742 at epoch 13 
 best_stats: {'best_test_epoch': 13, 'best_test_valid/acc': 69.929, 'best_test_valid/acc_unbiased': 65.601, 'best_test_valid/diff': 11.13, 'best_test_valid/acc_skew': 60.036, 'best_test_valid/acc_align': 71.166, 'best_test_test/acc': 69.81, 'best_test_test/acc_unbiased': 64.742, 'best_test_test/diff': 7.629, 'best_test_test/acc_skew': 61.444, 'best_test_test/acc_align': 68.041}
[15 / 20] Learning rate: 1e-05 weight: 0.01
[15 / 20] Loss: 4.308919191092688 CE Loss: 0.4403758546534838 Con Loss: 4.304515434623613
[15 / 20] tensor([[0.967, 0.847],
        [0.338, 0.352]]) {'epoch': 15, 'valid/acc': 67.901, 'valid/acc_unbiased': 63.379, 'valid/diff': 7.934, 'valid/acc_skew': 59.412, 'valid/acc_align': 67.346, 'test/acc': 67.254, 'test/acc_unbiased': 62.577, 'test/diff': 6.699, 'test/acc_skew': 59.227, 'test/acc_align': 65.926}
[15 / 20] best valid accuracy: 65.601 at epoch 13 
 best_stats: {'best_valid_epoch': 13, 'best_valid_valid/acc': 69.929, 'best_valid_valid/acc_unbiased': 65.601, 'best_valid_valid/diff': 11.13, 'best_valid_valid/acc_skew': 60.036, 'best_valid_valid/acc_align': 71.166, 'best_valid_test/acc': 69.81, 'best_valid_test/acc_unbiased': 64.742, 'best_valid_test/diff': 7.629, 'best_valid_test/acc_skew': 61.444, 'best_valid_test/acc_align': 68.041}
[15 / 20] best test accuracy: 64.742 at epoch 13 
 best_stats: {'best_test_epoch': 13, 'best_test_valid/acc': 69.929, 'best_test_valid/acc_unbiased': 65.601, 'best_test_valid/diff': 11.13, 'best_test_valid/acc_skew': 60.036, 'best_test_valid/acc_align': 71.166, 'best_test_test/acc': 69.81, 'best_test_test/acc_unbiased': 64.742, 'best_test_test/diff': 7.629, 'best_test_test/acc_skew': 61.444, 'best_test_test/acc_align': 68.041}
[16 / 20] Learning rate: 1e-05 weight: 0.01
[16 / 20] Loss: 4.25267511983348 CE Loss: 0.4380674983557134 Con Loss: 4.248294463455789
[16 / 20] tensor([[0.966, 0.841],
        [0.352, 0.364]]) {'epoch': 16, 'valid/acc': 68.078, 'valid/acc_unbiased': 63.489, 'valid/diff': 8.704, 'valid/acc_skew': 59.137, 'valid/acc_align': 67.841, 'test/acc': 67.783, 'test/acc_unbiased': 63.06, 'test/diff': 6.85, 'test/acc_skew': 59.635, 'test/acc_align': 66.485}
[16 / 20] best valid accuracy: 65.601 at epoch 13 
 best_stats: {'best_valid_epoch': 13, 'best_valid_valid/acc': 69.929, 'best_valid_valid/acc_unbiased': 65.601, 'best_valid_valid/diff': 11.13, 'best_valid_valid/acc_skew': 60.036, 'best_valid_valid/acc_align': 71.166, 'best_valid_test/acc': 69.81, 'best_valid_test/acc_unbiased': 64.742, 'best_valid_test/diff': 7.629, 'best_valid_test/acc_skew': 61.444, 'best_valid_test/acc_align': 68.041}
[16 / 20] best test accuracy: 64.742 at epoch 13 
 best_stats: {'best_test_epoch': 13, 'best_test_valid/acc': 69.929, 'best_test_valid/acc_unbiased': 65.601, 'best_test_valid/diff': 11.13, 'best_test_valid/acc_skew': 60.036, 'best_test_valid/acc_align': 71.166, 'best_test_test/acc': 69.81, 'best_test_test/acc_unbiased': 64.742, 'best_test_test/diff': 7.629, 'best_test_test/acc_skew': 61.444, 'best_test_test/acc_align': 68.041}
[17 / 20] Learning rate: 1e-05 weight: 0.01
[17 / 20] Loss: 4.331277044825409 CE Loss: 0.43882977490521513 Con Loss: 4.326888765480044
[17 / 20] tensor([[0.972, 0.875],
        [0.322, 0.345]]) {'epoch': 17, 'valid/acc': 67.725, 'valid/acc_unbiased': 63.843, 'valid/diff': 6.307, 'valid/acc_skew': 60.69, 'valid/acc_align': 66.997, 'test/acc': 67.034, 'test/acc_unbiased': 62.849, 'test/diff': 6.019, 'test/acc_skew': 59.84, 'test/acc_align': 65.859}
[17 / 20] best valid accuracy: 65.601 at epoch 13 
 best_stats: {'best_valid_epoch': 13, 'best_valid_valid/acc': 69.929, 'best_valid_valid/acc_unbiased': 65.601, 'best_valid_valid/diff': 11.13, 'best_valid_valid/acc_skew': 60.036, 'best_valid_valid/acc_align': 71.166, 'best_valid_test/acc': 69.81, 'best_valid_test/acc_unbiased': 64.742, 'best_valid_test/diff': 7.629, 'best_valid_test/acc_skew': 61.444, 'best_valid_test/acc_align': 68.041}
[17 / 20] best test accuracy: 64.742 at epoch 13 
 best_stats: {'best_test_epoch': 13, 'best_test_valid/acc': 69.929, 'best_test_valid/acc_unbiased': 65.601, 'best_test_valid/diff': 11.13, 'best_test_valid/acc_skew': 60.036, 'best_test_valid/acc_align': 71.166, 'best_test_test/acc': 69.81, 'best_test_test/acc_unbiased': 64.742, 'best_test_test/diff': 7.629, 'best_test_test/acc_skew': 61.444, 'best_test_test/acc_align': 68.041}
[18 / 20] Learning rate: 1e-05 weight: 0.01
[18 / 20] Loss: 4.261170754313067 CE Loss: 0.43942055525694035 Con Loss: 4.256776550475777
[18 / 20] tensor([[0.963, 0.835],
        [0.355, 0.352]]) {'epoch': 18, 'valid/acc': 69.048, 'valid/acc_unbiased': 64.513, 'valid/diff': 8.732, 'valid/acc_skew': 60.147, 'valid/acc_align': 68.88, 'test/acc': 67.651, 'test/acc_unbiased': 62.631, 'test/diff': 6.587, 'test/acc_skew': 59.524, 'test/acc_align': 65.738}
[18 / 20] best valid accuracy: 65.601 at epoch 13 
 best_stats: {'best_valid_epoch': 13, 'best_valid_valid/acc': 69.929, 'best_valid_valid/acc_unbiased': 65.601, 'best_valid_valid/diff': 11.13, 'best_valid_valid/acc_skew': 60.036, 'best_valid_valid/acc_align': 71.166, 'best_valid_test/acc': 69.81, 'best_valid_test/acc_unbiased': 64.742, 'best_valid_test/diff': 7.629, 'best_valid_test/acc_skew': 61.444, 'best_valid_test/acc_align': 68.041}
[18 / 20] best test accuracy: 64.742 at epoch 13 
 best_stats: {'best_test_epoch': 13, 'best_test_valid/acc': 69.929, 'best_test_valid/acc_unbiased': 65.601, 'best_test_valid/diff': 11.13, 'best_test_valid/acc_skew': 60.036, 'best_test_valid/acc_align': 71.166, 'best_test_test/acc': 69.81, 'best_test_test/acc_unbiased': 64.742, 'best_test_test/diff': 7.629, 'best_test_test/acc_skew': 61.444, 'best_test_test/acc_align': 68.041}
[19 / 20] Learning rate: 1e-05 weight: 0.01
[19 / 20] Loss: 4.27668404784465 CE Loss: 0.4316479794120396 Con Loss: 4.27236756346548
[19 / 20] tensor([[0.968, 0.847],
        [0.358, 0.364]]) {'epoch': 19, 'valid/acc': 68.871, 'valid/acc_unbiased': 64.589, 'valid/diff': 9.872, 'valid/acc_skew': 59.653, 'valid/acc_align': 69.525, 'test/acc': 68.136, 'test/acc_unbiased': 63.393, 'test/diff': 6.372, 'test/acc_skew': 60.207, 'test/acc_align': 66.58}
[19 / 20] best valid accuracy: 65.601 at epoch 13 
 best_stats: {'best_valid_epoch': 13, 'best_valid_valid/acc': 69.929, 'best_valid_valid/acc_unbiased': 65.601, 'best_valid_valid/diff': 11.13, 'best_valid_valid/acc_skew': 60.036, 'best_valid_valid/acc_align': 71.166, 'best_valid_test/acc': 69.81, 'best_valid_test/acc_unbiased': 64.742, 'best_valid_test/diff': 7.629, 'best_valid_test/acc_skew': 61.444, 'best_valid_test/acc_align': 68.041}
[19 / 20] best test accuracy: 64.742 at epoch 13 
 best_stats: {'best_test_epoch': 13, 'best_test_valid/acc': 69.929, 'best_test_valid/acc_unbiased': 65.601, 'best_test_valid/diff': 11.13, 'best_test_valid/acc_skew': 60.036, 'best_test_valid/acc_align': 71.166, 'best_test_test/acc': 69.81, 'best_test_test/acc_unbiased': 64.742, 'best_test_test/diff': 7.629, 'best_test_test/acc_skew': 61.444, 'best_test_test/acc_align': 68.041}
[20 / 20] Learning rate: 1e-05 weight: 0.01
[20 / 20] Loss: 4.223085352741614 CE Loss: 0.425214076981657 Con Loss: 4.218833216385464
[20 / 20] tensor([[0.970, 0.858],
        [0.343, 0.345]]) {'epoch': 20, 'valid/acc': 68.474, 'valid/acc_unbiased': 64.243, 'valid/diff': 7.293, 'valid/acc_skew': 60.597, 'valid/acc_align': 67.89, 'test/acc': 67.607, 'test/acc_unbiased': 62.895, 'test/diff': 5.739, 'test/acc_skew': 60.026, 'test/acc_align': 65.765}
[20 / 20] best valid accuracy: 65.601 at epoch 13 
 best_stats: {'best_valid_epoch': 13, 'best_valid_valid/acc': 69.929, 'best_valid_valid/acc_unbiased': 65.601, 'best_valid_valid/diff': 11.13, 'best_valid_valid/acc_skew': 60.036, 'best_valid_valid/acc_align': 71.166, 'best_valid_test/acc': 69.81, 'best_valid_test/acc_unbiased': 64.742, 'best_valid_test/diff': 7.629, 'best_valid_test/acc_skew': 61.444, 'best_valid_test/acc_align': 68.041}
[20 / 20] best test accuracy: 64.742 at epoch 13 
 best_stats: {'best_test_epoch': 13, 'best_test_valid/acc': 69.929, 'best_test_valid/acc_unbiased': 65.601, 'best_test_valid/diff': 11.13, 'best_test_valid/acc_skew': 60.036, 'best_test_valid/acc_align': 71.166, 'best_test_test/acc': 69.81, 'best_test_test/acc_unbiased': 64.742, 'best_test_test/diff': 7.629, 'best_test_test/acc_skew': 61.444, 'best_test_test/acc_align': 68.041}
Total training time: 0:17:42
