Log level set to: INFO
Set seed: 3
=======> Using Fixed Random Seed: 3 <========
save_path: exp_results/bc-bb0-celeba_smiling-os_trival-lr0.001-bs128-cbs64-w0.01-ratio30-aug1-seed3
get_celeba - split:train, aug: False, given_y: True, ratio: 0
use existing smiling indices from data/celeba/pickles/smiling
Distribution After Sampling: 
===================================
Binary Labels Distribution: 
Binary Target 0
---------------------------
Target 0: [40621, 40621]
Target 1: [40621, 40621]
Binary Target 1
---------------------------
Target 0: [40621, 40621]
Target 1: [40621, 40621]
===================================
Normal Label Distribution: 
Target 0: [40621, 40621]
Target 1: [40621, 40621]
===================================
Use BiasedCelebASplit 
 target_attr: smiling split: train 
 tensor([[40621., 40621.],
        [40621., 40621.]])
get_celeba - split:train, aug: 1, given_y: True, ratio: 30
use existing smiling indices from data/celeba/pickles/smiling
Distribution After Sampling: 
===================================
Binary Labels Distribution: 
Binary Target 0
---------------------------
Target 0: [40802, 40802]
Target 1: [40802, 40802]
Binary Target 1
---------------------------
Target 0: [40802, 40802]
Target 1: [40802, 40802]
===================================
Normal Label Distribution: 
Target 0: [40802, 40802]
Target 1: [40802, 40802]
===================================
Use BiasedCelebASplit 
 target_attr: smiling split: train 
 tensor([[40802., 40802.],
        [40802., 40802.]])
get_celeba - split:train_valid, aug: False, given_y: True, ratio: 0
use existing smiling indices from data/celeba/pickles/smiling
Use BiasedCelebASplit 
 target_attr: smiling split: train_valid 
 tensor([[ 1944., 10217.],
        [ 8222.,  1982.]])
get_celeba - split:valid, aug: False, given_y: True, ratio: 0
Use BiasedCelebASplit 
 target_attr: smiling split: valid 
 tensor([[5252., 6157.],
        [5013., 3445.]])
decay_epochs: [3, 6]
[1 / 10] Learning rate: 0.001 weight: 0.01
[1 / 10] Loss: 4.69585715689924 CE Loss: 0.25342538640321627 Con Loss: 4.693322899428391
[1 / 10] tensor([[0.926, 0.916],
        [0.918, 0.903]]) {'epoch': 1, 'valid/acc': 90.82, 'valid/acc_unbiased': 90.723, 'valid/diff': 1.804, 'valid/acc_skew': 91.625, 'valid/acc_align': 89.821, 'test/acc': 91.68, 'test/acc_unbiased': 91.558, 'test/diff': 1.221, 'test/acc_skew': 92.168, 'test/acc_align': 90.948}
[1 / 10] best valid accuracy: 90.723 at epoch 1 
 best_stats: {'best_valid_epoch': 1, 'best_valid_valid/acc': 90.82, 'best_valid_valid/acc_unbiased': 90.723, 'best_valid_valid/diff': 1.804, 'best_valid_valid/acc_skew': 91.625, 'best_valid_valid/acc_align': 89.821, 'best_valid_test/acc': 91.68, 'best_valid_test/acc_unbiased': 91.558, 'best_valid_test/diff': 1.221, 'best_valid_test/acc_skew': 92.168, 'best_valid_test/acc_align': 90.948}
[1 / 10] best test accuracy: 91.558 at epoch 1 
 best_stats: {'best_test_epoch': 1, 'best_test_valid/acc': 90.82, 'best_test_valid/acc_unbiased': 90.723, 'best_test_valid/diff': 1.804, 'best_test_valid/acc_skew': 91.625, 'best_test_valid/acc_align': 89.821, 'best_test_test/acc': 91.68, 'best_test_test/acc_unbiased': 91.558, 'best_test_test/diff': 1.221, 'best_test_test/acc_skew': 92.168, 'best_test_test/acc_align': 90.948}
[2 / 10] Learning rate: 0.001 weight: 0.01
[2 / 10] Loss: 4.654778342412407 CE Loss: 0.2274834202702789 Con Loss: 4.652503505403084
[2 / 10] tensor([[0.959, 0.949],
        [0.889, 0.862]]) {'epoch': 2, 'valid/acc': 91.554, 'valid/acc_unbiased': 91.604, 'valid/diff': 1.4, 'valid/acc_skew': 92.305, 'valid/acc_align': 90.904, 'test/acc': 91.765, 'test/acc_unbiased': 91.443, 'test/diff': 1.879, 'test/acc_skew': 92.382, 'test/acc_align': 90.504}
[2 / 10] best valid accuracy: 91.604 at epoch 2 
 best_stats: {'best_valid_epoch': 2, 'best_valid_valid/acc': 91.554, 'best_valid_valid/acc_unbiased': 91.604, 'best_valid_valid/diff': 1.4, 'best_valid_valid/acc_skew': 92.305, 'best_valid_valid/acc_align': 90.904, 'best_valid_test/acc': 91.765, 'best_valid_test/acc_unbiased': 91.443, 'best_valid_test/diff': 1.879, 'best_valid_test/acc_skew': 92.382, 'best_valid_test/acc_align': 90.504}
[2 / 10] best test accuracy: 91.558 at epoch 1 
 best_stats: {'best_test_epoch': 1, 'best_test_valid/acc': 90.82, 'best_test_valid/acc_unbiased': 90.723, 'best_test_valid/diff': 1.804, 'best_test_valid/acc_skew': 91.625, 'best_test_valid/acc_align': 89.821, 'best_test_test/acc': 91.68, 'best_test_test/acc_unbiased': 91.558, 'best_test_test/diff': 1.221, 'best_test_test/acc_skew': 92.168, 'best_test_test/acc_align': 90.948}
[3 / 10] Learning rate: 0.001 weight: 0.01
[3 / 10] Loss: 4.639211247765018 CE Loss: 0.2205810268818547 Con Loss: 4.637005437808834
[3 / 10] tensor([[0.921, 0.923],
        [0.922, 0.890]]) {'epoch': 3, 'valid/acc': 91.527, 'valid/acc_unbiased': 91.291, 'valid/diff': 1.905, 'valid/acc_skew': 92.243, 'valid/acc_align': 90.338, 'test/acc': 91.629, 'test/acc_unbiased': 91.385, 'test/diff': 1.665, 'test/acc_skew': 92.146, 'test/acc_align': 90.625}
[3 / 10] best valid accuracy: 91.604 at epoch 2 
 best_stats: {'best_valid_epoch': 2, 'best_valid_valid/acc': 91.554, 'best_valid_valid/acc_unbiased': 91.604, 'best_valid_valid/diff': 1.4, 'best_valid_valid/acc_skew': 92.305, 'best_valid_valid/acc_align': 90.904, 'best_valid_test/acc': 91.765, 'best_valid_test/acc_unbiased': 91.443, 'best_valid_test/diff': 1.879, 'best_valid_test/acc_skew': 92.382, 'best_valid_test/acc_align': 90.504}
[3 / 10] best test accuracy: 91.558 at epoch 1 
 best_stats: {'best_test_epoch': 1, 'best_test_valid/acc': 90.82, 'best_test_valid/acc_unbiased': 90.723, 'best_test_valid/diff': 1.804, 'best_test_valid/acc_skew': 91.625, 'best_test_valid/acc_align': 89.821, 'best_test_test/acc': 91.68, 'best_test_test/acc_unbiased': 91.558, 'best_test_test/diff': 1.221, 'best_test_test/acc_skew': 92.168, 'best_test_test/acc_align': 90.948}
[4 / 10] Learning rate: 0.0001 weight: 0.01
[4 / 10] Loss: 4.595518625785339 CE Loss: 0.1939751659019586 Con Loss: 4.593578875304026
[4 / 10] tensor([[0.930, 0.919],
        [0.935, 0.918]]) {'epoch': 4, 'valid/acc': 92.488, 'valid/acc_unbiased': 92.224, 'valid/diff': 1.068, 'valid/acc_skew': 92.758, 'valid/acc_align': 91.69, 'test/acc': 92.671, 'test/acc_unbiased': 92.548, 'test/diff': 1.439, 'test/acc_skew': 93.267, 'test/acc_align': 91.829}
[4 / 10] best valid accuracy: 92.224 at epoch 4 
 best_stats: {'best_valid_epoch': 4, 'best_valid_valid/acc': 92.488, 'best_valid_valid/acc_unbiased': 92.224, 'best_valid_valid/diff': 1.068, 'best_valid_valid/acc_skew': 92.758, 'best_valid_valid/acc_align': 91.69, 'best_valid_test/acc': 92.671, 'best_valid_test/acc_unbiased': 92.548, 'best_valid_test/diff': 1.439, 'best_valid_test/acc_skew': 93.267, 'best_valid_test/acc_align': 91.829}
[4 / 10] best test accuracy: 92.548 at epoch 4 
 best_stats: {'best_test_epoch': 4, 'best_test_valid/acc': 92.488, 'best_test_valid/acc_unbiased': 92.224, 'best_test_valid/diff': 1.068, 'best_test_valid/acc_skew': 92.758, 'best_test_valid/acc_align': 91.69, 'best_test_test/acc': 92.671, 'best_test_test/acc_unbiased': 92.548, 'best_test_test/diff': 1.439, 'best_test_test/acc_skew': 93.267, 'best_test_test/acc_align': 91.829}
[5 / 10] Learning rate: 0.0001 weight: 0.01
[5 / 10] Loss: 4.582561480218664 CE Loss: 0.18804802420730884 Con Loss: 4.580681004184631
[5 / 10] tensor([[0.923, 0.919],
        [0.938, 0.916]]) {'epoch': 5, 'valid/acc': 92.672, 'valid/acc_unbiased': 92.388, 'valid/diff': 1.492, 'valid/acc_skew': 93.134, 'valid/acc_align': 91.642, 'test/acc': 92.545, 'test/acc_unbiased': 92.402, 'test/diff': 1.321, 'test/acc_skew': 93.063, 'test/acc_align': 91.742}
[5 / 10] best valid accuracy: 92.388 at epoch 5 
 best_stats: {'best_valid_epoch': 5, 'best_valid_valid/acc': 92.672, 'best_valid_valid/acc_unbiased': 92.388, 'best_valid_valid/diff': 1.492, 'best_valid_valid/acc_skew': 93.134, 'best_valid_valid/acc_align': 91.642, 'best_valid_test/acc': 92.545, 'best_valid_test/acc_unbiased': 92.402, 'best_valid_test/diff': 1.321, 'best_valid_test/acc_skew': 93.063, 'best_valid_test/acc_align': 91.742}
[5 / 10] best test accuracy: 92.548 at epoch 4 
 best_stats: {'best_test_epoch': 4, 'best_test_valid/acc': 92.488, 'best_test_valid/acc_unbiased': 92.224, 'best_test_valid/diff': 1.068, 'best_test_valid/acc_skew': 92.758, 'best_test_valid/acc_align': 91.69, 'best_test_test/acc': 92.671, 'best_test_test/acc_unbiased': 92.548, 'best_test_test/diff': 1.439, 'best_test_test/acc_skew': 93.267, 'best_test_test/acc_align': 91.829}
[6 / 10] Learning rate: 0.0001 weight: 0.01
[6 / 10] Loss: 4.570313251534146 CE Loss: 0.18488142475075314 Con Loss: 4.5684644394548215
[6 / 10] tensor([[0.933, 0.933],
        [0.931, 0.906]]) {'epoch': 6, 'valid/acc': 93.007, 'valid/acc_unbiased': 92.672, 'valid/diff': 1.303, 'valid/acc_skew': 93.324, 'valid/acc_align': 92.021, 'test/acc': 92.767, 'test/acc_unbiased': 92.568, 'test/diff': 1.312, 'test/acc_skew': 93.223, 'test/acc_align': 91.912}
[6 / 10] best valid accuracy: 92.672 at epoch 6 
 best_stats: {'best_valid_epoch': 6, 'best_valid_valid/acc': 93.007, 'best_valid_valid/acc_unbiased': 92.672, 'best_valid_valid/diff': 1.303, 'best_valid_valid/acc_skew': 93.324, 'best_valid_valid/acc_align': 92.021, 'best_valid_test/acc': 92.767, 'best_valid_test/acc_unbiased': 92.568, 'best_valid_test/diff': 1.312, 'best_valid_test/acc_skew': 93.223, 'best_valid_test/acc_align': 91.912}
[6 / 10] best test accuracy: 92.568 at epoch 6 
 best_stats: {'best_test_epoch': 6, 'best_test_valid/acc': 93.007, 'best_test_valid/acc_unbiased': 92.672, 'best_test_valid/diff': 1.303, 'best_test_valid/acc_skew': 93.324, 'best_test_valid/acc_align': 92.021, 'best_test_test/acc': 92.767, 'best_test_test/acc_unbiased': 92.568, 'best_test_test/diff': 1.312, 'best_test_test/acc_skew': 93.223, 'best_test_test/acc_align': 91.912}
[7 / 10] Learning rate: 1e-05 weight: 0.01
[7 / 10] Loss: 4.568279526381052 CE Loss: 0.18116354813856533 Con Loss: 4.566467887491699
[7 / 10] tensor([[0.940, 0.926],
        [0.929, 0.909]]) {'epoch': 7, 'valid/acc': 92.873, 'valid/acc_unbiased': 92.908, 'valid/diff': 1.443, 'valid/acc_skew': 93.629, 'valid/acc_align': 92.186, 'test/acc': 92.762, 'test/acc_unbiased': 92.597, 'test/diff': 1.7, 'test/acc_skew': 93.447, 'test/acc_align': 91.747}
[7 / 10] best valid accuracy: 92.908 at epoch 7 
 best_stats: {'best_valid_epoch': 7, 'best_valid_valid/acc': 92.873, 'best_valid_valid/acc_unbiased': 92.908, 'best_valid_valid/diff': 1.443, 'best_valid_valid/acc_skew': 93.629, 'best_valid_valid/acc_align': 92.186, 'best_valid_test/acc': 92.762, 'best_valid_test/acc_unbiased': 92.597, 'best_valid_test/diff': 1.7, 'best_valid_test/acc_skew': 93.447, 'best_valid_test/acc_align': 91.747}
[7 / 10] best test accuracy: 92.597 at epoch 7 
 best_stats: {'best_test_epoch': 7, 'best_test_valid/acc': 92.873, 'best_test_valid/acc_unbiased': 92.908, 'best_test_valid/diff': 1.443, 'best_test_valid/acc_skew': 93.629, 'best_test_valid/acc_align': 92.186, 'best_test_test/acc': 92.762, 'best_test_test/acc_unbiased': 92.597, 'best_test_test/diff': 1.7, 'best_test_test/acc_skew': 93.447, 'best_test_test/acc_align': 91.747}
[8 / 10] Learning rate: 1e-05 weight: 0.01
[8 / 10] Loss: 4.560276676934044 CE Loss: 0.18074007539182638 Con Loss: 4.558469282812189
[8 / 10] tensor([[0.944, 0.930],
        [0.927, 0.909]]) {'epoch': 8, 'valid/acc': 92.944, 'valid/acc_unbiased': 92.973, 'valid/diff': 1.541, 'valid/acc_skew': 93.743, 'valid/acc_align': 92.202, 'test/acc': 92.913, 'test/acc_unbiased': 92.75, 'test/diff': 1.588, 'test/acc_skew': 93.544, 'test/acc_align': 91.956}
[8 / 10] best valid accuracy: 92.973 at epoch 8 
 best_stats: {'best_valid_epoch': 8, 'best_valid_valid/acc': 92.944, 'best_valid_valid/acc_unbiased': 92.973, 'best_valid_valid/diff': 1.541, 'best_valid_valid/acc_skew': 93.743, 'best_valid_valid/acc_align': 92.202, 'best_valid_test/acc': 92.913, 'best_valid_test/acc_unbiased': 92.75, 'best_valid_test/diff': 1.588, 'best_valid_test/acc_skew': 93.544, 'best_valid_test/acc_align': 91.956}
[8 / 10] best test accuracy: 92.750 at epoch 8 
 best_stats: {'best_test_epoch': 8, 'best_test_valid/acc': 92.944, 'best_test_valid/acc_unbiased': 92.973, 'best_test_valid/diff': 1.541, 'best_test_valid/acc_skew': 93.743, 'best_test_valid/acc_align': 92.202, 'best_test_test/acc': 92.913, 'best_test_test/acc_unbiased': 92.75, 'best_test_test/diff': 1.588, 'best_test_test/acc_skew': 93.544, 'best_test_test/acc_align': 91.956}
[9 / 10] Learning rate: 1e-05 weight: 0.01
[9 / 10] Loss: 4.5639862374814975 CE Loss: 0.18003000778298484 Con Loss: 4.562185937798782
[9 / 10] tensor([[0.938, 0.923],
        [0.933, 0.914]]) {'epoch': 9, 'valid/acc': 93.043, 'valid/acc_unbiased': 92.891, 'valid/diff': 1.614, 'valid/acc_skew': 93.698, 'valid/acc_align': 92.085, 'test/acc': 92.827, 'test/acc_unbiased': 92.68, 'test/diff': 1.692, 'test/acc_skew': 93.526, 'test/acc_align': 91.834}
[9 / 10] best valid accuracy: 92.973 at epoch 8 
 best_stats: {'best_valid_epoch': 8, 'best_valid_valid/acc': 92.944, 'best_valid_valid/acc_unbiased': 92.973, 'best_valid_valid/diff': 1.541, 'best_valid_valid/acc_skew': 93.743, 'best_valid_valid/acc_align': 92.202, 'best_valid_test/acc': 92.913, 'best_valid_test/acc_unbiased': 92.75, 'best_valid_test/diff': 1.588, 'best_valid_test/acc_skew': 93.544, 'best_valid_test/acc_align': 91.956}
[9 / 10] best test accuracy: 92.750 at epoch 8 
 best_stats: {'best_test_epoch': 8, 'best_test_valid/acc': 92.944, 'best_test_valid/acc_unbiased': 92.973, 'best_test_valid/diff': 1.541, 'best_test_valid/acc_skew': 93.743, 'best_test_valid/acc_align': 92.202, 'best_test_test/acc': 92.913, 'best_test_test/acc_unbiased': 92.75, 'best_test_test/diff': 1.588, 'best_test_test/acc_skew': 93.544, 'best_test_test/acc_align': 91.956}
[10 / 10] Learning rate: 1e-05 weight: 0.01
[10 / 10] Loss: 4.563022414014686 CE Loss: 0.17908668244408293 Con Loss: 4.561231542445336
[10 / 10] tensor([[0.946, 0.933],
        [0.926, 0.907]]) {'epoch': 10, 'valid/acc': 92.989, 'valid/acc_unbiased': 93.086, 'valid/diff': 1.381, 'valid/acc_skew': 93.776, 'valid/acc_align': 92.395, 'test/acc': 92.978, 'test/acc_unbiased': 92.802, 'test/diff': 1.585, 'test/acc_skew': 93.595, 'test/acc_align': 92.01}
[10 / 10] best valid accuracy: 93.086 at epoch 10 
 best_stats: {'best_valid_epoch': 10, 'best_valid_valid/acc': 92.989, 'best_valid_valid/acc_unbiased': 93.086, 'best_valid_valid/diff': 1.381, 'best_valid_valid/acc_skew': 93.776, 'best_valid_valid/acc_align': 92.395, 'best_valid_test/acc': 92.978, 'best_valid_test/acc_unbiased': 92.802, 'best_valid_test/diff': 1.585, 'best_valid_test/acc_skew': 93.595, 'best_valid_test/acc_align': 92.01}
[10 / 10] best test accuracy: 92.802 at epoch 10 
 best_stats: {'best_test_epoch': 10, 'best_test_valid/acc': 92.989, 'best_test_valid/acc_unbiased': 93.086, 'best_test_valid/diff': 1.381, 'best_test_valid/acc_skew': 93.776, 'best_test_valid/acc_align': 92.395, 'best_test_test/acc': 92.978, 'best_test_test/acc_unbiased': 92.802, 'best_test_test/diff': 1.585, 'best_test_test/acc_skew': 93.595, 'best_test_test/acc_align': 92.01}
Total training time: 2:36:26
