Log level set to: INFO
Set seed: 2
=======> Using Fixed Random Seed: 2 <========
save_path: exp_results/bc-bb0-utk_face_age-rand1-0.9-lr0.001-bs128-cbs64-w0.01-ratio10-aug1-seed2
get_utk_face - split: train, aug: False, given_y: True, ratio: 0
use existing biased_utk_face from data/utk_face/pickles/biased_utk_face-target_gender-bias_age-0.9
Distribution Before Sampling: 
===================================
Binary Labels Distribution: 
Binary Target 0
---------------------------
Target 0: [8237, 147]
Target 1: [823, 1477]
Binary Target 1
---------------------------
Target 0: [8237, 147]
Target 1: [823, 1477]
===================================
Normal Label Distribution: 
Target 0: [8237, 147]
Target 1: [823, 1477]
===================================
Distribution After Sampling: 
===================================
Binary Labels Distribution: 
Binary Target 0
---------------------------
Target 0: [8237, 147]
Target 1: [823, 1477]
Binary Target 1
---------------------------
Target 0: [8237, 147]
Target 1: [823, 1477]
===================================
Normal Label Distribution: 
Target 0: [8237, 147]
Target 1: [823, 1477]
===================================
Use BiasedUTKFace - target_attr: gender
BiasedUTKFace -- total: 10684, target_attr: gender, bias_attr: age bias_rate: 0.9
['[train] target_0-bias_0: 8237', '[train] target_0-bias_1: 147', '[train] target_1-bias_0: 823', '[train] target_1-bias_1: 1477']
confusion_matrix - 
 original: tensor([[8237.,  823.],
        [ 147., 1477.]]), 
 normalized: tensor([[0.909, 0.091],
        [0.091, 0.909]]), 
 b|y: tensor([[0.982, 0.018],
        [0.358, 0.642]])
get_utk_face - split: train, aug: 1, given_y: True, ratio: 10
use existing biased_utk_face from data/utk_face/pickles/biased_utk_face-target_gender-bias_age-0.9
Distribution Before Sampling: 
===================================
Binary Labels Distribution: 
Binary Target 0
---------------------------
Target 0: [8237, 147]
Target 1: [823, 1477]
Binary Target 1
---------------------------
Target 0: [8237, 147]
Target 1: [823, 1477]
===================================
Normal Label Distribution: 
Target 0: [8237, 147]
Target 1: [823, 1477]
===================================
Distribution After Sampling: 
===================================
Binary Labels Distribution: 
Binary Target 0
---------------------------
Target 0: [8237, 147]
Target 1: [823, 1477]
Binary Target 1
---------------------------
Target 0: [8237, 147]
Target 1: [823, 1477]
===================================
Normal Label Distribution: 
Target 0: [8237, 147]
Target 1: [823, 1477]
===================================
Use BiasedUTKFace - target_attr: gender
BiasedUTKFace -- total: 10684, target_attr: gender, bias_attr: age bias_rate: 0.9
['[train] target_0-bias_0: 8237', '[train] target_0-bias_1: 147', '[train] target_1-bias_0: 823', '[train] target_1-bias_1: 1477']
get_utk_face - split: valid, aug: False, given_y: True, ratio: 0
use existing biased_utk_face from data/utk_face/pickles/biased_utk_face-target_gender-bias_age-0.9
Distribution Before Sampling: 
===================================
Binary Labels Distribution: 
Binary Target 0
---------------------------
Target 0: [1030, 195]
Target 1: [841, 202]
Binary Target 1
---------------------------
Target 0: [1030, 195]
Target 1: [841, 202]
===================================
Normal Label Distribution: 
Target 0: [1030, 195]
Target 1: [841, 202]
===================================
Use BiasedUTKFace - target_attr: gender
BiasedUTKFace -- total: 2268, target_attr: gender, bias_attr: age bias_rate: 0.9
['[valid] target_0-bias_0: 1030', '[valid] target_0-bias_1: 195', '[valid] target_1-bias_0: 841', '[valid] target_1-bias_1: 202']
get_utk_face - split: test, aug: False, given_y: True, ratio: 0
use existing biased_utk_face from data/utk_face/pickles/biased_utk_face-target_gender-bias_age-0.9
Distribution Before Sampling: 
===================================
Binary Labels Distribution: 
Binary Target 0
---------------------------
Target 0: [1061, 176]
Target 1: [867, 165]
Binary Target 1
---------------------------
Target 0: [1061, 176]
Target 1: [867, 165]
===================================
Normal Label Distribution: 
Target 0: [1061, 176]
Target 1: [867, 165]
===================================
Use BiasedUTKFace - target_attr: gender
BiasedUTKFace -- total: 2269, target_attr: gender, bias_attr: age bias_rate: 0.9
['[test] target_0-bias_0: 1061', '[test] target_0-bias_1: 176', '[test] target_1-bias_0: 867', '[test] target_1-bias_1: 165']
decay_epochs: [6, 13]
[1 / 20] Learning rate: 0.001 weight: 0.01
[1 / 20] Loss: 4.766936059035598 CE Loss: 0.5873903052854164 Con Loss: 4.761062140055963
[1 / 20] tensor([[0.992, 0.983],
        [0.158, 0.115]]) {'epoch': 1, 'valid/acc': 60.802, 'valid/acc_unbiased': 57.239, 'valid/diff': 1.383, 'valid/acc_skew': 56.547, 'valid/acc_align': 57.93, 'test/acc': 60.864, 'test/acc_unbiased': 56.191, 'test/diff': 2.571, 'test/acc_skew': 57.049, 'test/acc_align': 55.333}
[1 / 20] best valid accuracy: 57.239 at epoch 1 
 best_stats: {'best_valid_epoch': 1, 'best_valid_valid/acc': 60.802, 'best_valid_valid/acc_unbiased': 57.239, 'best_valid_valid/diff': 1.383, 'best_valid_valid/acc_skew': 56.547, 'best_valid_valid/acc_align': 57.93, 'best_valid_test/acc': 60.864, 'best_valid_test/acc_unbiased': 56.191, 'best_valid_test/diff': 2.571, 'best_valid_test/acc_skew': 57.049, 'best_valid_test/acc_align': 55.333}
[1 / 20] best test accuracy: 56.191 at epoch 1 
 best_stats: {'best_test_epoch': 1, 'best_test_valid/acc': 60.802, 'best_test_valid/acc_unbiased': 57.239, 'best_test_valid/diff': 1.383, 'best_test_valid/acc_skew': 56.547, 'best_test_valid/acc_align': 57.93, 'best_test_test/acc': 60.864, 'best_test_test/acc_unbiased': 56.191, 'best_test_test/diff': 2.571, 'best_test_test/acc_skew': 57.049, 'best_test_test/acc_align': 55.333}
[2 / 20] Learning rate: 0.001 weight: 0.01
[2 / 20] Loss: 4.581066774277596 CE Loss: 0.5279825344955105 Con Loss: 4.575786923344597
[2 / 20] tensor([[0.930, 0.920],
        [0.554, 0.236]]) {'epoch': 2, 'valid/acc': 71.561, 'valid/acc_unbiased': 65.929, 'valid/diff': 12.412, 'valid/acc_skew': 70.793, 'valid/acc_align': 61.065, 'test/acc': 73.513, 'test/acc_unbiased': 66.018, 'test/diff': 16.353, 'test/acc_skew': 73.704, 'test/acc_align': 58.331}
[2 / 20] best valid accuracy: 65.929 at epoch 2 
 best_stats: {'best_valid_epoch': 2, 'best_valid_valid/acc': 71.561, 'best_valid_valid/acc_unbiased': 65.929, 'best_valid_valid/diff': 12.412, 'best_valid_valid/acc_skew': 70.793, 'best_valid_valid/acc_align': 61.065, 'best_valid_test/acc': 73.513, 'best_valid_test/acc_unbiased': 66.018, 'best_valid_test/diff': 16.353, 'best_valid_test/acc_skew': 73.704, 'best_valid_test/acc_align': 58.331}
[2 / 20] best test accuracy: 66.018 at epoch 2 
 best_stats: {'best_test_epoch': 2, 'best_test_valid/acc': 71.561, 'best_test_valid/acc_unbiased': 65.929, 'best_test_valid/diff': 12.412, 'best_test_valid/acc_skew': 70.793, 'best_test_valid/acc_align': 61.065, 'best_test_test/acc': 73.513, 'best_test_test/acc_unbiased': 66.018, 'best_test_test/diff': 16.353, 'best_test_test/acc_skew': 73.704, 'best_test_test/acc_align': 58.331}
[3 / 20] Learning rate: 0.001 weight: 0.01
[3 / 20] Loss: 4.56452410143442 CE Loss: 0.5089128092628702 Con Loss: 4.559434991970083
[3 / 20] tensor([[0.963, 0.818],
        [0.573, 0.545]]) {'epoch': 3, 'valid/acc': 74.956, 'valid/acc_unbiased': 69.712, 'valid/diff': 11.088, 'valid/acc_skew': 65.022, 'valid/acc_align': 74.403, 'test/acc': 77.259, 'test/acc_unbiased': 72.503, 'test/diff': 8.642, 'test/acc_skew': 69.571, 'test/acc_align': 75.435}
[3 / 20] best valid accuracy: 69.712 at epoch 3 
 best_stats: {'best_valid_epoch': 3, 'best_valid_valid/acc': 74.956, 'best_valid_valid/acc_unbiased': 69.712, 'best_valid_valid/diff': 11.088, 'best_valid_valid/acc_skew': 65.022, 'best_valid_valid/acc_align': 74.403, 'best_valid_test/acc': 77.259, 'best_valid_test/acc_unbiased': 72.503, 'best_valid_test/diff': 8.642, 'best_valid_test/acc_skew': 69.571, 'best_valid_test/acc_align': 75.435}
[3 / 20] best test accuracy: 72.503 at epoch 3 
 best_stats: {'best_test_epoch': 3, 'best_test_valid/acc': 74.956, 'best_test_valid/acc_unbiased': 69.712, 'best_test_valid/diff': 11.088, 'best_test_valid/acc_skew': 65.022, 'best_test_valid/acc_align': 74.403, 'best_test_test/acc': 77.259, 'best_test_test/acc_unbiased': 72.503, 'best_test_test/diff': 8.642, 'best_test_test/acc_skew': 69.571, 'best_test_test/acc_align': 75.435}
[4 / 20] Learning rate: 0.001 weight: 0.01
[4 / 20] Loss: 4.527877941331538 CE Loss: 0.46616137390367013 Con Loss: 4.523216328965462
[4 / 20] tensor([[0.964, 0.864],
        [0.586, 0.412]]) {'epoch': 4, 'valid/acc': 75.97, 'valid/acc_unbiased': 70.907, 'valid/diff': 10.664, 'valid/acc_skew': 70.488, 'valid/acc_align': 71.326, 'test/acc': 77.171, 'test/acc_unbiased': 70.647, 'test/diff': 13.718, 'test/acc_skew': 72.478, 'test/acc_align': 68.815}
[4 / 20] best valid accuracy: 70.907 at epoch 4 
 best_stats: {'best_valid_epoch': 4, 'best_valid_valid/acc': 75.97, 'best_valid_valid/acc_unbiased': 70.907, 'best_valid_valid/diff': 10.664, 'best_valid_valid/acc_skew': 70.488, 'best_valid_valid/acc_align': 71.326, 'best_valid_test/acc': 77.171, 'best_valid_test/acc_unbiased': 70.647, 'best_valid_test/diff': 13.718, 'best_valid_test/acc_skew': 72.478, 'best_valid_test/acc_align': 68.815}
[4 / 20] best test accuracy: 72.503 at epoch 3 
 best_stats: {'best_test_epoch': 3, 'best_test_valid/acc': 74.956, 'best_test_valid/acc_unbiased': 69.712, 'best_test_valid/diff': 11.088, 'best_test_valid/acc_skew': 65.022, 'best_test_valid/acc_align': 74.403, 'best_test_test/acc': 77.259, 'best_test_test/acc_unbiased': 72.503, 'best_test_test/diff': 8.642, 'best_test_test/acc_skew': 69.571, 'best_test_test/acc_align': 75.435}
[5 / 20] Learning rate: 0.001 weight: 0.01
[5 / 20] Loss: 4.505707329286256 CE Loss: 0.4596463069068676 Con Loss: 4.501110867586354
[5 / 20] tensor([[0.977, 0.841],
        [0.454, 0.503]]) {'epoch': 5, 'valid/acc': 72.795, 'valid/acc_unbiased': 68.815, 'valid/diff': 19.825, 'valid/acc_skew': 58.902, 'valid/acc_align': 78.727, 'test/acc': 73.248, 'test/acc_unbiased': 69.394, 'test/diff': 9.253, 'test/acc_skew': 64.767, 'test/acc_align': 74.021}
[5 / 20] best valid accuracy: 70.907 at epoch 4 
 best_stats: {'best_valid_epoch': 4, 'best_valid_valid/acc': 75.97, 'best_valid_valid/acc_unbiased': 70.907, 'best_valid_valid/diff': 10.664, 'best_valid_valid/acc_skew': 70.488, 'best_valid_valid/acc_align': 71.326, 'best_valid_test/acc': 77.171, 'best_valid_test/acc_unbiased': 70.647, 'best_valid_test/diff': 13.718, 'best_valid_test/acc_skew': 72.478, 'best_valid_test/acc_align': 68.815}
[5 / 20] best test accuracy: 72.503 at epoch 3 
 best_stats: {'best_test_epoch': 3, 'best_test_valid/acc': 74.956, 'best_test_valid/acc_unbiased': 69.712, 'best_test_valid/diff': 11.088, 'best_test_valid/acc_skew': 65.022, 'best_test_valid/acc_align': 74.403, 'best_test_test/acc': 77.259, 'best_test_test/acc_unbiased': 72.503, 'best_test_test/diff': 8.642, 'best_test_test/acc_skew': 69.571, 'best_test_test/acc_align': 75.435}
[6 / 20] Learning rate: 0.001 weight: 0.01
[6 / 20] Loss: 4.494025264327243 CE Loss: 0.45302439585065896 Con Loss: 4.489495021758656
[6 / 20] tensor([[0.953, 0.852],
        [0.634, 0.497]]) {'epoch': 6, 'valid/acc': 78.263, 'valid/acc_unbiased': 73.59, 'valid/diff': 10.338, 'valid/acc_skew': 70.05, 'valid/acc_align': 77.13, 'test/acc': 79.022, 'test/acc_unbiased': 73.412, 'test/diff': 11.9, 'test/acc_skew': 74.332, 'test/acc_align': 72.492}
[6 / 20] best valid accuracy: 73.590 at epoch 6 
 best_stats: {'best_valid_epoch': 6, 'best_valid_valid/acc': 78.263, 'best_valid_valid/acc_unbiased': 73.59, 'best_valid_valid/diff': 10.338, 'best_valid_valid/acc_skew': 70.05, 'best_valid_valid/acc_align': 77.13, 'best_valid_test/acc': 79.022, 'best_valid_test/acc_unbiased': 73.412, 'best_valid_test/diff': 11.9, 'best_valid_test/acc_skew': 74.332, 'best_valid_test/acc_align': 72.492}
[6 / 20] best test accuracy: 73.412 at epoch 6 
 best_stats: {'best_test_epoch': 6, 'best_test_valid/acc': 78.263, 'best_test_valid/acc_unbiased': 73.59, 'best_test_valid/diff': 10.338, 'best_test_valid/acc_skew': 70.05, 'best_test_valid/acc_align': 77.13, 'best_test_test/acc': 79.022, 'best_test_test/acc_unbiased': 73.412, 'best_test_test/diff': 11.9, 'best_test_test/acc_skew': 74.332, 'best_test_test/acc_align': 72.492}
[7 / 20] Learning rate: 0.0001 weight: 0.01
[7 / 20] Loss: 4.395173668013401 CE Loss: 0.4214539146409951 Con Loss: 4.390959135917455
[7 / 20] tensor([[0.969, 0.824],
        [0.659, 0.648]]) {'epoch': 7, 'valid/acc': 78.66, 'valid/acc_unbiased': 73.435, 'valid/diff': 13.4, 'valid/acc_skew': 66.735, 'valid/acc_align': 80.135, 'test/acc': 81.578, 'test/acc_unbiased': 77.496, 'test/diff': 7.757, 'test/acc_skew': 74.123, 'test/acc_align': 80.869}
[7 / 20] best valid accuracy: 73.590 at epoch 6 
 best_stats: {'best_valid_epoch': 6, 'best_valid_valid/acc': 78.263, 'best_valid_valid/acc_unbiased': 73.59, 'best_valid_valid/diff': 10.338, 'best_valid_valid/acc_skew': 70.05, 'best_valid_valid/acc_align': 77.13, 'best_valid_test/acc': 79.022, 'best_valid_test/acc_unbiased': 73.412, 'best_valid_test/diff': 11.9, 'best_valid_test/acc_skew': 74.332, 'best_valid_test/acc_align': 72.492}
[7 / 20] best test accuracy: 77.496 at epoch 7 
 best_stats: {'best_test_epoch': 7, 'best_test_valid/acc': 78.66, 'best_test_valid/acc_unbiased': 73.435, 'best_test_valid/diff': 13.4, 'best_test_valid/acc_skew': 66.735, 'best_test_valid/acc_align': 80.135, 'best_test_test/acc': 81.578, 'best_test_test/acc_unbiased': 77.496, 'best_test_test/diff': 7.757, 'best_test_test/acc_skew': 74.123, 'best_test_test/acc_align': 80.869}
[8 / 20] Learning rate: 0.0001 weight: 0.01
[8 / 20] Loss: 4.326053329462061 CE Loss: 0.3978612043356815 Con Loss: 4.322074735178032
[8 / 20] tensor([[0.961, 0.761],
        [0.708, 0.691]]) {'epoch': 8, 'valid/acc': 80.6, 'valid/acc_unbiased': 74.218, 'valid/diff': 15.964, 'valid/acc_skew': 66.768, 'valid/acc_align': 81.668, 'test/acc': 82.944, 'test/acc_unbiased': 78.045, 'test/diff': 10.864, 'test/acc_skew': 73.478, 'test/acc_align': 82.613}
[8 / 20] best valid accuracy: 74.218 at epoch 8 
 best_stats: {'best_valid_epoch': 8, 'best_valid_valid/acc': 80.6, 'best_valid_valid/acc_unbiased': 74.218, 'best_valid_valid/diff': 15.964, 'best_valid_valid/acc_skew': 66.768, 'best_valid_valid/acc_align': 81.668, 'best_valid_test/acc': 82.944, 'best_valid_test/acc_unbiased': 78.045, 'best_valid_test/diff': 10.864, 'best_valid_test/acc_skew': 73.478, 'best_valid_test/acc_align': 82.613}
[8 / 20] best test accuracy: 78.045 at epoch 8 
 best_stats: {'best_test_epoch': 8, 'best_test_valid/acc': 80.6, 'best_test_valid/acc_unbiased': 74.218, 'best_test_valid/diff': 15.964, 'best_test_valid/acc_skew': 66.768, 'best_test_valid/acc_align': 81.668, 'best_test_test/acc': 82.944, 'best_test_test/acc_unbiased': 78.045, 'best_test_test/diff': 10.864, 'best_test_test/acc_skew': 73.478, 'best_test_test/acc_align': 82.613}
[9 / 20] Learning rate: 0.0001 weight: 0.01
[9 / 20] Loss: 4.26393656282557 CE Loss: 0.3792587967567879 Con Loss: 4.260143992696438
[9 / 20] tensor([[0.975, 0.812],
        [0.662, 0.685]]) {'epoch': 9, 'valid/acc': 79.453, 'valid/acc_unbiased': 74.107, 'valid/diff': 13.124, 'valid/acc_skew': 67.545, 'valid/acc_align': 80.669, 'test/acc': 82.151, 'test/acc_unbiased': 78.349, 'test/diff': 9.242, 'test/acc_skew': 73.728, 'test/acc_align': 82.97}
[9 / 20] best valid accuracy: 74.218 at epoch 8 
 best_stats: {'best_valid_epoch': 8, 'best_valid_valid/acc': 80.6, 'best_valid_valid/acc_unbiased': 74.218, 'best_valid_valid/diff': 15.964, 'best_valid_valid/acc_skew': 66.768, 'best_valid_valid/acc_align': 81.668, 'best_valid_test/acc': 82.944, 'best_valid_test/acc_unbiased': 78.045, 'best_valid_test/diff': 10.864, 'best_valid_test/acc_skew': 73.478, 'best_valid_test/acc_align': 82.613}
[9 / 20] best test accuracy: 78.349 at epoch 9 
 best_stats: {'best_test_epoch': 9, 'best_test_valid/acc': 79.453, 'best_test_valid/acc_unbiased': 74.107, 'best_test_valid/diff': 13.124, 'best_test_valid/acc_skew': 67.545, 'best_test_valid/acc_align': 80.669, 'best_test_test/acc': 82.151, 'best_test_test/acc_unbiased': 78.349, 'best_test_test/diff': 9.242, 'best_test_test/acc_skew': 73.728, 'best_test_test/acc_align': 82.97}
[10 / 20] Learning rate: 0.0001 weight: 0.01
[10 / 20] Loss: 4.230386080968608 CE Loss: 0.3866848470632702 Con Loss: 4.226519231714144
[10 / 20] tensor([[0.971, 0.818],
        [0.686, 0.636]]) {'epoch': 10, 'valid/acc': 80.511, 'valid/acc_unbiased': 74.363, 'valid/diff': 15.156, 'valid/acc_skew': 67.95, 'valid/acc_align': 80.775, 'test/acc': 82.591, 'test/acc_unbiased': 77.79, 'test/diff': 10.126, 'test/acc_skew': 75.223, 'test/acc_align': 80.357}
[10 / 20] best valid accuracy: 74.363 at epoch 10 
 best_stats: {'best_valid_epoch': 10, 'best_valid_valid/acc': 80.511, 'best_valid_valid/acc_unbiased': 74.363, 'best_valid_valid/diff': 15.156, 'best_valid_valid/acc_skew': 67.95, 'best_valid_valid/acc_align': 80.775, 'best_valid_test/acc': 82.591, 'best_valid_test/acc_unbiased': 77.79, 'best_valid_test/diff': 10.126, 'best_valid_test/acc_skew': 75.223, 'best_valid_test/acc_align': 80.357}
[10 / 20] best test accuracy: 78.349 at epoch 9 
 best_stats: {'best_test_epoch': 9, 'best_test_valid/acc': 79.453, 'best_test_valid/acc_unbiased': 74.107, 'best_test_valid/diff': 13.124, 'best_test_valid/acc_skew': 67.545, 'best_test_valid/acc_align': 80.669, 'best_test_test/acc': 82.151, 'best_test_test/acc_unbiased': 78.349, 'best_test_test/diff': 9.242, 'best_test_test/acc_skew': 73.728, 'best_test_test/acc_align': 82.97}
[11 / 20] Learning rate: 0.0001 weight: 0.01
[11 / 20] Loss: 4.196076100883927 CE Loss: 0.3824211261728559 Con Loss: 4.1922518897261885
[11 / 20] tensor([[0.975, 0.795],
        [0.624, 0.667]]) {'epoch': 11, 'valid/acc': 79.63, 'valid/acc_unbiased': 74.973, 'valid/diff': 15.45, 'valid/acc_skew': 67.248, 'valid/acc_align': 82.697, 'test/acc': 80.476, 'test/acc_unbiased': 76.54, 'test/diff': 11.136, 'test/acc_skew': 70.972, 'test/acc_align': 82.108}
[11 / 20] best valid accuracy: 74.973 at epoch 11 
 best_stats: {'best_valid_epoch': 11, 'best_valid_valid/acc': 79.63, 'best_valid_valid/acc_unbiased': 74.973, 'best_valid_valid/diff': 15.45, 'best_valid_valid/acc_skew': 67.248, 'best_valid_valid/acc_align': 82.697, 'best_valid_test/acc': 80.476, 'best_valid_test/acc_unbiased': 76.54, 'best_valid_test/diff': 11.136, 'best_valid_test/acc_skew': 70.972, 'best_valid_test/acc_align': 82.108}
[11 / 20] best test accuracy: 78.349 at epoch 9 
 best_stats: {'best_test_epoch': 9, 'best_test_valid/acc': 79.453, 'best_test_valid/acc_unbiased': 74.107, 'best_test_valid/diff': 13.124, 'best_test_valid/acc_skew': 67.545, 'best_test_valid/acc_align': 80.669, 'best_test_test/acc': 82.151, 'best_test_test/acc_unbiased': 78.349, 'best_test_test/diff': 9.242, 'best_test_test/acc_skew': 73.728, 'best_test_test/acc_align': 82.97}
[12 / 20] Learning rate: 0.0001 weight: 0.01
[12 / 20] Loss: 4.267715854709044 CE Loss: 0.3703628008015724 Con Loss: 4.264012221404561
[12 / 20] tensor([[0.971, 0.670],
        [0.674, 0.800]]) {'epoch': 12, 'valid/acc': 79.85, 'valid/acc_unbiased': 72.915, 'valid/diff': 26.504, 'valid/acc_skew': 59.663, 'valid/acc_align': 86.167, 'test/acc': 82.151, 'test/acc_unbiased': 77.871, 'test/diff': 21.337, 'test/acc_skew': 67.202, 'test/acc_align': 88.539}
[12 / 20] best valid accuracy: 74.973 at epoch 11 
 best_stats: {'best_valid_epoch': 11, 'best_valid_valid/acc': 79.63, 'best_valid_valid/acc_unbiased': 74.973, 'best_valid_valid/diff': 15.45, 'best_valid_valid/acc_skew': 67.248, 'best_valid_valid/acc_align': 82.697, 'best_valid_test/acc': 80.476, 'best_valid_test/acc_unbiased': 76.54, 'best_valid_test/diff': 11.136, 'best_valid_test/acc_skew': 70.972, 'best_valid_test/acc_align': 82.108}
[12 / 20] best test accuracy: 78.349 at epoch 9 
 best_stats: {'best_test_epoch': 9, 'best_test_valid/acc': 79.453, 'best_test_valid/acc_unbiased': 74.107, 'best_test_valid/diff': 13.124, 'best_test_valid/acc_skew': 67.545, 'best_test_valid/acc_align': 80.669, 'best_test_test/acc': 82.151, 'best_test_test/acc_unbiased': 78.349, 'best_test_test/diff': 9.242, 'best_test_test/acc_skew': 73.728, 'best_test_test/acc_align': 82.97}
[13 / 20] Learning rate: 0.0001 weight: 0.01
[13 / 20] Loss: 4.182274477975461 CE Loss: 0.3578153482730002 Con Loss: 4.178696310685306
[13 / 20] tensor([[0.965, 0.710],
        [0.713, 0.764]]) {'epoch': 13, 'valid/acc': 81.614, 'valid/acc_unbiased': 74.626, 'valid/diff': 21.306, 'valid/acc_skew': 63.974, 'valid/acc_align': 85.279, 'test/acc': 83.429, 'test/acc_unbiased': 78.795, 'test/diff': 15.287, 'test/acc_skew': 71.152, 'test/acc_align': 86.438}
[13 / 20] best valid accuracy: 74.973 at epoch 11 
 best_stats: {'best_valid_epoch': 11, 'best_valid_valid/acc': 79.63, 'best_valid_valid/acc_unbiased': 74.973, 'best_valid_valid/diff': 15.45, 'best_valid_valid/acc_skew': 67.248, 'best_valid_valid/acc_align': 82.697, 'best_valid_test/acc': 80.476, 'best_valid_test/acc_unbiased': 76.54, 'best_valid_test/diff': 11.136, 'best_valid_test/acc_skew': 70.972, 'best_valid_test/acc_align': 82.108}
[13 / 20] best test accuracy: 78.795 at epoch 13 
 best_stats: {'best_test_epoch': 13, 'best_test_valid/acc': 81.614, 'best_test_valid/acc_unbiased': 74.626, 'best_test_valid/diff': 21.306, 'best_test_valid/acc_skew': 63.974, 'best_test_valid/acc_align': 85.279, 'best_test_test/acc': 83.429, 'best_test_test/acc_unbiased': 78.795, 'best_test_test/diff': 15.287, 'best_test_test/acc_skew': 71.152, 'best_test_test/acc_align': 86.438}
[14 / 20] Learning rate: 1e-05 weight: 0.01
[14 / 20] Loss: 4.199656337979401 CE Loss: 0.36400643341419003 Con Loss: 4.196016260944739
[14 / 20] tensor([[0.974, 0.716],
        [0.687, 0.745]]) {'epoch': 14, 'valid/acc': 81.041, 'valid/acc_unbiased': 74.114, 'valid/diff': 22.815, 'valid/acc_skew': 62.706, 'valid/acc_align': 85.522, 'test/acc': 82.768, 'test/acc_unbiased': 78.06, 'test/diff': 15.786, 'test/acc_skew': 70.167, 'test/acc_align': 85.953}
[14 / 20] best valid accuracy: 74.973 at epoch 11 
 best_stats: {'best_valid_epoch': 11, 'best_valid_valid/acc': 79.63, 'best_valid_valid/acc_unbiased': 74.973, 'best_valid_valid/diff': 15.45, 'best_valid_valid/acc_skew': 67.248, 'best_valid_valid/acc_align': 82.697, 'best_valid_test/acc': 80.476, 'best_valid_test/acc_unbiased': 76.54, 'best_valid_test/diff': 11.136, 'best_valid_test/acc_skew': 70.972, 'best_valid_test/acc_align': 82.108}
[14 / 20] best test accuracy: 78.795 at epoch 13 
 best_stats: {'best_test_epoch': 13, 'best_test_valid/acc': 81.614, 'best_test_valid/acc_unbiased': 74.626, 'best_test_valid/diff': 21.306, 'best_test_valid/acc_skew': 63.974, 'best_test_valid/acc_align': 85.279, 'best_test_test/acc': 83.429, 'best_test_test/acc_unbiased': 78.795, 'best_test_test/diff': 15.287, 'best_test_test/acc_skew': 71.152, 'best_test_test/acc_align': 86.438}
[15 / 20] Learning rate: 1e-05 weight: 0.01
[15 / 20] Loss: 4.1696200542171455 CE Loss: 0.35854034982161415 Con Loss: 4.166034641894273
[15 / 20] tensor([[0.973, 0.722],
        [0.689, 0.739]]) {'epoch': 15, 'valid/acc': 81.173, 'valid/acc_unbiased': 74.288, 'valid/diff': 23.556, 'valid/acc_skew': 62.51, 'valid/acc_align': 86.066, 'test/acc': 82.768, 'test/acc_unbiased': 78.056, 'test/diff': 15.094, 'test/acc_skew': 70.509, 'test/acc_align': 85.603}
[15 / 20] best valid accuracy: 74.973 at epoch 11 
 best_stats: {'best_valid_epoch': 11, 'best_valid_valid/acc': 79.63, 'best_valid_valid/acc_unbiased': 74.973, 'best_valid_valid/diff': 15.45, 'best_valid_valid/acc_skew': 67.248, 'best_valid_valid/acc_align': 82.697, 'best_valid_test/acc': 80.476, 'best_valid_test/acc_unbiased': 76.54, 'best_valid_test/diff': 11.136, 'best_valid_test/acc_skew': 70.972, 'best_valid_test/acc_align': 82.108}
[15 / 20] best test accuracy: 78.795 at epoch 13 
 best_stats: {'best_test_epoch': 13, 'best_test_valid/acc': 81.614, 'best_test_valid/acc_unbiased': 74.626, 'best_test_valid/diff': 21.306, 'best_test_valid/acc_skew': 63.974, 'best_test_valid/acc_align': 85.279, 'best_test_test/acc': 83.429, 'best_test_test/acc_unbiased': 78.795, 'best_test_test/diff': 15.287, 'best_test_test/acc_skew': 71.152, 'best_test_test/acc_align': 86.438}
[16 / 20] Learning rate: 1e-05 weight: 0.01
[16 / 20] Loss: 4.114637370414834 CE Loss: 0.3455386542059964 Con Loss: 4.111181975928464
[16 / 20] tensor([[0.974, 0.733],
        [0.683, 0.739]]) {'epoch': 16, 'valid/acc': 80.732, 'valid/acc_unbiased': 74.096, 'valid/diff': 22.154, 'valid/acc_skew': 63.019, 'valid/acc_align': 85.173, 'test/acc': 82.68, 'test/acc_unbiased': 78.219, 'test/diff': 14.862, 'test/acc_skew': 70.788, 'test/acc_align': 85.65}
[16 / 20] best valid accuracy: 74.973 at epoch 11 
 best_stats: {'best_valid_epoch': 11, 'best_valid_valid/acc': 79.63, 'best_valid_valid/acc_unbiased': 74.973, 'best_valid_valid/diff': 15.45, 'best_valid_valid/acc_skew': 67.248, 'best_valid_valid/acc_align': 82.697, 'best_valid_test/acc': 80.476, 'best_valid_test/acc_unbiased': 76.54, 'best_valid_test/diff': 11.136, 'best_valid_test/acc_skew': 70.972, 'best_valid_test/acc_align': 82.108}
[16 / 20] best test accuracy: 78.795 at epoch 13 
 best_stats: {'best_test_epoch': 13, 'best_test_valid/acc': 81.614, 'best_test_valid/acc_unbiased': 74.626, 'best_test_valid/diff': 21.306, 'best_test_valid/acc_skew': 63.974, 'best_test_valid/acc_align': 85.279, 'best_test_test/acc': 83.429, 'best_test_test/acc_unbiased': 78.795, 'best_test_test/diff': 15.287, 'best_test_test/acc_skew': 71.152, 'best_test_test/acc_align': 86.438}
[17 / 20] Learning rate: 1e-05 weight: 0.01
[17 / 20] Loss: 4.199451169821262 CE Loss: 0.35616142464817707 Con Loss: 4.195889546513245
[17 / 20] tensor([[0.974, 0.727],
        [0.677, 0.727]]) {'epoch': 17, 'valid/acc': 80.908, 'valid/acc_unbiased': 74.702, 'valid/diff': 21.435, 'valid/acc_skew': 63.985, 'valid/acc_align': 85.42, 'test/acc': 82.327, 'test/acc_unbiased': 77.63, 'test/diff': 14.828, 'test/acc_skew': 70.216, 'test/acc_align': 85.044}
[17 / 20] best valid accuracy: 74.973 at epoch 11 
 best_stats: {'best_valid_epoch': 11, 'best_valid_valid/acc': 79.63, 'best_valid_valid/acc_unbiased': 74.973, 'best_valid_valid/diff': 15.45, 'best_valid_valid/acc_skew': 67.248, 'best_valid_valid/acc_align': 82.697, 'best_valid_test/acc': 80.476, 'best_valid_test/acc_unbiased': 76.54, 'best_valid_test/diff': 11.136, 'best_valid_test/acc_skew': 70.972, 'best_valid_test/acc_align': 82.108}
[17 / 20] best test accuracy: 78.795 at epoch 13 
 best_stats: {'best_test_epoch': 13, 'best_test_valid/acc': 81.614, 'best_test_valid/acc_unbiased': 74.626, 'best_test_valid/diff': 21.306, 'best_test_valid/acc_skew': 63.974, 'best_test_valid/acc_align': 85.279, 'best_test_test/acc': 83.429, 'best_test_test/acc_unbiased': 78.795, 'best_test_test/diff': 15.287, 'best_test_test/acc_skew': 71.152, 'best_test_test/acc_align': 86.438}
[18 / 20] Learning rate: 1e-05 weight: 0.01
[18 / 20] Loss: 4.140133812381997 CE Loss: 0.3395519198236819 Con Loss: 4.136738277293912
[18 / 20] tensor([[0.972, 0.693],
        [0.693, 0.745]]) {'epoch': 18, 'valid/acc': 81.173, 'valid/acc_unbiased': 74.287, 'valid/diff': 23.16, 'valid/acc_skew': 62.706, 'valid/acc_align': 85.867, 'test/acc': 82.724, 'test/acc_unbiased': 77.589, 'test/diff': 16.54, 'test/acc_skew': 69.319, 'test/acc_align': 85.859}
[18 / 20] best valid accuracy: 74.973 at epoch 11 
 best_stats: {'best_valid_epoch': 11, 'best_valid_valid/acc': 79.63, 'best_valid_valid/acc_unbiased': 74.973, 'best_valid_valid/diff': 15.45, 'best_valid_valid/acc_skew': 67.248, 'best_valid_valid/acc_align': 82.697, 'best_valid_test/acc': 80.476, 'best_valid_test/acc_unbiased': 76.54, 'best_valid_test/diff': 11.136, 'best_valid_test/acc_skew': 70.972, 'best_valid_test/acc_align': 82.108}
[18 / 20] best test accuracy: 78.795 at epoch 13 
 best_stats: {'best_test_epoch': 13, 'best_test_valid/acc': 81.614, 'best_test_valid/acc_unbiased': 74.626, 'best_test_valid/diff': 21.306, 'best_test_valid/acc_skew': 63.974, 'best_test_valid/acc_align': 85.279, 'best_test_test/acc': 83.429, 'best_test_test/acc_unbiased': 78.795, 'best_test_test/diff': 15.287, 'best_test_test/acc_skew': 71.152, 'best_test_test/acc_align': 86.438}
[19 / 20] Learning rate: 1e-05 weight: 0.01
[19 / 20] Loss: 4.130762060944483 CE Loss: 0.34337943681881516 Con Loss: 4.127328238385485
[19 / 20] tensor([[0.971, 0.693],
        [0.696, 0.764]]) {'epoch': 19, 'valid/acc': 81.217, 'valid/acc_unbiased': 74.312, 'valid/diff': 23.605, 'valid/acc_skew': 62.51, 'valid/acc_align': 86.114, 'test/acc': 82.9, 'test/acc_unbiased': 78.078, 'test/diff': 17.287, 'test/acc_skew': 69.434, 'test/acc_align': 86.721}
[19 / 20] best valid accuracy: 74.973 at epoch 11 
 best_stats: {'best_valid_epoch': 11, 'best_valid_valid/acc': 79.63, 'best_valid_valid/acc_unbiased': 74.973, 'best_valid_valid/diff': 15.45, 'best_valid_valid/acc_skew': 67.248, 'best_valid_valid/acc_align': 82.697, 'best_valid_test/acc': 80.476, 'best_valid_test/acc_unbiased': 76.54, 'best_valid_test/diff': 11.136, 'best_valid_test/acc_skew': 70.972, 'best_valid_test/acc_align': 82.108}
[19 / 20] best test accuracy: 78.795 at epoch 13 
 best_stats: {'best_test_epoch': 13, 'best_test_valid/acc': 81.614, 'best_test_valid/acc_unbiased': 74.626, 'best_test_valid/diff': 21.306, 'best_test_valid/acc_skew': 63.974, 'best_test_valid/acc_align': 85.279, 'best_test_test/acc': 83.429, 'best_test_test/acc_unbiased': 78.795, 'best_test_test/diff': 15.287, 'best_test_test/acc_skew': 71.152, 'best_test_test/acc_align': 86.438}
[20 / 20] Learning rate: 1e-05 weight: 0.01
[20 / 20] Loss: 4.098126706002313 CE Loss: 0.34443414344050294 Con Loss: 4.094682368211021
[20 / 20] tensor([[0.973, 0.716],
        [0.689, 0.758]]) {'epoch': 20, 'valid/acc': 80.952, 'valid/acc_unbiased': 74.138, 'valid/diff': 23.457, 'valid/acc_skew': 62.409, 'valid/acc_align': 85.867, 'test/acc': 82.856, 'test/acc_unbiased': 78.368, 'test/diff': 16.288, 'test/acc_skew': 70.225, 'test/acc_align': 86.512}
[20 / 20] best valid accuracy: 74.973 at epoch 11 
 best_stats: {'best_valid_epoch': 11, 'best_valid_valid/acc': 79.63, 'best_valid_valid/acc_unbiased': 74.973, 'best_valid_valid/diff': 15.45, 'best_valid_valid/acc_skew': 67.248, 'best_valid_valid/acc_align': 82.697, 'best_valid_test/acc': 80.476, 'best_valid_test/acc_unbiased': 76.54, 'best_valid_test/diff': 11.136, 'best_valid_test/acc_skew': 70.972, 'best_valid_test/acc_align': 82.108}
[20 / 20] best test accuracy: 78.795 at epoch 13 
 best_stats: {'best_test_epoch': 13, 'best_test_valid/acc': 81.614, 'best_test_valid/acc_unbiased': 74.626, 'best_test_valid/diff': 21.306, 'best_test_valid/acc_skew': 63.974, 'best_test_valid/acc_align': 85.279, 'best_test_test/acc': 83.429, 'best_test_test/acc_unbiased': 78.795, 'best_test_test/diff': 15.287, 'best_test_test/acc_skew': 71.152, 'best_test_test/acc_align': 86.438}
Total training time: 0:18:40
