Log level set to: INFO
Set seed: 1
=======> Using Fixed Random Seed: 1 <========
save_path: exp_results/bc-bb0-utk_face_race-crop_auto1-0.9-lr0.001-bs128-cbs64-w0.01-ratio10-aug1-seed1
get_utk_face - split: train, aug: False, given_y: True, ratio: 0
use existing biased_utk_face from data/utk_face/pickles/biased_utk_face-target_gender-bias_race-0.9
Distribution Before Sampling: 
===================================
Binary Labels Distribution: 
Binary Target 0
---------------------------
Target 0: [4407, 552]
Target 1: [440, 5529]
Binary Target 1
---------------------------
Target 0: [4407, 552]
Target 1: [440, 5529]
===================================
Normal Label Distribution: 
Target 0: [4407, 552]
Target 1: [440, 5529]
===================================
Distribution After Sampling: 
===================================
Binary Labels Distribution: 
Binary Target 0
---------------------------
Target 0: [4407, 552]
Target 1: [440, 5529]
Binary Target 1
---------------------------
Target 0: [4407, 552]
Target 1: [440, 5529]
===================================
Normal Label Distribution: 
Target 0: [4407, 552]
Target 1: [440, 5529]
===================================
Use BiasedUTKFace - target_attr: gender
BiasedUTKFace -- total: 10928, target_attr: gender, bias_attr: race bias_rate: 0.9
['[train] target_0-bias_0: 4407', '[train] target_0-bias_1: 552', '[train] target_1-bias_0: 440', '[train] target_1-bias_1: 5529']
confusion_matrix - 
 original: tensor([[4407.,  440.],
        [ 552., 5529.]]), 
 normalized: tensor([[0.909, 0.091],
        [0.091, 0.909]]), 
 b|y: tensor([[0.889, 0.111],
        [0.074, 0.926]])
get_utk_face - split: train, aug: 1, given_y: True, ratio: 10
use existing biased_utk_face from data/utk_face/pickles/biased_utk_face-target_gender-bias_race-0.9
Distribution Before Sampling: 
===================================
Binary Labels Distribution: 
Binary Target 0
---------------------------
Target 0: [4407, 552]
Target 1: [440, 5529]
Binary Target 1
---------------------------
Target 0: [4407, 552]
Target 1: [440, 5529]
===================================
Normal Label Distribution: 
Target 0: [4407, 552]
Target 1: [440, 5529]
===================================
Distribution After Sampling: 
===================================
Binary Labels Distribution: 
Binary Target 0
---------------------------
Target 0: [4407, 552]
Target 1: [440, 5529]
Binary Target 1
---------------------------
Target 0: [4407, 552]
Target 1: [440, 5529]
===================================
Normal Label Distribution: 
Target 0: [4407, 552]
Target 1: [440, 5529]
===================================
Use BiasedUTKFace - target_attr: gender
BiasedUTKFace -- total: 10928, target_attr: gender, bias_attr: race bias_rate: 0.9
['[train] target_0-bias_0: 4407', '[train] target_0-bias_1: 552', '[train] target_1-bias_0: 440', '[train] target_1-bias_1: 5529']
get_utk_face - split: valid, aug: False, given_y: True, ratio: 0
use existing biased_utk_face from data/utk_face/pickles/biased_utk_face-target_gender-bias_race-0.9
Distribution Before Sampling: 
===================================
Binary Labels Distribution: 
Binary Target 0
---------------------------
Target 0: [583, 684]
Target 1: [457, 646]
Binary Target 1
---------------------------
Target 0: [583, 684]
Target 1: [457, 646]
===================================
Normal Label Distribution: 
Target 0: [583, 684]
Target 1: [457, 646]
===================================
Use BiasedUTKFace - target_attr: gender
BiasedUTKFace -- total: 2370, target_attr: gender, bias_attr: race bias_rate: 0.9
['[valid] target_0-bias_0: 583', '[valid] target_0-bias_1: 684', '[valid] target_1-bias_0: 457', '[valid] target_1-bias_1: 646']
get_utk_face - split: test, aug: False, given_y: True, ratio: 0
use existing biased_utk_face from data/utk_face/pickles/biased_utk_face-target_gender-bias_race-0.9
Distribution Before Sampling: 
===================================
Binary Labels Distribution: 
Binary Target 0
---------------------------
Target 0: [558, 677]
Target 1: [462, 673]
Binary Target 1
---------------------------
Target 0: [558, 677]
Target 1: [462, 673]
===================================
Normal Label Distribution: 
Target 0: [558, 677]
Target 1: [462, 673]
===================================
Use BiasedUTKFace - target_attr: gender
BiasedUTKFace -- total: 2370, target_attr: gender, bias_attr: race bias_rate: 0.9
['[test] target_0-bias_0: 558', '[test] target_0-bias_1: 677', '[test] target_1-bias_0: 462', '[test] target_1-bias_1: 673']
decay_epochs: [6, 13]
[1 / 20] Learning rate: 0.001 weight: 0.01
[1 / 20] Loss: 4.905099338877777 CE Loss: 0.5795882769681698 Con Loss: 4.899303476772057
[1 / 20] tensor([[0.785, 0.736],
        [0.745, 0.828]]) {'epoch': 1, 'valid/acc': 78.692, 'valid/acc_unbiased': 78.716, 'valid/diff': 3.509, 'valid/acc_skew': 76.961, 'valid/acc_align': 80.471, 'test/acc': 77.511, 'test/acc_unbiased': 77.319, 'test/diff': 6.62, 'test/acc_skew': 74.009, 'test/acc_align': 80.629}
[1 / 20] best valid accuracy: 78.716 at epoch 1 
 best_stats: {'best_valid_epoch': 1, 'best_valid_valid/acc': 78.692, 'best_valid_valid/acc_unbiased': 78.716, 'best_valid_valid/diff': 3.509, 'best_valid_valid/acc_skew': 76.961, 'best_valid_valid/acc_align': 80.471, 'best_valid_test/acc': 77.511, 'best_valid_test/acc_unbiased': 77.319, 'best_valid_test/diff': 6.62, 'best_valid_test/acc_skew': 74.009, 'best_valid_test/acc_align': 80.629}
[1 / 20] best test accuracy: 77.319 at epoch 1 
 best_stats: {'best_test_epoch': 1, 'best_test_valid/acc': 78.692, 'best_test_valid/acc_unbiased': 78.716, 'best_test_valid/diff': 3.509, 'best_test_valid/acc_skew': 76.961, 'best_test_valid/acc_align': 80.471, 'best_test_test/acc': 77.511, 'best_test_test/acc_unbiased': 77.319, 'best_test_test/diff': 6.62, 'best_test_test/acc_skew': 74.009, 'best_test_test/acc_align': 80.629}
[2 / 20] Learning rate: 0.001 weight: 0.01
[2 / 20] Loss: 4.780646534301177 CE Loss: 0.4601756295470158 Con Loss: 4.7760447722751955
[2 / 20] tensor([[0.860, 0.801],
        [0.758, 0.811]]) {'epoch': 2, 'valid/acc': 82.068, 'valid/acc_unbiased': 81.883, 'valid/diff': 2.973, 'valid/acc_skew': 80.397, 'valid/acc_align': 83.37, 'test/acc': 80.928, 'test/acc_unbiased': 80.742, 'test/diff': 5.667, 'test/acc_skew': 77.908, 'test/acc_align': 83.575}
[2 / 20] best valid accuracy: 81.883 at epoch 2 
 best_stats: {'best_valid_epoch': 2, 'best_valid_valid/acc': 82.068, 'best_valid_valid/acc_unbiased': 81.883, 'best_valid_valid/diff': 2.973, 'best_valid_valid/acc_skew': 80.397, 'best_valid_valid/acc_align': 83.37, 'best_valid_test/acc': 80.928, 'best_valid_test/acc_unbiased': 80.742, 'best_valid_test/diff': 5.667, 'best_valid_test/acc_skew': 77.908, 'best_valid_test/acc_align': 83.575}
[2 / 20] best test accuracy: 80.742 at epoch 2 
 best_stats: {'best_test_epoch': 2, 'best_test_valid/acc': 82.068, 'best_test_valid/acc_unbiased': 81.883, 'best_test_valid/diff': 2.973, 'best_test_valid/acc_skew': 80.397, 'best_test_valid/acc_align': 83.37, 'best_test_test/acc': 80.928, 'best_test_test/acc_unbiased': 80.742, 'best_test_test/diff': 5.667, 'best_test_test/acc_skew': 77.908, 'best_test_test/acc_align': 83.575}
[3 / 20] Learning rate: 0.001 weight: 0.01
[3 / 20] Loss: 4.759312305757626 CE Loss: 0.4365555224708373 Con Loss: 4.754946784777662
[3 / 20] tensor([[0.737, 0.691],
        [0.868, 0.900]]) {'epoch': 3, 'valid/acc': 80.295, 'valid/acc_unbiased': 81.018, 'valid/diff': 1.922, 'valid/acc_skew': 80.274, 'valid/acc_align': 81.761, 'test/acc': 79.578, 'test/acc_unbiased': 79.906, 'test/diff': 3.888, 'test/acc_skew': 77.963, 'test/acc_align': 81.85}
[3 / 20] best valid accuracy: 81.883 at epoch 2 
 best_stats: {'best_valid_epoch': 2, 'best_valid_valid/acc': 82.068, 'best_valid_valid/acc_unbiased': 81.883, 'best_valid_valid/diff': 2.973, 'best_valid_valid/acc_skew': 80.397, 'best_valid_valid/acc_align': 83.37, 'best_valid_test/acc': 80.928, 'best_valid_test/acc_unbiased': 80.742, 'best_valid_test/diff': 5.667, 'best_valid_test/acc_skew': 77.908, 'best_valid_test/acc_align': 83.575}
[3 / 20] best test accuracy: 80.742 at epoch 2 
 best_stats: {'best_test_epoch': 2, 'best_test_valid/acc': 82.068, 'best_test_valid/acc_unbiased': 81.883, 'best_test_valid/diff': 2.973, 'best_test_valid/acc_skew': 80.397, 'best_test_valid/acc_align': 83.37, 'best_test_test/acc': 80.928, 'best_test_test/acc_unbiased': 80.742, 'best_test_test/diff': 5.667, 'best_test_test/acc_skew': 77.908, 'best_test_test/acc_align': 83.575}
[4 / 20] Learning rate: 0.001 weight: 0.01
[4 / 20] Loss: 4.742105266883817 CE Loss: 0.4037803758377561 Con Loss: 4.738067460793178
[4 / 20] tensor([[0.769, 0.713],
        [0.896, 0.918]]) {'epoch': 4, 'valid/acc': 82.236, 'valid/acc_unbiased': 82.988, 'valid/diff': 3.506, 'valid/acc_skew': 82.172, 'valid/acc_align': 83.803, 'test/acc': 82.025, 'test/acc_unbiased': 82.416, 'test/diff': 3.877, 'test/acc_skew': 80.477, 'test/acc_align': 84.355}
[4 / 20] best valid accuracy: 82.988 at epoch 4 
 best_stats: {'best_valid_epoch': 4, 'best_valid_valid/acc': 82.236, 'best_valid_valid/acc_unbiased': 82.988, 'best_valid_valid/diff': 3.506, 'best_valid_valid/acc_skew': 82.172, 'best_valid_valid/acc_align': 83.803, 'best_valid_test/acc': 82.025, 'best_valid_test/acc_unbiased': 82.416, 'best_valid_test/diff': 3.877, 'best_valid_test/acc_skew': 80.477, 'best_valid_test/acc_align': 84.355}
[4 / 20] best test accuracy: 82.416 at epoch 4 
 best_stats: {'best_test_epoch': 4, 'best_test_valid/acc': 82.236, 'best_test_valid/acc_unbiased': 82.988, 'best_test_valid/diff': 3.506, 'best_test_valid/acc_skew': 82.172, 'best_test_valid/acc_align': 83.803, 'best_test_test/acc': 82.025, 'best_test_test/acc_unbiased': 82.416, 'best_test_test/diff': 3.877, 'best_test_test/acc_skew': 80.477, 'best_test_test/acc_align': 84.355}
[5 / 20] Learning rate: 0.001 weight: 0.01
[5 / 20] Loss: 4.7323691548225995 CE Loss: 0.3961415532130972 Con Loss: 4.728407706209018
[5 / 20] tensor([[0.776, 0.715],
        [0.898, 0.915]]) {'epoch': 5, 'valid/acc': 81.941, 'valid/acc_unbiased': 82.615, 'valid/diff': 2.347, 'valid/acc_skew': 82.173, 'valid/acc_align': 83.056, 'test/acc': 82.194, 'test/acc_unbiased': 82.612, 'test/diff': 3.905, 'test/acc_skew': 80.659, 'test/acc_align': 84.565}
[5 / 20] best valid accuracy: 82.988 at epoch 4 
 best_stats: {'best_valid_epoch': 4, 'best_valid_valid/acc': 82.236, 'best_valid_valid/acc_unbiased': 82.988, 'best_valid_valid/diff': 3.506, 'best_valid_valid/acc_skew': 82.172, 'best_valid_valid/acc_align': 83.803, 'best_valid_test/acc': 82.025, 'best_valid_test/acc_unbiased': 82.416, 'best_valid_test/diff': 3.877, 'best_valid_test/acc_skew': 80.477, 'best_valid_test/acc_align': 84.355}
[5 / 20] best test accuracy: 82.612 at epoch 5 
 best_stats: {'best_test_epoch': 5, 'best_test_valid/acc': 81.941, 'best_test_valid/acc_unbiased': 82.615, 'best_test_valid/diff': 2.347, 'best_test_valid/acc_skew': 82.173, 'best_test_valid/acc_align': 83.056, 'best_test_test/acc': 82.194, 'best_test_test/acc_unbiased': 82.612, 'best_test_test/diff': 3.905, 'best_test_test/acc_skew': 80.659, 'best_test_test/acc_align': 84.565}
[6 / 20] Learning rate: 0.001 weight: 0.01
[6 / 20] Loss: 4.725530928783501 CE Loss: 0.39281101492104037 Con Loss: 4.721602821768989
[6 / 20] tensor([[0.848, 0.768],
        [0.870, 0.892]]) {'epoch': 6, 'valid/acc': 84.852, 'valid/acc_unbiased': 85.237, 'valid/diff': 3.856, 'valid/acc_skew': 83.309, 'valid/acc_align': 87.165, 'test/acc': 84.177, 'test/acc_unbiased': 84.436, 'test/diff': 5.049, 'test/acc_skew': 81.911, 'test/acc_align': 86.96}
[6 / 20] best valid accuracy: 85.237 at epoch 6 
 best_stats: {'best_valid_epoch': 6, 'best_valid_valid/acc': 84.852, 'best_valid_valid/acc_unbiased': 85.237, 'best_valid_valid/diff': 3.856, 'best_valid_valid/acc_skew': 83.309, 'best_valid_valid/acc_align': 87.165, 'best_valid_test/acc': 84.177, 'best_valid_test/acc_unbiased': 84.436, 'best_valid_test/diff': 5.049, 'best_valid_test/acc_skew': 81.911, 'best_valid_test/acc_align': 86.96}
[6 / 20] best test accuracy: 84.436 at epoch 6 
 best_stats: {'best_test_epoch': 6, 'best_test_valid/acc': 84.852, 'best_test_valid/acc_unbiased': 85.237, 'best_test_valid/diff': 3.856, 'best_test_valid/acc_skew': 83.309, 'best_test_valid/acc_align': 87.165, 'best_test_test/acc': 84.177, 'best_test_test/acc_unbiased': 84.436, 'best_test_test/diff': 5.049, 'best_test_test/acc_skew': 81.911, 'best_test_test/acc_align': 86.96}
[7 / 20] Learning rate: 0.0001 weight: 0.01
[7 / 20] Loss: 4.688312516554557 CE Loss: 0.35612419526887673 Con Loss: 4.684751251606082
[7 / 20] tensor([[0.866, 0.804],
        [0.864, 0.892]]) {'epoch': 7, 'valid/acc': 85.781, 'valid/acc_unbiased': 86.087, 'valid/diff': 1.829, 'valid/acc_skew': 85.172, 'valid/acc_align': 87.001, 'test/acc': 85.485, 'test/acc_unbiased': 85.608, 'test/diff': 4.497, 'test/acc_skew': 83.359, 'test/acc_align': 87.856}
[7 / 20] best valid accuracy: 86.087 at epoch 7 
 best_stats: {'best_valid_epoch': 7, 'best_valid_valid/acc': 85.781, 'best_valid_valid/acc_unbiased': 86.087, 'best_valid_valid/diff': 1.829, 'best_valid_valid/acc_skew': 85.172, 'best_valid_valid/acc_align': 87.001, 'best_valid_test/acc': 85.485, 'best_valid_test/acc_unbiased': 85.608, 'best_valid_test/diff': 4.497, 'best_valid_test/acc_skew': 83.359, 'best_valid_test/acc_align': 87.856}
[7 / 20] best test accuracy: 85.608 at epoch 7 
 best_stats: {'best_test_epoch': 7, 'best_test_valid/acc': 85.781, 'best_test_valid/acc_unbiased': 86.087, 'best_test_valid/diff': 1.829, 'best_test_valid/acc_skew': 85.172, 'best_test_valid/acc_align': 87.001, 'best_test_test/acc': 85.485, 'best_test_test/acc_unbiased': 85.608, 'best_test_test/diff': 4.497, 'best_test_test/acc_skew': 83.359, 'best_test_test/acc_align': 87.856}
[8 / 20] Learning rate: 0.0001 weight: 0.01
[8 / 20] Loss: 4.6645344466101895 CE Loss: 0.3354816970416777 Con Loss: 4.661179617243665
[8 / 20] tensor([[0.866, 0.817],
        [0.866, 0.893]]) {'epoch': 8, 'valid/acc': 86.371, 'valid/acc_unbiased': 86.634, 'valid/diff': 3.652, 'valid/acc_skew': 84.808, 'valid/acc_align': 88.459, 'test/acc': 85.949, 'test/acc_unbiased': 86.031, 'test/diff': 3.798, 'test/acc_skew': 84.132, 'test/acc_align': 87.93}
[8 / 20] best valid accuracy: 86.634 at epoch 8 
 best_stats: {'best_valid_epoch': 8, 'best_valid_valid/acc': 86.371, 'best_valid_valid/acc_unbiased': 86.634, 'best_valid_valid/diff': 3.652, 'best_valid_valid/acc_skew': 84.808, 'best_valid_valid/acc_align': 88.459, 'best_valid_test/acc': 85.949, 'best_valid_test/acc_unbiased': 86.031, 'best_valid_test/diff': 3.798, 'best_valid_test/acc_skew': 84.132, 'best_valid_test/acc_align': 87.93}
[8 / 20] best test accuracy: 86.031 at epoch 8 
 best_stats: {'best_test_epoch': 8, 'best_test_valid/acc': 86.371, 'best_test_valid/acc_unbiased': 86.634, 'best_test_valid/diff': 3.652, 'best_test_valid/acc_skew': 84.808, 'best_test_valid/acc_align': 88.459, 'best_test_test/acc': 85.949, 'best_test_test/acc_unbiased': 86.031, 'best_test_test/diff': 3.798, 'best_test_test/acc_skew': 84.132, 'best_test_test/acc_align': 87.93}
[9 / 20] Learning rate: 0.0001 weight: 0.01
[9 / 20] Loss: 4.6554235783712405 CE Loss: 0.3206939473420949 Con Loss: 4.652216627866597
[9 / 20] tensor([[0.824, 0.770],
        [0.907, 0.932]]) {'epoch': 9, 'valid/acc': 85.865, 'valid/acc_unbiased': 86.393, 'valid/diff': 2.154, 'valid/acc_skew': 85.498, 'valid/acc_align': 87.288, 'test/acc': 85.527, 'test/acc_unbiased': 85.813, 'test/diff': 3.976, 'test/acc_skew': 83.825, 'test/acc_align': 87.801}
[9 / 20] best valid accuracy: 86.634 at epoch 8 
 best_stats: {'best_valid_epoch': 8, 'best_valid_valid/acc': 86.371, 'best_valid_valid/acc_unbiased': 86.634, 'best_valid_valid/diff': 3.652, 'best_valid_valid/acc_skew': 84.808, 'best_valid_valid/acc_align': 88.459, 'best_valid_test/acc': 85.949, 'best_valid_test/acc_unbiased': 86.031, 'best_valid_test/diff': 3.798, 'best_valid_test/acc_skew': 84.132, 'best_valid_test/acc_align': 87.93}
[9 / 20] best test accuracy: 86.031 at epoch 8 
 best_stats: {'best_test_epoch': 8, 'best_test_valid/acc': 86.371, 'best_test_valid/acc_unbiased': 86.634, 'best_test_valid/diff': 3.652, 'best_test_valid/acc_skew': 84.808, 'best_test_valid/acc_align': 88.459, 'best_test_test/acc': 85.949, 'best_test_test/acc_unbiased': 86.031, 'best_test_test/diff': 3.798, 'best_test_test/acc_skew': 84.132, 'best_test_test/acc_align': 87.93}
[10 / 20] Learning rate: 0.0001 weight: 0.01
[10 / 20] Loss: 4.6421317286233075 CE Loss: 0.30938847557168403 Con Loss: 4.639037840886486
[10 / 20] tensor([[0.837, 0.792],
        [0.905, 0.924]]) {'epoch': 10, 'valid/acc': 86.329, 'valid/acc_unbiased': 86.796, 'valid/diff': 2.11, 'valid/acc_skew': 85.937, 'valid/acc_align': 87.656, 'test/acc': 86.203, 'test/acc_unbiased': 86.441, 'test/diff': 3.232, 'test/acc_skew': 84.825, 'test/acc_align': 88.057}
[10 / 20] best valid accuracy: 86.796 at epoch 10 
 best_stats: {'best_valid_epoch': 10, 'best_valid_valid/acc': 86.329, 'best_valid_valid/acc_unbiased': 86.796, 'best_valid_valid/diff': 2.11, 'best_valid_valid/acc_skew': 85.937, 'best_valid_valid/acc_align': 87.656, 'best_valid_test/acc': 86.203, 'best_valid_test/acc_unbiased': 86.441, 'best_valid_test/diff': 3.232, 'best_valid_test/acc_skew': 84.825, 'best_valid_test/acc_align': 88.057}
[10 / 20] best test accuracy: 86.441 at epoch 10 
 best_stats: {'best_test_epoch': 10, 'best_test_valid/acc': 86.329, 'best_test_valid/acc_unbiased': 86.796, 'best_test_valid/diff': 2.11, 'best_test_valid/acc_skew': 85.937, 'best_test_valid/acc_align': 87.656, 'best_test_test/acc': 86.203, 'best_test_test/acc_unbiased': 86.441, 'best_test_test/diff': 3.232, 'best_test_test/acc_skew': 84.825, 'best_test_test/acc_align': 88.057}
[11 / 20] Learning rate: 0.0001 weight: 0.01
[11 / 20] Loss: 4.622651701964886 CE Loss: 0.31006563647948804 Con Loss: 4.619551030294438
[11 / 20] tensor([[0.857, 0.817],
        [0.874, 0.900]]) {'epoch': 11, 'valid/acc': 87.046, 'valid/acc_unbiased': 87.26, 'valid/diff': 2.128, 'valid/acc_skew': 86.196, 'valid/acc_align': 88.323, 'test/acc': 86.118, 'test/acc_unbiased': 86.209, 'test/diff': 3.289, 'test/acc_skew': 84.565, 'test/acc_align': 87.854}
[11 / 20] best valid accuracy: 87.260 at epoch 11 
 best_stats: {'best_valid_epoch': 11, 'best_valid_valid/acc': 87.046, 'best_valid_valid/acc_unbiased': 87.26, 'best_valid_valid/diff': 2.128, 'best_valid_valid/acc_skew': 86.196, 'best_valid_valid/acc_align': 88.323, 'best_valid_test/acc': 86.118, 'best_valid_test/acc_unbiased': 86.209, 'best_valid_test/diff': 3.289, 'best_valid_test/acc_skew': 84.565, 'best_valid_test/acc_align': 87.854}
[11 / 20] best test accuracy: 86.441 at epoch 10 
 best_stats: {'best_test_epoch': 10, 'best_test_valid/acc': 86.329, 'best_test_valid/acc_unbiased': 86.796, 'best_test_valid/diff': 2.11, 'best_test_valid/acc_skew': 85.937, 'best_test_valid/acc_align': 87.656, 'best_test_test/acc': 86.203, 'best_test_test/acc_unbiased': 86.441, 'best_test_test/diff': 3.232, 'best_test_test/acc_skew': 84.825, 'best_test_test/acc_align': 88.057}
[12 / 20] Learning rate: 0.0001 weight: 0.01
[12 / 20] Loss: 4.62414222231372 CE Loss: 0.3113261323373105 Con Loss: 4.621028958791172
[12 / 20] tensor([[0.866, 0.808],
        [0.894, 0.903]]) {'epoch': 12, 'valid/acc': 87.342, 'valid/acc_unbiased': 87.724, 'valid/diff': 2.404, 'valid/acc_skew': 86.522, 'valid/acc_align': 88.926, 'test/acc': 86.54, 'test/acc_unbiased': 86.773, 'test/diff': 3.355, 'test/acc_skew': 85.096, 'test/acc_align': 88.45}
[12 / 20] best valid accuracy: 87.724 at epoch 12 
 best_stats: {'best_valid_epoch': 12, 'best_valid_valid/acc': 87.342, 'best_valid_valid/acc_unbiased': 87.724, 'best_valid_valid/diff': 2.404, 'best_valid_valid/acc_skew': 86.522, 'best_valid_valid/acc_align': 88.926, 'best_valid_test/acc': 86.54, 'best_valid_test/acc_unbiased': 86.773, 'best_valid_test/diff': 3.355, 'best_valid_test/acc_skew': 85.096, 'best_valid_test/acc_align': 88.45}
[12 / 20] best test accuracy: 86.773 at epoch 12 
 best_stats: {'best_test_epoch': 12, 'best_test_valid/acc': 87.342, 'best_test_valid/acc_unbiased': 87.724, 'best_test_valid/diff': 2.404, 'best_test_valid/acc_skew': 86.522, 'best_test_valid/acc_align': 88.926, 'best_test_test/acc': 86.54, 'best_test_test/acc_unbiased': 86.773, 'best_test_test/diff': 3.355, 'best_test_test/acc_skew': 85.096, 'best_test_test/acc_align': 88.45}
[13 / 20] Learning rate: 0.0001 weight: 0.01
[13 / 20] Loss: 4.61862209216742 CE Loss: 0.3033904308892274 Con Loss: 4.61558819026584
[13 / 20] tensor([[0.862, 0.799],
        [0.870, 0.912]]) {'epoch': 13, 'valid/acc': 87.257, 'valid/acc_unbiased': 87.46, 'valid/diff': 2.894, 'valid/acc_skew': 86.013, 'valid/acc_align': 88.907, 'test/acc': 85.992, 'test/acc_unbiased': 86.09, 'test/diff': 5.255, 'test/acc_skew': 83.462, 'test/acc_align': 88.717}
[13 / 20] best valid accuracy: 87.724 at epoch 12 
 best_stats: {'best_valid_epoch': 12, 'best_valid_valid/acc': 87.342, 'best_valid_valid/acc_unbiased': 87.724, 'best_valid_valid/diff': 2.404, 'best_valid_valid/acc_skew': 86.522, 'best_valid_valid/acc_align': 88.926, 'best_valid_test/acc': 86.54, 'best_valid_test/acc_unbiased': 86.773, 'best_valid_test/diff': 3.355, 'best_valid_test/acc_skew': 85.096, 'best_valid_test/acc_align': 88.45}
[13 / 20] best test accuracy: 86.773 at epoch 12 
 best_stats: {'best_test_epoch': 12, 'best_test_valid/acc': 87.342, 'best_test_valid/acc_unbiased': 87.724, 'best_test_valid/diff': 2.404, 'best_test_valid/acc_skew': 86.522, 'best_test_valid/acc_align': 88.926, 'best_test_test/acc': 86.54, 'best_test_test/acc_unbiased': 86.773, 'best_test_test/diff': 3.355, 'best_test_test/acc_skew': 85.096, 'best_test_test/acc_align': 88.45}
[14 / 20] Learning rate: 1e-05 weight: 0.01
[14 / 20] Loss: 4.615539736489426 CE Loss: 0.2920808049019748 Con Loss: 4.612618935055823
[14 / 20] tensor([[0.853, 0.796],
        [0.870, 0.918]]) {'epoch': 14, 'valid/acc': 87.173, 'valid/acc_unbiased': 87.43, 'valid/diff': 2.836, 'valid/acc_skew': 86.012, 'valid/acc_align': 88.849, 'test/acc': 85.865, 'test/acc_unbiased': 85.94, 'test/diff': 5.252, 'test/acc_skew': 83.314, 'test/acc_align': 88.566}
[14 / 20] best valid accuracy: 87.724 at epoch 12 
 best_stats: {'best_valid_epoch': 12, 'best_valid_valid/acc': 87.342, 'best_valid_valid/acc_unbiased': 87.724, 'best_valid_valid/diff': 2.404, 'best_valid_valid/acc_skew': 86.522, 'best_valid_valid/acc_align': 88.926, 'best_valid_test/acc': 86.54, 'best_valid_test/acc_unbiased': 86.773, 'best_valid_test/diff': 3.355, 'best_valid_test/acc_skew': 85.096, 'best_valid_test/acc_align': 88.45}
[14 / 20] best test accuracy: 86.773 at epoch 12 
 best_stats: {'best_test_epoch': 12, 'best_test_valid/acc': 87.342, 'best_test_valid/acc_unbiased': 87.724, 'best_test_valid/diff': 2.404, 'best_test_valid/acc_skew': 86.522, 'best_test_valid/acc_align': 88.926, 'best_test_test/acc': 86.54, 'best_test_test/acc_unbiased': 86.773, 'best_test_test/diff': 3.355, 'best_test_test/acc_skew': 85.096, 'best_test_test/acc_align': 88.45}
[15 / 20] Learning rate: 1e-05 weight: 0.01
[15 / 20] Loss: 4.607769103908958 CE Loss: 0.29230741654709524 Con Loss: 4.60484602999373
[15 / 20] tensor([[0.851, 0.801],
        [0.877, 0.921]]) {'epoch': 15, 'valid/acc': 87.004, 'valid/acc_unbiased': 87.259, 'valid/diff': 2.493, 'valid/acc_skew': 86.012, 'valid/acc_align': 88.505, 'test/acc': 86.16, 'test/acc_unbiased': 86.243, 'test/diff': 4.764, 'test/acc_skew': 83.861, 'test/acc_align': 88.625}
[15 / 20] best valid accuracy: 87.724 at epoch 12 
 best_stats: {'best_valid_epoch': 12, 'best_valid_valid/acc': 87.342, 'best_valid_valid/acc_unbiased': 87.724, 'best_valid_valid/diff': 2.404, 'best_valid_valid/acc_skew': 86.522, 'best_valid_valid/acc_align': 88.926, 'best_valid_test/acc': 86.54, 'best_valid_test/acc_unbiased': 86.773, 'best_valid_test/diff': 3.355, 'best_valid_test/acc_skew': 85.096, 'best_valid_test/acc_align': 88.45}
[15 / 20] best test accuracy: 86.773 at epoch 12 
 best_stats: {'best_test_epoch': 12, 'best_test_valid/acc': 87.342, 'best_test_valid/acc_unbiased': 87.724, 'best_test_valid/diff': 2.404, 'best_test_valid/acc_skew': 86.522, 'best_test_valid/acc_align': 88.926, 'best_test_test/acc': 86.54, 'best_test_test/acc_unbiased': 86.773, 'best_test_test/diff': 3.355, 'best_test_test/acc_skew': 85.096, 'best_test_test/acc_align': 88.45}
[16 / 20] Learning rate: 1e-05 weight: 0.01
[16 / 20] Loss: 4.612168743530095 CE Loss: 0.283635758943474 Con Loss: 4.609332394634822
[16 / 20] tensor([[0.849, 0.805],
        [0.874, 0.921]]) {'epoch': 16, 'valid/acc': 87.215, 'valid/acc_unbiased': 87.493, 'valid/diff': 2.523, 'valid/acc_skew': 86.231, 'valid/acc_align': 88.754, 'test/acc': 86.203, 'test/acc_unbiased': 86.255, 'test/diff': 4.561, 'test/acc_skew': 83.974, 'test/acc_align': 88.536}
[16 / 20] best valid accuracy: 87.724 at epoch 12 
 best_stats: {'best_valid_epoch': 12, 'best_valid_valid/acc': 87.342, 'best_valid_valid/acc_unbiased': 87.724, 'best_valid_valid/diff': 2.404, 'best_valid_valid/acc_skew': 86.522, 'best_valid_valid/acc_align': 88.926, 'best_valid_test/acc': 86.54, 'best_valid_test/acc_unbiased': 86.773, 'best_valid_test/diff': 3.355, 'best_valid_test/acc_skew': 85.096, 'best_valid_test/acc_align': 88.45}
[16 / 20] best test accuracy: 86.773 at epoch 12 
 best_stats: {'best_test_epoch': 12, 'best_test_valid/acc': 87.342, 'best_test_valid/acc_unbiased': 87.724, 'best_test_valid/diff': 2.404, 'best_test_valid/acc_skew': 86.522, 'best_test_valid/acc_align': 88.926, 'best_test_test/acc': 86.54, 'best_test_test/acc_unbiased': 86.773, 'best_test_test/diff': 3.355, 'best_test_test/acc_skew': 85.096, 'best_test_test/acc_align': 88.45}
[17 / 20] Learning rate: 1e-05 weight: 0.01
[17 / 20] Loss: 4.5978367045892625 CE Loss: 0.29096495219414964 Con Loss: 4.5949270882334226
[17 / 20] tensor([[0.858, 0.809],
        [0.870, 0.917]]) {'epoch': 17, 'valid/acc': 87.173, 'valid/acc_unbiased': 87.408, 'valid/diff': 2.572, 'valid/acc_skew': 86.122, 'valid/acc_align': 88.694, 'test/acc': 86.329, 'test/acc_unbiased': 86.37, 'test/diff': 4.782, 'test/acc_skew': 83.979, 'test/acc_align': 88.761}
[17 / 20] best valid accuracy: 87.724 at epoch 12 
 best_stats: {'best_valid_epoch': 12, 'best_valid_valid/acc': 87.342, 'best_valid_valid/acc_unbiased': 87.724, 'best_valid_valid/diff': 2.404, 'best_valid_valid/acc_skew': 86.522, 'best_valid_valid/acc_align': 88.926, 'best_valid_test/acc': 86.54, 'best_valid_test/acc_unbiased': 86.773, 'best_valid_test/diff': 3.355, 'best_valid_test/acc_skew': 85.096, 'best_valid_test/acc_align': 88.45}
[17 / 20] best test accuracy: 86.773 at epoch 12 
 best_stats: {'best_test_epoch': 12, 'best_test_valid/acc': 87.342, 'best_test_valid/acc_unbiased': 87.724, 'best_test_valid/diff': 2.404, 'best_test_valid/acc_skew': 86.522, 'best_test_valid/acc_align': 88.926, 'best_test_test/acc': 86.54, 'best_test_test/acc_unbiased': 86.773, 'best_test_test/diff': 3.355, 'best_test_test/acc_skew': 85.096, 'best_test_test/acc_align': 88.45}
[18 / 20] Learning rate: 1e-05 weight: 0.01
[18 / 20] Loss: 4.600080617175793 CE Loss: 0.28937138051972733 Con Loss: 4.597186905398725
[18 / 20] tensor([[0.853, 0.805],
        [0.881, 0.917]]) {'epoch': 18, 'valid/acc': 87.257, 'valid/acc_unbiased': 87.541, 'valid/diff': 2.255, 'valid/acc_skew': 86.414, 'valid/acc_align': 88.669, 'test/acc': 86.287, 'test/acc_unbiased': 86.395, 'test/diff': 4.193, 'test/acc_skew': 84.299, 'test/acc_align': 88.492}
[18 / 20] best valid accuracy: 87.724 at epoch 12 
 best_stats: {'best_valid_epoch': 12, 'best_valid_valid/acc': 87.342, 'best_valid_valid/acc_unbiased': 87.724, 'best_valid_valid/diff': 2.404, 'best_valid_valid/acc_skew': 86.522, 'best_valid_valid/acc_align': 88.926, 'best_valid_test/acc': 86.54, 'best_valid_test/acc_unbiased': 86.773, 'best_valid_test/diff': 3.355, 'best_valid_test/acc_skew': 85.096, 'best_valid_test/acc_align': 88.45}
[18 / 20] best test accuracy: 86.773 at epoch 12 
 best_stats: {'best_test_epoch': 12, 'best_test_valid/acc': 87.342, 'best_test_valid/acc_unbiased': 87.724, 'best_test_valid/diff': 2.404, 'best_test_valid/acc_skew': 86.522, 'best_test_valid/acc_align': 88.926, 'best_test_test/acc': 86.54, 'best_test_test/acc_unbiased': 86.773, 'best_test_test/diff': 3.355, 'best_test_test/acc_skew': 85.096, 'best_test_test/acc_align': 88.45}
[19 / 20] Learning rate: 1e-05 weight: 0.01
[19 / 20] Loss: 4.590415834507866 CE Loss: 0.29346449697174753 Con Loss: 4.5874811796632375
[19 / 20] tensor([[0.853, 0.811],
        [0.881, 0.918]]) {'epoch': 19, 'valid/acc': 87.342, 'valid/acc_unbiased': 87.612, 'valid/diff': 2.251, 'valid/acc_skew': 86.487, 'valid/acc_align': 88.738, 'test/acc': 86.498, 'test/acc_unbiased': 86.58, 'test/diff': 3.972, 'test/acc_skew': 84.594, 'test/acc_align': 88.566}
[19 / 20] best valid accuracy: 87.724 at epoch 12 
 best_stats: {'best_valid_epoch': 12, 'best_valid_valid/acc': 87.342, 'best_valid_valid/acc_unbiased': 87.724, 'best_valid_valid/diff': 2.404, 'best_valid_valid/acc_skew': 86.522, 'best_valid_valid/acc_align': 88.926, 'best_valid_test/acc': 86.54, 'best_valid_test/acc_unbiased': 86.773, 'best_valid_test/diff': 3.355, 'best_valid_test/acc_skew': 85.096, 'best_valid_test/acc_align': 88.45}
[19 / 20] best test accuracy: 86.773 at epoch 12 
 best_stats: {'best_test_epoch': 12, 'best_test_valid/acc': 87.342, 'best_test_valid/acc_unbiased': 87.724, 'best_test_valid/diff': 2.404, 'best_test_valid/acc_skew': 86.522, 'best_test_valid/acc_align': 88.926, 'best_test_test/acc': 86.54, 'best_test_test/acc_unbiased': 86.773, 'best_test_test/diff': 3.355, 'best_test_test/acc_skew': 85.096, 'best_test_test/acc_align': 88.45}
[20 / 20] Learning rate: 1e-05 weight: 0.01
[20 / 20] Loss: 4.59472823876064 CE Loss: 0.2857846418071107 Con Loss: 4.591870393794941
[20 / 20] tensor([[0.849, 0.798],
        [0.881, 0.921]]) {'epoch': 20, 'valid/acc': 87.384, 'valid/acc_unbiased': 87.701, 'valid/diff': 2.211, 'valid/acc_skew': 86.596, 'valid/acc_align': 88.807, 'test/acc': 86.118, 'test/acc_unbiased': 86.232, 'test/diff': 4.606, 'test/acc_skew': 83.929, 'test/acc_align': 88.536}
[20 / 20] best valid accuracy: 87.724 at epoch 12 
 best_stats: {'best_valid_epoch': 12, 'best_valid_valid/acc': 87.342, 'best_valid_valid/acc_unbiased': 87.724, 'best_valid_valid/diff': 2.404, 'best_valid_valid/acc_skew': 86.522, 'best_valid_valid/acc_align': 88.926, 'best_valid_test/acc': 86.54, 'best_valid_test/acc_unbiased': 86.773, 'best_valid_test/diff': 3.355, 'best_valid_test/acc_skew': 85.096, 'best_valid_test/acc_align': 88.45}
[20 / 20] best test accuracy: 86.773 at epoch 12 
 best_stats: {'best_test_epoch': 12, 'best_test_valid/acc': 87.342, 'best_test_valid/acc_unbiased': 87.724, 'best_test_valid/diff': 2.404, 'best_test_valid/acc_skew': 86.522, 'best_test_valid/acc_align': 88.926, 'best_test_test/acc': 86.54, 'best_test_test/acc_unbiased': 86.773, 'best_test_test/diff': 3.355, 'best_test_test/acc_skew': 85.096, 'best_test_test/acc_align': 88.45}
Total training time: 0:23:50
