Log level set to: INFO
Set seed: 1
=======> Using Fixed Random Seed: 1 <========
save_path: exp_results/bc-bb0-utk_face_race-rotate_color_blur-0.9-lr0.001-bs128-cbs64-w0.01-ratio10-aug1-seed1
get_utk_face - split: train, aug: False, given_y: True, ratio: 0
use existing biased_utk_face from data/utk_face/pickles/biased_utk_face-target_gender-bias_race-0.9
Distribution Before Sampling: 
===================================
Binary Labels Distribution: 
Binary Target 0
---------------------------
Target 0: [4407, 552]
Target 1: [440, 5529]
Binary Target 1
---------------------------
Target 0: [4407, 552]
Target 1: [440, 5529]
===================================
Normal Label Distribution: 
Target 0: [4407, 552]
Target 1: [440, 5529]
===================================
Distribution After Sampling: 
===================================
Binary Labels Distribution: 
Binary Target 0
---------------------------
Target 0: [4407, 552]
Target 1: [440, 5529]
Binary Target 1
---------------------------
Target 0: [4407, 552]
Target 1: [440, 5529]
===================================
Normal Label Distribution: 
Target 0: [4407, 552]
Target 1: [440, 5529]
===================================
Use BiasedUTKFace - target_attr: gender
BiasedUTKFace -- total: 10928, target_attr: gender, bias_attr: race bias_rate: 0.9
['[train] target_0-bias_0: 4407', '[train] target_0-bias_1: 552', '[train] target_1-bias_0: 440', '[train] target_1-bias_1: 5529']
confusion_matrix - 
 original: tensor([[4407.,  440.],
        [ 552., 5529.]]), 
 normalized: tensor([[0.909, 0.091],
        [0.091, 0.909]]), 
 b|y: tensor([[0.889, 0.111],
        [0.074, 0.926]])
get_utk_face - split: train, aug: 1, given_y: True, ratio: 10
use existing biased_utk_face from data/utk_face/pickles/biased_utk_face-target_gender-bias_race-0.9
Distribution Before Sampling: 
===================================
Binary Labels Distribution: 
Binary Target 0
---------------------------
Target 0: [4407, 552]
Target 1: [440, 5529]
Binary Target 1
---------------------------
Target 0: [4407, 552]
Target 1: [440, 5529]
===================================
Normal Label Distribution: 
Target 0: [4407, 552]
Target 1: [440, 5529]
===================================
Distribution After Sampling: 
===================================
Binary Labels Distribution: 
Binary Target 0
---------------------------
Target 0: [4407, 552]
Target 1: [440, 5529]
Binary Target 1
---------------------------
Target 0: [4407, 552]
Target 1: [440, 5529]
===================================
Normal Label Distribution: 
Target 0: [4407, 552]
Target 1: [440, 5529]
===================================
Use BiasedUTKFace - target_attr: gender
BiasedUTKFace -- total: 10928, target_attr: gender, bias_attr: race bias_rate: 0.9
['[train] target_0-bias_0: 4407', '[train] target_0-bias_1: 552', '[train] target_1-bias_0: 440', '[train] target_1-bias_1: 5529']
get_utk_face - split: valid, aug: False, given_y: True, ratio: 0
use existing biased_utk_face from data/utk_face/pickles/biased_utk_face-target_gender-bias_race-0.9
Distribution Before Sampling: 
===================================
Binary Labels Distribution: 
Binary Target 0
---------------------------
Target 0: [583, 684]
Target 1: [457, 646]
Binary Target 1
---------------------------
Target 0: [583, 684]
Target 1: [457, 646]
===================================
Normal Label Distribution: 
Target 0: [583, 684]
Target 1: [457, 646]
===================================
Use BiasedUTKFace - target_attr: gender
BiasedUTKFace -- total: 2370, target_attr: gender, bias_attr: race bias_rate: 0.9
['[valid] target_0-bias_0: 583', '[valid] target_0-bias_1: 684', '[valid] target_1-bias_0: 457', '[valid] target_1-bias_1: 646']
get_utk_face - split: test, aug: False, given_y: True, ratio: 0
use existing biased_utk_face from data/utk_face/pickles/biased_utk_face-target_gender-bias_race-0.9
Distribution Before Sampling: 
===================================
Binary Labels Distribution: 
Binary Target 0
---------------------------
Target 0: [558, 677]
Target 1: [462, 673]
Binary Target 1
---------------------------
Target 0: [558, 677]
Target 1: [462, 673]
===================================
Normal Label Distribution: 
Target 0: [558, 677]
Target 1: [462, 673]
===================================
Use BiasedUTKFace - target_attr: gender
BiasedUTKFace -- total: 2370, target_attr: gender, bias_attr: race bias_rate: 0.9
['[test] target_0-bias_0: 558', '[test] target_0-bias_1: 677', '[test] target_1-bias_0: 462', '[test] target_1-bias_1: 673']
decay_epochs: [6, 13]
[1 / 20] Learning rate: 0.001 weight: 0.01
[1 / 20] Loss: 4.9181106806150465 CE Loss: 0.6398629936257358 Con Loss: 4.911712037696671
[1 / 20] tensor([[0.887, 0.858],
        [0.444, 0.539]]) {'epoch': 1, 'valid/acc': 69.325, 'valid/acc_unbiased': 67.772, 'valid/diff': 5.817, 'valid/acc_skew': 64.863, 'valid/acc_align': 70.681, 'test/acc': 69.367, 'test/acc_unbiased': 68.21, 'test/diff': 6.228, 'test/acc_skew': 65.096, 'test/acc_align': 71.324}
[1 / 20] best valid accuracy: 67.772 at epoch 1 
 best_stats: {'best_valid_epoch': 1, 'best_valid_valid/acc': 69.325, 'best_valid_valid/acc_unbiased': 67.772, 'best_valid_valid/diff': 5.817, 'best_valid_valid/acc_skew': 64.863, 'best_valid_valid/acc_align': 70.681, 'best_valid_test/acc': 69.367, 'best_valid_test/acc_unbiased': 68.21, 'best_valid_test/diff': 6.228, 'best_valid_test/acc_skew': 65.096, 'best_valid_test/acc_align': 71.324}
[1 / 20] best test accuracy: 68.210 at epoch 1 
 best_stats: {'best_test_epoch': 1, 'best_test_valid/acc': 69.325, 'best_test_valid/acc_unbiased': 67.772, 'best_test_valid/diff': 5.817, 'best_test_valid/acc_skew': 64.863, 'best_test_valid/acc_align': 70.681, 'best_test_test/acc': 69.367, 'best_test_test/acc_unbiased': 68.21, 'best_test_test/diff': 6.228, 'best_test_test/acc_skew': 65.096, 'best_test_test/acc_align': 71.324}
[2 / 20] Learning rate: 0.001 weight: 0.01
[2 / 20] Loss: 4.830580205205244 CE Loss: 0.5954971981083491 Con Loss: 4.824625238667121
[2 / 20] tensor([[0.849, 0.786],
        [0.600, 0.694]]) {'epoch': 2, 'valid/acc': 74.008, 'valid/acc_unbiased': 72.977, 'valid/diff': 6.461, 'valid/acc_skew': 69.747, 'valid/acc_align': 76.207, 'test/acc': 73.84, 'test/acc_unbiased': 73.219, 'test/diff': 7.899, 'test/acc_skew': 69.269, 'test/acc_align': 77.169}
[2 / 20] best valid accuracy: 72.977 at epoch 2 
 best_stats: {'best_valid_epoch': 2, 'best_valid_valid/acc': 74.008, 'best_valid_valid/acc_unbiased': 72.977, 'best_valid_valid/diff': 6.461, 'best_valid_valid/acc_skew': 69.747, 'best_valid_valid/acc_align': 76.207, 'best_valid_test/acc': 73.84, 'best_valid_test/acc_unbiased': 73.219, 'best_valid_test/diff': 7.899, 'best_valid_test/acc_skew': 69.269, 'best_valid_test/acc_align': 77.169}
[2 / 20] best test accuracy: 73.219 at epoch 2 
 best_stats: {'best_test_epoch': 2, 'best_test_valid/acc': 74.008, 'best_test_valid/acc_unbiased': 72.977, 'best_test_valid/diff': 6.461, 'best_test_valid/acc_skew': 69.747, 'best_test_valid/acc_align': 76.207, 'best_test_test/acc': 73.84, 'best_test_test/acc_unbiased': 73.219, 'best_test_test/diff': 7.899, 'best_test_test/acc_skew': 69.269, 'best_test_test/acc_align': 77.169}
[3 / 20] Learning rate: 0.001 weight: 0.01
[3 / 20] Loss: 4.820631850341752 CE Loss: 0.5581583107547564 Con Loss: 4.815050260563371
[3 / 20] tensor([[0.692, 0.604],
        [0.781, 0.834]]) {'epoch': 3, 'valid/acc': 72.869, 'valid/acc_unbiased': 73.455, 'valid/diff': 5.054, 'valid/acc_skew': 70.928, 'valid/acc_align': 75.982, 'test/acc': 72.447, 'test/acc_unbiased': 72.771, 'test/diff': 6.991, 'test/acc_skew': 69.276, 'test/acc_align': 76.267}
[3 / 20] best valid accuracy: 73.455 at epoch 3 
 best_stats: {'best_valid_epoch': 3, 'best_valid_valid/acc': 72.869, 'best_valid_valid/acc_unbiased': 73.455, 'best_valid_valid/diff': 5.054, 'best_valid_valid/acc_skew': 70.928, 'best_valid_valid/acc_align': 75.982, 'best_valid_test/acc': 72.447, 'best_valid_test/acc_unbiased': 72.771, 'best_valid_test/diff': 6.991, 'best_valid_test/acc_skew': 69.276, 'best_valid_test/acc_align': 76.267}
[3 / 20] best test accuracy: 73.219 at epoch 2 
 best_stats: {'best_test_epoch': 2, 'best_test_valid/acc': 74.008, 'best_test_valid/acc_unbiased': 72.977, 'best_test_valid/diff': 6.461, 'best_test_valid/acc_skew': 69.747, 'best_test_valid/acc_align': 76.207, 'best_test_test/acc': 73.84, 'best_test_test/acc_unbiased': 73.219, 'best_test_test/diff': 7.899, 'best_test_test/acc_skew': 69.269, 'best_test_test/acc_align': 77.169}
[4 / 20] Learning rate: 0.001 weight: 0.01
[4 / 20] Loss: 4.802205795773999 CE Loss: 0.5627491331903337 Con Loss: 4.796578303961244
[4 / 20] tensor([[0.561, 0.455],
        [0.857, 0.909]]) {'epoch': 4, 'valid/acc': 68.65, 'valid/acc_unbiased': 70.036, 'valid/diff': 5.031, 'valid/acc_skew': 67.521, 'valid/acc_align': 72.551, 'test/acc': 68.734, 'test/acc_unbiased': 69.56, 'test/diff': 7.91, 'test/acc_skew': 65.605, 'test/acc_align': 73.515}
[4 / 20] best valid accuracy: 73.455 at epoch 3 
 best_stats: {'best_valid_epoch': 3, 'best_valid_valid/acc': 72.869, 'best_valid_valid/acc_unbiased': 73.455, 'best_valid_valid/diff': 5.054, 'best_valid_valid/acc_skew': 70.928, 'best_valid_valid/acc_align': 75.982, 'best_valid_test/acc': 72.447, 'best_valid_test/acc_unbiased': 72.771, 'best_valid_test/diff': 6.991, 'best_valid_test/acc_skew': 69.276, 'best_valid_test/acc_align': 76.267}
[4 / 20] best test accuracy: 73.219 at epoch 2 
 best_stats: {'best_test_epoch': 2, 'best_test_valid/acc': 74.008, 'best_test_valid/acc_unbiased': 72.977, 'best_test_valid/diff': 6.461, 'best_test_valid/acc_skew': 69.747, 'best_test_valid/acc_align': 76.207, 'best_test_test/acc': 73.84, 'best_test_test/acc_unbiased': 73.219, 'best_test_test/diff': 7.899, 'best_test_test/acc_skew': 69.269, 'best_test_test/acc_align': 77.169}
[5 / 20] Learning rate: 0.001 weight: 0.01
[5 / 20] Loss: 4.8069319431813184 CE Loss: 0.5568089551492805 Con Loss: 4.801363850058784
[5 / 20] tensor([[0.754, 0.716],
        [0.729, 0.789]]) {'epoch': 5, 'valid/acc': 74.937, 'valid/acc_unbiased': 75.086, 'valid/diff': 1.075, 'valid/acc_skew': 75.025, 'valid/acc_align': 75.147, 'test/acc': 74.852, 'test/acc_unbiased': 74.733, 'test/diff': 4.883, 'test/acc_skew': 72.292, 'test/acc_align': 77.174}
[5 / 20] best valid accuracy: 75.086 at epoch 5 
 best_stats: {'best_valid_epoch': 5, 'best_valid_valid/acc': 74.937, 'best_valid_valid/acc_unbiased': 75.086, 'best_valid_valid/diff': 1.075, 'best_valid_valid/acc_skew': 75.025, 'best_valid_valid/acc_align': 75.147, 'best_valid_test/acc': 74.852, 'best_valid_test/acc_unbiased': 74.733, 'best_valid_test/diff': 4.883, 'best_valid_test/acc_skew': 72.292, 'best_valid_test/acc_align': 77.174}
[5 / 20] best test accuracy: 74.733 at epoch 5 
 best_stats: {'best_test_epoch': 5, 'best_test_valid/acc': 74.937, 'best_test_valid/acc_unbiased': 75.086, 'best_test_valid/diff': 1.075, 'best_test_valid/acc_skew': 75.025, 'best_test_valid/acc_align': 75.147, 'best_test_test/acc': 74.852, 'best_test_test/acc_unbiased': 74.733, 'best_test_test/diff': 4.883, 'best_test_test/acc_skew': 72.292, 'best_test_test/acc_align': 77.174}
[6 / 20] Learning rate: 0.001 weight: 0.01
[6 / 20] Loss: 4.78909378205351 CE Loss: 0.5605948127555289 Con Loss: 4.783487830992848
[6 / 20] tensor([[0.737, 0.688],
        [0.762, 0.829]]) {'epoch': 6, 'valid/acc': 75.021, 'valid/acc_unbiased': 75.447, 'valid/diff': 2.29, 'valid/acc_skew': 76.592, 'valid/acc_align': 74.302, 'test/acc': 75.401, 'test/acc_unbiased': 75.398, 'test/diff': 5.772, 'test/acc_skew': 72.512, 'test/acc_align': 78.284}
[6 / 20] best valid accuracy: 75.447 at epoch 6 
 best_stats: {'best_valid_epoch': 6, 'best_valid_valid/acc': 75.021, 'best_valid_valid/acc_unbiased': 75.447, 'best_valid_valid/diff': 2.29, 'best_valid_valid/acc_skew': 76.592, 'best_valid_valid/acc_align': 74.302, 'best_valid_test/acc': 75.401, 'best_valid_test/acc_unbiased': 75.398, 'best_valid_test/diff': 5.772, 'best_valid_test/acc_skew': 72.512, 'best_valid_test/acc_align': 78.284}
[6 / 20] best test accuracy: 75.398 at epoch 6 
 best_stats: {'best_test_epoch': 6, 'best_test_valid/acc': 75.021, 'best_test_valid/acc_unbiased': 75.447, 'best_test_valid/diff': 2.29, 'best_test_valid/acc_skew': 76.592, 'best_test_valid/acc_align': 74.302, 'best_test_test/acc': 75.401, 'best_test_test/acc_unbiased': 75.398, 'best_test_test/diff': 5.772, 'best_test_test/acc_skew': 72.512, 'best_test_test/acc_align': 78.284}
[7 / 20] Learning rate: 0.0001 weight: 0.01
[7 / 20] Loss: 4.7517419768985505 CE Loss: 0.5199939345894586 Con Loss: 4.746542024402982
[7 / 20] tensor([[0.765, 0.685],
        [0.794, 0.844]]) {'epoch': 7, 'valid/acc': 77.089, 'valid/acc_unbiased': 77.477, 'valid/diff': 1.553, 'valid/acc_skew': 76.7, 'valid/acc_align': 78.253, 'test/acc': 77.046, 'test/acc_unbiased': 77.224, 'test/diff': 6.473, 'test/acc_skew': 73.987, 'test/acc_align': 80.461}
[7 / 20] best valid accuracy: 77.477 at epoch 7 
 best_stats: {'best_valid_epoch': 7, 'best_valid_valid/acc': 77.089, 'best_valid_valid/acc_unbiased': 77.477, 'best_valid_valid/diff': 1.553, 'best_valid_valid/acc_skew': 76.7, 'best_valid_valid/acc_align': 78.253, 'best_valid_test/acc': 77.046, 'best_valid_test/acc_unbiased': 77.224, 'best_valid_test/diff': 6.473, 'best_valid_test/acc_skew': 73.987, 'best_valid_test/acc_align': 80.461}
[7 / 20] best test accuracy: 77.224 at epoch 7 
 best_stats: {'best_test_epoch': 7, 'best_test_valid/acc': 77.089, 'best_test_valid/acc_unbiased': 77.477, 'best_test_valid/diff': 1.553, 'best_test_valid/acc_skew': 76.7, 'best_test_valid/acc_align': 78.253, 'best_test_test/acc': 77.046, 'best_test_test/acc_unbiased': 77.224, 'best_test_test/diff': 6.473, 'best_test_test/acc_skew': 73.987, 'best_test_test/acc_align': 80.461}
[8 / 20] Learning rate: 0.0001 weight: 0.01
[8 / 20] Loss: 4.730652732346452 CE Loss: 0.5171062177044407 Con Loss: 4.725481668642639
[8 / 20] tensor([[0.805, 0.737],
        [0.745, 0.813]]) {'epoch': 8, 'valid/acc': 78.608, 'valid/acc_unbiased': 78.649, 'valid/diff': 2.061, 'valid/acc_skew': 77.619, 'valid/acc_align': 79.68, 'test/acc': 77.595, 'test/acc_unbiased': 77.478, 'test/diff': 6.789, 'test/acc_skew': 74.083, 'test/acc_align': 80.872}
[8 / 20] best valid accuracy: 78.649 at epoch 8 
 best_stats: {'best_valid_epoch': 8, 'best_valid_valid/acc': 78.608, 'best_valid_valid/acc_unbiased': 78.649, 'best_valid_valid/diff': 2.061, 'best_valid_valid/acc_skew': 77.619, 'best_valid_valid/acc_align': 79.68, 'best_valid_test/acc': 77.595, 'best_valid_test/acc_unbiased': 77.478, 'best_valid_test/diff': 6.789, 'best_valid_test/acc_skew': 74.083, 'best_valid_test/acc_align': 80.872}
[8 / 20] best test accuracy: 77.478 at epoch 8 
 best_stats: {'best_test_epoch': 8, 'best_test_valid/acc': 78.608, 'best_test_valid/acc_unbiased': 78.649, 'best_test_valid/diff': 2.061, 'best_test_valid/acc_skew': 77.619, 'best_test_valid/acc_align': 79.68, 'best_test_test/acc': 77.595, 'best_test_test/acc_unbiased': 77.478, 'best_test_test/diff': 6.789, 'best_test_test/acc_skew': 74.083, 'best_test_test/acc_align': 80.872}
[9 / 20] Learning rate: 0.0001 weight: 0.01
[9 / 20] Loss: 4.7143399153412 CE Loss: 0.5083509612484872 Con Loss: 4.709256408853378
[9 / 20] tensor([[0.751, 0.668],
        [0.812, 0.869]]) {'epoch': 9, 'valid/acc': 77.679, 'valid/acc_unbiased': 78.057, 'valid/diff': 3.882, 'valid/acc_skew': 76.116, 'valid/acc_align': 79.998, 'test/acc': 77.257, 'test/acc_unbiased': 77.487, 'test/diff': 7.04, 'test/acc_skew': 73.967, 'test/acc_align': 81.007}
[9 / 20] best valid accuracy: 78.649 at epoch 8 
 best_stats: {'best_valid_epoch': 8, 'best_valid_valid/acc': 78.608, 'best_valid_valid/acc_unbiased': 78.649, 'best_valid_valid/diff': 2.061, 'best_valid_valid/acc_skew': 77.619, 'best_valid_valid/acc_align': 79.68, 'best_valid_test/acc': 77.595, 'best_valid_test/acc_unbiased': 77.478, 'best_valid_test/diff': 6.789, 'best_valid_test/acc_skew': 74.083, 'best_valid_test/acc_align': 80.872}
[9 / 20] best test accuracy: 77.487 at epoch 9 
 best_stats: {'best_test_epoch': 9, 'best_test_valid/acc': 77.679, 'best_test_valid/acc_unbiased': 78.057, 'best_test_valid/diff': 3.882, 'best_test_valid/acc_skew': 76.116, 'best_test_valid/acc_align': 79.998, 'best_test_test/acc': 77.257, 'best_test_test/acc_unbiased': 77.487, 'best_test_test/diff': 7.04, 'best_test_test/acc_skew': 73.967, 'best_test_test/acc_align': 81.007}
[10 / 20] Learning rate: 0.0001 weight: 0.01
[10 / 20] Loss: 4.706280097430831 CE Loss: 0.4947069115380417 Con Loss: 4.701333048752077
[10 / 20] tensor([[0.808, 0.718],
        [0.755, 0.841]]) {'epoch': 10, 'valid/acc': 78.397, 'valid/acc_unbiased': 78.485, 'valid/diff': 3.926, 'valid/acc_skew': 76.522, 'valid/acc_align': 80.448, 'test/acc': 78.143, 'test/acc_unbiased': 78.063, 'test/diff': 8.798, 'test/acc_skew': 73.664, 'test/acc_align': 82.463}
[10 / 20] best valid accuracy: 78.649 at epoch 8 
 best_stats: {'best_valid_epoch': 8, 'best_valid_valid/acc': 78.608, 'best_valid_valid/acc_unbiased': 78.649, 'best_valid_valid/diff': 2.061, 'best_valid_valid/acc_skew': 77.619, 'best_valid_valid/acc_align': 79.68, 'best_valid_test/acc': 77.595, 'best_valid_test/acc_unbiased': 77.478, 'best_valid_test/diff': 6.789, 'best_valid_test/acc_skew': 74.083, 'best_valid_test/acc_align': 80.872}
[10 / 20] best test accuracy: 78.063 at epoch 10 
 best_stats: {'best_test_epoch': 10, 'best_test_valid/acc': 78.397, 'best_test_valid/acc_unbiased': 78.485, 'best_test_valid/diff': 3.926, 'best_test_valid/acc_skew': 76.522, 'best_test_valid/acc_align': 80.448, 'best_test_test/acc': 78.143, 'best_test_test/acc_unbiased': 78.063, 'best_test_test/diff': 8.798, 'best_test_test/acc_skew': 73.664, 'best_test_test/acc_align': 82.463}
[11 / 20] Learning rate: 0.0001 weight: 0.01
[11 / 20] Loss: 4.680916854612649 CE Loss: 0.4950763327485471 Con Loss: 4.675966119696421
[11 / 20] tensor([[0.774, 0.675],
        [0.792, 0.862]]) {'epoch': 11, 'valid/acc': 78.565, 'valid/acc_unbiased': 78.969, 'valid/diff': 3.515, 'valid/acc_skew': 77.211, 'valid/acc_align': 80.726, 'test/acc': 77.426, 'test/acc_unbiased': 77.581, 'test/diff': 8.438, 'test/acc_skew': 73.362, 'test/acc_align': 81.8}
[11 / 20] best valid accuracy: 78.969 at epoch 11 
 best_stats: {'best_valid_epoch': 11, 'best_valid_valid/acc': 78.565, 'best_valid_valid/acc_unbiased': 78.969, 'best_valid_valid/diff': 3.515, 'best_valid_valid/acc_skew': 77.211, 'best_valid_valid/acc_align': 80.726, 'best_valid_test/acc': 77.426, 'best_valid_test/acc_unbiased': 77.581, 'best_valid_test/diff': 8.438, 'best_valid_test/acc_skew': 73.362, 'best_valid_test/acc_align': 81.8}
[11 / 20] best test accuracy: 78.063 at epoch 10 
 best_stats: {'best_test_epoch': 10, 'best_test_valid/acc': 78.397, 'best_test_valid/acc_unbiased': 78.485, 'best_test_valid/diff': 3.926, 'best_test_valid/acc_skew': 76.522, 'best_test_valid/acc_align': 80.448, 'best_test_test/acc': 78.143, 'best_test_test/acc_unbiased': 78.063, 'best_test_test/diff': 8.798, 'best_test_test/acc_skew': 73.664, 'best_test_test/acc_align': 82.463}
[12 / 20] Learning rate: 0.0001 weight: 0.01
[12 / 20] Loss: 4.674188278080953 CE Loss: 0.492232276353096 Con Loss: 4.669265942552602
[12 / 20] tensor([[0.796, 0.687],
        [0.779, 0.866]]) {'epoch': 12, 'valid/acc': 78.27, 'valid/acc_unbiased': 78.503, 'valid/diff': 4.551, 'valid/acc_skew': 76.227, 'valid/acc_align': 80.778, 'test/acc': 78.143, 'test/acc_unbiased': 78.201, 'test/diff': 9.795, 'test/acc_skew': 73.304, 'test/acc_align': 83.098}
[12 / 20] best valid accuracy: 78.969 at epoch 11 
 best_stats: {'best_valid_epoch': 11, 'best_valid_valid/acc': 78.565, 'best_valid_valid/acc_unbiased': 78.969, 'best_valid_valid/diff': 3.515, 'best_valid_valid/acc_skew': 77.211, 'best_valid_valid/acc_align': 80.726, 'best_valid_test/acc': 77.426, 'best_valid_test/acc_unbiased': 77.581, 'best_valid_test/diff': 8.438, 'best_valid_test/acc_skew': 73.362, 'best_valid_test/acc_align': 81.8}
[12 / 20] best test accuracy: 78.201 at epoch 12 
 best_stats: {'best_test_epoch': 12, 'best_test_valid/acc': 78.27, 'best_test_valid/acc_unbiased': 78.503, 'best_test_valid/diff': 4.551, 'best_test_valid/acc_skew': 76.227, 'best_test_valid/acc_align': 80.778, 'best_test_test/acc': 78.143, 'best_test_test/acc_unbiased': 78.201, 'best_test_test/diff': 9.795, 'best_test_test/acc_skew': 73.304, 'best_test_test/acc_align': 83.098}
[13 / 20] Learning rate: 0.0001 weight: 0.01
[13 / 20] Loss: 4.66210253381799 CE Loss: 0.48522239508949994 Con Loss: 4.657250312201973
[13 / 20] tensor([[0.760, 0.647],
        [0.823, 0.890]]) {'epoch': 13, 'valid/acc': 77.764, 'valid/acc_unbiased': 78.169, 'valid/diff': 6.08, 'valid/acc_skew': 75.129, 'valid/acc_align': 81.209, 'test/acc': 77.679, 'test/acc_unbiased': 77.985, 'test/diff': 9.021, 'test/acc_skew': 73.474, 'test/acc_align': 82.495}
[13 / 20] best valid accuracy: 78.969 at epoch 11 
 best_stats: {'best_valid_epoch': 11, 'best_valid_valid/acc': 78.565, 'best_valid_valid/acc_unbiased': 78.969, 'best_valid_valid/diff': 3.515, 'best_valid_valid/acc_skew': 77.211, 'best_valid_valid/acc_align': 80.726, 'best_valid_test/acc': 77.426, 'best_valid_test/acc_unbiased': 77.581, 'best_valid_test/diff': 8.438, 'best_valid_test/acc_skew': 73.362, 'best_valid_test/acc_align': 81.8}
[13 / 20] best test accuracy: 78.201 at epoch 12 
 best_stats: {'best_test_epoch': 12, 'best_test_valid/acc': 78.27, 'best_test_valid/acc_unbiased': 78.503, 'best_test_valid/diff': 4.551, 'best_test_valid/acc_skew': 76.227, 'best_test_valid/acc_align': 80.778, 'best_test_test/acc': 78.143, 'best_test_test/acc_unbiased': 78.201, 'best_test_test/diff': 9.795, 'best_test_test/acc_skew': 73.304, 'best_test_test/acc_align': 83.098}
[14 / 20] Learning rate: 1e-05 weight: 0.01
[14 / 20] Loss: 4.653048039878968 CE Loss: 0.47270420743466124 Con Loss: 4.648320985573451
[14 / 20] tensor([[0.771, 0.662],
        [0.814, 0.883]]) {'epoch': 14, 'valid/acc': 77.848, 'valid/acc_unbiased': 78.163, 'valid/diff': 5.628, 'valid/acc_skew': 75.349, 'valid/acc_align': 80.977, 'test/acc': 77.975, 'test/acc_unbiased': 78.221, 'test/diff': 8.881, 'test/acc_skew': 73.78, 'test/acc_align': 82.661}
[14 / 20] best valid accuracy: 78.969 at epoch 11 
 best_stats: {'best_valid_epoch': 11, 'best_valid_valid/acc': 78.565, 'best_valid_valid/acc_unbiased': 78.969, 'best_valid_valid/diff': 3.515, 'best_valid_valid/acc_skew': 77.211, 'best_valid_valid/acc_align': 80.726, 'best_valid_test/acc': 77.426, 'best_valid_test/acc_unbiased': 77.581, 'best_valid_test/diff': 8.438, 'best_valid_test/acc_skew': 73.362, 'best_valid_test/acc_align': 81.8}
[14 / 20] best test accuracy: 78.221 at epoch 14 
 best_stats: {'best_test_epoch': 14, 'best_test_valid/acc': 77.848, 'best_test_valid/acc_unbiased': 78.163, 'best_test_valid/diff': 5.628, 'best_test_valid/acc_skew': 75.349, 'best_test_valid/acc_align': 80.977, 'best_test_test/acc': 77.975, 'best_test_test/acc_unbiased': 78.221, 'best_test_test/diff': 8.881, 'best_test_test/acc_skew': 73.78, 'best_test_test/acc_align': 82.661}
[15 / 20] Learning rate: 1e-05 weight: 0.01
[15 / 20] Loss: 4.64635175353088 CE Loss: 0.4741582440684166 Con Loss: 4.6416101651170765
[15 / 20] tensor([[0.756, 0.654],
        [0.827, 0.889]]) {'epoch': 15, 'valid/acc': 77.468, 'valid/acc_unbiased': 77.899, 'valid/diff': 5.248, 'valid/acc_skew': 75.275, 'valid/acc_align': 80.523, 'test/acc': 77.848, 'test/acc_unbiased': 78.151, 'test/diff': 8.182, 'test/acc_skew': 74.06, 'test/acc_align': 82.242}
[15 / 20] best valid accuracy: 78.969 at epoch 11 
 best_stats: {'best_valid_epoch': 11, 'best_valid_valid/acc': 78.565, 'best_valid_valid/acc_unbiased': 78.969, 'best_valid_valid/diff': 3.515, 'best_valid_valid/acc_skew': 77.211, 'best_valid_valid/acc_align': 80.726, 'best_valid_test/acc': 77.426, 'best_valid_test/acc_unbiased': 77.581, 'best_valid_test/diff': 8.438, 'best_valid_test/acc_skew': 73.362, 'best_valid_test/acc_align': 81.8}
[15 / 20] best test accuracy: 78.221 at epoch 14 
 best_stats: {'best_test_epoch': 14, 'best_test_valid/acc': 77.848, 'best_test_valid/acc_unbiased': 78.163, 'best_test_valid/diff': 5.628, 'best_test_valid/acc_skew': 75.349, 'best_test_valid/acc_align': 80.977, 'best_test_test/acc': 77.975, 'best_test_test/acc_unbiased': 78.221, 'best_test_test/diff': 8.881, 'best_test_test/acc_skew': 73.78, 'best_test_test/acc_align': 82.661}
[16 / 20] Learning rate: 1e-05 weight: 0.01
[16 / 20] Loss: 4.636238503770284 CE Loss: 0.4737479031347775 Con Loss: 4.631501026069786
[16 / 20] tensor([[0.747, 0.644],
        [0.831, 0.896]]) {'epoch': 16, 'valid/acc': 77.173, 'valid/acc_unbiased': 77.674, 'valid/diff': 4.946, 'valid/acc_skew': 75.201, 'valid/acc_align': 80.147, 'test/acc': 77.637, 'test/acc_unbiased': 77.962, 'test/diff': 8.406, 'test/acc_skew': 73.759, 'test/acc_align': 82.165}
[16 / 20] best valid accuracy: 78.969 at epoch 11 
 best_stats: {'best_valid_epoch': 11, 'best_valid_valid/acc': 78.565, 'best_valid_valid/acc_unbiased': 78.969, 'best_valid_valid/diff': 3.515, 'best_valid_valid/acc_skew': 77.211, 'best_valid_valid/acc_align': 80.726, 'best_valid_test/acc': 77.426, 'best_valid_test/acc_unbiased': 77.581, 'best_valid_test/diff': 8.438, 'best_valid_test/acc_skew': 73.362, 'best_valid_test/acc_align': 81.8}
[16 / 20] best test accuracy: 78.221 at epoch 14 
 best_stats: {'best_test_epoch': 14, 'best_test_valid/acc': 77.848, 'best_test_valid/acc_unbiased': 78.163, 'best_test_valid/diff': 5.628, 'best_test_valid/acc_skew': 75.349, 'best_test_valid/acc_align': 80.977, 'best_test_test/acc': 77.975, 'best_test_test/acc_unbiased': 78.221, 'best_test_test/diff': 8.881, 'best_test_test/acc_skew': 73.78, 'best_test_test/acc_align': 82.661}
[17 / 20] Learning rate: 1e-05 weight: 0.01
[17 / 20] Loss: 4.646682031332661 CE Loss: 0.4747070273054466 Con Loss: 4.641934974301787
[17 / 20] tensor([[0.771, 0.650],
        [0.823, 0.886]]) {'epoch': 17, 'valid/acc': 78.312, 'valid/acc_unbiased': 78.695, 'valid/diff': 5.013, 'valid/acc_skew': 76.188, 'valid/acc_align': 81.201, 'test/acc': 77.89, 'test/acc_unbiased': 78.216, 'test/diff': 9.188, 'test/acc_skew': 73.622, 'test/acc_align': 82.81}
[17 / 20] best valid accuracy: 78.969 at epoch 11 
 best_stats: {'best_valid_epoch': 11, 'best_valid_valid/acc': 78.565, 'best_valid_valid/acc_unbiased': 78.969, 'best_valid_valid/diff': 3.515, 'best_valid_valid/acc_skew': 77.211, 'best_valid_valid/acc_align': 80.726, 'best_valid_test/acc': 77.426, 'best_valid_test/acc_unbiased': 77.581, 'best_valid_test/diff': 8.438, 'best_valid_test/acc_skew': 73.362, 'best_valid_test/acc_align': 81.8}
[17 / 20] best test accuracy: 78.221 at epoch 14 
 best_stats: {'best_test_epoch': 14, 'best_test_valid/acc': 77.848, 'best_test_valid/acc_unbiased': 78.163, 'best_test_valid/diff': 5.628, 'best_test_valid/acc_skew': 75.349, 'best_test_valid/acc_align': 80.977, 'best_test_test/acc': 77.975, 'best_test_test/acc_unbiased': 78.221, 'best_test_test/diff': 8.881, 'best_test_test/acc_skew': 73.78, 'best_test_test/acc_align': 82.661}
[18 / 20] Learning rate: 1e-05 weight: 0.01
[18 / 20] Loss: 4.624472826850187 CE Loss: 0.4740336890363763 Con Loss: 4.619732504882366
[18 / 20] tensor([[0.771, 0.672],
        [0.816, 0.872]]) {'epoch': 18, 'valid/acc': 78.439, 'valid/acc_unbiased': 78.783, 'valid/diff': 4.969, 'valid/acc_skew': 76.299, 'valid/acc_align': 81.268, 'test/acc': 78.017, 'test/acc_unbiased': 78.273, 'test/diff': 7.736, 'test/acc_skew': 74.405, 'test/acc_align': 82.141}
[18 / 20] best valid accuracy: 78.969 at epoch 11 
 best_stats: {'best_valid_epoch': 11, 'best_valid_valid/acc': 78.565, 'best_valid_valid/acc_unbiased': 78.969, 'best_valid_valid/diff': 3.515, 'best_valid_valid/acc_skew': 77.211, 'best_valid_valid/acc_align': 80.726, 'best_valid_test/acc': 77.426, 'best_valid_test/acc_unbiased': 77.581, 'best_valid_test/diff': 8.438, 'best_valid_test/acc_skew': 73.362, 'best_valid_test/acc_align': 81.8}
[18 / 20] best test accuracy: 78.273 at epoch 18 
 best_stats: {'best_test_epoch': 18, 'best_test_valid/acc': 78.439, 'best_test_valid/acc_unbiased': 78.783, 'best_test_valid/diff': 4.969, 'best_test_valid/acc_skew': 76.299, 'best_test_valid/acc_align': 81.268, 'best_test_test/acc': 78.017, 'best_test_test/acc_unbiased': 78.273, 'best_test_test/diff': 7.736, 'best_test_test/acc_skew': 74.405, 'best_test_test/acc_align': 82.141}
[19 / 20] Learning rate: 1e-05 weight: 0.01
[19 / 20] Loss: 4.62938631052154 CE Loss: 0.46999295001323194 Con Loss: 4.624686412895057
[19 / 20] tensor([[0.767, 0.669],
        [0.812, 0.883]]) {'epoch': 19, 'valid/acc': 78.397, 'valid/acc_unbiased': 78.796, 'valid/diff': 4.705, 'valid/acc_skew': 76.444, 'valid/acc_align': 81.149, 'test/acc': 78.059, 'test/acc_unbiased': 78.261, 'test/diff': 8.441, 'test/acc_skew': 74.041, 'test/acc_align': 82.482}
[19 / 20] best valid accuracy: 78.969 at epoch 11 
 best_stats: {'best_valid_epoch': 11, 'best_valid_valid/acc': 78.565, 'best_valid_valid/acc_unbiased': 78.969, 'best_valid_valid/diff': 3.515, 'best_valid_valid/acc_skew': 77.211, 'best_valid_valid/acc_align': 80.726, 'best_valid_test/acc': 77.426, 'best_valid_test/acc_unbiased': 77.581, 'best_valid_test/diff': 8.438, 'best_valid_test/acc_skew': 73.362, 'best_valid_test/acc_align': 81.8}
[19 / 20] best test accuracy: 78.273 at epoch 18 
 best_stats: {'best_test_epoch': 18, 'best_test_valid/acc': 78.439, 'best_test_valid/acc_unbiased': 78.783, 'best_test_valid/diff': 4.969, 'best_test_valid/acc_skew': 76.299, 'best_test_valid/acc_align': 81.268, 'best_test_test/acc': 78.017, 'best_test_test/acc_unbiased': 78.273, 'best_test_test/diff': 7.736, 'best_test_test/acc_skew': 74.405, 'best_test_test/acc_align': 82.141}
[20 / 20] Learning rate: 1e-05 weight: 0.01
[20 / 20] Loss: 4.633109745483622 CE Loss: 0.46463696115362524 Con Loss: 4.628463379984195
[20 / 20] tensor([[0.771, 0.672],
        [0.807, 0.875]]) {'epoch': 20, 'valid/acc': 79.03, 'valid/acc_unbiased': 79.389, 'valid/diff': 4.72, 'valid/acc_skew': 77.029, 'valid/acc_align': 81.749, 'test/acc': 77.932, 'test/acc_unbiased': 78.131, 'test/diff': 8.318, 'test/acc_skew': 73.972, 'test/acc_align': 82.29}
[20 / 20] best valid accuracy: 79.389 at epoch 20 
 best_stats: {'best_valid_epoch': 20, 'best_valid_valid/acc': 79.03, 'best_valid_valid/acc_unbiased': 79.389, 'best_valid_valid/diff': 4.72, 'best_valid_valid/acc_skew': 77.029, 'best_valid_valid/acc_align': 81.749, 'best_valid_test/acc': 77.932, 'best_valid_test/acc_unbiased': 78.131, 'best_valid_test/diff': 8.318, 'best_valid_test/acc_skew': 73.972, 'best_valid_test/acc_align': 82.29}
[20 / 20] best test accuracy: 78.273 at epoch 18 
 best_stats: {'best_test_epoch': 18, 'best_test_valid/acc': 78.439, 'best_test_valid/acc_unbiased': 78.783, 'best_test_valid/diff': 4.969, 'best_test_valid/acc_skew': 76.299, 'best_test_valid/acc_align': 81.268, 'best_test_test/acc': 78.017, 'best_test_test/acc_unbiased': 78.273, 'best_test_test/diff': 7.736, 'best_test_test/acc_skew': 74.405, 'best_test_test/acc_align': 82.141}
Total training time: 0:18:30
