Log level set to: INFO
Set seed: 3
=======> Using Fixed Random Seed: 3 <========
save_path: exp_results/bc-bb0-utk_face_race-os-0.95-lr0.001-bs128-cbs64-w0.01-ratio10-aug1-seed3
get_utk_face - split: train, aug: False, given_y: True, ratio: 0
use existing biased_utk_face from data/utk_face/pickles/biased_utk_face-target_gender-bias_race-0.95
Distribution Before Sampling: 
===================================
Binary Labels Distribution: 
Binary Target 0
---------------------------
Target 0: [4407, 276]
Target 1: [220, 5529]
Binary Target 1
---------------------------
Target 0: [4407, 276]
Target 1: [220, 5529]
===================================
Normal Label Distribution: 
Target 0: [4407, 276]
Target 1: [220, 5529]
===================================
Distribution After Sampling: 
===================================
Binary Labels Distribution: 
Binary Target 0
---------------------------
Target 0: [5529, 5529]
Target 1: [5529, 5529]
Binary Target 1
---------------------------
Target 0: [5529, 5529]
Target 1: [5529, 5529]
===================================
Normal Label Distribution: 
Target 0: [5529, 5529]
Target 1: [5529, 5529]
===================================
Use BiasedUTKFace - target_attr: gender
BiasedUTKFace -- total: 22116, target_attr: gender, bias_attr: race bias_rate: 0.95
['[train] target_0-bias_0: 5529', '[train] target_0-bias_1: 5529', '[train] target_1-bias_0: 5529', '[train] target_1-bias_1: 5529']
confusion_matrix - 
 original: tensor([[5529., 5529.],
        [5529., 5529.]]), 
 normalized: tensor([[0.500, 0.500],
        [0.500, 0.500]]), 
 b|y: tensor([[0.500, 0.500],
        [0.500, 0.500]])
get_utk_face - split: train, aug: 1, given_y: True, ratio: 10
use existing biased_utk_face from data/utk_face/pickles/biased_utk_face-target_gender-bias_race-0.95
Distribution Before Sampling: 
===================================
Binary Labels Distribution: 
Binary Target 0
---------------------------
Target 0: [4407, 276]
Target 1: [220, 5529]
Binary Target 1
---------------------------
Target 0: [4407, 276]
Target 1: [220, 5529]
===================================
Normal Label Distribution: 
Target 0: [4407, 276]
Target 1: [220, 5529]
===================================
Distribution After Sampling: 
===================================
Binary Labels Distribution: 
Binary Target 0
---------------------------
Target 0: [5529, 5529]
Target 1: [5529, 5529]
Binary Target 1
---------------------------
Target 0: [5529, 5529]
Target 1: [5529, 5529]
===================================
Normal Label Distribution: 
Target 0: [5529, 5529]
Target 1: [5529, 5529]
===================================
Use BiasedUTKFace - target_attr: gender
BiasedUTKFace -- total: 22116, target_attr: gender, bias_attr: race bias_rate: 0.95
['[train] target_0-bias_0: 5529', '[train] target_0-bias_1: 5529', '[train] target_1-bias_0: 5529', '[train] target_1-bias_1: 5529']
get_utk_face - split: valid, aug: False, given_y: True, ratio: 0
use existing biased_utk_face from data/utk_face/pickles/biased_utk_face-target_gender-bias_race-0.95
Distribution Before Sampling: 
===================================
Binary Labels Distribution: 
Binary Target 0
---------------------------
Target 0: [583, 684]
Target 1: [457, 646]
Binary Target 1
---------------------------
Target 0: [583, 684]
Target 1: [457, 646]
===================================
Normal Label Distribution: 
Target 0: [583, 684]
Target 1: [457, 646]
===================================
Use BiasedUTKFace - target_attr: gender
BiasedUTKFace -- total: 2370, target_attr: gender, bias_attr: race bias_rate: 0.95
['[valid] target_0-bias_0: 583', '[valid] target_0-bias_1: 684', '[valid] target_1-bias_0: 457', '[valid] target_1-bias_1: 646']
get_utk_face - split: test, aug: False, given_y: True, ratio: 0
use existing biased_utk_face from data/utk_face/pickles/biased_utk_face-target_gender-bias_race-0.95
Distribution Before Sampling: 
===================================
Binary Labels Distribution: 
Binary Target 0
---------------------------
Target 0: [558, 677]
Target 1: [462, 673]
Binary Target 1
---------------------------
Target 0: [558, 677]
Target 1: [462, 673]
===================================
Normal Label Distribution: 
Target 0: [558, 677]
Target 1: [462, 673]
===================================
Use BiasedUTKFace - target_attr: gender
BiasedUTKFace -- total: 2370, target_attr: gender, bias_attr: race bias_rate: 0.95
['[test] target_0-bias_0: 558', '[test] target_0-bias_1: 677', '[test] target_1-bias_0: 462', '[test] target_1-bias_1: 673']
decay_epochs: [6, 13]
[1 / 20] Learning rate: 0.001 weight: 0.01
[1 / 20] Loss: 4.801693507184343 CE Loss: 0.4887596358548325 Con Loss: 4.796805901992254
[1 / 20] tensor([[0.889, 0.835],
        [0.751, 0.805]]) {'epoch': 1, 'valid/acc': 82.025, 'valid/acc_unbiased': 81.687, 'valid/diff': 3.307, 'valid/acc_skew': 82.109, 'valid/acc_align': 81.265, 'test/acc': 82.278, 'test/acc_unbiased': 81.997, 'test/diff': 5.43, 'test/acc_skew': 81.999, 'test/acc_align': 81.996}
[1 / 20] best valid accuracy: 81.687 at epoch 1 
 best_stats: {'best_valid_epoch': 1, 'best_valid_valid/acc': 82.025, 'best_valid_valid/acc_unbiased': 81.687, 'best_valid_valid/diff': 3.307, 'best_valid_valid/acc_skew': 82.109, 'best_valid_valid/acc_align': 81.265, 'best_valid_test/acc': 82.278, 'best_valid_test/acc_unbiased': 81.997, 'best_valid_test/diff': 5.43, 'best_valid_test/acc_skew': 81.999, 'best_valid_test/acc_align': 81.996}
[1 / 20] best test accuracy: 81.997 at epoch 1 
 best_stats: {'best_test_epoch': 1, 'best_test_valid/acc': 82.025, 'best_test_valid/acc_unbiased': 81.687, 'best_test_valid/diff': 3.307, 'best_test_valid/acc_skew': 82.109, 'best_test_valid/acc_align': 81.265, 'best_test_test/acc': 82.278, 'best_test_test/acc_unbiased': 81.997, 'best_test_test/diff': 5.43, 'best_test_test/acc_skew': 81.999, 'best_test_test/acc_align': 81.996}
[2 / 20] Learning rate: 0.001 weight: 0.01
[2 / 20] Loss: 4.690462812546861 CE Loss: 0.37219708679295466 Con Loss: 4.686740829190416
[2 / 20] tensor([[0.860, 0.820],
        [0.823, 0.856]]) {'epoch': 2, 'valid/acc': 84.135, 'valid/acc_unbiased': 84.247, 'valid/diff': 2.886, 'valid/acc_skew': 85.69, 'valid/acc_align': 82.804, 'test/acc': 84.008, 'test/acc_unbiased': 83.96, 'test/diff': 3.689, 'test/acc_skew': 84.136, 'test/acc_align': 83.783}
[2 / 20] best valid accuracy: 84.247 at epoch 2 
 best_stats: {'best_valid_epoch': 2, 'best_valid_valid/acc': 84.135, 'best_valid_valid/acc_unbiased': 84.247, 'best_valid_valid/diff': 2.886, 'best_valid_valid/acc_skew': 85.69, 'best_valid_valid/acc_align': 82.804, 'best_valid_test/acc': 84.008, 'best_valid_test/acc_unbiased': 83.96, 'best_valid_test/diff': 3.689, 'best_valid_test/acc_skew': 84.136, 'best_valid_test/acc_align': 83.783}
[2 / 20] best test accuracy: 83.960 at epoch 2 
 best_stats: {'best_test_epoch': 2, 'best_test_valid/acc': 84.135, 'best_test_valid/acc_unbiased': 84.247, 'best_test_valid/diff': 2.886, 'best_test_valid/acc_skew': 85.69, 'best_test_valid/acc_align': 82.804, 'best_test_test/acc': 84.008, 'best_test_test/acc_unbiased': 83.96, 'best_test_test/diff': 3.689, 'best_test_test/acc_skew': 84.136, 'best_test_test/acc_align': 83.783}
[3 / 20] Learning rate: 0.001 weight: 0.01
[3 / 20] Loss: 4.652875511226699 CE Loss: 0.3628605086606371 Con Loss: 4.649246905849993
[3 / 20] tensor([[0.860, 0.755],
        [0.814, 0.875]]) {'epoch': 3, 'valid/acc': 82.489, 'valid/acc_unbiased': 82.467, 'valid/diff': 7.654, 'valid/acc_skew': 82.84, 'valid/acc_align': 82.095, 'test/acc': 82.532, 'test/acc_unbiased': 82.601, 'test/diff': 8.337, 'test/acc_skew': 83.703, 'test/acc_align': 81.499}
[3 / 20] best valid accuracy: 84.247 at epoch 2 
 best_stats: {'best_valid_epoch': 2, 'best_valid_valid/acc': 84.135, 'best_valid_valid/acc_unbiased': 84.247, 'best_valid_valid/diff': 2.886, 'best_valid_valid/acc_skew': 85.69, 'best_valid_valid/acc_align': 82.804, 'best_valid_test/acc': 84.008, 'best_valid_test/acc_unbiased': 83.96, 'best_valid_test/diff': 3.689, 'best_valid_test/acc_skew': 84.136, 'best_valid_test/acc_align': 83.783}
[3 / 20] best test accuracy: 83.960 at epoch 2 
 best_stats: {'best_test_epoch': 2, 'best_test_valid/acc': 84.135, 'best_test_valid/acc_unbiased': 84.247, 'best_test_valid/diff': 2.886, 'best_test_valid/acc_skew': 85.69, 'best_test_valid/acc_align': 82.804, 'best_test_test/acc': 84.008, 'best_test_test/acc_unbiased': 83.96, 'best_test_test/diff': 3.689, 'best_test_test/acc_skew': 84.136, 'best_test_test/acc_align': 83.783}
[4 / 20] Learning rate: 0.001 weight: 0.01
[4 / 20] Loss: 4.626400223475163 CE Loss: 0.3386959258644161 Con Loss: 4.623013266475275
[4 / 20] tensor([[0.832, 0.773],
        [0.816, 0.887]]) {'epoch': 4, 'valid/acc': 83.84, 'valid/acc_unbiased': 84.055, 'valid/diff': 5.65, 'valid/acc_skew': 85.013, 'valid/acc_align': 83.097, 'test/acc': 82.743, 'test/acc_unbiased': 82.679, 'test/diff': 6.504, 'test/acc_skew': 82.378, 'test/acc_align': 82.98}
[4 / 20] best valid accuracy: 84.247 at epoch 2 
 best_stats: {'best_valid_epoch': 2, 'best_valid_valid/acc': 84.135, 'best_valid_valid/acc_unbiased': 84.247, 'best_valid_valid/diff': 2.886, 'best_valid_valid/acc_skew': 85.69, 'best_valid_valid/acc_align': 82.804, 'best_valid_test/acc': 84.008, 'best_valid_test/acc_unbiased': 83.96, 'best_valid_test/diff': 3.689, 'best_valid_test/acc_skew': 84.136, 'best_valid_test/acc_align': 83.783}
[4 / 20] best test accuracy: 83.960 at epoch 2 
 best_stats: {'best_test_epoch': 2, 'best_test_valid/acc': 84.135, 'best_test_valid/acc_unbiased': 84.247, 'best_test_valid/diff': 2.886, 'best_test_valid/acc_skew': 85.69, 'best_test_valid/acc_align': 82.804, 'best_test_test/acc': 84.008, 'best_test_test/acc_unbiased': 83.96, 'best_test_test/diff': 3.689, 'best_test_test/acc_skew': 84.136, 'best_test_test/acc_align': 83.783}
[5 / 20] Learning rate: 0.001 weight: 0.01
[5 / 20] Loss: 4.596366955113251 CE Loss: 0.3081894837391271 Con Loss: 4.593285079544849
[5 / 20] tensor([[0.884, 0.827],
        [0.835, 0.859]]) {'epoch': 5, 'valid/acc': 85.57, 'valid/acc_unbiased': 85.676, 'valid/diff': 3.119, 'valid/acc_skew': 87.181, 'valid/acc_align': 84.172, 'test/acc': 85.105, 'test/acc_unbiased': 85.126, 'test/diff': 3.984, 'test/acc_skew': 85.951, 'test/acc_align': 84.301}
[5 / 20] best valid accuracy: 85.676 at epoch 5 
 best_stats: {'best_valid_epoch': 5, 'best_valid_valid/acc': 85.57, 'best_valid_valid/acc_unbiased': 85.676, 'best_valid_valid/diff': 3.119, 'best_valid_valid/acc_skew': 87.181, 'best_valid_valid/acc_align': 84.172, 'best_valid_test/acc': 85.105, 'best_valid_test/acc_unbiased': 85.126, 'best_valid_test/diff': 3.984, 'best_valid_test/acc_skew': 85.951, 'best_valid_test/acc_align': 84.301}
[5 / 20] best test accuracy: 85.126 at epoch 5 
 best_stats: {'best_test_epoch': 5, 'best_test_valid/acc': 85.57, 'best_test_valid/acc_unbiased': 85.676, 'best_test_valid/diff': 3.119, 'best_test_valid/acc_skew': 87.181, 'best_test_valid/acc_align': 84.172, 'best_test_test/acc': 85.105, 'best_test_test/acc_unbiased': 85.126, 'best_test_test/diff': 3.984, 'best_test_test/acc_skew': 85.951, 'best_test_test/acc_align': 84.301}
[6 / 20] Learning rate: 0.001 weight: 0.01
[6 / 20] Loss: 4.581539845031087 CE Loss: 0.3041842488208501 Con Loss: 4.578498001964512
[6 / 20] tensor([[0.765, 0.712],
        [0.894, 0.941]]) {'epoch': 6, 'valid/acc': 83.84, 'valid/acc_unbiased': 84.552, 'valid/diff': 3.591, 'valid/acc_skew': 85.864, 'valid/acc_align': 83.239, 'test/acc': 82.489, 'test/acc_unbiased': 82.793, 'test/diff': 4.995, 'test/acc_skew': 82.959, 'test/acc_align': 82.626}
[6 / 20] best valid accuracy: 85.676 at epoch 5 
 best_stats: {'best_valid_epoch': 5, 'best_valid_valid/acc': 85.57, 'best_valid_valid/acc_unbiased': 85.676, 'best_valid_valid/diff': 3.119, 'best_valid_valid/acc_skew': 87.181, 'best_valid_valid/acc_align': 84.172, 'best_valid_test/acc': 85.105, 'best_valid_test/acc_unbiased': 85.126, 'best_valid_test/diff': 3.984, 'best_valid_test/acc_skew': 85.951, 'best_valid_test/acc_align': 84.301}
[6 / 20] best test accuracy: 85.126 at epoch 5 
 best_stats: {'best_test_epoch': 5, 'best_test_valid/acc': 85.57, 'best_test_valid/acc_unbiased': 85.676, 'best_test_valid/diff': 3.119, 'best_test_valid/acc_skew': 87.181, 'best_test_valid/acc_align': 84.172, 'best_test_test/acc': 85.105, 'best_test_test/acc_unbiased': 85.126, 'best_test_test/diff': 3.984, 'best_test_test/acc_skew': 85.951, 'best_test_test/acc_align': 84.301}
[7 / 20] Learning rate: 0.0001 weight: 0.01
[7 / 20] Loss: 4.506716269053092 CE Loss: 0.24342343264536823 Con Loss: 4.5042820399396994
[7 / 20] tensor([[0.873, 0.795],
        [0.840, 0.914]]) {'epoch': 7, 'valid/acc': 85.949, 'valid/acc_unbiased': 86.0, 'valid/diff': 7.567, 'valid/acc_skew': 86.104, 'valid/acc_align': 85.896, 'test/acc': 85.57, 'test/acc_unbiased': 85.527, 'test/diff': 7.603, 'test/acc_skew': 85.629, 'test/acc_align': 85.425}
[7 / 20] best valid accuracy: 86.000 at epoch 7 
 best_stats: {'best_valid_epoch': 7, 'best_valid_valid/acc': 85.949, 'best_valid_valid/acc_unbiased': 86.0, 'best_valid_valid/diff': 7.567, 'best_valid_valid/acc_skew': 86.104, 'best_valid_valid/acc_align': 85.896, 'best_valid_test/acc': 85.57, 'best_valid_test/acc_unbiased': 85.527, 'best_valid_test/diff': 7.603, 'best_valid_test/acc_skew': 85.629, 'best_valid_test/acc_align': 85.425}
[7 / 20] best test accuracy: 85.527 at epoch 7 
 best_stats: {'best_test_epoch': 7, 'best_test_valid/acc': 85.949, 'best_test_valid/acc_unbiased': 86.0, 'best_test_valid/diff': 7.567, 'best_test_valid/acc_skew': 86.104, 'best_test_valid/acc_align': 85.896, 'best_test_test/acc': 85.57, 'best_test_test/acc_unbiased': 85.527, 'best_test_test/diff': 7.603, 'best_test_test/acc_skew': 85.629, 'best_test_test/acc_align': 85.425}
[8 / 20] Learning rate: 0.0001 weight: 0.01
[8 / 20] Loss: 4.473584829779942 CE Loss: 0.23605772799534833 Con Loss: 4.471224271705642
[8 / 20] tensor([[0.878, 0.802],
        [0.833, 0.905]]) {'epoch': 8, 'valid/acc': 85.949, 'valid/acc_unbiased': 85.994, 'valid/diff': 6.75, 'valid/acc_skew': 86.509, 'valid/acc_align': 85.479, 'test/acc': 85.527, 'test/acc_unbiased': 85.461, 'test/diff': 7.382, 'test/acc_skew': 85.573, 'test/acc_align': 85.349}
[8 / 20] best valid accuracy: 86.000 at epoch 7 
 best_stats: {'best_valid_epoch': 7, 'best_valid_valid/acc': 85.949, 'best_valid_valid/acc_unbiased': 86.0, 'best_valid_valid/diff': 7.567, 'best_valid_valid/acc_skew': 86.104, 'best_valid_valid/acc_align': 85.896, 'best_valid_test/acc': 85.57, 'best_valid_test/acc_unbiased': 85.527, 'best_valid_test/diff': 7.603, 'best_valid_test/acc_skew': 85.629, 'best_valid_test/acc_align': 85.425}
[8 / 20] best test accuracy: 85.527 at epoch 7 
 best_stats: {'best_test_epoch': 7, 'best_test_valid/acc': 85.949, 'best_test_valid/acc_unbiased': 86.0, 'best_test_valid/diff': 7.567, 'best_test_valid/acc_skew': 86.104, 'best_test_valid/acc_align': 85.896, 'best_test_test/acc': 85.57, 'best_test_test/acc_unbiased': 85.527, 'best_test_test/diff': 7.603, 'best_test_test/acc_skew': 85.629, 'best_test_test/acc_align': 85.425}
[9 / 20] Learning rate: 0.0001 weight: 0.01
[9 / 20] Loss: 4.466176445088737 CE Loss: 0.21828983607958832 Con Loss: 4.463993543223676
[9 / 20] tensor([[0.896, 0.823],
        [0.820, 0.903]]) {'epoch': 9, 'valid/acc': 86.962, 'valid/acc_unbiased': 86.855, 'valid/diff': 7.228, 'valid/acc_skew': 86.353, 'valid/acc_align': 87.358, 'test/acc': 86.245, 'test/acc_unbiased': 86.064, 'test/diff': 7.819, 'test/acc_skew': 85.82, 'test/acc_align': 86.308}
[9 / 20] best valid accuracy: 86.855 at epoch 9 
 best_stats: {'best_valid_epoch': 9, 'best_valid_valid/acc': 86.962, 'best_valid_valid/acc_unbiased': 86.855, 'best_valid_valid/diff': 7.228, 'best_valid_valid/acc_skew': 86.353, 'best_valid_valid/acc_align': 87.358, 'best_valid_test/acc': 86.245, 'best_valid_test/acc_unbiased': 86.064, 'best_valid_test/diff': 7.819, 'best_valid_test/acc_skew': 85.82, 'best_valid_test/acc_align': 86.308}
[9 / 20] best test accuracy: 86.064 at epoch 9 
 best_stats: {'best_test_epoch': 9, 'best_test_valid/acc': 86.962, 'best_test_valid/acc_unbiased': 86.855, 'best_test_valid/diff': 7.228, 'best_test_valid/acc_skew': 86.353, 'best_test_valid/acc_align': 87.358, 'best_test_test/acc': 86.245, 'best_test_test/acc_unbiased': 86.064, 'best_test_test/diff': 7.819, 'best_test_test/acc_skew': 85.82, 'best_test_test/acc_align': 86.308}
[10 / 20] Learning rate: 0.0001 weight: 0.01
[10 / 20] Loss: 4.4474693340771365 CE Loss: 0.21590126481403774 Con Loss: 4.445310320296195
[10 / 20] tensor([[0.918, 0.832],
        [0.784, 0.880]]) {'epoch': 10, 'valid/acc': 87.089, 'valid/acc_unbiased': 86.844, 'valid/diff': 7.055, 'valid/acc_skew': 86.631, 'valid/acc_align': 87.057, 'test/acc': 85.612, 'test/acc_unbiased': 85.309, 'test/diff': 9.102, 'test/acc_skew': 85.056, 'test/acc_align': 85.563}
[10 / 20] best valid accuracy: 86.855 at epoch 9 
 best_stats: {'best_valid_epoch': 9, 'best_valid_valid/acc': 86.962, 'best_valid_valid/acc_unbiased': 86.855, 'best_valid_valid/diff': 7.228, 'best_valid_valid/acc_skew': 86.353, 'best_valid_valid/acc_align': 87.358, 'best_valid_test/acc': 86.245, 'best_valid_test/acc_unbiased': 86.064, 'best_valid_test/diff': 7.819, 'best_valid_test/acc_skew': 85.82, 'best_valid_test/acc_align': 86.308}
[10 / 20] best test accuracy: 86.064 at epoch 9 
 best_stats: {'best_test_epoch': 9, 'best_test_valid/acc': 86.962, 'best_test_valid/acc_unbiased': 86.855, 'best_test_valid/diff': 7.228, 'best_test_valid/acc_skew': 86.353, 'best_test_valid/acc_align': 87.358, 'best_test_test/acc': 86.245, 'best_test_test/acc_unbiased': 86.064, 'best_test_test/diff': 7.819, 'best_test_test/acc_skew': 85.82, 'best_test_test/acc_align': 86.308}
[11 / 20] Learning rate: 0.0001 weight: 0.01
[11 / 20] Loss: 4.439170832141525 CE Loss: 0.20931052184380897 Con Loss: 4.437077730813236
[11 / 20] tensor([[0.918, 0.843],
        [0.797, 0.875]]) {'epoch': 11, 'valid/acc': 87.257, 'valid/acc_unbiased': 86.968, 'valid/diff': 6.132, 'valid/acc_skew': 86.927, 'valid/acc_align': 87.01, 'test/acc': 86.076, 'test/acc_unbiased': 85.818, 'test/diff': 7.639, 'test/acc_skew': 85.705, 'test/acc_align': 85.931}
[11 / 20] best valid accuracy: 86.968 at epoch 11 
 best_stats: {'best_valid_epoch': 11, 'best_valid_valid/acc': 87.257, 'best_valid_valid/acc_unbiased': 86.968, 'best_valid_valid/diff': 6.132, 'best_valid_valid/acc_skew': 86.927, 'best_valid_valid/acc_align': 87.01, 'best_valid_test/acc': 86.076, 'best_valid_test/acc_unbiased': 85.818, 'best_valid_test/diff': 7.639, 'best_valid_test/acc_skew': 85.705, 'best_valid_test/acc_align': 85.931}
[11 / 20] best test accuracy: 86.064 at epoch 9 
 best_stats: {'best_test_epoch': 9, 'best_test_valid/acc': 86.962, 'best_test_valid/acc_unbiased': 86.855, 'best_test_valid/diff': 7.228, 'best_test_valid/acc_skew': 86.353, 'best_test_valid/acc_align': 87.358, 'best_test_test/acc': 86.245, 'best_test_test/acc_unbiased': 86.064, 'best_test_test/diff': 7.819, 'best_test_test/acc_skew': 85.82, 'best_test_test/acc_align': 86.308}
[12 / 20] Learning rate: 0.0001 weight: 0.01
[12 / 20] Loss: 4.425693960339882 CE Loss: 0.20551721447683582 Con Loss: 4.423638790118196
[12 / 20] tensor([[0.885, 0.787],
        [0.857, 0.914]]) {'epoch': 12, 'valid/acc': 86.329, 'valid/acc_unbiased': 86.424, 'valid/diff': 9.584, 'valid/acc_skew': 87.305, 'valid/acc_align': 85.544, 'test/acc': 85.992, 'test/acc_unbiased': 86.089, 'test/diff': 7.734, 'test/acc_skew': 87.122, 'test/acc_align': 85.056}
[12 / 20] best valid accuracy: 86.968 at epoch 11 
 best_stats: {'best_valid_epoch': 11, 'best_valid_valid/acc': 87.257, 'best_valid_valid/acc_unbiased': 86.968, 'best_valid_valid/diff': 6.132, 'best_valid_valid/acc_skew': 86.927, 'best_valid_valid/acc_align': 87.01, 'best_valid_test/acc': 86.076, 'best_valid_test/acc_unbiased': 85.818, 'best_valid_test/diff': 7.639, 'best_valid_test/acc_skew': 85.705, 'best_valid_test/acc_align': 85.931}
[12 / 20] best test accuracy: 86.089 at epoch 12 
 best_stats: {'best_test_epoch': 12, 'best_test_valid/acc': 86.329, 'best_test_valid/acc_unbiased': 86.424, 'best_test_valid/diff': 9.584, 'best_test_valid/acc_skew': 87.305, 'best_test_valid/acc_align': 85.544, 'best_test_test/acc': 85.992, 'best_test_test/acc_unbiased': 86.089, 'best_test_test/diff': 7.734, 'best_test_test/acc_skew': 87.122, 'best_test_test/acc_align': 85.056}
[13 / 20] Learning rate: 0.0001 weight: 0.01
[13 / 20] Loss: 4.4344249051957005 CE Loss: 0.20083117913565943 Con Loss: 4.432416595414828
[13 / 20] tensor([[0.903, 0.805],
        [0.818, 0.902]]) {'epoch': 13, 'valid/acc': 86.962, 'valid/acc_unbiased': 86.942, 'valid/diff': 8.717, 'valid/acc_skew': 87.725, 'valid/acc_align': 86.158, 'test/acc': 85.823, 'test/acc_unbiased': 85.709, 'test/diff': 9.098, 'test/acc_skew': 86.07, 'test/acc_align': 85.348}
[13 / 20] best valid accuracy: 86.968 at epoch 11 
 best_stats: {'best_valid_epoch': 11, 'best_valid_valid/acc': 87.257, 'best_valid_valid/acc_unbiased': 86.968, 'best_valid_valid/diff': 6.132, 'best_valid_valid/acc_skew': 86.927, 'best_valid_valid/acc_align': 87.01, 'best_valid_test/acc': 86.076, 'best_valid_test/acc_unbiased': 85.818, 'best_valid_test/diff': 7.639, 'best_valid_test/acc_skew': 85.705, 'best_valid_test/acc_align': 85.931}
[13 / 20] best test accuracy: 86.089 at epoch 12 
 best_stats: {'best_test_epoch': 12, 'best_test_valid/acc': 86.329, 'best_test_valid/acc_unbiased': 86.424, 'best_test_valid/diff': 9.584, 'best_test_valid/acc_skew': 87.305, 'best_test_valid/acc_align': 85.544, 'best_test_test/acc': 85.992, 'best_test_test/acc_unbiased': 86.089, 'best_test_test/diff': 7.734, 'best_test_test/acc_skew': 87.122, 'best_test_test/acc_align': 85.056}
[14 / 20] Learning rate: 1e-05 weight: 0.01
[14 / 20] Loss: 4.426254561202266 CE Loss: 0.19688571106624292 Con Loss: 4.424285703594548
[14 / 20] tensor([[0.901, 0.796],
        [0.835, 0.909]]) {'epoch': 14, 'valid/acc': 86.962, 'valid/acc_unbiased': 87.007, 'valid/diff': 8.778, 'valid/acc_skew': 87.672, 'valid/acc_align': 86.343, 'test/acc': 86.076, 'test/acc_unbiased': 86.061, 'test/diff': 8.957, 'test/acc_skew': 86.847, 'test/acc_align': 85.276}
[14 / 20] best valid accuracy: 87.007 at epoch 14 
 best_stats: {'best_valid_epoch': 14, 'best_valid_valid/acc': 86.962, 'best_valid_valid/acc_unbiased': 87.007, 'best_valid_valid/diff': 8.778, 'best_valid_valid/acc_skew': 87.672, 'best_valid_valid/acc_align': 86.343, 'best_valid_test/acc': 86.076, 'best_valid_test/acc_unbiased': 86.061, 'best_valid_test/diff': 8.957, 'best_valid_test/acc_skew': 86.847, 'best_valid_test/acc_align': 85.276}
[14 / 20] best test accuracy: 86.089 at epoch 12 
 best_stats: {'best_test_epoch': 12, 'best_test_valid/acc': 86.329, 'best_test_valid/acc_unbiased': 86.424, 'best_test_valid/diff': 9.584, 'best_test_valid/acc_skew': 87.305, 'best_test_valid/acc_align': 85.544, 'best_test_test/acc': 85.992, 'best_test_test/acc_unbiased': 86.089, 'best_test_test/diff': 7.734, 'best_test_test/acc_skew': 87.122, 'best_test_test/acc_align': 85.056}
[15 / 20] Learning rate: 1e-05 weight: 0.01
[15 / 20] Loss: 4.4160923618027565 CE Loss: 0.20019503576799938 Con Loss: 4.414090396138034
[15 / 20] tensor([[0.900, 0.802],
        [0.831, 0.905]]) {'epoch': 15, 'valid/acc': 86.92, 'valid/acc_unbiased': 86.907, 'valid/diff': 9.013, 'valid/acc_skew': 87.406, 'valid/acc_align': 86.408, 'test/acc': 85.992, 'test/acc_unbiased': 85.945, 'test/diff': 8.565, 'test/acc_skew': 86.541, 'test/acc_align': 85.349}
[15 / 20] best valid accuracy: 87.007 at epoch 14 
 best_stats: {'best_valid_epoch': 14, 'best_valid_valid/acc': 86.962, 'best_valid_valid/acc_unbiased': 87.007, 'best_valid_valid/diff': 8.778, 'best_valid_valid/acc_skew': 87.672, 'best_valid_valid/acc_align': 86.343, 'best_valid_test/acc': 86.076, 'best_valid_test/acc_unbiased': 86.061, 'best_valid_test/diff': 8.957, 'best_valid_test/acc_skew': 86.847, 'best_valid_test/acc_align': 85.276}
[15 / 20] best test accuracy: 86.089 at epoch 12 
 best_stats: {'best_test_epoch': 12, 'best_test_valid/acc': 86.329, 'best_test_valid/acc_unbiased': 86.424, 'best_test_valid/diff': 9.584, 'best_test_valid/acc_skew': 87.305, 'best_test_valid/acc_align': 85.544, 'best_test_test/acc': 85.992, 'best_test_test/acc_unbiased': 86.089, 'best_test_test/diff': 7.734, 'best_test_test/acc_skew': 87.122, 'best_test_test/acc_align': 85.056}
[16 / 20] Learning rate: 1e-05 weight: 0.01
[16 / 20] Loss: 4.408228040409899 CE Loss: 0.1940781329036686 Con Loss: 4.406287257549322
[16 / 20] tensor([[0.900, 0.804],
        [0.825, 0.905]]) {'epoch': 16, 'valid/acc': 87.004, 'valid/acc_unbiased': 86.974, 'valid/diff': 9.221, 'valid/acc_skew': 87.468, 'valid/acc_align': 86.481, 'test/acc': 85.907, 'test/acc_unbiased': 85.819, 'test/diff': 8.816, 'test/acc_skew': 86.216, 'test/acc_align': 85.422}
[16 / 20] best valid accuracy: 87.007 at epoch 14 
 best_stats: {'best_valid_epoch': 14, 'best_valid_valid/acc': 86.962, 'best_valid_valid/acc_unbiased': 87.007, 'best_valid_valid/diff': 8.778, 'best_valid_valid/acc_skew': 87.672, 'best_valid_valid/acc_align': 86.343, 'best_valid_test/acc': 86.076, 'best_valid_test/acc_unbiased': 86.061, 'best_valid_test/diff': 8.957, 'best_valid_test/acc_skew': 86.847, 'best_valid_test/acc_align': 85.276}
[16 / 20] best test accuracy: 86.089 at epoch 12 
 best_stats: {'best_test_epoch': 12, 'best_test_valid/acc': 86.329, 'best_test_valid/acc_unbiased': 86.424, 'best_test_valid/diff': 9.584, 'best_test_valid/acc_skew': 87.305, 'best_test_valid/acc_align': 85.544, 'best_test_test/acc': 85.992, 'best_test_test/acc_unbiased': 86.089, 'best_test_test/diff': 7.734, 'best_test_test/acc_skew': 87.122, 'best_test_test/acc_align': 85.056}
[17 / 20] Learning rate: 1e-05 weight: 0.01
[17 / 20] Loss: 4.4192819074429615 CE Loss: 0.1948148086384076 Con Loss: 4.417333756935146
[17 / 20] tensor([[0.898, 0.798],
        [0.829, 0.908]]) {'epoch': 17, 'valid/acc': 87.046, 'valid/acc_unbiased': 87.055, 'valid/diff': 8.871, 'valid/acc_skew': 87.624, 'valid/acc_align': 86.485, 'test/acc': 85.865, 'test/acc_unbiased': 85.809, 'test/diff': 8.954, 'test/acc_skew': 86.343, 'test/acc_align': 85.276}
[17 / 20] best valid accuracy: 87.055 at epoch 17 
 best_stats: {'best_valid_epoch': 17, 'best_valid_valid/acc': 87.046, 'best_valid_valid/acc_unbiased': 87.055, 'best_valid_valid/diff': 8.871, 'best_valid_valid/acc_skew': 87.624, 'best_valid_valid/acc_align': 86.485, 'best_valid_test/acc': 85.865, 'best_valid_test/acc_unbiased': 85.809, 'best_valid_test/diff': 8.954, 'best_valid_test/acc_skew': 86.343, 'best_valid_test/acc_align': 85.276}
[17 / 20] best test accuracy: 86.089 at epoch 12 
 best_stats: {'best_test_epoch': 12, 'best_test_valid/acc': 86.329, 'best_test_valid/acc_unbiased': 86.424, 'best_test_valid/diff': 9.584, 'best_test_valid/acc_skew': 87.305, 'best_test_valid/acc_align': 85.544, 'best_test_test/acc': 85.992, 'best_test_test/acc_unbiased': 86.089, 'best_test_test/diff': 7.734, 'best_test_test/acc_skew': 87.122, 'best_test_test/acc_align': 85.056}
[18 / 20] Learning rate: 1e-05 weight: 0.01
[18 / 20] Loss: 4.395860011117501 CE Loss: 0.18986226845755674 Con Loss: 4.39396137845389
[18 / 20] tensor([[0.898, 0.809],
        [0.820, 0.900]]) {'epoch': 18, 'valid/acc': 87.089, 'valid/acc_unbiased': 87.007, 'valid/diff': 8.553, 'valid/acc_skew': 87.335, 'valid/acc_align': 86.679, 'test/acc': 85.823, 'test/acc_unbiased': 85.702, 'test/diff': 8.425, 'test/acc_skew': 85.91, 'test/acc_align': 85.495}
[18 / 20] best valid accuracy: 87.055 at epoch 17 
 best_stats: {'best_valid_epoch': 17, 'best_valid_valid/acc': 87.046, 'best_valid_valid/acc_unbiased': 87.055, 'best_valid_valid/diff': 8.871, 'best_valid_valid/acc_skew': 87.624, 'best_valid_valid/acc_align': 86.485, 'best_valid_test/acc': 85.865, 'best_valid_test/acc_unbiased': 85.809, 'best_valid_test/diff': 8.954, 'best_valid_test/acc_skew': 86.343, 'best_valid_test/acc_align': 85.276}
[18 / 20] best test accuracy: 86.089 at epoch 12 
 best_stats: {'best_test_epoch': 12, 'best_test_valid/acc': 86.329, 'best_test_valid/acc_unbiased': 86.424, 'best_test_valid/diff': 9.584, 'best_test_valid/acc_skew': 87.305, 'best_test_valid/acc_align': 85.544, 'best_test_test/acc': 85.992, 'best_test_test/acc_unbiased': 86.089, 'best_test_test/diff': 7.734, 'best_test_test/acc_skew': 87.122, 'best_test_test/acc_align': 85.056}
[19 / 20] Learning rate: 1e-05 weight: 0.01
[19 / 20] Loss: 4.4013806275981615 CE Loss: 0.19392779472185143 Con Loss: 4.399441356748628
[19 / 20] tensor([[0.900, 0.805],
        [0.825, 0.900]]) {'epoch': 19, 'valid/acc': 87.004, 'valid/acc_unbiased': 86.95, 'valid/diff': 9.098, 'valid/acc_skew': 87.273, 'valid/acc_align': 86.627, 'test/acc': 85.823, 'test/acc_unbiased': 85.745, 'test/diff': 8.519, 'test/acc_skew': 86.216, 'test/acc_align': 85.273}
[19 / 20] best valid accuracy: 87.055 at epoch 17 
 best_stats: {'best_valid_epoch': 17, 'best_valid_valid/acc': 87.046, 'best_valid_valid/acc_unbiased': 87.055, 'best_valid_valid/diff': 8.871, 'best_valid_valid/acc_skew': 87.624, 'best_valid_valid/acc_align': 86.485, 'best_valid_test/acc': 85.865, 'best_valid_test/acc_unbiased': 85.809, 'best_valid_test/diff': 8.954, 'best_valid_test/acc_skew': 86.343, 'best_valid_test/acc_align': 85.276}
[19 / 20] best test accuracy: 86.089 at epoch 12 
 best_stats: {'best_test_epoch': 12, 'best_test_valid/acc': 86.329, 'best_test_valid/acc_unbiased': 86.424, 'best_test_valid/diff': 9.584, 'best_test_valid/acc_skew': 87.305, 'best_test_valid/acc_align': 85.544, 'best_test_test/acc': 85.992, 'best_test_test/acc_unbiased': 86.089, 'best_test_test/diff': 7.734, 'best_test_test/acc_skew': 87.122, 'best_test_test/acc_align': 85.056}
[20 / 20] Learning rate: 1e-05 weight: 0.01
[20 / 20] Loss: 4.398866003601908 CE Loss: 0.19373985721806675 Con Loss: 4.396928601291689
[20 / 20] tensor([[0.900, 0.802],
        [0.829, 0.905]]) {'epoch': 20, 'valid/acc': 86.92, 'valid/acc_unbiased': 86.907, 'valid/diff': 9.013, 'valid/acc_skew': 87.406, 'valid/acc_align': 86.408, 'test/acc': 85.949, 'test/acc_unbiased': 85.89, 'test/diff': 8.674, 'test/acc_skew': 86.432, 'test/acc_align': 85.349}
[20 / 20] best valid accuracy: 87.055 at epoch 17 
 best_stats: {'best_valid_epoch': 17, 'best_valid_valid/acc': 87.046, 'best_valid_valid/acc_unbiased': 87.055, 'best_valid_valid/diff': 8.871, 'best_valid_valid/acc_skew': 87.624, 'best_valid_valid/acc_align': 86.485, 'best_valid_test/acc': 85.865, 'best_valid_test/acc_unbiased': 85.809, 'best_valid_test/diff': 8.954, 'best_valid_test/acc_skew': 86.343, 'best_valid_test/acc_align': 85.276}
[20 / 20] best test accuracy: 86.089 at epoch 12 
 best_stats: {'best_test_epoch': 12, 'best_test_valid/acc': 86.329, 'best_test_valid/acc_unbiased': 86.424, 'best_test_valid/diff': 9.584, 'best_test_valid/acc_skew': 87.305, 'best_test_valid/acc_align': 85.544, 'best_test_test/acc': 85.992, 'best_test_test/acc_unbiased': 86.089, 'best_test_test/diff': 7.734, 'best_test_test/acc_skew': 87.122, 'best_test_test/acc_align': 85.056}
Total training time: 1:43:26
