Log level set to: INFO
Set seed: 2
=======> Using Fixed Random Seed: 2 <========
save_path: exp_results/bc-bb0-utk_face_race-cutout_color_blur-0.9-lr0.001-bs128-cbs64-w0.01-ratio10-aug1-seed2
get_utk_face - split: train, aug: False, given_y: True, ratio: 0
use existing biased_utk_face from data/utk_face/pickles/biased_utk_face-target_gender-bias_race-0.9
Distribution Before Sampling: 
===================================
Binary Labels Distribution: 
Binary Target 0
---------------------------
Target 0: [4407, 552]
Target 1: [440, 5529]
Binary Target 1
---------------------------
Target 0: [4407, 552]
Target 1: [440, 5529]
===================================
Normal Label Distribution: 
Target 0: [4407, 552]
Target 1: [440, 5529]
===================================
Distribution After Sampling: 
===================================
Binary Labels Distribution: 
Binary Target 0
---------------------------
Target 0: [4407, 552]
Target 1: [440, 5529]
Binary Target 1
---------------------------
Target 0: [4407, 552]
Target 1: [440, 5529]
===================================
Normal Label Distribution: 
Target 0: [4407, 552]
Target 1: [440, 5529]
===================================
Use BiasedUTKFace - target_attr: gender
BiasedUTKFace -- total: 10928, target_attr: gender, bias_attr: race bias_rate: 0.9
['[train] target_0-bias_0: 4407', '[train] target_0-bias_1: 552', '[train] target_1-bias_0: 440', '[train] target_1-bias_1: 5529']
confusion_matrix - 
 original: tensor([[4407.,  440.],
        [ 552., 5529.]]), 
 normalized: tensor([[0.909, 0.091],
        [0.091, 0.909]]), 
 b|y: tensor([[0.889, 0.111],
        [0.074, 0.926]])
get_utk_face - split: train, aug: 1, given_y: True, ratio: 10
use existing biased_utk_face from data/utk_face/pickles/biased_utk_face-target_gender-bias_race-0.9
Distribution Before Sampling: 
===================================
Binary Labels Distribution: 
Binary Target 0
---------------------------
Target 0: [4407, 552]
Target 1: [440, 5529]
Binary Target 1
---------------------------
Target 0: [4407, 552]
Target 1: [440, 5529]
===================================
Normal Label Distribution: 
Target 0: [4407, 552]
Target 1: [440, 5529]
===================================
Distribution After Sampling: 
===================================
Binary Labels Distribution: 
Binary Target 0
---------------------------
Target 0: [4407, 552]
Target 1: [440, 5529]
Binary Target 1
---------------------------
Target 0: [4407, 552]
Target 1: [440, 5529]
===================================
Normal Label Distribution: 
Target 0: [4407, 552]
Target 1: [440, 5529]
===================================
Use BiasedUTKFace - target_attr: gender
BiasedUTKFace -- total: 10928, target_attr: gender, bias_attr: race bias_rate: 0.9
['[train] target_0-bias_0: 4407', '[train] target_0-bias_1: 552', '[train] target_1-bias_0: 440', '[train] target_1-bias_1: 5529']
get_utk_face - split: valid, aug: False, given_y: True, ratio: 0
use existing biased_utk_face from data/utk_face/pickles/biased_utk_face-target_gender-bias_race-0.9
Distribution Before Sampling: 
===================================
Binary Labels Distribution: 
Binary Target 0
---------------------------
Target 0: [583, 684]
Target 1: [457, 646]
Binary Target 1
---------------------------
Target 0: [583, 684]
Target 1: [457, 646]
===================================
Normal Label Distribution: 
Target 0: [583, 684]
Target 1: [457, 646]
===================================
Use BiasedUTKFace - target_attr: gender
BiasedUTKFace -- total: 2370, target_attr: gender, bias_attr: race bias_rate: 0.9
['[valid] target_0-bias_0: 583', '[valid] target_0-bias_1: 684', '[valid] target_1-bias_0: 457', '[valid] target_1-bias_1: 646']
get_utk_face - split: test, aug: False, given_y: True, ratio: 0
use existing biased_utk_face from data/utk_face/pickles/biased_utk_face-target_gender-bias_race-0.9
Distribution Before Sampling: 
===================================
Binary Labels Distribution: 
Binary Target 0
---------------------------
Target 0: [558, 677]
Target 1: [462, 673]
Binary Target 1
---------------------------
Target 0: [558, 677]
Target 1: [462, 673]
===================================
Normal Label Distribution: 
Target 0: [558, 677]
Target 1: [462, 673]
===================================
Use BiasedUTKFace - target_attr: gender
BiasedUTKFace -- total: 2370, target_attr: gender, bias_attr: race bias_rate: 0.9
['[test] target_0-bias_0: 558', '[test] target_0-bias_1: 677', '[test] target_1-bias_0: 462', '[test] target_1-bias_1: 673']
decay_epochs: [6, 13]
[1 / 20] Learning rate: 0.001 weight: 0.01
[1 / 20] Loss: 4.914416292226855 CE Loss: 0.6001261547316918 Con Loss: 4.908415036878684
[1 / 20] tensor([[0.830, 0.799],
        [0.725, 0.685]]) {'epoch': 1, 'valid/acc': 75.527, 'valid/acc_unbiased': 75.27, 'valid/diff': 3.843, 'valid/acc_skew': 76.567, 'valid/acc_align': 73.973, 'test/acc': 75.949, 'test/acc_unbiased': 75.974, 'test/diff': 3.538, 'test/acc_skew': 76.211, 'test/acc_align': 75.737}
[1 / 20] best valid accuracy: 75.270 at epoch 1 
 best_stats: {'best_valid_epoch': 1, 'best_valid_valid/acc': 75.527, 'best_valid_valid/acc_unbiased': 75.27, 'best_valid_valid/diff': 3.843, 'best_valid_valid/acc_skew': 76.567, 'best_valid_valid/acc_align': 73.973, 'best_valid_test/acc': 75.949, 'best_valid_test/acc_unbiased': 75.974, 'best_valid_test/diff': 3.538, 'best_valid_test/acc_skew': 76.211, 'best_valid_test/acc_align': 75.737}
[1 / 20] best test accuracy: 75.974 at epoch 1 
 best_stats: {'best_test_epoch': 1, 'best_test_valid/acc': 75.527, 'best_test_valid/acc_unbiased': 75.27, 'best_test_valid/diff': 3.843, 'best_test_valid/acc_skew': 76.567, 'best_test_valid/acc_align': 73.973, 'best_test_test/acc': 75.949, 'best_test_test/acc_unbiased': 75.974, 'best_test_test/diff': 3.538, 'best_test_test/acc_skew': 76.211, 'best_test_test/acc_align': 75.737}
[2 / 20] Learning rate: 0.001 weight: 0.01
[2 / 20] Loss: 4.80584744443656 CE Loss: 0.547981089850994 Con Loss: 4.800367648570115
[2 / 20] tensor([[0.889, 0.845],
        [0.604, 0.633]]) {'epoch': 2, 'valid/acc': 74.852, 'valid/acc_unbiased': 73.928, 'valid/diff': 3.613, 'valid/acc_skew': 72.121, 'valid/acc_align': 75.734, 'test/acc': 74.81, 'test/acc_unbiased': 74.267, 'test/diff': 3.654, 'test/acc_skew': 72.44, 'test/acc_align': 76.094}
[2 / 20] best valid accuracy: 75.270 at epoch 1 
 best_stats: {'best_valid_epoch': 1, 'best_valid_valid/acc': 75.527, 'best_valid_valid/acc_unbiased': 75.27, 'best_valid_valid/diff': 3.843, 'best_valid_valid/acc_skew': 76.567, 'best_valid_valid/acc_align': 73.973, 'best_valid_test/acc': 75.949, 'best_valid_test/acc_unbiased': 75.974, 'best_valid_test/diff': 3.538, 'best_valid_test/acc_skew': 76.211, 'best_valid_test/acc_align': 75.737}
[2 / 20] best test accuracy: 75.974 at epoch 1 
 best_stats: {'best_test_epoch': 1, 'best_test_valid/acc': 75.527, 'best_test_valid/acc_unbiased': 75.27, 'best_test_valid/diff': 3.843, 'best_test_valid/acc_skew': 76.567, 'best_test_valid/acc_align': 73.973, 'best_test_test/acc': 75.949, 'best_test_test/acc_unbiased': 75.974, 'best_test_test/diff': 3.538, 'best_test_test/acc_skew': 76.211, 'best_test_test/acc_align': 75.737}
[3 / 20] Learning rate: 0.001 weight: 0.01
[3 / 20] Loss: 4.768915844522144 CE Loss: 0.5349380085531126 Con Loss: 4.76356645558973
[3 / 20] tensor([[0.833, 0.795],
        [0.712, 0.771]]) {'epoch': 3, 'valid/acc': 78.481, 'valid/acc_unbiased': 78.176, 'valid/diff': 1.124, 'valid/acc_skew': 77.625, 'valid/acc_align': 78.728, 'test/acc': 78.101, 'test/acc_unbiased': 77.783, 'test/diff': 4.885, 'test/acc_skew': 75.34, 'test/acc_align': 80.225}
[3 / 20] best valid accuracy: 78.176 at epoch 3 
 best_stats: {'best_valid_epoch': 3, 'best_valid_valid/acc': 78.481, 'best_valid_valid/acc_unbiased': 78.176, 'best_valid_valid/diff': 1.124, 'best_valid_valid/acc_skew': 77.625, 'best_valid_valid/acc_align': 78.728, 'best_valid_test/acc': 78.101, 'best_valid_test/acc_unbiased': 77.783, 'best_valid_test/diff': 4.885, 'best_valid_test/acc_skew': 75.34, 'best_valid_test/acc_align': 80.225}
[3 / 20] best test accuracy: 77.783 at epoch 3 
 best_stats: {'best_test_epoch': 3, 'best_test_valid/acc': 78.481, 'best_test_valid/acc_unbiased': 78.176, 'best_test_valid/diff': 1.124, 'best_test_valid/acc_skew': 77.625, 'best_test_valid/acc_align': 78.728, 'best_test_test/acc': 78.101, 'best_test_test/acc_unbiased': 77.783, 'best_test_test/diff': 4.885, 'best_test_test/acc_skew': 75.34, 'best_test_test/acc_align': 80.225}
[4 / 20] Learning rate: 0.001 weight: 0.01
[4 / 20] Loss: 4.74696343884112 CE Loss: 0.5104599053566488 Con Loss: 4.74185883911602
[4 / 20] tensor([[0.525, 0.483],
        [0.959, 0.966]]) {'epoch': 4, 'valid/acc': 70.549, 'valid/acc_unbiased': 72.227, 'valid/diff': 1.608, 'valid/acc_skew': 71.423, 'valid/acc_align': 73.03, 'test/acc': 72.278, 'test/acc_unbiased': 73.32, 'test/diff': 2.451, 'test/acc_skew': 72.094, 'test/acc_align': 74.546}
[4 / 20] best valid accuracy: 78.176 at epoch 3 
 best_stats: {'best_valid_epoch': 3, 'best_valid_valid/acc': 78.481, 'best_valid_valid/acc_unbiased': 78.176, 'best_valid_valid/diff': 1.124, 'best_valid_valid/acc_skew': 77.625, 'best_valid_valid/acc_align': 78.728, 'best_valid_test/acc': 78.101, 'best_valid_test/acc_unbiased': 77.783, 'best_valid_test/diff': 4.885, 'best_valid_test/acc_skew': 75.34, 'best_valid_test/acc_align': 80.225}
[4 / 20] best test accuracy: 77.783 at epoch 3 
 best_stats: {'best_test_epoch': 3, 'best_test_valid/acc': 78.481, 'best_test_valid/acc_unbiased': 78.176, 'best_test_valid/diff': 1.124, 'best_test_valid/acc_skew': 77.625, 'best_test_valid/acc_align': 78.728, 'best_test_test/acc': 78.101, 'best_test_test/acc_unbiased': 77.783, 'best_test_test/diff': 4.885, 'best_test_test/acc_skew': 75.34, 'best_test_test/acc_align': 80.225}
[5 / 20] Learning rate: 0.001 weight: 0.01
[5 / 20] Loss: 4.732683863158107 CE Loss: 0.5161767623784078 Con Loss: 4.727522096033502
[5 / 20] tensor([[0.783, 0.688],
        [0.814, 0.880]]) {'epoch': 5, 'valid/acc': 78.987, 'valid/acc_unbiased': 79.404, 'valid/diff': 2.853, 'valid/acc_skew': 77.978, 'valid/acc_align': 80.831, 'test/acc': 78.945, 'test/acc_unbiased': 79.125, 'test/diff': 8.031, 'test/acc_skew': 75.109, 'test/acc_align': 83.14}
[5 / 20] best valid accuracy: 79.404 at epoch 5 
 best_stats: {'best_valid_epoch': 5, 'best_valid_valid/acc': 78.987, 'best_valid_valid/acc_unbiased': 79.404, 'best_valid_valid/diff': 2.853, 'best_valid_valid/acc_skew': 77.978, 'best_valid_valid/acc_align': 80.831, 'best_valid_test/acc': 78.945, 'best_valid_test/acc_unbiased': 79.125, 'best_valid_test/diff': 8.031, 'best_valid_test/acc_skew': 75.109, 'best_valid_test/acc_align': 83.14}
[5 / 20] best test accuracy: 79.125 at epoch 5 
 best_stats: {'best_test_epoch': 5, 'best_test_valid/acc': 78.987, 'best_test_valid/acc_unbiased': 79.404, 'best_test_valid/diff': 2.853, 'best_test_valid/acc_skew': 77.978, 'best_test_valid/acc_align': 80.831, 'best_test_test/acc': 78.945, 'best_test_test/acc_unbiased': 79.125, 'best_test_test/diff': 8.031, 'best_test_test/acc_skew': 75.109, 'best_test_test/acc_align': 83.14}
[6 / 20] Learning rate: 0.001 weight: 0.01
[6 / 20] Loss: 4.713552803106573 CE Loss: 0.5085389520291179 Con Loss: 4.708467433253634
[6 / 20] tensor([[0.634, 0.513],
        [0.931, 0.948]]) {'epoch': 6, 'valid/acc': 73.966, 'valid/acc_unbiased': 75.277, 'valid/diff': 4.924, 'valid/acc_skew': 72.815, 'valid/acc_align': 77.739, 'test/acc': 74.641, 'test/acc_unbiased': 75.642, 'test/diff': 6.956, 'test/acc_skew': 72.165, 'test/acc_align': 79.12}
[6 / 20] best valid accuracy: 79.404 at epoch 5 
 best_stats: {'best_valid_epoch': 5, 'best_valid_valid/acc': 78.987, 'best_valid_valid/acc_unbiased': 79.404, 'best_valid_valid/diff': 2.853, 'best_valid_valid/acc_skew': 77.978, 'best_valid_valid/acc_align': 80.831, 'best_valid_test/acc': 78.945, 'best_valid_test/acc_unbiased': 79.125, 'best_valid_test/diff': 8.031, 'best_valid_test/acc_skew': 75.109, 'best_valid_test/acc_align': 83.14}
[6 / 20] best test accuracy: 79.125 at epoch 5 
 best_stats: {'best_test_epoch': 5, 'best_test_valid/acc': 78.987, 'best_test_valid/acc_unbiased': 79.404, 'best_test_valid/diff': 2.853, 'best_test_valid/acc_skew': 77.978, 'best_test_valid/acc_align': 80.831, 'best_test_test/acc': 78.945, 'best_test_test/acc_unbiased': 79.125, 'best_test_test/diff': 8.031, 'best_test_test/acc_skew': 75.109, 'best_test_test/acc_align': 83.14}
[7 / 20] Learning rate: 0.0001 weight: 0.01
[7 / 20] Loss: 4.62975613020175 CE Loss: 0.4795675503736359 Con Loss: 4.624960458819723
[7 / 20] tensor([[0.808, 0.699],
        [0.853, 0.900]]) {'epoch': 7, 'valid/acc': 79.747, 'valid/acc_unbiased': 80.203, 'valid/diff': 5.84, 'valid/acc_skew': 77.283, 'valid/acc_align': 83.123, 'test/acc': 81.181, 'test/acc_unbiased': 81.504, 'test/diff': 7.86, 'test/acc_skew': 77.574, 'test/acc_align': 85.434}
[7 / 20] best valid accuracy: 80.203 at epoch 7 
 best_stats: {'best_valid_epoch': 7, 'best_valid_valid/acc': 79.747, 'best_valid_valid/acc_unbiased': 80.203, 'best_valid_valid/diff': 5.84, 'best_valid_valid/acc_skew': 77.283, 'best_valid_valid/acc_align': 83.123, 'best_valid_test/acc': 81.181, 'best_valid_test/acc_unbiased': 81.504, 'best_valid_test/diff': 7.86, 'best_valid_test/acc_skew': 77.574, 'best_valid_test/acc_align': 85.434}
[7 / 20] best test accuracy: 81.504 at epoch 7 
 best_stats: {'best_test_epoch': 7, 'best_test_valid/acc': 79.747, 'best_test_valid/acc_unbiased': 80.203, 'best_test_valid/diff': 5.84, 'best_test_valid/acc_skew': 77.283, 'best_test_valid/acc_align': 83.123, 'best_test_test/acc': 81.181, 'best_test_test/acc_unbiased': 81.504, 'best_test_test/diff': 7.86, 'best_test_test/acc_skew': 77.574, 'best_test_test/acc_align': 85.434}
[8 / 20] Learning rate: 0.0001 weight: 0.01
[8 / 20] Loss: 4.603084728274478 CE Loss: 0.4718077519627651 Con Loss: 4.598366638228275
[8 / 20] tensor([[0.832, 0.728],
        [0.835, 0.886]]) {'epoch': 8, 'valid/acc': 80.928, 'valid/acc_unbiased': 81.16, 'valid/diff': 6.069, 'valid/acc_skew': 78.126, 'valid/acc_align': 84.194, 'test/acc': 81.814, 'test/acc_unbiased': 82.021, 'test/diff': 7.671, 'test/acc_skew': 78.186, 'test/acc_align': 85.856}
[8 / 20] best valid accuracy: 81.160 at epoch 8 
 best_stats: {'best_valid_epoch': 8, 'best_valid_valid/acc': 80.928, 'best_valid_valid/acc_unbiased': 81.16, 'best_valid_valid/diff': 6.069, 'best_valid_valid/acc_skew': 78.126, 'best_valid_valid/acc_align': 84.194, 'best_valid_test/acc': 81.814, 'best_valid_test/acc_unbiased': 82.021, 'best_valid_test/diff': 7.671, 'best_valid_test/acc_skew': 78.186, 'best_valid_test/acc_align': 85.856}
[8 / 20] best test accuracy: 82.021 at epoch 8 
 best_stats: {'best_test_epoch': 8, 'best_test_valid/acc': 80.928, 'best_test_valid/acc_unbiased': 81.16, 'best_test_valid/diff': 6.069, 'best_test_valid/acc_skew': 78.126, 'best_test_valid/acc_align': 84.194, 'best_test_test/acc': 81.814, 'best_test_test/acc_unbiased': 82.021, 'best_test_test/diff': 7.671, 'best_test_test/acc_skew': 78.186, 'best_test_test/acc_align': 85.856}
[9 / 20] Learning rate: 0.0001 weight: 0.01
[9 / 20] Loss: 4.543159904452055 CE Loss: 0.45953739247943437 Con Loss: 4.538564553547046
[9 / 20] tensor([[0.805, 0.713],
        [0.859, 0.914]]) {'epoch': 9, 'valid/acc': 80.591, 'valid/acc_unbiased': 81.156, 'valid/diff': 6.362, 'valid/acc_skew': 77.975, 'valid/acc_align': 84.337, 'test/acc': 82.025, 'test/acc_unbiased': 82.281, 'test/diff': 7.286, 'test/acc_skew': 78.637, 'test/acc_align': 85.924}
[9 / 20] best valid accuracy: 81.160 at epoch 8 
 best_stats: {'best_valid_epoch': 8, 'best_valid_valid/acc': 80.928, 'best_valid_valid/acc_unbiased': 81.16, 'best_valid_valid/diff': 6.069, 'best_valid_valid/acc_skew': 78.126, 'best_valid_valid/acc_align': 84.194, 'best_valid_test/acc': 81.814, 'best_valid_test/acc_unbiased': 82.021, 'best_valid_test/diff': 7.671, 'best_valid_test/acc_skew': 78.186, 'best_valid_test/acc_align': 85.856}
[9 / 20] best test accuracy: 82.281 at epoch 9 
 best_stats: {'best_test_epoch': 9, 'best_test_valid/acc': 80.591, 'best_test_valid/acc_unbiased': 81.156, 'best_test_valid/diff': 6.362, 'best_test_valid/acc_skew': 77.975, 'best_test_valid/acc_align': 84.337, 'best_test_test/acc': 82.025, 'best_test_test/acc_unbiased': 82.281, 'best_test_test/diff': 7.286, 'best_test_test/acc_skew': 78.637, 'best_test_test/acc_align': 85.924}
[10 / 20] Learning rate: 0.0001 weight: 0.01
[10 / 20] Loss: 4.545980301992436 CE Loss: 0.4571662355394349 Con Loss: 4.541408645635468
[10 / 20] tensor([[0.833, 0.753],
        [0.818, 0.877]]) {'epoch': 10, 'valid/acc': 81.519, 'valid/acc_unbiased': 81.751, 'valid/diff': 5.572, 'valid/acc_skew': 78.966, 'valid/acc_align': 84.537, 'test/acc': 81.983, 'test/acc_unbiased': 82.038, 'test/diff': 6.925, 'test/acc_skew': 78.575, 'test/acc_align': 85.5}
[10 / 20] best valid accuracy: 81.751 at epoch 10 
 best_stats: {'best_valid_epoch': 10, 'best_valid_valid/acc': 81.519, 'best_valid_valid/acc_unbiased': 81.751, 'best_valid_valid/diff': 5.572, 'best_valid_valid/acc_skew': 78.966, 'best_valid_valid/acc_align': 84.537, 'best_valid_test/acc': 81.983, 'best_valid_test/acc_unbiased': 82.038, 'best_valid_test/diff': 6.925, 'best_valid_test/acc_skew': 78.575, 'best_valid_test/acc_align': 85.5}
[10 / 20] best test accuracy: 82.281 at epoch 9 
 best_stats: {'best_test_epoch': 9, 'best_test_valid/acc': 80.591, 'best_test_valid/acc_unbiased': 81.156, 'best_test_valid/diff': 6.362, 'best_test_valid/acc_skew': 77.975, 'best_test_valid/acc_align': 84.337, 'best_test_test/acc': 82.025, 'best_test_test/acc_unbiased': 82.281, 'best_test_test/diff': 7.286, 'best_test_test/acc_skew': 78.637, 'best_test_test/acc_align': 85.924}
[11 / 20] Learning rate: 0.0001 weight: 0.01
[11 / 20] Loss: 4.525273768479444 CE Loss: 0.4524596316486292 Con Loss: 4.5207491926358
[11 / 20] tensor([[0.837, 0.739],
        [0.816, 0.890]]) {'epoch': 11, 'valid/acc': 81.561, 'valid/acc_unbiased': 81.855, 'valid/diff': 7.168, 'valid/acc_skew': 78.271, 'valid/acc_align': 85.439, 'test/acc': 81.983, 'test/acc_unbiased': 82.038, 'test/diff': 8.62, 'test/acc_skew': 77.728, 'test/acc_align': 86.348}
[11 / 20] best valid accuracy: 81.855 at epoch 11 
 best_stats: {'best_valid_epoch': 11, 'best_valid_valid/acc': 81.561, 'best_valid_valid/acc_unbiased': 81.855, 'best_valid_valid/diff': 7.168, 'best_valid_valid/acc_skew': 78.271, 'best_valid_valid/acc_align': 85.439, 'best_valid_test/acc': 81.983, 'best_valid_test/acc_unbiased': 82.038, 'best_valid_test/diff': 8.62, 'best_valid_test/acc_skew': 77.728, 'best_valid_test/acc_align': 86.348}
[11 / 20] best test accuracy: 82.281 at epoch 9 
 best_stats: {'best_test_epoch': 9, 'best_test_valid/acc': 80.591, 'best_test_valid/acc_unbiased': 81.156, 'best_test_valid/diff': 6.362, 'best_test_valid/acc_skew': 77.975, 'best_test_valid/acc_align': 84.337, 'best_test_test/acc': 82.025, 'best_test_test/acc_unbiased': 82.281, 'best_test_test/diff': 7.286, 'best_test_test/acc_skew': 78.637, 'best_test_test/acc_align': 85.924}
[12 / 20] Learning rate: 0.0001 weight: 0.01
[12 / 20] Loss: 4.5056391718796025 CE Loss: 0.4483269971425851 Con Loss: 4.501155887480885
[12 / 20] tensor([[0.867, 0.773],
        [0.766, 0.860]]) {'epoch': 12, 'valid/acc': 80.928, 'valid/acc_unbiased': 80.794, 'valid/diff': 6.859, 'valid/acc_skew': 77.364, 'valid/acc_align': 84.223, 'test/acc': 81.857, 'test/acc_unbiased': 81.662, 'test/diff': 9.448, 'test/acc_skew': 76.938, 'test/acc_align': 86.386}
[12 / 20] best valid accuracy: 81.855 at epoch 11 
 best_stats: {'best_valid_epoch': 11, 'best_valid_valid/acc': 81.561, 'best_valid_valid/acc_unbiased': 81.855, 'best_valid_valid/diff': 7.168, 'best_valid_valid/acc_skew': 78.271, 'best_valid_valid/acc_align': 85.439, 'best_valid_test/acc': 81.983, 'best_valid_test/acc_unbiased': 82.038, 'best_valid_test/diff': 8.62, 'best_valid_test/acc_skew': 77.728, 'best_valid_test/acc_align': 86.348}
[12 / 20] best test accuracy: 82.281 at epoch 9 
 best_stats: {'best_test_epoch': 9, 'best_test_valid/acc': 80.591, 'best_test_valid/acc_unbiased': 81.156, 'best_test_valid/diff': 6.362, 'best_test_valid/acc_skew': 77.975, 'best_test_valid/acc_align': 84.337, 'best_test_test/acc': 82.025, 'best_test_test/acc_unbiased': 82.281, 'best_test_test/diff': 7.286, 'best_test_test/acc_skew': 78.637, 'best_test_test/acc_align': 85.924}
[13 / 20] Learning rate: 0.0001 weight: 0.01
[13 / 20] Loss: 4.500801022894037 CE Loss: 0.4460655689501309 Con Loss: 4.496340361381519
[13 / 20] tensor([[0.851, 0.756],
        [0.801, 0.881]]) {'epoch': 13, 'valid/acc': 81.477, 'valid/acc_unbiased': 81.631, 'valid/diff': 7.373, 'valid/acc_skew': 77.944, 'valid/acc_align': 85.317, 'test/acc': 82.278, 'test/acc_unbiased': 82.238, 'test/diff': 8.762, 'test/acc_skew': 77.857, 'test/acc_align': 86.619}
[13 / 20] best valid accuracy: 81.855 at epoch 11 
 best_stats: {'best_valid_epoch': 11, 'best_valid_valid/acc': 81.561, 'best_valid_valid/acc_unbiased': 81.855, 'best_valid_valid/diff': 7.168, 'best_valid_valid/acc_skew': 78.271, 'best_valid_valid/acc_align': 85.439, 'best_valid_test/acc': 81.983, 'best_valid_test/acc_unbiased': 82.038, 'best_valid_test/diff': 8.62, 'best_valid_test/acc_skew': 77.728, 'best_valid_test/acc_align': 86.348}
[13 / 20] best test accuracy: 82.281 at epoch 9 
 best_stats: {'best_test_epoch': 9, 'best_test_valid/acc': 80.591, 'best_test_valid/acc_unbiased': 81.156, 'best_test_valid/diff': 6.362, 'best_test_valid/acc_skew': 77.975, 'best_test_valid/acc_align': 84.337, 'best_test_test/acc': 82.025, 'best_test_test/acc_unbiased': 82.281, 'best_test_test/diff': 7.286, 'best_test_test/acc_skew': 78.637, 'best_test_test/acc_align': 85.924}
[14 / 20] Learning rate: 1e-05 weight: 0.01
[14 / 20] Loss: 4.500579671315183 CE Loss: 0.44586349515405266 Con Loss: 4.496121051894449
[14 / 20] tensor([[0.839, 0.733],
        [0.814, 0.902]]) {'epoch': 14, 'valid/acc': 81.519, 'valid/acc_unbiased': 81.82, 'valid/diff': 7.464, 'valid/acc_skew': 78.088, 'valid/acc_align': 85.552, 'test/acc': 82.152, 'test/acc_unbiased': 82.178, 'test/diff': 9.707, 'test/acc_skew': 77.325, 'test/acc_align': 87.032}
[14 / 20] best valid accuracy: 81.855 at epoch 11 
 best_stats: {'best_valid_epoch': 11, 'best_valid_valid/acc': 81.561, 'best_valid_valid/acc_unbiased': 81.855, 'best_valid_valid/diff': 7.168, 'best_valid_valid/acc_skew': 78.271, 'best_valid_valid/acc_align': 85.439, 'best_valid_test/acc': 81.983, 'best_valid_test/acc_unbiased': 82.038, 'best_valid_test/diff': 8.62, 'best_valid_test/acc_skew': 77.728, 'best_valid_test/acc_align': 86.348}
[14 / 20] best test accuracy: 82.281 at epoch 9 
 best_stats: {'best_test_epoch': 9, 'best_test_valid/acc': 80.591, 'best_test_valid/acc_unbiased': 81.156, 'best_test_valid/diff': 6.362, 'best_test_valid/acc_skew': 77.975, 'best_test_valid/acc_align': 84.337, 'best_test_test/acc': 82.025, 'best_test_test/acc_unbiased': 82.281, 'best_test_test/diff': 7.286, 'best_test_test/acc_skew': 78.637, 'best_test_test/acc_align': 85.924}
[15 / 20] Learning rate: 1e-05 weight: 0.01
[15 / 20] Loss: 4.464382290316536 CE Loss: 0.43604883233066183 Con Loss: 4.4600218218556265
[15 / 20] tensor([[0.846, 0.739],
        [0.807, 0.892]]) {'epoch': 15, 'valid/acc': 81.603, 'valid/acc_unbiased': 81.903, 'valid/diff': 7.192, 'valid/acc_skew': 78.307, 'valid/acc_align': 85.499, 'test/acc': 82.068, 'test/acc_unbiased': 82.083, 'test/diff': 9.575, 'test/acc_skew': 77.296, 'test/acc_align': 86.87}
[15 / 20] best valid accuracy: 81.903 at epoch 15 
 best_stats: {'best_valid_epoch': 15, 'best_valid_valid/acc': 81.603, 'best_valid_valid/acc_unbiased': 81.903, 'best_valid_valid/diff': 7.192, 'best_valid_valid/acc_skew': 78.307, 'best_valid_valid/acc_align': 85.499, 'best_valid_test/acc': 82.068, 'best_valid_test/acc_unbiased': 82.083, 'best_valid_test/diff': 9.575, 'best_valid_test/acc_skew': 77.296, 'best_valid_test/acc_align': 86.87}
[15 / 20] best test accuracy: 82.281 at epoch 9 
 best_stats: {'best_test_epoch': 9, 'best_test_valid/acc': 80.591, 'best_test_valid/acc_unbiased': 81.156, 'best_test_valid/diff': 6.362, 'best_test_valid/acc_skew': 77.975, 'best_test_valid/acc_align': 84.337, 'best_test_test/acc': 82.025, 'best_test_test/acc_unbiased': 82.281, 'best_test_test/diff': 7.286, 'best_test_test/acc_skew': 78.637, 'best_test_test/acc_align': 85.924}
[16 / 20] Learning rate: 1e-05 weight: 0.01
[16 / 20] Loss: 4.488547465462636 CE Loss: 0.4323308510626741 Con Loss: 4.48422417284629
[16 / 20] tensor([[0.848, 0.739],
        [0.807, 0.895]]) {'epoch': 16, 'valid/acc': 81.561, 'valid/acc_unbiased': 81.868, 'valid/diff': 6.903, 'valid/acc_skew': 78.417, 'valid/acc_align': 85.32, 'test/acc': 82.194, 'test/acc_unbiased': 82.202, 'test/diff': 9.813, 'test/acc_skew': 77.296, 'test/acc_align': 87.109}
[16 / 20] best valid accuracy: 81.903 at epoch 15 
 best_stats: {'best_valid_epoch': 15, 'best_valid_valid/acc': 81.603, 'best_valid_valid/acc_unbiased': 81.903, 'best_valid_valid/diff': 7.192, 'best_valid_valid/acc_skew': 78.307, 'best_valid_valid/acc_align': 85.499, 'best_valid_test/acc': 82.068, 'best_valid_test/acc_unbiased': 82.083, 'best_valid_test/diff': 9.575, 'best_valid_test/acc_skew': 77.296, 'best_valid_test/acc_align': 86.87}
[16 / 20] best test accuracy: 82.281 at epoch 9 
 best_stats: {'best_test_epoch': 9, 'best_test_valid/acc': 80.591, 'best_test_valid/acc_unbiased': 81.156, 'best_test_valid/diff': 6.362, 'best_test_valid/acc_skew': 77.975, 'best_test_valid/acc_align': 84.337, 'best_test_test/acc': 82.025, 'best_test_test/acc_unbiased': 82.281, 'best_test_test/diff': 7.286, 'best_test_test/acc_skew': 78.637, 'best_test_test/acc_align': 85.924}
[17 / 20] Learning rate: 1e-05 weight: 0.01
[17 / 20] Loss: 4.4734959937468455 CE Loss: 0.439573754939642 Con Loss: 4.4691002379399265
[17 / 20] tensor([[0.844, 0.737],
        [0.818, 0.899]]) {'epoch': 17, 'valid/acc': 81.392, 'valid/acc_unbiased': 81.676, 'valid/diff': 7.906, 'valid/acc_skew': 77.723, 'valid/acc_align': 85.629, 'test/acc': 82.405, 'test/acc_unbiased': 82.458, 'test/diff': 9.389, 'test/acc_skew': 77.763, 'test/acc_align': 87.152}
[17 / 20] best valid accuracy: 81.903 at epoch 15 
 best_stats: {'best_valid_epoch': 15, 'best_valid_valid/acc': 81.603, 'best_valid_valid/acc_unbiased': 81.903, 'best_valid_valid/diff': 7.192, 'best_valid_valid/acc_skew': 78.307, 'best_valid_valid/acc_align': 85.499, 'best_valid_test/acc': 82.068, 'best_valid_test/acc_unbiased': 82.083, 'best_valid_test/diff': 9.575, 'best_valid_test/acc_skew': 77.296, 'best_valid_test/acc_align': 86.87}
[17 / 20] best test accuracy: 82.458 at epoch 17 
 best_stats: {'best_test_epoch': 17, 'best_test_valid/acc': 81.392, 'best_test_valid/acc_unbiased': 81.676, 'best_test_valid/diff': 7.906, 'best_test_valid/acc_skew': 77.723, 'best_test_valid/acc_align': 85.629, 'best_test_test/acc': 82.405, 'best_test_test/acc_unbiased': 82.458, 'best_test_test/diff': 9.389, 'best_test_test/acc_skew': 77.763, 'best_test_test/acc_align': 87.152}
[18 / 20] Learning rate: 1e-05 weight: 0.01
[18 / 20] Loss: 4.458010147117068 CE Loss: 0.431091018599263 Con Loss: 4.45369924877608
[18 / 20] tensor([[0.848, 0.749],
        [0.801, 0.889]]) {'epoch': 18, 'valid/acc': 81.392, 'valid/acc_unbiased': 81.595, 'valid/diff': 7.377, 'valid/acc_skew': 77.907, 'valid/acc_align': 85.284, 'test/acc': 82.194, 'test/acc_unbiased': 82.15, 'test/diff': 9.324, 'test/acc_skew': 77.488, 'test/acc_align': 86.811}
[18 / 20] best valid accuracy: 81.903 at epoch 15 
 best_stats: {'best_valid_epoch': 15, 'best_valid_valid/acc': 81.603, 'best_valid_valid/acc_unbiased': 81.903, 'best_valid_valid/diff': 7.192, 'best_valid_valid/acc_skew': 78.307, 'best_valid_valid/acc_align': 85.499, 'best_valid_test/acc': 82.068, 'best_valid_test/acc_unbiased': 82.083, 'best_valid_test/diff': 9.575, 'best_valid_test/acc_skew': 77.296, 'best_valid_test/acc_align': 86.87}
[18 / 20] best test accuracy: 82.458 at epoch 17 
 best_stats: {'best_test_epoch': 17, 'best_test_valid/acc': 81.392, 'best_test_valid/acc_unbiased': 81.676, 'best_test_valid/diff': 7.906, 'best_test_valid/acc_skew': 77.723, 'best_test_valid/acc_align': 85.629, 'best_test_test/acc': 82.405, 'best_test_test/acc_unbiased': 82.458, 'best_test_test/diff': 9.389, 'best_test_test/acc_skew': 77.763, 'best_test_test/acc_align': 87.152}
[19 / 20] Learning rate: 1e-05 weight: 0.01
[19 / 20] Loss: 4.473637589947545 CE Loss: 0.4390879737685051 Con Loss: 4.469246734462755
[19 / 20] tensor([[0.841, 0.731],
        [0.823, 0.900]]) {'epoch': 19, 'valid/acc': 81.435, 'valid/acc_unbiased': 81.789, 'valid/diff': 7.476, 'valid/acc_skew': 78.051, 'valid/acc_align': 85.527, 'test/acc': 82.278, 'test/acc_unbiased': 82.366, 'test/diff': 9.363, 'test/acc_skew': 77.684, 'test/acc_align': 87.047}
[19 / 20] best valid accuracy: 81.903 at epoch 15 
 best_stats: {'best_valid_epoch': 15, 'best_valid_valid/acc': 81.603, 'best_valid_valid/acc_unbiased': 81.903, 'best_valid_valid/diff': 7.192, 'best_valid_valid/acc_skew': 78.307, 'best_valid_valid/acc_align': 85.499, 'best_valid_test/acc': 82.068, 'best_valid_test/acc_unbiased': 82.083, 'best_valid_test/diff': 9.575, 'best_valid_test/acc_skew': 77.296, 'best_valid_test/acc_align': 86.87}
[19 / 20] best test accuracy: 82.458 at epoch 17 
 best_stats: {'best_test_epoch': 17, 'best_test_valid/acc': 81.392, 'best_test_valid/acc_unbiased': 81.676, 'best_test_valid/diff': 7.906, 'best_test_valid/acc_skew': 77.723, 'best_test_valid/acc_align': 85.629, 'best_test_test/acc': 82.405, 'best_test_test/acc_unbiased': 82.458, 'best_test_test/diff': 9.389, 'best_test_test/acc_skew': 77.763, 'best_test_test/acc_align': 87.152}
[20 / 20] Learning rate: 1e-05 weight: 0.01
[20 / 20] Loss: 4.47161783760149 CE Loss: 0.4350173602516096 Con Loss: 4.467267654999807
[20 / 20] tensor([[0.837, 0.722],
        [0.842, 0.908]]) {'epoch': 20, 'valid/acc': 81.266, 'valid/acc_unbiased': 81.745, 'valid/diff': 7.684, 'valid/acc_skew': 77.903, 'valid/acc_align': 85.587, 'test/acc': 82.532, 'test/acc_unbiased': 82.727, 'test/diff': 9.025, 'test/acc_skew': 78.215, 'test/acc_align': 87.24}
[20 / 20] best valid accuracy: 81.903 at epoch 15 
 best_stats: {'best_valid_epoch': 15, 'best_valid_valid/acc': 81.603, 'best_valid_valid/acc_unbiased': 81.903, 'best_valid_valid/diff': 7.192, 'best_valid_valid/acc_skew': 78.307, 'best_valid_valid/acc_align': 85.499, 'best_valid_test/acc': 82.068, 'best_valid_test/acc_unbiased': 82.083, 'best_valid_test/diff': 9.575, 'best_valid_test/acc_skew': 77.296, 'best_valid_test/acc_align': 86.87}
[20 / 20] best test accuracy: 82.727 at epoch 20 
 best_stats: {'best_test_epoch': 20, 'best_test_valid/acc': 81.266, 'best_test_valid/acc_unbiased': 81.745, 'best_test_valid/diff': 7.684, 'best_test_valid/acc_skew': 77.903, 'best_test_valid/acc_align': 85.587, 'best_test_test/acc': 82.532, 'best_test_test/acc_unbiased': 82.727, 'best_test_test/diff': 9.025, 'best_test_test/acc_skew': 78.215, 'best_test_test/acc_align': 87.24}
Total training time: 0:18:48
