Log level set to: INFO
Set seed: 1
=======> Using Fixed Random Seed: 1 <========
save_path: exp_results/bc-bb0-utk_face_age-us-0.4-lr0.001-bs128-cbs64-w0.01-ratio10-aug1-seed1
get_utk_face - split: train, aug: False, given_y: True, ratio: 0
use existing biased_utk_face from data/utk_face/pickles/biased_utk_face-target_gender-bias_age-0.4
Distribution Before Sampling: 
===================================
Binary Labels Distribution: 
Binary Target 0
---------------------------
Target 0: [8237, 886]
Target 1: [4942, 1477]
Binary Target 1
---------------------------
Target 0: [8237, 886]
Target 1: [4942, 1477]
===================================
Normal Label Distribution: 
Target 0: [8237, 886]
Target 1: [4942, 1477]
===================================
Distribution After Sampling: 
===================================
Binary Labels Distribution: 
Binary Target 0
---------------------------
Target 0: [886, 886]
Target 1: [886, 886]
Binary Target 1
---------------------------
Target 0: [886, 886]
Target 1: [886, 886]
===================================
Normal Label Distribution: 
Target 0: [886, 886]
Target 1: [886, 886]
===================================
Use BiasedUTKFace - target_attr: gender
BiasedUTKFace -- total: 3544, target_attr: gender, bias_attr: age bias_rate: 0.4
['[train] target_0-bias_0: 886', '[train] target_0-bias_1: 886', '[train] target_1-bias_0: 886', '[train] target_1-bias_1: 886']
confusion_matrix - 
 original: tensor([[886., 886.],
        [886., 886.]]), 
 normalized: tensor([[0.500, 0.500],
        [0.500, 0.500]]), 
 b|y: tensor([[0.500, 0.500],
        [0.500, 0.500]])
get_utk_face - split: train, aug: 1, given_y: True, ratio: 10
use existing biased_utk_face from data/utk_face/pickles/biased_utk_face-target_gender-bias_age-0.4
Distribution Before Sampling: 
===================================
Binary Labels Distribution: 
Binary Target 0
---------------------------
Target 0: [8237, 886]
Target 1: [4942, 1477]
Binary Target 1
---------------------------
Target 0: [8237, 886]
Target 1: [4942, 1477]
===================================
Normal Label Distribution: 
Target 0: [8237, 886]
Target 1: [4942, 1477]
===================================
Distribution After Sampling: 
===================================
Binary Labels Distribution: 
Binary Target 0
---------------------------
Target 0: [886, 886]
Target 1: [886, 886]
Binary Target 1
---------------------------
Target 0: [886, 886]
Target 1: [886, 886]
===================================
Normal Label Distribution: 
Target 0: [886, 886]
Target 1: [886, 886]
===================================
Use BiasedUTKFace - target_attr: gender
BiasedUTKFace -- total: 3544, target_attr: gender, bias_attr: age bias_rate: 0.4
['[train] target_0-bias_0: 886', '[train] target_0-bias_1: 886', '[train] target_1-bias_0: 886', '[train] target_1-bias_1: 886']
get_utk_face - split: valid, aug: False, given_y: True, ratio: 0
use existing biased_utk_face from data/utk_face/pickles/biased_utk_face-target_gender-bias_age-0.4
Distribution Before Sampling: 
===================================
Binary Labels Distribution: 
Binary Target 0
---------------------------
Target 0: [1030, 195]
Target 1: [841, 202]
Binary Target 1
---------------------------
Target 0: [1030, 195]
Target 1: [841, 202]
===================================
Normal Label Distribution: 
Target 0: [1030, 195]
Target 1: [841, 202]
===================================
Use BiasedUTKFace - target_attr: gender
BiasedUTKFace -- total: 2268, target_attr: gender, bias_attr: age bias_rate: 0.4
['[valid] target_0-bias_0: 1030', '[valid] target_0-bias_1: 195', '[valid] target_1-bias_0: 841', '[valid] target_1-bias_1: 202']
get_utk_face - split: test, aug: False, given_y: True, ratio: 0
use existing biased_utk_face from data/utk_face/pickles/biased_utk_face-target_gender-bias_age-0.4
Distribution Before Sampling: 
===================================
Binary Labels Distribution: 
Binary Target 0
---------------------------
Target 0: [1061, 176]
Target 1: [867, 165]
Binary Target 1
---------------------------
Target 0: [1061, 176]
Target 1: [867, 165]
===================================
Normal Label Distribution: 
Target 0: [1061, 176]
Target 1: [867, 165]
===================================
Use BiasedUTKFace - target_attr: gender
BiasedUTKFace -- total: 2269, target_attr: gender, bias_attr: age bias_rate: 0.4
['[test] target_0-bias_0: 1061', '[test] target_0-bias_1: 176', '[test] target_1-bias_0: 867', '[test] target_1-bias_1: 165']
decay_epochs: [6, 13]
[1 / 20] Learning rate: 0.001 weight: 0.01
[1 / 20] Loss: 5.083972848026801 CE Loss: 0.7173339014128691 Con Loss: 5.076799470199688
[1 / 20] tensor([[0.588, 0.557],
        [0.692, 0.582]]) {'epoch': 1, 'valid/acc': 61.596, 'valid/acc_unbiased': 59.859, 'valid/diff': 5.971, 'valid/acc_skew': 62.845, 'valid/acc_align': 56.874, 'test/acc': 62.494, 'test/acc_unbiased': 60.47, 'test/diff': 7.076, 'test/acc_skew': 64.008, 'test/acc_align': 56.932}
[1 / 20] best valid accuracy: 59.859 at epoch 1 
 best_stats: {'best_valid_epoch': 1, 'best_valid_valid/acc': 61.596, 'best_valid_valid/acc_unbiased': 59.859, 'best_valid_valid/diff': 5.971, 'best_valid_valid/acc_skew': 62.845, 'best_valid_valid/acc_align': 56.874, 'best_valid_test/acc': 62.494, 'best_valid_test/acc_unbiased': 60.47, 'best_valid_test/diff': 7.076, 'best_valid_test/acc_skew': 64.008, 'best_valid_test/acc_align': 56.932}
[1 / 20] best test accuracy: 60.470 at epoch 1 
 best_stats: {'best_test_epoch': 1, 'best_test_valid/acc': 61.596, 'best_test_valid/acc_unbiased': 59.859, 'best_test_valid/diff': 5.971, 'best_test_valid/acc_skew': 62.845, 'best_test_valid/acc_align': 56.874, 'best_test_test/acc': 62.494, 'best_test_test/acc_unbiased': 60.47, 'best_test_test/diff': 7.076, 'best_test_test/acc_skew': 64.008, 'best_test_test/acc_align': 56.932}
[2 / 20] Learning rate: 0.001 weight: 0.01
[2 / 20] Loss: 4.854714297817738 CE Loss: 0.6623561319056268 Con Loss: 4.848090718615943
[2 / 20] tensor([[0.845, 0.733],
        [0.606, 0.564]]) {'epoch': 2, 'valid/acc': 71.12, 'valid/acc_unbiased': 67.782, 'valid/diff': 6.732, 'valid/acc_skew': 71.148, 'valid/acc_align': 64.416, 'test/acc': 72.455, 'test/acc_unbiased': 68.689, 'test/diff': 7.719, 'test/acc_skew': 72.548, 'test/acc_align': 64.83}
[2 / 20] best valid accuracy: 67.782 at epoch 2 
 best_stats: {'best_valid_epoch': 2, 'best_valid_valid/acc': 71.12, 'best_valid_valid/acc_unbiased': 67.782, 'best_valid_valid/diff': 6.732, 'best_valid_valid/acc_skew': 71.148, 'best_valid_valid/acc_align': 64.416, 'best_valid_test/acc': 72.455, 'best_valid_test/acc_unbiased': 68.689, 'best_valid_test/diff': 7.719, 'best_valid_test/acc_skew': 72.548, 'best_valid_test/acc_align': 64.83}
[2 / 20] best test accuracy: 68.689 at epoch 2 
 best_stats: {'best_test_epoch': 2, 'best_test_valid/acc': 71.12, 'best_test_valid/acc_unbiased': 67.782, 'best_test_valid/diff': 6.732, 'best_test_valid/acc_skew': 71.148, 'best_test_valid/acc_align': 64.416, 'best_test_test/acc': 72.455, 'best_test_test/acc_unbiased': 68.689, 'best_test_test/diff': 7.719, 'best_test_test/acc_skew': 72.548, 'best_test_test/acc_align': 64.83}
[3 / 20] Learning rate: 0.001 weight: 0.01
[3 / 20] Loss: 4.843610260879482 CE Loss: 0.6420114886679983 Con Loss: 4.837190135068872
[3 / 20] tensor([[0.624, 0.517],
        [0.847, 0.745]]) {'epoch': 3, 'valid/acc': 71.208, 'valid/acc_unbiased': 69.024, 'valid/diff': 9.114, 'valid/acc_skew': 73.581, 'valid/acc_align': 64.467, 'test/acc': 70.956, 'test/acc_unbiased': 68.326, 'test/diff': 10.402, 'test/acc_skew': 73.527, 'test/acc_align': 63.125}
[3 / 20] best valid accuracy: 69.024 at epoch 3 
 best_stats: {'best_valid_epoch': 3, 'best_valid_valid/acc': 71.208, 'best_valid_valid/acc_unbiased': 69.024, 'best_valid_valid/diff': 9.114, 'best_valid_valid/acc_skew': 73.581, 'best_valid_valid/acc_align': 64.467, 'best_valid_test/acc': 70.956, 'best_valid_test/acc_unbiased': 68.326, 'best_valid_test/diff': 10.402, 'best_valid_test/acc_skew': 73.527, 'best_valid_test/acc_align': 63.125}
[3 / 20] best test accuracy: 68.689 at epoch 2 
 best_stats: {'best_test_epoch': 2, 'best_test_valid/acc': 71.12, 'best_test_valid/acc_unbiased': 67.782, 'best_test_valid/diff': 6.732, 'best_test_valid/acc_skew': 71.148, 'best_test_valid/acc_align': 64.416, 'best_test_test/acc': 72.455, 'best_test_test/acc_unbiased': 68.689, 'best_test_test/diff': 7.719, 'best_test_test/acc_skew': 72.548, 'best_test_test/acc_align': 64.83}
[4 / 20] Learning rate: 0.001 weight: 0.01
[4 / 20] Loss: 4.845423153776078 CE Loss: 0.6133721454687097 Con Loss: 4.839289383210124
[4 / 20] tensor([[0.914, 0.835],
        [0.606, 0.418]]) {'epoch': 4, 'valid/acc': 75.97, 'valid/acc_unbiased': 71.357, 'valid/diff': 10.574, 'valid/acc_skew': 76.644, 'valid/acc_align': 66.07, 'test/acc': 75.408, 'test/acc_unbiased': 69.329, 'test/diff': 13.318, 'test/acc_skew': 75.988, 'test/acc_align': 62.67}
[4 / 20] best valid accuracy: 71.357 at epoch 4 
 best_stats: {'best_valid_epoch': 4, 'best_valid_valid/acc': 75.97, 'best_valid_valid/acc_unbiased': 71.357, 'best_valid_valid/diff': 10.574, 'best_valid_valid/acc_skew': 76.644, 'best_valid_valid/acc_align': 66.07, 'best_valid_test/acc': 75.408, 'best_valid_test/acc_unbiased': 69.329, 'best_valid_test/diff': 13.318, 'best_valid_test/acc_skew': 75.988, 'best_valid_test/acc_align': 62.67}
[4 / 20] best test accuracy: 69.329 at epoch 4 
 best_stats: {'best_test_epoch': 4, 'best_test_valid/acc': 75.97, 'best_test_valid/acc_unbiased': 71.357, 'best_test_valid/diff': 10.574, 'best_test_valid/acc_skew': 76.644, 'best_test_valid/acc_align': 66.07, 'best_test_test/acc': 75.408, 'best_test_test/acc_unbiased': 69.329, 'best_test_test/diff': 13.318, 'best_test_test/acc_skew': 75.988, 'best_test_test/acc_align': 62.67}
[5 / 20] Learning rate: 0.001 weight: 0.01
[5 / 20] Loss: 4.841941105861965 CE Loss: 0.5932970531368902 Con Loss: 4.836008093427051
[5 / 20] tensor([[0.809, 0.773],
        [0.749, 0.558]]) {'epoch': 5, 'valid/acc': 77.116, 'valid/acc_unbiased': 73.722, 'valid/diff': 9.419, 'valid/acc_skew': 78.431, 'valid/acc_align': 69.012, 'test/acc': 76.465, 'test/acc_unbiased': 72.188, 'test/diff': 11.346, 'test/acc_skew': 77.861, 'test/acc_align': 66.515}
[5 / 20] best valid accuracy: 73.722 at epoch 5 
 best_stats: {'best_valid_epoch': 5, 'best_valid_valid/acc': 77.116, 'best_valid_valid/acc_unbiased': 73.722, 'best_valid_valid/diff': 9.419, 'best_valid_valid/acc_skew': 78.431, 'best_valid_valid/acc_align': 69.012, 'best_valid_test/acc': 76.465, 'best_valid_test/acc_unbiased': 72.188, 'best_valid_test/diff': 11.346, 'best_valid_test/acc_skew': 77.861, 'best_valid_test/acc_align': 66.515}
[5 / 20] best test accuracy: 72.188 at epoch 5 
 best_stats: {'best_test_epoch': 5, 'best_test_valid/acc': 77.116, 'best_test_valid/acc_unbiased': 73.722, 'best_test_valid/diff': 9.419, 'best_test_valid/acc_skew': 78.431, 'best_test_valid/acc_align': 69.012, 'best_test_test/acc': 76.465, 'best_test_test/acc_unbiased': 72.188, 'best_test_test/diff': 11.346, 'best_test_test/acc_skew': 77.861, 'best_test_test/acc_align': 66.515}
[6 / 20] Learning rate: 0.001 weight: 0.01
[6 / 20] Loss: 4.832425042145947 CE Loss: 0.588902768916524 Con Loss: 4.826536061263246
[6 / 20] tensor([[0.861, 0.778],
        [0.729, 0.545]]) {'epoch': 6, 'valid/acc': 78.527, 'valid/acc_unbiased': 75.706, 'valid/diff': 6.596, 'valid/acc_skew': 79.004, 'valid/acc_align': 72.408, 'test/acc': 78.14, 'test/acc_unbiased': 72.857, 'test/diff': 13.327, 'test/acc_skew': 79.52, 'test/acc_align': 66.193}
[6 / 20] best valid accuracy: 75.706 at epoch 6 
 best_stats: {'best_valid_epoch': 6, 'best_valid_valid/acc': 78.527, 'best_valid_valid/acc_unbiased': 75.706, 'best_valid_valid/diff': 6.596, 'best_valid_valid/acc_skew': 79.004, 'best_valid_valid/acc_align': 72.408, 'best_valid_test/acc': 78.14, 'best_valid_test/acc_unbiased': 72.857, 'best_valid_test/diff': 13.327, 'best_valid_test/acc_skew': 79.52, 'best_valid_test/acc_align': 66.193}
[6 / 20] best test accuracy: 72.857 at epoch 6 
 best_stats: {'best_test_epoch': 6, 'best_test_valid/acc': 78.527, 'best_test_valid/acc_unbiased': 75.706, 'best_test_valid/diff': 6.596, 'best_test_valid/acc_skew': 79.004, 'best_test_valid/acc_align': 72.408, 'best_test_test/acc': 78.14, 'best_test_test/acc_unbiased': 72.857, 'best_test_test/diff': 13.327, 'best_test_test/acc_skew': 79.52, 'best_test_test/acc_align': 66.193}
[7 / 20] Learning rate: 0.0001 weight: 0.01
[7 / 20] Loss: 4.823402542562032 CE Loss: 0.5548324360266227 Con Loss: 4.817854183791185
[7 / 20] tensor([[0.825, 0.739],
        [0.788, 0.600]]) {'epoch': 7, 'valid/acc': 78.748, 'valid/acc_unbiased': 75.803, 'valid/diff': 8.489, 'valid/acc_skew': 80.047, 'valid/acc_align': 71.559, 'test/acc': 78.757, 'test/acc_unbiased': 73.778, 'test/diff': 13.692, 'test/acc_skew': 80.623, 'test/acc_align': 66.932}
[7 / 20] best valid accuracy: 75.803 at epoch 7 
 best_stats: {'best_valid_epoch': 7, 'best_valid_valid/acc': 78.748, 'best_valid_valid/acc_unbiased': 75.803, 'best_valid_valid/diff': 8.489, 'best_valid_valid/acc_skew': 80.047, 'best_valid_valid/acc_align': 71.559, 'best_valid_test/acc': 78.757, 'best_valid_test/acc_unbiased': 73.778, 'best_valid_test/diff': 13.692, 'best_valid_test/acc_skew': 80.623, 'best_valid_test/acc_align': 66.932}
[7 / 20] best test accuracy: 73.778 at epoch 7 
 best_stats: {'best_test_epoch': 7, 'best_test_valid/acc': 78.748, 'best_test_valid/acc_unbiased': 75.803, 'best_test_valid/diff': 8.489, 'best_test_valid/acc_skew': 80.047, 'best_test_valid/acc_align': 71.559, 'best_test_test/acc': 78.757, 'best_test_test/acc_unbiased': 73.778, 'best_test_test/diff': 13.692, 'best_test_test/acc_skew': 80.623, 'best_test_test/acc_align': 66.932}
[8 / 20] Learning rate: 0.0001 weight: 0.01
[8 / 20] Loss: 4.8114776955770315 CE Loss: 0.5517208060884583 Con Loss: 4.805960486220452
[8 / 20] tensor([[0.813, 0.744],
        [0.811, 0.594]]) {'epoch': 8, 'valid/acc': 78.968, 'valid/acc_unbiased': 75.092, 'valid/diff': 11.663, 'valid/acc_skew': 80.923, 'valid/acc_align': 69.26, 'test/acc': 79.11, 'test/acc_unbiased': 74.062, 'test/diff': 14.298, 'test/acc_skew': 81.211, 'test/acc_align': 66.913}
[8 / 20] best valid accuracy: 75.803 at epoch 7 
 best_stats: {'best_valid_epoch': 7, 'best_valid_valid/acc': 78.748, 'best_valid_valid/acc_unbiased': 75.803, 'best_valid_valid/diff': 8.489, 'best_valid_valid/acc_skew': 80.047, 'best_valid_valid/acc_align': 71.559, 'best_valid_test/acc': 78.757, 'best_valid_test/acc_unbiased': 73.778, 'best_valid_test/diff': 13.692, 'best_valid_test/acc_skew': 80.623, 'best_valid_test/acc_align': 66.932}
[8 / 20] best test accuracy: 74.062 at epoch 8 
 best_stats: {'best_test_epoch': 8, 'best_test_valid/acc': 78.968, 'best_test_valid/acc_unbiased': 75.092, 'best_test_valid/diff': 11.663, 'best_test_valid/acc_skew': 80.923, 'best_test_valid/acc_align': 69.26, 'best_test_test/acc': 79.11, 'best_test_test/acc_unbiased': 74.062, 'best_test_test/diff': 14.298, 'best_test_test/acc_skew': 81.211, 'best_test_test/acc_align': 66.913}
[9 / 20] Learning rate: 0.0001 weight: 0.01
[9 / 20] Loss: 4.79866790018017 CE Loss: 0.5244135549859592 Con Loss: 4.793423749523292
[9 / 20] tensor([[0.844, 0.790],
        [0.794, 0.533]]) {'epoch': 9, 'valid/acc': 80.026, 'valid/acc_unbiased': 76.634, 'valid/diff': 9.567, 'valid/acc_skew': 81.417, 'valid/acc_align': 71.851, 'test/acc': 79.771, 'test/acc_unbiased': 74.005, 'test/diff': 15.699, 'test/acc_skew': 81.854, 'test/acc_align': 66.155}
[9 / 20] best valid accuracy: 76.634 at epoch 9 
 best_stats: {'best_valid_epoch': 9, 'best_valid_valid/acc': 80.026, 'best_valid_valid/acc_unbiased': 76.634, 'best_valid_valid/diff': 9.567, 'best_valid_valid/acc_skew': 81.417, 'best_valid_valid/acc_align': 71.851, 'best_valid_test/acc': 79.771, 'best_valid_test/acc_unbiased': 74.005, 'best_valid_test/diff': 15.699, 'best_valid_test/acc_skew': 81.854, 'best_valid_test/acc_align': 66.155}
[9 / 20] best test accuracy: 74.062 at epoch 8 
 best_stats: {'best_test_epoch': 8, 'best_test_valid/acc': 78.968, 'best_test_valid/acc_unbiased': 75.092, 'best_test_valid/diff': 11.663, 'best_test_valid/acc_skew': 80.923, 'best_test_valid/acc_align': 69.26, 'best_test_test/acc': 79.11, 'best_test_test/acc_unbiased': 74.062, 'best_test_test/diff': 14.298, 'best_test_test/acc_skew': 81.211, 'best_test_test/acc_align': 66.913}
[10 / 20] Learning rate: 0.0001 weight: 0.01
[10 / 20] Loss: 4.800969132451387 CE Loss: 0.5311985332056308 Con Loss: 4.7956570911622745
[10 / 20] tensor([[0.887, 0.767],
        [0.768, 0.539]]) {'epoch': 10, 'valid/acc': 80.379, 'valid/acc_unbiased': 76.75, 'valid/diff': 9.251, 'valid/acc_skew': 81.375, 'valid/acc_align': 72.125, 'test/acc': 80.696, 'test/acc_unbiased': 74.038, 'test/diff': 17.431, 'test/acc_skew': 82.753, 'test/acc_align': 65.322}
[10 / 20] best valid accuracy: 76.750 at epoch 10 
 best_stats: {'best_valid_epoch': 10, 'best_valid_valid/acc': 80.379, 'best_valid_valid/acc_unbiased': 76.75, 'best_valid_valid/diff': 9.251, 'best_valid_valid/acc_skew': 81.375, 'best_valid_valid/acc_align': 72.125, 'best_valid_test/acc': 80.696, 'best_valid_test/acc_unbiased': 74.038, 'best_valid_test/diff': 17.431, 'best_valid_test/acc_skew': 82.753, 'best_valid_test/acc_align': 65.322}
[10 / 20] best test accuracy: 74.062 at epoch 8 
 best_stats: {'best_test_epoch': 8, 'best_test_valid/acc': 78.968, 'best_test_valid/acc_unbiased': 75.092, 'best_test_valid/diff': 11.663, 'best_test_valid/acc_skew': 80.923, 'best_test_valid/acc_align': 69.26, 'best_test_test/acc': 79.11, 'best_test_test/acc_unbiased': 74.062, 'best_test_test/diff': 14.298, 'best_test_test/acc_skew': 81.211, 'best_test_test/acc_align': 66.913}
[11 / 20] Learning rate: 0.0001 weight: 0.01
[11 / 20] Loss: 4.796077665841337 CE Loss: 0.5213686654314769 Con Loss: 4.790864031686201
[11 / 20] tensor([[0.824, 0.733],
        [0.800, 0.618]]) {'epoch': 11, 'valid/acc': 80.247, 'valid/acc_unbiased': 76.98, 'valid/diff': 9.852, 'valid/acc_skew': 81.906, 'valid/acc_align': 72.054, 'test/acc': 79.286, 'test/acc_unbiased': 74.384, 'test/diff': 13.654, 'test/acc_skew': 81.211, 'test/acc_align': 67.557}
[11 / 20] best valid accuracy: 76.980 at epoch 11 
 best_stats: {'best_valid_epoch': 11, 'best_valid_valid/acc': 80.247, 'best_valid_valid/acc_unbiased': 76.98, 'best_valid_valid/diff': 9.852, 'best_valid_valid/acc_skew': 81.906, 'best_valid_valid/acc_align': 72.054, 'best_valid_test/acc': 79.286, 'best_valid_test/acc_unbiased': 74.384, 'best_valid_test/diff': 13.654, 'best_valid_test/acc_skew': 81.211, 'best_valid_test/acc_align': 67.557}
[11 / 20] best test accuracy: 74.384 at epoch 11 
 best_stats: {'best_test_epoch': 11, 'best_test_valid/acc': 80.247, 'best_test_valid/acc_unbiased': 76.98, 'best_test_valid/diff': 9.852, 'best_test_valid/acc_skew': 81.906, 'best_test_valid/acc_align': 72.054, 'best_test_test/acc': 79.286, 'best_test_test/acc_unbiased': 74.384, 'best_test_test/diff': 13.654, 'best_test_test/acc_skew': 81.211, 'best_test_test/acc_align': 67.557}
[12 / 20] Learning rate: 0.0001 weight: 0.01
[12 / 20] Loss: 4.7949746284743195 CE Loss: 0.516400622864071 Con Loss: 4.789810630591674
[12 / 20] tensor([[0.898, 0.830],
        [0.745, 0.552]]) {'epoch': 12, 'valid/acc': 80.247, 'valid/acc_unbiased': 76.691, 'valid/diff': 9.078, 'valid/acc_skew': 81.23, 'valid/acc_align': 72.152, 'test/acc': 80.917, 'test/acc_unbiased': 75.609, 'test/diff': 13.112, 'test/acc_skew': 82.165, 'test/acc_align': 69.053}
[12 / 20] best valid accuracy: 76.980 at epoch 11 
 best_stats: {'best_valid_epoch': 11, 'best_valid_valid/acc': 80.247, 'best_valid_valid/acc_unbiased': 76.98, 'best_valid_valid/diff': 9.852, 'best_valid_valid/acc_skew': 81.906, 'best_valid_valid/acc_align': 72.054, 'best_valid_test/acc': 79.286, 'best_valid_test/acc_unbiased': 74.384, 'best_valid_test/diff': 13.654, 'best_valid_test/acc_skew': 81.211, 'best_valid_test/acc_align': 67.557}
[12 / 20] best test accuracy: 75.609 at epoch 12 
 best_stats: {'best_test_epoch': 12, 'best_test_valid/acc': 80.247, 'best_test_valid/acc_unbiased': 76.691, 'best_test_valid/diff': 9.078, 'best_test_valid/acc_skew': 81.23, 'best_test_valid/acc_align': 72.152, 'best_test_test/acc': 80.917, 'best_test_test/acc_unbiased': 75.609, 'best_test_test/diff': 13.112, 'best_test_test/acc_skew': 82.165, 'best_test_test/acc_align': 69.053}
[13 / 20] Learning rate: 0.0001 weight: 0.01
[13 / 20] Loss: 4.797305219060411 CE Loss: 0.5096245953649216 Con Loss: 4.792208975109505
[13 / 20] tensor([[0.875, 0.790],
        [0.774, 0.545]]) {'epoch': 13, 'valid/acc': 80.467, 'valid/acc_unbiased': 77.222, 'valid/diff': 8.602, 'valid/acc_skew': 81.523, 'valid/acc_align': 72.921, 'test/acc': 80.564, 'test/acc_unbiased': 74.595, 'test/diff': 15.668, 'test/acc_skew': 82.429, 'test/acc_align': 66.761}
[13 / 20] best valid accuracy: 77.222 at epoch 13 
 best_stats: {'best_valid_epoch': 13, 'best_valid_valid/acc': 80.467, 'best_valid_valid/acc_unbiased': 77.222, 'best_valid_valid/diff': 8.602, 'best_valid_valid/acc_skew': 81.523, 'best_valid_valid/acc_align': 72.921, 'best_valid_test/acc': 80.564, 'best_valid_test/acc_unbiased': 74.595, 'best_valid_test/diff': 15.668, 'best_valid_test/acc_skew': 82.429, 'best_valid_test/acc_align': 66.761}
[13 / 20] best test accuracy: 75.609 at epoch 12 
 best_stats: {'best_test_epoch': 12, 'best_test_valid/acc': 80.247, 'best_test_valid/acc_unbiased': 76.691, 'best_test_valid/diff': 9.078, 'best_test_valid/acc_skew': 81.23, 'best_test_valid/acc_align': 72.152, 'best_test_test/acc': 80.917, 'best_test_test/acc_unbiased': 75.609, 'best_test_test/diff': 13.112, 'best_test_test/acc_skew': 82.165, 'best_test_test/acc_align': 69.053}
[14 / 20] Learning rate: 1e-05 weight: 0.01
[14 / 20] Loss: 4.788122247088843 CE Loss: 0.497083826743184 Con Loss: 4.783151445754764
[14 / 20] tensor([[0.882, 0.784],
        [0.769, 0.570]]) {'epoch': 14, 'valid/acc': 80.556, 'valid/acc_unbiased': 77.354, 'valid/diff': 8.371, 'valid/acc_skew': 81.539, 'valid/acc_align': 73.168, 'test/acc': 80.873, 'test/acc_unbiased': 75.132, 'test/diff': 14.886, 'test/acc_skew': 82.575, 'test/acc_align': 67.689}
[14 / 20] best valid accuracy: 77.354 at epoch 14 
 best_stats: {'best_valid_epoch': 14, 'best_valid_valid/acc': 80.556, 'best_valid_valid/acc_unbiased': 77.354, 'best_valid_valid/diff': 8.371, 'best_valid_valid/acc_skew': 81.539, 'best_valid_valid/acc_align': 73.168, 'best_valid_test/acc': 80.873, 'best_valid_test/acc_unbiased': 75.132, 'best_valid_test/diff': 14.886, 'best_valid_test/acc_skew': 82.575, 'best_valid_test/acc_align': 67.689}
[14 / 20] best test accuracy: 75.609 at epoch 12 
 best_stats: {'best_test_epoch': 12, 'best_test_valid/acc': 80.247, 'best_test_valid/acc_unbiased': 76.691, 'best_test_valid/diff': 9.078, 'best_test_valid/acc_skew': 81.23, 'best_test_valid/acc_align': 72.152, 'best_test_test/acc': 80.917, 'best_test_test/acc_unbiased': 75.609, 'best_test_test/diff': 13.112, 'best_test_test/acc_skew': 82.165, 'best_test_test/acc_align': 69.053}
[15 / 20] Learning rate: 1e-05 weight: 0.01
[15 / 20] Loss: 4.786128898775605 CE Loss: 0.5060418123719924 Con Loss: 4.781068500492966
[15 / 20] tensor([[0.875, 0.767],
        [0.787, 0.606]]) {'epoch': 15, 'valid/acc': 81.173, 'valid/acc_unbiased': 78.195, 'valid/diff': 8.161, 'valid/acc_skew': 82.275, 'valid/acc_align': 74.114, 'test/acc': 81.313, 'test/acc_unbiased': 75.859, 'test/diff': 14.408, 'test/acc_skew': 83.063, 'test/acc_align': 68.655}
[15 / 20] best valid accuracy: 78.195 at epoch 15 
 best_stats: {'best_valid_epoch': 15, 'best_valid_valid/acc': 81.173, 'best_valid_valid/acc_unbiased': 78.195, 'best_valid_valid/diff': 8.161, 'best_valid_valid/acc_skew': 82.275, 'best_valid_valid/acc_align': 74.114, 'best_valid_test/acc': 81.313, 'best_valid_test/acc_unbiased': 75.859, 'best_valid_test/diff': 14.408, 'best_valid_test/acc_skew': 83.063, 'best_valid_test/acc_align': 68.655}
[15 / 20] best test accuracy: 75.859 at epoch 15 
 best_stats: {'best_test_epoch': 15, 'best_test_valid/acc': 81.173, 'best_test_valid/acc_unbiased': 78.195, 'best_test_valid/diff': 8.161, 'best_test_valid/acc_skew': 82.275, 'best_test_valid/acc_align': 74.114, 'best_test_test/acc': 81.313, 'best_test_test/acc_unbiased': 75.859, 'best_test_test/diff': 14.408, 'best_test_test/acc_skew': 83.063, 'best_test_test/acc_align': 68.655}
[16 / 20] Learning rate: 1e-05 weight: 0.01
[16 / 20] Loss: 4.7816961430534555 CE Loss: 0.4963336944849174 Con Loss: 4.776732761219447
[16 / 20] tensor([[0.889, 0.773],
        [0.768, 0.582]]) {'epoch': 16, 'valid/acc': 81.217, 'valid/acc_unbiased': 77.864, 'valid/diff': 8.95, 'valid/acc_skew': 82.339, 'valid/acc_align': 73.389, 'test/acc': 81.137, 'test/acc_unbiased': 75.287, 'test/diff': 15.12, 'test/acc_skew': 82.848, 'test/acc_align': 67.727}
[16 / 20] best valid accuracy: 78.195 at epoch 15 
 best_stats: {'best_valid_epoch': 15, 'best_valid_valid/acc': 81.173, 'best_valid_valid/acc_unbiased': 78.195, 'best_valid_valid/diff': 8.161, 'best_valid_valid/acc_skew': 82.275, 'best_valid_valid/acc_align': 74.114, 'best_valid_test/acc': 81.313, 'best_valid_test/acc_unbiased': 75.859, 'best_valid_test/diff': 14.408, 'best_valid_test/acc_skew': 83.063, 'best_valid_test/acc_align': 68.655}
[16 / 20] best test accuracy: 75.859 at epoch 15 
 best_stats: {'best_test_epoch': 15, 'best_test_valid/acc': 81.173, 'best_test_valid/acc_unbiased': 78.195, 'best_test_valid/diff': 8.161, 'best_test_valid/acc_skew': 82.275, 'best_test_valid/acc_align': 74.114, 'best_test_test/acc': 81.313, 'best_test_test/acc_unbiased': 75.859, 'best_test_test/diff': 14.408, 'best_test_test/acc_skew': 83.063, 'best_test_test/acc_align': 68.655}
[17 / 20] Learning rate: 1e-05 weight: 0.01
[17 / 20] Loss: 4.792458020806581 CE Loss: 0.5027719504004408 Con Loss: 4.787430283178325
[17 / 20] tensor([[0.866, 0.756],
        [0.797, 0.618]]) {'epoch': 17, 'valid/acc': 81.129, 'valid/acc_unbiased': 77.696, 'valid/diff': 9.765, 'valid/acc_skew': 82.579, 'valid/acc_align': 72.814, 'test/acc': 81.313, 'test/acc_unbiased': 75.926, 'test/diff': 14.465, 'test/acc_skew': 83.158, 'test/acc_align': 68.693}
[17 / 20] best valid accuracy: 78.195 at epoch 15 
 best_stats: {'best_valid_epoch': 15, 'best_valid_valid/acc': 81.173, 'best_valid_valid/acc_unbiased': 78.195, 'best_valid_valid/diff': 8.161, 'best_valid_valid/acc_skew': 82.275, 'best_valid_valid/acc_align': 74.114, 'best_valid_test/acc': 81.313, 'best_valid_test/acc_unbiased': 75.859, 'best_valid_test/diff': 14.408, 'best_valid_test/acc_skew': 83.063, 'best_valid_test/acc_align': 68.655}
[17 / 20] best test accuracy: 75.926 at epoch 17 
 best_stats: {'best_test_epoch': 17, 'best_test_valid/acc': 81.129, 'best_test_valid/acc_unbiased': 77.696, 'best_test_valid/diff': 9.765, 'best_test_valid/acc_skew': 82.579, 'best_test_valid/acc_align': 72.814, 'best_test_test/acc': 81.313, 'best_test_test/acc_unbiased': 75.926, 'best_test_test/diff': 14.465, 'best_test_test/acc_skew': 83.158, 'best_test_test/acc_align': 68.693}
[18 / 20] Learning rate: 1e-05 weight: 0.01
[18 / 20] Loss: 4.770394281124692 CE Loss: 0.4900084752799695 Con Loss: 4.765494200230721
[18 / 20] tensor([[0.870, 0.761],
        [0.788, 0.612]]) {'epoch': 18, 'valid/acc': 81.085, 'valid/acc_unbiased': 77.949, 'valid/diff': 8.696, 'valid/acc_skew': 82.297, 'valid/acc_align': 73.601, 'test/acc': 81.137, 'test/acc_unbiased': 75.78, 'test/diff': 14.211, 'test/acc_skew': 82.885, 'test/acc_align': 68.674}
[18 / 20] best valid accuracy: 78.195 at epoch 15 
 best_stats: {'best_valid_epoch': 15, 'best_valid_valid/acc': 81.173, 'best_valid_valid/acc_unbiased': 78.195, 'best_valid_valid/diff': 8.161, 'best_valid_valid/acc_skew': 82.275, 'best_valid_valid/acc_align': 74.114, 'best_valid_test/acc': 81.313, 'best_valid_test/acc_unbiased': 75.859, 'best_valid_test/diff': 14.408, 'best_valid_test/acc_skew': 83.063, 'best_valid_test/acc_align': 68.655}
[18 / 20] best test accuracy: 75.926 at epoch 17 
 best_stats: {'best_test_epoch': 17, 'best_test_valid/acc': 81.129, 'best_test_valid/acc_unbiased': 77.696, 'best_test_valid/diff': 9.765, 'best_test_valid/acc_skew': 82.579, 'best_test_valid/acc_align': 72.814, 'best_test_test/acc': 81.313, 'best_test_test/acc_unbiased': 75.926, 'best_test_test/diff': 14.465, 'best_test_test/acc_skew': 83.158, 'best_test_test/acc_align': 68.693}
[19 / 20] Learning rate: 1e-05 weight: 0.01
[19 / 20] Loss: 4.77315623604148 CE Loss: 0.5033893575786736 Con Loss: 4.768122302759313
[19 / 20] tensor([[0.887, 0.784],
        [0.779, 0.588]]) {'epoch': 19, 'valid/acc': 81.305, 'valid/acc_unbiased': 78.217, 'valid/diff': 8.189, 'valid/acc_skew': 82.312, 'valid/acc_align': 74.123, 'test/acc': 81.578, 'test/acc_unbiased': 75.935, 'test/diff': 14.674, 'test/acc_skew': 83.272, 'test/acc_align': 68.598}
[19 / 20] best valid accuracy: 78.217 at epoch 19 
 best_stats: {'best_valid_epoch': 19, 'best_valid_valid/acc': 81.305, 'best_valid_valid/acc_unbiased': 78.217, 'best_valid_valid/diff': 8.189, 'best_valid_valid/acc_skew': 82.312, 'best_valid_valid/acc_align': 74.123, 'best_valid_test/acc': 81.578, 'best_valid_test/acc_unbiased': 75.935, 'best_valid_test/diff': 14.674, 'best_valid_test/acc_skew': 83.272, 'best_valid_test/acc_align': 68.598}
[19 / 20] best test accuracy: 75.935 at epoch 19 
 best_stats: {'best_test_epoch': 19, 'best_test_valid/acc': 81.305, 'best_test_valid/acc_unbiased': 78.217, 'best_test_valid/diff': 8.189, 'best_test_valid/acc_skew': 82.312, 'best_test_valid/acc_align': 74.123, 'best_test_test/acc': 81.578, 'best_test_test/acc_unbiased': 75.935, 'best_test_test/diff': 14.674, 'best_test_test/acc_skew': 83.272, 'best_test_test/acc_align': 68.598}
[20 / 20] Learning rate: 1e-05 weight: 0.01
[20 / 20] Loss: 4.778381286302484 CE Loss: 0.4894588289626834 Con Loss: 4.773486740163971
[20 / 20] tensor([[0.874, 0.767],
        [0.790, 0.630]]) {'epoch': 20, 'valid/acc': 81.305, 'valid/acc_unbiased': 77.792, 'valid/diff': 9.919, 'valid/acc_skew': 82.751, 'valid/acc_align': 72.832, 'test/acc': 81.578, 'test/acc_unbiased': 76.528, 'test/diff': 13.322, 'test/acc_skew': 83.189, 'test/acc_align': 69.867}
[20 / 20] best valid accuracy: 78.217 at epoch 19 
 best_stats: {'best_valid_epoch': 19, 'best_valid_valid/acc': 81.305, 'best_valid_valid/acc_unbiased': 78.217, 'best_valid_valid/diff': 8.189, 'best_valid_valid/acc_skew': 82.312, 'best_valid_valid/acc_align': 74.123, 'best_valid_test/acc': 81.578, 'best_valid_test/acc_unbiased': 75.935, 'best_valid_test/diff': 14.674, 'best_valid_test/acc_skew': 83.272, 'best_valid_test/acc_align': 68.598}
[20 / 20] best test accuracy: 76.528 at epoch 20 
 best_stats: {'best_test_epoch': 20, 'best_test_valid/acc': 81.305, 'best_test_valid/acc_unbiased': 77.792, 'best_test_valid/diff': 9.919, 'best_test_valid/acc_skew': 82.751, 'best_test_valid/acc_align': 72.832, 'best_test_test/acc': 81.578, 'best_test_test/acc_unbiased': 76.528, 'best_test_test/diff': 13.322, 'best_test_test/acc_skew': 83.189, 'best_test_test/acc_align': 69.867}
Total training time: 0:31:19
