Log level set to: INFO
Set seed: 2
=======> Using Fixed Random Seed: 2 <========
save_path: exp_results/bc-bb0-utk_face_race-crop_blur-0.9-lr0.001-bs128-cbs64-w0.01-ratio10-aug1-seed2
get_utk_face - split: train, aug: False, given_y: True, ratio: 0
use existing biased_utk_face from data/utk_face/pickles/biased_utk_face-target_gender-bias_race-0.9
Distribution Before Sampling: 
===================================
Binary Labels Distribution: 
Binary Target 0
---------------------------
Target 0: [4407, 552]
Target 1: [440, 5529]
Binary Target 1
---------------------------
Target 0: [4407, 552]
Target 1: [440, 5529]
===================================
Normal Label Distribution: 
Target 0: [4407, 552]
Target 1: [440, 5529]
===================================
Distribution After Sampling: 
===================================
Binary Labels Distribution: 
Binary Target 0
---------------------------
Target 0: [4407, 552]
Target 1: [440, 5529]
Binary Target 1
---------------------------
Target 0: [4407, 552]
Target 1: [440, 5529]
===================================
Normal Label Distribution: 
Target 0: [4407, 552]
Target 1: [440, 5529]
===================================
Use BiasedUTKFace - target_attr: gender
BiasedUTKFace -- total: 10928, target_attr: gender, bias_attr: race bias_rate: 0.9
['[train] target_0-bias_0: 4407', '[train] target_0-bias_1: 552', '[train] target_1-bias_0: 440', '[train] target_1-bias_1: 5529']
confusion_matrix - 
 original: tensor([[4407.,  440.],
        [ 552., 5529.]]), 
 normalized: tensor([[0.909, 0.091],
        [0.091, 0.909]]), 
 b|y: tensor([[0.889, 0.111],
        [0.074, 0.926]])
get_utk_face - split: train, aug: 1, given_y: True, ratio: 10
use existing biased_utk_face from data/utk_face/pickles/biased_utk_face-target_gender-bias_race-0.9
Distribution Before Sampling: 
===================================
Binary Labels Distribution: 
Binary Target 0
---------------------------
Target 0: [4407, 552]
Target 1: [440, 5529]
Binary Target 1
---------------------------
Target 0: [4407, 552]
Target 1: [440, 5529]
===================================
Normal Label Distribution: 
Target 0: [4407, 552]
Target 1: [440, 5529]
===================================
Distribution After Sampling: 
===================================
Binary Labels Distribution: 
Binary Target 0
---------------------------
Target 0: [4407, 552]
Target 1: [440, 5529]
Binary Target 1
---------------------------
Target 0: [4407, 552]
Target 1: [440, 5529]
===================================
Normal Label Distribution: 
Target 0: [4407, 552]
Target 1: [440, 5529]
===================================
Use BiasedUTKFace - target_attr: gender
BiasedUTKFace -- total: 10928, target_attr: gender, bias_attr: race bias_rate: 0.9
['[train] target_0-bias_0: 4407', '[train] target_0-bias_1: 552', '[train] target_1-bias_0: 440', '[train] target_1-bias_1: 5529']
get_utk_face - split: valid, aug: False, given_y: True, ratio: 0
use existing biased_utk_face from data/utk_face/pickles/biased_utk_face-target_gender-bias_race-0.9
Distribution Before Sampling: 
===================================
Binary Labels Distribution: 
Binary Target 0
---------------------------
Target 0: [583, 684]
Target 1: [457, 646]
Binary Target 1
---------------------------
Target 0: [583, 684]
Target 1: [457, 646]
===================================
Normal Label Distribution: 
Target 0: [583, 684]
Target 1: [457, 646]
===================================
Use BiasedUTKFace - target_attr: gender
BiasedUTKFace -- total: 2370, target_attr: gender, bias_attr: race bias_rate: 0.9
['[valid] target_0-bias_0: 583', '[valid] target_0-bias_1: 684', '[valid] target_1-bias_0: 457', '[valid] target_1-bias_1: 646']
get_utk_face - split: test, aug: False, given_y: True, ratio: 0
use existing biased_utk_face from data/utk_face/pickles/biased_utk_face-target_gender-bias_race-0.9
Distribution Before Sampling: 
===================================
Binary Labels Distribution: 
Binary Target 0
---------------------------
Target 0: [558, 677]
Target 1: [462, 673]
Binary Target 1
---------------------------
Target 0: [558, 677]
Target 1: [462, 673]
===================================
Normal Label Distribution: 
Target 0: [558, 677]
Target 1: [462, 673]
===================================
Use BiasedUTKFace - target_attr: gender
BiasedUTKFace -- total: 2370, target_attr: gender, bias_attr: race bias_rate: 0.9
['[test] target_0-bias_0: 558', '[test] target_0-bias_1: 677', '[test] target_1-bias_0: 462', '[test] target_1-bias_1: 673']
decay_epochs: [6, 13]
[1 / 20] Learning rate: 0.001 weight: 0.01
[1 / 20] Loss: 4.896984758000074 CE Loss: 0.5768476155631539 Con Loss: 4.89121625713164
[1 / 20] tensor([[0.982, 0.985],
        [0.286, 0.284]]) {'epoch': 1, 'valid/acc': 65.105, 'valid/acc_unbiased': 62.429, 'valid/diff': 2.284, 'valid/acc_skew': 61.706, 'valid/acc_align': 63.152, 'test/acc': 64.895, 'test/acc_unbiased': 63.421, 'test/diff': 0.253, 'test/acc_skew': 63.547, 'test/acc_align': 63.294}
[1 / 20] best valid accuracy: 62.429 at epoch 1 
 best_stats: {'best_valid_epoch': 1, 'best_valid_valid/acc': 65.105, 'best_valid_valid/acc_unbiased': 62.429, 'best_valid_valid/diff': 2.284, 'best_valid_valid/acc_skew': 61.706, 'best_valid_valid/acc_align': 63.152, 'best_valid_test/acc': 64.895, 'best_valid_test/acc_unbiased': 63.421, 'best_valid_test/diff': 0.253, 'best_valid_test/acc_skew': 63.547, 'best_valid_test/acc_align': 63.294}
[1 / 20] best test accuracy: 63.421 at epoch 1 
 best_stats: {'best_test_epoch': 1, 'best_test_valid/acc': 65.105, 'best_test_valid/acc_unbiased': 62.429, 'best_test_valid/diff': 2.284, 'best_test_valid/acc_skew': 61.706, 'best_test_valid/acc_align': 63.152, 'best_test_test/acc': 64.895, 'best_test_test/acc_unbiased': 63.421, 'best_test_test/diff': 0.253, 'best_test_test/acc_skew': 63.547, 'best_test_test/acc_align': 63.294}
[2 / 20] Learning rate: 0.001 weight: 0.01
[2 / 20] Loss: 4.781456917306166 CE Loss: 0.4844427161998665 Con Loss: 4.776612472394549
[2 / 20] tensor([[0.912, 0.901],
        [0.545, 0.633]]) {'epoch': 2, 'valid/acc': 74.768, 'valid/acc_unbiased': 73.502, 'valid/diff': 1.147, 'valid/acc_skew': 72.929, 'valid/acc_align': 74.076, 'test/acc': 75.823, 'test/acc_unbiased': 74.792, 'test/diff': 4.934, 'test/acc_skew': 72.324, 'test/acc_align': 77.259}
[2 / 20] best valid accuracy: 73.502 at epoch 2 
 best_stats: {'best_valid_epoch': 2, 'best_valid_valid/acc': 74.768, 'best_valid_valid/acc_unbiased': 73.502, 'best_valid_valid/diff': 1.147, 'best_valid_valid/acc_skew': 72.929, 'best_valid_valid/acc_align': 74.076, 'best_valid_test/acc': 75.823, 'best_valid_test/acc_unbiased': 74.792, 'best_valid_test/diff': 4.934, 'best_valid_test/acc_skew': 72.324, 'best_valid_test/acc_align': 77.259}
[2 / 20] best test accuracy: 74.792 at epoch 2 
 best_stats: {'best_test_epoch': 2, 'best_test_valid/acc': 74.768, 'best_test_valid/acc_unbiased': 73.502, 'best_test_valid/diff': 1.147, 'best_test_valid/acc_skew': 72.929, 'best_test_valid/acc_align': 74.076, 'best_test_test/acc': 75.823, 'best_test_test/acc_unbiased': 74.792, 'best_test_test/diff': 4.934, 'best_test_test/acc_skew': 72.324, 'best_test_test/acc_align': 77.259}
[3 / 20] Learning rate: 0.001 weight: 0.01
[3 / 20] Loss: 4.755087487345035 CE Loss: 0.4678660959310797 Con Loss: 4.75040881769898
[3 / 20] tensor([[0.719, 0.614],
        [0.879, 0.912]]) {'epoch': 3, 'valid/acc': 78.354, 'valid/acc_unbiased': 79.191, 'valid/diff': 3.463, 'valid/acc_skew': 77.46, 'valid/acc_align': 80.923, 'test/acc': 77.511, 'test/acc_unbiased': 78.106, 'test/diff': 6.885, 'test/acc_skew': 74.663, 'test/acc_align': 81.549}
[3 / 20] best valid accuracy: 79.191 at epoch 3 
 best_stats: {'best_valid_epoch': 3, 'best_valid_valid/acc': 78.354, 'best_valid_valid/acc_unbiased': 79.191, 'best_valid_valid/diff': 3.463, 'best_valid_valid/acc_skew': 77.46, 'best_valid_valid/acc_align': 80.923, 'best_valid_test/acc': 77.511, 'best_valid_test/acc_unbiased': 78.106, 'best_valid_test/diff': 6.885, 'best_valid_test/acc_skew': 74.663, 'best_valid_test/acc_align': 81.549}
[3 / 20] best test accuracy: 78.106 at epoch 3 
 best_stats: {'best_test_epoch': 3, 'best_test_valid/acc': 78.354, 'best_test_valid/acc_unbiased': 79.191, 'best_test_valid/diff': 3.463, 'best_test_valid/acc_skew': 77.46, 'best_test_valid/acc_align': 80.923, 'best_test_test/acc': 77.511, 'best_test_test/acc_unbiased': 78.106, 'best_test_test/diff': 6.885, 'best_test_test/acc_skew': 74.663, 'best_test_test/acc_align': 81.549}
[4 / 20] Learning rate: 0.001 weight: 0.01
[4 / 20] Loss: 4.7300714811154725 CE Loss: 0.4365010856273059 Con Loss: 4.7257064237077975
[4 / 20] tensor([[0.681, 0.606],
        [0.870, 0.933]]) {'epoch': 4, 'valid/acc': 75.949, 'valid/acc_unbiased': 77.049, 'valid/diff': 5.246, 'valid/acc_skew': 74.426, 'valid/acc_align': 79.672, 'test/acc': 76.793, 'test/acc_unbiased': 77.247, 'test/diff': 6.92, 'test/acc_skew': 73.787, 'test/acc_align': 80.707}
[4 / 20] best valid accuracy: 79.191 at epoch 3 
 best_stats: {'best_valid_epoch': 3, 'best_valid_valid/acc': 78.354, 'best_valid_valid/acc_unbiased': 79.191, 'best_valid_valid/diff': 3.463, 'best_valid_valid/acc_skew': 77.46, 'best_valid_valid/acc_align': 80.923, 'best_valid_test/acc': 77.511, 'best_valid_test/acc_unbiased': 78.106, 'best_valid_test/diff': 6.885, 'best_valid_test/acc_skew': 74.663, 'best_valid_test/acc_align': 81.549}
[4 / 20] best test accuracy: 78.106 at epoch 3 
 best_stats: {'best_test_epoch': 3, 'best_test_valid/acc': 78.354, 'best_test_valid/acc_unbiased': 79.191, 'best_test_valid/diff': 3.463, 'best_test_valid/acc_skew': 77.46, 'best_test_valid/acc_align': 80.923, 'best_test_test/acc': 77.511, 'best_test_test/acc_unbiased': 78.106, 'best_test_test/diff': 6.885, 'best_test_test/acc_skew': 74.663, 'best_test_test/acc_align': 81.549}
[5 / 20] Learning rate: 0.001 weight: 0.01
[5 / 20] Loss: 4.724348676326858 CE Loss: 0.4317516139101668 Con Loss: 4.720031177665968
[5 / 20] tensor([[0.740, 0.663],
        [0.872, 0.918]]) {'epoch': 5, 'valid/acc': 79.494, 'valid/acc_unbiased': 80.224, 'valid/diff': 1.946, 'valid/acc_skew': 79.251, 'valid/acc_align': 81.197, 'test/acc': 79.451, 'test/acc_unbiased': 79.848, 'test/diff': 6.145, 'test/acc_skew': 76.776, 'test/acc_align': 82.921}
[5 / 20] best valid accuracy: 80.224 at epoch 5 
 best_stats: {'best_valid_epoch': 5, 'best_valid_valid/acc': 79.494, 'best_valid_valid/acc_unbiased': 80.224, 'best_valid_valid/diff': 1.946, 'best_valid_valid/acc_skew': 79.251, 'best_valid_valid/acc_align': 81.197, 'best_valid_test/acc': 79.451, 'best_valid_test/acc_unbiased': 79.848, 'best_valid_test/diff': 6.145, 'best_valid_test/acc_skew': 76.776, 'best_valid_test/acc_align': 82.921}
[5 / 20] best test accuracy: 79.848 at epoch 5 
 best_stats: {'best_test_epoch': 5, 'best_test_valid/acc': 79.494, 'best_test_valid/acc_unbiased': 80.224, 'best_test_valid/diff': 1.946, 'best_test_valid/acc_skew': 79.251, 'best_test_valid/acc_align': 81.197, 'best_test_test/acc': 79.451, 'best_test_test/acc_unbiased': 79.848, 'best_test_test/diff': 6.145, 'best_test_test/acc_skew': 76.776, 'best_test_test/acc_align': 82.921}
[6 / 20] Learning rate: 0.001 weight: 0.01
[6 / 20] Loss: 4.718094337737054 CE Loss: 0.4053682785257588 Con Loss: 4.714040640332514
[6 / 20] tensor([[0.785, 0.731],
        [0.853, 0.872]]) {'epoch': 6, 'valid/acc': 81.519, 'valid/acc_unbiased': 81.961, 'valid/diff': 1.478, 'valid/acc_skew': 81.41, 'valid/acc_align': 82.512, 'test/acc': 80.759, 'test/acc_unbiased': 81.029, 'test/diff': 3.659, 'test/acc_skew': 79.199, 'test/acc_align': 82.858}
[6 / 20] best valid accuracy: 81.961 at epoch 6 
 best_stats: {'best_valid_epoch': 6, 'best_valid_valid/acc': 81.519, 'best_valid_valid/acc_unbiased': 81.961, 'best_valid_valid/diff': 1.478, 'best_valid_valid/acc_skew': 81.41, 'best_valid_valid/acc_align': 82.512, 'best_valid_test/acc': 80.759, 'best_valid_test/acc_unbiased': 81.029, 'best_valid_test/diff': 3.659, 'best_valid_test/acc_skew': 79.199, 'best_valid_test/acc_align': 82.858}
[6 / 20] best test accuracy: 81.029 at epoch 6 
 best_stats: {'best_test_epoch': 6, 'best_test_valid/acc': 81.519, 'best_test_valid/acc_unbiased': 81.961, 'best_test_valid/diff': 1.478, 'best_test_valid/acc_skew': 81.41, 'best_test_valid/acc_align': 82.512, 'best_test_test/acc': 80.759, 'best_test_test/acc_unbiased': 81.029, 'best_test_test/diff': 3.659, 'best_test_test/acc_skew': 79.199, 'best_test_test/acc_align': 82.858}
[7 / 20] Learning rate: 0.0001 weight: 0.01
[7 / 20] Loss: 4.649509519294973 CE Loss: 0.38386155222031243 Con Loss: 4.645670897091465
[7 / 20] tensor([[0.789, 0.721],
        [0.885, 0.908]]) {'epoch': 7, 'valid/acc': 82.996, 'valid/acc_unbiased': 83.552, 'valid/diff': 1.586, 'valid/acc_skew': 82.759, 'valid/acc_align': 84.345, 'test/acc': 82.194, 'test/acc_unbiased': 82.563, 'test/diff': 4.515, 'test/acc_skew': 80.305, 'test/acc_align': 84.82}
[7 / 20] best valid accuracy: 83.552 at epoch 7 
 best_stats: {'best_valid_epoch': 7, 'best_valid_valid/acc': 82.996, 'best_valid_valid/acc_unbiased': 83.552, 'best_valid_valid/diff': 1.586, 'best_valid_valid/acc_skew': 82.759, 'best_valid_valid/acc_align': 84.345, 'best_valid_test/acc': 82.194, 'best_valid_test/acc_unbiased': 82.563, 'best_valid_test/diff': 4.515, 'best_valid_test/acc_skew': 80.305, 'best_valid_test/acc_align': 84.82}
[7 / 20] best test accuracy: 82.563 at epoch 7 
 best_stats: {'best_test_epoch': 7, 'best_test_valid/acc': 82.996, 'best_test_valid/acc_unbiased': 83.552, 'best_test_valid/diff': 1.586, 'best_test_valid/acc_skew': 82.759, 'best_test_valid/acc_align': 84.345, 'best_test_test/acc': 82.194, 'best_test_test/acc_unbiased': 82.563, 'best_test_test/diff': 4.515, 'best_test_test/acc_skew': 80.305, 'best_test_test/acc_align': 84.82}
[8 / 20] Learning rate: 0.0001 weight: 0.01
[8 / 20] Loss: 4.628936915586145 CE Loss: 0.35175896079264485 Con Loss: 4.625419343024013
[8 / 20] tensor([[0.797, 0.724],
        [0.879, 0.914]]) {'epoch': 8, 'valid/acc': 83.038, 'valid/acc_unbiased': 83.612, 'valid/diff': 1.211, 'valid/acc_skew': 83.197, 'valid/acc_align': 84.027, 'test/acc': 82.532, 'test/acc_unbiased': 82.847, 'test/diff': 5.437, 'test/acc_skew': 80.128, 'test/acc_align': 85.565}
[8 / 20] best valid accuracy: 83.612 at epoch 8 
 best_stats: {'best_valid_epoch': 8, 'best_valid_valid/acc': 83.038, 'best_valid_valid/acc_unbiased': 83.612, 'best_valid_valid/diff': 1.211, 'best_valid_valid/acc_skew': 83.197, 'best_valid_valid/acc_align': 84.027, 'best_valid_test/acc': 82.532, 'best_valid_test/acc_unbiased': 82.847, 'best_valid_test/diff': 5.437, 'best_valid_test/acc_skew': 80.128, 'best_valid_test/acc_align': 85.565}
[8 / 20] best test accuracy: 82.847 at epoch 8 
 best_stats: {'best_test_epoch': 8, 'best_test_valid/acc': 83.038, 'best_test_valid/acc_unbiased': 83.612, 'best_test_valid/diff': 1.211, 'best_test_valid/acc_skew': 83.197, 'best_test_valid/acc_align': 84.027, 'best_test_test/acc': 82.532, 'best_test_test/acc_unbiased': 82.847, 'best_test_test/diff': 5.437, 'best_test_test/acc_skew': 80.128, 'best_test_test/acc_align': 85.565}
[9 / 20] Learning rate: 0.0001 weight: 0.01
[9 / 20] Loss: 4.604482306568375 CE Loss: 0.34832348272008046 Con Loss: 4.600999062790877
[9 / 20] tensor([[0.823, 0.753],
        [0.866, 0.886]]) {'epoch': 9, 'valid/acc': 84.388, 'valid/acc_unbiased': 84.698, 'valid/diff': 1.535, 'valid/acc_skew': 83.931, 'valid/acc_align': 85.466, 'test/acc': 82.911, 'test/acc_unbiased': 83.182, 'test/diff': 4.452, 'test/acc_skew': 80.956, 'test/acc_align': 85.408}
[9 / 20] best valid accuracy: 84.698 at epoch 9 
 best_stats: {'best_valid_epoch': 9, 'best_valid_valid/acc': 84.388, 'best_valid_valid/acc_unbiased': 84.698, 'best_valid_valid/diff': 1.535, 'best_valid_valid/acc_skew': 83.931, 'best_valid_valid/acc_align': 85.466, 'best_valid_test/acc': 82.911, 'best_valid_test/acc_unbiased': 83.182, 'best_valid_test/diff': 4.452, 'best_valid_test/acc_skew': 80.956, 'best_valid_test/acc_align': 85.408}
[9 / 20] best test accuracy: 83.182 at epoch 9 
 best_stats: {'best_test_epoch': 9, 'best_test_valid/acc': 84.388, 'best_test_valid/acc_unbiased': 84.698, 'best_test_valid/diff': 1.535, 'best_test_valid/acc_skew': 83.931, 'best_test_valid/acc_align': 85.466, 'best_test_test/acc': 82.911, 'best_test_test/acc_unbiased': 83.182, 'best_test_test/diff': 4.452, 'best_test_test/acc_skew': 80.956, 'best_test_test/acc_align': 85.408}
[10 / 20] Learning rate: 0.0001 weight: 0.01
[10 / 20] Loss: 4.603655856315423 CE Loss: 0.34693135380046786 Con Loss: 4.6001865301788465
[10 / 20] tensor([[0.842, 0.781],
        [0.835, 0.877]]) {'epoch': 10, 'valid/acc': 84.641, 'valid/acc_unbiased': 84.888, 'valid/diff': 1.674, 'valid/acc_skew': 84.736, 'valid/acc_align': 85.041, 'test/acc': 83.333, 'test/acc_unbiased': 83.396, 'test/diff': 5.104, 'test/acc_skew': 80.844, 'test/acc_align': 85.948}
[10 / 20] best valid accuracy: 84.888 at epoch 10 
 best_stats: {'best_valid_epoch': 10, 'best_valid_valid/acc': 84.641, 'best_valid_valid/acc_unbiased': 84.888, 'best_valid_valid/diff': 1.674, 'best_valid_valid/acc_skew': 84.736, 'best_valid_valid/acc_align': 85.041, 'best_valid_test/acc': 83.333, 'best_valid_test/acc_unbiased': 83.396, 'best_valid_test/diff': 5.104, 'best_valid_test/acc_skew': 80.844, 'best_valid_test/acc_align': 85.948}
[10 / 20] best test accuracy: 83.396 at epoch 10 
 best_stats: {'best_test_epoch': 10, 'best_test_valid/acc': 84.641, 'best_test_valid/acc_unbiased': 84.888, 'best_test_valid/diff': 1.674, 'best_test_valid/acc_skew': 84.736, 'best_test_valid/acc_align': 85.041, 'best_test_test/acc': 83.333, 'best_test_test/acc_unbiased': 83.396, 'best_test_test/diff': 5.104, 'best_test_test/acc_skew': 80.844, 'best_test_test/acc_align': 85.948}
[11 / 20] Learning rate: 0.0001 weight: 0.01
[11 / 20] Loss: 4.5817992962995 CE Loss: 0.3442865125780399 Con Loss: 4.578356424502014
[11 / 20] tensor([[0.853, 0.765],
        [0.846, 0.890]]) {'epoch': 11, 'valid/acc': 84.768, 'valid/acc_unbiased': 85.102, 'valid/diff': 2.342, 'valid/acc_skew': 84.698, 'valid/acc_align': 85.506, 'test/acc': 83.713, 'test/acc_unbiased': 83.864, 'test/diff': 6.582, 'test/acc_skew': 80.573, 'test/acc_align': 87.155}
[11 / 20] best valid accuracy: 85.102 at epoch 11 
 best_stats: {'best_valid_epoch': 11, 'best_valid_valid/acc': 84.768, 'best_valid_valid/acc_unbiased': 85.102, 'best_valid_valid/diff': 2.342, 'best_valid_valid/acc_skew': 84.698, 'best_valid_valid/acc_align': 85.506, 'best_valid_test/acc': 83.713, 'best_valid_test/acc_unbiased': 83.864, 'best_valid_test/diff': 6.582, 'best_valid_test/acc_skew': 80.573, 'best_valid_test/acc_align': 87.155}
[11 / 20] best test accuracy: 83.864 at epoch 11 
 best_stats: {'best_test_epoch': 11, 'best_test_valid/acc': 84.768, 'best_test_valid/acc_unbiased': 85.102, 'best_test_valid/diff': 2.342, 'best_test_valid/acc_skew': 84.698, 'best_test_valid/acc_align': 85.506, 'best_test_test/acc': 83.713, 'best_test_test/acc_unbiased': 83.864, 'best_test_test/diff': 6.582, 'best_test_test/acc_skew': 80.573, 'best_test_test/acc_align': 87.155}
[12 / 20] Learning rate: 0.0001 weight: 0.01
[12 / 20] Loss: 4.578951077440298 CE Loss: 0.33164861562660464 Con Loss: 4.575634580754605
[12 / 20] tensor([[0.885, 0.829],
        [0.779, 0.835]]) {'epoch': 12, 'valid/acc': 84.684, 'valid/acc_unbiased': 84.516, 'valid/diff': 1.52, 'valid/acc_skew': 83.756, 'valid/acc_align': 85.276, 'test/acc': 83.418, 'test/acc_unbiased': 83.206, 'test/diff': 5.625, 'test/acc_skew': 80.394, 'test/acc_align': 86.019}
[12 / 20] best valid accuracy: 85.102 at epoch 11 
 best_stats: {'best_valid_epoch': 11, 'best_valid_valid/acc': 84.768, 'best_valid_valid/acc_unbiased': 85.102, 'best_valid_valid/diff': 2.342, 'best_valid_valid/acc_skew': 84.698, 'best_valid_valid/acc_align': 85.506, 'best_valid_test/acc': 83.713, 'best_valid_test/acc_unbiased': 83.864, 'best_valid_test/diff': 6.582, 'best_valid_test/acc_skew': 80.573, 'best_valid_test/acc_align': 87.155}
[12 / 20] best test accuracy: 83.864 at epoch 11 
 best_stats: {'best_test_epoch': 11, 'best_test_valid/acc': 84.768, 'best_test_valid/acc_unbiased': 85.102, 'best_test_valid/diff': 2.342, 'best_test_valid/acc_skew': 84.698, 'best_test_valid/acc_align': 85.506, 'best_test_test/acc': 83.713, 'best_test_test/acc_unbiased': 83.864, 'best_test_test/diff': 6.582, 'best_test_test/acc_skew': 80.573, 'best_test_test/acc_align': 87.155}
[13 / 20] Learning rate: 0.0001 weight: 0.01
[13 / 20] Loss: 4.5796353694809655 CE Loss: 0.33393585441925866 Con Loss: 4.576296007650663
[13 / 20] tensor([[0.875, 0.799],
        [0.803, 0.863]]) {'epoch': 13, 'valid/acc': 85.021, 'valid/acc_unbiased': 85.061, 'valid/diff': 2.982, 'valid/acc_skew': 83.569, 'valid/acc_align': 86.552, 'test/acc': 83.587, 'test/acc_unbiased': 83.5, 'test/diff': 6.785, 'test/acc_skew': 80.107, 'test/acc_align': 86.893}
[13 / 20] best valid accuracy: 85.102 at epoch 11 
 best_stats: {'best_valid_epoch': 11, 'best_valid_valid/acc': 84.768, 'best_valid_valid/acc_unbiased': 85.102, 'best_valid_valid/diff': 2.342, 'best_valid_valid/acc_skew': 84.698, 'best_valid_valid/acc_align': 85.506, 'best_valid_test/acc': 83.713, 'best_valid_test/acc_unbiased': 83.864, 'best_valid_test/diff': 6.582, 'best_valid_test/acc_skew': 80.573, 'best_valid_test/acc_align': 87.155}
[13 / 20] best test accuracy: 83.864 at epoch 11 
 best_stats: {'best_test_epoch': 11, 'best_test_valid/acc': 84.768, 'best_test_valid/acc_unbiased': 85.102, 'best_test_valid/diff': 2.342, 'best_test_valid/acc_skew': 84.698, 'best_test_valid/acc_align': 85.506, 'best_test_test/acc': 83.713, 'best_test_test/acc_unbiased': 83.864, 'best_test_test/diff': 6.582, 'best_test_test/acc_skew': 80.573, 'best_test_test/acc_align': 87.155}
[14 / 20] Learning rate: 1e-05 weight: 0.01
[14 / 20] Loss: 4.558338647705569 CE Loss: 0.32835170469556335 Con Loss: 4.555055121202595
[14 / 20] tensor([[0.821, 0.744],
        [0.855, 0.893]]) {'epoch': 14, 'valid/acc': 84.852, 'valid/acc_unbiased': 85.172, 'valid/diff': 2.922, 'valid/acc_skew': 83.711, 'valid/acc_align': 86.633, 'test/acc': 82.616, 'test/acc_unbiased': 82.831, 'test/diff': 5.718, 'test/acc_skew': 79.972, 'test/acc_align': 85.69}
[14 / 20] best valid accuracy: 85.172 at epoch 14 
 best_stats: {'best_valid_epoch': 14, 'best_valid_valid/acc': 84.852, 'best_valid_valid/acc_unbiased': 85.172, 'best_valid_valid/diff': 2.922, 'best_valid_valid/acc_skew': 83.711, 'best_valid_valid/acc_align': 86.633, 'best_valid_test/acc': 82.616, 'best_valid_test/acc_unbiased': 82.831, 'best_valid_test/diff': 5.718, 'best_valid_test/acc_skew': 79.972, 'best_valid_test/acc_align': 85.69}
[14 / 20] best test accuracy: 83.864 at epoch 11 
 best_stats: {'best_test_epoch': 11, 'best_test_valid/acc': 84.768, 'best_test_valid/acc_unbiased': 85.102, 'best_test_valid/diff': 2.342, 'best_test_valid/acc_skew': 84.698, 'best_test_valid/acc_align': 85.506, 'best_test_test/acc': 83.713, 'best_test_test/acc_unbiased': 83.864, 'best_test_test/diff': 6.582, 'best_test_test/acc_skew': 80.573, 'best_test_test/acc_align': 87.155}
[15 / 20] Learning rate: 1e-05 weight: 0.01
[15 / 20] Loss: 4.55768223562841 CE Loss: 0.3287688323117978 Con Loss: 4.554394527898875
[15 / 20] tensor([[0.819, 0.744],
        [0.859, 0.897]]) {'epoch': 15, 'valid/acc': 84.768, 'valid/acc_unbiased': 85.111, 'valid/diff': 3.166, 'valid/acc_skew': 83.528, 'valid/acc_align': 86.694, 'test/acc': 82.785, 'test/acc_unbiased': 83.006, 'test/diff': 5.635, 'test/acc_skew': 80.188, 'test/acc_align': 85.824}
[15 / 20] best valid accuracy: 85.172 at epoch 14 
 best_stats: {'best_valid_epoch': 14, 'best_valid_valid/acc': 84.852, 'best_valid_valid/acc_unbiased': 85.172, 'best_valid_valid/diff': 2.922, 'best_valid_valid/acc_skew': 83.711, 'best_valid_valid/acc_align': 86.633, 'best_valid_test/acc': 82.616, 'best_valid_test/acc_unbiased': 82.831, 'best_valid_test/diff': 5.718, 'best_valid_test/acc_skew': 79.972, 'best_valid_test/acc_align': 85.69}
[15 / 20] best test accuracy: 83.864 at epoch 11 
 best_stats: {'best_test_epoch': 11, 'best_test_valid/acc': 84.768, 'best_test_valid/acc_unbiased': 85.102, 'best_test_valid/diff': 2.342, 'best_test_valid/acc_skew': 84.698, 'best_test_valid/acc_align': 85.506, 'best_test_test/acc': 83.713, 'best_test_test/acc_unbiased': 83.864, 'best_test_test/diff': 6.582, 'best_test_test/acc_skew': 80.573, 'best_test_test/acc_align': 87.155}
[16 / 20] Learning rate: 1e-05 weight: 0.01
[16 / 20] Loss: 4.552046184483943 CE Loss: 0.32341011468522896 Con Loss: 4.548812105924458
[16 / 20] tensor([[0.832, 0.755],
        [0.842, 0.892]]) {'epoch': 16, 'valid/acc': 85.316, 'valid/acc_unbiased': 85.573, 'valid/diff': 3.356, 'valid/acc_skew': 83.895, 'valid/acc_align': 87.25, 'test/acc': 82.869, 'test/acc_unbiased': 82.997, 'test/diff': 6.314, 'test/acc_skew': 79.84, 'test/acc_align': 86.154}
[16 / 20] best valid accuracy: 85.573 at epoch 16 
 best_stats: {'best_valid_epoch': 16, 'best_valid_valid/acc': 85.316, 'best_valid_valid/acc_unbiased': 85.573, 'best_valid_valid/diff': 3.356, 'best_valid_valid/acc_skew': 83.895, 'best_valid_valid/acc_align': 87.25, 'best_valid_test/acc': 82.869, 'best_valid_test/acc_unbiased': 82.997, 'best_valid_test/diff': 6.314, 'best_valid_test/acc_skew': 79.84, 'best_valid_test/acc_align': 86.154}
[16 / 20] best test accuracy: 83.864 at epoch 11 
 best_stats: {'best_test_epoch': 11, 'best_test_valid/acc': 84.768, 'best_test_valid/acc_unbiased': 85.102, 'best_test_valid/diff': 2.342, 'best_test_valid/acc_skew': 84.698, 'best_test_valid/acc_align': 85.506, 'best_test_test/acc': 83.713, 'best_test_test/acc_unbiased': 83.864, 'best_test_test/diff': 6.582, 'best_test_test/acc_skew': 80.573, 'best_test_test/acc_align': 87.155}
[17 / 20] Learning rate: 1e-05 weight: 0.01
[17 / 20] Loss: 4.548880378114357 CE Loss: 0.3224550097700792 Con Loss: 4.545655841185094
[17 / 20] tensor([[0.833, 0.761],
        [0.846, 0.896]]) {'epoch': 17, 'valid/acc': 85.105, 'valid/acc_unbiased': 85.405, 'valid/diff': 3.607, 'valid/acc_skew': 83.602, 'valid/acc_align': 87.209, 'test/acc': 83.291, 'test/acc_unbiased': 83.409, 'test/diff': 6.115, 'test/acc_skew': 80.351, 'test/acc_align': 86.466}
[17 / 20] best valid accuracy: 85.573 at epoch 16 
 best_stats: {'best_valid_epoch': 16, 'best_valid_valid/acc': 85.316, 'best_valid_valid/acc_unbiased': 85.573, 'best_valid_valid/diff': 3.356, 'best_valid_valid/acc_skew': 83.895, 'best_valid_valid/acc_align': 87.25, 'best_valid_test/acc': 82.869, 'best_valid_test/acc_unbiased': 82.997, 'best_valid_test/diff': 6.314, 'best_valid_test/acc_skew': 79.84, 'best_valid_test/acc_align': 86.154}
[17 / 20] best test accuracy: 83.864 at epoch 11 
 best_stats: {'best_test_epoch': 11, 'best_test_valid/acc': 84.768, 'best_test_valid/acc_unbiased': 85.102, 'best_test_valid/diff': 2.342, 'best_test_valid/acc_skew': 84.698, 'best_test_valid/acc_align': 85.506, 'best_test_test/acc': 83.713, 'best_test_test/acc_unbiased': 83.864, 'best_test_test/diff': 6.582, 'best_test_test/acc_skew': 80.573, 'best_test_test/acc_align': 87.155}
[18 / 20] Learning rate: 1e-05 weight: 0.01
[18 / 20] Loss: 4.5309301965582245 CE Loss: 0.3209397248258353 Con Loss: 4.5277208269602385
[18 / 20] tensor([[0.842, 0.774],
        [0.842, 0.892]]) {'epoch': 18, 'valid/acc': 85.316, 'valid/acc_unbiased': 85.534, 'valid/diff': 3.57, 'valid/acc_skew': 83.749, 'valid/acc_align': 87.319, 'test/acc': 83.671, 'test/acc_unbiased': 83.745, 'test/diff': 5.892, 'test/acc_skew': 80.8, 'test/acc_align': 86.691}
[18 / 20] best valid accuracy: 85.573 at epoch 16 
 best_stats: {'best_valid_epoch': 16, 'best_valid_valid/acc': 85.316, 'best_valid_valid/acc_unbiased': 85.573, 'best_valid_valid/diff': 3.356, 'best_valid_valid/acc_skew': 83.895, 'best_valid_valid/acc_align': 87.25, 'best_valid_test/acc': 82.869, 'best_valid_test/acc_unbiased': 82.997, 'best_valid_test/diff': 6.314, 'best_valid_test/acc_skew': 79.84, 'best_valid_test/acc_align': 86.154}
[18 / 20] best test accuracy: 83.864 at epoch 11 
 best_stats: {'best_test_epoch': 11, 'best_test_valid/acc': 84.768, 'best_test_valid/acc_unbiased': 85.102, 'best_test_valid/diff': 2.342, 'best_test_valid/acc_skew': 84.698, 'best_test_valid/acc_align': 85.506, 'best_test_test/acc': 83.713, 'best_test_test/acc_unbiased': 83.864, 'best_test_test/diff': 6.582, 'best_test_test/acc_skew': 80.573, 'best_test_test/acc_align': 87.155}
[19 / 20] Learning rate: 1e-05 weight: 0.01
[19 / 20] Loss: 4.560492269116649 CE Loss: 0.3219451504605406 Con Loss: 4.557272830784408
[19 / 20] tensor([[0.839, 0.767],
        [0.842, 0.895]]) {'epoch': 19, 'valid/acc': 85.232, 'valid/acc_unbiased': 85.536, 'valid/diff': 3.722, 'valid/acc_skew': 83.675, 'valid/acc_align': 87.397, 'test/acc': 83.46, 'test/acc_unbiased': 83.546, 'test/diff': 6.23, 'test/acc_skew': 80.43, 'test/acc_align': 86.661}
[19 / 20] best valid accuracy: 85.573 at epoch 16 
 best_stats: {'best_valid_epoch': 16, 'best_valid_valid/acc': 85.316, 'best_valid_valid/acc_unbiased': 85.573, 'best_valid_valid/diff': 3.356, 'best_valid_valid/acc_skew': 83.895, 'best_valid_valid/acc_align': 87.25, 'best_valid_test/acc': 82.869, 'best_valid_test/acc_unbiased': 82.997, 'best_valid_test/diff': 6.314, 'best_valid_test/acc_skew': 79.84, 'best_valid_test/acc_align': 86.154}
[19 / 20] best test accuracy: 83.864 at epoch 11 
 best_stats: {'best_test_epoch': 11, 'best_test_valid/acc': 84.768, 'best_test_valid/acc_unbiased': 85.102, 'best_test_valid/diff': 2.342, 'best_test_valid/acc_skew': 84.698, 'best_test_valid/acc_align': 85.506, 'best_test_test/acc': 83.713, 'best_test_test/acc_unbiased': 83.864, 'best_test_test/diff': 6.582, 'best_test_test/acc_skew': 80.573, 'best_test_test/acc_align': 87.155}
[20 / 20] Learning rate: 1e-05 weight: 0.01
[20 / 20] Loss: 4.545523980002452 CE Loss: 0.3174867112500427 Con Loss: 4.542349092084178
[20 / 20] tensor([[0.819, 0.727],
        [0.868, 0.905]]) {'epoch': 20, 'valid/acc': 84.388, 'valid/acc_unbiased': 84.843, 'valid/diff': 2.485, 'valid/acc_skew': 83.6, 'valid/acc_align': 86.085, 'test/acc': 82.658, 'test/acc_unbiased': 82.965, 'test/diff': 6.46, 'test/acc_skew': 79.735, 'test/acc_align': 86.195}
[20 / 20] best valid accuracy: 85.573 at epoch 16 
 best_stats: {'best_valid_epoch': 16, 'best_valid_valid/acc': 85.316, 'best_valid_valid/acc_unbiased': 85.573, 'best_valid_valid/diff': 3.356, 'best_valid_valid/acc_skew': 83.895, 'best_valid_valid/acc_align': 87.25, 'best_valid_test/acc': 82.869, 'best_valid_test/acc_unbiased': 82.997, 'best_valid_test/diff': 6.314, 'best_valid_test/acc_skew': 79.84, 'best_valid_test/acc_align': 86.154}
[20 / 20] best test accuracy: 83.864 at epoch 11 
 best_stats: {'best_test_epoch': 11, 'best_test_valid/acc': 84.768, 'best_test_valid/acc_unbiased': 85.102, 'best_test_valid/diff': 2.342, 'best_test_valid/acc_skew': 84.698, 'best_test_valid/acc_align': 85.506, 'best_test_test/acc': 83.713, 'best_test_test/acc_unbiased': 83.864, 'best_test_test/diff': 6.582, 'best_test_test/acc_skew': 80.573, 'best_test_test/acc_align': 87.155}
Total training time: 0:17:04
