Log level set to: INFO
Set seed: 1
=======> Using Fixed Random Seed: 1 <========
save_path: exp_results/bc-bb0-utk_face_age-color-0.9-lr0.001-bs128-cbs64-w0.01-ratio10-aug1-seed1
get_utk_face - split: train, aug: False, given_y: True, ratio: 0
use existing biased_utk_face from data/utk_face/pickles/biased_utk_face-target_gender-bias_age-0.9
Distribution Before Sampling: 
===================================
Binary Labels Distribution: 
Binary Target 0
---------------------------
Target 0: [8237, 147]
Target 1: [823, 1477]
Binary Target 1
---------------------------
Target 0: [8237, 147]
Target 1: [823, 1477]
===================================
Normal Label Distribution: 
Target 0: [8237, 147]
Target 1: [823, 1477]
===================================
Distribution After Sampling: 
===================================
Binary Labels Distribution: 
Binary Target 0
---------------------------
Target 0: [8237, 147]
Target 1: [823, 1477]
Binary Target 1
---------------------------
Target 0: [8237, 147]
Target 1: [823, 1477]
===================================
Normal Label Distribution: 
Target 0: [8237, 147]
Target 1: [823, 1477]
===================================
Use BiasedUTKFace - target_attr: gender
BiasedUTKFace -- total: 10684, target_attr: gender, bias_attr: age bias_rate: 0.9
['[train] target_0-bias_0: 8237', '[train] target_0-bias_1: 147', '[train] target_1-bias_0: 823', '[train] target_1-bias_1: 1477']
confusion_matrix - 
 original: tensor([[8237.,  823.],
        [ 147., 1477.]]), 
 normalized: tensor([[0.909, 0.091],
        [0.091, 0.909]]), 
 b|y: tensor([[0.982, 0.018],
        [0.358, 0.642]])
get_utk_face - split: train, aug: 1, given_y: True, ratio: 10
use existing biased_utk_face from data/utk_face/pickles/biased_utk_face-target_gender-bias_age-0.9
Distribution Before Sampling: 
===================================
Binary Labels Distribution: 
Binary Target 0
---------------------------
Target 0: [8237, 147]
Target 1: [823, 1477]
Binary Target 1
---------------------------
Target 0: [8237, 147]
Target 1: [823, 1477]
===================================
Normal Label Distribution: 
Target 0: [8237, 147]
Target 1: [823, 1477]
===================================
Distribution After Sampling: 
===================================
Binary Labels Distribution: 
Binary Target 0
---------------------------
Target 0: [8237, 147]
Target 1: [823, 1477]
Binary Target 1
---------------------------
Target 0: [8237, 147]
Target 1: [823, 1477]
===================================
Normal Label Distribution: 
Target 0: [8237, 147]
Target 1: [823, 1477]
===================================
Use BiasedUTKFace - target_attr: gender
BiasedUTKFace -- total: 10684, target_attr: gender, bias_attr: age bias_rate: 0.9
['[train] target_0-bias_0: 8237', '[train] target_0-bias_1: 147', '[train] target_1-bias_0: 823', '[train] target_1-bias_1: 1477']
get_utk_face - split: valid, aug: False, given_y: True, ratio: 0
use existing biased_utk_face from data/utk_face/pickles/biased_utk_face-target_gender-bias_age-0.9
Distribution Before Sampling: 
===================================
Binary Labels Distribution: 
Binary Target 0
---------------------------
Target 0: [1030, 195]
Target 1: [841, 202]
Binary Target 1
---------------------------
Target 0: [1030, 195]
Target 1: [841, 202]
===================================
Normal Label Distribution: 
Target 0: [1030, 195]
Target 1: [841, 202]
===================================
Use BiasedUTKFace - target_attr: gender
BiasedUTKFace -- total: 2268, target_attr: gender, bias_attr: age bias_rate: 0.9
['[valid] target_0-bias_0: 1030', '[valid] target_0-bias_1: 195', '[valid] target_1-bias_0: 841', '[valid] target_1-bias_1: 202']
get_utk_face - split: test, aug: False, given_y: True, ratio: 0
use existing biased_utk_face from data/utk_face/pickles/biased_utk_face-target_gender-bias_age-0.9
Distribution Before Sampling: 
===================================
Binary Labels Distribution: 
Binary Target 0
---------------------------
Target 0: [1061, 176]
Target 1: [867, 165]
Binary Target 1
---------------------------
Target 0: [1061, 176]
Target 1: [867, 165]
===================================
Normal Label Distribution: 
Target 0: [1061, 176]
Target 1: [867, 165]
===================================
Use BiasedUTKFace - target_attr: gender
BiasedUTKFace -- total: 2269, target_attr: gender, bias_attr: age bias_rate: 0.9
['[test] target_0-bias_0: 1061', '[test] target_0-bias_1: 176', '[test] target_1-bias_0: 867', '[test] target_1-bias_1: 165']
decay_epochs: [6, 13]
[1 / 20] Learning rate: 0.001 weight: 0.01
[1 / 20] Loss: 4.717881365154442 CE Loss: 0.5561615159251814 Con Loss: 4.712319734345568
[1 / 20] tensor([[0.989, 0.989],
        [0.209, 0.079]]) {'epoch': 1, 'valid/acc': 62.478, 'valid/acc_unbiased': 57.31, 'valid/diff': 6.276, 'valid/acc_skew': 59.616, 'valid/acc_align': 55.004, 'test/acc': 62.45, 'test/acc_unbiased': 56.622, 'test/diff': 6.502, 'test/acc_skew': 59.87, 'test/acc_align': 53.374}
[1 / 20] best valid accuracy: 57.310 at epoch 1 
 best_stats: {'best_valid_epoch': 1, 'best_valid_valid/acc': 62.478, 'best_valid_valid/acc_unbiased': 57.31, 'best_valid_valid/diff': 6.276, 'best_valid_valid/acc_skew': 59.616, 'best_valid_valid/acc_align': 55.004, 'best_valid_test/acc': 62.45, 'best_valid_test/acc_unbiased': 56.622, 'best_valid_test/diff': 6.502, 'best_valid_test/acc_skew': 59.87, 'best_valid_test/acc_align': 53.374}
[1 / 20] best test accuracy: 56.622 at epoch 1 
 best_stats: {'best_test_epoch': 1, 'best_test_valid/acc': 62.478, 'best_test_valid/acc_unbiased': 57.31, 'best_test_valid/diff': 6.276, 'best_test_valid/acc_skew': 59.616, 'best_test_valid/acc_align': 55.004, 'best_test_test/acc': 62.45, 'best_test_test/acc_unbiased': 56.622, 'best_test_test/diff': 6.502, 'best_test_test/acc_skew': 59.87, 'best_test_test/acc_align': 53.374}
[2 / 20] Learning rate: 0.001 weight: 0.01
[2 / 20] Loss: 4.395842870493053 CE Loss: 0.49669610642842343 Con Loss: 4.390875893467511
[2 / 20] tensor([[0.979, 0.875],
        [0.390, 0.376]]) {'epoch': 2, 'valid/acc': 68.607, 'valid/acc_unbiased': 62.814, 'valid/diff': 10.515, 'valid/acc_skew': 58.869, 'valid/acc_align': 66.759, 'test/acc': 70.207, 'test/acc_unbiased': 65.497, 'test/diff': 5.918, 'test/acc_skew': 63.243, 'test/acc_align': 67.751}
[2 / 20] best valid accuracy: 62.814 at epoch 2 
 best_stats: {'best_valid_epoch': 2, 'best_valid_valid/acc': 68.607, 'best_valid_valid/acc_unbiased': 62.814, 'best_valid_valid/diff': 10.515, 'best_valid_valid/acc_skew': 58.869, 'best_valid_valid/acc_align': 66.759, 'best_valid_test/acc': 70.207, 'best_valid_test/acc_unbiased': 65.497, 'best_valid_test/diff': 5.918, 'best_valid_test/acc_skew': 63.243, 'best_valid_test/acc_align': 67.751}
[2 / 20] best test accuracy: 65.497 at epoch 2 
 best_stats: {'best_test_epoch': 2, 'best_test_valid/acc': 68.607, 'best_test_valid/acc_unbiased': 62.814, 'best_test_valid/diff': 10.515, 'best_test_valid/acc_skew': 58.869, 'best_test_valid/acc_align': 66.759, 'best_test_test/acc': 70.207, 'best_test_test/acc_unbiased': 65.497, 'best_test_test/diff': 5.918, 'best_test_test/acc_skew': 63.243, 'best_test_test/acc_align': 67.751}
[3 / 20] Learning rate: 0.001 weight: 0.01
[3 / 20] Loss: 4.197367350379433 CE Loss: 0.47909998996388997 Con Loss: 4.192576362862653
[3 / 20] tensor([[0.845, 0.472],
        [0.791, 0.764]]) {'epoch': 3, 'valid/acc': 77.072, 'valid/acc_unbiased': 70.784, 'valid/diff': 22.823, 'valid/acc_skew': 59.373, 'valid/acc_align': 82.196, 'test/acc': 78.978, 'test/acc_unbiased': 71.797, 'test/diff': 20.072, 'test/acc_skew': 63.141, 'test/acc_align': 80.453}
[3 / 20] best valid accuracy: 70.784 at epoch 3 
 best_stats: {'best_valid_epoch': 3, 'best_valid_valid/acc': 77.072, 'best_valid_valid/acc_unbiased': 70.784, 'best_valid_valid/diff': 22.823, 'best_valid_valid/acc_skew': 59.373, 'best_valid_valid/acc_align': 82.196, 'best_valid_test/acc': 78.978, 'best_valid_test/acc_unbiased': 71.797, 'best_valid_test/diff': 20.072, 'best_valid_test/acc_skew': 63.141, 'best_valid_test/acc_align': 80.453}
[3 / 20] best test accuracy: 71.797 at epoch 3 
 best_stats: {'best_test_epoch': 3, 'best_test_valid/acc': 77.072, 'best_test_valid/acc_unbiased': 70.784, 'best_test_valid/diff': 22.823, 'best_test_valid/acc_skew': 59.373, 'best_test_valid/acc_align': 82.196, 'best_test_test/acc': 78.978, 'best_test_test/acc_unbiased': 71.797, 'best_test_test/diff': 20.072, 'best_test_test/acc_skew': 63.141, 'best_test_test/acc_align': 80.453}
[4 / 20] Learning rate: 0.001 weight: 0.01
[4 / 20] Loss: 4.204403911534877 CE Loss: 0.46515196497098465 Con Loss: 4.199752368448558
[4 / 20] tensor([[0.973, 0.852],
        [0.532, 0.485]]) {'epoch': 4, 'valid/acc': 74.647, 'valid/acc_unbiased': 67.025, 'valid/diff': 18.143, 'valid/acc_skew': 64.075, 'valid/acc_align': 69.976, 'test/acc': 75.937, 'test/acc_unbiased': 71.038, 'test/diff': 8.363, 'test/acc_skew': 69.2, 'test/acc_align': 72.876}
[4 / 20] best valid accuracy: 70.784 at epoch 3 
 best_stats: {'best_valid_epoch': 3, 'best_valid_valid/acc': 77.072, 'best_valid_valid/acc_unbiased': 70.784, 'best_valid_valid/diff': 22.823, 'best_valid_valid/acc_skew': 59.373, 'best_valid_valid/acc_align': 82.196, 'best_valid_test/acc': 78.978, 'best_valid_test/acc_unbiased': 71.797, 'best_valid_test/diff': 20.072, 'best_valid_test/acc_skew': 63.141, 'best_valid_test/acc_align': 80.453}
[4 / 20] best test accuracy: 71.797 at epoch 3 
 best_stats: {'best_test_epoch': 3, 'best_test_valid/acc': 77.072, 'best_test_valid/acc_unbiased': 70.784, 'best_test_valid/diff': 22.823, 'best_test_valid/acc_skew': 59.373, 'best_test_valid/acc_align': 82.196, 'best_test_test/acc': 78.978, 'best_test_test/acc_unbiased': 71.797, 'best_test_test/diff': 20.072, 'best_test_test/acc_skew': 63.141, 'best_test_test/acc_align': 80.453}
[5 / 20] Learning rate: 0.001 weight: 0.01
[5 / 20] Loss: 4.097165535291631 CE Loss: 0.43892601696974504 Con Loss: 4.092776300129664
[5 / 20] tensor([[0.999, 0.869],
        [0.190, 0.358]]) {'epoch': 5, 'valid/acc': 60.891, 'valid/acc_unbiased': 56.763, 'valid/diff': 14.003, 'valid/acc_skew': 49.762, 'valid/acc_align': 63.764, 'test/acc': 63.332, 'test/acc_unbiased': 60.407, 'test/diff': 14.85, 'test/acc_skew': 52.981, 'test/acc_align': 67.832}
[5 / 20] best valid accuracy: 70.784 at epoch 3 
 best_stats: {'best_valid_epoch': 3, 'best_valid_valid/acc': 77.072, 'best_valid_valid/acc_unbiased': 70.784, 'best_valid_valid/diff': 22.823, 'best_valid_valid/acc_skew': 59.373, 'best_valid_valid/acc_align': 82.196, 'best_valid_test/acc': 78.978, 'best_valid_test/acc_unbiased': 71.797, 'best_valid_test/diff': 20.072, 'best_valid_test/acc_skew': 63.141, 'best_valid_test/acc_align': 80.453}
[5 / 20] best test accuracy: 71.797 at epoch 3 
 best_stats: {'best_test_epoch': 3, 'best_test_valid/acc': 77.072, 'best_test_valid/acc_unbiased': 70.784, 'best_test_valid/diff': 22.823, 'best_test_valid/acc_skew': 59.373, 'best_test_valid/acc_align': 82.196, 'best_test_test/acc': 78.978, 'best_test_test/acc_unbiased': 71.797, 'best_test_test/diff': 20.072, 'best_test_test/acc_skew': 63.141, 'best_test_test/acc_align': 80.453}
[6 / 20] Learning rate: 0.001 weight: 0.01
[6 / 20] Loss: 3.998629870641459 CE Loss: 0.4540264594537049 Con Loss: 3.994089605744882
[6 / 20] tensor([[0.871, 0.392],
        [0.810, 0.830]]) {'epoch': 6, 'valid/acc': 79.453, 'valid/acc_unbiased': 71.498, 'valid/diff': 28.822, 'valid/acc_skew': 57.087, 'valid/acc_align': 85.909, 'test/acc': 80.74, 'test/acc_unbiased': 72.573, 'test/diff': 24.972, 'test/acc_skew': 60.087, 'test/acc_align': 85.059}
[6 / 20] best valid accuracy: 71.498 at epoch 6 
 best_stats: {'best_valid_epoch': 6, 'best_valid_valid/acc': 79.453, 'best_valid_valid/acc_unbiased': 71.498, 'best_valid_valid/diff': 28.822, 'best_valid_valid/acc_skew': 57.087, 'best_valid_valid/acc_align': 85.909, 'best_valid_test/acc': 80.74, 'best_valid_test/acc_unbiased': 72.573, 'best_valid_test/diff': 24.972, 'best_valid_test/acc_skew': 60.087, 'best_valid_test/acc_align': 85.059}
[6 / 20] best test accuracy: 72.573 at epoch 6 
 best_stats: {'best_test_epoch': 6, 'best_test_valid/acc': 79.453, 'best_test_valid/acc_unbiased': 71.498, 'best_test_valid/diff': 28.822, 'best_test_valid/acc_skew': 57.087, 'best_test_valid/acc_align': 85.909, 'best_test_test/acc': 80.74, 'best_test_test/acc_unbiased': 72.573, 'best_test_test/diff': 24.972, 'best_test_test/acc_skew': 60.087, 'best_test_test/acc_align': 85.059}
[7 / 20] Learning rate: 0.0001 weight: 0.01
[7 / 20] Loss: 3.927695989251717 CE Loss: 0.4010799051067527 Con Loss: 3.9236852025682225
[7 / 20] tensor([[0.979, 0.506],
        [0.597, 0.764]]) {'epoch': 7, 'valid/acc': 75.97, 'valid/acc_unbiased': 69.799, 'valid/diff': 32.037, 'valid/acc_skew': 53.781, 'valid/acc_align': 85.818, 'test/acc': 78.096, 'test/acc_unbiased': 71.151, 'test/diff': 31.988, 'test/acc_skew': 55.157, 'test/acc_align': 87.145}
[7 / 20] best valid accuracy: 71.498 at epoch 6 
 best_stats: {'best_valid_epoch': 6, 'best_valid_valid/acc': 79.453, 'best_valid_valid/acc_unbiased': 71.498, 'best_valid_valid/diff': 28.822, 'best_valid_valid/acc_skew': 57.087, 'best_valid_valid/acc_align': 85.909, 'best_valid_test/acc': 80.74, 'best_valid_test/acc_unbiased': 72.573, 'best_valid_test/diff': 24.972, 'best_valid_test/acc_skew': 60.087, 'best_valid_test/acc_align': 85.059}
[7 / 20] best test accuracy: 72.573 at epoch 6 
 best_stats: {'best_test_epoch': 6, 'best_test_valid/acc': 79.453, 'best_test_valid/acc_unbiased': 71.498, 'best_test_valid/diff': 28.822, 'best_test_valid/acc_skew': 57.087, 'best_test_valid/acc_align': 85.909, 'best_test_test/acc': 80.74, 'best_test_test/acc_unbiased': 72.573, 'best_test_test/diff': 24.972, 'best_test_test/acc_skew': 60.087, 'best_test_test/acc_align': 85.059}
[8 / 20] Learning rate: 0.0001 weight: 0.01
[8 / 20] Loss: 3.8292492683886232 CE Loss: 0.3932379139067751 Con Loss: 3.8253168658967414
[8 / 20] tensor([[0.982, 0.511],
        [0.594, 0.764]]) {'epoch': 8, 'valid/acc': 75.926, 'valid/acc_unbiased': 69.758, 'valid/diff': 31.917, 'valid/acc_skew': 53.8, 'valid/acc_align': 85.716, 'test/acc': 78.14, 'test/acc_unbiased': 71.277, 'test/diff': 32.018, 'test/acc_skew': 55.268, 'test/acc_align': 87.286}
[8 / 20] best valid accuracy: 71.498 at epoch 6 
 best_stats: {'best_valid_epoch': 6, 'best_valid_valid/acc': 79.453, 'best_valid_valid/acc_unbiased': 71.498, 'best_valid_valid/diff': 28.822, 'best_valid_valid/acc_skew': 57.087, 'best_valid_valid/acc_align': 85.909, 'best_valid_test/acc': 80.74, 'best_valid_test/acc_unbiased': 72.573, 'best_valid_test/diff': 24.972, 'best_valid_test/acc_skew': 60.087, 'best_valid_test/acc_align': 85.059}
[8 / 20] best test accuracy: 72.573 at epoch 6 
 best_stats: {'best_test_epoch': 6, 'best_test_valid/acc': 79.453, 'best_test_valid/acc_unbiased': 71.498, 'best_test_valid/diff': 28.822, 'best_test_valid/acc_skew': 57.087, 'best_test_valid/acc_align': 85.909, 'best_test_test/acc': 80.74, 'best_test_test/acc_unbiased': 72.573, 'best_test_test/diff': 24.972, 'best_test_test/acc_skew': 60.087, 'best_test_test/acc_align': 85.059}
[9 / 20] Learning rate: 0.0001 weight: 0.01
[9 / 20] Loss: 3.8127669468661542 CE Loss: 0.37197379232881134 Con Loss: 3.8090472216018796
[9 / 20] tensor([[0.977, 0.432],
        [0.651, 0.830]]) {'epoch': 9, 'valid/acc': 78.307, 'valid/acc_unbiased': 71.608, 'valid/diff': 35.35, 'valid/acc_skew': 53.933, 'valid/acc_align': 89.283, 'test/acc': 79.947, 'test/acc_unbiased': 72.251, 'test/diff': 36.267, 'test/acc_skew': 54.117, 'test/acc_align': 90.384}
[9 / 20] best valid accuracy: 71.608 at epoch 9 
 best_stats: {'best_valid_epoch': 9, 'best_valid_valid/acc': 78.307, 'best_valid_valid/acc_unbiased': 71.608, 'best_valid_valid/diff': 35.35, 'best_valid_valid/acc_skew': 53.933, 'best_valid_valid/acc_align': 89.283, 'best_valid_test/acc': 79.947, 'best_valid_test/acc_unbiased': 72.251, 'best_valid_test/diff': 36.267, 'best_valid_test/acc_skew': 54.117, 'best_valid_test/acc_align': 90.384}
[9 / 20] best test accuracy: 72.573 at epoch 6 
 best_stats: {'best_test_epoch': 6, 'best_test_valid/acc': 79.453, 'best_test_valid/acc_unbiased': 71.498, 'best_test_valid/diff': 28.822, 'best_test_valid/acc_skew': 57.087, 'best_test_valid/acc_align': 85.909, 'best_test_test/acc': 80.74, 'best_test_test/acc_unbiased': 72.573, 'best_test_test/diff': 24.972, 'best_test_test/acc_skew': 60.087, 'best_test_test/acc_align': 85.059}
[10 / 20] Learning rate: 0.0001 weight: 0.01
[10 / 20] Loss: 3.7371751249885343 CE Loss: 0.358258181366301 Con Loss: 3.733592540036869
[10 / 20] tensor([[0.981, 0.438],
        [0.632, 0.800]]) {'epoch': 10, 'valid/acc': 77.249, 'valid/acc_unbiased': 70.013, 'valid/diff': 38.046, 'valid/acc_skew': 50.99, 'valid/acc_align': 89.036, 'test/acc': 79.242, 'test/acc_unbiased': 71.268, 'test/diff': 35.579, 'test/acc_skew': 53.478, 'test/acc_align': 89.057}
[10 / 20] best valid accuracy: 71.608 at epoch 9 
 best_stats: {'best_valid_epoch': 9, 'best_valid_valid/acc': 78.307, 'best_valid_valid/acc_unbiased': 71.608, 'best_valid_valid/diff': 35.35, 'best_valid_valid/acc_skew': 53.933, 'best_valid_valid/acc_align': 89.283, 'best_valid_test/acc': 79.947, 'best_valid_test/acc_unbiased': 72.251, 'best_valid_test/diff': 36.267, 'best_valid_test/acc_skew': 54.117, 'best_valid_test/acc_align': 90.384}
[10 / 20] best test accuracy: 72.573 at epoch 6 
 best_stats: {'best_test_epoch': 6, 'best_test_valid/acc': 79.453, 'best_test_valid/acc_unbiased': 71.498, 'best_test_valid/diff': 28.822, 'best_test_valid/acc_skew': 57.087, 'best_test_valid/acc_align': 85.909, 'best_test_test/acc': 80.74, 'best_test_test/acc_unbiased': 72.573, 'best_test_test/diff': 24.972, 'best_test_test/acc_skew': 60.087, 'best_test_test/acc_align': 85.059}
[11 / 20] Learning rate: 0.0001 weight: 0.01
[11 / 20] Loss: 3.687125745314152 CE Loss: 0.3681761457740658 Con Loss: 3.6834439758235082
[11 / 20] tensor([[0.982, 0.438],
        [0.609, 0.830]]) {'epoch': 11, 'valid/acc': 76.808, 'valid/acc_unbiased': 70.261, 'valid/diff': 40.014, 'valid/acc_skew': 50.254, 'valid/acc_align': 90.269, 'test/acc': 78.625, 'test/acc_unbiased': 71.472, 'test/diff': 38.295, 'test/acc_skew': 52.325, 'test/acc_align': 90.62}
[11 / 20] best valid accuracy: 71.608 at epoch 9 
 best_stats: {'best_valid_epoch': 9, 'best_valid_valid/acc': 78.307, 'best_valid_valid/acc_unbiased': 71.608, 'best_valid_valid/diff': 35.35, 'best_valid_valid/acc_skew': 53.933, 'best_valid_valid/acc_align': 89.283, 'best_valid_test/acc': 79.947, 'best_valid_test/acc_unbiased': 72.251, 'best_valid_test/diff': 36.267, 'best_valid_test/acc_skew': 54.117, 'best_valid_test/acc_align': 90.384}
[11 / 20] best test accuracy: 72.573 at epoch 6 
 best_stats: {'best_test_epoch': 6, 'best_test_valid/acc': 79.453, 'best_test_valid/acc_unbiased': 71.498, 'best_test_valid/diff': 28.822, 'best_test_valid/acc_skew': 57.087, 'best_test_valid/acc_align': 85.909, 'best_test_test/acc': 80.74, 'best_test_test/acc_unbiased': 72.573, 'best_test_test/diff': 24.972, 'best_test_test/acc_skew': 60.087, 'best_test_test/acc_align': 85.059}
[12 / 20] Learning rate: 0.0001 weight: 0.01
[12 / 20] Loss: 3.6809605300671953 CE Loss: 0.35872012211650733 Con Loss: 3.6773733235798005
[12 / 20] tensor([[0.983, 0.438],
        [0.589, 0.824]]) {'epoch': 12, 'valid/acc': 75.794, 'valid/acc_unbiased': 68.917, 'valid/diff': 38.441, 'valid/acc_skew': 49.697, 'valid/acc_align': 88.138, 'test/acc': 77.876, 'test/acc_unbiased': 70.854, 'test/diff': 39.019, 'test/acc_skew': 51.344, 'test/acc_align': 90.364}
[12 / 20] best valid accuracy: 71.608 at epoch 9 
 best_stats: {'best_valid_epoch': 9, 'best_valid_valid/acc': 78.307, 'best_valid_valid/acc_unbiased': 71.608, 'best_valid_valid/diff': 35.35, 'best_valid_valid/acc_skew': 53.933, 'best_valid_valid/acc_align': 89.283, 'best_valid_test/acc': 79.947, 'best_valid_test/acc_unbiased': 72.251, 'best_valid_test/diff': 36.267, 'best_valid_test/acc_skew': 54.117, 'best_valid_test/acc_align': 90.384}
[12 / 20] best test accuracy: 72.573 at epoch 6 
 best_stats: {'best_test_epoch': 6, 'best_test_valid/acc': 79.453, 'best_test_valid/acc_unbiased': 71.498, 'best_test_valid/diff': 28.822, 'best_test_valid/acc_skew': 57.087, 'best_test_valid/acc_align': 85.909, 'best_test_test/acc': 80.74, 'best_test_test/acc_unbiased': 72.573, 'best_test_test/diff': 24.972, 'best_test_test/acc_skew': 60.087, 'best_test_test/acc_align': 85.059}
[13 / 20] Learning rate: 0.0001 weight: 0.01
[13 / 20] Loss: 3.7046645293741003 CE Loss: 0.34492578676290525 Con Loss: 3.701215264503539
[13 / 20] tensor([[0.982, 0.415],
        [0.621, 0.848]]) {'epoch': 13, 'valid/acc': 77.469, 'valid/acc_unbiased': 70.409, 'valid/diff': 40.613, 'valid/acc_skew': 50.102, 'valid/acc_align': 90.715, 'test/acc': 79.022, 'test/acc_unbiased': 71.647, 'test/diff': 39.764, 'test/acc_skew': 51.765, 'test/acc_align': 91.529}
[13 / 20] best valid accuracy: 71.608 at epoch 9 
 best_stats: {'best_valid_epoch': 9, 'best_valid_valid/acc': 78.307, 'best_valid_valid/acc_unbiased': 71.608, 'best_valid_valid/diff': 35.35, 'best_valid_valid/acc_skew': 53.933, 'best_valid_valid/acc_align': 89.283, 'best_valid_test/acc': 79.947, 'best_valid_test/acc_unbiased': 72.251, 'best_valid_test/diff': 36.267, 'best_valid_test/acc_skew': 54.117, 'best_valid_test/acc_align': 90.384}
[13 / 20] best test accuracy: 72.573 at epoch 6 
 best_stats: {'best_test_epoch': 6, 'best_test_valid/acc': 79.453, 'best_test_valid/acc_unbiased': 71.498, 'best_test_valid/diff': 28.822, 'best_test_valid/acc_skew': 57.087, 'best_test_valid/acc_align': 85.909, 'best_test_test/acc': 80.74, 'best_test_test/acc_unbiased': 72.573, 'best_test_test/diff': 24.972, 'best_test_test/acc_skew': 60.087, 'best_test_test/acc_align': 85.059}
[14 / 20] Learning rate: 1e-05 weight: 0.01
[14 / 20] Loss: 3.6721346155171624 CE Loss: 0.3369695788876299 Con Loss: 3.668764920593513
[14 / 20] tensor([[0.985, 0.432],
        [0.600, 0.830]]) {'epoch': 14, 'valid/acc': 76.72, 'valid/acc_unbiased': 69.613, 'valid/diff': 39.623, 'valid/acc_skew': 49.801, 'valid/acc_align': 89.424, 'test/acc': 78.361, 'test/acc_unbiased': 71.17, 'test/diff': 39.182, 'test/acc_skew': 51.579, 'test/acc_align': 90.761}
[14 / 20] best valid accuracy: 71.608 at epoch 9 
 best_stats: {'best_valid_epoch': 9, 'best_valid_valid/acc': 78.307, 'best_valid_valid/acc_unbiased': 71.608, 'best_valid_valid/diff': 35.35, 'best_valid_valid/acc_skew': 53.933, 'best_valid_valid/acc_align': 89.283, 'best_valid_test/acc': 79.947, 'best_valid_test/acc_unbiased': 72.251, 'best_valid_test/diff': 36.267, 'best_valid_test/acc_skew': 54.117, 'best_valid_test/acc_align': 90.384}
[14 / 20] best test accuracy: 72.573 at epoch 6 
 best_stats: {'best_test_epoch': 6, 'best_test_valid/acc': 79.453, 'best_test_valid/acc_unbiased': 71.498, 'best_test_valid/diff': 28.822, 'best_test_valid/acc_skew': 57.087, 'best_test_valid/acc_align': 85.909, 'best_test_test/acc': 80.74, 'best_test_test/acc_unbiased': 72.573, 'best_test_test/diff': 24.972, 'best_test_test/acc_skew': 60.087, 'best_test_test/acc_align': 85.059}
[15 / 20] Learning rate: 1e-05 weight: 0.01
[15 / 20] Loss: 3.6119951875144647 CE Loss: 0.3496091588411113 Con Loss: 3.608499092093482
[15 / 20] tensor([[0.978, 0.403],
        [0.624, 0.855]]) {'epoch': 15, 'valid/acc': 77.734, 'valid/acc_unbiased': 70.588, 'valid/diff': 40.653, 'valid/acc_skew': 50.262, 'valid/acc_align': 90.914, 'test/acc': 78.933, 'test/acc_unbiased': 71.507, 'test/diff': 40.273, 'test/acc_skew': 51.37, 'test/acc_align': 91.643}
[15 / 20] best valid accuracy: 71.608 at epoch 9 
 best_stats: {'best_valid_epoch': 9, 'best_valid_valid/acc': 78.307, 'best_valid_valid/acc_unbiased': 71.608, 'best_valid_valid/diff': 35.35, 'best_valid_valid/acc_skew': 53.933, 'best_valid_valid/acc_align': 89.283, 'best_valid_test/acc': 79.947, 'best_valid_test/acc_unbiased': 72.251, 'best_valid_test/diff': 36.267, 'best_valid_test/acc_skew': 54.117, 'best_valid_test/acc_align': 90.384}
[15 / 20] best test accuracy: 72.573 at epoch 6 
 best_stats: {'best_test_epoch': 6, 'best_test_valid/acc': 79.453, 'best_test_valid/acc_unbiased': 71.498, 'best_test_valid/diff': 28.822, 'best_test_valid/acc_skew': 57.087, 'best_test_valid/acc_align': 85.909, 'best_test_test/acc': 80.74, 'best_test_test/acc_unbiased': 72.573, 'best_test_test/diff': 24.972, 'best_test_test/acc_skew': 60.087, 'best_test_test/acc_align': 85.059}
[16 / 20] Learning rate: 1e-05 weight: 0.01
[16 / 20] Loss: 3.5986866231537724 CE Loss: 0.35528085710224877 Con Loss: 3.5951338080331565
[16 / 20] tensor([[0.981, 0.392],
        [0.634, 0.842]]) {'epoch': 16, 'valid/acc': 77.866, 'valid/acc_unbiased': 70.502, 'valid/diff': 38.348, 'valid/acc_skew': 51.328, 'valid/acc_align': 89.677, 'test/acc': 79.286, 'test/acc_unbiased': 71.25, 'test/diff': 39.858, 'test/acc_skew': 51.321, 'test/acc_align': 91.179}
[16 / 20] best valid accuracy: 71.608 at epoch 9 
 best_stats: {'best_valid_epoch': 9, 'best_valid_valid/acc': 78.307, 'best_valid_valid/acc_unbiased': 71.608, 'best_valid_valid/diff': 35.35, 'best_valid_valid/acc_skew': 53.933, 'best_valid_valid/acc_align': 89.283, 'best_valid_test/acc': 79.947, 'best_valid_test/acc_unbiased': 72.251, 'best_valid_test/diff': 36.267, 'best_valid_test/acc_skew': 54.117, 'best_valid_test/acc_align': 90.384}
[16 / 20] best test accuracy: 72.573 at epoch 6 
 best_stats: {'best_test_epoch': 6, 'best_test_valid/acc': 79.453, 'best_test_valid/acc_unbiased': 71.498, 'best_test_valid/diff': 28.822, 'best_test_valid/acc_skew': 57.087, 'best_test_valid/acc_align': 85.909, 'best_test_test/acc': 80.74, 'best_test_test/acc_unbiased': 72.573, 'best_test_test/diff': 24.972, 'best_test_test/acc_skew': 60.087, 'best_test_test/acc_align': 85.059}
[17 / 20] Learning rate: 1e-05 weight: 0.01
[17 / 20] Loss: 3.5849431833047984 CE Loss: 0.3487149735083521 Con Loss: 3.581456035855378
[17 / 20] tensor([[0.985, 0.415],
        [0.604, 0.836]]) {'epoch': 17, 'valid/acc': 77.116, 'valid/acc_unbiased': 70.488, 'valid/diff': 37.978, 'valid/acc_skew': 51.499, 'valid/acc_align': 89.478, 'test/acc': 78.449, 'test/acc_unbiased': 71.011, 'test/diff': 40.106, 'test/acc_skew': 50.958, 'test/acc_align': 91.064}
[17 / 20] best valid accuracy: 71.608 at epoch 9 
 best_stats: {'best_valid_epoch': 9, 'best_valid_valid/acc': 78.307, 'best_valid_valid/acc_unbiased': 71.608, 'best_valid_valid/diff': 35.35, 'best_valid_valid/acc_skew': 53.933, 'best_valid_valid/acc_align': 89.283, 'best_valid_test/acc': 79.947, 'best_valid_test/acc_unbiased': 72.251, 'best_valid_test/diff': 36.267, 'best_valid_test/acc_skew': 54.117, 'best_valid_test/acc_align': 90.384}
[17 / 20] best test accuracy: 72.573 at epoch 6 
 best_stats: {'best_test_epoch': 6, 'best_test_valid/acc': 79.453, 'best_test_valid/acc_unbiased': 71.498, 'best_test_valid/diff': 28.822, 'best_test_valid/acc_skew': 57.087, 'best_test_valid/acc_align': 85.909, 'best_test_test/acc': 80.74, 'best_test_test/acc_unbiased': 72.573, 'best_test_test/diff': 24.972, 'best_test_test/acc_skew': 60.087, 'best_test_test/acc_align': 85.059}
[18 / 20] Learning rate: 1e-05 weight: 0.01
[18 / 20] Loss: 3.593959894130311 CE Loss: 0.35054775719917564 Con Loss: 3.5904544347772345
[18 / 20] tensor([[0.988, 0.443],
        [0.593, 0.806]]) {'epoch': 18, 'valid/acc': 76.235, 'valid/acc_unbiased': 69.404, 'valid/diff': 38.856, 'valid/acc_skew': 49.976, 'valid/acc_align': 88.832, 'test/acc': 78.14, 'test/acc_unbiased': 70.746, 'test/diff': 37.889, 'test/acc_skew': 51.802, 'test/acc_align': 89.69}
[18 / 20] best valid accuracy: 71.608 at epoch 9 
 best_stats: {'best_valid_epoch': 9, 'best_valid_valid/acc': 78.307, 'best_valid_valid/acc_unbiased': 71.608, 'best_valid_valid/diff': 35.35, 'best_valid_valid/acc_skew': 53.933, 'best_valid_valid/acc_align': 89.283, 'best_valid_test/acc': 79.947, 'best_valid_test/acc_unbiased': 72.251, 'best_valid_test/diff': 36.267, 'best_valid_test/acc_skew': 54.117, 'best_valid_test/acc_align': 90.384}
[18 / 20] best test accuracy: 72.573 at epoch 6 
 best_stats: {'best_test_epoch': 6, 'best_test_valid/acc': 79.453, 'best_test_valid/acc_unbiased': 71.498, 'best_test_valid/diff': 28.822, 'best_test_valid/acc_skew': 57.087, 'best_test_valid/acc_align': 85.909, 'best_test_test/acc': 80.74, 'best_test_test/acc_unbiased': 72.573, 'best_test_test/diff': 24.972, 'best_test_test/acc_skew': 60.087, 'best_test_test/acc_align': 85.059}
[19 / 20] Learning rate: 1e-05 weight: 0.01
[19 / 20] Loss: 3.6712498175700654 CE Loss: 0.3365349376728275 Con Loss: 3.6678844747896813
[19 / 20] tensor([[0.987, 0.426],
        [0.602, 0.848]]) {'epoch': 19, 'valid/acc': 76.764, 'valid/acc_unbiased': 69.748, 'valid/diff': 40.051, 'valid/acc_skew': 49.723, 'valid/acc_align': 89.774, 'test/acc': 78.625, 'test/acc_unbiased': 71.588, 'test/diff': 40.354, 'test/acc_skew': 51.411, 'test/acc_align': 91.764}
[19 / 20] best valid accuracy: 71.608 at epoch 9 
 best_stats: {'best_valid_epoch': 9, 'best_valid_valid/acc': 78.307, 'best_valid_valid/acc_unbiased': 71.608, 'best_valid_valid/diff': 35.35, 'best_valid_valid/acc_skew': 53.933, 'best_valid_valid/acc_align': 89.283, 'best_valid_test/acc': 79.947, 'best_valid_test/acc_unbiased': 72.251, 'best_valid_test/diff': 36.267, 'best_valid_test/acc_skew': 54.117, 'best_valid_test/acc_align': 90.384}
[19 / 20] best test accuracy: 72.573 at epoch 6 
 best_stats: {'best_test_epoch': 6, 'best_test_valid/acc': 79.453, 'best_test_valid/acc_unbiased': 71.498, 'best_test_valid/diff': 28.822, 'best_test_valid/acc_skew': 57.087, 'best_test_valid/acc_align': 85.909, 'best_test_test/acc': 80.74, 'best_test_test/acc_unbiased': 72.573, 'best_test_test/diff': 24.972, 'best_test_test/acc_skew': 60.087, 'best_test_test/acc_align': 85.059}
[20 / 20] Learning rate: 1e-05 weight: 0.01
[20 / 20] Loss: 3.6466498482053264 CE Loss: 0.35838785496422165 Con Loss: 3.64306597172299
[20 / 20] tensor([[0.983, 0.426],
        [0.609, 0.836]]) {'epoch': 20, 'valid/acc': 77.072, 'valid/acc_unbiased': 69.764, 'valid/diff': 39.525, 'valid/acc_skew': 50.002, 'valid/acc_align': 89.526, 'test/acc': 78.625, 'test/acc_unbiased': 71.363, 'test/diff': 39.213, 'test/acc_skew': 51.757, 'test/acc_align': 90.97}
[20 / 20] best valid accuracy: 71.608 at epoch 9 
 best_stats: {'best_valid_epoch': 9, 'best_valid_valid/acc': 78.307, 'best_valid_valid/acc_unbiased': 71.608, 'best_valid_valid/diff': 35.35, 'best_valid_valid/acc_skew': 53.933, 'best_valid_valid/acc_align': 89.283, 'best_valid_test/acc': 79.947, 'best_valid_test/acc_unbiased': 72.251, 'best_valid_test/diff': 36.267, 'best_valid_test/acc_skew': 54.117, 'best_valid_test/acc_align': 90.384}
[20 / 20] best test accuracy: 72.573 at epoch 6 
 best_stats: {'best_test_epoch': 6, 'best_test_valid/acc': 79.453, 'best_test_valid/acc_unbiased': 71.498, 'best_test_valid/diff': 28.822, 'best_test_valid/acc_skew': 57.087, 'best_test_valid/acc_align': 85.909, 'best_test_test/acc': 80.74, 'best_test_test/acc_unbiased': 72.573, 'best_test_test/diff': 24.972, 'best_test_test/acc_skew': 60.087, 'best_test_test/acc_align': 85.059}
Total training time: 0:16:08
