Log level set to: INFO
Set seed: 1
=======> Using Fixed Random Seed: 1 <========
save_path: exp_results/bc-bb0-utk_face_age-cutout_rotate-0.9-lr0.001-bs128-cbs64-w0.01-ratio10-aug1-seed1
get_utk_face - split: train, aug: False, given_y: True, ratio: 0
use existing biased_utk_face from data/utk_face/pickles/biased_utk_face-target_gender-bias_age-0.9
Distribution Before Sampling: 
===================================
Binary Labels Distribution: 
Binary Target 0
---------------------------
Target 0: [8237, 147]
Target 1: [823, 1477]
Binary Target 1
---------------------------
Target 0: [8237, 147]
Target 1: [823, 1477]
===================================
Normal Label Distribution: 
Target 0: [8237, 147]
Target 1: [823, 1477]
===================================
Distribution After Sampling: 
===================================
Binary Labels Distribution: 
Binary Target 0
---------------------------
Target 0: [8237, 147]
Target 1: [823, 1477]
Binary Target 1
---------------------------
Target 0: [8237, 147]
Target 1: [823, 1477]
===================================
Normal Label Distribution: 
Target 0: [8237, 147]
Target 1: [823, 1477]
===================================
Use BiasedUTKFace - target_attr: gender
BiasedUTKFace -- total: 10684, target_attr: gender, bias_attr: age bias_rate: 0.9
['[train] target_0-bias_0: 8237', '[train] target_0-bias_1: 147', '[train] target_1-bias_0: 823', '[train] target_1-bias_1: 1477']
confusion_matrix - 
 original: tensor([[8237.,  823.],
        [ 147., 1477.]]), 
 normalized: tensor([[0.909, 0.091],
        [0.091, 0.909]]), 
 b|y: tensor([[0.982, 0.018],
        [0.358, 0.642]])
get_utk_face - split: train, aug: 1, given_y: True, ratio: 10
use existing biased_utk_face from data/utk_face/pickles/biased_utk_face-target_gender-bias_age-0.9
Distribution Before Sampling: 
===================================
Binary Labels Distribution: 
Binary Target 0
---------------------------
Target 0: [8237, 147]
Target 1: [823, 1477]
Binary Target 1
---------------------------
Target 0: [8237, 147]
Target 1: [823, 1477]
===================================
Normal Label Distribution: 
Target 0: [8237, 147]
Target 1: [823, 1477]
===================================
Distribution After Sampling: 
===================================
Binary Labels Distribution: 
Binary Target 0
---------------------------
Target 0: [8237, 147]
Target 1: [823, 1477]
Binary Target 1
---------------------------
Target 0: [8237, 147]
Target 1: [823, 1477]
===================================
Normal Label Distribution: 
Target 0: [8237, 147]
Target 1: [823, 1477]
===================================
Use BiasedUTKFace - target_attr: gender
BiasedUTKFace -- total: 10684, target_attr: gender, bias_attr: age bias_rate: 0.9
['[train] target_0-bias_0: 8237', '[train] target_0-bias_1: 147', '[train] target_1-bias_0: 823', '[train] target_1-bias_1: 1477']
get_utk_face - split: valid, aug: False, given_y: True, ratio: 0
use existing biased_utk_face from data/utk_face/pickles/biased_utk_face-target_gender-bias_age-0.9
Distribution Before Sampling: 
===================================
Binary Labels Distribution: 
Binary Target 0
---------------------------
Target 0: [1030, 195]
Target 1: [841, 202]
Binary Target 1
---------------------------
Target 0: [1030, 195]
Target 1: [841, 202]
===================================
Normal Label Distribution: 
Target 0: [1030, 195]
Target 1: [841, 202]
===================================
Use BiasedUTKFace - target_attr: gender
BiasedUTKFace -- total: 2268, target_attr: gender, bias_attr: age bias_rate: 0.9
['[valid] target_0-bias_0: 1030', '[valid] target_0-bias_1: 195', '[valid] target_1-bias_0: 841', '[valid] target_1-bias_1: 202']
get_utk_face - split: test, aug: False, given_y: True, ratio: 0
use existing biased_utk_face from data/utk_face/pickles/biased_utk_face-target_gender-bias_age-0.9
Distribution Before Sampling: 
===================================
Binary Labels Distribution: 
Binary Target 0
---------------------------
Target 0: [1061, 176]
Target 1: [867, 165]
Binary Target 1
---------------------------
Target 0: [1061, 176]
Target 1: [867, 165]
===================================
Normal Label Distribution: 
Target 0: [1061, 176]
Target 1: [867, 165]
===================================
Use BiasedUTKFace - target_attr: gender
BiasedUTKFace -- total: 2269, target_attr: gender, bias_attr: age bias_rate: 0.9
['[test] target_0-bias_0: 1061', '[test] target_0-bias_1: 176', '[test] target_1-bias_0: 867', '[test] target_1-bias_1: 165']
decay_epochs: [6, 13]
[1 / 20] Learning rate: 0.001 weight: 0.01
[1 / 20] Loss: 4.8261238690486605 CE Loss: 0.5915910487583808 Con Loss: 4.820207953408433
[1 / 20] tensor([[0.997, 1.000],
        [0.003, 0.000]]) {'epoch': 1, 'valid/acc': 54.233, 'valid/acc_unbiased': 50.154, 'valid/diff': 0.405, 'valid/acc_skew': 50.357, 'valid/acc_align': 49.951, 'test/acc': 54.517, 'test/acc_unbiased': 50.016, 'test/diff': 0.314, 'test/acc_skew': 50.173, 'test/acc_align': 49.859}
[1 / 20] best valid accuracy: 50.154 at epoch 1 
 best_stats: {'best_valid_epoch': 1, 'best_valid_valid/acc': 54.233, 'best_valid_valid/acc_unbiased': 50.154, 'best_valid_valid/diff': 0.405, 'best_valid_valid/acc_skew': 50.357, 'best_valid_valid/acc_align': 49.951, 'best_valid_test/acc': 54.517, 'best_valid_test/acc_unbiased': 50.016, 'best_valid_test/diff': 0.314, 'best_valid_test/acc_skew': 50.173, 'best_valid_test/acc_align': 49.859}
[1 / 20] best test accuracy: 50.016 at epoch 1 
 best_stats: {'best_test_epoch': 1, 'best_test_valid/acc': 54.233, 'best_test_valid/acc_unbiased': 50.154, 'best_test_valid/diff': 0.405, 'best_test_valid/acc_skew': 50.357, 'best_test_valid/acc_align': 49.951, 'best_test_test/acc': 54.517, 'best_test_test/acc_unbiased': 50.016, 'best_test_test/diff': 0.314, 'best_test_test/acc_skew': 50.173, 'best_test_test/acc_align': 49.859}
[2 / 20] Learning rate: 0.001 weight: 0.01
[2 / 20] Loss: 4.661604132557665 CE Loss: 0.5575842313532613 Con Loss: 4.656028276255674
[2 / 20] tensor([[0.998, 0.994],
        [0.024, 0.012]]) {'epoch': 2, 'valid/acc': 54.718, 'valid/acc_unbiased': 50.707, 'valid/diff': 1.201, 'valid/acc_skew': 51.308, 'valid/acc_align': 50.107, 'test/acc': 55.399, 'test/acc_unbiased': 50.719, 'test/diff': 0.795, 'test/acc_skew': 50.927, 'test/acc_align': 50.512}
[2 / 20] best valid accuracy: 50.707 at epoch 2 
 best_stats: {'best_valid_epoch': 2, 'best_valid_valid/acc': 54.718, 'best_valid_valid/acc_unbiased': 50.707, 'best_valid_valid/diff': 1.201, 'best_valid_valid/acc_skew': 51.308, 'best_valid_valid/acc_align': 50.107, 'best_valid_test/acc': 55.399, 'best_valid_test/acc_unbiased': 50.719, 'best_valid_test/diff': 0.795, 'best_valid_test/acc_skew': 50.927, 'best_valid_test/acc_align': 50.512}
[2 / 20] best test accuracy: 50.719 at epoch 2 
 best_stats: {'best_test_epoch': 2, 'best_test_valid/acc': 54.718, 'best_test_valid/acc_unbiased': 50.707, 'best_test_valid/diff': 1.201, 'best_test_valid/acc_skew': 51.308, 'best_test_valid/acc_align': 50.107, 'best_test_test/acc': 55.399, 'best_test_test/acc_unbiased': 50.719, 'best_test_test/diff': 0.795, 'best_test_test/acc_skew': 50.927, 'best_test_test/acc_align': 50.512}
[3 / 20] Learning rate: 0.001 weight: 0.01
[3 / 20] Loss: 4.567300581030523 CE Loss: 0.5392106667925293 Con Loss: 4.561908464849508
[3 / 20] tensor([[0.953, 0.938],
        [0.262, 0.188]]) {'epoch': 3, 'valid/acc': 61.596, 'valid/acc_unbiased': 57.576, 'valid/diff': 3.625, 'valid/acc_skew': 56.881, 'valid/acc_align': 58.27, 'test/acc': 63.2, 'test/acc_unbiased': 58.502, 'test/diff': 4.466, 'test/acc_skew': 59.966, 'test/acc_align': 57.038}
[3 / 20] best valid accuracy: 57.576 at epoch 3 
 best_stats: {'best_valid_epoch': 3, 'best_valid_valid/acc': 61.596, 'best_valid_valid/acc_unbiased': 57.576, 'best_valid_valid/diff': 3.625, 'best_valid_valid/acc_skew': 56.881, 'best_valid_valid/acc_align': 58.27, 'best_valid_test/acc': 63.2, 'best_valid_test/acc_unbiased': 58.502, 'best_valid_test/diff': 4.466, 'best_valid_test/acc_skew': 59.966, 'best_valid_test/acc_align': 57.038}
[3 / 20] best test accuracy: 58.502 at epoch 3 
 best_stats: {'best_test_epoch': 3, 'best_test_valid/acc': 61.596, 'best_test_valid/acc_unbiased': 57.576, 'best_test_valid/diff': 3.625, 'best_test_valid/acc_skew': 56.881, 'best_test_valid/acc_align': 58.27, 'best_test_test/acc': 63.2, 'best_test_test/acc_unbiased': 58.502, 'best_test_test/diff': 4.466, 'best_test_test/acc_skew': 59.966, 'best_test_test/acc_align': 57.038}
[4 / 20] Learning rate: 0.001 weight: 0.01
[4 / 20] Loss: 4.608403872122527 CE Loss: 0.5306766130914407 Con Loss: 4.603097112649213
[4 / 20] tensor([[1., 1.],
        [0., 0.]]) {'epoch': 4, 'valid/acc': 54.012, 'valid/acc_unbiased': 50.0, 'valid/diff': 0.0, 'valid/acc_skew': 50.0, 'valid/acc_align': 50.0, 'test/acc': 54.517, 'test/acc_unbiased': 50.0, 'test/diff': 0.0, 'test/acc_skew': 50.0, 'test/acc_align': 50.0}
[4 / 20] best valid accuracy: 57.576 at epoch 3 
 best_stats: {'best_valid_epoch': 3, 'best_valid_valid/acc': 61.596, 'best_valid_valid/acc_unbiased': 57.576, 'best_valid_valid/diff': 3.625, 'best_valid_valid/acc_skew': 56.881, 'best_valid_valid/acc_align': 58.27, 'best_valid_test/acc': 63.2, 'best_valid_test/acc_unbiased': 58.502, 'best_valid_test/diff': 4.466, 'best_valid_test/acc_skew': 59.966, 'best_valid_test/acc_align': 57.038}
[4 / 20] best test accuracy: 58.502 at epoch 3 
 best_stats: {'best_test_epoch': 3, 'best_test_valid/acc': 61.596, 'best_test_valid/acc_unbiased': 57.576, 'best_test_valid/diff': 3.625, 'best_test_valid/acc_skew': 56.881, 'best_test_valid/acc_align': 58.27, 'best_test_test/acc': 63.2, 'best_test_test/acc_unbiased': 58.502, 'best_test_test/diff': 4.466, 'best_test_test/acc_skew': 59.966, 'best_test_test/acc_align': 57.038}
[5 / 20] Learning rate: 0.001 weight: 0.01
[5 / 20] Loss: 4.590667499312298 CE Loss: 0.5131438426068105 Con Loss: 4.585536059169277
[5 / 20] tensor([[0.991, 0.994],
        [0.153, 0.073]]) {'epoch': 5, 'valid/acc': 60.009, 'valid/acc_unbiased': 56.085, 'valid/diff': 2.143, 'valid/acc_skew': 57.157, 'valid/acc_align': 55.013, 'test/acc': 60.423, 'test/acc_unbiased': 55.276, 'test/diff': 4.221, 'test/acc_skew': 57.386, 'test/acc_align': 53.165}
[5 / 20] best valid accuracy: 57.576 at epoch 3 
 best_stats: {'best_valid_epoch': 3, 'best_valid_valid/acc': 61.596, 'best_valid_valid/acc_unbiased': 57.576, 'best_valid_valid/diff': 3.625, 'best_valid_valid/acc_skew': 56.881, 'best_valid_valid/acc_align': 58.27, 'best_valid_test/acc': 63.2, 'best_valid_test/acc_unbiased': 58.502, 'best_valid_test/diff': 4.466, 'best_valid_test/acc_skew': 59.966, 'best_valid_test/acc_align': 57.038}
[5 / 20] best test accuracy: 58.502 at epoch 3 
 best_stats: {'best_test_epoch': 3, 'best_test_valid/acc': 61.596, 'best_test_valid/acc_unbiased': 57.576, 'best_test_valid/diff': 3.625, 'best_test_valid/acc_skew': 56.881, 'best_test_valid/acc_align': 58.27, 'best_test_test/acc': 63.2, 'best_test_test/acc_unbiased': 58.502, 'best_test_test/diff': 4.466, 'best_test_test/acc_skew': 59.966, 'best_test_test/acc_align': 57.038}
[6 / 20] Learning rate: 0.001 weight: 0.01
[6 / 20] Loss: 4.502689343541358 CE Loss: 0.4945385152817844 Con Loss: 4.49774395433181
[6 / 20] tensor([[1.000, 0.994],
        [0.017, 0.055]]) {'epoch': 6, 'valid/acc': 55.335, 'valid/acc_unbiased': 51.73, 'valid/diff': 2.383, 'valid/acc_skew': 50.539, 'valid/acc_align': 52.922, 'test/acc': 55.531, 'test/acc_unbiased': 51.654, 'test/diff': 2.146, 'test/acc_skew': 50.581, 'test/acc_align': 52.727}
[6 / 20] best valid accuracy: 57.576 at epoch 3 
 best_stats: {'best_valid_epoch': 3, 'best_valid_valid/acc': 61.596, 'best_valid_valid/acc_unbiased': 57.576, 'best_valid_valid/diff': 3.625, 'best_valid_valid/acc_skew': 56.881, 'best_valid_valid/acc_align': 58.27, 'best_valid_test/acc': 63.2, 'best_valid_test/acc_unbiased': 58.502, 'best_valid_test/diff': 4.466, 'best_valid_test/acc_skew': 59.966, 'best_valid_test/acc_align': 57.038}
[6 / 20] best test accuracy: 58.502 at epoch 3 
 best_stats: {'best_test_epoch': 3, 'best_test_valid/acc': 61.596, 'best_test_valid/acc_unbiased': 57.576, 'best_test_valid/diff': 3.625, 'best_test_valid/acc_skew': 56.881, 'best_test_valid/acc_align': 58.27, 'best_test_test/acc': 63.2, 'best_test_test/acc_unbiased': 58.502, 'best_test_test/diff': 4.466, 'best_test_test/acc_skew': 59.966, 'best_test_test/acc_align': 57.038}
[7 / 20] Learning rate: 0.0001 weight: 0.01
[7 / 20] Loss: 4.499964933456084 CE Loss: 0.47718328262080595 Con Loss: 4.4951931122580255
[7 / 20] tensor([[0.978, 0.852],
        [0.296, 0.345]]) {'epoch': 7, 'valid/acc': 64.991, 'valid/acc_unbiased': 61.337, 'valid/diff': 12.523, 'valid/acc_skew': 55.075, 'valid/acc_align': 67.598, 'test/acc': 66.197, 'test/acc_unbiased': 61.812, 'test/diff': 8.754, 'test/acc_skew': 57.435, 'test/acc_align': 66.189}
[7 / 20] best valid accuracy: 61.337 at epoch 7 
 best_stats: {'best_valid_epoch': 7, 'best_valid_valid/acc': 64.991, 'best_valid_valid/acc_unbiased': 61.337, 'best_valid_valid/diff': 12.523, 'best_valid_valid/acc_skew': 55.075, 'best_valid_valid/acc_align': 67.598, 'best_valid_test/acc': 66.197, 'best_valid_test/acc_unbiased': 61.812, 'best_valid_test/diff': 8.754, 'best_valid_test/acc_skew': 57.435, 'best_valid_test/acc_align': 66.189}
[7 / 20] best test accuracy: 61.812 at epoch 7 
 best_stats: {'best_test_epoch': 7, 'best_test_valid/acc': 64.991, 'best_test_valid/acc_unbiased': 61.337, 'best_test_valid/diff': 12.523, 'best_test_valid/acc_skew': 55.075, 'best_test_valid/acc_align': 67.598, 'best_test_test/acc': 66.197, 'best_test_test/acc_unbiased': 61.812, 'best_test_test/diff': 8.754, 'best_test_test/acc_skew': 57.435, 'best_test_test/acc_align': 66.189}
[8 / 20] Learning rate: 0.0001 weight: 0.01
[8 / 20] Loss: 4.434488493242053 CE Loss: 0.4703657225873398 Con Loss: 4.42978483047971
[8 / 20] tensor([[0.985, 0.864],
        [0.288, 0.309]]) {'epoch': 8, 'valid/acc': 64.903, 'valid/acc_unbiased': 60.961, 'valid/diff': 11.973, 'valid/acc_skew': 54.975, 'valid/acc_align': 66.948, 'test/acc': 66.02, 'test/acc_unbiased': 61.15, 'test/diff': 7.101, 'test/acc_skew': 57.599, 'test/acc_align': 64.701}
[8 / 20] best valid accuracy: 61.337 at epoch 7 
 best_stats: {'best_valid_epoch': 7, 'best_valid_valid/acc': 64.991, 'best_valid_valid/acc_unbiased': 61.337, 'best_valid_valid/diff': 12.523, 'best_valid_valid/acc_skew': 55.075, 'best_valid_valid/acc_align': 67.598, 'best_valid_test/acc': 66.197, 'best_valid_test/acc_unbiased': 61.812, 'best_valid_test/diff': 8.754, 'best_valid_test/acc_skew': 57.435, 'best_valid_test/acc_align': 66.189}
[8 / 20] best test accuracy: 61.812 at epoch 7 
 best_stats: {'best_test_epoch': 7, 'best_test_valid/acc': 64.991, 'best_test_valid/acc_unbiased': 61.337, 'best_test_valid/diff': 12.523, 'best_test_valid/acc_skew': 55.075, 'best_test_valid/acc_align': 67.598, 'best_test_test/acc': 66.197, 'best_test_test/acc_unbiased': 61.812, 'best_test_test/diff': 8.754, 'best_test_test/acc_skew': 57.435, 'best_test_test/acc_align': 66.189}
[9 / 20] Learning rate: 0.0001 weight: 0.01
[9 / 20] Loss: 4.416338868999874 CE Loss: 0.4586625672466788 Con Loss: 4.411752248783318
[9 / 20] tensor([[0.986, 0.864],
        [0.256, 0.370]]) {'epoch': 9, 'valid/acc': 63.933, 'valid/acc_unbiased': 59.444, 'valid/diff': 10.446, 'valid/acc_skew': 54.221, 'valid/acc_align': 64.667, 'test/acc': 65.271, 'test/acc_unbiased': 61.881, 'test/diff': 11.793, 'test/acc_skew': 55.985, 'test/acc_align': 67.778}
[9 / 20] best valid accuracy: 61.337 at epoch 7 
 best_stats: {'best_valid_epoch': 7, 'best_valid_valid/acc': 64.991, 'best_valid_valid/acc_unbiased': 61.337, 'best_valid_valid/diff': 12.523, 'best_valid_valid/acc_skew': 55.075, 'best_valid_valid/acc_align': 67.598, 'best_valid_test/acc': 66.197, 'best_valid_test/acc_unbiased': 61.812, 'best_valid_test/diff': 8.754, 'best_valid_test/acc_skew': 57.435, 'best_valid_test/acc_align': 66.189}
[9 / 20] best test accuracy: 61.881 at epoch 9 
 best_stats: {'best_test_epoch': 9, 'best_test_valid/acc': 63.933, 'best_test_valid/acc_unbiased': 59.444, 'best_test_valid/diff': 10.446, 'best_test_valid/acc_skew': 54.221, 'best_test_valid/acc_align': 64.667, 'best_test_test/acc': 65.271, 'best_test_test/acc_unbiased': 61.881, 'best_test_test/diff': 11.793, 'best_test_test/acc_skew': 55.985, 'best_test_test/acc_align': 67.778}
[10 / 20] Learning rate: 0.0001 weight: 0.01
[10 / 20] Loss: 4.361772923021449 CE Loss: 0.45348303541624785 Con Loss: 4.357238082750064
[10 / 20] tensor([[0.990, 0.869],
        [0.294, 0.364]]) {'epoch': 10, 'valid/acc': 64.991, 'valid/acc_unbiased': 61.217, 'valid/diff': 11.064, 'valid/acc_skew': 55.685, 'valid/acc_align': 66.749, 'test/acc': 66.902, 'test/acc_unbiased': 62.918, 'test/diff': 9.492, 'test/acc_skew': 58.172, 'test/acc_align': 67.663}
[10 / 20] best valid accuracy: 61.337 at epoch 7 
 best_stats: {'best_valid_epoch': 7, 'best_valid_valid/acc': 64.991, 'best_valid_valid/acc_unbiased': 61.337, 'best_valid_valid/diff': 12.523, 'best_valid_valid/acc_skew': 55.075, 'best_valid_valid/acc_align': 67.598, 'best_valid_test/acc': 66.197, 'best_valid_test/acc_unbiased': 61.812, 'best_valid_test/diff': 8.754, 'best_valid_test/acc_skew': 57.435, 'best_valid_test/acc_align': 66.189}
[10 / 20] best test accuracy: 62.918 at epoch 10 
 best_stats: {'best_test_epoch': 10, 'best_test_valid/acc': 64.991, 'best_test_valid/acc_unbiased': 61.217, 'best_test_valid/diff': 11.064, 'best_test_valid/acc_skew': 55.685, 'best_test_valid/acc_align': 66.749, 'best_test_test/acc': 66.902, 'best_test_test/acc_unbiased': 62.918, 'best_test_test/diff': 9.492, 'best_test_test/acc_skew': 58.172, 'best_test_test/acc_align': 67.663}
[11 / 20] Learning rate: 0.0001 weight: 0.01
[11 / 20] Loss: 4.302211080049139 CE Loss: 0.45001875863276986 Con Loss: 4.297710896787997
[11 / 20] tensor([[0.977, 0.847],
        [0.369, 0.370]]) {'epoch': 11, 'valid/acc': 67.019, 'valid/acc_unbiased': 62.739, 'valid/diff': 7.845, 'valid/acc_skew': 58.817, 'valid/acc_align': 66.662, 'test/acc': 69.061, 'test/acc_unbiased': 64.069, 'test/diff': 6.57, 'test/acc_skew': 60.784, 'test/acc_align': 67.354}
[11 / 20] best valid accuracy: 62.739 at epoch 11 
 best_stats: {'best_valid_epoch': 11, 'best_valid_valid/acc': 67.019, 'best_valid_valid/acc_unbiased': 62.739, 'best_valid_valid/diff': 7.845, 'best_valid_valid/acc_skew': 58.817, 'best_valid_valid/acc_align': 66.662, 'best_valid_test/acc': 69.061, 'best_valid_test/acc_unbiased': 64.069, 'best_valid_test/diff': 6.57, 'best_valid_test/acc_skew': 60.784, 'best_valid_test/acc_align': 67.354}
[11 / 20] best test accuracy: 64.069 at epoch 11 
 best_stats: {'best_test_epoch': 11, 'best_test_valid/acc': 67.019, 'best_test_valid/acc_unbiased': 62.739, 'best_test_valid/diff': 7.845, 'best_test_valid/acc_skew': 58.817, 'best_test_valid/acc_align': 66.662, 'best_test_test/acc': 69.061, 'best_test_test/acc_unbiased': 64.069, 'best_test_test/diff': 6.57, 'best_test_test/acc_skew': 60.784, 'best_test_test/acc_align': 67.354}
[12 / 20] Learning rate: 0.0001 weight: 0.01
[12 / 20] Loss: 4.336377411645613 CE Loss: 0.441962247861543 Con Loss: 4.331957807615874
[12 / 20] tensor([[0.988, 0.807],
        [0.337, 0.436]]) {'epoch': 12, 'valid/acc': 67.24, 'valid/acc_unbiased': 64.247, 'valid/diff': 14.42, 'valid/acc_skew': 57.037, 'valid/acc_align': 71.457, 'test/acc': 68.488, 'test/acc_unbiased': 64.193, 'test/diff': 14.025, 'test/acc_skew': 57.181, 'test/acc_align': 71.206}
[12 / 20] best valid accuracy: 64.247 at epoch 12 
 best_stats: {'best_valid_epoch': 12, 'best_valid_valid/acc': 67.24, 'best_valid_valid/acc_unbiased': 64.247, 'best_valid_valid/diff': 14.42, 'best_valid_valid/acc_skew': 57.037, 'best_valid_valid/acc_align': 71.457, 'best_valid_test/acc': 68.488, 'best_valid_test/acc_unbiased': 64.193, 'best_valid_test/diff': 14.025, 'best_valid_test/acc_skew': 57.181, 'best_valid_test/acc_align': 71.206}
[12 / 20] best test accuracy: 64.193 at epoch 12 
 best_stats: {'best_test_epoch': 12, 'best_test_valid/acc': 67.24, 'best_test_valid/acc_unbiased': 64.247, 'best_test_valid/diff': 14.42, 'best_test_valid/acc_skew': 57.037, 'best_test_valid/acc_align': 71.457, 'best_test_test/acc': 68.488, 'best_test_test/acc_unbiased': 64.193, 'best_test_test/diff': 14.025, 'best_test_test/acc_skew': 57.181, 'best_test_test/acc_align': 71.206}
[13 / 20] Learning rate: 0.0001 weight: 0.01
[13 / 20] Loss: 4.31043326725276 CE Loss: 0.42948865643916884 Con Loss: 4.306138374081536
[13 / 20] tensor([[0.987, 0.812],
        [0.374, 0.406]]) {'epoch': 13, 'valid/acc': 68.298, 'valid/acc_unbiased': 65.646, 'valid/diff': 12.514, 'valid/acc_skew': 59.389, 'valid/acc_align': 71.903, 'test/acc': 69.678, 'test/acc_unbiased': 64.477, 'test/diff': 10.333, 'test/acc_skew': 59.31, 'test/acc_align': 69.643}
[13 / 20] best valid accuracy: 65.646 at epoch 13 
 best_stats: {'best_valid_epoch': 13, 'best_valid_valid/acc': 68.298, 'best_valid_valid/acc_unbiased': 65.646, 'best_valid_valid/diff': 12.514, 'best_valid_valid/acc_skew': 59.389, 'best_valid_valid/acc_align': 71.903, 'best_valid_test/acc': 69.678, 'best_valid_test/acc_unbiased': 64.477, 'best_valid_test/diff': 10.333, 'best_valid_test/acc_skew': 59.31, 'best_valid_test/acc_align': 69.643}
[13 / 20] best test accuracy: 64.477 at epoch 13 
 best_stats: {'best_test_epoch': 13, 'best_test_valid/acc': 68.298, 'best_test_valid/acc_unbiased': 65.646, 'best_test_valid/diff': 12.514, 'best_test_valid/acc_skew': 59.389, 'best_test_valid/acc_align': 71.903, 'best_test_test/acc': 69.678, 'best_test_test/acc_unbiased': 64.477, 'best_test_test/diff': 10.333, 'best_test_test/acc_skew': 59.31, 'best_test_test/acc_align': 69.643}
[14 / 20] Learning rate: 1e-05 weight: 0.01
[14 / 20] Loss: 4.253025277372337 CE Loss: 0.4273616865372131 Con Loss: 4.248751647460778
[14 / 20] tensor([[0.988, 0.818],
        [0.356, 0.412]]) {'epoch': 14, 'valid/acc': 67.725, 'valid/acc_unbiased': 64.571, 'valid/diff': 12.578, 'valid/acc_skew': 58.282, 'valid/acc_align': 70.86, 'test/acc': 69.149, 'test/acc_unbiased': 64.361, 'test/diff': 11.264, 'test/acc_skew': 58.729, 'test/acc_align': 69.993}
[14 / 20] best valid accuracy: 65.646 at epoch 13 
 best_stats: {'best_valid_epoch': 13, 'best_valid_valid/acc': 68.298, 'best_valid_valid/acc_unbiased': 65.646, 'best_valid_valid/diff': 12.514, 'best_valid_valid/acc_skew': 59.389, 'best_valid_valid/acc_align': 71.903, 'best_valid_test/acc': 69.678, 'best_valid_test/acc_unbiased': 64.477, 'best_valid_test/diff': 10.333, 'best_valid_test/acc_skew': 59.31, 'best_valid_test/acc_align': 69.643}
[14 / 20] best test accuracy: 64.477 at epoch 13 
 best_stats: {'best_test_epoch': 13, 'best_test_valid/acc': 68.298, 'best_test_valid/acc_unbiased': 65.646, 'best_test_valid/diff': 12.514, 'best_test_valid/acc_skew': 59.389, 'best_test_valid/acc_align': 71.903, 'best_test_test/acc': 69.678, 'best_test_test/acc_unbiased': 64.477, 'best_test_test/diff': 10.333, 'best_test_test/acc_skew': 59.31, 'best_test_test/acc_align': 69.643}
[15 / 20] Learning rate: 1e-05 weight: 0.01
[15 / 20] Loss: 4.24160057112145 CE Loss: 0.4225739133420485 Con Loss: 4.237374835940882
[15 / 20] tensor([[0.984, 0.784],
        [0.422, 0.448]]) {'epoch': 15, 'valid/acc': 69.621, 'valid/acc_unbiased': 66.446, 'valid/diff': 13.303, 'valid/acc_skew': 59.794, 'valid/acc_align': 73.097, 'test/acc': 71.485, 'test/acc_unbiased': 65.967, 'test/diff': 11.311, 'test/acc_skew': 60.312, 'test/acc_align': 71.623}
[15 / 20] best valid accuracy: 66.446 at epoch 15 
 best_stats: {'best_valid_epoch': 15, 'best_valid_valid/acc': 69.621, 'best_valid_valid/acc_unbiased': 66.446, 'best_valid_valid/diff': 13.303, 'best_valid_valid/acc_skew': 59.794, 'best_valid_valid/acc_align': 73.097, 'best_valid_test/acc': 71.485, 'best_valid_test/acc_unbiased': 65.967, 'best_valid_test/diff': 11.311, 'best_valid_test/acc_skew': 60.312, 'best_valid_test/acc_align': 71.623}
[15 / 20] best test accuracy: 65.967 at epoch 15 
 best_stats: {'best_test_epoch': 15, 'best_test_valid/acc': 69.621, 'best_test_valid/acc_unbiased': 66.446, 'best_test_valid/diff': 13.303, 'best_test_valid/acc_skew': 59.794, 'best_test_valid/acc_align': 73.097, 'best_test_test/acc': 71.485, 'best_test_test/acc_unbiased': 65.967, 'best_test_test/diff': 11.311, 'best_test_test/acc_skew': 60.312, 'best_test_test/acc_align': 71.623}
[16 / 20] Learning rate: 1e-05 weight: 0.01
[16 / 20] Loss: 4.197531919272283 CE Loss: 0.423902986670915 Con Loss: 4.193292914236676
[16 / 20] tensor([[0.986, 0.795],
        [0.416, 0.442]]) {'epoch': 16, 'valid/acc': 69.577, 'valid/acc_unbiased': 66.297, 'valid/diff': 14.387, 'valid/acc_skew': 59.103, 'valid/acc_align': 73.49, 'test/acc': 71.397, 'test/acc_unbiased': 66.003, 'test/diff': 10.823, 'test/acc_skew': 60.592, 'test/acc_align': 71.414}
[16 / 20] best valid accuracy: 66.446 at epoch 15 
 best_stats: {'best_valid_epoch': 15, 'best_valid_valid/acc': 69.621, 'best_valid_valid/acc_unbiased': 66.446, 'best_valid_valid/diff': 13.303, 'best_valid_valid/acc_skew': 59.794, 'best_valid_valid/acc_align': 73.097, 'best_valid_test/acc': 71.485, 'best_valid_test/acc_unbiased': 65.967, 'best_valid_test/diff': 11.311, 'best_valid_test/acc_skew': 60.312, 'best_valid_test/acc_align': 71.623}
[16 / 20] best test accuracy: 66.003 at epoch 16 
 best_stats: {'best_test_epoch': 16, 'best_test_valid/acc': 69.577, 'best_test_valid/acc_unbiased': 66.297, 'best_test_valid/diff': 14.387, 'best_test_valid/acc_skew': 59.103, 'best_test_valid/acc_align': 73.49, 'best_test_test/acc': 71.397, 'best_test_test/acc_unbiased': 66.003, 'best_test_test/diff': 10.823, 'best_test_test/acc_skew': 60.592, 'best_test_test/acc_align': 71.414}
[17 / 20] Learning rate: 1e-05 weight: 0.01
[17 / 20] Loss: 4.200336973571635 CE Loss: 0.420795553400471 Con Loss: 4.196129007671532
[17 / 20] tensor([[0.984, 0.773],
        [0.421, 0.455]]) {'epoch': 17, 'valid/acc': 70.062, 'valid/acc_unbiased': 66.71, 'valid/diff': 15.444, 'valid/acc_skew': 58.988, 'valid/acc_align': 74.432, 'test/acc': 71.397, 'test/acc_unbiased': 65.806, 'test/diff': 12.24, 'test/acc_skew': 59.686, 'test/acc_align': 71.926}
[17 / 20] best valid accuracy: 66.710 at epoch 17 
 best_stats: {'best_valid_epoch': 17, 'best_valid_valid/acc': 70.062, 'best_valid_valid/acc_unbiased': 66.71, 'best_valid_valid/diff': 15.444, 'best_valid_valid/acc_skew': 58.988, 'best_valid_valid/acc_align': 74.432, 'best_valid_test/acc': 71.397, 'best_valid_test/acc_unbiased': 65.806, 'best_valid_test/diff': 12.24, 'best_valid_test/acc_skew': 59.686, 'best_valid_test/acc_align': 71.926}
[17 / 20] best test accuracy: 66.003 at epoch 16 
 best_stats: {'best_test_epoch': 16, 'best_test_valid/acc': 69.577, 'best_test_valid/acc_unbiased': 66.297, 'best_test_valid/diff': 14.387, 'best_test_valid/acc_skew': 59.103, 'best_test_valid/acc_align': 73.49, 'best_test_test/acc': 71.397, 'best_test_test/acc_unbiased': 66.003, 'best_test_test/diff': 10.823, 'best_test_test/acc_skew': 60.592, 'best_test_test/acc_align': 71.414}
[18 / 20] Learning rate: 1e-05 weight: 0.01
[18 / 20] Loss: 4.184660288868929 CE Loss: 0.42451310869639663 Con Loss: 4.180415159573228
[18 / 20] tensor([[0.986, 0.790],
        [0.405, 0.412]]) {'epoch': 18, 'valid/acc': 68.695, 'valid/acc_unbiased': 65.032, 'valid/diff': 13.248, 'valid/acc_skew': 58.408, 'valid/acc_align': 71.656, 'test/acc': 70.692, 'test/acc_unbiased': 64.815, 'test/diff': 10.168, 'test/acc_skew': 59.731, 'test/acc_align': 69.899}
[18 / 20] best valid accuracy: 66.710 at epoch 17 
 best_stats: {'best_valid_epoch': 17, 'best_valid_valid/acc': 70.062, 'best_valid_valid/acc_unbiased': 66.71, 'best_valid_valid/diff': 15.444, 'best_valid_valid/acc_skew': 58.988, 'best_valid_valid/acc_align': 74.432, 'best_valid_test/acc': 71.397, 'best_valid_test/acc_unbiased': 65.806, 'best_valid_test/diff': 12.24, 'best_valid_test/acc_skew': 59.686, 'best_valid_test/acc_align': 71.926}
[18 / 20] best test accuracy: 66.003 at epoch 16 
 best_stats: {'best_test_epoch': 16, 'best_test_valid/acc': 69.577, 'best_test_valid/acc_unbiased': 66.297, 'best_test_valid/diff': 14.387, 'best_test_valid/acc_skew': 59.103, 'best_test_valid/acc_align': 73.49, 'best_test_test/acc': 71.397, 'best_test_test/acc_unbiased': 66.003, 'best_test_test/diff': 10.823, 'best_test_test/acc_skew': 60.592, 'best_test_test/acc_align': 71.414}
[19 / 20] Learning rate: 1e-05 weight: 0.01
[19 / 20] Loss: 4.238264922567272 CE Loss: 0.419919650961245 Con Loss: 4.234065732452495
[19 / 20] tensor([[0.982, 0.756],
        [0.426, 0.473]]) {'epoch': 19, 'valid/acc': 70.238, 'valid/acc_unbiased': 66.655, 'valid/diff': 15.564, 'valid/acc_skew': 58.873, 'valid/acc_align': 74.437, 'test/acc': 71.485, 'test/acc_unbiased': 65.903, 'test/diff': 13.677, 'test/acc_skew': 59.064, 'test/acc_align': 72.741}
[19 / 20] best valid accuracy: 66.710 at epoch 17 
 best_stats: {'best_valid_epoch': 17, 'best_valid_valid/acc': 70.062, 'best_valid_valid/acc_unbiased': 66.71, 'best_valid_valid/diff': 15.444, 'best_valid_valid/acc_skew': 58.988, 'best_valid_valid/acc_align': 74.432, 'best_valid_test/acc': 71.397, 'best_valid_test/acc_unbiased': 65.806, 'best_valid_test/diff': 12.24, 'best_valid_test/acc_skew': 59.686, 'best_valid_test/acc_align': 71.926}
[19 / 20] best test accuracy: 66.003 at epoch 16 
 best_stats: {'best_test_epoch': 16, 'best_test_valid/acc': 69.577, 'best_test_valid/acc_unbiased': 66.297, 'best_test_valid/diff': 14.387, 'best_test_valid/acc_skew': 59.103, 'best_test_valid/acc_align': 73.49, 'best_test_test/acc': 71.397, 'best_test_test/acc_unbiased': 66.003, 'best_test_test/diff': 10.823, 'best_test_test/acc_skew': 60.592, 'best_test_test/acc_align': 71.414}
[20 / 20] Learning rate: 1e-05 weight: 0.01
[20 / 20] Loss: 4.228981638079679 CE Loss: 0.4238188879648785 Con Loss: 4.224743464965135
[20 / 20] tensor([[0.985, 0.773],
        [0.407, 0.448]]) {'epoch': 20, 'valid/acc': 69.489, 'valid/acc_unbiased': 65.759, 'valid/diff': 14.375, 'valid/acc_skew': 58.572, 'valid/acc_align': 72.947, 'test/acc': 70.868, 'test/acc_unbiased': 65.332, 'test/diff': 12.676, 'test/acc_skew': 58.994, 'test/acc_align': 71.67}
[20 / 20] best valid accuracy: 66.710 at epoch 17 
 best_stats: {'best_valid_epoch': 17, 'best_valid_valid/acc': 70.062, 'best_valid_valid/acc_unbiased': 66.71, 'best_valid_valid/diff': 15.444, 'best_valid_valid/acc_skew': 58.988, 'best_valid_valid/acc_align': 74.432, 'best_valid_test/acc': 71.397, 'best_valid_test/acc_unbiased': 65.806, 'best_valid_test/diff': 12.24, 'best_valid_test/acc_skew': 59.686, 'best_valid_test/acc_align': 71.926}
[20 / 20] best test accuracy: 66.003 at epoch 16 
 best_stats: {'best_test_epoch': 16, 'best_test_valid/acc': 69.577, 'best_test_valid/acc_unbiased': 66.297, 'best_test_valid/diff': 14.387, 'best_test_valid/acc_skew': 59.103, 'best_test_valid/acc_align': 73.49, 'best_test_test/acc': 71.397, 'best_test_test/acc_unbiased': 66.003, 'best_test_test/diff': 10.823, 'best_test_test/acc_skew': 60.592, 'best_test_test/acc_align': 71.414}
Total training time: 0:16:15
