Log level set to: INFO
Set seed: 1
=======> Using Fixed Random Seed: 1 <========
save_path: exp_results/bc-bb0-utk_face_age-blur-0.9-lr0.001-bs128-cbs64-w0.01-ratio10-aug1-seed1
get_utk_face - split: train, aug: False, given_y: True, ratio: 0
use existing biased_utk_face from data/utk_face/pickles/biased_utk_face-target_gender-bias_age-0.9
Distribution Before Sampling: 
===================================
Binary Labels Distribution: 
Binary Target 0
---------------------------
Target 0: [8237, 147]
Target 1: [823, 1477]
Binary Target 1
---------------------------
Target 0: [8237, 147]
Target 1: [823, 1477]
===================================
Normal Label Distribution: 
Target 0: [8237, 147]
Target 1: [823, 1477]
===================================
Distribution After Sampling: 
===================================
Binary Labels Distribution: 
Binary Target 0
---------------------------
Target 0: [8237, 147]
Target 1: [823, 1477]
Binary Target 1
---------------------------
Target 0: [8237, 147]
Target 1: [823, 1477]
===================================
Normal Label Distribution: 
Target 0: [8237, 147]
Target 1: [823, 1477]
===================================
Use BiasedUTKFace - target_attr: gender
BiasedUTKFace -- total: 10684, target_attr: gender, bias_attr: age bias_rate: 0.9
['[train] target_0-bias_0: 8237', '[train] target_0-bias_1: 147', '[train] target_1-bias_0: 823', '[train] target_1-bias_1: 1477']
confusion_matrix - 
 original: tensor([[8237.,  823.],
        [ 147., 1477.]]), 
 normalized: tensor([[0.909, 0.091],
        [0.091, 0.909]]), 
 b|y: tensor([[0.982, 0.018],
        [0.358, 0.642]])
get_utk_face - split: train, aug: 1, given_y: True, ratio: 10
use existing biased_utk_face from data/utk_face/pickles/biased_utk_face-target_gender-bias_age-0.9
Distribution Before Sampling: 
===================================
Binary Labels Distribution: 
Binary Target 0
---------------------------
Target 0: [8237, 147]
Target 1: [823, 1477]
Binary Target 1
---------------------------
Target 0: [8237, 147]
Target 1: [823, 1477]
===================================
Normal Label Distribution: 
Target 0: [8237, 147]
Target 1: [823, 1477]
===================================
Distribution After Sampling: 
===================================
Binary Labels Distribution: 
Binary Target 0
---------------------------
Target 0: [8237, 147]
Target 1: [823, 1477]
Binary Target 1
---------------------------
Target 0: [8237, 147]
Target 1: [823, 1477]
===================================
Normal Label Distribution: 
Target 0: [8237, 147]
Target 1: [823, 1477]
===================================
Use BiasedUTKFace - target_attr: gender
BiasedUTKFace -- total: 10684, target_attr: gender, bias_attr: age bias_rate: 0.9
['[train] target_0-bias_0: 8237', '[train] target_0-bias_1: 147', '[train] target_1-bias_0: 823', '[train] target_1-bias_1: 1477']
get_utk_face - split: valid, aug: False, given_y: True, ratio: 0
use existing biased_utk_face from data/utk_face/pickles/biased_utk_face-target_gender-bias_age-0.9
Distribution Before Sampling: 
===================================
Binary Labels Distribution: 
Binary Target 0
---------------------------
Target 0: [1030, 195]
Target 1: [841, 202]
Binary Target 1
---------------------------
Target 0: [1030, 195]
Target 1: [841, 202]
===================================
Normal Label Distribution: 
Target 0: [1030, 195]
Target 1: [841, 202]
===================================
Use BiasedUTKFace - target_attr: gender
BiasedUTKFace -- total: 2268, target_attr: gender, bias_attr: age bias_rate: 0.9
['[valid] target_0-bias_0: 1030', '[valid] target_0-bias_1: 195', '[valid] target_1-bias_0: 841', '[valid] target_1-bias_1: 202']
get_utk_face - split: test, aug: False, given_y: True, ratio: 0
use existing biased_utk_face from data/utk_face/pickles/biased_utk_face-target_gender-bias_age-0.9
Distribution Before Sampling: 
===================================
Binary Labels Distribution: 
Binary Target 0
---------------------------
Target 0: [1061, 176]
Target 1: [867, 165]
Binary Target 1
---------------------------
Target 0: [1061, 176]
Target 1: [867, 165]
===================================
Normal Label Distribution: 
Target 0: [1061, 176]
Target 1: [867, 165]
===================================
Use BiasedUTKFace - target_attr: gender
BiasedUTKFace -- total: 2269, target_attr: gender, bias_attr: age bias_rate: 0.9
['[test] target_0-bias_0: 1061', '[test] target_0-bias_1: 176', '[test] target_1-bias_0: 867', '[test] target_1-bias_1: 165']
decay_epochs: [6, 13]
[1 / 20] Learning rate: 0.001 weight: 0.01
[1 / 20] Loss: 4.816740862933137 CE Loss: 0.5279946961638544 Con Loss: 4.811460914883173
[1 / 20] tensor([[0.998, 0.983],
        [0.045, 0.103]]) {'epoch': 1, 'valid/acc': 55.556, 'valid/acc_unbiased': 51.894, 'valid/diff': 1.366, 'valid/acc_skew': 51.211, 'valid/acc_align': 52.577, 'test/acc': 56.765, 'test/acc_unbiased': 53.227, 'test/diff': 3.66, 'test/acc_skew': 51.397, 'test/acc_align': 55.057}
[1 / 20] best valid accuracy: 51.894 at epoch 1 
 best_stats: {'best_valid_epoch': 1, 'best_valid_valid/acc': 55.556, 'best_valid_valid/acc_unbiased': 51.894, 'best_valid_valid/diff': 1.366, 'best_valid_valid/acc_skew': 51.211, 'best_valid_valid/acc_align': 52.577, 'best_valid_test/acc': 56.765, 'best_valid_test/acc_unbiased': 53.227, 'best_valid_test/diff': 3.66, 'best_valid_test/acc_skew': 51.397, 'best_valid_test/acc_align': 55.057}
[1 / 20] best test accuracy: 53.227 at epoch 1 
 best_stats: {'best_test_epoch': 1, 'best_test_valid/acc': 55.556, 'best_test_valid/acc_unbiased': 51.894, 'best_test_valid/diff': 1.366, 'best_test_valid/acc_skew': 51.211, 'best_test_valid/acc_align': 52.577, 'best_test_test/acc': 56.765, 'best_test_test/acc_unbiased': 53.227, 'best_test_test/diff': 3.66, 'best_test_test/acc_skew': 51.397, 'best_test_test/acc_align': 55.057}
[2 / 20] Learning rate: 0.001 weight: 0.01
[2 / 20] Loss: 4.510557804871748 CE Loss: 0.4780567790720178 Con Loss: 4.505777241540107
[2 / 20] tensor([[0.966, 0.920],
        [0.341, 0.285]]) {'epoch': 2, 'valid/acc': 67.372, 'valid/acc_unbiased': 61.31, 'valid/diff': 11.166, 'valid/acc_skew': 62.098, 'valid/acc_align': 60.522, 'test/acc': 67.431, 'test/acc_unbiased': 62.819, 'test/diff': 5.109, 'test/acc_skew': 63.093, 'test/acc_align': 62.546}
[2 / 20] best valid accuracy: 61.310 at epoch 2 
 best_stats: {'best_valid_epoch': 2, 'best_valid_valid/acc': 67.372, 'best_valid_valid/acc_unbiased': 61.31, 'best_valid_valid/diff': 11.166, 'best_valid_valid/acc_skew': 62.098, 'best_valid_valid/acc_align': 60.522, 'best_valid_test/acc': 67.431, 'best_valid_test/acc_unbiased': 62.819, 'best_valid_test/diff': 5.109, 'best_valid_test/acc_skew': 63.093, 'best_valid_test/acc_align': 62.546}
[2 / 20] best test accuracy: 62.819 at epoch 2 
 best_stats: {'best_test_epoch': 2, 'best_test_valid/acc': 67.372, 'best_test_valid/acc_unbiased': 61.31, 'best_test_valid/diff': 11.166, 'best_test_valid/acc_skew': 62.098, 'best_test_valid/acc_align': 60.522, 'best_test_test/acc': 67.431, 'best_test_test/acc_unbiased': 62.819, 'best_test_test/diff': 5.109, 'best_test_test/acc_skew': 63.093, 'best_test_test/acc_align': 62.546}
[3 / 20] Learning rate: 0.001 weight: 0.01
[3 / 20] Loss: 4.394421387147207 CE Loss: 0.45552186081579943 Con Loss: 4.389866164809798
[3 / 20] tensor([[0.973, 0.841],
        [0.388, 0.394]]) {'epoch': 3, 'valid/acc': 68.607, 'valid/acc_unbiased': 63.397, 'valid/diff': 8.657, 'valid/acc_skew': 59.341, 'valid/acc_align': 67.453, 'test/acc': 69.678, 'test/acc_unbiased': 64.876, 'test/diff': 6.908, 'test/acc_skew': 61.423, 'test/acc_align': 68.33}
[3 / 20] best valid accuracy: 63.397 at epoch 3 
 best_stats: {'best_valid_epoch': 3, 'best_valid_valid/acc': 68.607, 'best_valid_valid/acc_unbiased': 63.397, 'best_valid_valid/diff': 8.657, 'best_valid_valid/acc_skew': 59.341, 'best_valid_valid/acc_align': 67.453, 'best_valid_test/acc': 69.678, 'best_valid_test/acc_unbiased': 64.876, 'best_valid_test/diff': 6.908, 'best_valid_test/acc_skew': 61.423, 'best_valid_test/acc_align': 68.33}
[3 / 20] best test accuracy: 64.876 at epoch 3 
 best_stats: {'best_test_epoch': 3, 'best_test_valid/acc': 68.607, 'best_test_valid/acc_unbiased': 63.397, 'best_test_valid/diff': 8.657, 'best_test_valid/acc_skew': 59.341, 'best_test_valid/acc_align': 67.453, 'best_test_test/acc': 69.678, 'best_test_test/acc_unbiased': 64.876, 'best_test_test/diff': 6.908, 'best_test_test/acc_skew': 61.423, 'best_test_test/acc_align': 68.33}
[4 / 20] Learning rate: 0.001 weight: 0.01
[4 / 20] Loss: 4.354368260361112 CE Loss: 0.43459772383037554 Con Loss: 4.350022283844714
[4 / 20] tensor([[0.991, 0.869],
        [0.268, 0.388]]) {'epoch': 4, 'valid/acc': 64.109, 'valid/acc_unbiased': 59.797, 'valid/diff': 12.497, 'valid/acc_skew': 53.548, 'valid/acc_align': 66.045, 'test/acc': 66.108, 'test/acc_unbiased': 62.884, 'test/diff': 12.077, 'test/acc_skew': 56.845, 'test/acc_align': 68.923}
[4 / 20] best valid accuracy: 63.397 at epoch 3 
 best_stats: {'best_valid_epoch': 3, 'best_valid_valid/acc': 68.607, 'best_valid_valid/acc_unbiased': 63.397, 'best_valid_valid/diff': 8.657, 'best_valid_valid/acc_skew': 59.341, 'best_valid_valid/acc_align': 67.453, 'best_valid_test/acc': 69.678, 'best_valid_test/acc_unbiased': 64.876, 'best_valid_test/diff': 6.908, 'best_valid_test/acc_skew': 61.423, 'best_valid_test/acc_align': 68.33}
[4 / 20] best test accuracy: 64.876 at epoch 3 
 best_stats: {'best_test_epoch': 3, 'best_test_valid/acc': 68.607, 'best_test_valid/acc_unbiased': 63.397, 'best_test_valid/diff': 8.657, 'best_test_valid/acc_skew': 59.341, 'best_test_valid/acc_align': 67.453, 'best_test_test/acc': 69.678, 'best_test_test/acc_unbiased': 64.876, 'best_test_test/diff': 6.908, 'best_test_test/acc_skew': 61.423, 'best_test_test/acc_align': 68.33}
[5 / 20] Learning rate: 0.001 weight: 0.01
[5 / 20] Loss: 4.238299500491458 CE Loss: 0.43799060202635703 Con Loss: 4.233919573562148
[5 / 20] tensor([[0.926, 0.489],
        [0.687, 0.758]]) {'epoch': 5, 'valid/acc': 78.351, 'valid/acc_unbiased': 70.23, 'valid/diff': 30.864, 'valid/acc_skew': 54.799, 'valid/acc_align': 85.662, 'test/acc': 78.889, 'test/acc_unbiased': 71.503, 'test/diff': 25.4, 'test/acc_skew': 58.803, 'test/acc_align': 84.203}
[5 / 20] best valid accuracy: 70.230 at epoch 5 
 best_stats: {'best_valid_epoch': 5, 'best_valid_valid/acc': 78.351, 'best_valid_valid/acc_unbiased': 70.23, 'best_valid_valid/diff': 30.864, 'best_valid_valid/acc_skew': 54.799, 'best_valid_valid/acc_align': 85.662, 'best_valid_test/acc': 78.889, 'best_valid_test/acc_unbiased': 71.503, 'best_valid_test/diff': 25.4, 'best_valid_test/acc_skew': 58.803, 'best_valid_test/acc_align': 84.203}
[5 / 20] best test accuracy: 71.503 at epoch 5 
 best_stats: {'best_test_epoch': 5, 'best_test_valid/acc': 78.351, 'best_test_valid/acc_unbiased': 70.23, 'best_test_valid/diff': 30.864, 'best_test_valid/acc_skew': 54.799, 'best_test_valid/acc_align': 85.662, 'best_test_test/acc': 78.889, 'best_test_test/acc_unbiased': 71.503, 'best_test_test/diff': 25.4, 'best_test_test/acc_skew': 58.803, 'best_test_test/acc_align': 84.203}
[6 / 20] Learning rate: 0.001 weight: 0.01
[6 / 20] Loss: 4.1497159471943865 CE Loss: 0.4074551254365829 Con Loss: 4.145641415452118
[6 / 20] tensor([[0.939, 0.670],
        [0.634, 0.630]]) {'epoch': 6, 'valid/acc': 77.249, 'valid/acc_unbiased': 71.285, 'valid/diff': 18.33, 'valid/acc_skew': 62.12, 'valid/acc_align': 80.45, 'test/acc': 77.92, 'test/acc_unbiased': 71.847, 'test/diff': 13.618, 'test/acc_skew': 65.241, 'test/acc_align': 78.452}
[6 / 20] best valid accuracy: 71.285 at epoch 6 
 best_stats: {'best_valid_epoch': 6, 'best_valid_valid/acc': 77.249, 'best_valid_valid/acc_unbiased': 71.285, 'best_valid_valid/diff': 18.33, 'best_valid_valid/acc_skew': 62.12, 'best_valid_valid/acc_align': 80.45, 'best_valid_test/acc': 77.92, 'best_valid_test/acc_unbiased': 71.847, 'best_valid_test/diff': 13.618, 'best_valid_test/acc_skew': 65.241, 'best_valid_test/acc_align': 78.452}
[6 / 20] best test accuracy: 71.847 at epoch 6 
 best_stats: {'best_test_epoch': 6, 'best_test_valid/acc': 77.249, 'best_test_valid/acc_unbiased': 71.285, 'best_test_valid/diff': 18.33, 'best_test_valid/acc_skew': 62.12, 'best_test_valid/acc_align': 80.45, 'best_test_test/acc': 77.92, 'best_test_test/acc_unbiased': 71.847, 'best_test_test/diff': 13.618, 'best_test_test/acc_skew': 65.241, 'best_test_test/acc_align': 78.452}
[7 / 20] Learning rate: 0.0001 weight: 0.01
[7 / 20] Loss: 4.078470657934905 CE Loss: 0.37406262237674864 Con Loss: 4.074730035474086
[7 / 20] tensor([[0.968, 0.574],
        [0.567, 0.667]]) {'epoch': 7, 'valid/acc': 74.824, 'valid/acc_unbiased': 68.933, 'valid/diff': 31.188, 'valid/acc_skew': 53.339, 'valid/acc_align': 84.527, 'test/acc': 76.245, 'test/acc_unbiased': 69.399, 'test/diff': 24.664, 'test/acc_skew': 57.067, 'test/acc_align': 81.731}
[7 / 20] best valid accuracy: 71.285 at epoch 6 
 best_stats: {'best_valid_epoch': 6, 'best_valid_valid/acc': 77.249, 'best_valid_valid/acc_unbiased': 71.285, 'best_valid_valid/diff': 18.33, 'best_valid_valid/acc_skew': 62.12, 'best_valid_valid/acc_align': 80.45, 'best_valid_test/acc': 77.92, 'best_valid_test/acc_unbiased': 71.847, 'best_valid_test/diff': 13.618, 'best_valid_test/acc_skew': 65.241, 'best_valid_test/acc_align': 78.452}
[7 / 20] best test accuracy: 71.847 at epoch 6 
 best_stats: {'best_test_epoch': 6, 'best_test_valid/acc': 77.249, 'best_test_valid/acc_unbiased': 71.285, 'best_test_valid/diff': 18.33, 'best_test_valid/acc_skew': 62.12, 'best_test_valid/acc_align': 80.45, 'best_test_test/acc': 77.92, 'best_test_test/acc_unbiased': 71.847, 'best_test_test/diff': 13.618, 'best_test_test/acc_skew': 65.241, 'best_test_test/acc_align': 78.452}
[8 / 20] Learning rate: 0.0001 weight: 0.01
[8 / 20] Loss: 3.949708792030566 CE Loss: 0.3549063861682503 Con Loss: 3.946159735015161
[8 / 20] tensor([[0.966, 0.506],
        [0.646, 0.739]]) {'epoch': 8, 'valid/acc': 76.852, 'valid/acc_unbiased': 69.202, 'valid/diff': 33.823, 'valid/acc_skew': 52.291, 'valid/acc_align': 86.114, 'test/acc': 79.154, 'test/acc_unbiased': 71.426, 'test/diff': 27.694, 'test/acc_skew': 57.579, 'test/acc_align': 85.273}
[8 / 20] best valid accuracy: 71.285 at epoch 6 
 best_stats: {'best_valid_epoch': 6, 'best_valid_valid/acc': 77.249, 'best_valid_valid/acc_unbiased': 71.285, 'best_valid_valid/diff': 18.33, 'best_valid_valid/acc_skew': 62.12, 'best_valid_valid/acc_align': 80.45, 'best_valid_test/acc': 77.92, 'best_valid_test/acc_unbiased': 71.847, 'best_valid_test/diff': 13.618, 'best_valid_test/acc_skew': 65.241, 'best_valid_test/acc_align': 78.452}
[8 / 20] best test accuracy: 71.847 at epoch 6 
 best_stats: {'best_test_epoch': 6, 'best_test_valid/acc': 77.249, 'best_test_valid/acc_unbiased': 71.285, 'best_test_valid/diff': 18.33, 'best_test_valid/acc_skew': 62.12, 'best_test_valid/acc_align': 80.45, 'best_test_test/acc': 77.92, 'best_test_test/acc_unbiased': 71.847, 'best_test_test/diff': 13.618, 'best_test_test/acc_skew': 65.241, 'best_test_test/acc_align': 78.452}
[9 / 20] Learning rate: 0.0001 weight: 0.01
[9 / 20] Loss: 3.919889814618909 CE Loss: 0.315193966996219 Con Loss: 3.916737875747395
[9 / 20] tensor([[0.959, 0.528],
        [0.666, 0.745]]) {'epoch': 9, 'valid/acc': 78.792, 'valid/acc_unbiased': 71.288, 'valid/diff': 32.332, 'valid/acc_skew': 55.122, 'valid/acc_align': 87.454, 'test/acc': 79.815, 'test/acc_unbiased': 72.471, 'test/diff': 25.55, 'test/acc_skew': 59.696, 'test/acc_align': 85.246}
[9 / 20] best valid accuracy: 71.288 at epoch 9 
 best_stats: {'best_valid_epoch': 9, 'best_valid_valid/acc': 78.792, 'best_valid_valid/acc_unbiased': 71.288, 'best_valid_valid/diff': 32.332, 'best_valid_valid/acc_skew': 55.122, 'best_valid_valid/acc_align': 87.454, 'best_valid_test/acc': 79.815, 'best_valid_test/acc_unbiased': 72.471, 'best_valid_test/diff': 25.55, 'best_valid_test/acc_skew': 59.696, 'best_valid_test/acc_align': 85.246}
[9 / 20] best test accuracy: 72.471 at epoch 9 
 best_stats: {'best_test_epoch': 9, 'best_test_valid/acc': 78.792, 'best_test_valid/acc_unbiased': 71.288, 'best_test_valid/diff': 32.332, 'best_test_valid/acc_skew': 55.122, 'best_test_valid/acc_align': 87.454, 'best_test_test/acc': 79.815, 'best_test_test/acc_unbiased': 72.471, 'best_test_test/diff': 25.55, 'best_test_test/acc_skew': 59.696, 'best_test_test/acc_align': 85.246}
[10 / 20] Learning rate: 0.0001 weight: 0.01
[10 / 20] Loss: 3.83298682845161 CE Loss: 0.31445416340061183 Con Loss: 3.829842279306381
[10 / 20] tensor([[0.965, 0.483],
        [0.633, 0.788]]) {'epoch': 10, 'valid/acc': 77.601, 'valid/acc_unbiased': 69.757, 'valid/diff': 38.159, 'valid/acc_skew': 50.678, 'valid/acc_align': 88.837, 'test/acc': 78.801, 'test/acc_unbiased': 71.729, 'test/diff': 31.842, 'test/acc_skew': 55.809, 'test/acc_align': 87.65}
[10 / 20] best valid accuracy: 71.288 at epoch 9 
 best_stats: {'best_valid_epoch': 9, 'best_valid_valid/acc': 78.792, 'best_valid_valid/acc_unbiased': 71.288, 'best_valid_valid/diff': 32.332, 'best_valid_valid/acc_skew': 55.122, 'best_valid_valid/acc_align': 87.454, 'best_valid_test/acc': 79.815, 'best_valid_test/acc_unbiased': 72.471, 'best_valid_test/diff': 25.55, 'best_valid_test/acc_skew': 59.696, 'best_valid_test/acc_align': 85.246}
[10 / 20] best test accuracy: 72.471 at epoch 9 
 best_stats: {'best_test_epoch': 9, 'best_test_valid/acc': 78.792, 'best_test_valid/acc_unbiased': 71.288, 'best_test_valid/diff': 32.332, 'best_test_valid/acc_skew': 55.122, 'best_test_valid/acc_align': 87.454, 'best_test_test/acc': 79.815, 'best_test_test/acc_unbiased': 72.471, 'best_test_test/diff': 25.55, 'best_test_test/acc_skew': 59.696, 'best_test_test/acc_align': 85.246}
[11 / 20] Learning rate: 0.0001 weight: 0.01
[11 / 20] Loss: 3.7924493151807197 CE Loss: 0.30717518301949165 Con Loss: 3.789377567519056
[11 / 20] tensor([[0.972, 0.460],
        [0.612, 0.806]]) {'epoch': 11, 'valid/acc': 76.455, 'valid/acc_unbiased': 69.453, 'valid/diff': 40.448, 'valid/acc_skew': 49.229, 'valid/acc_align': 89.677, 'test/acc': 78.272, 'test/acc_unbiased': 71.262, 'test/diff': 35.255, 'test/acc_skew': 53.634, 'test/acc_align': 88.889}
[11 / 20] best valid accuracy: 71.288 at epoch 9 
 best_stats: {'best_valid_epoch': 9, 'best_valid_valid/acc': 78.792, 'best_valid_valid/acc_unbiased': 71.288, 'best_valid_valid/diff': 32.332, 'best_valid_valid/acc_skew': 55.122, 'best_valid_valid/acc_align': 87.454, 'best_valid_test/acc': 79.815, 'best_valid_test/acc_unbiased': 72.471, 'best_valid_test/diff': 25.55, 'best_valid_test/acc_skew': 59.696, 'best_valid_test/acc_align': 85.246}
[11 / 20] best test accuracy: 72.471 at epoch 9 
 best_stats: {'best_test_epoch': 9, 'best_test_valid/acc': 78.792, 'best_test_valid/acc_unbiased': 71.288, 'best_test_valid/diff': 32.332, 'best_test_valid/acc_skew': 55.122, 'best_test_valid/acc_align': 87.454, 'best_test_test/acc': 79.815, 'best_test_test/acc_unbiased': 72.471, 'best_test_test/diff': 25.55, 'best_test_test/acc_skew': 59.696, 'best_test_test/acc_align': 85.246}
[12 / 20] Learning rate: 0.0001 weight: 0.01
[12 / 20] Loss: 3.7945572485507806 CE Loss: 0.3141430545136617 Con Loss: 3.791415817145773
[12 / 20] tensor([[0.981, 0.557],
        [0.561, 0.697]]) {'epoch': 12, 'valid/acc': 74.735, 'valid/acc_unbiased': 68.703, 'valid/diff': 34.6, 'valid/acc_skew': 51.403, 'valid/acc_align': 86.003, 'test/acc': 76.686, 'test/acc_unbiased': 69.887, 'test/diff': 28.037, 'test/acc_skew': 55.869, 'test/acc_align': 83.906}
[12 / 20] best valid accuracy: 71.288 at epoch 9 
 best_stats: {'best_valid_epoch': 9, 'best_valid_valid/acc': 78.792, 'best_valid_valid/acc_unbiased': 71.288, 'best_valid_valid/diff': 32.332, 'best_valid_valid/acc_skew': 55.122, 'best_valid_valid/acc_align': 87.454, 'best_valid_test/acc': 79.815, 'best_valid_test/acc_unbiased': 72.471, 'best_valid_test/diff': 25.55, 'best_valid_test/acc_skew': 59.696, 'best_valid_test/acc_align': 85.246}
[12 / 20] best test accuracy: 72.471 at epoch 9 
 best_stats: {'best_test_epoch': 9, 'best_test_valid/acc': 78.792, 'best_test_valid/acc_unbiased': 71.288, 'best_test_valid/diff': 32.332, 'best_test_valid/acc_skew': 55.122, 'best_test_valid/acc_align': 87.454, 'best_test_test/acc': 79.815, 'best_test_test/acc_unbiased': 72.471, 'best_test_test/diff': 25.55, 'best_test_test/acc_skew': 59.696, 'best_test_test/acc_align': 85.246}
[13 / 20] Learning rate: 0.0001 weight: 0.01
[13 / 20] Loss: 3.798226233146379 CE Loss: 0.30000276563989675 Con Loss: 3.795226214218568
[13 / 20] tensor([[0.977, 0.460],
        [0.589, 0.788]]) {'epoch': 13, 'valid/acc': 75.309, 'valid/acc_unbiased': 68.694, 'valid/diff': 38.79, 'valid/acc_skew': 49.299, 'valid/acc_align': 88.089, 'test/acc': 77.523, 'test/acc_unbiased': 70.372, 'test/diff': 35.782, 'test/acc_skew': 52.481, 'test/acc_align': 88.263}
[13 / 20] best valid accuracy: 71.288 at epoch 9 
 best_stats: {'best_valid_epoch': 9, 'best_valid_valid/acc': 78.792, 'best_valid_valid/acc_unbiased': 71.288, 'best_valid_valid/diff': 32.332, 'best_valid_valid/acc_skew': 55.122, 'best_valid_valid/acc_align': 87.454, 'best_valid_test/acc': 79.815, 'best_valid_test/acc_unbiased': 72.471, 'best_valid_test/diff': 25.55, 'best_valid_test/acc_skew': 59.696, 'best_valid_test/acc_align': 85.246}
[13 / 20] best test accuracy: 72.471 at epoch 9 
 best_stats: {'best_test_epoch': 9, 'best_test_valid/acc': 78.792, 'best_test_valid/acc_unbiased': 71.288, 'best_test_valid/diff': 32.332, 'best_test_valid/acc_skew': 55.122, 'best_test_valid/acc_align': 87.454, 'best_test_test/acc': 79.815, 'best_test_test/acc_unbiased': 72.471, 'best_test_test/diff': 25.55, 'best_test_test/acc_skew': 59.696, 'best_test_test/acc_align': 85.246}
[14 / 20] Learning rate: 1e-05 weight: 0.01
[14 / 20] Loss: 3.7481464397054807 CE Loss: 0.30902017824259737 Con Loss: 3.7450562504425964
[14 / 20] tensor([[0.976, 0.455],
        [0.611, 0.776]]) {'epoch': 14, 'valid/acc': 75.97, 'valid/acc_unbiased': 69.028, 'valid/diff': 39.211, 'valid/acc_skew': 49.422, 'valid/acc_align': 88.633, 'test/acc': 78.184, 'test/acc_unbiased': 70.451, 'test/diff': 34.317, 'test/acc_skew': 53.292, 'test/acc_align': 87.61}
[14 / 20] best valid accuracy: 71.288 at epoch 9 
 best_stats: {'best_valid_epoch': 9, 'best_valid_valid/acc': 78.792, 'best_valid_valid/acc_unbiased': 71.288, 'best_valid_valid/diff': 32.332, 'best_valid_valid/acc_skew': 55.122, 'best_valid_valid/acc_align': 87.454, 'best_valid_test/acc': 79.815, 'best_valid_test/acc_unbiased': 72.471, 'best_valid_test/diff': 25.55, 'best_valid_test/acc_skew': 59.696, 'best_valid_test/acc_align': 85.246}
[14 / 20] best test accuracy: 72.471 at epoch 9 
 best_stats: {'best_test_epoch': 9, 'best_test_valid/acc': 78.792, 'best_test_valid/acc_unbiased': 71.288, 'best_test_valid/diff': 32.332, 'best_test_valid/acc_skew': 55.122, 'best_test_valid/acc_align': 87.454, 'best_test_test/acc': 79.815, 'best_test_test/acc_unbiased': 72.471, 'best_test_test/diff': 25.55, 'best_test_test/acc_skew': 59.696, 'best_test_test/acc_align': 85.246}
[15 / 20] Learning rate: 1e-05 weight: 0.01
[15 / 20] Loss: 3.720581890803872 CE Loss: 0.30816107953210664 Con Loss: 3.717500277915192
[15 / 20] tensor([[0.975, 0.460],
        [0.615, 0.788]]) {'epoch': 15, 'valid/acc': 76.499, 'valid/acc_unbiased': 69.765, 'valid/diff': 39.222, 'valid/acc_skew': 50.154, 'valid/acc_align': 89.376, 'test/acc': 78.405, 'test/acc_unbiased': 70.959, 'test/diff': 34.419, 'test/acc_skew': 53.75, 'test/acc_align': 88.169}
[15 / 20] best valid accuracy: 71.288 at epoch 9 
 best_stats: {'best_valid_epoch': 9, 'best_valid_valid/acc': 78.792, 'best_valid_valid/acc_unbiased': 71.288, 'best_valid_valid/diff': 32.332, 'best_valid_valid/acc_skew': 55.122, 'best_valid_valid/acc_align': 87.454, 'best_valid_test/acc': 79.815, 'best_valid_test/acc_unbiased': 72.471, 'best_valid_test/diff': 25.55, 'best_valid_test/acc_skew': 59.696, 'best_valid_test/acc_align': 85.246}
[15 / 20] best test accuracy: 72.471 at epoch 9 
 best_stats: {'best_test_epoch': 9, 'best_test_valid/acc': 78.792, 'best_test_valid/acc_unbiased': 71.288, 'best_test_valid/diff': 32.332, 'best_test_valid/acc_skew': 55.122, 'best_test_valid/acc_align': 87.454, 'best_test_test/acc': 79.815, 'best_test_test/acc_unbiased': 72.471, 'best_test_test/diff': 25.55, 'best_test_test/acc_skew': 59.696, 'best_test_test/acc_align': 85.246}
[16 / 20] Learning rate: 1e-05 weight: 0.01
[16 / 20] Loss: 3.700571444185429 CE Loss: 0.30567875310349046 Con Loss: 3.6975146575350744
[16 / 20] tensor([[0.977, 0.489],
        [0.616, 0.776]]) {'epoch': 16, 'valid/acc': 76.367, 'valid/acc_unbiased': 69.586, 'valid/diff': 38.589, 'valid/acc_skew': 50.291, 'valid/acc_align': 88.881, 'test/acc': 78.669, 'test/acc_unbiased': 71.442, 'test/diff': 32.429, 'test/acc_skew': 55.228, 'test/acc_align': 87.657}
[16 / 20] best valid accuracy: 71.288 at epoch 9 
 best_stats: {'best_valid_epoch': 9, 'best_valid_valid/acc': 78.792, 'best_valid_valid/acc_unbiased': 71.288, 'best_valid_valid/diff': 32.332, 'best_valid_valid/acc_skew': 55.122, 'best_valid_valid/acc_align': 87.454, 'best_valid_test/acc': 79.815, 'best_valid_test/acc_unbiased': 72.471, 'best_valid_test/diff': 25.55, 'best_valid_test/acc_skew': 59.696, 'best_valid_test/acc_align': 85.246}
[16 / 20] best test accuracy: 72.471 at epoch 9 
 best_stats: {'best_test_epoch': 9, 'best_test_valid/acc': 78.792, 'best_test_valid/acc_unbiased': 71.288, 'best_test_valid/diff': 32.332, 'best_test_valid/acc_skew': 55.122, 'best_test_valid/acc_align': 87.454, 'best_test_test/acc': 79.815, 'best_test_test/acc_unbiased': 72.471, 'best_test_test/diff': 25.55, 'best_test_test/acc_skew': 59.696, 'best_test_test/acc_align': 85.246}
[17 / 20] Learning rate: 1e-05 weight: 0.01
[17 / 20] Loss: 3.6850703645404113 CE Loss: 0.29795279204064384 Con Loss: 3.682090841398307
[17 / 20] tensor([[0.974, 0.500],
        [0.602, 0.764]]) {'epoch': 17, 'valid/acc': 76.19, 'valid/acc_unbiased': 69.664, 'valid/diff': 38.433, 'valid/acc_skew': 50.448, 'valid/acc_align': 88.881, 'test/acc': 77.964, 'test/acc_unbiased': 70.983, 'test/diff': 31.759, 'test/acc_skew': 55.104, 'test/acc_align': 86.862}
[17 / 20] best valid accuracy: 71.288 at epoch 9 
 best_stats: {'best_valid_epoch': 9, 'best_valid_valid/acc': 78.792, 'best_valid_valid/acc_unbiased': 71.288, 'best_valid_valid/diff': 32.332, 'best_valid_valid/acc_skew': 55.122, 'best_valid_valid/acc_align': 87.454, 'best_valid_test/acc': 79.815, 'best_valid_test/acc_unbiased': 72.471, 'best_valid_test/diff': 25.55, 'best_valid_test/acc_skew': 59.696, 'best_valid_test/acc_align': 85.246}
[17 / 20] best test accuracy: 72.471 at epoch 9 
 best_stats: {'best_test_epoch': 9, 'best_test_valid/acc': 78.792, 'best_test_valid/acc_unbiased': 71.288, 'best_test_valid/diff': 32.332, 'best_test_valid/acc_skew': 55.122, 'best_test_valid/acc_align': 87.454, 'best_test_test/acc': 79.815, 'best_test_test/acc_unbiased': 72.471, 'best_test_test/diff': 25.55, 'best_test_test/acc_skew': 59.696, 'best_test_test/acc_align': 85.246}
[18 / 20] Learning rate: 1e-05 weight: 0.01
[18 / 20] Loss: 3.6860879032587746 CE Loss: 0.3049520941340312 Con Loss: 3.6830383968103337
[18 / 20] tensor([[0.978, 0.506],
        [0.584, 0.752]]) {'epoch': 18, 'valid/acc': 75.441, 'valid/acc_unbiased': 68.967, 'valid/diff': 37.246, 'valid/acc_skew': 50.344, 'valid/acc_align': 87.59, 'test/acc': 77.435, 'test/acc_unbiased': 70.479, 'test/diff': 32.027, 'test/acc_skew': 54.465, 'test/acc_align': 86.492}
[18 / 20] best valid accuracy: 71.288 at epoch 9 
 best_stats: {'best_valid_epoch': 9, 'best_valid_valid/acc': 78.792, 'best_valid_valid/acc_unbiased': 71.288, 'best_valid_valid/diff': 32.332, 'best_valid_valid/acc_skew': 55.122, 'best_valid_valid/acc_align': 87.454, 'best_valid_test/acc': 79.815, 'best_valid_test/acc_unbiased': 72.471, 'best_valid_test/diff': 25.55, 'best_valid_test/acc_skew': 59.696, 'best_valid_test/acc_align': 85.246}
[18 / 20] best test accuracy: 72.471 at epoch 9 
 best_stats: {'best_test_epoch': 9, 'best_test_valid/acc': 78.792, 'best_test_valid/acc_unbiased': 71.288, 'best_test_valid/diff': 32.332, 'best_test_valid/acc_skew': 55.122, 'best_test_valid/acc_align': 87.454, 'best_test_test/acc': 79.815, 'best_test_test/acc_unbiased': 72.471, 'best_test_test/diff': 25.55, 'best_test_test/acc_skew': 59.696, 'best_test_test/acc_align': 85.246}
[19 / 20] Learning rate: 1e-05 weight: 0.01
[19 / 20] Loss: 3.7417887216737236 CE Loss: 0.2890815292012598 Con Loss: 3.7388978922960687
[19 / 20] tensor([[0.975, 0.466],
        [0.611, 0.770]]) {'epoch': 19, 'valid/acc': 76.543, 'valid/acc_unbiased': 69.705, 'valid/diff': 38.351, 'valid/acc_skew': 50.529, 'valid/acc_align': 88.881, 'test/acc': 78.184, 'test/acc_unbiased': 70.56, 'test/diff': 33.399, 'test/acc_skew': 53.861, 'test/acc_align': 87.26}
[19 / 20] best valid accuracy: 71.288 at epoch 9 
 best_stats: {'best_valid_epoch': 9, 'best_valid_valid/acc': 78.792, 'best_valid_valid/acc_unbiased': 71.288, 'best_valid_valid/diff': 32.332, 'best_valid_valid/acc_skew': 55.122, 'best_valid_valid/acc_align': 87.454, 'best_valid_test/acc': 79.815, 'best_valid_test/acc_unbiased': 72.471, 'best_valid_test/diff': 25.55, 'best_valid_test/acc_skew': 59.696, 'best_valid_test/acc_align': 85.246}
[19 / 20] best test accuracy: 72.471 at epoch 9 
 best_stats: {'best_test_epoch': 9, 'best_test_valid/acc': 78.792, 'best_test_valid/acc_unbiased': 71.288, 'best_test_valid/diff': 32.332, 'best_test_valid/acc_skew': 55.122, 'best_test_valid/acc_align': 87.454, 'best_test_test/acc': 79.815, 'best_test_test/acc_unbiased': 72.471, 'best_test_test/diff': 25.55, 'best_test_test/acc_skew': 59.696, 'best_test_test/acc_align': 85.246}
[20 / 20] Learning rate: 1e-05 weight: 0.01
[20 / 20] Loss: 3.7263315541607662 CE Loss: 0.3055479140350409 Con Loss: 3.723276059041082
[20 / 20] tensor([[0.975, 0.472],
        [0.611, 0.776]]) {'epoch': 20, 'valid/acc': 76.058, 'valid/acc_unbiased': 69.387, 'valid/diff': 37.997, 'valid/acc_skew': 50.388, 'valid/acc_align': 88.386, 'test/acc': 78.272, 'test/acc_unbiased': 70.854, 'test/diff': 33.418, 'test/acc_skew': 54.145, 'test/acc_align': 87.563}
[20 / 20] best valid accuracy: 71.288 at epoch 9 
 best_stats: {'best_valid_epoch': 9, 'best_valid_valid/acc': 78.792, 'best_valid_valid/acc_unbiased': 71.288, 'best_valid_valid/diff': 32.332, 'best_valid_valid/acc_skew': 55.122, 'best_valid_valid/acc_align': 87.454, 'best_valid_test/acc': 79.815, 'best_valid_test/acc_unbiased': 72.471, 'best_valid_test/diff': 25.55, 'best_valid_test/acc_skew': 59.696, 'best_valid_test/acc_align': 85.246}
[20 / 20] best test accuracy: 72.471 at epoch 9 
 best_stats: {'best_test_epoch': 9, 'best_test_valid/acc': 78.792, 'best_test_valid/acc_unbiased': 71.288, 'best_test_valid/diff': 32.332, 'best_test_valid/acc_skew': 55.122, 'best_test_valid/acc_align': 87.454, 'best_test_test/acc': 79.815, 'best_test_test/acc_unbiased': 72.471, 'best_test_test/diff': 25.55, 'best_test_test/acc_skew': 59.696, 'best_test_test/acc_align': 85.246}
Total training time: 0:16:11
