Log level set to: INFO
Set seed: 3
=======> Using Fixed Random Seed: 3 <========
save_path: exp_results/bc-bb0-utk_face_race-crop_auto3-0.9-lr0.001-bs128-cbs64-w0.01-ratio10-aug1-seed3
get_utk_face - split: train, aug: False, given_y: True, ratio: 0
use existing biased_utk_face from data/utk_face/pickles/biased_utk_face-target_gender-bias_race-0.9
Distribution Before Sampling: 
===================================
Binary Labels Distribution: 
Binary Target 0
---------------------------
Target 0: [4407, 552]
Target 1: [440, 5529]
Binary Target 1
---------------------------
Target 0: [4407, 552]
Target 1: [440, 5529]
===================================
Normal Label Distribution: 
Target 0: [4407, 552]
Target 1: [440, 5529]
===================================
Distribution After Sampling: 
===================================
Binary Labels Distribution: 
Binary Target 0
---------------------------
Target 0: [4407, 552]
Target 1: [440, 5529]
Binary Target 1
---------------------------
Target 0: [4407, 552]
Target 1: [440, 5529]
===================================
Normal Label Distribution: 
Target 0: [4407, 552]
Target 1: [440, 5529]
===================================
Use BiasedUTKFace - target_attr: gender
BiasedUTKFace -- total: 10928, target_attr: gender, bias_attr: race bias_rate: 0.9
['[train] target_0-bias_0: 4407', '[train] target_0-bias_1: 552', '[train] target_1-bias_0: 440', '[train] target_1-bias_1: 5529']
confusion_matrix - 
 original: tensor([[4407.,  440.],
        [ 552., 5529.]]), 
 normalized: tensor([[0.909, 0.091],
        [0.091, 0.909]]), 
 b|y: tensor([[0.889, 0.111],
        [0.074, 0.926]])
get_utk_face - split: train, aug: 1, given_y: True, ratio: 10
use existing biased_utk_face from data/utk_face/pickles/biased_utk_face-target_gender-bias_race-0.9
Distribution Before Sampling: 
===================================
Binary Labels Distribution: 
Binary Target 0
---------------------------
Target 0: [4407, 552]
Target 1: [440, 5529]
Binary Target 1
---------------------------
Target 0: [4407, 552]
Target 1: [440, 5529]
===================================
Normal Label Distribution: 
Target 0: [4407, 552]
Target 1: [440, 5529]
===================================
Distribution After Sampling: 
===================================
Binary Labels Distribution: 
Binary Target 0
---------------------------
Target 0: [4407, 552]
Target 1: [440, 5529]
Binary Target 1
---------------------------
Target 0: [4407, 552]
Target 1: [440, 5529]
===================================
Normal Label Distribution: 
Target 0: [4407, 552]
Target 1: [440, 5529]
===================================
Use BiasedUTKFace - target_attr: gender
BiasedUTKFace -- total: 10928, target_attr: gender, bias_attr: race bias_rate: 0.9
['[train] target_0-bias_0: 4407', '[train] target_0-bias_1: 552', '[train] target_1-bias_0: 440', '[train] target_1-bias_1: 5529']
get_utk_face - split: valid, aug: False, given_y: True, ratio: 0
use existing biased_utk_face from data/utk_face/pickles/biased_utk_face-target_gender-bias_race-0.9
Distribution Before Sampling: 
===================================
Binary Labels Distribution: 
Binary Target 0
---------------------------
Target 0: [583, 684]
Target 1: [457, 646]
Binary Target 1
---------------------------
Target 0: [583, 684]
Target 1: [457, 646]
===================================
Normal Label Distribution: 
Target 0: [583, 684]
Target 1: [457, 646]
===================================
Use BiasedUTKFace - target_attr: gender
BiasedUTKFace -- total: 2370, target_attr: gender, bias_attr: race bias_rate: 0.9
['[valid] target_0-bias_0: 583', '[valid] target_0-bias_1: 684', '[valid] target_1-bias_0: 457', '[valid] target_1-bias_1: 646']
get_utk_face - split: test, aug: False, given_y: True, ratio: 0
use existing biased_utk_face from data/utk_face/pickles/biased_utk_face-target_gender-bias_race-0.9
Distribution Before Sampling: 
===================================
Binary Labels Distribution: 
Binary Target 0
---------------------------
Target 0: [558, 677]
Target 1: [462, 673]
Binary Target 1
---------------------------
Target 0: [558, 677]
Target 1: [462, 673]
===================================
Normal Label Distribution: 
Target 0: [558, 677]
Target 1: [462, 673]
===================================
Use BiasedUTKFace - target_attr: gender
BiasedUTKFace -- total: 2370, target_attr: gender, bias_attr: race bias_rate: 0.9
['[test] target_0-bias_0: 558', '[test] target_0-bias_1: 677', '[test] target_1-bias_0: 462', '[test] target_1-bias_1: 673']
decay_epochs: [6, 13]
[1 / 20] Learning rate: 0.001 weight: 0.01
[1 / 20] Loss: 4.898620615242865 CE Loss: 0.5746972076103942 Con Loss: 4.892873660013581
[1 / 20] tensor([[0.875, 0.833],
        [0.690, 0.718]]) {'epoch': 1, 'valid/acc': 78.059, 'valid/acc_unbiased': 77.529, 'valid/diff': 0.897, 'valid/acc_skew': 77.08, 'valid/acc_align': 77.977, 'test/acc': 78.228, 'test/acc_unbiased': 77.895, 'test/diff': 3.434, 'test/acc_skew': 76.178, 'test/acc_align': 79.612}
[1 / 20] best valid accuracy: 77.529 at epoch 1 
 best_stats: {'best_valid_epoch': 1, 'best_valid_valid/acc': 78.059, 'best_valid_valid/acc_unbiased': 77.529, 'best_valid_valid/diff': 0.897, 'best_valid_valid/acc_skew': 77.08, 'best_valid_valid/acc_align': 77.977, 'best_valid_test/acc': 78.228, 'best_valid_test/acc_unbiased': 77.895, 'best_valid_test/diff': 3.434, 'best_valid_test/acc_skew': 76.178, 'best_valid_test/acc_align': 79.612}
[1 / 20] best test accuracy: 77.895 at epoch 1 
 best_stats: {'best_test_epoch': 1, 'best_test_valid/acc': 78.059, 'best_test_valid/acc_unbiased': 77.529, 'best_test_valid/diff': 0.897, 'best_test_valid/acc_skew': 77.08, 'best_test_valid/acc_align': 77.977, 'best_test_test/acc': 78.228, 'best_test_test/acc_unbiased': 77.895, 'best_test_test/diff': 3.434, 'best_test_test/acc_skew': 76.178, 'best_test_test/acc_align': 79.612}
[2 / 20] Learning rate: 0.001 weight: 0.01
[2 / 20] Loss: 4.793173063900949 CE Loss: 0.47056492910029074 Con Loss: 4.788467433756302
[2 / 20] tensor([[0.876, 0.833],
        [0.682, 0.703]]) {'epoch': 2, 'valid/acc': 78.734, 'valid/acc_unbiased': 78.229, 'valid/diff': 1.557, 'valid/acc_skew': 77.555, 'valid/acc_align': 78.904, 'test/acc': 77.679, 'test/acc_unbiased': 77.352, 'test/diff': 3.213, 'test/acc_skew': 75.745, 'test/acc_align': 78.958}
[2 / 20] best valid accuracy: 78.229 at epoch 2 
 best_stats: {'best_valid_epoch': 2, 'best_valid_valid/acc': 78.734, 'best_valid_valid/acc_unbiased': 78.229, 'best_valid_valid/diff': 1.557, 'best_valid_valid/acc_skew': 77.555, 'best_valid_valid/acc_align': 78.904, 'best_valid_test/acc': 77.679, 'best_valid_test/acc_unbiased': 77.352, 'best_valid_test/diff': 3.213, 'best_valid_test/acc_skew': 75.745, 'best_valid_test/acc_align': 78.958}
[2 / 20] best test accuracy: 77.895 at epoch 1 
 best_stats: {'best_test_epoch': 1, 'best_test_valid/acc': 78.059, 'best_test_valid/acc_unbiased': 77.529, 'best_test_valid/diff': 0.897, 'best_test_valid/acc_skew': 77.08, 'best_test_valid/acc_align': 77.977, 'best_test_test/acc': 78.228, 'best_test_test/acc_unbiased': 77.895, 'best_test_test/diff': 3.434, 'best_test_test/acc_skew': 76.178, 'best_test_test/acc_align': 79.612}
[3 / 20] Learning rate: 0.001 weight: 0.01
[3 / 20] Loss: 4.7789479963601424 CE Loss: 0.455575464977876 Con Loss: 4.774392264828326
[3 / 20] tensor([[0.751, 0.696],
        [0.851, 0.912]]) {'epoch': 3, 'valid/acc': 80.633, 'valid/acc_unbiased': 81.294, 'valid/diff': 1.665, 'valid/acc_skew': 81.188, 'valid/acc_align': 81.4, 'test/acc': 80.042, 'test/acc_unbiased': 80.24, 'test/diff': 5.843, 'test/acc_skew': 77.318, 'test/acc_align': 83.161}
[3 / 20] best valid accuracy: 81.294 at epoch 3 
 best_stats: {'best_valid_epoch': 3, 'best_valid_valid/acc': 80.633, 'best_valid_valid/acc_unbiased': 81.294, 'best_valid_valid/diff': 1.665, 'best_valid_valid/acc_skew': 81.188, 'best_valid_valid/acc_align': 81.4, 'best_valid_test/acc': 80.042, 'best_valid_test/acc_unbiased': 80.24, 'best_valid_test/diff': 5.843, 'best_valid_test/acc_skew': 77.318, 'best_valid_test/acc_align': 83.161}
[3 / 20] best test accuracy: 80.240 at epoch 3 
 best_stats: {'best_test_epoch': 3, 'best_test_valid/acc': 80.633, 'best_test_valid/acc_unbiased': 81.294, 'best_test_valid/diff': 1.665, 'best_test_valid/acc_skew': 81.188, 'best_test_valid/acc_align': 81.4, 'best_test_test/acc': 80.042, 'best_test_test/acc_unbiased': 80.24, 'best_test_test/diff': 5.843, 'best_test_test/acc_skew': 77.318, 'best_test_test/acc_align': 83.161}
[4 / 20] Learning rate: 0.001 weight: 0.01
[4 / 20] Loss: 4.772276668911623 CE Loss: 0.4353879718969018 Con Loss: 4.767922790996502
[4 / 20] tensor([[0.772, 0.730],
        [0.894, 0.900]]) {'epoch': 4, 'valid/acc': 82.236, 'valid/acc_unbiased': 82.659, 'valid/diff': 2.644, 'valid/acc_skew': 81.337, 'valid/acc_align': 83.981, 'test/acc': 82.025, 'test/acc_unbiased': 82.412, 'test/diff': 2.461, 'test/acc_skew': 81.181, 'test/acc_align': 83.642}
[4 / 20] best valid accuracy: 82.659 at epoch 4 
 best_stats: {'best_valid_epoch': 4, 'best_valid_valid/acc': 82.236, 'best_valid_valid/acc_unbiased': 82.659, 'best_valid_valid/diff': 2.644, 'best_valid_valid/acc_skew': 81.337, 'best_valid_valid/acc_align': 83.981, 'best_valid_test/acc': 82.025, 'best_valid_test/acc_unbiased': 82.412, 'best_valid_test/diff': 2.461, 'best_valid_test/acc_skew': 81.181, 'best_valid_test/acc_align': 83.642}
[4 / 20] best test accuracy: 82.412 at epoch 4 
 best_stats: {'best_test_epoch': 4, 'best_test_valid/acc': 82.236, 'best_test_valid/acc_unbiased': 82.659, 'best_test_valid/diff': 2.644, 'best_test_valid/acc_skew': 81.337, 'best_test_valid/acc_align': 83.981, 'best_test_test/acc': 82.025, 'best_test_test/acc_unbiased': 82.412, 'best_test_test/diff': 2.461, 'best_test_test/acc_skew': 81.181, 'best_test_test/acc_align': 83.642}
[5 / 20] Learning rate: 0.001 weight: 0.01
[5 / 20] Loss: 4.757347685700803 CE Loss: 0.4357254224151678 Con Loss: 4.752990458755158
[5 / 20] tensor([[0.812, 0.756],
        [0.853, 0.887]]) {'epoch': 5, 'valid/acc': 83.924, 'valid/acc_unbiased': 84.3, 'valid/diff': 1.762, 'valid/acc_skew': 84.296, 'valid/acc_align': 84.305, 'test/acc': 82.532, 'test/acc_unbiased': 82.7, 'test/diff': 4.49, 'test/acc_skew': 80.455, 'test/acc_align': 84.945}
[5 / 20] best valid accuracy: 84.300 at epoch 5 
 best_stats: {'best_valid_epoch': 5, 'best_valid_valid/acc': 83.924, 'best_valid_valid/acc_unbiased': 84.3, 'best_valid_valid/diff': 1.762, 'best_valid_valid/acc_skew': 84.296, 'best_valid_valid/acc_align': 84.305, 'best_valid_test/acc': 82.532, 'best_valid_test/acc_unbiased': 82.7, 'best_valid_test/diff': 4.49, 'best_valid_test/acc_skew': 80.455, 'best_valid_test/acc_align': 84.945}
[5 / 20] best test accuracy: 82.700 at epoch 5 
 best_stats: {'best_test_epoch': 5, 'best_test_valid/acc': 83.924, 'best_test_valid/acc_unbiased': 84.3, 'best_test_valid/diff': 1.762, 'best_test_valid/acc_skew': 84.296, 'best_test_valid/acc_align': 84.305, 'best_test_test/acc': 82.532, 'best_test_test/acc_unbiased': 82.7, 'best_test_test/diff': 4.49, 'best_test_test/acc_skew': 80.455, 'best_test_test/acc_align': 84.945}
[6 / 20] Learning rate: 0.001 weight: 0.01
[6 / 20] Loss: 4.745373559731166 CE Loss: 0.42257859840400047 Con Loss: 4.741147788342411
[6 / 20] tensor([[0.762, 0.725],
        [0.887, 0.921]]) {'epoch': 6, 'valid/acc': 82.194, 'valid/acc_unbiased': 82.697, 'valid/diff': 1.117, 'valid/acc_skew': 82.138, 'valid/acc_align': 83.255, 'test/acc': 82.11, 'test/acc_unbiased': 82.39, 'test/diff': 3.51, 'test/acc_skew': 80.635, 'test/acc_align': 84.145}
[6 / 20] best valid accuracy: 84.300 at epoch 5 
 best_stats: {'best_valid_epoch': 5, 'best_valid_valid/acc': 83.924, 'best_valid_valid/acc_unbiased': 84.3, 'best_valid_valid/diff': 1.762, 'best_valid_valid/acc_skew': 84.296, 'best_valid_valid/acc_align': 84.305, 'best_valid_test/acc': 82.532, 'best_valid_test/acc_unbiased': 82.7, 'best_valid_test/diff': 4.49, 'best_valid_test/acc_skew': 80.455, 'best_valid_test/acc_align': 84.945}
[6 / 20] best test accuracy: 82.700 at epoch 5 
 best_stats: {'best_test_epoch': 5, 'best_test_valid/acc': 83.924, 'best_test_valid/acc_unbiased': 84.3, 'best_test_valid/diff': 1.762, 'best_test_valid/acc_skew': 84.296, 'best_test_valid/acc_align': 84.305, 'best_test_test/acc': 82.532, 'best_test_test/acc_unbiased': 82.7, 'best_test_test/diff': 4.49, 'best_test_test/acc_skew': 80.455, 'best_test_test/acc_align': 84.945}
[7 / 20] Learning rate: 0.0001 weight: 0.01
[7 / 20] Loss: 4.712684378616981 CE Loss: 0.38938501232888656 Con Loss: 4.708790537553511
[7 / 20] tensor([[0.839, 0.792],
        [0.857, 0.893]]) {'epoch': 7, 'valid/acc': 84.937, 'valid/acc_unbiased': 85.055, 'valid/diff': 2.827, 'valid/acc_skew': 83.641, 'valid/acc_align': 86.468, 'test/acc': 84.43, 'test/acc_unbiased': 84.515, 'test/diff': 4.143, 'test/acc_skew': 82.444, 'test/acc_align': 86.586}
[7 / 20] best valid accuracy: 85.055 at epoch 7 
 best_stats: {'best_valid_epoch': 7, 'best_valid_valid/acc': 84.937, 'best_valid_valid/acc_unbiased': 85.055, 'best_valid_valid/diff': 2.827, 'best_valid_valid/acc_skew': 83.641, 'best_valid_valid/acc_align': 86.468, 'best_valid_test/acc': 84.43, 'best_valid_test/acc_unbiased': 84.515, 'best_valid_test/diff': 4.143, 'best_valid_test/acc_skew': 82.444, 'best_valid_test/acc_align': 86.586}
[7 / 20] best test accuracy: 84.515 at epoch 7 
 best_stats: {'best_test_epoch': 7, 'best_test_valid/acc': 84.937, 'best_test_valid/acc_unbiased': 85.055, 'best_test_valid/diff': 2.827, 'best_test_valid/acc_skew': 83.641, 'best_test_valid/acc_align': 86.468, 'best_test_test/acc': 84.43, 'best_test_test/acc_unbiased': 84.515, 'best_test_test/diff': 4.143, 'best_test_test/acc_skew': 82.444, 'best_test_test/acc_align': 86.586}
[8 / 20] Learning rate: 0.0001 weight: 0.01
[8 / 20] Loss: 4.687106316121047 CE Loss: 0.36881820257551323 Con Loss: 4.683418134295574
[8 / 20] tensor([[0.837, 0.771],
        [0.887, 0.909]]) {'epoch': 8, 'valid/acc': 85.654, 'valid/acc_unbiased': 86.036, 'valid/diff': 1.242, 'valid/acc_skew': 85.463, 'valid/acc_align': 86.608, 'test/acc': 84.852, 'test/acc_unbiased': 85.119, 'test/diff': 4.389, 'test/acc_skew': 82.925, 'test/acc_align': 87.314}
[8 / 20] best valid accuracy: 86.036 at epoch 8 
 best_stats: {'best_valid_epoch': 8, 'best_valid_valid/acc': 85.654, 'best_valid_valid/acc_unbiased': 86.036, 'best_valid_valid/diff': 1.242, 'best_valid_valid/acc_skew': 85.463, 'best_valid_valid/acc_align': 86.608, 'best_valid_test/acc': 84.852, 'best_valid_test/acc_unbiased': 85.119, 'best_valid_test/diff': 4.389, 'best_valid_test/acc_skew': 82.925, 'best_valid_test/acc_align': 87.314}
[8 / 20] best test accuracy: 85.119 at epoch 8 
 best_stats: {'best_test_epoch': 8, 'best_test_valid/acc': 85.654, 'best_test_valid/acc_unbiased': 86.036, 'best_test_valid/diff': 1.242, 'best_test_valid/acc_skew': 85.463, 'best_test_valid/acc_align': 86.608, 'best_test_test/acc': 84.852, 'best_test_test/acc_unbiased': 85.119, 'best_test_test/diff': 4.389, 'best_test_test/acc_skew': 82.925, 'best_test_test/acc_align': 87.314}
[9 / 20] Learning rate: 0.0001 weight: 0.01
[9 / 20] Loss: 4.681646848318343 CE Loss: 0.34935948086867047 Con Loss: 4.678153270509197
[9 / 20] tensor([[0.819, 0.749],
        [0.890, 0.924]]) {'epoch': 9, 'valid/acc': 84.599, 'valid/acc_unbiased': 85.156, 'valid/diff': 2.822, 'valid/acc_skew': 83.745, 'valid/acc_align': 86.566, 'test/acc': 84.262, 'test/acc_unbiased': 84.543, 'test/diff': 5.236, 'test/acc_skew': 81.925, 'test/acc_align': 87.161}
[9 / 20] best valid accuracy: 86.036 at epoch 8 
 best_stats: {'best_valid_epoch': 8, 'best_valid_valid/acc': 85.654, 'best_valid_valid/acc_unbiased': 86.036, 'best_valid_valid/diff': 1.242, 'best_valid_valid/acc_skew': 85.463, 'best_valid_valid/acc_align': 86.608, 'best_valid_test/acc': 84.852, 'best_valid_test/acc_unbiased': 85.119, 'best_valid_test/diff': 4.389, 'best_valid_test/acc_skew': 82.925, 'best_valid_test/acc_align': 87.314}
[9 / 20] best test accuracy: 85.119 at epoch 8 
 best_stats: {'best_test_epoch': 8, 'best_test_valid/acc': 85.654, 'best_test_valid/acc_unbiased': 86.036, 'best_test_valid/diff': 1.242, 'best_test_valid/acc_skew': 85.463, 'best_test_valid/acc_align': 86.608, 'best_test_test/acc': 84.852, 'best_test_test/acc_unbiased': 85.119, 'best_test_test/diff': 4.389, 'best_test_test/acc_skew': 82.925, 'best_test_test/acc_align': 87.314}
[10 / 20] Learning rate: 0.0001 weight: 0.01
[10 / 20] Loss: 4.67201485221941 CE Loss: 0.34415660604376397 Con Loss: 4.66857327060504
[10 / 20] tensor([[0.871, 0.818],
        [0.853, 0.874]]) {'epoch': 10, 'valid/acc': 86.667, 'valid/acc_unbiased': 86.805, 'valid/diff': 1.491, 'valid/acc_skew': 86.234, 'valid/acc_align': 87.376, 'test/acc': 85.316, 'test/acc_unbiased': 85.395, 'test/diff': 3.677, 'test/acc_skew': 83.556, 'test/acc_align': 87.233}
[10 / 20] best valid accuracy: 86.805 at epoch 10 
 best_stats: {'best_valid_epoch': 10, 'best_valid_valid/acc': 86.667, 'best_valid_valid/acc_unbiased': 86.805, 'best_valid_valid/diff': 1.491, 'best_valid_valid/acc_skew': 86.234, 'best_valid_valid/acc_align': 87.376, 'best_valid_test/acc': 85.316, 'best_valid_test/acc_unbiased': 85.395, 'best_valid_test/diff': 3.677, 'best_valid_test/acc_skew': 83.556, 'best_valid_test/acc_align': 87.233}
[10 / 20] best test accuracy: 85.395 at epoch 10 
 best_stats: {'best_test_epoch': 10, 'best_test_valid/acc': 86.667, 'best_test_valid/acc_unbiased': 86.805, 'best_test_valid/diff': 1.491, 'best_test_valid/acc_skew': 86.234, 'best_test_valid/acc_align': 87.376, 'best_test_test/acc': 85.316, 'best_test_test/acc_unbiased': 85.395, 'best_test_test/diff': 3.677, 'best_test_test/acc_skew': 83.556, 'best_test_test/acc_align': 87.233}
[11 / 20] Learning rate: 0.0001 weight: 0.01
[11 / 20] Loss: 4.667224788386511 CE Loss: 0.34224879911843015 Con Loss: 4.66380232075123
[11 / 20] tensor([[0.830, 0.770],
        [0.892, 0.912]]) {'epoch': 11, 'valid/acc': 85.992, 'valid/acc_unbiased': 86.429, 'valid/diff': 2.141, 'valid/acc_skew': 85.426, 'valid/acc_align': 87.432, 'test/acc': 84.81, 'test/acc_unbiased': 85.086, 'test/diff': 4.037, 'test/acc_skew': 83.067, 'test/acc_align': 87.104}
[11 / 20] best valid accuracy: 86.805 at epoch 10 
 best_stats: {'best_valid_epoch': 10, 'best_valid_valid/acc': 86.667, 'best_valid_valid/acc_unbiased': 86.805, 'best_valid_valid/diff': 1.491, 'best_valid_valid/acc_skew': 86.234, 'best_valid_valid/acc_align': 87.376, 'best_valid_test/acc': 85.316, 'best_valid_test/acc_unbiased': 85.395, 'best_valid_test/diff': 3.677, 'best_valid_test/acc_skew': 83.556, 'best_valid_test/acc_align': 87.233}
[11 / 20] best test accuracy: 85.395 at epoch 10 
 best_stats: {'best_test_epoch': 10, 'best_test_valid/acc': 86.667, 'best_test_valid/acc_unbiased': 86.805, 'best_test_valid/diff': 1.491, 'best_test_valid/acc_skew': 86.234, 'best_test_valid/acc_align': 87.376, 'best_test_test/acc': 85.316, 'best_test_test/acc_unbiased': 85.395, 'best_test_test/diff': 3.677, 'best_test_test/acc_skew': 83.556, 'best_test_test/acc_align': 87.233}
[12 / 20] Learning rate: 0.0001 weight: 0.01
[12 / 20] Loss: 4.662180346241807 CE Loss: 0.3395022349773005 Con Loss: 4.658785314545973
[12 / 20] tensor([[0.842, 0.775],
        [0.872, 0.905]]) {'epoch': 12, 'valid/acc': 85.781, 'valid/acc_unbiased': 86.187, 'valid/diff': 2.017, 'valid/acc_skew': 85.646, 'valid/acc_align': 86.727, 'test/acc': 84.684, 'test/acc_unbiased': 84.874, 'test/diff': 4.971, 'test/acc_skew': 82.389, 'test/acc_align': 87.36}
[12 / 20] best valid accuracy: 86.805 at epoch 10 
 best_stats: {'best_valid_epoch': 10, 'best_valid_valid/acc': 86.667, 'best_valid_valid/acc_unbiased': 86.805, 'best_valid_valid/diff': 1.491, 'best_valid_valid/acc_skew': 86.234, 'best_valid_valid/acc_align': 87.376, 'best_valid_test/acc': 85.316, 'best_valid_test/acc_unbiased': 85.395, 'best_valid_test/diff': 3.677, 'best_valid_test/acc_skew': 83.556, 'best_valid_test/acc_align': 87.233}
[12 / 20] best test accuracy: 85.395 at epoch 10 
 best_stats: {'best_test_epoch': 10, 'best_test_valid/acc': 86.667, 'best_test_valid/acc_unbiased': 86.805, 'best_test_valid/diff': 1.491, 'best_test_valid/acc_skew': 86.234, 'best_test_valid/acc_align': 87.376, 'best_test_test/acc': 85.316, 'best_test_test/acc_unbiased': 85.395, 'best_test_test/diff': 3.677, 'best_test_test/acc_skew': 83.556, 'best_test_test/acc_align': 87.233}
[13 / 20] Learning rate: 0.0001 weight: 0.01
[13 / 20] Loss: 4.651333999494159 CE Loss: 0.3243494082247705 Con Loss: 4.648090485423411
[13 / 20] tensor([[0.826, 0.762],
        [0.892, 0.920]]) {'epoch': 13, 'valid/acc': 85.527, 'valid/acc_unbiased': 86.066, 'valid/diff': 2.542, 'valid/acc_skew': 84.913, 'valid/acc_align': 87.219, 'test/acc': 84.726, 'test/acc_unbiased': 84.997, 'test/diff': 4.598, 'test/acc_skew': 82.698, 'test/acc_align': 87.296}
[13 / 20] best valid accuracy: 86.805 at epoch 10 
 best_stats: {'best_valid_epoch': 10, 'best_valid_valid/acc': 86.667, 'best_valid_valid/acc_unbiased': 86.805, 'best_valid_valid/diff': 1.491, 'best_valid_valid/acc_skew': 86.234, 'best_valid_valid/acc_align': 87.376, 'best_valid_test/acc': 85.316, 'best_valid_test/acc_unbiased': 85.395, 'best_valid_test/diff': 3.677, 'best_valid_test/acc_skew': 83.556, 'best_valid_test/acc_align': 87.233}
[13 / 20] best test accuracy: 85.395 at epoch 10 
 best_stats: {'best_test_epoch': 10, 'best_test_valid/acc': 86.667, 'best_test_valid/acc_unbiased': 86.805, 'best_test_valid/diff': 1.491, 'best_test_valid/acc_skew': 86.234, 'best_test_valid/acc_align': 87.376, 'best_test_test/acc': 85.316, 'best_test_test/acc_unbiased': 85.395, 'best_test_test/diff': 3.677, 'best_test_test/acc_skew': 83.556, 'best_test_test/acc_align': 87.233}
[14 / 20] Learning rate: 1e-05 weight: 0.01
[14 / 20] Loss: 4.644827648626414 CE Loss: 0.32346635223482223 Con Loss: 4.6415929696570375
[14 / 20] tensor([[0.858, 0.787],
        [0.874, 0.899]]) {'epoch': 14, 'valid/acc': 86.371, 'valid/acc_unbiased': 86.697, 'valid/diff': 2.101, 'valid/acc_skew': 85.647, 'valid/acc_align': 87.748, 'test/acc': 85.274, 'test/acc_unbiased': 85.478, 'test/diff': 4.781, 'test/acc_skew': 83.088, 'test/acc_align': 87.869}
[14 / 20] best valid accuracy: 86.805 at epoch 10 
 best_stats: {'best_valid_epoch': 10, 'best_valid_valid/acc': 86.667, 'best_valid_valid/acc_unbiased': 86.805, 'best_valid_valid/diff': 1.491, 'best_valid_valid/acc_skew': 86.234, 'best_valid_valid/acc_align': 87.376, 'best_valid_test/acc': 85.316, 'best_valid_test/acc_unbiased': 85.395, 'best_valid_test/diff': 3.677, 'best_valid_test/acc_skew': 83.556, 'best_valid_test/acc_align': 87.233}
[14 / 20] best test accuracy: 85.478 at epoch 14 
 best_stats: {'best_test_epoch': 14, 'best_test_valid/acc': 86.371, 'best_test_valid/acc_unbiased': 86.697, 'best_test_valid/diff': 2.101, 'best_test_valid/acc_skew': 85.647, 'best_test_valid/acc_align': 87.748, 'best_test_test/acc': 85.274, 'best_test_test/acc_unbiased': 85.478, 'best_test_test/diff': 4.781, 'best_test_test/acc_skew': 83.088, 'best_test_test/acc_align': 87.869}
[15 / 20] Learning rate: 1e-05 weight: 0.01
[15 / 20] Loss: 4.646611520870538 CE Loss: 0.32315813447860114 Con Loss: 4.643379940993615
[15 / 20] tensor([[0.855, 0.775],
        [0.879, 0.903]]) {'epoch': 15, 'valid/acc': 86.034, 'valid/acc_unbiased': 86.485, 'valid/diff': 3.182, 'valid/acc_skew': 85.317, 'valid/acc_align': 87.654, 'test/acc': 85.063, 'test/acc_unbiased': 85.313, 'test/diff': 5.199, 'test/acc_skew': 82.713, 'test/acc_align': 87.913}
[15 / 20] best valid accuracy: 86.805 at epoch 10 
 best_stats: {'best_valid_epoch': 10, 'best_valid_valid/acc': 86.667, 'best_valid_valid/acc_unbiased': 86.805, 'best_valid_valid/diff': 1.491, 'best_valid_valid/acc_skew': 86.234, 'best_valid_valid/acc_align': 87.376, 'best_valid_test/acc': 85.316, 'best_valid_test/acc_unbiased': 85.395, 'best_valid_test/diff': 3.677, 'best_valid_test/acc_skew': 83.556, 'best_valid_test/acc_align': 87.233}
[15 / 20] best test accuracy: 85.478 at epoch 14 
 best_stats: {'best_test_epoch': 14, 'best_test_valid/acc': 86.371, 'best_test_valid/acc_unbiased': 86.697, 'best_test_valid/diff': 2.101, 'best_test_valid/acc_skew': 85.647, 'best_test_valid/acc_align': 87.748, 'best_test_test/acc': 85.274, 'best_test_test/acc_unbiased': 85.478, 'best_test_test/diff': 4.781, 'best_test_test/acc_skew': 83.088, 'best_test_test/acc_align': 87.869}
[16 / 20] Learning rate: 1e-05 weight: 0.01
[16 / 20] Loss: 4.637940431234603 CE Loss: 0.3314014394408962 Con Loss: 4.634626420664753
[16 / 20] tensor([[0.849, 0.768],
        [0.890, 0.909]]) {'epoch': 16, 'valid/acc': 86.287, 'valid/acc_unbiased': 86.765, 'valid/diff': 2.641, 'valid/acc_skew': 85.608, 'valid/acc_align': 87.922, 'test/acc': 85.105, 'test/acc_unbiased': 85.413, 'test/diff': 5.056, 'test/acc_skew': 82.885, 'test/acc_align': 87.941}
[16 / 20] best valid accuracy: 86.805 at epoch 10 
 best_stats: {'best_valid_epoch': 10, 'best_valid_valid/acc': 86.667, 'best_valid_valid/acc_unbiased': 86.805, 'best_valid_valid/diff': 1.491, 'best_valid_valid/acc_skew': 86.234, 'best_valid_valid/acc_align': 87.376, 'best_valid_test/acc': 85.316, 'best_valid_test/acc_unbiased': 85.395, 'best_valid_test/diff': 3.677, 'best_valid_test/acc_skew': 83.556, 'best_valid_test/acc_align': 87.233}
[16 / 20] best test accuracy: 85.478 at epoch 14 
 best_stats: {'best_test_epoch': 14, 'best_test_valid/acc': 86.371, 'best_test_valid/acc_unbiased': 86.697, 'best_test_valid/diff': 2.101, 'best_test_valid/acc_skew': 85.647, 'best_test_valid/acc_align': 87.748, 'best_test_test/acc': 85.274, 'best_test_test/acc_unbiased': 85.478, 'best_test_test/diff': 4.781, 'best_test_test/acc_skew': 83.088, 'best_test_test/acc_align': 87.869}
[17 / 20] Learning rate: 1e-05 weight: 0.01
[17 / 20] Loss: 4.637083091289023 CE Loss: 0.3206449678143156 Con Loss: 4.633876652529089
[17 / 20] tensor([[0.844, 0.765],
        [0.894, 0.909]]) {'epoch': 17, 'valid/acc': 86.16, 'valid/acc_unbiased': 86.661, 'valid/diff': 2.725, 'valid/acc_skew': 85.571, 'valid/acc_align': 87.75, 'test/acc': 84.979, 'test/acc_unbiased': 85.313, 'test/diff': 4.718, 'test/acc_skew': 82.954, 'test/acc_align': 87.672}
[17 / 20] best valid accuracy: 86.805 at epoch 10 
 best_stats: {'best_valid_epoch': 10, 'best_valid_valid/acc': 86.667, 'best_valid_valid/acc_unbiased': 86.805, 'best_valid_valid/diff': 1.491, 'best_valid_valid/acc_skew': 86.234, 'best_valid_valid/acc_align': 87.376, 'best_valid_test/acc': 85.316, 'best_valid_test/acc_unbiased': 85.395, 'best_valid_test/diff': 3.677, 'best_valid_test/acc_skew': 83.556, 'best_valid_test/acc_align': 87.233}
[17 / 20] best test accuracy: 85.478 at epoch 14 
 best_stats: {'best_test_epoch': 14, 'best_test_valid/acc': 86.371, 'best_test_valid/acc_unbiased': 86.697, 'best_test_valid/diff': 2.101, 'best_test_valid/acc_skew': 85.647, 'best_test_valid/acc_align': 87.748, 'best_test_test/acc': 85.274, 'best_test_test/acc_unbiased': 85.478, 'best_test_test/diff': 4.781, 'best_test_test/acc_skew': 83.088, 'best_test_test/acc_align': 87.869}
[18 / 20] Learning rate: 1e-05 weight: 0.01
[18 / 20] Loss: 4.638377672756748 CE Loss: 0.32711051864819507 Con Loss: 4.635106582418193
[18 / 20] tensor([[0.853, 0.775],
        [0.874, 0.903]]) {'epoch': 18, 'valid/acc': 86.118, 'valid/acc_unbiased': 86.549, 'valid/diff': 3.18, 'valid/acc_skew': 85.427, 'valid/acc_align': 87.671, 'test/acc': 84.937, 'test/acc_unbiased': 85.16, 'test/diff': 5.326, 'test/acc_skew': 82.497, 'test/acc_align': 87.823}
[18 / 20] best valid accuracy: 86.805 at epoch 10 
 best_stats: {'best_valid_epoch': 10, 'best_valid_valid/acc': 86.667, 'best_valid_valid/acc_unbiased': 86.805, 'best_valid_valid/diff': 1.491, 'best_valid_valid/acc_skew': 86.234, 'best_valid_valid/acc_align': 87.376, 'best_valid_test/acc': 85.316, 'best_valid_test/acc_unbiased': 85.395, 'best_valid_test/diff': 3.677, 'best_valid_test/acc_skew': 83.556, 'best_valid_test/acc_align': 87.233}
[18 / 20] best test accuracy: 85.478 at epoch 14 
 best_stats: {'best_test_epoch': 14, 'best_test_valid/acc': 86.371, 'best_test_valid/acc_unbiased': 86.697, 'best_test_valid/diff': 2.101, 'best_test_valid/acc_skew': 85.647, 'best_test_valid/acc_align': 87.748, 'best_test_test/acc': 85.274, 'best_test_test/acc_unbiased': 85.478, 'best_test_test/diff': 4.781, 'best_test_test/acc_skew': 83.088, 'best_test_test/acc_align': 87.869}
[19 / 20] Learning rate: 1e-05 weight: 0.01
[19 / 20] Loss: 4.637309107913105 CE Loss: 0.314675539601076 Con Loss: 4.6341623429149
[19 / 20] tensor([[0.858, 0.786],
        [0.868, 0.899]]) {'epoch': 19, 'valid/acc': 86.793, 'valid/acc_unbiased': 87.127, 'valid/diff': 2.444, 'valid/acc_skew': 86.231, 'valid/acc_align': 88.022, 'test/acc': 85.105, 'test/acc_unbiased': 85.279, 'test/diff': 5.18, 'test/acc_skew': 82.689, 'test/acc_align': 87.869}
[19 / 20] best valid accuracy: 87.127 at epoch 19 
 best_stats: {'best_valid_epoch': 19, 'best_valid_valid/acc': 86.793, 'best_valid_valid/acc_unbiased': 87.127, 'best_valid_valid/diff': 2.444, 'best_valid_valid/acc_skew': 86.231, 'best_valid_valid/acc_align': 88.022, 'best_valid_test/acc': 85.105, 'best_valid_test/acc_unbiased': 85.279, 'best_valid_test/diff': 5.18, 'best_valid_test/acc_skew': 82.689, 'best_valid_test/acc_align': 87.869}
[19 / 20] best test accuracy: 85.478 at epoch 14 
 best_stats: {'best_test_epoch': 14, 'best_test_valid/acc': 86.371, 'best_test_valid/acc_unbiased': 86.697, 'best_test_valid/diff': 2.101, 'best_test_valid/acc_skew': 85.647, 'best_test_valid/acc_align': 87.748, 'best_test_test/acc': 85.274, 'best_test_test/acc_unbiased': 85.478, 'best_test_test/diff': 4.781, 'best_test_test/acc_skew': 83.088, 'best_test_test/acc_align': 87.869}
[20 / 20] Learning rate: 1e-05 weight: 0.01
[20 / 20] Loss: 4.640818602867741 CE Loss: 0.31552088341374346 Con Loss: 4.6376633776752705
[20 / 20] tensor([[0.853, 0.771],
        [0.885, 0.905]]) {'epoch': 20, 'valid/acc': 86.456, 'valid/acc_unbiased': 86.885, 'valid/diff': 2.477, 'valid/acc_skew': 85.901, 'valid/acc_align': 87.87, 'test/acc': 85.063, 'test/acc_unbiased': 85.357, 'test/diff': 5.081, 'test/acc_skew': 82.817, 'test/acc_align': 87.898}
[20 / 20] best valid accuracy: 87.127 at epoch 19 
 best_stats: {'best_valid_epoch': 19, 'best_valid_valid/acc': 86.793, 'best_valid_valid/acc_unbiased': 87.127, 'best_valid_valid/diff': 2.444, 'best_valid_valid/acc_skew': 86.231, 'best_valid_valid/acc_align': 88.022, 'best_valid_test/acc': 85.105, 'best_valid_test/acc_unbiased': 85.279, 'best_valid_test/diff': 5.18, 'best_valid_test/acc_skew': 82.689, 'best_valid_test/acc_align': 87.869}
[20 / 20] best test accuracy: 85.478 at epoch 14 
 best_stats: {'best_test_epoch': 14, 'best_test_valid/acc': 86.371, 'best_test_valid/acc_unbiased': 86.697, 'best_test_valid/diff': 2.101, 'best_test_valid/acc_skew': 85.647, 'best_test_valid/acc_align': 87.748, 'best_test_test/acc': 85.274, 'best_test_test/acc_unbiased': 85.478, 'best_test_test/diff': 4.781, 'best_test_test/acc_skew': 83.088, 'best_test_test/acc_align': 87.869}
Total training time: 0:17:55
