Log level set to: INFO
Set seed: 3
=======> Using Fixed Random Seed: 3 <========
save_path: exp_results/bc-bb0-utk_face_race-crop_color_blur-0.9-lr0.001-bs128-cbs64-w0.01-ratio10-aug1-seed3
get_utk_face - split: train, aug: False, given_y: True, ratio: 0
use existing biased_utk_face from data/utk_face/pickles/biased_utk_face-target_gender-bias_race-0.9
Distribution Before Sampling: 
===================================
Binary Labels Distribution: 
Binary Target 0
---------------------------
Target 0: [4407, 552]
Target 1: [440, 5529]
Binary Target 1
---------------------------
Target 0: [4407, 552]
Target 1: [440, 5529]
===================================
Normal Label Distribution: 
Target 0: [4407, 552]
Target 1: [440, 5529]
===================================
Distribution After Sampling: 
===================================
Binary Labels Distribution: 
Binary Target 0
---------------------------
Target 0: [4407, 552]
Target 1: [440, 5529]
Binary Target 1
---------------------------
Target 0: [4407, 552]
Target 1: [440, 5529]
===================================
Normal Label Distribution: 
Target 0: [4407, 552]
Target 1: [440, 5529]
===================================
Use BiasedUTKFace - target_attr: gender
BiasedUTKFace -- total: 10928, target_attr: gender, bias_attr: race bias_rate: 0.9
['[train] target_0-bias_0: 4407', '[train] target_0-bias_1: 552', '[train] target_1-bias_0: 440', '[train] target_1-bias_1: 5529']
confusion_matrix - 
 original: tensor([[4407.,  440.],
        [ 552., 5529.]]), 
 normalized: tensor([[0.909, 0.091],
        [0.091, 0.909]]), 
 b|y: tensor([[0.889, 0.111],
        [0.074, 0.926]])
get_utk_face - split: train, aug: 1, given_y: True, ratio: 10
use existing biased_utk_face from data/utk_face/pickles/biased_utk_face-target_gender-bias_race-0.9
Distribution Before Sampling: 
===================================
Binary Labels Distribution: 
Binary Target 0
---------------------------
Target 0: [4407, 552]
Target 1: [440, 5529]
Binary Target 1
---------------------------
Target 0: [4407, 552]
Target 1: [440, 5529]
===================================
Normal Label Distribution: 
Target 0: [4407, 552]
Target 1: [440, 5529]
===================================
Distribution After Sampling: 
===================================
Binary Labels Distribution: 
Binary Target 0
---------------------------
Target 0: [4407, 552]
Target 1: [440, 5529]
Binary Target 1
---------------------------
Target 0: [4407, 552]
Target 1: [440, 5529]
===================================
Normal Label Distribution: 
Target 0: [4407, 552]
Target 1: [440, 5529]
===================================
Use BiasedUTKFace - target_attr: gender
BiasedUTKFace -- total: 10928, target_attr: gender, bias_attr: race bias_rate: 0.9
['[train] target_0-bias_0: 4407', '[train] target_0-bias_1: 552', '[train] target_1-bias_0: 440', '[train] target_1-bias_1: 5529']
get_utk_face - split: valid, aug: False, given_y: True, ratio: 0
use existing biased_utk_face from data/utk_face/pickles/biased_utk_face-target_gender-bias_race-0.9
Distribution Before Sampling: 
===================================
Binary Labels Distribution: 
Binary Target 0
---------------------------
Target 0: [583, 684]
Target 1: [457, 646]
Binary Target 1
---------------------------
Target 0: [583, 684]
Target 1: [457, 646]
===================================
Normal Label Distribution: 
Target 0: [583, 684]
Target 1: [457, 646]
===================================
Use BiasedUTKFace - target_attr: gender
BiasedUTKFace -- total: 2370, target_attr: gender, bias_attr: race bias_rate: 0.9
['[valid] target_0-bias_0: 583', '[valid] target_0-bias_1: 684', '[valid] target_1-bias_0: 457', '[valid] target_1-bias_1: 646']
get_utk_face - split: test, aug: False, given_y: True, ratio: 0
use existing biased_utk_face from data/utk_face/pickles/biased_utk_face-target_gender-bias_race-0.9
Distribution Before Sampling: 
===================================
Binary Labels Distribution: 
Binary Target 0
---------------------------
Target 0: [558, 677]
Target 1: [462, 673]
Binary Target 1
---------------------------
Target 0: [558, 677]
Target 1: [462, 673]
===================================
Normal Label Distribution: 
Target 0: [558, 677]
Target 1: [462, 673]
===================================
Use BiasedUTKFace - target_attr: gender
BiasedUTKFace -- total: 2370, target_attr: gender, bias_attr: race bias_rate: 0.9
['[test] target_0-bias_0: 558', '[test] target_0-bias_1: 677', '[test] target_1-bias_0: 462', '[test] target_1-bias_1: 673']
decay_epochs: [6, 13]
[1 / 20] Learning rate: 0.001 weight: 0.01
[1 / 20] Loss: 4.910164649455125 CE Loss: 0.6016309365171988 Con Loss: 4.904148345461352
[1 / 20] tensor([[0.799, 0.739],
        [0.742, 0.792]]) {'epoch': 1, 'valid/acc': 76.835, 'valid/acc_unbiased': 76.581, 'valid/diff': 5.148, 'valid/acc_skew': 74.007, 'valid/acc_align': 79.155, 'test/acc': 76.878, 'test/acc_unbiased': 76.806, 'test/diff': 5.514, 'test/acc_skew': 74.049, 'test/acc_align': 79.563}
[1 / 20] best valid accuracy: 76.581 at epoch 1 
 best_stats: {'best_valid_epoch': 1, 'best_valid_valid/acc': 76.835, 'best_valid_valid/acc_unbiased': 76.581, 'best_valid_valid/diff': 5.148, 'best_valid_valid/acc_skew': 74.007, 'best_valid_valid/acc_align': 79.155, 'best_valid_test/acc': 76.878, 'best_valid_test/acc_unbiased': 76.806, 'best_valid_test/diff': 5.514, 'best_valid_test/acc_skew': 74.049, 'best_valid_test/acc_align': 79.563}
[1 / 20] best test accuracy: 76.806 at epoch 1 
 best_stats: {'best_test_epoch': 1, 'best_test_valid/acc': 76.835, 'best_test_valid/acc_unbiased': 76.581, 'best_test_valid/diff': 5.148, 'best_test_valid/acc_skew': 74.007, 'best_test_valid/acc_align': 79.155, 'best_test_test/acc': 76.878, 'best_test_test/acc_unbiased': 76.806, 'best_test_test/diff': 5.514, 'best_test_test/acc_skew': 74.049, 'best_test_test/acc_align': 79.563}
[2 / 20] Learning rate: 0.001 weight: 0.01
[2 / 20] Loss: 4.811516702436947 CE Loss: 0.4981828763491936 Con Loss: 4.806534860703118
[2 / 20] tensor([[0.744, 0.710],
        [0.846, 0.872]]) {'epoch': 2, 'valid/acc': 79.451, 'valid/acc_unbiased': 80.022, 'valid/diff': 2.346, 'valid/acc_skew': 79.437, 'valid/acc_align': 80.607, 'test/acc': 79.072, 'test/acc_unbiased': 79.319, 'test/diff': 2.957, 'test/acc_skew': 77.84, 'test/acc_align': 80.797}
[2 / 20] best valid accuracy: 80.022 at epoch 2 
 best_stats: {'best_valid_epoch': 2, 'best_valid_valid/acc': 79.451, 'best_valid_valid/acc_unbiased': 80.022, 'best_valid_valid/diff': 2.346, 'best_valid_valid/acc_skew': 79.437, 'best_valid_valid/acc_align': 80.607, 'best_valid_test/acc': 79.072, 'best_valid_test/acc_unbiased': 79.319, 'best_valid_test/diff': 2.957, 'best_valid_test/acc_skew': 77.84, 'best_valid_test/acc_align': 80.797}
[2 / 20] best test accuracy: 79.319 at epoch 2 
 best_stats: {'best_test_epoch': 2, 'best_test_valid/acc': 79.451, 'best_test_valid/acc_unbiased': 80.022, 'best_test_valid/diff': 2.346, 'best_test_valid/acc_skew': 79.437, 'best_test_valid/acc_align': 80.607, 'best_test_test/acc': 79.072, 'best_test_test/acc_unbiased': 79.319, 'best_test_test/diff': 2.957, 'best_test_test/acc_skew': 77.84, 'best_test_test/acc_align': 80.797}
[3 / 20] Learning rate: 0.001 weight: 0.01
[3 / 20] Loss: 4.787054087721237 CE Loss: 0.47331861883270965 Con Loss: 4.782320876421726
[3 / 20] tensor([[0.907, 0.873],
        [0.643, 0.678]]) {'epoch': 3, 'valid/acc': 78.312, 'valid/acc_unbiased': 77.472, 'valid/diff': 0.262, 'valid/acc_skew': 77.341, 'valid/acc_align': 77.603, 'test/acc': 78.059, 'test/acc_unbiased': 77.505, 'test/diff': 3.427, 'test/acc_skew': 75.791, 'test/acc_align': 79.219}
[3 / 20] best valid accuracy: 80.022 at epoch 2 
 best_stats: {'best_valid_epoch': 2, 'best_valid_valid/acc': 79.451, 'best_valid_valid/acc_unbiased': 80.022, 'best_valid_valid/diff': 2.346, 'best_valid_valid/acc_skew': 79.437, 'best_valid_valid/acc_align': 80.607, 'best_valid_test/acc': 79.072, 'best_valid_test/acc_unbiased': 79.319, 'best_valid_test/diff': 2.957, 'best_valid_test/acc_skew': 77.84, 'best_valid_test/acc_align': 80.797}
[3 / 20] best test accuracy: 79.319 at epoch 2 
 best_stats: {'best_test_epoch': 2, 'best_test_valid/acc': 79.451, 'best_test_valid/acc_unbiased': 80.022, 'best_test_valid/diff': 2.346, 'best_test_valid/acc_skew': 79.437, 'best_test_valid/acc_align': 80.607, 'best_test_test/acc': 79.072, 'best_test_test/acc_unbiased': 79.319, 'best_test_test/diff': 2.957, 'best_test_test/acc_skew': 77.84, 'best_test_test/acc_align': 80.797}
[4 / 20] Learning rate: 0.001 weight: 0.01
[4 / 20] Loss: 4.7774290710382195 CE Loss: 0.46036140138547904 Con Loss: 4.772825447741574
[4 / 20] tensor([[0.765, 0.651],
        [0.872, 0.912]]) {'epoch': 4, 'valid/acc': 78.987, 'valid/acc_unbiased': 79.629, 'valid/diff': 4.99, 'valid/acc_skew': 77.134, 'valid/acc_align': 82.123, 'test/acc': 79.536, 'test/acc_unbiased': 80.032, 'test/diff': 7.693, 'test/acc_skew': 76.185, 'test/acc_align': 83.878}
[4 / 20] best valid accuracy: 80.022 at epoch 2 
 best_stats: {'best_valid_epoch': 2, 'best_valid_valid/acc': 79.451, 'best_valid_valid/acc_unbiased': 80.022, 'best_valid_valid/diff': 2.346, 'best_valid_valid/acc_skew': 79.437, 'best_valid_valid/acc_align': 80.607, 'best_valid_test/acc': 79.072, 'best_valid_test/acc_unbiased': 79.319, 'best_valid_test/diff': 2.957, 'best_valid_test/acc_skew': 77.84, 'best_valid_test/acc_align': 80.797}
[4 / 20] best test accuracy: 80.032 at epoch 4 
 best_stats: {'best_test_epoch': 4, 'best_test_valid/acc': 78.987, 'best_test_valid/acc_unbiased': 79.629, 'best_test_valid/diff': 4.99, 'best_test_valid/acc_skew': 77.134, 'best_test_valid/acc_align': 82.123, 'best_test_test/acc': 79.536, 'best_test_test/acc_unbiased': 80.032, 'best_test_test/diff': 7.693, 'best_test_test/acc_skew': 76.185, 'best_test_test/acc_align': 83.878}
[5 / 20] Learning rate: 0.001 weight: 0.01
[5 / 20] Loss: 4.759069314987384 CE Loss: 0.4471095693931747 Con Loss: 4.754598209135354
[5 / 20] tensor([[0.744, 0.727],
        [0.835, 0.872]]) {'epoch': 5, 'valid/acc': 81.139, 'valid/acc_unbiased': 81.591, 'valid/diff': 1.83, 'valid/acc_skew': 82.505, 'valid/acc_align': 80.676, 'test/acc': 79.325, 'test/acc_unbiased': 79.454, 'test/diff': 2.685, 'test/acc_skew': 78.112, 'test/acc_align': 80.797}
[5 / 20] best valid accuracy: 81.591 at epoch 5 
 best_stats: {'best_valid_epoch': 5, 'best_valid_valid/acc': 81.139, 'best_valid_valid/acc_unbiased': 81.591, 'best_valid_valid/diff': 1.83, 'best_valid_valid/acc_skew': 82.505, 'best_valid_valid/acc_align': 80.676, 'best_valid_test/acc': 79.325, 'best_valid_test/acc_unbiased': 79.454, 'best_valid_test/diff': 2.685, 'best_valid_test/acc_skew': 78.112, 'best_valid_test/acc_align': 80.797}
[5 / 20] best test accuracy: 80.032 at epoch 4 
 best_stats: {'best_test_epoch': 4, 'best_test_valid/acc': 78.987, 'best_test_valid/acc_unbiased': 79.629, 'best_test_valid/diff': 4.99, 'best_test_valid/acc_skew': 77.134, 'best_test_valid/acc_align': 82.123, 'best_test_test/acc': 79.536, 'best_test_test/acc_unbiased': 80.032, 'best_test_test/diff': 7.693, 'best_test_test/acc_skew': 76.185, 'best_test_test/acc_align': 83.878}
[6 / 20] Learning rate: 0.001 weight: 0.01
[6 / 20] Loss: 4.750313179384737 CE Loss: 0.44052527768545585 Con Loss: 4.745907937101529
[6 / 20] tensor([[0.776, 0.740],
        [0.844, 0.854]]) {'epoch': 6, 'valid/acc': 81.097, 'valid/acc_unbiased': 81.515, 'valid/diff': 2.495, 'valid/acc_skew': 82.762, 'valid/acc_align': 80.268, 'test/acc': 80.127, 'test/acc_unbiased': 80.364, 'test/diff': 2.309, 'test/acc_skew': 79.209, 'test/acc_align': 81.518}
[6 / 20] best valid accuracy: 81.591 at epoch 5 
 best_stats: {'best_valid_epoch': 5, 'best_valid_valid/acc': 81.139, 'best_valid_valid/acc_unbiased': 81.591, 'best_valid_valid/diff': 1.83, 'best_valid_valid/acc_skew': 82.505, 'best_valid_valid/acc_align': 80.676, 'best_valid_test/acc': 79.325, 'best_valid_test/acc_unbiased': 79.454, 'best_valid_test/diff': 2.685, 'best_valid_test/acc_skew': 78.112, 'best_valid_test/acc_align': 80.797}
[6 / 20] best test accuracy: 80.364 at epoch 6 
 best_stats: {'best_test_epoch': 6, 'best_test_valid/acc': 81.097, 'best_test_valid/acc_unbiased': 81.515, 'best_test_valid/diff': 2.495, 'best_test_valid/acc_skew': 82.762, 'best_test_valid/acc_align': 80.268, 'best_test_test/acc': 80.127, 'best_test_test/acc_unbiased': 80.364, 'best_test_test/diff': 2.309, 'best_test_test/acc_skew': 79.209, 'best_test_test/acc_align': 81.518}
[7 / 20] Learning rate: 0.0001 weight: 0.01
[7 / 20] Loss: 4.719954872550239 CE Loss: 0.39732930208195005 Con Loss: 4.715981558859784
[7 / 20] tensor([[0.808, 0.753],
        [0.833, 0.893]]) {'epoch': 7, 'valid/acc': 82.489, 'valid/acc_unbiased': 82.948, 'valid/diff': 2.532, 'valid/acc_skew': 83.455, 'valid/acc_align': 82.441, 'test/acc': 82.152, 'test/acc_unbiased': 82.198, 'test/diff': 5.73, 'test/acc_skew': 79.333, 'test/acc_align': 85.063}
[7 / 20] best valid accuracy: 82.948 at epoch 7 
 best_stats: {'best_valid_epoch': 7, 'best_valid_valid/acc': 82.489, 'best_valid_valid/acc_unbiased': 82.948, 'best_valid_valid/diff': 2.532, 'best_valid_valid/acc_skew': 83.455, 'best_valid_valid/acc_align': 82.441, 'best_valid_test/acc': 82.152, 'best_valid_test/acc_unbiased': 82.198, 'best_valid_test/diff': 5.73, 'best_valid_test/acc_skew': 79.333, 'best_valid_test/acc_align': 85.063}
[7 / 20] best test accuracy: 82.198 at epoch 7 
 best_stats: {'best_test_epoch': 7, 'best_test_valid/acc': 82.489, 'best_test_valid/acc_unbiased': 82.948, 'best_test_valid/diff': 2.532, 'best_test_valid/acc_skew': 83.455, 'best_test_valid/acc_align': 82.441, 'best_test_test/acc': 82.152, 'best_test_test/acc_unbiased': 82.198, 'best_test_test/diff': 5.73, 'best_test_test/acc_skew': 79.333, 'best_test_test/acc_align': 85.063}
[8 / 20] Learning rate: 0.0001 weight: 0.01
[8 / 20] Loss: 4.690514461885957 CE Loss: 0.39118132130467875 Con Loss: 4.6866026580944595
[8 / 20] tensor([[0.805, 0.742],
        [0.859, 0.905]]) {'epoch': 8, 'valid/acc': 82.152, 'valid/acc_unbiased': 82.629, 'valid/diff': 2.608, 'valid/acc_skew': 82.834, 'valid/acc_align': 82.424, 'test/acc': 82.574, 'test/acc_unbiased': 82.759, 'test/diff': 5.437, 'test/acc_skew': 80.041, 'test/acc_align': 85.478}
[8 / 20] best valid accuracy: 82.948 at epoch 7 
 best_stats: {'best_valid_epoch': 7, 'best_valid_valid/acc': 82.489, 'best_valid_valid/acc_unbiased': 82.948, 'best_valid_valid/diff': 2.532, 'best_valid_valid/acc_skew': 83.455, 'best_valid_valid/acc_align': 82.441, 'best_valid_test/acc': 82.152, 'best_valid_test/acc_unbiased': 82.198, 'best_valid_test/diff': 5.73, 'best_valid_test/acc_skew': 79.333, 'best_valid_test/acc_align': 85.063}
[8 / 20] best test accuracy: 82.759 at epoch 8 
 best_stats: {'best_test_epoch': 8, 'best_test_valid/acc': 82.152, 'best_test_valid/acc_unbiased': 82.629, 'best_test_valid/diff': 2.608, 'best_test_valid/acc_skew': 82.834, 'best_test_valid/acc_align': 82.424, 'best_test_test/acc': 82.574, 'best_test_test/acc_unbiased': 82.759, 'best_test_test/diff': 5.437, 'best_test_test/acc_skew': 80.041, 'best_test_test/acc_align': 85.478}
[9 / 20] Learning rate: 0.0001 weight: 0.01
[9 / 20] Loss: 4.68689075291244 CE Loss: 0.37286791279584736 Con Loss: 4.683162086006488
[9 / 20] tensor([[0.797, 0.712],
        [0.877, 0.914]]) {'epoch': 9, 'valid/acc': 83.249, 'valid/acc_unbiased': 83.822, 'valid/diff': 1.82, 'valid/acc_skew': 83.489, 'valid/acc_align': 84.154, 'test/acc': 82.152, 'test/acc_unbiased': 82.497, 'test/diff': 6.136, 'test/acc_skew': 79.429, 'test/acc_align': 85.565}
[9 / 20] best valid accuracy: 83.822 at epoch 9 
 best_stats: {'best_valid_epoch': 9, 'best_valid_valid/acc': 83.249, 'best_valid_valid/acc_unbiased': 83.822, 'best_valid_valid/diff': 1.82, 'best_valid_valid/acc_skew': 83.489, 'best_valid_valid/acc_align': 84.154, 'best_valid_test/acc': 82.152, 'best_valid_test/acc_unbiased': 82.497, 'best_valid_test/diff': 6.136, 'best_valid_test/acc_skew': 79.429, 'best_valid_test/acc_align': 85.565}
[9 / 20] best test accuracy: 82.759 at epoch 8 
 best_stats: {'best_test_epoch': 8, 'best_test_valid/acc': 82.152, 'best_test_valid/acc_unbiased': 82.629, 'best_test_valid/diff': 2.608, 'best_test_valid/acc_skew': 82.834, 'best_test_valid/acc_align': 82.424, 'best_test_test/acc': 82.574, 'best_test_test/acc_unbiased': 82.759, 'best_test_test/diff': 5.437, 'best_test_test/acc_skew': 80.041, 'best_test_test/acc_align': 85.478}
[10 / 20] Learning rate: 0.0001 weight: 0.01
[10 / 20] Loss: 4.662661036495583 CE Loss: 0.37190121874802284 Con Loss: 4.658942004772092
[10 / 20] tensor([[0.812, 0.746],
        [0.866, 0.895]]) {'epoch': 10, 'valid/acc': 83.671, 'valid/acc_unbiased': 83.978, 'valid/diff': 0.897, 'valid/acc_skew': 83.529, 'valid/acc_align': 84.426, 'test/acc': 82.7, 'test/acc_unbiased': 82.952, 'test/diff': 4.73, 'test/acc_skew': 80.587, 'test/acc_align': 85.317}
[10 / 20] best valid accuracy: 83.978 at epoch 10 
 best_stats: {'best_valid_epoch': 10, 'best_valid_valid/acc': 83.671, 'best_valid_valid/acc_unbiased': 83.978, 'best_valid_valid/diff': 0.897, 'best_valid_valid/acc_skew': 83.529, 'best_valid_valid/acc_align': 84.426, 'best_valid_test/acc': 82.7, 'best_valid_test/acc_unbiased': 82.952, 'best_valid_test/diff': 4.73, 'best_valid_test/acc_skew': 80.587, 'best_valid_test/acc_align': 85.317}
[10 / 20] best test accuracy: 82.952 at epoch 10 
 best_stats: {'best_test_epoch': 10, 'best_test_valid/acc': 83.671, 'best_test_valid/acc_unbiased': 83.978, 'best_test_valid/diff': 0.897, 'best_test_valid/acc_skew': 83.529, 'best_test_valid/acc_align': 84.426, 'best_test_test/acc': 82.7, 'best_test_test/acc_unbiased': 82.952, 'best_test_test/diff': 4.73, 'best_test_test/acc_skew': 80.587, 'best_test_test/acc_align': 85.317}
[11 / 20] Learning rate: 0.0001 weight: 0.01
[11 / 20] Loss: 4.670832645142585 CE Loss: 0.3630860876373805 Con Loss: 4.667201785007996
[11 / 20] tensor([[0.799, 0.733],
        [0.870, 0.921]]) {'epoch': 11, 'valid/acc': 83.797, 'valid/acc_unbiased': 84.257, 'valid/diff': 2.045, 'valid/acc_skew': 83.234, 'valid/acc_align': 85.28, 'test/acc': 82.869, 'test/acc_unbiased': 83.083, 'test/diff': 5.888, 'test/acc_skew': 80.139, 'test/acc_align': 86.027}
[11 / 20] best valid accuracy: 84.257 at epoch 11 
 best_stats: {'best_valid_epoch': 11, 'best_valid_valid/acc': 83.797, 'best_valid_valid/acc_unbiased': 84.257, 'best_valid_valid/diff': 2.045, 'best_valid_valid/acc_skew': 83.234, 'best_valid_valid/acc_align': 85.28, 'best_valid_test/acc': 82.869, 'best_valid_test/acc_unbiased': 83.083, 'best_valid_test/diff': 5.888, 'best_valid_test/acc_skew': 80.139, 'best_valid_test/acc_align': 86.027}
[11 / 20] best test accuracy: 83.083 at epoch 11 
 best_stats: {'best_test_epoch': 11, 'best_test_valid/acc': 83.797, 'best_test_valid/acc_unbiased': 84.257, 'best_test_valid/diff': 2.045, 'best_test_valid/acc_skew': 83.234, 'best_test_valid/acc_align': 85.28, 'best_test_test/acc': 82.869, 'best_test_test/acc_unbiased': 83.083, 'best_test_test/diff': 5.888, 'best_test_test/acc_skew': 80.139, 'best_test_test/acc_align': 86.027}
[12 / 20] Learning rate: 0.0001 weight: 0.01
[12 / 20] Loss: 4.658046333541982 CE Loss: 0.3579692807850342 Con Loss: 4.654466654161758
[12 / 20] tensor([[0.810, 0.721],
        [0.877, 0.917]]) {'epoch': 12, 'valid/acc': 83.966, 'valid/acc_unbiased': 84.474, 'valid/diff': 3.138, 'valid/acc_skew': 82.905, 'valid/acc_align': 86.043, 'test/acc': 82.785, 'test/acc_unbiased': 83.107, 'test/diff': 6.469, 'test/acc_skew': 79.873, 'test/acc_align': 86.341}
[12 / 20] best valid accuracy: 84.474 at epoch 12 
 best_stats: {'best_valid_epoch': 12, 'best_valid_valid/acc': 83.966, 'best_valid_valid/acc_unbiased': 84.474, 'best_valid_valid/diff': 3.138, 'best_valid_valid/acc_skew': 82.905, 'best_valid_valid/acc_align': 86.043, 'best_valid_test/acc': 82.785, 'best_valid_test/acc_unbiased': 83.107, 'best_valid_test/diff': 6.469, 'best_valid_test/acc_skew': 79.873, 'best_valid_test/acc_align': 86.341}
[12 / 20] best test accuracy: 83.107 at epoch 12 
 best_stats: {'best_test_epoch': 12, 'best_test_valid/acc': 83.966, 'best_test_valid/acc_unbiased': 84.474, 'best_test_valid/diff': 3.138, 'best_test_valid/acc_skew': 82.905, 'best_test_valid/acc_align': 86.043, 'best_test_test/acc': 82.785, 'best_test_test/acc_unbiased': 83.107, 'best_test_test/diff': 6.469, 'best_test_test/acc_skew': 79.873, 'best_test_test/acc_align': 86.341}
[13 / 20] Learning rate: 0.0001 weight: 0.01
[13 / 20] Loss: 4.653493196339419 CE Loss: 0.34644609000288373 Con Loss: 4.6500287398063245
[13 / 20] tensor([[0.835, 0.765],
        [0.844, 0.908]]) {'epoch': 13, 'valid/acc': 84.81, 'valid/acc_unbiased': 85.06, 'valid/diff': 2.77, 'valid/acc_skew': 83.675, 'valid/acc_align': 86.445, 'test/acc': 83.755, 'test/acc_unbiased': 83.807, 'test/diff': 6.685, 'test/acc_skew': 80.465, 'test/acc_align': 87.15}
[13 / 20] best valid accuracy: 85.060 at epoch 13 
 best_stats: {'best_valid_epoch': 13, 'best_valid_valid/acc': 84.81, 'best_valid_valid/acc_unbiased': 85.06, 'best_valid_valid/diff': 2.77, 'best_valid_valid/acc_skew': 83.675, 'best_valid_valid/acc_align': 86.445, 'best_valid_test/acc': 83.755, 'best_valid_test/acc_unbiased': 83.807, 'best_valid_test/diff': 6.685, 'best_valid_test/acc_skew': 80.465, 'best_valid_test/acc_align': 87.15}
[13 / 20] best test accuracy: 83.807 at epoch 13 
 best_stats: {'best_test_epoch': 13, 'best_test_valid/acc': 84.81, 'best_test_valid/acc_unbiased': 85.06, 'best_test_valid/diff': 2.77, 'best_test_valid/acc_skew': 83.675, 'best_test_valid/acc_align': 86.445, 'best_test_test/acc': 83.755, 'best_test_test/acc_unbiased': 83.807, 'best_test_test/diff': 6.685, 'best_test_test/acc_skew': 80.465, 'best_test_test/acc_align': 87.15}
[14 / 20] Learning rate: 1e-05 weight: 0.01
[14 / 20] Loss: 4.641901595002561 CE Loss: 0.3541417105742464 Con Loss: 4.638360181280669
[14 / 20] tensor([[0.806, 0.737],
        [0.870, 0.923]]) {'epoch': 14, 'valid/acc': 84.599, 'valid/acc_unbiased': 85.024, 'valid/diff': 2.847, 'valid/acc_skew': 83.6, 'valid/acc_align': 86.447, 'test/acc': 83.207, 'test/acc_unbiased': 83.41, 'test/diff': 6.099, 'test/acc_skew': 80.36, 'test/acc_align': 86.459}
[14 / 20] best valid accuracy: 85.060 at epoch 13 
 best_stats: {'best_valid_epoch': 13, 'best_valid_valid/acc': 84.81, 'best_valid_valid/acc_unbiased': 85.06, 'best_valid_valid/diff': 2.77, 'best_valid_valid/acc_skew': 83.675, 'best_valid_valid/acc_align': 86.445, 'best_valid_test/acc': 83.755, 'best_valid_test/acc_unbiased': 83.807, 'best_valid_test/diff': 6.685, 'best_valid_test/acc_skew': 80.465, 'best_valid_test/acc_align': 87.15}
[14 / 20] best test accuracy: 83.807 at epoch 13 
 best_stats: {'best_test_epoch': 13, 'best_test_valid/acc': 84.81, 'best_test_valid/acc_unbiased': 85.06, 'best_test_valid/diff': 2.77, 'best_test_valid/acc_skew': 83.675, 'best_test_valid/acc_align': 86.445, 'best_test_test/acc': 83.755, 'best_test_test/acc_unbiased': 83.807, 'best_test_test/diff': 6.685, 'best_test_test/acc_skew': 80.465, 'best_test_test/acc_align': 87.15}
[15 / 20] Learning rate: 1e-05 weight: 0.01
[15 / 20] Loss: 4.640620091998211 CE Loss: 0.3488755698696237 Con Loss: 4.637131359357261
[15 / 20] tensor([[0.803, 0.733],
        [0.872, 0.926]]) {'epoch': 15, 'valid/acc': 84.81, 'valid/acc_unbiased': 85.255, 'valid/diff': 3.019, 'valid/acc_skew': 83.746, 'valid/acc_align': 86.765, 'test/acc': 83.122, 'test/acc_unbiased': 83.338, 'test/diff': 6.182, 'test/acc_skew': 80.247, 'test/acc_align': 86.429}
[15 / 20] best valid accuracy: 85.255 at epoch 15 
 best_stats: {'best_valid_epoch': 15, 'best_valid_valid/acc': 84.81, 'best_valid_valid/acc_unbiased': 85.255, 'best_valid_valid/diff': 3.019, 'best_valid_valid/acc_skew': 83.746, 'best_valid_valid/acc_align': 86.765, 'best_valid_test/acc': 83.122, 'best_valid_test/acc_unbiased': 83.338, 'best_valid_test/diff': 6.182, 'best_valid_test/acc_skew': 80.247, 'best_valid_test/acc_align': 86.429}
[15 / 20] best test accuracy: 83.807 at epoch 13 
 best_stats: {'best_test_epoch': 13, 'best_test_valid/acc': 84.81, 'best_test_valid/acc_unbiased': 85.06, 'best_test_valid/diff': 2.77, 'best_test_valid/acc_skew': 83.675, 'best_test_valid/acc_align': 86.445, 'best_test_test/acc': 83.755, 'best_test_test/acc_unbiased': 83.807, 'best_test_test/diff': 6.685, 'best_test_test/acc_skew': 80.465, 'best_test_test/acc_align': 87.15}
[16 / 20] Learning rate: 1e-05 weight: 0.01
[16 / 20] Loss: 4.642426773534861 CE Loss: 0.3468889875520201 Con Loss: 4.638957883742683
[16 / 20] tensor([[0.803, 0.728],
        [0.874, 0.926]]) {'epoch': 16, 'valid/acc': 84.768, 'valid/acc_unbiased': 85.216, 'valid/diff': 2.722, 'valid/acc_skew': 83.855, 'valid/acc_align': 86.577, 'test/acc': 83.038, 'test/acc_unbiased': 83.281, 'test/diff': 6.295, 'test/acc_skew': 80.134, 'test/acc_align': 86.429}
[16 / 20] best valid accuracy: 85.255 at epoch 15 
 best_stats: {'best_valid_epoch': 15, 'best_valid_valid/acc': 84.81, 'best_valid_valid/acc_unbiased': 85.255, 'best_valid_valid/diff': 3.019, 'best_valid_valid/acc_skew': 83.746, 'best_valid_valid/acc_align': 86.765, 'best_valid_test/acc': 83.122, 'best_valid_test/acc_unbiased': 83.338, 'best_valid_test/diff': 6.182, 'best_valid_test/acc_skew': 80.247, 'best_valid_test/acc_align': 86.429}
[16 / 20] best test accuracy: 83.807 at epoch 13 
 best_stats: {'best_test_epoch': 13, 'best_test_valid/acc': 84.81, 'best_test_valid/acc_unbiased': 85.06, 'best_test_valid/diff': 2.77, 'best_test_valid/acc_skew': 83.675, 'best_test_valid/acc_align': 86.445, 'best_test_test/acc': 83.755, 'best_test_test/acc_unbiased': 83.807, 'best_test_test/diff': 6.685, 'best_test_test/acc_skew': 80.465, 'best_test_test/acc_align': 87.15}
[17 / 20] Learning rate: 1e-05 weight: 0.01
[17 / 20] Loss: 4.632673036650718 CE Loss: 0.3383438248149123 Con Loss: 4.629289597054701
[17 / 20] tensor([[0.808, 0.743],
        [0.866, 0.921]]) {'epoch': 17, 'valid/acc': 84.726, 'valid/acc_unbiased': 85.149, 'valid/diff': 2.148, 'valid/acc_skew': 84.075, 'valid/acc_align': 86.223, 'test/acc': 83.291, 'test/acc_unbiased': 83.457, 'test/diff': 6.035, 'test/acc_skew': 80.439, 'test/acc_align': 86.475}
[17 / 20] best valid accuracy: 85.255 at epoch 15 
 best_stats: {'best_valid_epoch': 15, 'best_valid_valid/acc': 84.81, 'best_valid_valid/acc_unbiased': 85.255, 'best_valid_valid/diff': 3.019, 'best_valid_valid/acc_skew': 83.746, 'best_valid_valid/acc_align': 86.765, 'best_valid_test/acc': 83.122, 'best_valid_test/acc_unbiased': 83.338, 'best_valid_test/diff': 6.182, 'best_valid_test/acc_skew': 80.247, 'best_valid_test/acc_align': 86.429}
[17 / 20] best test accuracy: 83.807 at epoch 13 
 best_stats: {'best_test_epoch': 13, 'best_test_valid/acc': 84.81, 'best_test_valid/acc_unbiased': 85.06, 'best_test_valid/diff': 2.77, 'best_test_valid/acc_skew': 83.675, 'best_test_valid/acc_align': 86.445, 'best_test_test/acc': 83.755, 'best_test_test/acc_unbiased': 83.807, 'best_test_test/diff': 6.685, 'best_test_test/acc_skew': 80.465, 'best_test_test/acc_align': 87.15}
[18 / 20] Learning rate: 1e-05 weight: 0.01
[18 / 20] Loss: 4.637671719183859 CE Loss: 0.3524644144893914 Con Loss: 4.6341470701628165
[18 / 20] tensor([[0.806, 0.740],
        [0.870, 0.917]]) {'epoch': 18, 'valid/acc': 84.937, 'valid/acc_unbiased': 85.372, 'valid/diff': 2.011, 'valid/acc_skew': 84.367, 'valid/acc_align': 86.378, 'test/acc': 83.122, 'test/acc_unbiased': 83.335, 'test/diff': 5.654, 'test/acc_skew': 80.508, 'test/acc_align': 86.162}
[18 / 20] best valid accuracy: 85.372 at epoch 18 
 best_stats: {'best_valid_epoch': 18, 'best_valid_valid/acc': 84.937, 'best_valid_valid/acc_unbiased': 85.372, 'best_valid_valid/diff': 2.011, 'best_valid_valid/acc_skew': 84.367, 'best_valid_valid/acc_align': 86.378, 'best_valid_test/acc': 83.122, 'best_valid_test/acc_unbiased': 83.335, 'best_valid_test/diff': 5.654, 'best_valid_test/acc_skew': 80.508, 'best_valid_test/acc_align': 86.162}
[18 / 20] best test accuracy: 83.807 at epoch 13 
 best_stats: {'best_test_epoch': 13, 'best_test_valid/acc': 84.81, 'best_test_valid/acc_unbiased': 85.06, 'best_test_valid/diff': 2.77, 'best_test_valid/acc_skew': 83.675, 'best_test_valid/acc_align': 86.445, 'best_test_test/acc': 83.755, 'best_test_test/acc_unbiased': 83.807, 'best_test_test/diff': 6.685, 'best_test_test/acc_skew': 80.465, 'best_test_test/acc_align': 87.15}
[19 / 20] Learning rate: 1e-05 weight: 0.01
[19 / 20] Loss: 4.623994603164025 CE Loss: 0.34604297096174247 Con Loss: 4.620534204982908
[19 / 20] tensor([[0.812, 0.743],
        [0.872, 0.918]]) {'epoch': 19, 'valid/acc': 84.979, 'valid/acc_unbiased': 85.423, 'valid/diff': 1.894, 'valid/acc_skew': 84.476, 'valid/acc_align': 86.37, 'test/acc': 83.418, 'test/acc_unbiased': 83.635, 'test/diff': 5.741, 'test/acc_skew': 80.764, 'test/acc_align': 86.505}
[19 / 20] best valid accuracy: 85.423 at epoch 19 
 best_stats: {'best_valid_epoch': 19, 'best_valid_valid/acc': 84.979, 'best_valid_valid/acc_unbiased': 85.423, 'best_valid_valid/diff': 1.894, 'best_valid_valid/acc_skew': 84.476, 'best_valid_valid/acc_align': 86.37, 'best_valid_test/acc': 83.418, 'best_valid_test/acc_unbiased': 83.635, 'best_valid_test/diff': 5.741, 'best_valid_test/acc_skew': 80.764, 'best_valid_test/acc_align': 86.505}
[19 / 20] best test accuracy: 83.807 at epoch 13 
 best_stats: {'best_test_epoch': 13, 'best_test_valid/acc': 84.81, 'best_test_valid/acc_unbiased': 85.06, 'best_test_valid/diff': 2.77, 'best_test_valid/acc_skew': 83.675, 'best_test_valid/acc_align': 86.445, 'best_test_test/acc': 83.755, 'best_test_test/acc_unbiased': 83.807, 'best_test_test/diff': 6.685, 'best_test_test/acc_skew': 80.465, 'best_test_test/acc_align': 87.15}
[20 / 20] Learning rate: 1e-05 weight: 0.01
[20 / 20] Loss: 4.622613448873271 CE Loss: 0.34244983341124885 Con Loss: 4.6191889349573
[20 / 20] tensor([[0.815, 0.744],
        [0.868, 0.920]]) {'epoch': 20, 'valid/acc': 85.063, 'valid/acc_unbiased': 85.458, 'valid/diff': 1.962, 'valid/acc_skew': 84.477, 'valid/acc_align': 86.439, 'test/acc': 83.502, 'test/acc_unbiased': 83.69, 'test/diff': 6.137, 'test/acc_skew': 80.621, 'test/acc_align': 86.759}
[20 / 20] best valid accuracy: 85.458 at epoch 20 
 best_stats: {'best_valid_epoch': 20, 'best_valid_valid/acc': 85.063, 'best_valid_valid/acc_unbiased': 85.458, 'best_valid_valid/diff': 1.962, 'best_valid_valid/acc_skew': 84.477, 'best_valid_valid/acc_align': 86.439, 'best_valid_test/acc': 83.502, 'best_valid_test/acc_unbiased': 83.69, 'best_valid_test/diff': 6.137, 'best_valid_test/acc_skew': 80.621, 'best_valid_test/acc_align': 86.759}
[20 / 20] best test accuracy: 83.807 at epoch 13 
 best_stats: {'best_test_epoch': 13, 'best_test_valid/acc': 84.81, 'best_test_valid/acc_unbiased': 85.06, 'best_test_valid/diff': 2.77, 'best_test_valid/acc_skew': 83.675, 'best_test_valid/acc_align': 86.445, 'best_test_test/acc': 83.755, 'best_test_test/acc_unbiased': 83.807, 'best_test_test/diff': 6.685, 'best_test_test/acc_skew': 80.465, 'best_test_test/acc_align': 87.15}
Total training time: 0:18:10
