Log level set to: INFO
Set seed: 3
=======> Using Fixed Random Seed: 3 <========
save_path: exp_results/bc-bb0-utk_face_race-os_0.2-0.9-lr0.001-bs128-cbs64-w0.01-ratio10-aug1-seed3
get_utk_face - split: train, aug: False, given_y: True, ratio: 0
use existing biased_utk_face from data/utk_face/pickles/biased_utk_face-target_gender-bias_race-0.9
Distribution Before Sampling: 
===================================
Binary Labels Distribution: 
Binary Target 0
---------------------------
Target 0: [4407, 552]
Target 1: [440, 5529]
Binary Target 1
---------------------------
Target 0: [4407, 552]
Target 1: [440, 5529]
===================================
Normal Label Distribution: 
Target 0: [4407, 552]
Target 1: [440, 5529]
===================================
Distribution After Sampling: 
===================================
Binary Labels Distribution: 
Binary Target 0
---------------------------
Target 0: [1105, 1105]
Target 1: [1105, 1105]
Binary Target 1
---------------------------
Target 0: [1105, 1105]
Target 1: [1105, 1105]
===================================
Normal Label Distribution: 
Target 0: [1105, 1105]
Target 1: [1105, 1105]
===================================
Use BiasedUTKFace - target_attr: gender
BiasedUTKFace -- total: 4420, target_attr: gender, bias_attr: race bias_rate: 0.9
['[train] target_0-bias_0: 1105', '[train] target_0-bias_1: 1105', '[train] target_1-bias_0: 1105', '[train] target_1-bias_1: 1105']
confusion_matrix - 
 original: tensor([[1105., 1105.],
        [1105., 1105.]]), 
 normalized: tensor([[0.500, 0.500],
        [0.500, 0.500]]), 
 b|y: tensor([[0.500, 0.500],
        [0.500, 0.500]])
get_utk_face - split: train, aug: 1, given_y: True, ratio: 10
use existing biased_utk_face from data/utk_face/pickles/biased_utk_face-target_gender-bias_race-0.9
Distribution Before Sampling: 
===================================
Binary Labels Distribution: 
Binary Target 0
---------------------------
Target 0: [4407, 552]
Target 1: [440, 5529]
Binary Target 1
---------------------------
Target 0: [4407, 552]
Target 1: [440, 5529]
===================================
Normal Label Distribution: 
Target 0: [4407, 552]
Target 1: [440, 5529]
===================================
Distribution After Sampling: 
===================================
Binary Labels Distribution: 
Binary Target 0
---------------------------
Target 0: [1105, 1105]
Target 1: [1105, 1105]
Binary Target 1
---------------------------
Target 0: [1105, 1105]
Target 1: [1105, 1105]
===================================
Normal Label Distribution: 
Target 0: [1105, 1105]
Target 1: [1105, 1105]
===================================
Use BiasedUTKFace - target_attr: gender
BiasedUTKFace -- total: 4420, target_attr: gender, bias_attr: race bias_rate: 0.9
['[train] target_0-bias_0: 1105', '[train] target_0-bias_1: 1105', '[train] target_1-bias_0: 1105', '[train] target_1-bias_1: 1105']
get_utk_face - split: valid, aug: False, given_y: True, ratio: 0
use existing biased_utk_face from data/utk_face/pickles/biased_utk_face-target_gender-bias_race-0.9
Distribution Before Sampling: 
===================================
Binary Labels Distribution: 
Binary Target 0
---------------------------
Target 0: [583, 684]
Target 1: [457, 646]
Binary Target 1
---------------------------
Target 0: [583, 684]
Target 1: [457, 646]
===================================
Normal Label Distribution: 
Target 0: [583, 684]
Target 1: [457, 646]
===================================
Use BiasedUTKFace - target_attr: gender
BiasedUTKFace -- total: 2370, target_attr: gender, bias_attr: race bias_rate: 0.9
['[valid] target_0-bias_0: 583', '[valid] target_0-bias_1: 684', '[valid] target_1-bias_0: 457', '[valid] target_1-bias_1: 646']
get_utk_face - split: test, aug: False, given_y: True, ratio: 0
use existing biased_utk_face from data/utk_face/pickles/biased_utk_face-target_gender-bias_race-0.9
Distribution Before Sampling: 
===================================
Binary Labels Distribution: 
Binary Target 0
---------------------------
Target 0: [558, 677]
Target 1: [462, 673]
Binary Target 1
---------------------------
Target 0: [558, 677]
Target 1: [462, 673]
===================================
Normal Label Distribution: 
Target 0: [558, 677]
Target 1: [462, 673]
===================================
Use BiasedUTKFace - target_attr: gender
BiasedUTKFace -- total: 2370, target_attr: gender, bias_attr: race bias_rate: 0.9
['[test] target_0-bias_0: 558', '[test] target_0-bias_1: 677', '[test] target_1-bias_0: 462', '[test] target_1-bias_1: 673']
decay_epochs: [6, 13]
[1 / 20] Learning rate: 0.001 weight: 0.01
[1 / 20] Loss: 5.011754275447103 CE Loss: 0.6679662407253663 Con Loss: 5.005074646462143
[1 / 20] tensor([[0.769, 0.733],
        [0.753, 0.802]]) {'epoch': 1, 'valid/acc': 76.371, 'valid/acc_unbiased': 76.324, 'valid/diff': 3.763, 'valid/acc_skew': 75.949, 'valid/acc_align': 76.698, 'test/acc': 76.498, 'test/acc_unbiased': 76.427, 'test/diff': 4.265, 'test/acc_skew': 76.103, 'test/acc_align': 76.751}
[1 / 20] best valid accuracy: 76.324 at epoch 1 
 best_stats: {'best_valid_epoch': 1, 'best_valid_valid/acc': 76.371, 'best_valid_valid/acc_unbiased': 76.324, 'best_valid_valid/diff': 3.763, 'best_valid_valid/acc_skew': 75.949, 'best_valid_valid/acc_align': 76.698, 'best_valid_test/acc': 76.498, 'best_valid_test/acc_unbiased': 76.427, 'best_valid_test/diff': 4.265, 'best_valid_test/acc_skew': 76.103, 'best_valid_test/acc_align': 76.751}
[1 / 20] best test accuracy: 76.427 at epoch 1 
 best_stats: {'best_test_epoch': 1, 'best_test_valid/acc': 76.371, 'best_test_valid/acc_unbiased': 76.324, 'best_test_valid/diff': 3.763, 'best_test_valid/acc_skew': 75.949, 'best_test_valid/acc_align': 76.698, 'best_test_test/acc': 76.498, 'best_test_test/acc_unbiased': 76.427, 'best_test_test/diff': 4.265, 'best_test_test/acc_skew': 76.103, 'best_test_test/acc_align': 76.751}
[2 / 20] Learning rate: 0.001 weight: 0.01
[2 / 20] Loss: 4.788110592354477 CE Loss: 0.5109875961666194 Con Loss: 4.783000698348515
[2 / 20] tensor([[0.918, 0.886],
        [0.662, 0.630]]) {'epoch': 2, 'valid/acc': 76.835, 'valid/acc_unbiased': 76.207, 'valid/diff': 4.064, 'valid/acc_skew': 78.239, 'valid/acc_align': 74.174, 'test/acc': 77.722, 'test/acc_unbiased': 77.404, 'test/diff': 3.181, 'test/acc_skew': 78.995, 'test/acc_align': 75.814}
[2 / 20] best valid accuracy: 76.324 at epoch 1 
 best_stats: {'best_valid_epoch': 1, 'best_valid_valid/acc': 76.371, 'best_valid_valid/acc_unbiased': 76.324, 'best_valid_valid/diff': 3.763, 'best_valid_valid/acc_skew': 75.949, 'best_valid_valid/acc_align': 76.698, 'best_valid_test/acc': 76.498, 'best_valid_test/acc_unbiased': 76.427, 'best_valid_test/diff': 4.265, 'best_valid_test/acc_skew': 76.103, 'best_valid_test/acc_align': 76.751}
[2 / 20] best test accuracy: 77.404 at epoch 2 
 best_stats: {'best_test_epoch': 2, 'best_test_valid/acc': 76.835, 'best_test_valid/acc_unbiased': 76.207, 'best_test_valid/diff': 4.064, 'best_test_valid/acc_skew': 78.239, 'best_test_valid/acc_align': 74.174, 'best_test_test/acc': 77.722, 'best_test_test/acc_unbiased': 77.404, 'best_test_test/diff': 3.181, 'best_test_test/acc_skew': 78.995, 'best_test_test/acc_align': 75.814}
[3 / 20] Learning rate: 0.001 weight: 0.01
[3 / 20] Loss: 4.757805184757008 CE Loss: 0.47571342417557316 Con Loss: 4.753048062648169
[3 / 20] tensor([[0.762, 0.694],
        [0.894, 0.918]]) {'epoch': 3, 'valid/acc': 79.873, 'valid/acc_unbiased': 80.627, 'valid/diff': 3.247, 'valid/acc_skew': 82.251, 'valid/acc_align': 79.003, 'test/acc': 81.266, 'test/acc_unbiased': 81.703, 'test/diff': 4.587, 'test/acc_skew': 82.779, 'test/acc_align': 80.626}
[3 / 20] best valid accuracy: 80.627 at epoch 3 
 best_stats: {'best_valid_epoch': 3, 'best_valid_valid/acc': 79.873, 'best_valid_valid/acc_unbiased': 80.627, 'best_valid_valid/diff': 3.247, 'best_valid_valid/acc_skew': 82.251, 'best_valid_valid/acc_align': 79.003, 'best_valid_test/acc': 81.266, 'best_valid_test/acc_unbiased': 81.703, 'best_valid_test/diff': 4.587, 'best_valid_test/acc_skew': 82.779, 'best_valid_test/acc_align': 80.626}
[3 / 20] best test accuracy: 81.703 at epoch 3 
 best_stats: {'best_test_epoch': 3, 'best_test_valid/acc': 79.873, 'best_test_valid/acc_unbiased': 80.627, 'best_test_valid/diff': 3.247, 'best_test_valid/acc_skew': 82.251, 'best_test_valid/acc_align': 79.003, 'best_test_test/acc': 81.266, 'best_test_test/acc_unbiased': 81.703, 'best_test_test/diff': 4.587, 'best_test_test/acc_skew': 82.779, 'best_test_test/acc_align': 80.626}
[4 / 20] Learning rate: 0.001 weight: 0.01
[4 / 20] Loss: 4.7336062245778905 CE Loss: 0.45665119462962606 Con Loss: 4.729039700106798
[4 / 20] tensor([[0.797, 0.771],
        [0.883, 0.868]]) {'epoch': 4, 'valid/acc': 82.278, 'valid/acc_unbiased': 82.635, 'valid/diff': 2.438, 'valid/acc_skew': 83.854, 'valid/acc_align': 81.416, 'test/acc': 82.658, 'test/acc_unbiased': 82.985, 'test/diff': 2.09, 'test/acc_skew': 84.03, 'test/acc_align': 81.94}
[4 / 20] best valid accuracy: 82.635 at epoch 4 
 best_stats: {'best_valid_epoch': 4, 'best_valid_valid/acc': 82.278, 'best_valid_valid/acc_unbiased': 82.635, 'best_valid_valid/diff': 2.438, 'best_valid_valid/acc_skew': 83.854, 'best_valid_valid/acc_align': 81.416, 'best_valid_test/acc': 82.658, 'best_valid_test/acc_unbiased': 82.985, 'best_valid_test/diff': 2.09, 'best_valid_test/acc_skew': 84.03, 'best_valid_test/acc_align': 81.94}
[4 / 20] best test accuracy: 82.985 at epoch 4 
 best_stats: {'best_test_epoch': 4, 'best_test_valid/acc': 82.278, 'best_test_valid/acc_unbiased': 82.635, 'best_test_valid/diff': 2.438, 'best_test_valid/acc_skew': 83.854, 'best_test_valid/acc_align': 81.416, 'best_test_test/acc': 82.658, 'best_test_test/acc_unbiased': 82.985, 'best_test_test/diff': 2.09, 'best_test_test/acc_skew': 84.03, 'best_test_test/acc_align': 81.94}
[5 / 20] Learning rate: 0.001 weight: 0.01
[5 / 20] Loss: 4.734147902527546 CE Loss: 0.43624524495720324 Con Loss: 4.7297854522774125
[5 / 20] tensor([[0.880, 0.846],
        [0.758, 0.779]]) {'epoch': 5, 'valid/acc': 83.418, 'valid/acc_unbiased': 83.383, 'valid/diff': 4.811, 'valid/acc_skew': 85.788, 'valid/acc_align': 80.977, 'test/acc': 81.772, 'test/acc_unbiased': 81.562, 'test/diff': 2.729, 'test/acc_skew': 81.875, 'test/acc_align': 81.249}
[5 / 20] best valid accuracy: 83.383 at epoch 5 
 best_stats: {'best_valid_epoch': 5, 'best_valid_valid/acc': 83.418, 'best_valid_valid/acc_unbiased': 83.383, 'best_valid_valid/diff': 4.811, 'best_valid_valid/acc_skew': 85.788, 'best_valid_valid/acc_align': 80.977, 'best_valid_test/acc': 81.772, 'best_valid_test/acc_unbiased': 81.562, 'best_valid_test/diff': 2.729, 'best_valid_test/acc_skew': 81.875, 'best_valid_test/acc_align': 81.249}
[5 / 20] best test accuracy: 82.985 at epoch 4 
 best_stats: {'best_test_epoch': 4, 'best_test_valid/acc': 82.278, 'best_test_valid/acc_unbiased': 82.635, 'best_test_valid/diff': 2.438, 'best_test_valid/acc_skew': 83.854, 'best_test_valid/acc_align': 81.416, 'best_test_test/acc': 82.658, 'best_test_test/acc_unbiased': 82.985, 'best_test_test/diff': 2.09, 'best_test_test/acc_skew': 84.03, 'best_test_test/acc_align': 81.94}
[6 / 20] Learning rate: 0.001 weight: 0.01
[6 / 20] Loss: 4.7193969722247235 CE Loss: 0.4172735802458422 Con Loss: 4.71522424361285
[6 / 20] tensor([[0.912, 0.883],
        [0.641, 0.654]]) {'epoch': 6, 'valid/acc': 78.481, 'valid/acc_unbiased': 77.961, 'valid/diff': 4.821, 'valid/acc_skew': 80.371, 'valid/acc_align': 75.55, 'test/acc': 77.764, 'test/acc_unbiased': 77.249, 'test/diff': 2.099, 'test/acc_skew': 77.644, 'test/acc_align': 76.855}
[6 / 20] best valid accuracy: 83.383 at epoch 5 
 best_stats: {'best_valid_epoch': 5, 'best_valid_valid/acc': 83.418, 'best_valid_valid/acc_unbiased': 83.383, 'best_valid_valid/diff': 4.811, 'best_valid_valid/acc_skew': 85.788, 'best_valid_valid/acc_align': 80.977, 'best_valid_test/acc': 81.772, 'best_valid_test/acc_unbiased': 81.562, 'best_valid_test/diff': 2.729, 'best_valid_test/acc_skew': 81.875, 'best_valid_test/acc_align': 81.249}
[6 / 20] best test accuracy: 82.985 at epoch 4 
 best_stats: {'best_test_epoch': 4, 'best_test_valid/acc': 82.278, 'best_test_valid/acc_unbiased': 82.635, 'best_test_valid/diff': 2.438, 'best_test_valid/acc_skew': 83.854, 'best_test_valid/acc_align': 81.416, 'best_test_test/acc': 82.658, 'best_test_test/acc_unbiased': 82.985, 'best_test_test/diff': 2.09, 'best_test_test/acc_skew': 84.03, 'best_test_test/acc_align': 81.94}
[7 / 20] Learning rate: 0.0001 weight: 0.01
[7 / 20] Loss: 4.658611786958859 CE Loss: 0.37829138161909526 Con Loss: 4.654828849205604
[7 / 20] tensor([[0.857, 0.818],
        [0.859, 0.862]]) {'epoch': 7, 'valid/acc': 84.388, 'valid/acc_unbiased': 84.578, 'valid/diff': 3.04, 'valid/acc_skew': 86.098, 'valid/acc_align': 83.058, 'test/acc': 84.768, 'test/acc_unbiased': 84.902, 'test/diff': 2.041, 'test/acc_skew': 85.797, 'test/acc_align': 84.006}
[7 / 20] best valid accuracy: 84.578 at epoch 7 
 best_stats: {'best_valid_epoch': 7, 'best_valid_valid/acc': 84.388, 'best_valid_valid/acc_unbiased': 84.578, 'best_valid_valid/diff': 3.04, 'best_valid_valid/acc_skew': 86.098, 'best_valid_valid/acc_align': 83.058, 'best_valid_test/acc': 84.768, 'best_valid_test/acc_unbiased': 84.902, 'best_valid_test/diff': 2.041, 'best_valid_test/acc_skew': 85.797, 'best_valid_test/acc_align': 84.006}
[7 / 20] best test accuracy: 84.902 at epoch 7 
 best_stats: {'best_test_epoch': 7, 'best_test_valid/acc': 84.388, 'best_test_valid/acc_unbiased': 84.578, 'best_test_valid/diff': 3.04, 'best_test_valid/acc_skew': 86.098, 'best_test_valid/acc_align': 83.058, 'best_test_test/acc': 84.768, 'best_test_test/acc_unbiased': 84.902, 'best_test_test/diff': 2.041, 'best_test_test/acc_skew': 85.797, 'best_test_test/acc_align': 84.006}
[8 / 20] Learning rate: 0.0001 weight: 0.01
[8 / 20] Loss: 4.6185419695409715 CE Loss: 0.349513178686211 Con Loss: 4.615046876588019
[8 / 20] tensor([[0.866, 0.821],
        [0.835, 0.868]]) {'epoch': 8, 'valid/acc': 84.895, 'valid/acc_unbiased': 84.9, 'valid/diff': 0.941, 'valid/acc_skew': 85.371, 'valid/acc_align': 84.43, 'test/acc': 84.768, 'test/acc_unbiased': 84.753, 'test/diff': 3.829, 'test/acc_skew': 85.054, 'test/acc_align': 84.451}
[8 / 20] best valid accuracy: 84.900 at epoch 8 
 best_stats: {'best_valid_epoch': 8, 'best_valid_valid/acc': 84.895, 'best_valid_valid/acc_unbiased': 84.9, 'best_valid_valid/diff': 0.941, 'best_valid_valid/acc_skew': 85.371, 'best_valid_valid/acc_align': 84.43, 'best_valid_test/acc': 84.768, 'best_valid_test/acc_unbiased': 84.753, 'best_valid_test/diff': 3.829, 'best_valid_test/acc_skew': 85.054, 'best_valid_test/acc_align': 84.451}
[8 / 20] best test accuracy: 84.902 at epoch 7 
 best_stats: {'best_test_epoch': 7, 'best_test_valid/acc': 84.388, 'best_test_valid/acc_unbiased': 84.578, 'best_test_valid/diff': 3.04, 'best_test_valid/acc_skew': 86.098, 'best_test_valid/acc_align': 83.058, 'best_test_test/acc': 84.768, 'best_test_test/acc_unbiased': 84.902, 'best_test_test/diff': 2.041, 'best_test_test/acc_skew': 85.797, 'best_test_test/acc_align': 84.006}
[9 / 20] Learning rate: 0.0001 weight: 0.01
[9 / 20] Loss: 4.618053932103636 CE Loss: 0.3512708229716547 Con Loss: 4.61454119617583
[9 / 20] tensor([[0.849, 0.806],
        [0.890, 0.899]]) {'epoch': 9, 'valid/acc': 84.684, 'valid/acc_unbiased': 84.999, 'valid/diff': 2.204, 'valid/acc_skew': 86.101, 'valid/acc_align': 83.897, 'test/acc': 85.907, 'test/acc_unbiased': 86.113, 'test/diff': 2.616, 'test/acc_skew': 86.954, 'test/acc_align': 85.273}
[9 / 20] best valid accuracy: 84.999 at epoch 9 
 best_stats: {'best_valid_epoch': 9, 'best_valid_valid/acc': 84.684, 'best_valid_valid/acc_unbiased': 84.999, 'best_valid_valid/diff': 2.204, 'best_valid_valid/acc_skew': 86.101, 'best_valid_valid/acc_align': 83.897, 'best_valid_test/acc': 85.907, 'best_valid_test/acc_unbiased': 86.113, 'best_valid_test/diff': 2.616, 'best_valid_test/acc_skew': 86.954, 'best_valid_test/acc_align': 85.273}
[9 / 20] best test accuracy: 86.113 at epoch 9 
 best_stats: {'best_test_epoch': 9, 'best_test_valid/acc': 84.684, 'best_test_valid/acc_unbiased': 84.999, 'best_test_valid/diff': 2.204, 'best_test_valid/acc_skew': 86.101, 'best_test_valid/acc_align': 83.897, 'best_test_test/acc': 85.907, 'best_test_test/acc_unbiased': 86.113, 'best_test_test/diff': 2.616, 'best_test_test/acc_skew': 86.954, 'best_test_test/acc_align': 85.273}
[10 / 20] Learning rate: 0.0001 weight: 0.01
[10 / 20] Loss: 4.632858228036182 CE Loss: 0.3312730967189392 Con Loss: 4.629545508682458
[10 / 20] tensor([[0.885, 0.830],
        [0.844, 0.862]]) {'epoch': 10, 'valid/acc': 84.979, 'valid/acc_unbiased': 84.931, 'valid/diff': 1.501, 'valid/acc_skew': 85.681, 'valid/acc_align': 84.18, 'test/acc': 85.485, 'test/acc_unbiased': 85.535, 'test/diff': 3.641, 'test/acc_skew': 86.473, 'test/acc_align': 84.597}
[10 / 20] best valid accuracy: 84.999 at epoch 9 
 best_stats: {'best_valid_epoch': 9, 'best_valid_valid/acc': 84.684, 'best_valid_valid/acc_unbiased': 84.999, 'best_valid_valid/diff': 2.204, 'best_valid_valid/acc_skew': 86.101, 'best_valid_valid/acc_align': 83.897, 'best_valid_test/acc': 85.907, 'best_valid_test/acc_unbiased': 86.113, 'best_valid_test/diff': 2.616, 'best_valid_test/acc_skew': 86.954, 'best_valid_test/acc_align': 85.273}
[10 / 20] best test accuracy: 86.113 at epoch 9 
 best_stats: {'best_test_epoch': 9, 'best_test_valid/acc': 84.684, 'best_test_valid/acc_unbiased': 84.999, 'best_test_valid/diff': 2.204, 'best_test_valid/acc_skew': 86.101, 'best_test_valid/acc_align': 83.897, 'best_test_test/acc': 85.907, 'best_test_test/acc_unbiased': 86.113, 'best_test_test/diff': 2.616, 'best_test_test/acc_skew': 86.954, 'best_test_test/acc_align': 85.273}
[11 / 20] Learning rate: 0.0001 weight: 0.01
[11 / 20] Loss: 4.603259208730982 CE Loss: 0.35138758615131294 Con Loss: 4.599745329688577
[11 / 20] tensor([[0.851, 0.780],
        [0.894, 0.906]]) {'epoch': 11, 'valid/acc': 84.895, 'valid/acc_unbiased': 85.202, 'valid/diff': 1.751, 'valid/acc_skew': 86.077, 'valid/acc_align': 84.327, 'test/acc': 85.485, 'test/acc_unbiased': 85.787, 'test/diff': 4.19, 'test/acc_skew': 87.26, 'test/acc_align': 84.315}
[11 / 20] best valid accuracy: 85.202 at epoch 11 
 best_stats: {'best_valid_epoch': 11, 'best_valid_valid/acc': 84.895, 'best_valid_valid/acc_unbiased': 85.202, 'best_valid_valid/diff': 1.751, 'best_valid_valid/acc_skew': 86.077, 'best_valid_valid/acc_align': 84.327, 'best_valid_test/acc': 85.485, 'best_valid_test/acc_unbiased': 85.787, 'best_valid_test/diff': 4.19, 'best_valid_test/acc_skew': 87.26, 'best_valid_test/acc_align': 84.315}
[11 / 20] best test accuracy: 86.113 at epoch 9 
 best_stats: {'best_test_epoch': 9, 'best_test_valid/acc': 84.684, 'best_test_valid/acc_unbiased': 84.999, 'best_test_valid/diff': 2.204, 'best_test_valid/acc_skew': 86.101, 'best_test_valid/acc_align': 83.897, 'best_test_test/acc': 85.907, 'best_test_test/acc_unbiased': 86.113, 'best_test_test/diff': 2.616, 'best_test_test/acc_skew': 86.954, 'best_test_test/acc_align': 85.273}
[12 / 20] Learning rate: 0.0001 weight: 0.01
[12 / 20] Loss: 4.5817568028135 CE Loss: 0.33397743990518386 Con Loss: 4.578417027589962
[12 / 20] tensor([[0.853, 0.814],
        [0.866, 0.889]]) {'epoch': 12, 'valid/acc': 84.979, 'valid/acc_unbiased': 85.162, 'valid/diff': 2.092, 'valid/acc_skew': 86.208, 'valid/acc_align': 84.116, 'test/acc': 85.443, 'test/acc_unbiased': 85.532, 'test/diff': 3.096, 'test/acc_skew': 85.942, 'test/acc_align': 85.122}
[12 / 20] best valid accuracy: 85.202 at epoch 11 
 best_stats: {'best_valid_epoch': 11, 'best_valid_valid/acc': 84.895, 'best_valid_valid/acc_unbiased': 85.202, 'best_valid_valid/diff': 1.751, 'best_valid_valid/acc_skew': 86.077, 'best_valid_valid/acc_align': 84.327, 'best_valid_test/acc': 85.485, 'best_valid_test/acc_unbiased': 85.787, 'best_valid_test/diff': 4.19, 'best_valid_test/acc_skew': 87.26, 'best_valid_test/acc_align': 84.315}
[12 / 20] best test accuracy: 86.113 at epoch 9 
 best_stats: {'best_test_epoch': 9, 'best_test_valid/acc': 84.684, 'best_test_valid/acc_unbiased': 84.999, 'best_test_valid/diff': 2.204, 'best_test_valid/acc_skew': 86.101, 'best_test_valid/acc_align': 83.897, 'best_test_test/acc': 85.907, 'best_test_test/acc_unbiased': 86.113, 'best_test_test/diff': 2.616, 'best_test_test/acc_skew': 86.954, 'best_test_test/acc_align': 85.273}
[13 / 20] Learning rate: 0.0001 weight: 0.01
[13 / 20] Loss: 4.581368316460519 CE Loss: 0.3241111294985896 Con Loss: 4.578127236172085
[13 / 20] tensor([[0.833, 0.783],
        [0.896, 0.903]]) {'epoch': 13, 'valid/acc': 84.979, 'valid/acc_unbiased': 85.34, 'valid/diff': 1.244, 'valid/acc_skew': 85.962, 'valid/acc_align': 84.718, 'test/acc': 85.105, 'test/acc_unbiased': 85.393, 'test/diff': 2.889, 'test/acc_skew': 86.472, 'test/acc_align': 84.314}
[13 / 20] best valid accuracy: 85.340 at epoch 13 
 best_stats: {'best_valid_epoch': 13, 'best_valid_valid/acc': 84.979, 'best_valid_valid/acc_unbiased': 85.34, 'best_valid_valid/diff': 1.244, 'best_valid_valid/acc_skew': 85.962, 'best_valid_valid/acc_align': 84.718, 'best_valid_test/acc': 85.105, 'best_valid_test/acc_unbiased': 85.393, 'best_valid_test/diff': 2.889, 'best_valid_test/acc_skew': 86.472, 'best_valid_test/acc_align': 84.314}
[13 / 20] best test accuracy: 86.113 at epoch 9 
 best_stats: {'best_test_epoch': 9, 'best_test_valid/acc': 84.684, 'best_test_valid/acc_unbiased': 84.999, 'best_test_valid/diff': 2.204, 'best_test_valid/acc_skew': 86.101, 'best_test_valid/acc_align': 83.897, 'best_test_test/acc': 85.907, 'best_test_test/acc_unbiased': 86.113, 'best_test_test/diff': 2.616, 'best_test_test/acc_skew': 86.954, 'best_test_test/acc_align': 85.273}
[14 / 20] Learning rate: 1e-05 weight: 0.01
[14 / 20] Loss: 4.600241693004763 CE Loss: 0.3338720093755161 Con Loss: 4.596902975021984
[14 / 20] tensor([[0.875, 0.829],
        [0.864, 0.874]]) {'epoch': 14, 'valid/acc': 85.992, 'valid/acc_unbiased': 86.023, 'valid/diff': 0.816, 'valid/acc_skew': 86.394, 'valid/acc_align': 85.651, 'test/acc': 85.907, 'test/acc_unbiased': 86.014, 'test/diff': 2.798, 'test/acc_skew': 86.909, 'test/acc_align': 85.118}
[14 / 20] best valid accuracy: 86.023 at epoch 14 
 best_stats: {'best_valid_epoch': 14, 'best_valid_valid/acc': 85.992, 'best_valid_valid/acc_unbiased': 86.023, 'best_valid_valid/diff': 0.816, 'best_valid_valid/acc_skew': 86.394, 'best_valid_valid/acc_align': 85.651, 'best_valid_test/acc': 85.907, 'best_valid_test/acc_unbiased': 86.014, 'best_valid_test/diff': 2.798, 'best_valid_test/acc_skew': 86.909, 'best_valid_test/acc_align': 85.118}
[14 / 20] best test accuracy: 86.113 at epoch 9 
 best_stats: {'best_test_epoch': 9, 'best_test_valid/acc': 84.684, 'best_test_valid/acc_unbiased': 84.999, 'best_test_valid/diff': 2.204, 'best_test_valid/acc_skew': 86.101, 'best_test_valid/acc_align': 83.897, 'best_test_test/acc': 85.907, 'best_test_test/acc_unbiased': 86.113, 'best_test_test/diff': 2.616, 'best_test_test/acc_skew': 86.954, 'best_test_test/acc_align': 85.273}
[15 / 20] Learning rate: 1e-05 weight: 0.01
[15 / 20] Loss: 4.559327427618104 CE Loss: 0.3360546985902398 Con Loss: 4.555966860568361
[15 / 20] tensor([[0.873, 0.833],
        [0.859, 0.872]]) {'epoch': 15, 'valid/acc': 85.443, 'valid/acc_unbiased': 85.499, 'valid/diff': 1.82, 'valid/acc_skew': 86.409, 'valid/acc_align': 84.589, 'test/acc': 85.865, 'test/acc_unbiased': 85.934, 'test/diff': 2.629, 'test/acc_skew': 86.603, 'test/acc_align': 85.265}
[15 / 20] best valid accuracy: 86.023 at epoch 14 
 best_stats: {'best_valid_epoch': 14, 'best_valid_valid/acc': 85.992, 'best_valid_valid/acc_unbiased': 86.023, 'best_valid_valid/diff': 0.816, 'best_valid_valid/acc_skew': 86.394, 'best_valid_valid/acc_align': 85.651, 'best_valid_test/acc': 85.907, 'best_valid_test/acc_unbiased': 86.014, 'best_valid_test/diff': 2.798, 'best_valid_test/acc_skew': 86.909, 'best_valid_test/acc_align': 85.118}
[15 / 20] best test accuracy: 86.113 at epoch 9 
 best_stats: {'best_test_epoch': 9, 'best_test_valid/acc': 84.684, 'best_test_valid/acc_unbiased': 84.999, 'best_test_valid/diff': 2.204, 'best_test_valid/acc_skew': 86.101, 'best_test_valid/acc_align': 83.897, 'best_test_test/acc': 85.907, 'best_test_test/acc_unbiased': 86.113, 'best_test_test/diff': 2.616, 'best_test_test/acc_skew': 86.954, 'best_test_test/acc_align': 85.273}
[16 / 20] Learning rate: 1e-05 weight: 0.01
[16 / 20] Loss: 4.576385694823114 CE Loss: 0.34274491422316605 Con Loss: 4.57295827132005
[16 / 20] tensor([[0.860, 0.805],
        [0.874, 0.895]]) {'epoch': 16, 'valid/acc': 85.57, 'valid/acc_unbiased': 85.796, 'valid/diff': 1.373, 'valid/acc_skew': 86.483, 'valid/acc_align': 85.109, 'test/acc': 85.696, 'test/acc_unbiased': 85.855, 'test/diff': 3.762, 'test/acc_skew': 86.734, 'test/acc_align': 84.976}
[16 / 20] best valid accuracy: 86.023 at epoch 14 
 best_stats: {'best_valid_epoch': 14, 'best_valid_valid/acc': 85.992, 'best_valid_valid/acc_unbiased': 86.023, 'best_valid_valid/diff': 0.816, 'best_valid_valid/acc_skew': 86.394, 'best_valid_valid/acc_align': 85.651, 'best_valid_test/acc': 85.907, 'best_valid_test/acc_unbiased': 86.014, 'best_valid_test/diff': 2.798, 'best_valid_test/acc_skew': 86.909, 'best_valid_test/acc_align': 85.118}
[16 / 20] best test accuracy: 86.113 at epoch 9 
 best_stats: {'best_test_epoch': 9, 'best_test_valid/acc': 84.684, 'best_test_valid/acc_unbiased': 84.999, 'best_test_valid/diff': 2.204, 'best_test_valid/acc_skew': 86.101, 'best_test_valid/acc_align': 83.897, 'best_test_test/acc': 85.907, 'best_test_test/acc_unbiased': 86.113, 'best_test_test/diff': 2.616, 'best_test_test/acc_skew': 86.954, 'best_test_test/acc_align': 85.273}
[17 / 20] Learning rate: 1e-05 weight: 0.01
[17 / 20] Loss: 4.589821749898643 CE Loss: 0.33488796712046837 Con Loss: 4.586472867732674
[17 / 20] tensor([[0.867, 0.814],
        [0.874, 0.889]]) {'epoch': 17, 'valid/acc': 85.232, 'valid/acc_unbiased': 85.388, 'valid/diff': 1.64, 'valid/acc_skew': 86.208, 'valid/acc_align': 84.567, 'test/acc': 85.949, 'test/acc_unbiased': 86.107, 'test/diff': 3.38, 'test/acc_skew': 87.092, 'test/acc_align': 85.122}
[17 / 20] best valid accuracy: 86.023 at epoch 14 
 best_stats: {'best_valid_epoch': 14, 'best_valid_valid/acc': 85.992, 'best_valid_valid/acc_unbiased': 86.023, 'best_valid_valid/diff': 0.816, 'best_valid_valid/acc_skew': 86.394, 'best_valid_valid/acc_align': 85.651, 'best_valid_test/acc': 85.907, 'best_valid_test/acc_unbiased': 86.014, 'best_valid_test/diff': 2.798, 'best_valid_test/acc_skew': 86.909, 'best_valid_test/acc_align': 85.118}
[17 / 20] best test accuracy: 86.113 at epoch 9 
 best_stats: {'best_test_epoch': 9, 'best_test_valid/acc': 84.684, 'best_test_valid/acc_unbiased': 84.999, 'best_test_valid/diff': 2.204, 'best_test_valid/acc_skew': 86.101, 'best_test_valid/acc_align': 83.897, 'best_test_test/acc': 85.907, 'best_test_test/acc_unbiased': 86.113, 'best_test_test/diff': 2.616, 'best_test_test/acc_skew': 86.954, 'best_test_test/acc_align': 85.273}
[18 / 20] Learning rate: 1e-05 weight: 0.01
[18 / 20] Loss: 4.570312546173372 CE Loss: 0.3149399057232956 Con Loss: 4.567163161886223
[18 / 20] tensor([[0.873, 0.824],
        [0.870, 0.887]]) {'epoch': 18, 'valid/acc': 85.232, 'valid/acc_unbiased': 85.324, 'valid/diff': 1.11, 'valid/acc_skew': 85.879, 'valid/acc_align': 84.77, 'test/acc': 86.245, 'test/acc_unbiased': 86.355, 'test/diff': 3.274, 'test/acc_skew': 87.144, 'test/acc_align': 85.565}
[18 / 20] best valid accuracy: 86.023 at epoch 14 
 best_stats: {'best_valid_epoch': 14, 'best_valid_valid/acc': 85.992, 'best_valid_valid/acc_unbiased': 86.023, 'best_valid_valid/diff': 0.816, 'best_valid_valid/acc_skew': 86.394, 'best_valid_valid/acc_align': 85.651, 'best_valid_test/acc': 85.907, 'best_valid_test/acc_unbiased': 86.014, 'best_valid_test/diff': 2.798, 'best_valid_test/acc_skew': 86.909, 'best_valid_test/acc_align': 85.118}
[18 / 20] best test accuracy: 86.355 at epoch 18 
 best_stats: {'best_test_epoch': 18, 'best_test_valid/acc': 85.232, 'best_test_valid/acc_unbiased': 85.324, 'best_test_valid/diff': 1.11, 'best_test_valid/acc_skew': 85.879, 'best_test_valid/acc_align': 84.77, 'best_test_test/acc': 86.245, 'best_test_test/acc_unbiased': 86.355, 'best_test_test/diff': 3.274, 'best_test_test/acc_skew': 87.144, 'best_test_test/acc_align': 85.565}
[19 / 20] Learning rate: 1e-05 weight: 0.01
[19 / 20] Loss: 4.569338754075685 CE Loss: 0.32809291584459366 Con Loss: 4.566057786898376
[19 / 20] tensor([[0.882, 0.838],
        [0.853, 0.859]]) {'epoch': 19, 'valid/acc': 85.316, 'valid/acc_unbiased': 85.361, 'valid/diff': 2.172, 'valid/acc_skew': 86.447, 'valid/acc_align': 84.275, 'test/acc': 85.696, 'test/acc_unbiased': 85.772, 'test/diff': 2.511, 'test/acc_skew': 86.727, 'test/acc_align': 84.818}
[19 / 20] best valid accuracy: 86.023 at epoch 14 
 best_stats: {'best_valid_epoch': 14, 'best_valid_valid/acc': 85.992, 'best_valid_valid/acc_unbiased': 86.023, 'best_valid_valid/diff': 0.816, 'best_valid_valid/acc_skew': 86.394, 'best_valid_valid/acc_align': 85.651, 'best_valid_test/acc': 85.907, 'best_valid_test/acc_unbiased': 86.014, 'best_valid_test/diff': 2.798, 'best_valid_test/acc_skew': 86.909, 'best_valid_test/acc_align': 85.118}
[19 / 20] best test accuracy: 86.355 at epoch 18 
 best_stats: {'best_test_epoch': 18, 'best_test_valid/acc': 85.232, 'best_test_valid/acc_unbiased': 85.324, 'best_test_valid/diff': 1.11, 'best_test_valid/acc_skew': 85.879, 'best_test_valid/acc_align': 84.77, 'best_test_test/acc': 86.245, 'best_test_test/acc_unbiased': 86.355, 'best_test_test/diff': 3.274, 'best_test_test/acc_skew': 87.144, 'best_test_test/acc_align': 85.565}
[20 / 20] Learning rate: 1e-05 weight: 0.01
[20 / 20] Loss: 4.551734595492954 CE Loss: 0.32666677933742555 Con Loss: 4.5484679122855765
[20 / 20] tensor([[0.864, 0.817],
        [0.879, 0.895]]) {'epoch': 20, 'valid/acc': 85.401, 'valid/acc_unbiased': 85.586, 'valid/diff': 1.556, 'valid/acc_skew': 86.364, 'valid/acc_align': 84.808, 'test/acc': 86.203, 'test/acc_unbiased': 86.348, 'test/diff': 3.134, 'test/acc_skew': 87.129, 'test/acc_align': 85.567}
[20 / 20] best valid accuracy: 86.023 at epoch 14 
 best_stats: {'best_valid_epoch': 14, 'best_valid_valid/acc': 85.992, 'best_valid_valid/acc_unbiased': 86.023, 'best_valid_valid/diff': 0.816, 'best_valid_valid/acc_skew': 86.394, 'best_valid_valid/acc_align': 85.651, 'best_valid_test/acc': 85.907, 'best_valid_test/acc_unbiased': 86.014, 'best_valid_test/diff': 2.798, 'best_valid_test/acc_skew': 86.909, 'best_valid_test/acc_align': 85.118}
[20 / 20] best test accuracy: 86.355 at epoch 18 
 best_stats: {'best_test_epoch': 18, 'best_test_valid/acc': 85.232, 'best_test_valid/acc_unbiased': 85.324, 'best_test_valid/diff': 1.11, 'best_test_valid/acc_skew': 85.879, 'best_test_valid/acc_align': 84.77, 'best_test_test/acc': 86.245, 'best_test_test/acc_unbiased': 86.355, 'best_test_test/diff': 3.274, 'best_test_test/acc_skew': 87.144, 'best_test_test/acc_align': 85.565}
Total training time: 0:16:51
