Log level set to: INFO
Set seed: 1
=======> Using Fixed Random Seed: 1 <========
save_path: exp_results/bc-bb0-utk_face_age-uw-0.8-lr0.001-bs128-cbs64-w0.01-ratio10-aug1-seed1
get_utk_face - split: train, aug: False, given_y: True, ratio: 0
use existing biased_utk_face from data/utk_face/pickles/biased_utk_face-target_gender-bias_age-0.8
Distribution Before Sampling: 
===================================
Binary Labels Distribution: 
Binary Target 0
---------------------------
Target 0: [8237, 295]
Target 1: [1647, 1477]
Binary Target 1
---------------------------
Target 0: [8237, 295]
Target 1: [1647, 1477]
===================================
Normal Label Distribution: 
Target 0: [8237, 295]
Target 1: [1647, 1477]
===================================
Distribution After Sampling: 
===================================
Binary Labels Distribution: 
Binary Target 0
---------------------------
Target 0: [8237, 295]
Target 1: [1647, 1477]
Binary Target 1
---------------------------
Target 0: [8237, 295]
Target 1: [1647, 1477]
===================================
Normal Label Distribution: 
Target 0: [8237, 295]
Target 1: [1647, 1477]
===================================
Use BiasedUTKFace - target_attr: gender
BiasedUTKFace -- total: 11656, target_attr: gender, bias_attr: age bias_rate: 0.8
['[train] target_0-bias_0: 8237', '[train] target_0-bias_1: 295', '[train] target_1-bias_0: 1647', '[train] target_1-bias_1: 1477']
confusion_matrix - 
 original: tensor([[8237., 1647.],
        [ 295., 1477.]]), 
 normalized: tensor([[0.833, 0.167],
        [0.166, 0.834]]), 
 b|y: tensor([[0.965, 0.035],
        [0.527, 0.473]])
get_utk_face - split: train, aug: 1, given_y: True, ratio: 10
use existing biased_utk_face from data/utk_face/pickles/biased_utk_face-target_gender-bias_age-0.8
Distribution Before Sampling: 
===================================
Binary Labels Distribution: 
Binary Target 0
---------------------------
Target 0: [8237, 295]
Target 1: [1647, 1477]
Binary Target 1
---------------------------
Target 0: [8237, 295]
Target 1: [1647, 1477]
===================================
Normal Label Distribution: 
Target 0: [8237, 295]
Target 1: [1647, 1477]
===================================
Distribution After Sampling: 
===================================
Binary Labels Distribution: 
Binary Target 0
---------------------------
Target 0: [8237, 295]
Target 1: [1647, 1477]
Binary Target 1
---------------------------
Target 0: [8237, 295]
Target 1: [1647, 1477]
===================================
Normal Label Distribution: 
Target 0: [8237, 295]
Target 1: [1647, 1477]
===================================
Use BiasedUTKFace - target_attr: gender
BiasedUTKFace -- total: 11656, target_attr: gender, bias_attr: age bias_rate: 0.8
['[train] target_0-bias_0: 8237', '[train] target_0-bias_1: 295', '[train] target_1-bias_0: 1647', '[train] target_1-bias_1: 1477']
get_utk_face - split: valid, aug: False, given_y: True, ratio: 0
use existing biased_utk_face from data/utk_face/pickles/biased_utk_face-target_gender-bias_age-0.8
Distribution Before Sampling: 
===================================
Binary Labels Distribution: 
Binary Target 0
---------------------------
Target 0: [1030, 195]
Target 1: [841, 202]
Binary Target 1
---------------------------
Target 0: [1030, 195]
Target 1: [841, 202]
===================================
Normal Label Distribution: 
Target 0: [1030, 195]
Target 1: [841, 202]
===================================
Use BiasedUTKFace - target_attr: gender
BiasedUTKFace -- total: 2268, target_attr: gender, bias_attr: age bias_rate: 0.8
['[valid] target_0-bias_0: 1030', '[valid] target_0-bias_1: 195', '[valid] target_1-bias_0: 841', '[valid] target_1-bias_1: 202']
get_utk_face - split: test, aug: False, given_y: True, ratio: 0
use existing biased_utk_face from data/utk_face/pickles/biased_utk_face-target_gender-bias_age-0.8
Distribution Before Sampling: 
===================================
Binary Labels Distribution: 
Binary Target 0
---------------------------
Target 0: [1061, 176]
Target 1: [867, 165]
Binary Target 1
---------------------------
Target 0: [1061, 176]
Target 1: [867, 165]
===================================
Normal Label Distribution: 
Target 0: [1061, 176]
Target 1: [867, 165]
===================================
Use BiasedUTKFace - target_attr: gender
BiasedUTKFace -- total: 2269, target_attr: gender, bias_attr: age bias_rate: 0.8
['[test] target_0-bias_0: 1061', '[test] target_0-bias_1: 176', '[test] target_1-bias_0: 867', '[test] target_1-bias_1: 165']
decay_epochs: [6, 13]
[1 / 20] Learning rate: 0.001 weight: 0.01
[1 / 20] Loss: 4.882229967974766 CE Loss: 2.6221049916850596 Con Loss: 4.856008908645536
[1 / 20] tensor([[0.649, 0.295],
        [0.892, 0.921]]) {'epoch': 1, 'valid/acc': 70.767, 'valid/acc_unbiased': 65.438, 'valid/diff': 21.942, 'valid/acc_skew': 55.819, 'valid/acc_align': 75.057, 'test/acc': 73.424, 'test/acc_unbiased': 68.941, 'test/diff': 19.178, 'test/acc_skew': 60.833, 'test/acc_align': 77.048}
[1 / 20] best valid accuracy: 65.438 at epoch 1 
 best_stats: {'best_valid_epoch': 1, 'best_valid_valid/acc': 70.767, 'best_valid_valid/acc_unbiased': 65.438, 'best_valid_valid/diff': 21.942, 'best_valid_valid/acc_skew': 55.819, 'best_valid_valid/acc_align': 75.057, 'best_valid_test/acc': 73.424, 'best_valid_test/acc_unbiased': 68.941, 'best_valid_test/diff': 19.178, 'best_valid_test/acc_skew': 60.833, 'best_valid_test/acc_align': 77.048}
[1 / 20] best test accuracy: 68.941 at epoch 1 
 best_stats: {'best_test_epoch': 1, 'best_test_valid/acc': 70.767, 'best_test_valid/acc_unbiased': 65.438, 'best_test_valid/diff': 21.942, 'best_test_valid/acc_skew': 55.819, 'best_test_valid/acc_align': 75.057, 'best_test_test/acc': 73.424, 'best_test_test/acc_unbiased': 68.941, 'best_test_test/diff': 19.178, 'best_test_test/acc_skew': 60.833, 'best_test_test/acc_align': 77.048}
[2 / 20] Learning rate: 0.001 weight: 0.01
[2 / 20] Loss: 4.746308249811972 CE Loss: 2.278325943727565 Con Loss: 4.723524979883952
[2 / 20] tensor([[0.940, 0.898],
        [0.691, 0.418]]) {'epoch': 2, 'valid/acc': 78.66, 'valid/acc_unbiased': 73.787, 'valid/diff': 11.916, 'valid/acc_skew': 67.829, 'valid/acc_align': 79.745, 'test/acc': 80.344, 'test/acc_unbiased': 73.662, 'test/diff': 15.733, 'test/acc_skew': 65.795, 'test/acc_align': 81.528}
[2 / 20] best valid accuracy: 73.787 at epoch 2 
 best_stats: {'best_valid_epoch': 2, 'best_valid_valid/acc': 78.66, 'best_valid_valid/acc_unbiased': 73.787, 'best_valid_valid/diff': 11.916, 'best_valid_valid/acc_skew': 67.829, 'best_valid_valid/acc_align': 79.745, 'best_valid_test/acc': 80.344, 'best_valid_test/acc_unbiased': 73.662, 'best_valid_test/diff': 15.733, 'best_valid_test/acc_skew': 65.795, 'best_valid_test/acc_align': 81.528}
[2 / 20] best test accuracy: 73.662 at epoch 2 
 best_stats: {'best_test_epoch': 2, 'best_test_valid/acc': 78.66, 'best_test_valid/acc_unbiased': 73.787, 'best_test_valid/diff': 11.916, 'best_test_valid/acc_skew': 67.829, 'best_test_valid/acc_align': 79.745, 'best_test_test/acc': 80.344, 'best_test_test/acc_unbiased': 73.662, 'best_test_test/diff': 15.733, 'best_test_test/acc_skew': 65.795, 'best_test_test/acc_align': 81.528}
[3 / 20] Learning rate: 0.001 weight: 0.01
[3 / 20] Loss: 4.698943538705044 CE Loss: 2.18653200927792 Con Loss: 4.677078197324775
[3 / 20] tensor([[0.792, 0.659],
        [0.874, 0.739]]) {'epoch': 3, 'valid/acc': 78.175, 'valid/acc_unbiased': 74.221, 'valid/diff': 13.265, 'valid/acc_skew': 67.588, 'valid/acc_align': 80.854, 'test/acc': 80.917, 'test/acc_unbiased': 76.612, 'test/diff': 13.375, 'test/acc_skew': 69.924, 'test/acc_align': 83.299}
[3 / 20] best valid accuracy: 74.221 at epoch 3 
 best_stats: {'best_valid_epoch': 3, 'best_valid_valid/acc': 78.175, 'best_valid_valid/acc_unbiased': 74.221, 'best_valid_valid/diff': 13.265, 'best_valid_valid/acc_skew': 67.588, 'best_valid_valid/acc_align': 80.854, 'best_valid_test/acc': 80.917, 'best_valid_test/acc_unbiased': 76.612, 'best_valid_test/diff': 13.375, 'best_valid_test/acc_skew': 69.924, 'best_valid_test/acc_align': 83.299}
[3 / 20] best test accuracy: 76.612 at epoch 3 
 best_stats: {'best_test_epoch': 3, 'best_test_valid/acc': 78.175, 'best_test_valid/acc_unbiased': 74.221, 'best_test_valid/diff': 13.265, 'best_test_valid/acc_skew': 67.588, 'best_test_valid/acc_align': 80.854, 'best_test_test/acc': 80.917, 'best_test_test/acc_unbiased': 76.612, 'best_test_test/diff': 13.375, 'best_test_test/acc_skew': 69.924, 'best_test_test/acc_align': 83.299}
[4 / 20] Learning rate: 0.001 weight: 0.01
[4 / 20] Loss: 4.699536337947388 CE Loss: 2.1116195710947356 Con Loss: 4.678420130979058
[4 / 20] tensor([[0.816, 0.460],
        [0.875, 0.824]]) {'epoch': 4, 'valid/acc': 79.806, 'valid/acc_unbiased': 73.831, 'valid/diff': 19.166, 'valid/acc_skew': 64.342, 'valid/acc_align': 83.319, 'test/acc': 81.181, 'test/acc_unbiased': 74.403, 'test/diff': 20.359, 'test/acc_skew': 64.223, 'test/acc_align': 84.582}
[4 / 20] best valid accuracy: 74.221 at epoch 3 
 best_stats: {'best_valid_epoch': 3, 'best_valid_valid/acc': 78.175, 'best_valid_valid/acc_unbiased': 74.221, 'best_valid_valid/diff': 13.265, 'best_valid_valid/acc_skew': 67.588, 'best_valid_valid/acc_align': 80.854, 'best_valid_test/acc': 80.917, 'best_valid_test/acc_unbiased': 76.612, 'best_valid_test/diff': 13.375, 'best_valid_test/acc_skew': 69.924, 'best_valid_test/acc_align': 83.299}
[4 / 20] best test accuracy: 76.612 at epoch 3 
 best_stats: {'best_test_epoch': 3, 'best_test_valid/acc': 78.175, 'best_test_valid/acc_unbiased': 74.221, 'best_test_valid/diff': 13.265, 'best_test_valid/acc_skew': 67.588, 'best_test_valid/acc_align': 80.854, 'best_test_test/acc': 80.917, 'best_test_test/acc_unbiased': 76.612, 'best_test_test/diff': 13.375, 'best_test_test/acc_skew': 69.924, 'best_test_test/acc_align': 83.299}
[5 / 20] Learning rate: 0.001 weight: 0.01
[5 / 20] Loss: 4.691618383953484 CE Loss: 2.1038194052880157 Con Loss: 4.670580172751485
[5 / 20] tensor([[0.959, 0.915],
        [0.662, 0.315]]) {'epoch': 5, 'valid/acc': 77.072, 'valid/acc_unbiased': 71.159, 'valid/diff': 14.086, 'valid/acc_skew': 64.117, 'valid/acc_align': 78.202, 'test/acc': 79.55, 'test/acc_unbiased': 71.286, 'test/diff': 19.58, 'test/acc_skew': 61.496, 'test/acc_align': 81.076}
[5 / 20] best valid accuracy: 74.221 at epoch 3 
 best_stats: {'best_valid_epoch': 3, 'best_valid_valid/acc': 78.175, 'best_valid_valid/acc_unbiased': 74.221, 'best_valid_valid/diff': 13.265, 'best_valid_valid/acc_skew': 67.588, 'best_valid_valid/acc_align': 80.854, 'best_valid_test/acc': 80.917, 'best_valid_test/acc_unbiased': 76.612, 'best_valid_test/diff': 13.375, 'best_valid_test/acc_skew': 69.924, 'best_valid_test/acc_align': 83.299}
[5 / 20] best test accuracy: 76.612 at epoch 3 
 best_stats: {'best_test_epoch': 3, 'best_test_valid/acc': 78.175, 'best_test_valid/acc_unbiased': 74.221, 'best_test_valid/diff': 13.265, 'best_test_valid/acc_skew': 67.588, 'best_test_valid/acc_align': 80.854, 'best_test_test/acc': 80.917, 'best_test_test/acc_unbiased': 76.612, 'best_test_test/diff': 13.375, 'best_test_test/acc_skew': 69.924, 'best_test_test/acc_align': 83.299}
[6 / 20] Learning rate: 0.001 weight: 0.01
[6 / 20] Loss: 4.6696652750815115 CE Loss: 2.054838360542292 Con Loss: 4.6491168905139055
[6 / 20] tensor([[0.979, 0.920],
        [0.601, 0.297]]) {'epoch': 6, 'valid/acc': 76.367, 'valid/acc_unbiased': 70.702, 'valid/diff': 12.498, 'valid/acc_skew': 64.453, 'valid/acc_align': 76.951, 'test/acc': 78.052, 'test/acc_unbiased': 69.94, 'test/diff': 18.138, 'test/acc_skew': 60.871, 'test/acc_align': 79.009}
[6 / 20] best valid accuracy: 74.221 at epoch 3 
 best_stats: {'best_valid_epoch': 3, 'best_valid_valid/acc': 78.175, 'best_valid_valid/acc_unbiased': 74.221, 'best_valid_valid/diff': 13.265, 'best_valid_valid/acc_skew': 67.588, 'best_valid_valid/acc_align': 80.854, 'best_valid_test/acc': 80.917, 'best_valid_test/acc_unbiased': 76.612, 'best_valid_test/diff': 13.375, 'best_valid_test/acc_skew': 69.924, 'best_valid_test/acc_align': 83.299}
[6 / 20] best test accuracy: 76.612 at epoch 3 
 best_stats: {'best_test_epoch': 3, 'best_test_valid/acc': 78.175, 'best_test_valid/acc_unbiased': 74.221, 'best_test_valid/diff': 13.265, 'best_test_valid/acc_skew': 67.588, 'best_test_valid/acc_align': 80.854, 'best_test_test/acc': 80.917, 'best_test_test/acc_unbiased': 76.612, 'best_test_test/diff': 13.375, 'best_test_test/acc_skew': 69.924, 'best_test_test/acc_align': 83.299}
[7 / 20] Learning rate: 0.0001 weight: 0.01
[7 / 20] Loss: 4.627576409093141 CE Loss: 1.8568649586538133 Con Loss: 4.609007752588045
[7 / 20] tensor([[0.903, 0.699],
        [0.827, 0.733]]) {'epoch': 7, 'valid/acc': 82.672, 'valid/acc_unbiased': 76.202, 'valid/diff': 18.624, 'valid/acc_skew': 66.89, 'valid/acc_align': 85.514, 'test/acc': 84.575, 'test/acc_unbiased': 79.053, 'test/diff': 14.886, 'test/acc_skew': 71.61, 'test/acc_align': 86.496}
[7 / 20] best valid accuracy: 76.202 at epoch 7 
 best_stats: {'best_valid_epoch': 7, 'best_valid_valid/acc': 82.672, 'best_valid_valid/acc_unbiased': 76.202, 'best_valid_valid/diff': 18.624, 'best_valid_valid/acc_skew': 66.89, 'best_valid_valid/acc_align': 85.514, 'best_valid_test/acc': 84.575, 'best_valid_test/acc_unbiased': 79.053, 'best_valid_test/diff': 14.886, 'best_valid_test/acc_skew': 71.61, 'best_valid_test/acc_align': 86.496}
[7 / 20] best test accuracy: 79.053 at epoch 7 
 best_stats: {'best_test_epoch': 7, 'best_test_valid/acc': 82.672, 'best_test_valid/acc_unbiased': 76.202, 'best_test_valid/diff': 18.624, 'best_test_valid/acc_skew': 66.89, 'best_test_valid/acc_align': 85.514, 'best_test_test/acc': 84.575, 'best_test_test/acc_unbiased': 79.053, 'best_test_test/diff': 14.886, 'best_test_test/acc_skew': 71.61, 'best_test_test/acc_align': 86.496}
[8 / 20] Learning rate: 0.0001 weight: 0.01
[8 / 20] Loss: 4.5700060121802 CE Loss: 1.740931225215726 Con Loss: 4.552596714043339
[8 / 20] tensor([[0.900, 0.693],
        [0.847, 0.745]]) {'epoch': 8, 'valid/acc': 83.554, 'valid/acc_unbiased': 77.401, 'valid/diff': 18.087, 'valid/acc_skew': 68.357, 'valid/acc_align': 86.445, 'test/acc': 85.236, 'test/acc_unbiased': 79.633, 'test/diff': 15.403, 'test/acc_skew': 71.932, 'test/acc_align': 87.335}
[8 / 20] best valid accuracy: 77.401 at epoch 8 
 best_stats: {'best_valid_epoch': 8, 'best_valid_valid/acc': 83.554, 'best_valid_valid/acc_unbiased': 77.401, 'best_valid_valid/diff': 18.087, 'best_valid_valid/acc_skew': 68.357, 'best_valid_valid/acc_align': 86.445, 'best_valid_test/acc': 85.236, 'best_valid_test/acc_unbiased': 79.633, 'best_valid_test/diff': 15.403, 'best_valid_test/acc_skew': 71.932, 'best_valid_test/acc_align': 87.335}
[8 / 20] best test accuracy: 79.633 at epoch 8 
 best_stats: {'best_test_epoch': 8, 'best_test_valid/acc': 83.554, 'best_test_valid/acc_unbiased': 77.401, 'best_test_valid/diff': 18.087, 'best_test_valid/acc_skew': 68.357, 'best_test_valid/acc_align': 86.445, 'best_test_test/acc': 85.236, 'best_test_test/acc_unbiased': 79.633, 'best_test_test/diff': 15.403, 'best_test_test/acc_skew': 71.932, 'best_test_test/acc_align': 87.335}
[9 / 20] Learning rate: 0.0001 weight: 0.01
[9 / 20] Loss: 4.5553934300854015 CE Loss: 1.6557221742386514 Con Loss: 4.538836197077451
[9 / 20] tensor([[0.908, 0.591],
        [0.848, 0.806]]) {'epoch': 9, 'valid/acc': 84.392, 'valid/acc_unbiased': 77.103, 'valid/diff': 21.187, 'valid/acc_skew': 66.509, 'valid/acc_align': 87.696, 'test/acc': 85.28, 'test/acc_unbiased': 78.809, 'test/diff': 17.921, 'test/acc_skew': 69.848, 'test/acc_align': 87.769}
[9 / 20] best valid accuracy: 77.401 at epoch 8 
 best_stats: {'best_valid_epoch': 8, 'best_valid_valid/acc': 83.554, 'best_valid_valid/acc_unbiased': 77.401, 'best_valid_valid/diff': 18.087, 'best_valid_valid/acc_skew': 68.357, 'best_valid_valid/acc_align': 86.445, 'best_valid_test/acc': 85.236, 'best_valid_test/acc_unbiased': 79.633, 'best_valid_test/diff': 15.403, 'best_valid_test/acc_skew': 71.932, 'best_valid_test/acc_align': 87.335}
[9 / 20] best test accuracy: 79.633 at epoch 8 
 best_stats: {'best_test_epoch': 8, 'best_test_valid/acc': 83.554, 'best_test_valid/acc_unbiased': 77.401, 'best_test_valid/diff': 18.087, 'best_test_valid/acc_skew': 68.357, 'best_test_valid/acc_align': 86.445, 'best_test_test/acc': 85.236, 'best_test_test/acc_unbiased': 79.633, 'best_test_test/diff': 15.403, 'best_test_test/acc_skew': 71.932, 'best_test_test/acc_align': 87.335}
[10 / 20] Learning rate: 0.0001 weight: 0.01
[10 / 20] Loss: 4.5192498800766 CE Loss: 1.5828581821779397 Con Loss: 4.50342127290096
[10 / 20] tensor([[0.886, 0.625],
        [0.885, 0.764]]) {'epoch': 10, 'valid/acc': 84.656, 'valid/acc_unbiased': 78.3, 'valid/diff': 19.002, 'valid/acc_skew': 68.799, 'valid/acc_align': 87.801, 'test/acc': 85.632, 'test/acc_unbiased': 78.981, 'test/diff': 19.099, 'test/acc_skew': 69.432, 'test/acc_align': 88.531}
[10 / 20] best valid accuracy: 78.300 at epoch 10 
 best_stats: {'best_valid_epoch': 10, 'best_valid_valid/acc': 84.656, 'best_valid_valid/acc_unbiased': 78.3, 'best_valid_valid/diff': 19.002, 'best_valid_valid/acc_skew': 68.799, 'best_valid_valid/acc_align': 87.801, 'best_valid_test/acc': 85.632, 'best_valid_test/acc_unbiased': 78.981, 'best_valid_test/diff': 19.099, 'best_valid_test/acc_skew': 69.432, 'best_valid_test/acc_align': 88.531}
[10 / 20] best test accuracy: 79.633 at epoch 8 
 best_stats: {'best_test_epoch': 8, 'best_test_valid/acc': 83.554, 'best_test_valid/acc_unbiased': 77.401, 'best_test_valid/diff': 18.087, 'best_test_valid/acc_skew': 68.357, 'best_test_valid/acc_align': 86.445, 'best_test_test/acc': 85.236, 'best_test_test/acc_unbiased': 79.633, 'best_test_test/diff': 15.403, 'best_test_test/acc_skew': 71.932, 'best_test_test/acc_align': 87.335}
[11 / 20] Learning rate: 0.0001 weight: 0.01
[11 / 20] Loss: 4.511538891409388 CE Loss: 1.5686974837179453 Con Loss: 4.4958519317061425
[11 / 20] tensor([[0.907, 0.608],
        [0.864, 0.758]]) {'epoch': 11, 'valid/acc': 85.229, 'valid/acc_unbiased': 78.974, 'valid/diff': 18.333, 'valid/acc_skew': 69.807, 'valid/acc_align': 88.14, 'test/acc': 85.632, 'test/acc_unbiased': 78.403, 'test/diff': 20.253, 'test/acc_skew': 68.277, 'test/acc_align': 88.53}
[11 / 20] best valid accuracy: 78.974 at epoch 11 
 best_stats: {'best_valid_epoch': 11, 'best_valid_valid/acc': 85.229, 'best_valid_valid/acc_unbiased': 78.974, 'best_valid_valid/diff': 18.333, 'best_valid_valid/acc_skew': 69.807, 'best_valid_valid/acc_align': 88.14, 'best_valid_test/acc': 85.632, 'best_valid_test/acc_unbiased': 78.403, 'best_valid_test/diff': 20.253, 'best_valid_test/acc_skew': 68.277, 'best_valid_test/acc_align': 88.53}
[11 / 20] best test accuracy: 79.633 at epoch 8 
 best_stats: {'best_test_epoch': 8, 'best_test_valid/acc': 83.554, 'best_test_valid/acc_unbiased': 77.401, 'best_test_valid/diff': 18.087, 'best_test_valid/acc_skew': 68.357, 'best_test_valid/acc_align': 86.445, 'best_test_test/acc': 85.236, 'best_test_test/acc_unbiased': 79.633, 'best_test_test/diff': 15.403, 'best_test_test/acc_skew': 71.932, 'best_test_test/acc_align': 87.335}
[12 / 20] Learning rate: 0.0001 weight: 0.01
[12 / 20] Loss: 4.487266306854227 CE Loss: 1.530047093013745 Con Loss: 4.471965813685871
[12 / 20] tensor([[0.908, 0.602],
        [0.872, 0.770]]) {'epoch': 12, 'valid/acc': 85.185, 'valid/acc_unbiased': 78.328, 'valid/diff': 20.154, 'valid/acc_skew': 68.251, 'valid/acc_align': 88.405, 'test/acc': 86.029, 'test/acc_unbiased': 78.789, 'test/diff': 20.382, 'test/acc_skew': 68.598, 'test/acc_align': 88.98}
[12 / 20] best valid accuracy: 78.974 at epoch 11 
 best_stats: {'best_valid_epoch': 11, 'best_valid_valid/acc': 85.229, 'best_valid_valid/acc_unbiased': 78.974, 'best_valid_valid/diff': 18.333, 'best_valid_valid/acc_skew': 69.807, 'best_valid_valid/acc_align': 88.14, 'best_valid_test/acc': 85.632, 'best_valid_test/acc_unbiased': 78.403, 'best_valid_test/diff': 20.253, 'best_valid_test/acc_skew': 68.277, 'best_valid_test/acc_align': 88.53}
[12 / 20] best test accuracy: 79.633 at epoch 8 
 best_stats: {'best_test_epoch': 8, 'best_test_valid/acc': 83.554, 'best_test_valid/acc_unbiased': 77.401, 'best_test_valid/diff': 18.087, 'best_test_valid/acc_skew': 68.357, 'best_test_valid/acc_align': 86.445, 'best_test_test/acc': 85.236, 'best_test_test/acc_unbiased': 79.633, 'best_test_test/diff': 15.403, 'best_test_test/acc_skew': 71.932, 'best_test_test/acc_align': 87.335}
[13 / 20] Learning rate: 0.0001 weight: 0.01
[13 / 20] Loss: 4.480664461380664 CE Loss: 1.4546578851111065 Con Loss: 4.4661178929231395
[13 / 20] tensor([[0.916, 0.716],
        [0.857, 0.745]]) {'epoch': 13, 'valid/acc': 85.45, 'valid/acc_unbiased': 79.33, 'valid/diff': 17.824, 'valid/acc_skew': 70.418, 'valid/acc_align': 88.242, 'test/acc': 86.558, 'test/acc_unbiased': 80.861, 'test/diff': 15.587, 'test/acc_skew': 73.068, 'test/acc_align': 88.655}
[13 / 20] best valid accuracy: 79.330 at epoch 13 
 best_stats: {'best_valid_epoch': 13, 'best_valid_valid/acc': 85.45, 'best_valid_valid/acc_unbiased': 79.33, 'best_valid_valid/diff': 17.824, 'best_valid_valid/acc_skew': 70.418, 'best_valid_valid/acc_align': 88.242, 'best_valid_test/acc': 86.558, 'best_valid_test/acc_unbiased': 80.861, 'best_valid_test/diff': 15.587, 'best_valid_test/acc_skew': 73.068, 'best_valid_test/acc_align': 88.655}
[13 / 20] best test accuracy: 80.861 at epoch 13 
 best_stats: {'best_test_epoch': 13, 'best_test_valid/acc': 85.45, 'best_test_valid/acc_unbiased': 79.33, 'best_test_valid/diff': 17.824, 'best_test_valid/acc_skew': 70.418, 'best_test_valid/acc_align': 88.242, 'best_test_test/acc': 86.558, 'best_test_test/acc_unbiased': 80.861, 'best_test_test/diff': 15.587, 'best_test_test/acc_skew': 73.068, 'best_test_test/acc_align': 88.655}
[14 / 20] Learning rate: 1e-05 weight: 0.01
[14 / 20] Loss: 4.454638201976035 CE Loss: 1.5226023537538276 Con Loss: 4.439412176895403
[14 / 20] tensor([[0.898, 0.614],
        [0.890, 0.788]]) {'epoch': 14, 'valid/acc': 85.626, 'valid/acc_unbiased': 79.066, 'valid/diff': 19.631, 'valid/acc_skew': 69.25, 'valid/acc_align': 88.881, 'test/acc': 86.514, 'test/acc_unbiased': 79.754, 'test/diff': 19.356, 'test/acc_skew': 70.076, 'test/acc_align': 89.432}
[14 / 20] best valid accuracy: 79.330 at epoch 13 
 best_stats: {'best_valid_epoch': 13, 'best_valid_valid/acc': 85.45, 'best_valid_valid/acc_unbiased': 79.33, 'best_valid_valid/diff': 17.824, 'best_valid_valid/acc_skew': 70.418, 'best_valid_valid/acc_align': 88.242, 'best_valid_test/acc': 86.558, 'best_valid_test/acc_unbiased': 80.861, 'best_valid_test/diff': 15.587, 'best_valid_test/acc_skew': 73.068, 'best_valid_test/acc_align': 88.655}
[14 / 20] best test accuracy: 80.861 at epoch 13 
 best_stats: {'best_test_epoch': 13, 'best_test_valid/acc': 85.45, 'best_test_valid/acc_unbiased': 79.33, 'best_test_valid/diff': 17.824, 'best_test_valid/acc_skew': 70.418, 'best_test_valid/acc_align': 88.242, 'best_test_test/acc': 86.558, 'best_test_test/acc_unbiased': 80.861, 'best_test_test/diff': 15.587, 'best_test_test/acc_skew': 73.068, 'best_test_test/acc_align': 88.655}
[15 / 20] Learning rate: 1e-05 weight: 0.01
[15 / 20] Loss: 4.4535785670467005 CE Loss: 1.4156812981701747 Con Loss: 4.439421777456856
[15 / 20] tensor([[0.899, 0.608],
        [0.889, 0.800]]) {'epoch': 15, 'valid/acc': 85.362, 'valid/acc_unbiased': 78.787, 'valid/diff': 19.659, 'valid/acc_skew': 68.958, 'valid/acc_align': 88.617, 'test/acc': 86.558, 'test/acc_unbiased': 79.909, 'test/diff': 19.024, 'test/acc_skew': 70.398, 'test/acc_align': 89.421}
[15 / 20] best valid accuracy: 79.330 at epoch 13 
 best_stats: {'best_valid_epoch': 13, 'best_valid_valid/acc': 85.45, 'best_valid_valid/acc_unbiased': 79.33, 'best_valid_valid/diff': 17.824, 'best_valid_valid/acc_skew': 70.418, 'best_valid_valid/acc_align': 88.242, 'best_valid_test/acc': 86.558, 'best_valid_test/acc_unbiased': 80.861, 'best_valid_test/diff': 15.587, 'best_valid_test/acc_skew': 73.068, 'best_valid_test/acc_align': 88.655}
[15 / 20] best test accuracy: 80.861 at epoch 13 
 best_stats: {'best_test_epoch': 13, 'best_test_valid/acc': 85.45, 'best_test_valid/acc_unbiased': 79.33, 'best_test_valid/diff': 17.824, 'best_test_valid/acc_skew': 70.418, 'best_test_valid/acc_align': 88.242, 'best_test_test/acc': 86.558, 'best_test_test/acc_unbiased': 80.861, 'best_test_test/diff': 15.587, 'best_test_test/acc_skew': 73.068, 'best_test_test/acc_align': 88.655}
[16 / 20] Learning rate: 1e-05 weight: 0.01
[16 / 20] Loss: 4.428738360054786 CE Loss: 1.3543630890348797 Con Loss: 4.4151947470503305
[16 / 20] tensor([[0.896, 0.568],
        [0.893, 0.824]]) {'epoch': 16, 'valid/acc': 85.406, 'valid/acc_unbiased': 78.912, 'valid/diff': 19.897, 'valid/acc_skew': 69.196, 'valid/acc_align': 88.628, 'test/acc': 86.426, 'test/acc_unbiased': 79.537, 'test/diff': 19.832, 'test/acc_skew': 69.621, 'test/acc_align': 89.453}
[16 / 20] best valid accuracy: 79.330 at epoch 13 
 best_stats: {'best_valid_epoch': 13, 'best_valid_valid/acc': 85.45, 'best_valid_valid/acc_unbiased': 79.33, 'best_valid_valid/diff': 17.824, 'best_valid_valid/acc_skew': 70.418, 'best_valid_valid/acc_align': 88.242, 'best_valid_test/acc': 86.558, 'best_valid_test/acc_unbiased': 80.861, 'best_valid_test/diff': 15.587, 'best_valid_test/acc_skew': 73.068, 'best_valid_test/acc_align': 88.655}
[16 / 20] best test accuracy: 80.861 at epoch 13 
 best_stats: {'best_test_epoch': 13, 'best_test_valid/acc': 85.45, 'best_test_valid/acc_unbiased': 79.33, 'best_test_valid/diff': 17.824, 'best_test_valid/acc_skew': 70.418, 'best_test_valid/acc_align': 88.242, 'best_test_test/acc': 86.558, 'best_test_test/acc_unbiased': 80.861, 'best_test_test/diff': 15.587, 'best_test_test/acc_skew': 73.068, 'best_test_test/acc_align': 88.655}
[17 / 20] Learning rate: 1e-05 weight: 0.01
[17 / 20] Loss: 4.4261224412230815 CE Loss: 1.3692169303998771 Con Loss: 4.412430269716534
[17 / 20] tensor([[0.914, 0.676],
        [0.860, 0.782]]) {'epoch': 17, 'valid/acc': 85.802, 'valid/acc_unbiased': 78.926, 'valid/diff': 20.165, 'valid/acc_skew': 68.844, 'valid/acc_align': 89.009, 'test/acc': 86.558, 'test/acc_unbiased': 80.816, 'test/diff': 15.836, 'test/acc_skew': 72.898, 'test/acc_align': 88.734}
[17 / 20] best valid accuracy: 79.330 at epoch 13 
 best_stats: {'best_valid_epoch': 13, 'best_valid_valid/acc': 85.45, 'best_valid_valid/acc_unbiased': 79.33, 'best_valid_valid/diff': 17.824, 'best_valid_valid/acc_skew': 70.418, 'best_valid_valid/acc_align': 88.242, 'best_valid_test/acc': 86.558, 'best_valid_test/acc_unbiased': 80.861, 'best_valid_test/diff': 15.587, 'best_valid_test/acc_skew': 73.068, 'best_valid_test/acc_align': 88.655}
[17 / 20] best test accuracy: 80.861 at epoch 13 
 best_stats: {'best_test_epoch': 13, 'best_test_valid/acc': 85.45, 'best_test_valid/acc_unbiased': 79.33, 'best_test_valid/diff': 17.824, 'best_test_valid/acc_skew': 70.418, 'best_test_valid/acc_align': 88.242, 'best_test_test/acc': 86.558, 'best_test_test/acc_unbiased': 80.861, 'best_test_test/diff': 15.587, 'best_test_test/acc_skew': 73.068, 'best_test_test/acc_align': 88.655}
[18 / 20] Learning rate: 1e-05 weight: 0.01
[18 / 20] Loss: 4.435184313486763 CE Loss: 1.4202266735988034 Con Loss: 4.420982048621141
[18 / 20] tensor([[0.900, 0.597],
        [0.900, 0.806]]) {'epoch': 18, 'valid/acc': 85.67, 'valid/acc_unbiased': 79.717, 'valid/diff': 17.929, 'valid/acc_skew': 70.753, 'valid/acc_align': 88.682, 'test/acc': 86.955, 'test/acc_unbiased': 80.06, 'test/diff': 19.855, 'test/acc_skew': 70.133, 'test/acc_align': 89.987}
[18 / 20] best valid accuracy: 79.717 at epoch 18 
 best_stats: {'best_valid_epoch': 18, 'best_valid_valid/acc': 85.67, 'best_valid_valid/acc_unbiased': 79.717, 'best_valid_valid/diff': 17.929, 'best_valid_valid/acc_skew': 70.753, 'best_valid_valid/acc_align': 88.682, 'best_valid_test/acc': 86.955, 'best_valid_test/acc_unbiased': 80.06, 'best_valid_test/diff': 19.855, 'best_valid_test/acc_skew': 70.133, 'best_valid_test/acc_align': 89.987}
[18 / 20] best test accuracy: 80.861 at epoch 13 
 best_stats: {'best_test_epoch': 13, 'best_test_valid/acc': 85.45, 'best_test_valid/acc_unbiased': 79.33, 'best_test_valid/diff': 17.824, 'best_test_valid/acc_skew': 70.418, 'best_test_valid/acc_align': 88.242, 'best_test_test/acc': 86.558, 'best_test_test/acc_unbiased': 80.861, 'best_test_test/diff': 15.587, 'best_test_test/acc_skew': 73.068, 'best_test_test/acc_align': 88.655}
[19 / 20] Learning rate: 1e-05 weight: 0.01
[19 / 20] Loss: 4.450582695400052 CE Loss: 1.3624461135720258 Con Loss: 4.4369582449154406
[19 / 20] tensor([[0.898, 0.602],
        [0.894, 0.806]]) {'epoch': 19, 'valid/acc': 85.67, 'valid/acc_unbiased': 79.294, 'valid/diff': 19.099, 'valid/acc_skew': 69.745, 'valid/acc_align': 88.844, 'test/acc': 86.69, 'test/acc_unbiased': 80.011, 'test/diff': 19.188, 'test/acc_skew': 70.417, 'test/acc_align': 89.605}
[19 / 20] best valid accuracy: 79.717 at epoch 18 
 best_stats: {'best_valid_epoch': 18, 'best_valid_valid/acc': 85.67, 'best_valid_valid/acc_unbiased': 79.717, 'best_valid_valid/diff': 17.929, 'best_valid_valid/acc_skew': 70.753, 'best_valid_valid/acc_align': 88.682, 'best_valid_test/acc': 86.955, 'best_valid_test/acc_unbiased': 80.06, 'best_valid_test/diff': 19.855, 'best_valid_test/acc_skew': 70.133, 'best_valid_test/acc_align': 89.987}
[19 / 20] best test accuracy: 80.861 at epoch 13 
 best_stats: {'best_test_epoch': 13, 'best_test_valid/acc': 85.45, 'best_test_valid/acc_unbiased': 79.33, 'best_test_valid/diff': 17.824, 'best_test_valid/acc_skew': 70.418, 'best_test_valid/acc_align': 88.242, 'best_test_test/acc': 86.558, 'best_test_test/acc_unbiased': 80.861, 'best_test_test/diff': 15.587, 'best_test_test/acc_skew': 73.068, 'best_test_test/acc_align': 88.655}
[20 / 20] Learning rate: 1e-05 weight: 0.01
[20 / 20] Loss: 4.454791700013631 CE Loss: 1.3821920907980134 Con Loss: 4.4409697734908695
[20 / 20] tensor([[0.899, 0.597],
        [0.900, 0.812]]) {'epoch': 20, 'valid/acc': 85.714, 'valid/acc_unbiased': 79.32, 'valid/diff': 19.167, 'valid/acc_skew': 69.736, 'valid/acc_align': 88.903, 'test/acc': 86.955, 'test/acc_unbiased': 80.188, 'test/diff': 19.505, 'test/acc_skew': 70.436, 'test/acc_align': 89.94}
[20 / 20] best valid accuracy: 79.717 at epoch 18 
 best_stats: {'best_valid_epoch': 18, 'best_valid_valid/acc': 85.67, 'best_valid_valid/acc_unbiased': 79.717, 'best_valid_valid/diff': 17.929, 'best_valid_valid/acc_skew': 70.753, 'best_valid_valid/acc_align': 88.682, 'best_valid_test/acc': 86.955, 'best_valid_test/acc_unbiased': 80.06, 'best_valid_test/diff': 19.855, 'best_valid_test/acc_skew': 70.133, 'best_valid_test/acc_align': 89.987}
[20 / 20] best test accuracy: 80.861 at epoch 13 
 best_stats: {'best_test_epoch': 13, 'best_test_valid/acc': 85.45, 'best_test_valid/acc_unbiased': 79.33, 'best_test_valid/diff': 17.824, 'best_test_valid/acc_skew': 70.418, 'best_test_valid/acc_align': 88.242, 'best_test_test/acc': 86.558, 'best_test_test/acc_unbiased': 80.861, 'best_test_test/diff': 15.587, 'best_test_test/acc_skew': 73.068, 'best_test_test/acc_align': 88.655}
Total training time: 1:03:16
