Log level set to: INFO
Set seed: 1
=======> Using Fixed Random Seed: 1 <========
save_path: exp_results/bc-bb0-utk_face_age-os-0.6-lr0.001-bs128-cbs64-w0.01-ratio10-aug1-seed1
get_utk_face - split: train, aug: False, given_y: True, ratio: 0
use existing biased_utk_face from data/utk_face/pickles/biased_utk_face-target_gender-bias_age-0.6
Distribution Before Sampling: 
===================================
Binary Labels Distribution: 
Binary Target 0
---------------------------
Target 0: [8237, 590]
Target 1: [3294, 1477]
Binary Target 1
---------------------------
Target 0: [8237, 590]
Target 1: [3294, 1477]
===================================
Normal Label Distribution: 
Target 0: [8237, 590]
Target 1: [3294, 1477]
===================================
Distribution After Sampling: 
===================================
Binary Labels Distribution: 
Binary Target 0
---------------------------
Target 0: [8237, 8237]
Target 1: [8237, 8237]
Binary Target 1
---------------------------
Target 0: [8237, 8237]
Target 1: [8237, 8237]
===================================
Normal Label Distribution: 
Target 0: [8237, 8237]
Target 1: [8237, 8237]
===================================
Use BiasedUTKFace - target_attr: gender
BiasedUTKFace -- total: 32948, target_attr: gender, bias_attr: age bias_rate: 0.6
['[train] target_0-bias_0: 8237', '[train] target_0-bias_1: 8237', '[train] target_1-bias_0: 8237', '[train] target_1-bias_1: 8237']
confusion_matrix - 
 original: tensor([[8237., 8237.],
        [8237., 8237.]]), 
 normalized: tensor([[0.500, 0.500],
        [0.500, 0.500]]), 
 b|y: tensor([[0.500, 0.500],
        [0.500, 0.500]])
get_utk_face - split: train, aug: 1, given_y: True, ratio: 10
use existing biased_utk_face from data/utk_face/pickles/biased_utk_face-target_gender-bias_age-0.6
Distribution Before Sampling: 
===================================
Binary Labels Distribution: 
Binary Target 0
---------------------------
Target 0: [8237, 590]
Target 1: [3294, 1477]
Binary Target 1
---------------------------
Target 0: [8237, 590]
Target 1: [3294, 1477]
===================================
Normal Label Distribution: 
Target 0: [8237, 590]
Target 1: [3294, 1477]
===================================
Distribution After Sampling: 
===================================
Binary Labels Distribution: 
Binary Target 0
---------------------------
Target 0: [8237, 8237]
Target 1: [8237, 8237]
Binary Target 1
---------------------------
Target 0: [8237, 8237]
Target 1: [8237, 8237]
===================================
Normal Label Distribution: 
Target 0: [8237, 8237]
Target 1: [8237, 8237]
===================================
Use BiasedUTKFace - target_attr: gender
BiasedUTKFace -- total: 32948, target_attr: gender, bias_attr: age bias_rate: 0.6
['[train] target_0-bias_0: 8237', '[train] target_0-bias_1: 8237', '[train] target_1-bias_0: 8237', '[train] target_1-bias_1: 8237']
get_utk_face - split: valid, aug: False, given_y: True, ratio: 0
use existing biased_utk_face from data/utk_face/pickles/biased_utk_face-target_gender-bias_age-0.6
Distribution Before Sampling: 
===================================
Binary Labels Distribution: 
Binary Target 0
---------------------------
Target 0: [1030, 195]
Target 1: [841, 202]
Binary Target 1
---------------------------
Target 0: [1030, 195]
Target 1: [841, 202]
===================================
Normal Label Distribution: 
Target 0: [1030, 195]
Target 1: [841, 202]
===================================
Use BiasedUTKFace - target_attr: gender
BiasedUTKFace -- total: 2268, target_attr: gender, bias_attr: age bias_rate: 0.6
['[valid] target_0-bias_0: 1030', '[valid] target_0-bias_1: 195', '[valid] target_1-bias_0: 841', '[valid] target_1-bias_1: 202']
get_utk_face - split: test, aug: False, given_y: True, ratio: 0
use existing biased_utk_face from data/utk_face/pickles/biased_utk_face-target_gender-bias_age-0.6
Distribution Before Sampling: 
===================================
Binary Labels Distribution: 
Binary Target 0
---------------------------
Target 0: [1061, 176]
Target 1: [867, 165]
Binary Target 1
---------------------------
Target 0: [1061, 176]
Target 1: [867, 165]
===================================
Normal Label Distribution: 
Target 0: [1061, 176]
Target 1: [867, 165]
===================================
Use BiasedUTKFace - target_attr: gender
BiasedUTKFace -- total: 2269, target_attr: gender, bias_attr: age bias_rate: 0.6
['[test] target_0-bias_0: 1061', '[test] target_0-bias_1: 176', '[test] target_1-bias_0: 867', '[test] target_1-bias_1: 165']
decay_epochs: [6, 13]
[1 / 20] Learning rate: 0.001 weight: 0.01
[1 / 20] Loss: 4.862804778472912 CE Loss: 0.6020799265970691 Con Loss: 4.856783986598148
[1 / 20] tensor([[0.617, 0.574],
        [0.879, 0.764]]) {'epoch': 1, 'valid/acc': 72.884, 'valid/acc_unbiased': 70.798, 'valid/diff': 9.567, 'valid/acc_skew': 75.581, 'valid/acc_align': 66.014, 'test/acc': 72.455, 'test/acc_unbiased': 70.843, 'test/diff': 7.937, 'test/acc_skew': 74.812, 'test/acc_align': 66.875}
[1 / 20] best valid accuracy: 70.798 at epoch 1 
 best_stats: {'best_valid_epoch': 1, 'best_valid_valid/acc': 72.884, 'best_valid_valid/acc_unbiased': 70.798, 'best_valid_valid/diff': 9.567, 'best_valid_valid/acc_skew': 75.581, 'best_valid_valid/acc_align': 66.014, 'best_valid_test/acc': 72.455, 'best_valid_test/acc_unbiased': 70.843, 'best_valid_test/diff': 7.937, 'best_valid_test/acc_skew': 74.812, 'best_valid_test/acc_align': 66.875}
[1 / 20] best test accuracy: 70.843 at epoch 1 
 best_stats: {'best_test_epoch': 1, 'best_test_valid/acc': 72.884, 'best_test_valid/acc_unbiased': 70.798, 'best_test_valid/diff': 9.567, 'best_test_valid/acc_skew': 75.581, 'best_test_valid/acc_align': 66.014, 'best_test_test/acc': 72.455, 'best_test_test/acc_unbiased': 70.843, 'best_test_test/diff': 7.937, 'best_test_test/acc_skew': 74.812, 'best_test_test/acc_align': 66.875}
[2 / 20] Learning rate: 0.001 weight: 0.01
[2 / 20] Loss: 4.8049699656662614 CE Loss: 0.5179358993512096 Con Loss: 4.799790617764626
[2 / 20] tensor([[0.698, 0.562],
        [0.899, 0.800]]) {'epoch': 2, 'valid/acc': 75.926, 'valid/acc_unbiased': 71.185, 'valid/diff': 16.548, 'valid/acc_skew': 79.459, 'valid/acc_align': 62.911, 'test/acc': 77.171, 'test/acc_unbiased': 73.985, 'test/diff': 11.72, 'test/acc_skew': 79.845, 'test/acc_align': 68.125}
[2 / 20] best valid accuracy: 71.185 at epoch 2 
 best_stats: {'best_valid_epoch': 2, 'best_valid_valid/acc': 75.926, 'best_valid_valid/acc_unbiased': 71.185, 'best_valid_valid/diff': 16.548, 'best_valid_valid/acc_skew': 79.459, 'best_valid_valid/acc_align': 62.911, 'best_valid_test/acc': 77.171, 'best_valid_test/acc_unbiased': 73.985, 'best_valid_test/diff': 11.72, 'best_valid_test/acc_skew': 79.845, 'best_valid_test/acc_align': 68.125}
[2 / 20] best test accuracy: 73.985 at epoch 2 
 best_stats: {'best_test_epoch': 2, 'best_test_valid/acc': 75.926, 'best_test_valid/acc_unbiased': 71.185, 'best_test_valid/diff': 16.548, 'best_test_valid/acc_skew': 79.459, 'best_test_valid/acc_align': 62.911, 'best_test_test/acc': 77.171, 'best_test_test/acc_unbiased': 73.985, 'best_test_test/diff': 11.72, 'best_test_test/acc_skew': 79.845, 'best_test_test/acc_align': 68.125}
[3 / 20] Learning rate: 0.001 weight: 0.01
[3 / 20] Loss: 4.784501879368937 CE Loss: 0.48624653702687043 Con Loss: 4.7796394146225385
[3 / 20] tensor([[0.741, 0.466],
        [0.915, 0.867]]) {'epoch': 3, 'valid/acc': 79.012, 'valid/acc_unbiased': 73.581, 'valid/diff': 18.406, 'valid/acc_skew': 82.784, 'valid/acc_align': 64.378, 'test/acc': 79.506, 'test/acc_unbiased': 74.701, 'test/diff': 16.144, 'test/acc_skew': 82.773, 'test/acc_align': 66.629}
[3 / 20] best valid accuracy: 73.581 at epoch 3 
 best_stats: {'best_valid_epoch': 3, 'best_valid_valid/acc': 79.012, 'best_valid_valid/acc_unbiased': 73.581, 'best_valid_valid/diff': 18.406, 'best_valid_valid/acc_skew': 82.784, 'best_valid_valid/acc_align': 64.378, 'best_valid_test/acc': 79.506, 'best_valid_test/acc_unbiased': 74.701, 'best_valid_test/diff': 16.144, 'best_valid_test/acc_skew': 82.773, 'best_valid_test/acc_align': 66.629}
[3 / 20] best test accuracy: 74.701 at epoch 3 
 best_stats: {'best_test_epoch': 3, 'best_test_valid/acc': 79.012, 'best_test_valid/acc_unbiased': 73.581, 'best_test_valid/diff': 18.406, 'best_test_valid/acc_skew': 82.784, 'best_test_valid/acc_align': 64.378, 'best_test_test/acc': 79.506, 'best_test_test/acc_unbiased': 74.701, 'best_test_test/diff': 16.144, 'best_test_test/acc_skew': 82.773, 'best_test_test/acc_align': 66.629}
[4 / 20] Learning rate: 0.001 weight: 0.01
[4 / 20] Loss: 4.768371329458648 CE Loss: 0.46788100744677324 Con Loss: 4.763692524821865
[4 / 20] tensor([[0.847, 0.653],
        [0.869, 0.782]]) {'epoch': 4, 'valid/acc': 83.157, 'valid/acc_unbiased': 78.446, 'valid/diff': 14.112, 'valid/acc_skew': 85.502, 'valid/acc_align': 71.39, 'test/acc': 83.561, 'test/acc_unbiased': 78.776, 'test/diff': 14.03, 'test/acc_skew': 85.791, 'test/acc_align': 71.761}
[4 / 20] best valid accuracy: 78.446 at epoch 4 
 best_stats: {'best_valid_epoch': 4, 'best_valid_valid/acc': 83.157, 'best_valid_valid/acc_unbiased': 78.446, 'best_valid_valid/diff': 14.112, 'best_valid_valid/acc_skew': 85.502, 'best_valid_valid/acc_align': 71.39, 'best_valid_test/acc': 83.561, 'best_valid_test/acc_unbiased': 78.776, 'best_valid_test/diff': 14.03, 'best_valid_test/acc_skew': 85.791, 'best_valid_test/acc_align': 71.761}
[4 / 20] best test accuracy: 78.776 at epoch 4 
 best_stats: {'best_test_epoch': 4, 'best_test_valid/acc': 83.157, 'best_test_valid/acc_unbiased': 78.446, 'best_test_valid/diff': 14.112, 'best_test_valid/acc_skew': 85.502, 'best_test_valid/acc_align': 71.39, 'best_test_test/acc': 83.561, 'best_test_test/acc_unbiased': 78.776, 'best_test_test/diff': 14.03, 'best_test_test/acc_skew': 85.791, 'best_test_test/acc_align': 71.761}
[5 / 20] Learning rate: 0.001 weight: 0.01
[5 / 20] Loss: 4.758236324872527 CE Loss: 0.45325157193574883 Con Loss: 4.75370380978887
[5 / 20] tensor([[0.820, 0.659],
        [0.895, 0.764]]) {'epoch': 5, 'valid/acc': 82.187, 'valid/acc_unbiased': 77.335, 'valid/diff': 15.444, 'valid/acc_skew': 85.057, 'valid/acc_align': 69.613, 'test/acc': 83.208, 'test/acc_unbiased': 78.444, 'test/diff': 14.615, 'test/acc_skew': 85.751, 'test/acc_align': 71.136}
[5 / 20] best valid accuracy: 78.446 at epoch 4 
 best_stats: {'best_valid_epoch': 4, 'best_valid_valid/acc': 83.157, 'best_valid_valid/acc_unbiased': 78.446, 'best_valid_valid/diff': 14.112, 'best_valid_valid/acc_skew': 85.502, 'best_valid_valid/acc_align': 71.39, 'best_valid_test/acc': 83.561, 'best_valid_test/acc_unbiased': 78.776, 'best_valid_test/diff': 14.03, 'best_valid_test/acc_skew': 85.791, 'best_valid_test/acc_align': 71.761}
[5 / 20] best test accuracy: 78.776 at epoch 4 
 best_stats: {'best_test_epoch': 4, 'best_test_valid/acc': 83.157, 'best_test_valid/acc_unbiased': 78.446, 'best_test_valid/diff': 14.112, 'best_test_valid/acc_skew': 85.502, 'best_test_valid/acc_align': 71.39, 'best_test_test/acc': 83.561, 'best_test_test/acc_unbiased': 78.776, 'best_test_test/diff': 14.03, 'best_test_test/acc_skew': 85.791, 'best_test_test/acc_align': 71.761}
[6 / 20] Learning rate: 0.001 weight: 0.01
[6 / 20] Loss: 4.739826169279691 CE Loss: 0.44248811796233395 Con Loss: 4.735401297941274
[6 / 20] tensor([[0.909, 0.767],
        [0.812, 0.715]]) {'epoch': 6, 'valid/acc': 83.422, 'valid/acc_unbiased': 78.397, 'valid/diff': 14.19, 'valid/acc_skew': 85.492, 'valid/acc_align': 71.302, 'test/acc': 84.663, 'test/acc_unbiased': 80.069, 'test/diff': 11.919, 'test/acc_skew': 86.029, 'test/acc_align': 74.11}
[6 / 20] best valid accuracy: 78.446 at epoch 4 
 best_stats: {'best_valid_epoch': 4, 'best_valid_valid/acc': 83.157, 'best_valid_valid/acc_unbiased': 78.446, 'best_valid_valid/diff': 14.112, 'best_valid_valid/acc_skew': 85.502, 'best_valid_valid/acc_align': 71.39, 'best_valid_test/acc': 83.561, 'best_valid_test/acc_unbiased': 78.776, 'best_valid_test/diff': 14.03, 'best_valid_test/acc_skew': 85.791, 'best_valid_test/acc_align': 71.761}
[6 / 20] best test accuracy: 80.069 at epoch 6 
 best_stats: {'best_test_epoch': 6, 'best_test_valid/acc': 83.422, 'best_test_valid/acc_unbiased': 78.397, 'best_test_valid/diff': 14.19, 'best_test_valid/acc_skew': 85.492, 'best_test_valid/acc_align': 71.302, 'best_test_test/acc': 84.663, 'best_test_test/acc_unbiased': 80.069, 'best_test_test/diff': 11.919, 'best_test_test/acc_skew': 86.029, 'best_test_test/acc_align': 74.11}
[7 / 20] Learning rate: 0.0001 weight: 0.01
[7 / 20] Loss: 4.673657052013587 CE Loss: 0.3828668286459704 Con Loss: 4.669828385624823
[7 / 20] tensor([[0.873, 0.659],
        [0.894, 0.818]]) {'epoch': 7, 'valid/acc': 85.053, 'valid/acc_unbiased': 79.351, 'valid/diff': 17.531, 'valid/acc_skew': 88.117, 'valid/acc_align': 70.585, 'test/acc': 86.029, 'test/acc_unbiased': 81.098, 'test/diff': 14.469, 'test/acc_skew': 88.332, 'test/acc_align': 73.864}
[7 / 20] best valid accuracy: 79.351 at epoch 7 
 best_stats: {'best_valid_epoch': 7, 'best_valid_valid/acc': 85.053, 'best_valid_valid/acc_unbiased': 79.351, 'best_valid_valid/diff': 17.531, 'best_valid_valid/acc_skew': 88.117, 'best_valid_valid/acc_align': 70.585, 'best_valid_test/acc': 86.029, 'best_valid_test/acc_unbiased': 81.098, 'best_valid_test/diff': 14.469, 'best_valid_test/acc_skew': 88.332, 'best_valid_test/acc_align': 73.864}
[7 / 20] best test accuracy: 81.098 at epoch 7 
 best_stats: {'best_test_epoch': 7, 'best_test_valid/acc': 85.053, 'best_test_valid/acc_unbiased': 79.351, 'best_test_valid/diff': 17.531, 'best_test_valid/acc_skew': 88.117, 'best_test_valid/acc_align': 70.585, 'best_test_test/acc': 86.029, 'best_test_test/acc_unbiased': 81.098, 'best_test_test/diff': 14.469, 'best_test_test/acc_skew': 88.332, 'best_test_test/acc_align': 73.864}
[8 / 20] Learning rate: 0.0001 weight: 0.01
[8 / 20] Loss: 4.6510236507858975 CE Loss: 0.3570662991896668 Con Loss: 4.647452995501286
[8 / 20] tensor([[0.913, 0.716],
        [0.875, 0.764]]) {'epoch': 8, 'valid/acc': 86.067, 'valid/acc_unbiased': 79.95, 'valid/diff': 18.075, 'valid/acc_skew': 88.988, 'valid/acc_align': 70.913, 'test/acc': 87.263, 'test/acc_unbiased': 81.707, 'test/diff': 15.459, 'test/acc_skew': 89.436, 'test/acc_align': 73.977}
[8 / 20] best valid accuracy: 79.950 at epoch 8 
 best_stats: {'best_valid_epoch': 8, 'best_valid_valid/acc': 86.067, 'best_valid_valid/acc_unbiased': 79.95, 'best_valid_valid/diff': 18.075, 'best_valid_valid/acc_skew': 88.988, 'best_valid_valid/acc_align': 70.913, 'best_valid_test/acc': 87.263, 'best_valid_test/acc_unbiased': 81.707, 'best_valid_test/diff': 15.459, 'best_valid_test/acc_skew': 89.436, 'best_valid_test/acc_align': 73.977}
[8 / 20] best test accuracy: 81.707 at epoch 8 
 best_stats: {'best_test_epoch': 8, 'best_test_valid/acc': 86.067, 'best_test_valid/acc_unbiased': 79.95, 'best_test_valid/diff': 18.075, 'best_test_valid/acc_skew': 88.988, 'best_test_valid/acc_align': 70.913, 'best_test_test/acc': 87.263, 'best_test_test/acc_unbiased': 81.707, 'best_test_test/diff': 15.459, 'best_test_test/acc_skew': 89.436, 'best_test_test/acc_align': 73.977}
[9 / 20] Learning rate: 0.0001 weight: 0.01
[9 / 20] Loss: 4.631768949375984 CE Loss: 0.34229291300179093 Con Loss: 4.628346012650842
[9 / 20] tensor([[0.909, 0.670],
        [0.885, 0.794]]) {'epoch': 9, 'valid/acc': 85.714, 'valid/acc_unbiased': 79.787, 'valid/diff': 17.397, 'valid/acc_skew': 88.486, 'valid/acc_align': 71.089, 'test/acc': 87.263, 'test/acc_unbiased': 81.441, 'test/diff': 16.442, 'test/acc_skew': 89.662, 'test/acc_align': 73.22}
[9 / 20] best valid accuracy: 79.950 at epoch 8 
 best_stats: {'best_valid_epoch': 8, 'best_valid_valid/acc': 86.067, 'best_valid_valid/acc_unbiased': 79.95, 'best_valid_valid/diff': 18.075, 'best_valid_valid/acc_skew': 88.988, 'best_valid_valid/acc_align': 70.913, 'best_valid_test/acc': 87.263, 'best_valid_test/acc_unbiased': 81.707, 'best_valid_test/diff': 15.459, 'best_valid_test/acc_skew': 89.436, 'best_valid_test/acc_align': 73.977}
[9 / 20] best test accuracy: 81.707 at epoch 8 
 best_stats: {'best_test_epoch': 8, 'best_test_valid/acc': 86.067, 'best_test_valid/acc_unbiased': 79.95, 'best_test_valid/diff': 18.075, 'best_test_valid/acc_skew': 88.988, 'best_test_valid/acc_align': 70.913, 'best_test_test/acc': 87.263, 'best_test_test/acc_unbiased': 81.707, 'best_test_test/diff': 15.459, 'best_test_test/acc_skew': 89.436, 'best_test_test/acc_align': 73.977}
[10 / 20] Learning rate: 0.0001 weight: 0.01
[10 / 20] Loss: 4.623551771741216 CE Loss: 0.33167206856092085 Con Loss: 4.620235047670943
[10 / 20] tensor([[0.917, 0.688],
        [0.887, 0.788]]) {'epoch': 10, 'valid/acc': 85.714, 'valid/acc_unbiased': 79.895, 'valid/diff': 17.063, 'valid/acc_skew': 88.426, 'valid/acc_align': 71.363, 'test/acc': 87.836, 'test/acc_unbiased': 81.985, 'test/diff': 16.432, 'test/acc_skew': 90.201, 'test/acc_align': 73.769}
[10 / 20] best valid accuracy: 79.950 at epoch 8 
 best_stats: {'best_valid_epoch': 8, 'best_valid_valid/acc': 86.067, 'best_valid_valid/acc_unbiased': 79.95, 'best_valid_valid/diff': 18.075, 'best_valid_valid/acc_skew': 88.988, 'best_valid_valid/acc_align': 70.913, 'best_valid_test/acc': 87.263, 'best_valid_test/acc_unbiased': 81.707, 'best_valid_test/diff': 15.459, 'best_valid_test/acc_skew': 89.436, 'best_valid_test/acc_align': 73.977}
[10 / 20] best test accuracy: 81.985 at epoch 10 
 best_stats: {'best_test_epoch': 10, 'best_test_valid/acc': 85.714, 'best_test_valid/acc_unbiased': 79.895, 'best_test_valid/diff': 17.063, 'best_test_valid/acc_skew': 88.426, 'best_test_valid/acc_align': 71.363, 'best_test_test/acc': 87.836, 'best_test_test/acc_unbiased': 81.985, 'best_test_test/diff': 16.432, 'best_test_test/acc_skew': 90.201, 'best_test_test/acc_align': 73.769}
[11 / 20] Learning rate: 0.0001 weight: 0.01
[11 / 20] Loss: 4.611910755865577 CE Loss: 0.33112925670238696 Con Loss: 4.608599475276142
[11 / 20] tensor([[0.927, 0.716],
        [0.870, 0.770]]) {'epoch': 11, 'valid/acc': 86.287, 'valid/acc_unbiased': 81.076, 'valid/diff': 14.739, 'valid/acc_skew': 88.446, 'valid/acc_align': 73.707, 'test/acc': 87.748, 'test/acc_unbiased': 82.067, 'test/diff': 15.574, 'test/acc_skew': 89.855, 'test/acc_align': 74.28}
[11 / 20] best valid accuracy: 81.076 at epoch 11 
 best_stats: {'best_valid_epoch': 11, 'best_valid_valid/acc': 86.287, 'best_valid_valid/acc_unbiased': 81.076, 'best_valid_valid/diff': 14.739, 'best_valid_valid/acc_skew': 88.446, 'best_valid_valid/acc_align': 73.707, 'best_valid_test/acc': 87.748, 'best_valid_test/acc_unbiased': 82.067, 'best_valid_test/diff': 15.574, 'best_valid_test/acc_skew': 89.855, 'best_valid_test/acc_align': 74.28}
[11 / 20] best test accuracy: 82.067 at epoch 11 
 best_stats: {'best_test_epoch': 11, 'best_test_valid/acc': 86.287, 'best_test_valid/acc_unbiased': 81.076, 'best_test_valid/diff': 14.739, 'best_test_valid/acc_skew': 88.446, 'best_test_valid/acc_align': 73.707, 'best_test_test/acc': 87.748, 'best_test_test/acc_unbiased': 82.067, 'best_test_test/diff': 15.574, 'best_test_test/acc_skew': 89.855, 'best_test_test/acc_align': 74.28}
[12 / 20] Learning rate: 0.0001 weight: 0.01
[12 / 20] Loss: 4.597458808792872 CE Loss: 0.3123149868425154 Con Loss: 4.594335645643473
[12 / 20] tensor([[0.896, 0.631],
        [0.911, 0.794]]) {'epoch': 12, 'valid/acc': 86.243, 'valid/acc_unbiased': 80.641, 'valid/diff': 17.142, 'valid/acc_skew': 89.212, 'valid/acc_align': 72.07, 'test/acc': 87.395, 'test/acc_unbiased': 80.803, 'test/diff': 19.145, 'test/acc_skew': 90.376, 'test/acc_align': 71.231}
[12 / 20] best valid accuracy: 81.076 at epoch 11 
 best_stats: {'best_valid_epoch': 11, 'best_valid_valid/acc': 86.287, 'best_valid_valid/acc_unbiased': 81.076, 'best_valid_valid/diff': 14.739, 'best_valid_valid/acc_skew': 88.446, 'best_valid_valid/acc_align': 73.707, 'best_valid_test/acc': 87.748, 'best_valid_test/acc_unbiased': 82.067, 'best_valid_test/diff': 15.574, 'best_valid_test/acc_skew': 89.855, 'best_valid_test/acc_align': 74.28}
[12 / 20] best test accuracy: 82.067 at epoch 11 
 best_stats: {'best_test_epoch': 11, 'best_test_valid/acc': 86.287, 'best_test_valid/acc_unbiased': 81.076, 'best_test_valid/diff': 14.739, 'best_test_valid/acc_skew': 88.446, 'best_test_valid/acc_align': 73.707, 'best_test_test/acc': 87.748, 'best_test_test/acc_unbiased': 82.067, 'best_test_test/diff': 15.574, 'best_test_test/acc_skew': 89.855, 'best_test_test/acc_align': 74.28}
[13 / 20] Learning rate: 0.0001 weight: 0.01
[13 / 20] Loss: 4.590253266979077 CE Loss: 0.3084209456169679 Con Loss: 4.587169049332353
[13 / 20] tensor([[0.905, 0.625],
        [0.907, 0.782]]) {'epoch': 13, 'valid/acc': 86.464, 'valid/acc_unbiased': 80.818, 'valid/diff': 16.982, 'valid/acc_skew': 89.308, 'valid/acc_align': 72.327, 'test/acc': 87.483, 'test/acc_unbiased': 80.455, 'test/diff': 20.228, 'test/acc_skew': 90.569, 'test/acc_align': 70.341}
[13 / 20] best valid accuracy: 81.076 at epoch 11 
 best_stats: {'best_valid_epoch': 11, 'best_valid_valid/acc': 86.287, 'best_valid_valid/acc_unbiased': 81.076, 'best_valid_valid/diff': 14.739, 'best_valid_valid/acc_skew': 88.446, 'best_valid_valid/acc_align': 73.707, 'best_valid_test/acc': 87.748, 'best_valid_test/acc_unbiased': 82.067, 'best_valid_test/diff': 15.574, 'best_valid_test/acc_skew': 89.855, 'best_valid_test/acc_align': 74.28}
[13 / 20] best test accuracy: 82.067 at epoch 11 
 best_stats: {'best_test_epoch': 11, 'best_test_valid/acc': 86.287, 'best_test_valid/acc_unbiased': 81.076, 'best_test_valid/diff': 14.739, 'best_test_valid/acc_skew': 88.446, 'best_test_valid/acc_align': 73.707, 'best_test_test/acc': 87.748, 'best_test_test/acc_unbiased': 82.067, 'best_test_test/diff': 15.574, 'best_test_test/acc_skew': 89.855, 'best_test_test/acc_align': 74.28}
[14 / 20] Learning rate: 1e-05 weight: 0.01
[14 / 20] Loss: 4.5712288824898595 CE Loss: 0.30375056285164637 Con Loss: 4.568191364376785
[14 / 20] tensor([[0.910, 0.631],
        [0.910, 0.776]]) {'epoch': 14, 'valid/acc': 86.508, 'valid/acc_unbiased': 80.934, 'valid/diff': 16.684, 'valid/acc_skew': 89.276, 'valid/acc_align': 72.592, 'test/acc': 87.836, 'test/acc_unbiased': 80.65, 'test/diff': 20.656, 'test/acc_skew': 90.978, 'test/acc_align': 70.322}
[14 / 20] best valid accuracy: 81.076 at epoch 11 
 best_stats: {'best_valid_epoch': 11, 'best_valid_valid/acc': 86.287, 'best_valid_valid/acc_unbiased': 81.076, 'best_valid_valid/diff': 14.739, 'best_valid_valid/acc_skew': 88.446, 'best_valid_valid/acc_align': 73.707, 'best_valid_test/acc': 87.748, 'best_valid_test/acc_unbiased': 82.067, 'best_valid_test/diff': 15.574, 'best_valid_test/acc_skew': 89.855, 'best_valid_test/acc_align': 74.28}
[14 / 20] best test accuracy: 82.067 at epoch 11 
 best_stats: {'best_test_epoch': 11, 'best_test_valid/acc': 86.287, 'best_test_valid/acc_unbiased': 81.076, 'best_test_valid/diff': 14.739, 'best_test_valid/acc_skew': 88.446, 'best_test_valid/acc_align': 73.707, 'best_test_test/acc': 87.748, 'best_test_test/acc_unbiased': 82.067, 'best_test_test/diff': 15.574, 'best_test_test/acc_skew': 89.855, 'best_test_test/acc_align': 74.28}
[15 / 20] Learning rate: 1e-05 weight: 0.01
[15 / 20] Loss: 4.574467245664385 CE Loss: 0.3010206276190662 Con Loss: 4.571457043773155
[15 / 20] tensor([[0.911, 0.631],
        [0.909, 0.776]]) {'epoch': 15, 'valid/acc': 86.464, 'valid/acc_unbiased': 80.881, 'valid/diff': 16.561, 'valid/acc_skew': 89.162, 'valid/acc_align': 72.601, 'test/acc': 87.88, 'test/acc_unbiased': 80.668, 'test/diff': 20.692, 'test/acc_skew': 91.014, 'test/acc_align': 70.322}
[15 / 20] best valid accuracy: 81.076 at epoch 11 
 best_stats: {'best_valid_epoch': 11, 'best_valid_valid/acc': 86.287, 'best_valid_valid/acc_unbiased': 81.076, 'best_valid_valid/diff': 14.739, 'best_valid_valid/acc_skew': 88.446, 'best_valid_valid/acc_align': 73.707, 'best_valid_test/acc': 87.748, 'best_valid_test/acc_unbiased': 82.067, 'best_valid_test/diff': 15.574, 'best_valid_test/acc_skew': 89.855, 'best_valid_test/acc_align': 74.28}
[15 / 20] best test accuracy: 82.067 at epoch 11 
 best_stats: {'best_test_epoch': 11, 'best_test_valid/acc': 86.287, 'best_test_valid/acc_unbiased': 81.076, 'best_test_valid/diff': 14.739, 'best_test_valid/acc_skew': 88.446, 'best_test_valid/acc_align': 73.707, 'best_test_test/acc': 87.748, 'best_test_test/acc_unbiased': 82.067, 'best_test_test/diff': 15.574, 'best_test_test/acc_skew': 89.855, 'best_test_test/acc_align': 74.28}
[16 / 20] Learning rate: 1e-05 weight: 0.01
[16 / 20] Loss: 4.562101679518629 CE Loss: 0.2959891217085174 Con Loss: 4.559141790633846
[16 / 20] tensor([[0.915, 0.653],
        [0.901, 0.770]]) {'epoch': 16, 'valid/acc': 86.772, 'valid/acc_unbiased': 81.355, 'valid/diff': 15.935, 'valid/acc_skew': 89.323, 'valid/acc_align': 73.388, 'test/acc': 87.88, 'test/acc_unbiased': 80.977, 'test/diff': 19.644, 'test/acc_skew': 90.799, 'test/acc_align': 71.155}
[16 / 20] best valid accuracy: 81.355 at epoch 16 
 best_stats: {'best_valid_epoch': 16, 'best_valid_valid/acc': 86.772, 'best_valid_valid/acc_unbiased': 81.355, 'best_valid_valid/diff': 15.935, 'best_valid_valid/acc_skew': 89.323, 'best_valid_valid/acc_align': 73.388, 'best_valid_test/acc': 87.88, 'best_valid_test/acc_unbiased': 80.977, 'best_valid_test/diff': 19.644, 'best_valid_test/acc_skew': 90.799, 'best_valid_test/acc_align': 71.155}
[16 / 20] best test accuracy: 82.067 at epoch 11 
 best_stats: {'best_test_epoch': 11, 'best_test_valid/acc': 86.287, 'best_test_valid/acc_unbiased': 81.076, 'best_test_valid/diff': 14.739, 'best_test_valid/acc_skew': 88.446, 'best_test_valid/acc_align': 73.707, 'best_test_test/acc': 87.748, 'best_test_test/acc_unbiased': 82.067, 'best_test_test/diff': 15.574, 'best_test_test/acc_skew': 89.855, 'best_test_test/acc_align': 74.28}
[17 / 20] Learning rate: 1e-05 weight: 0.01
[17 / 20] Loss: 4.557153336903678 CE Loss: 0.2943042313226207 Con Loss: 4.554210273244362
[17 / 20] tensor([[0.913, 0.614],
        [0.907, 0.794]]) {'epoch': 17, 'valid/acc': 86.552, 'valid/acc_unbiased': 80.544, 'valid/diff': 17.884, 'valid/acc_skew': 89.486, 'valid/acc_align': 71.602, 'test/acc': 87.88, 'test/acc_unbiased': 80.686, 'test/diff': 20.614, 'test/acc_skew': 90.993, 'test/acc_align': 70.379}
[17 / 20] best valid accuracy: 81.355 at epoch 16 
 best_stats: {'best_valid_epoch': 16, 'best_valid_valid/acc': 86.772, 'best_valid_valid/acc_unbiased': 81.355, 'best_valid_valid/diff': 15.935, 'best_valid_valid/acc_skew': 89.323, 'best_valid_valid/acc_align': 73.388, 'best_valid_test/acc': 87.88, 'best_valid_test/acc_unbiased': 80.977, 'best_valid_test/diff': 19.644, 'best_valid_test/acc_skew': 90.799, 'best_valid_test/acc_align': 71.155}
[17 / 20] best test accuracy: 82.067 at epoch 11 
 best_stats: {'best_test_epoch': 11, 'best_test_valid/acc': 86.287, 'best_test_valid/acc_unbiased': 81.076, 'best_test_valid/diff': 14.739, 'best_test_valid/acc_skew': 88.446, 'best_test_valid/acc_align': 73.707, 'best_test_test/acc': 87.748, 'best_test_test/acc_unbiased': 82.067, 'best_test_test/diff': 15.574, 'best_test_test/acc_skew': 89.855, 'best_test_test/acc_align': 74.28}
[18 / 20] Learning rate: 1e-05 weight: 0.01
[18 / 20] Loss: 4.55579264250516 CE Loss: 0.29339169161013207 Con Loss: 4.5528587324173255
[18 / 20] tensor([[0.918, 0.619],
        [0.899, 0.782]]) {'epoch': 18, 'valid/acc': 86.817, 'valid/acc_unbiased': 81.286, 'valid/diff': 16.291, 'valid/acc_skew': 89.431, 'valid/acc_align': 73.14, 'test/acc': 87.748, 'test/acc_unbiased': 80.441, 'test/diff': 20.768, 'test/acc_skew': 90.825, 'test/acc_align': 70.057}
[18 / 20] best valid accuracy: 81.355 at epoch 16 
 best_stats: {'best_valid_epoch': 16, 'best_valid_valid/acc': 86.772, 'best_valid_valid/acc_unbiased': 81.355, 'best_valid_valid/diff': 15.935, 'best_valid_valid/acc_skew': 89.323, 'best_valid_valid/acc_align': 73.388, 'best_valid_test/acc': 87.88, 'best_valid_test/acc_unbiased': 80.977, 'best_valid_test/diff': 19.644, 'best_valid_test/acc_skew': 90.799, 'best_valid_test/acc_align': 71.155}
[18 / 20] best test accuracy: 82.067 at epoch 11 
 best_stats: {'best_test_epoch': 11, 'best_test_valid/acc': 86.287, 'best_test_valid/acc_unbiased': 81.076, 'best_test_valid/diff': 14.739, 'best_test_valid/acc_skew': 88.446, 'best_test_valid/acc_align': 73.707, 'best_test_test/acc': 87.748, 'best_test_test/acc_unbiased': 82.067, 'best_test_test/diff': 15.574, 'best_test_test/acc_skew': 89.855, 'best_test_test/acc_align': 74.28}
[19 / 20] Learning rate: 1e-05 weight: 0.01
[19 / 20] Loss: 4.559121701299703 CE Loss: 0.2883384028268523 Con Loss: 4.556238322288677
[19 / 20] tensor([[0.914, 0.614],
        [0.909, 0.788]]) {'epoch': 19, 'valid/acc': 86.552, 'valid/acc_unbiased': 80.243, 'valid/diff': 18.82, 'valid/acc_skew': 89.653, 'valid/acc_align': 70.833, 'test/acc': 87.968, 'test/acc_unbiased': 80.616, 'test/diff': 21.08, 'test/acc_skew': 91.156, 'test/acc_align': 70.076}
[19 / 20] best valid accuracy: 81.355 at epoch 16 
 best_stats: {'best_valid_epoch': 16, 'best_valid_valid/acc': 86.772, 'best_valid_valid/acc_unbiased': 81.355, 'best_valid_valid/diff': 15.935, 'best_valid_valid/acc_skew': 89.323, 'best_valid_valid/acc_align': 73.388, 'best_valid_test/acc': 87.88, 'best_valid_test/acc_unbiased': 80.977, 'best_valid_test/diff': 19.644, 'best_valid_test/acc_skew': 90.799, 'best_valid_test/acc_align': 71.155}
[19 / 20] best test accuracy: 82.067 at epoch 11 
 best_stats: {'best_test_epoch': 11, 'best_test_valid/acc': 86.287, 'best_test_valid/acc_unbiased': 81.076, 'best_test_valid/diff': 14.739, 'best_test_valid/acc_skew': 88.446, 'best_test_valid/acc_align': 73.707, 'best_test_test/acc': 87.748, 'best_test_test/acc_unbiased': 82.067, 'best_test_test/diff': 15.574, 'best_test_test/acc_skew': 89.855, 'best_test_test/acc_align': 74.28}
[20 / 20] Learning rate: 1e-05 weight: 0.01
[20 / 20] Loss: 4.550390510633181 CE Loss: 0.2878532225687382 Con Loss: 4.547511979881473
[20 / 20] tensor([[0.922, 0.631],
        [0.897, 0.776]]) {'epoch': 20, 'valid/acc': 86.376, 'valid/acc_unbiased': 80.681, 'valid/diff': 16.602, 'valid/acc_skew': 88.982, 'valid/acc_align': 72.38, 'test/acc': 87.924, 'test/acc_unbiased': 80.639, 'test/diff': 20.634, 'test/acc_skew': 90.956, 'test/acc_align': 70.322}
[20 / 20] best valid accuracy: 81.355 at epoch 16 
 best_stats: {'best_valid_epoch': 16, 'best_valid_valid/acc': 86.772, 'best_valid_valid/acc_unbiased': 81.355, 'best_valid_valid/diff': 15.935, 'best_valid_valid/acc_skew': 89.323, 'best_valid_valid/acc_align': 73.388, 'best_valid_test/acc': 87.88, 'best_valid_test/acc_unbiased': 80.977, 'best_valid_test/diff': 19.644, 'best_valid_test/acc_skew': 90.799, 'best_valid_test/acc_align': 71.155}
[20 / 20] best test accuracy: 82.067 at epoch 11 
 best_stats: {'best_test_epoch': 11, 'best_test_valid/acc': 86.287, 'best_test_valid/acc_unbiased': 81.076, 'best_test_valid/diff': 14.739, 'best_test_valid/acc_skew': 88.446, 'best_test_valid/acc_align': 73.707, 'best_test_test/acc': 87.748, 'best_test_test/acc_unbiased': 82.067, 'best_test_test/diff': 15.574, 'best_test_test/acc_skew': 89.855, 'best_test_test/acc_align': 74.28}
Total training time: 1:31:42
