Log level set to: INFO
Set seed: 3
=======> Using Fixed Random Seed: 3 <========
save_path: exp_results/bc-bb0-utk_face_age-crop_color-0.9-lr0.001-bs128-cbs64-w0.01-ratio10-aug1-seed3
get_utk_face - split: train, aug: False, given_y: True, ratio: 0
use existing biased_utk_face from data/utk_face/pickles/biased_utk_face-target_gender-bias_age-0.9
Distribution Before Sampling: 
===================================
Binary Labels Distribution: 
Binary Target 0
---------------------------
Target 0: [8237, 147]
Target 1: [823, 1477]
Binary Target 1
---------------------------
Target 0: [8237, 147]
Target 1: [823, 1477]
===================================
Normal Label Distribution: 
Target 0: [8237, 147]
Target 1: [823, 1477]
===================================
Distribution After Sampling: 
===================================
Binary Labels Distribution: 
Binary Target 0
---------------------------
Target 0: [8237, 147]
Target 1: [823, 1477]
Binary Target 1
---------------------------
Target 0: [8237, 147]
Target 1: [823, 1477]
===================================
Normal Label Distribution: 
Target 0: [8237, 147]
Target 1: [823, 1477]
===================================
Use BiasedUTKFace - target_attr: gender
BiasedUTKFace -- total: 10684, target_attr: gender, bias_attr: age bias_rate: 0.9
['[train] target_0-bias_0: 8237', '[train] target_0-bias_1: 147', '[train] target_1-bias_0: 823', '[train] target_1-bias_1: 1477']
confusion_matrix - 
 original: tensor([[8237.,  823.],
        [ 147., 1477.]]), 
 normalized: tensor([[0.909, 0.091],
        [0.091, 0.909]]), 
 b|y: tensor([[0.982, 0.018],
        [0.358, 0.642]])
get_utk_face - split: train, aug: 1, given_y: True, ratio: 10
use existing biased_utk_face from data/utk_face/pickles/biased_utk_face-target_gender-bias_age-0.9
Distribution Before Sampling: 
===================================
Binary Labels Distribution: 
Binary Target 0
---------------------------
Target 0: [8237, 147]
Target 1: [823, 1477]
Binary Target 1
---------------------------
Target 0: [8237, 147]
Target 1: [823, 1477]
===================================
Normal Label Distribution: 
Target 0: [8237, 147]
Target 1: [823, 1477]
===================================
Distribution After Sampling: 
===================================
Binary Labels Distribution: 
Binary Target 0
---------------------------
Target 0: [8237, 147]
Target 1: [823, 1477]
Binary Target 1
---------------------------
Target 0: [8237, 147]
Target 1: [823, 1477]
===================================
Normal Label Distribution: 
Target 0: [8237, 147]
Target 1: [823, 1477]
===================================
Use BiasedUTKFace - target_attr: gender
BiasedUTKFace -- total: 10684, target_attr: gender, bias_attr: age bias_rate: 0.9
['[train] target_0-bias_0: 8237', '[train] target_0-bias_1: 147', '[train] target_1-bias_0: 823', '[train] target_1-bias_1: 1477']
get_utk_face - split: valid, aug: False, given_y: True, ratio: 0
use existing biased_utk_face from data/utk_face/pickles/biased_utk_face-target_gender-bias_age-0.9
Distribution Before Sampling: 
===================================
Binary Labels Distribution: 
Binary Target 0
---------------------------
Target 0: [1030, 195]
Target 1: [841, 202]
Binary Target 1
---------------------------
Target 0: [1030, 195]
Target 1: [841, 202]
===================================
Normal Label Distribution: 
Target 0: [1030, 195]
Target 1: [841, 202]
===================================
Use BiasedUTKFace - target_attr: gender
BiasedUTKFace -- total: 2268, target_attr: gender, bias_attr: age bias_rate: 0.9
['[valid] target_0-bias_0: 1030', '[valid] target_0-bias_1: 195', '[valid] target_1-bias_0: 841', '[valid] target_1-bias_1: 202']
get_utk_face - split: test, aug: False, given_y: True, ratio: 0
use existing biased_utk_face from data/utk_face/pickles/biased_utk_face-target_gender-bias_age-0.9
Distribution Before Sampling: 
===================================
Binary Labels Distribution: 
Binary Target 0
---------------------------
Target 0: [1061, 176]
Target 1: [867, 165]
Binary Target 1
---------------------------
Target 0: [1061, 176]
Target 1: [867, 165]
===================================
Normal Label Distribution: 
Target 0: [1061, 176]
Target 1: [867, 165]
===================================
Use BiasedUTKFace - target_attr: gender
BiasedUTKFace -- total: 2269, target_attr: gender, bias_attr: age bias_rate: 0.9
['[test] target_0-bias_0: 1061', '[test] target_0-bias_1: 176', '[test] target_1-bias_0: 867', '[test] target_1-bias_1: 165']
decay_epochs: [6, 13]
[1 / 20] Learning rate: 0.001 weight: 0.01
[1 / 20] Loss: 4.779424632546251 CE Loss: 0.61376355529858 Con Loss: 4.773287008693271
[1 / 20] tensor([[0.980, 0.977],
        [0.271, 0.139]]) {'epoch': 1, 'valid/acc': 63.272, 'valid/acc_unbiased': 57.869, 'valid/diff': 7.941, 'valid/acc_skew': 61.404, 'valid/acc_align': 54.334, 'test/acc': 64.786, 'test/acc_unbiased': 59.198, 'test/diff': 6.73, 'test/acc_skew': 62.416, 'test/acc_align': 55.98}
[1 / 20] best valid accuracy: 57.869 at epoch 1 
 best_stats: {'best_valid_epoch': 1, 'best_valid_valid/acc': 63.272, 'best_valid_valid/acc_unbiased': 57.869, 'best_valid_valid/diff': 7.941, 'best_valid_valid/acc_skew': 61.404, 'best_valid_valid/acc_align': 54.334, 'best_valid_test/acc': 64.786, 'best_valid_test/acc_unbiased': 59.198, 'best_valid_test/diff': 6.73, 'best_valid_test/acc_skew': 62.416, 'best_valid_test/acc_align': 55.98}
[1 / 20] best test accuracy: 59.198 at epoch 1 
 best_stats: {'best_test_epoch': 1, 'best_test_valid/acc': 63.272, 'best_test_valid/acc_unbiased': 57.869, 'best_test_valid/diff': 7.941, 'best_test_valid/acc_skew': 61.404, 'best_test_valid/acc_align': 54.334, 'best_test_test/acc': 64.786, 'best_test_test/acc_unbiased': 59.198, 'best_test_test/diff': 6.73, 'best_test_test/acc_skew': 62.416, 'best_test_test/acc_align': 55.98}
[2 / 20] Learning rate: 0.001 weight: 0.01
[2 / 20] Loss: 4.595504317824558 CE Loss: 0.5378115857441923 Con Loss: 4.590126216300013
[2 / 20] tensor([[0.983, 0.932],
        [0.427, 0.206]]) {'epoch': 2, 'valid/acc': 67.813, 'valid/acc_unbiased': 62.044, 'valid/diff': 10.052, 'valid/acc_skew': 63.28, 'valid/acc_align': 60.808, 'test/acc': 71.0, 'test/acc_unbiased': 63.692, 'test/diff': 13.596, 'test/acc_skew': 67.929, 'test/acc_align': 59.455}
[2 / 20] best valid accuracy: 62.044 at epoch 2 
 best_stats: {'best_valid_epoch': 2, 'best_valid_valid/acc': 67.813, 'best_valid_valid/acc_unbiased': 62.044, 'best_valid_valid/diff': 10.052, 'best_valid_valid/acc_skew': 63.28, 'best_valid_valid/acc_align': 60.808, 'best_valid_test/acc': 71.0, 'best_valid_test/acc_unbiased': 63.692, 'best_valid_test/diff': 13.596, 'best_valid_test/acc_skew': 67.929, 'best_valid_test/acc_align': 59.455}
[2 / 20] best test accuracy: 63.692 at epoch 2 
 best_stats: {'best_test_epoch': 2, 'best_test_valid/acc': 67.813, 'best_test_valid/acc_unbiased': 62.044, 'best_test_valid/diff': 10.052, 'best_test_valid/acc_skew': 63.28, 'best_test_valid/acc_align': 60.808, 'best_test_test/acc': 71.0, 'best_test_test/acc_unbiased': 63.692, 'best_test_test/diff': 13.596, 'best_test_test/acc_skew': 67.929, 'best_test_test/acc_align': 59.455}
[3 / 20] Learning rate: 0.001 weight: 0.01
[3 / 20] Loss: 4.513308701109949 CE Loss: 0.5209551933373194 Con Loss: 4.508099161788615
[3 / 20] tensor([[0.888, 0.790],
        [0.648, 0.388]]) {'epoch': 3, 'valid/acc': 75.573, 'valid/acc_unbiased': 70.134, 'valid/diff': 13.291, 'valid/acc_skew': 70.622, 'valid/acc_align': 69.646, 'test/acc': 75.231, 'test/acc_unbiased': 67.843, 'test/diff': 17.92, 'test/acc_skew': 71.899, 'test/acc_align': 63.786}
[3 / 20] best valid accuracy: 70.134 at epoch 3 
 best_stats: {'best_valid_epoch': 3, 'best_valid_valid/acc': 75.573, 'best_valid_valid/acc_unbiased': 70.134, 'best_valid_valid/diff': 13.291, 'best_valid_valid/acc_skew': 70.622, 'best_valid_valid/acc_align': 69.646, 'best_valid_test/acc': 75.231, 'best_valid_test/acc_unbiased': 67.843, 'best_valid_test/diff': 17.92, 'best_valid_test/acc_skew': 71.899, 'best_valid_test/acc_align': 63.786}
[3 / 20] best test accuracy: 67.843 at epoch 3 
 best_stats: {'best_test_epoch': 3, 'best_test_valid/acc': 75.573, 'best_test_valid/acc_unbiased': 70.134, 'best_test_valid/diff': 13.291, 'best_test_valid/acc_skew': 70.622, 'best_test_valid/acc_align': 69.646, 'best_test_test/acc': 75.231, 'best_test_test/acc_unbiased': 67.843, 'best_test_test/diff': 17.92, 'best_test_test/acc_skew': 71.899, 'best_test_test/acc_align': 63.786}
[4 / 20] Learning rate: 0.001 weight: 0.01
[4 / 20] Loss: 4.54681229189691 CE Loss: 0.5003493823548999 Con Loss: 4.541808815138119
[4 / 20] tensor([[0.966, 0.864],
        [0.622, 0.436]]) {'epoch': 4, 'valid/acc': 76.896, 'valid/acc_unbiased': 71.42, 'valid/diff': 12.275, 'valid/acc_skew': 70.574, 'valid/acc_align': 72.267, 'test/acc': 78.801, 'test/acc_unbiased': 72.194, 'test/diff': 14.388, 'test/acc_skew': 74.266, 'test/acc_align': 70.122}
[4 / 20] best valid accuracy: 71.420 at epoch 4 
 best_stats: {'best_valid_epoch': 4, 'best_valid_valid/acc': 76.896, 'best_valid_valid/acc_unbiased': 71.42, 'best_valid_valid/diff': 12.275, 'best_valid_valid/acc_skew': 70.574, 'best_valid_valid/acc_align': 72.267, 'best_valid_test/acc': 78.801, 'best_valid_test/acc_unbiased': 72.194, 'best_valid_test/diff': 14.388, 'best_valid_test/acc_skew': 74.266, 'best_valid_test/acc_align': 70.122}
[4 / 20] best test accuracy: 72.194 at epoch 4 
 best_stats: {'best_test_epoch': 4, 'best_test_valid/acc': 76.896, 'best_test_valid/acc_unbiased': 71.42, 'best_test_valid/diff': 12.275, 'best_test_valid/acc_skew': 70.574, 'best_test_valid/acc_align': 72.267, 'best_test_test/acc': 78.801, 'best_test_test/acc_unbiased': 72.194, 'best_test_test/diff': 14.388, 'best_test_test/acc_skew': 74.266, 'best_test_test/acc_align': 70.122}
[5 / 20] Learning rate: 0.001 weight: 0.01
[5 / 20] Loss: 4.502926359815751 CE Loss: 0.46594682129435394 Con Loss: 4.498266897412196
[5 / 20] tensor([[0.911, 0.653],
        [0.715, 0.655]]) {'epoch': 5, 'valid/acc': 79.321, 'valid/acc_unbiased': 73.121, 'valid/diff': 16.351, 'valid/acc_skew': 66.657, 'valid/acc_align': 79.586, 'test/acc': 79.771, 'test/acc_unbiased': 73.362, 'test/diff': 15.928, 'test/acc_skew': 68.426, 'test/acc_align': 78.297}
[5 / 20] best valid accuracy: 73.121 at epoch 5 
 best_stats: {'best_valid_epoch': 5, 'best_valid_valid/acc': 79.321, 'best_valid_valid/acc_unbiased': 73.121, 'best_valid_valid/diff': 16.351, 'best_valid_valid/acc_skew': 66.657, 'best_valid_valid/acc_align': 79.586, 'best_valid_test/acc': 79.771, 'best_valid_test/acc_unbiased': 73.362, 'best_valid_test/diff': 15.928, 'best_valid_test/acc_skew': 68.426, 'best_valid_test/acc_align': 78.297}
[5 / 20] best test accuracy: 73.362 at epoch 5 
 best_stats: {'best_test_epoch': 5, 'best_test_valid/acc': 79.321, 'best_test_valid/acc_unbiased': 73.121, 'best_test_valid/diff': 16.351, 'best_test_valid/acc_skew': 66.657, 'best_test_valid/acc_align': 79.586, 'best_test_test/acc': 79.771, 'best_test_test/acc_unbiased': 73.362, 'best_test_test/diff': 15.928, 'best_test_test/acc_skew': 68.426, 'best_test_test/acc_align': 78.297}
[6 / 20] Learning rate: 0.001 weight: 0.01
[6 / 20] Loss: 4.494517581465538 CE Loss: 0.4606143276216563 Con Loss: 4.48991144787993
[6 / 20] tensor([[0.904, 0.574],
        [0.715, 0.685]]) {'epoch': 6, 'valid/acc': 78.616, 'valid/acc_unbiased': 71.463, 'valid/diff': 19.279, 'valid/acc_skew': 62.298, 'valid/acc_align': 80.629, 'test/acc': 79.022, 'test/acc_unbiased': 71.942, 'test/diff': 18.013, 'test/acc_skew': 64.449, 'test/acc_align': 79.436}
[6 / 20] best valid accuracy: 73.121 at epoch 5 
 best_stats: {'best_valid_epoch': 5, 'best_valid_valid/acc': 79.321, 'best_valid_valid/acc_unbiased': 73.121, 'best_valid_valid/diff': 16.351, 'best_valid_valid/acc_skew': 66.657, 'best_valid_valid/acc_align': 79.586, 'best_valid_test/acc': 79.771, 'best_valid_test/acc_unbiased': 73.362, 'best_valid_test/diff': 15.928, 'best_valid_test/acc_skew': 68.426, 'best_valid_test/acc_align': 78.297}
[6 / 20] best test accuracy: 73.362 at epoch 5 
 best_stats: {'best_test_epoch': 5, 'best_test_valid/acc': 79.321, 'best_test_valid/acc_unbiased': 73.121, 'best_test_valid/diff': 16.351, 'best_test_valid/acc_skew': 66.657, 'best_test_valid/acc_align': 79.586, 'best_test_test/acc': 79.771, 'best_test_test/acc_unbiased': 73.362, 'best_test_test/diff': 15.928, 'best_test_test/acc_skew': 68.426, 'best_test_test/acc_align': 78.297}
[7 / 20] Learning rate: 0.0001 weight: 0.01
[7 / 20] Loss: 4.421113361628571 CE Loss: 0.433466647056014 Con Loss: 4.4167787424413865
[7 / 20] tensor([[0.969, 0.750],
        [0.630, 0.552]]) {'epoch': 7, 'valid/acc': 77.822, 'valid/acc_unbiased': 72.271, 'valid/diff': 12.543, 'valid/acc_skew': 65.999, 'valid/acc_align': 78.543, 'test/acc': 79.198, 'test/acc_unbiased': 72.504, 'test/diff': 14.857, 'test/acc_skew': 68.988, 'test/acc_align': 76.021}
[7 / 20] best valid accuracy: 73.121 at epoch 5 
 best_stats: {'best_valid_epoch': 5, 'best_valid_valid/acc': 79.321, 'best_valid_valid/acc_unbiased': 73.121, 'best_valid_valid/diff': 16.351, 'best_valid_valid/acc_skew': 66.657, 'best_valid_valid/acc_align': 79.586, 'best_valid_test/acc': 79.771, 'best_valid_test/acc_unbiased': 73.362, 'best_valid_test/diff': 15.928, 'best_valid_test/acc_skew': 68.426, 'best_valid_test/acc_align': 78.297}
[7 / 20] best test accuracy: 73.362 at epoch 5 
 best_stats: {'best_test_epoch': 5, 'best_test_valid/acc': 79.321, 'best_test_valid/acc_unbiased': 73.121, 'best_test_valid/diff': 16.351, 'best_test_valid/acc_skew': 66.657, 'best_test_valid/acc_align': 79.586, 'best_test_test/acc': 79.771, 'best_test_test/acc_unbiased': 73.362, 'best_test_test/diff': 15.928, 'best_test_test/acc_skew': 68.426, 'best_test_test/acc_align': 78.297}
[8 / 20] Learning rate: 0.0001 weight: 0.01
[8 / 20] Loss: 4.356306220475585 CE Loss: 0.41992503555246796 Con Loss: 4.352106964664038
[8 / 20] tensor([[0.973, 0.750],
        [0.642, 0.624]]) {'epoch': 8, 'valid/acc': 78.483, 'valid/acc_unbiased': 72.481, 'valid/diff': 16.977, 'valid/acc_skew': 63.993, 'valid/acc_align': 80.969, 'test/acc': 80.388, 'test/acc_unbiased': 74.734, 'test/diff': 12.044, 'test/acc_skew': 69.622, 'test/acc_align': 79.845}
[8 / 20] best valid accuracy: 73.121 at epoch 5 
 best_stats: {'best_valid_epoch': 5, 'best_valid_valid/acc': 79.321, 'best_valid_valid/acc_unbiased': 73.121, 'best_valid_valid/diff': 16.351, 'best_valid_valid/acc_skew': 66.657, 'best_valid_valid/acc_align': 79.586, 'best_valid_test/acc': 79.771, 'best_valid_test/acc_unbiased': 73.362, 'best_valid_test/diff': 15.928, 'best_valid_test/acc_skew': 68.426, 'best_valid_test/acc_align': 78.297}
[8 / 20] best test accuracy: 74.734 at epoch 8 
 best_stats: {'best_test_epoch': 8, 'best_test_valid/acc': 78.483, 'best_test_valid/acc_unbiased': 72.481, 'best_test_valid/diff': 16.977, 'best_test_valid/acc_skew': 63.993, 'best_test_valid/acc_align': 80.969, 'best_test_test/acc': 80.388, 'best_test_test/acc_unbiased': 74.734, 'best_test_test/diff': 12.044, 'best_test_test/acc_skew': 69.622, 'best_test_test/acc_align': 79.845}
[9 / 20] Learning rate: 0.0001 weight: 0.01
[9 / 20] Loss: 4.313181054498408 CE Loss: 0.39431369443012954 Con Loss: 4.309237908620774
[9 / 20] tensor([[0.973, 0.699],
        [0.632, 0.703]]) {'epoch': 9, 'valid/acc': 77.866, 'valid/acc_unbiased': 70.934, 'valid/diff': 23.827, 'valid/acc_skew': 59.02, 'valid/acc_align': 82.848, 'test/acc': 80.167, 'test/acc_unbiased': 75.166, 'test/diff': 17.238, 'test/acc_skew': 66.546, 'test/acc_align': 83.785}
[9 / 20] best valid accuracy: 73.121 at epoch 5 
 best_stats: {'best_valid_epoch': 5, 'best_valid_valid/acc': 79.321, 'best_valid_valid/acc_unbiased': 73.121, 'best_valid_valid/diff': 16.351, 'best_valid_valid/acc_skew': 66.657, 'best_valid_valid/acc_align': 79.586, 'best_valid_test/acc': 79.771, 'best_valid_test/acc_unbiased': 73.362, 'best_valid_test/diff': 15.928, 'best_valid_test/acc_skew': 68.426, 'best_valid_test/acc_align': 78.297}
[9 / 20] best test accuracy: 75.166 at epoch 9 
 best_stats: {'best_test_epoch': 9, 'best_test_valid/acc': 77.866, 'best_test_valid/acc_unbiased': 70.934, 'best_test_valid/diff': 23.827, 'best_test_valid/acc_skew': 59.02, 'best_test_valid/acc_align': 82.848, 'best_test_test/acc': 80.167, 'best_test_test/acc_unbiased': 75.166, 'best_test_test/diff': 17.238, 'best_test_test/acc_skew': 66.546, 'best_test_test/acc_align': 83.785}
[10 / 20] Learning rate: 0.0001 weight: 0.01
[10 / 20] Loss: 4.3318271458439055 CE Loss: 0.38641979223733 Con Loss: 4.327962938028076
[10 / 20] tensor([[0.980, 0.688],
        [0.637, 0.673]]) {'epoch': 10, 'valid/acc': 78.483, 'valid/acc_unbiased': 72.519, 'valid/diff': 22.143, 'valid/acc_skew': 61.447, 'valid/acc_align': 83.59, 'test/acc': 80.388, 'test/acc_unbiased': 74.428, 'test/diff': 16.438, 'test/acc_skew': 66.209, 'test/acc_align': 82.647}
[10 / 20] best valid accuracy: 73.121 at epoch 5 
 best_stats: {'best_valid_epoch': 5, 'best_valid_valid/acc': 79.321, 'best_valid_valid/acc_unbiased': 73.121, 'best_valid_valid/diff': 16.351, 'best_valid_valid/acc_skew': 66.657, 'best_valid_valid/acc_align': 79.586, 'best_valid_test/acc': 79.771, 'best_valid_test/acc_unbiased': 73.362, 'best_valid_test/diff': 15.928, 'best_valid_test/acc_skew': 68.426, 'best_valid_test/acc_align': 78.297}
[10 / 20] best test accuracy: 75.166 at epoch 9 
 best_stats: {'best_test_epoch': 9, 'best_test_valid/acc': 77.866, 'best_test_valid/acc_unbiased': 70.934, 'best_test_valid/diff': 23.827, 'best_test_valid/acc_skew': 59.02, 'best_test_valid/acc_align': 82.848, 'best_test_test/acc': 80.167, 'best_test_test/acc_unbiased': 75.166, 'best_test_test/diff': 17.238, 'best_test_test/acc_skew': 66.546, 'best_test_test/acc_align': 83.785}
[11 / 20] Learning rate: 0.0001 weight: 0.01
[11 / 20] Loss: 4.263592031465314 CE Loss: 0.3778543085897518 Con Loss: 4.259813491702749
[11 / 20] tensor([[0.978, 0.614],
        [0.623, 0.758]]) {'epoch': 11, 'valid/acc': 78.439, 'valid/acc_unbiased': 71.716, 'valid/diff': 31.069, 'valid/acc_skew': 56.181, 'valid/acc_align': 87.25, 'test/acc': 79.815, 'test/acc_unbiased': 74.309, 'test/diff': 24.971, 'test/acc_skew': 61.824, 'test/acc_align': 86.795}
[11 / 20] best valid accuracy: 73.121 at epoch 5 
 best_stats: {'best_valid_epoch': 5, 'best_valid_valid/acc': 79.321, 'best_valid_valid/acc_unbiased': 73.121, 'best_valid_valid/diff': 16.351, 'best_valid_valid/acc_skew': 66.657, 'best_valid_valid/acc_align': 79.586, 'best_valid_test/acc': 79.771, 'best_valid_test/acc_unbiased': 73.362, 'best_valid_test/diff': 15.928, 'best_valid_test/acc_skew': 68.426, 'best_valid_test/acc_align': 78.297}
[11 / 20] best test accuracy: 75.166 at epoch 9 
 best_stats: {'best_test_epoch': 9, 'best_test_valid/acc': 77.866, 'best_test_valid/acc_unbiased': 70.934, 'best_test_valid/diff': 23.827, 'best_test_valid/acc_skew': 59.02, 'best_test_valid/acc_align': 82.848, 'best_test_test/acc': 80.167, 'best_test_test/acc_unbiased': 75.166, 'best_test_test/diff': 17.238, 'best_test_test/acc_skew': 66.546, 'best_test_test/acc_align': 83.785}
[12 / 20] Learning rate: 0.0001 weight: 0.01
[12 / 20] Loss: 4.211080933724035 CE Loss: 0.3883966236068086 Con Loss: 4.207196987599123
[12 / 20] tensor([[0.975, 0.653],
        [0.641, 0.721]]) {'epoch': 12, 'valid/acc': 78.483, 'valid/acc_unbiased': 72.864, 'valid/diff': 26.899, 'valid/acc_skew': 59.414, 'valid/acc_align': 86.313, 'test/acc': 80.432, 'test/acc_unbiased': 74.785, 'test/diff': 20.1, 'test/acc_skew': 64.735, 'test/acc_align': 84.835}
[12 / 20] best valid accuracy: 73.121 at epoch 5 
 best_stats: {'best_valid_epoch': 5, 'best_valid_valid/acc': 79.321, 'best_valid_valid/acc_unbiased': 73.121, 'best_valid_valid/diff': 16.351, 'best_valid_valid/acc_skew': 66.657, 'best_valid_valid/acc_align': 79.586, 'best_valid_test/acc': 79.771, 'best_valid_test/acc_unbiased': 73.362, 'best_valid_test/diff': 15.928, 'best_valid_test/acc_skew': 68.426, 'best_valid_test/acc_align': 78.297}
[12 / 20] best test accuracy: 75.166 at epoch 9 
 best_stats: {'best_test_epoch': 9, 'best_test_valid/acc': 77.866, 'best_test_valid/acc_unbiased': 70.934, 'best_test_valid/diff': 23.827, 'best_test_valid/acc_skew': 59.02, 'best_test_valid/acc_align': 82.848, 'best_test_test/acc': 80.167, 'best_test_test/acc_unbiased': 75.166, 'best_test_test/diff': 17.238, 'best_test_test/acc_skew': 66.546, 'best_test_test/acc_align': 83.785}
[13 / 20] Learning rate: 0.0001 weight: 0.01
[13 / 20] Loss: 4.2610208937310405 CE Loss: 0.3609918495078785 Con Loss: 4.257410954911358
[13 / 20] tensor([[0.972, 0.631],
        [0.663, 0.739]]) {'epoch': 13, 'valid/acc': 79.982, 'valid/acc_unbiased': 72.78, 'valid/diff': 27.26, 'valid/acc_skew': 59.15, 'valid/acc_align': 86.41, 'test/acc': 81.049, 'test/acc_unbiased': 75.125, 'test/diff': 20.862, 'test/acc_skew': 64.694, 'test/acc_align': 85.556}
[13 / 20] best valid accuracy: 73.121 at epoch 5 
 best_stats: {'best_valid_epoch': 5, 'best_valid_valid/acc': 79.321, 'best_valid_valid/acc_unbiased': 73.121, 'best_valid_valid/diff': 16.351, 'best_valid_valid/acc_skew': 66.657, 'best_valid_valid/acc_align': 79.586, 'best_valid_test/acc': 79.771, 'best_valid_test/acc_unbiased': 73.362, 'best_valid_test/diff': 15.928, 'best_valid_test/acc_skew': 68.426, 'best_valid_test/acc_align': 78.297}
[13 / 20] best test accuracy: 75.166 at epoch 9 
 best_stats: {'best_test_epoch': 9, 'best_test_valid/acc': 77.866, 'best_test_valid/acc_unbiased': 70.934, 'best_test_valid/diff': 23.827, 'best_test_valid/acc_skew': 59.02, 'best_test_valid/acc_align': 82.848, 'best_test_test/acc': 80.167, 'best_test_test/acc_unbiased': 75.166, 'best_test_test/diff': 17.238, 'best_test_test/acc_skew': 66.546, 'best_test_test/acc_align': 83.785}
[14 / 20] Learning rate: 1e-05 weight: 0.01
[14 / 20] Loss: 4.213536611526301 CE Loss: 0.35963793264618976 Con Loss: 4.209940223022598
[14 / 20] tensor([[0.973, 0.619],
        [0.664, 0.739]]) {'epoch': 14, 'valid/acc': 79.718, 'valid/acc_unbiased': 72.783, 'valid/diff': 27.943, 'valid/acc_skew': 58.812, 'valid/acc_align': 86.755, 'test/acc': 81.049, 'test/acc_unbiased': 74.893, 'test/diff': 21.419, 'test/acc_skew': 64.184, 'test/acc_align': 85.603}
[14 / 20] best valid accuracy: 73.121 at epoch 5 
 best_stats: {'best_valid_epoch': 5, 'best_valid_valid/acc': 79.321, 'best_valid_valid/acc_unbiased': 73.121, 'best_valid_valid/diff': 16.351, 'best_valid_valid/acc_skew': 66.657, 'best_valid_valid/acc_align': 79.586, 'best_valid_test/acc': 79.771, 'best_valid_test/acc_unbiased': 73.362, 'best_valid_test/diff': 15.928, 'best_valid_test/acc_skew': 68.426, 'best_valid_test/acc_align': 78.297}
[14 / 20] best test accuracy: 75.166 at epoch 9 
 best_stats: {'best_test_epoch': 9, 'best_test_valid/acc': 77.866, 'best_test_valid/acc_unbiased': 70.934, 'best_test_valid/diff': 23.827, 'best_test_valid/acc_skew': 59.02, 'best_test_valid/acc_align': 82.848, 'best_test_test/acc': 80.167, 'best_test_test/acc_unbiased': 75.166, 'best_test_test/diff': 17.238, 'best_test_test/acc_skew': 66.546, 'best_test_test/acc_align': 83.785}
[15 / 20] Learning rate: 1e-05 weight: 0.01
[15 / 20] Loss: 4.1982424454669385 CE Loss: 0.35841120755525174 Con Loss: 4.194658337617715
[15 / 20] tensor([[0.968, 0.608],
        [0.678, 0.739]]) {'epoch': 15, 'valid/acc': 80.291, 'valid/acc_unbiased': 73.204, 'valid/diff': 26.918, 'valid/acc_skew': 59.745, 'valid/acc_align': 86.663, 'test/acc': 81.269, 'test/acc_unbiased': 74.838, 'test/diff': 21.06, 'test/acc_skew': 64.308, 'test/acc_align': 85.367}
[15 / 20] best valid accuracy: 73.204 at epoch 15 
 best_stats: {'best_valid_epoch': 15, 'best_valid_valid/acc': 80.291, 'best_valid_valid/acc_unbiased': 73.204, 'best_valid_valid/diff': 26.918, 'best_valid_valid/acc_skew': 59.745, 'best_valid_valid/acc_align': 86.663, 'best_valid_test/acc': 81.269, 'best_valid_test/acc_unbiased': 74.838, 'best_valid_test/diff': 21.06, 'best_valid_test/acc_skew': 64.308, 'best_valid_test/acc_align': 85.367}
[15 / 20] best test accuracy: 75.166 at epoch 9 
 best_stats: {'best_test_epoch': 9, 'best_test_valid/acc': 77.866, 'best_test_valid/acc_unbiased': 70.934, 'best_test_valid/diff': 23.827, 'best_test_valid/acc_skew': 59.02, 'best_test_valid/acc_align': 82.848, 'best_test_test/acc': 80.167, 'best_test_test/acc_unbiased': 75.166, 'best_test_test/diff': 17.238, 'best_test_test/acc_skew': 66.546, 'best_test_test/acc_align': 83.785}
[16 / 20] Learning rate: 1e-05 weight: 0.01
[16 / 20] Loss: 4.1872819183203935 CE Loss: 0.36004507951145537 Con Loss: 4.183681475183393
[16 / 20] tensor([[0.971, 0.653],
        [0.651, 0.715]]) {'epoch': 16, 'valid/acc': 79.938, 'valid/acc_unbiased': 73.449, 'valid/diff': 24.933, 'valid/acc_skew': 60.982, 'valid/acc_align': 85.915, 'test/acc': 80.52, 'test/acc_unbiased': 74.747, 'test/diff': 19.1, 'test/acc_skew': 65.196, 'test/acc_align': 84.297}
[16 / 20] best valid accuracy: 73.449 at epoch 16 
 best_stats: {'best_valid_epoch': 16, 'best_valid_valid/acc': 79.938, 'best_valid_valid/acc_unbiased': 73.449, 'best_valid_valid/diff': 24.933, 'best_valid_valid/acc_skew': 60.982, 'best_valid_valid/acc_align': 85.915, 'best_valid_test/acc': 80.52, 'best_valid_test/acc_unbiased': 74.747, 'best_valid_test/diff': 19.1, 'best_valid_test/acc_skew': 65.196, 'best_valid_test/acc_align': 84.297}
[16 / 20] best test accuracy: 75.166 at epoch 9 
 best_stats: {'best_test_epoch': 9, 'best_test_valid/acc': 77.866, 'best_test_valid/acc_unbiased': 70.934, 'best_test_valid/diff': 23.827, 'best_test_valid/acc_skew': 59.02, 'best_test_valid/acc_align': 82.848, 'best_test_test/acc': 80.167, 'best_test_test/acc_unbiased': 75.166, 'best_test_test/diff': 17.238, 'best_test_test/acc_skew': 66.546, 'best_test_test/acc_align': 83.785}
[17 / 20] Learning rate: 1e-05 weight: 0.01
[17 / 20] Loss: 4.091847254961271 CE Loss: 0.34918326585759657 Con Loss: 4.088355438578044
[17 / 20] tensor([[0.975, 0.614],
        [0.651, 0.745]]) {'epoch': 17, 'valid/acc': 79.453, 'valid/acc_unbiased': 72.506, 'valid/diff': 28.1, 'valid/acc_skew': 58.455, 'valid/acc_align': 86.556, 'test/acc': 80.652, 'test/acc_unbiased': 74.628, 'test/diff': 22.84, 'test/acc_skew': 63.208, 'test/acc_align': 86.047}
[17 / 20] best valid accuracy: 73.449 at epoch 16 
 best_stats: {'best_valid_epoch': 16, 'best_valid_valid/acc': 79.938, 'best_valid_valid/acc_unbiased': 73.449, 'best_valid_valid/diff': 24.933, 'best_valid_valid/acc_skew': 60.982, 'best_valid_valid/acc_align': 85.915, 'best_valid_test/acc': 80.52, 'best_valid_test/acc_unbiased': 74.747, 'best_valid_test/diff': 19.1, 'best_valid_test/acc_skew': 65.196, 'best_valid_test/acc_align': 84.297}
[17 / 20] best test accuracy: 75.166 at epoch 9 
 best_stats: {'best_test_epoch': 9, 'best_test_valid/acc': 77.866, 'best_test_valid/acc_unbiased': 70.934, 'best_test_valid/diff': 23.827, 'best_test_valid/acc_skew': 59.02, 'best_test_valid/acc_align': 82.848, 'best_test_test/acc': 80.167, 'best_test_test/acc_unbiased': 75.166, 'best_test_test/diff': 17.238, 'best_test_test/acc_skew': 66.546, 'best_test_test/acc_align': 83.785}
[18 / 20] Learning rate: 1e-05 weight: 0.01
[18 / 20] Loss: 4.192116516888789 CE Loss: 0.36148000428490046 Con Loss: 4.188501724006084
[18 / 20] tensor([[0.975, 0.625],
        [0.651, 0.752]]) {'epoch': 18, 'valid/acc': 79.409, 'valid/acc_unbiased': 72.481, 'valid/diff': 28.052, 'valid/acc_skew': 58.455, 'valid/acc_align': 86.507, 'test/acc': 80.74, 'test/acc_unbiased': 75.04, 'test/diff': 22.527, 'test/acc_skew': 63.776, 'test/acc_align': 86.303}
[18 / 20] best valid accuracy: 73.449 at epoch 16 
 best_stats: {'best_valid_epoch': 16, 'best_valid_valid/acc': 79.938, 'best_valid_valid/acc_unbiased': 73.449, 'best_valid_valid/diff': 24.933, 'best_valid_valid/acc_skew': 60.982, 'best_valid_valid/acc_align': 85.915, 'best_valid_test/acc': 80.52, 'best_valid_test/acc_unbiased': 74.747, 'best_valid_test/diff': 19.1, 'best_valid_test/acc_skew': 65.196, 'best_valid_test/acc_align': 84.297}
[18 / 20] best test accuracy: 75.166 at epoch 9 
 best_stats: {'best_test_epoch': 9, 'best_test_valid/acc': 77.866, 'best_test_valid/acc_unbiased': 70.934, 'best_test_valid/diff': 23.827, 'best_test_valid/acc_skew': 59.02, 'best_test_valid/acc_align': 82.848, 'best_test_test/acc': 80.167, 'best_test_test/acc_unbiased': 75.166, 'best_test_test/diff': 17.238, 'best_test_test/acc_skew': 66.546, 'best_test_test/acc_align': 83.785}
[19 / 20] Learning rate: 1e-05 weight: 0.01
[19 / 20] Loss: 4.186271475567348 CE Loss: 0.36409099463084715 Con Loss: 4.1826305701821
[19 / 20] tensor([[0.974, 0.608],
        [0.664, 0.764]]) {'epoch': 19, 'valid/acc': 80.115, 'valid/acc_unbiased': 73.444, 'valid/diff': 28.311, 'valid/acc_skew': 59.288, 'valid/acc_align': 87.599, 'test/acc': 81.181, 'test/acc_unbiased': 75.239, 'test/diff': 23.247, 'test/acc_skew': 63.616, 'test/acc_align': 86.862}
[19 / 20] best valid accuracy: 73.449 at epoch 16 
 best_stats: {'best_valid_epoch': 16, 'best_valid_valid/acc': 79.938, 'best_valid_valid/acc_unbiased': 73.449, 'best_valid_valid/diff': 24.933, 'best_valid_valid/acc_skew': 60.982, 'best_valid_valid/acc_align': 85.915, 'best_valid_test/acc': 80.52, 'best_valid_test/acc_unbiased': 74.747, 'best_valid_test/diff': 19.1, 'best_valid_test/acc_skew': 65.196, 'best_valid_test/acc_align': 84.297}
[19 / 20] best test accuracy: 75.239 at epoch 19 
 best_stats: {'best_test_epoch': 19, 'best_test_valid/acc': 80.115, 'best_test_valid/acc_unbiased': 73.444, 'best_test_valid/diff': 28.311, 'best_test_valid/acc_skew': 59.288, 'best_test_valid/acc_align': 87.599, 'best_test_test/acc': 81.181, 'best_test_test/acc_unbiased': 75.239, 'best_test_test/diff': 23.247, 'best_test_test/acc_skew': 63.616, 'best_test_test/acc_align': 86.862}
[20 / 20] Learning rate: 1e-05 weight: 0.01
[20 / 20] Loss: 4.161884289116325 CE Loss: 0.3521678703570357 Con Loss: 4.158362597483724
[20 / 20] tensor([[0.972, 0.602],
        [0.678, 0.758]]) {'epoch': 20, 'valid/acc': 80.115, 'valid/acc_unbiased': 73.276, 'valid/diff': 26.87, 'valid/acc_skew': 59.841, 'valid/acc_align': 86.711, 'test/acc': 81.534, 'test/acc_unbiased': 75.244, 'test/diff': 22.441, 'test/acc_skew': 64.024, 'test/acc_align': 86.465}
[20 / 20] best valid accuracy: 73.449 at epoch 16 
 best_stats: {'best_valid_epoch': 16, 'best_valid_valid/acc': 79.938, 'best_valid_valid/acc_unbiased': 73.449, 'best_valid_valid/diff': 24.933, 'best_valid_valid/acc_skew': 60.982, 'best_valid_valid/acc_align': 85.915, 'best_valid_test/acc': 80.52, 'best_valid_test/acc_unbiased': 74.747, 'best_valid_test/diff': 19.1, 'best_valid_test/acc_skew': 65.196, 'best_valid_test/acc_align': 84.297}
[20 / 20] best test accuracy: 75.244 at epoch 20 
 best_stats: {'best_test_epoch': 20, 'best_test_valid/acc': 80.115, 'best_test_valid/acc_unbiased': 73.276, 'best_test_valid/diff': 26.87, 'best_test_valid/acc_skew': 59.841, 'best_test_valid/acc_align': 86.711, 'best_test_test/acc': 81.534, 'best_test_test/acc_unbiased': 75.244, 'best_test_test/diff': 22.441, 'best_test_test/acc_skew': 64.024, 'best_test_test/acc_align': 86.465}
Total training time: 0:15:53
