Log level set to: INFO
Set seed: 2
=======> Using Fixed Random Seed: 2 <========
save_path: exp_results/bc-bb0-utk_face_race-us-0.4-lr0.001-bs128-cbs64-w0.01-ratio10-aug1-seed2
get_utk_face - split: train, aug: False, given_y: True, ratio: 0
use existing biased_utk_face from data/utk_face/pickles/biased_utk_face-target_gender-bias_race-0.4
Distribution Before Sampling: 
===================================
Binary Labels Distribution: 
Binary Target 0
---------------------------
Target 0: [4407, 3317]
Target 1: [2644, 5529]
Binary Target 1
---------------------------
Target 0: [4407, 3317]
Target 1: [2644, 5529]
===================================
Normal Label Distribution: 
Target 0: [4407, 3317]
Target 1: [2644, 5529]
===================================
Distribution After Sampling: 
===================================
Binary Labels Distribution: 
Binary Target 0
---------------------------
Target 0: [2644, 2644]
Target 1: [2644, 2644]
Binary Target 1
---------------------------
Target 0: [2644, 2644]
Target 1: [2644, 2644]
===================================
Normal Label Distribution: 
Target 0: [2644, 2644]
Target 1: [2644, 2644]
===================================
Use BiasedUTKFace - target_attr: gender
BiasedUTKFace -- total: 10576, target_attr: gender, bias_attr: race bias_rate: 0.4
['[train] target_0-bias_0: 2644', '[train] target_0-bias_1: 2644', '[train] target_1-bias_0: 2644', '[train] target_1-bias_1: 2644']
confusion_matrix - 
 original: tensor([[2644., 2644.],
        [2644., 2644.]]), 
 normalized: tensor([[0.500, 0.500],
        [0.500, 0.500]]), 
 b|y: tensor([[0.500, 0.500],
        [0.500, 0.500]])
get_utk_face - split: train, aug: 1, given_y: True, ratio: 10
use existing biased_utk_face from data/utk_face/pickles/biased_utk_face-target_gender-bias_race-0.4
Distribution Before Sampling: 
===================================
Binary Labels Distribution: 
Binary Target 0
---------------------------
Target 0: [4407, 3317]
Target 1: [2644, 5529]
Binary Target 1
---------------------------
Target 0: [4407, 3317]
Target 1: [2644, 5529]
===================================
Normal Label Distribution: 
Target 0: [4407, 3317]
Target 1: [2644, 5529]
===================================
Distribution After Sampling: 
===================================
Binary Labels Distribution: 
Binary Target 0
---------------------------
Target 0: [2644, 2644]
Target 1: [2644, 2644]
Binary Target 1
---------------------------
Target 0: [2644, 2644]
Target 1: [2644, 2644]
===================================
Normal Label Distribution: 
Target 0: [2644, 2644]
Target 1: [2644, 2644]
===================================
Use BiasedUTKFace - target_attr: gender
BiasedUTKFace -- total: 10576, target_attr: gender, bias_attr: race bias_rate: 0.4
['[train] target_0-bias_0: 2644', '[train] target_0-bias_1: 2644', '[train] target_1-bias_0: 2644', '[train] target_1-bias_1: 2644']
get_utk_face - split: valid, aug: False, given_y: True, ratio: 0
use existing biased_utk_face from data/utk_face/pickles/biased_utk_face-target_gender-bias_race-0.4
Distribution Before Sampling: 
===================================
Binary Labels Distribution: 
Binary Target 0
---------------------------
Target 0: [583, 684]
Target 1: [457, 646]
Binary Target 1
---------------------------
Target 0: [583, 684]
Target 1: [457, 646]
===================================
Normal Label Distribution: 
Target 0: [583, 684]
Target 1: [457, 646]
===================================
Use BiasedUTKFace - target_attr: gender
BiasedUTKFace -- total: 2370, target_attr: gender, bias_attr: race bias_rate: 0.4
['[valid] target_0-bias_0: 583', '[valid] target_0-bias_1: 684', '[valid] target_1-bias_0: 457', '[valid] target_1-bias_1: 646']
get_utk_face - split: test, aug: False, given_y: True, ratio: 0
use existing biased_utk_face from data/utk_face/pickles/biased_utk_face-target_gender-bias_race-0.4
Distribution Before Sampling: 
===================================
Binary Labels Distribution: 
Binary Target 0
---------------------------
Target 0: [558, 677]
Target 1: [462, 673]
Binary Target 1
---------------------------
Target 0: [558, 677]
Target 1: [462, 673]
===================================
Normal Label Distribution: 
Target 0: [558, 677]
Target 1: [462, 673]
===================================
Use BiasedUTKFace - target_attr: gender
BiasedUTKFace -- total: 2370, target_attr: gender, bias_attr: race bias_rate: 0.4
['[test] target_0-bias_0: 558', '[test] target_0-bias_1: 677', '[test] target_1-bias_0: 462', '[test] target_1-bias_1: 673']
decay_epochs: [6, 13]
[1 / 20] Learning rate: 0.001 weight: 0.01
[1 / 20] Loss: 4.909017829779597 CE Loss: 0.595070744426456 Con Loss: 4.903067132167845
[1 / 20] tensor([[0.699, 0.674],
        [0.846, 0.875]]) {'epoch': 1, 'valid/acc': 76.414, 'valid/acc_unbiased': 77.15, 'valid/diff': 2.803, 'valid/acc_skew': 78.551, 'valid/acc_align': 75.748, 'test/acc': 77.046, 'test/acc_unbiased': 77.35, 'test/diff': 2.712, 'test/acc_skew': 77.262, 'test/acc_align': 77.437}
[1 / 20] best valid accuracy: 77.150 at epoch 1 
 best_stats: {'best_valid_epoch': 1, 'best_valid_valid/acc': 76.414, 'best_valid_valid/acc_unbiased': 77.15, 'best_valid_valid/diff': 2.803, 'best_valid_valid/acc_skew': 78.551, 'best_valid_valid/acc_align': 75.748, 'best_valid_test/acc': 77.046, 'best_valid_test/acc_unbiased': 77.35, 'best_valid_test/diff': 2.712, 'best_valid_test/acc_skew': 77.262, 'best_valid_test/acc_align': 77.437}
[1 / 20] best test accuracy: 77.350 at epoch 1 
 best_stats: {'best_test_epoch': 1, 'best_test_valid/acc': 76.414, 'best_test_valid/acc_unbiased': 77.15, 'best_test_valid/diff': 2.803, 'best_test_valid/acc_skew': 78.551, 'best_test_valid/acc_align': 75.748, 'best_test_test/acc': 77.046, 'best_test_test/acc_unbiased': 77.35, 'best_test_test/diff': 2.712, 'best_test_test/acc_skew': 77.262, 'best_test_test/acc_align': 77.437}
[2 / 20] Learning rate: 0.001 weight: 0.01
[2 / 20] Loss: 4.779039024404967 CE Loss: 0.48706262194623384 Con Loss: 4.774168379548458
[2 / 20] tensor([[0.599, 0.567],
        [0.922, 0.939]]) {'epoch': 2, 'valid/acc': 73.797, 'valid/acc_unbiased': 75.161, 'valid/diff': 0.812, 'valid/acc_skew': 75.567, 'valid/acc_align': 74.755, 'test/acc': 74.937, 'test/acc_unbiased': 75.673, 'test/diff': 2.418, 'test/acc_skew': 76.032, 'test/acc_align': 75.314}
[2 / 20] best valid accuracy: 77.150 at epoch 1 
 best_stats: {'best_valid_epoch': 1, 'best_valid_valid/acc': 76.414, 'best_valid_valid/acc_unbiased': 77.15, 'best_valid_valid/diff': 2.803, 'best_valid_valid/acc_skew': 78.551, 'best_valid_valid/acc_align': 75.748, 'best_valid_test/acc': 77.046, 'best_valid_test/acc_unbiased': 77.35, 'best_valid_test/diff': 2.712, 'best_valid_test/acc_skew': 77.262, 'best_valid_test/acc_align': 77.437}
[2 / 20] best test accuracy: 77.350 at epoch 1 
 best_stats: {'best_test_epoch': 1, 'best_test_valid/acc': 76.414, 'best_test_valid/acc_unbiased': 77.15, 'best_test_valid/diff': 2.803, 'best_test_valid/acc_skew': 78.551, 'best_test_valid/acc_align': 75.748, 'best_test_test/acc': 77.046, 'best_test_test/acc_unbiased': 77.35, 'best_test_test/diff': 2.712, 'best_test_test/acc_skew': 77.262, 'best_test_test/acc_align': 77.437}
[3 / 20] Learning rate: 0.001 weight: 0.01
[3 / 20] Loss: 4.750302001676112 CE Loss: 0.450922621991739 Con Loss: 4.745792798664134
[3 / 20] tensor([[0.765, 0.758],
        [0.907, 0.892]]) {'epoch': 3, 'valid/acc': 81.73, 'valid/acc_unbiased': 82.381, 'valid/diff': 2.361, 'valid/acc_skew': 83.235, 'valid/acc_align': 81.527, 'test/acc': 82.658, 'test/acc_unbiased': 83.036, 'test/diff': 1.144, 'test/acc_skew': 83.608, 'test/acc_align': 82.464}
[3 / 20] best valid accuracy: 82.381 at epoch 3 
 best_stats: {'best_valid_epoch': 3, 'best_valid_valid/acc': 81.73, 'best_valid_valid/acc_unbiased': 82.381, 'best_valid_valid/diff': 2.361, 'best_valid_valid/acc_skew': 83.235, 'best_valid_valid/acc_align': 81.527, 'best_valid_test/acc': 82.658, 'best_valid_test/acc_unbiased': 83.036, 'best_valid_test/diff': 1.144, 'best_valid_test/acc_skew': 83.608, 'best_valid_test/acc_align': 82.464}
[3 / 20] best test accuracy: 83.036 at epoch 3 
 best_stats: {'best_test_epoch': 3, 'best_test_valid/acc': 81.73, 'best_test_valid/acc_unbiased': 82.381, 'best_test_valid/diff': 2.361, 'best_test_valid/acc_skew': 83.235, 'best_test_valid/acc_align': 81.527, 'best_test_test/acc': 82.658, 'best_test_test/acc_unbiased': 83.036, 'best_test_test/diff': 1.144, 'best_test_test/acc_skew': 83.608, 'best_test_test/acc_align': 82.464}
[4 / 20] Learning rate: 0.001 weight: 0.01
[4 / 20] Loss: 4.734165479484016 CE Loss: 0.41246969950541784 Con Loss: 4.730040820030871
[4 / 20] tensor([[0.690, 0.691],
        [0.920, 0.930]]) {'epoch': 4, 'valid/acc': 79.451, 'valid/acc_unbiased': 80.387, 'valid/diff': 1.812, 'valid/acc_skew': 80.985, 'valid/acc_align': 79.79, 'test/acc': 80.338, 'test/acc_unbiased': 80.783, 'test/diff': 0.579, 'test/acc_skew': 80.494, 'test/acc_align': 81.072}
[4 / 20] best valid accuracy: 82.381 at epoch 3 
 best_stats: {'best_valid_epoch': 3, 'best_valid_valid/acc': 81.73, 'best_valid_valid/acc_unbiased': 82.381, 'best_valid_valid/diff': 2.361, 'best_valid_valid/acc_skew': 83.235, 'best_valid_valid/acc_align': 81.527, 'best_valid_test/acc': 82.658, 'best_valid_test/acc_unbiased': 83.036, 'best_valid_test/diff': 1.144, 'best_valid_test/acc_skew': 83.608, 'best_valid_test/acc_align': 82.464}
[4 / 20] best test accuracy: 83.036 at epoch 3 
 best_stats: {'best_test_epoch': 3, 'best_test_valid/acc': 81.73, 'best_test_valid/acc_unbiased': 82.381, 'best_test_valid/diff': 2.361, 'best_test_valid/acc_skew': 83.235, 'best_test_valid/acc_align': 81.527, 'best_test_test/acc': 82.658, 'best_test_test/acc_unbiased': 83.036, 'best_test_test/diff': 1.144, 'best_test_test/acc_skew': 83.608, 'best_test_test/acc_align': 82.464}
[5 / 20] Learning rate: 0.001 weight: 0.01
[5 / 20] Loss: 4.722617559822533 CE Loss: 0.4163359253922317 Con Loss: 4.718454206584982
[5 / 20] tensor([[0.738, 0.702],
        [0.918, 0.941]]) {'epoch': 5, 'valid/acc': 82.743, 'valid/acc_unbiased': 83.47, 'valid/diff': 1.109, 'valid/acc_skew': 84.025, 'valid/acc_align': 82.916, 'test/acc': 82.025, 'test/acc_unbiased': 82.457, 'test/diff': 2.977, 'test/acc_skew': 82.805, 'test/acc_align': 82.109}
[5 / 20] best valid accuracy: 83.470 at epoch 5 
 best_stats: {'best_valid_epoch': 5, 'best_valid_valid/acc': 82.743, 'best_valid_valid/acc_unbiased': 83.47, 'best_valid_valid/diff': 1.109, 'best_valid_valid/acc_skew': 84.025, 'best_valid_valid/acc_align': 82.916, 'best_valid_test/acc': 82.025, 'best_valid_test/acc_unbiased': 82.457, 'best_valid_test/diff': 2.977, 'best_valid_test/acc_skew': 82.805, 'best_valid_test/acc_align': 82.109}
[5 / 20] best test accuracy: 83.036 at epoch 3 
 best_stats: {'best_test_epoch': 3, 'best_test_valid/acc': 81.73, 'best_test_valid/acc_unbiased': 82.381, 'best_test_valid/diff': 2.361, 'best_test_valid/acc_skew': 83.235, 'best_test_valid/acc_align': 81.527, 'best_test_test/acc': 82.658, 'best_test_test/acc_unbiased': 83.036, 'best_test_test/diff': 1.144, 'best_test_test/acc_skew': 83.608, 'best_test_test/acc_align': 82.464}
[6 / 20] Learning rate: 0.001 weight: 0.01
[6 / 20] Loss: 4.716797078431284 CE Loss: 0.4028636300527743 Con Loss: 4.712768459464346
[6 / 20] tensor([[0.767, 0.708],
        [0.939, 0.933]]) {'epoch': 6, 'valid/acc': 82.278, 'valid/acc_unbiased': 83.111, 'valid/diff': 3.124, 'valid/acc_skew': 84.672, 'valid/acc_align': 81.549, 'test/acc': 83.08, 'test/acc_unbiased': 83.677, 'test/diff': 3.288, 'test/acc_skew': 85.321, 'test/acc_align': 82.033}
[6 / 20] best valid accuracy: 83.470 at epoch 5 
 best_stats: {'best_valid_epoch': 5, 'best_valid_valid/acc': 82.743, 'best_valid_valid/acc_unbiased': 83.47, 'best_valid_valid/diff': 1.109, 'best_valid_valid/acc_skew': 84.025, 'best_valid_valid/acc_align': 82.916, 'best_valid_test/acc': 82.025, 'best_valid_test/acc_unbiased': 82.457, 'best_valid_test/diff': 2.977, 'best_valid_test/acc_skew': 82.805, 'best_valid_test/acc_align': 82.109}
[6 / 20] best test accuracy: 83.677 at epoch 6 
 best_stats: {'best_test_epoch': 6, 'best_test_valid/acc': 82.278, 'best_test_valid/acc_unbiased': 83.111, 'best_test_valid/diff': 3.124, 'best_test_valid/acc_skew': 84.672, 'best_test_valid/acc_align': 81.549, 'best_test_test/acc': 83.08, 'best_test_test/acc_unbiased': 83.677, 'best_test_test/diff': 3.288, 'best_test_test/acc_skew': 85.321, 'best_test_test/acc_align': 82.033}
[7 / 20] Learning rate: 0.0001 weight: 0.01
[7 / 20] Loss: 4.662131398239944 CE Loss: 0.3702717903161734 Con Loss: 4.658428693503006
[7 / 20] tensor([[0.848, 0.818],
        [0.887, 0.897]]) {'epoch': 7, 'valid/acc': 86.667, 'valid/acc_unbiased': 86.885, 'valid/diff': 1.661, 'valid/acc_skew': 87.716, 'valid/acc_align': 86.055, 'test/acc': 86.118, 'test/acc_unbiased': 86.273, 'test/diff': 1.969, 'test/acc_skew': 86.756, 'test/acc_align': 85.79}
[7 / 20] best valid accuracy: 86.885 at epoch 7 
 best_stats: {'best_valid_epoch': 7, 'best_valid_valid/acc': 86.667, 'best_valid_valid/acc_unbiased': 86.885, 'best_valid_valid/diff': 1.661, 'best_valid_valid/acc_skew': 87.716, 'best_valid_valid/acc_align': 86.055, 'best_valid_test/acc': 86.118, 'best_valid_test/acc_unbiased': 86.273, 'best_valid_test/diff': 1.969, 'best_valid_test/acc_skew': 86.756, 'best_valid_test/acc_align': 85.79}
[7 / 20] best test accuracy: 86.273 at epoch 7 
 best_stats: {'best_test_epoch': 7, 'best_test_valid/acc': 86.667, 'best_test_valid/acc_unbiased': 86.885, 'best_test_valid/diff': 1.661, 'best_test_valid/acc_skew': 87.716, 'best_test_valid/acc_align': 86.055, 'best_test_test/acc': 86.118, 'best_test_test/acc_unbiased': 86.273, 'best_test_test/diff': 1.969, 'best_test_test/acc_skew': 86.756, 'best_test_test/acc_align': 85.79}
[8 / 20] Learning rate: 0.0001 weight: 0.01
[8 / 20] Loss: 4.646725262167234 CE Loss: 0.3462280039527593 Con Loss: 4.643262977138409
[8 / 20] tensor([[0.864, 0.832],
        [0.868, 0.890]]) {'epoch': 8, 'valid/acc': 86.624, 'valid/acc_unbiased': 86.741, 'valid/diff': 2.506, 'valid/acc_skew': 87.994, 'valid/acc_align': 85.488, 'test/acc': 86.287, 'test/acc_unbiased': 86.335, 'test/diff': 2.713, 'test/acc_skew': 86.588, 'test/acc_align': 86.083}
[8 / 20] best valid accuracy: 86.885 at epoch 7 
 best_stats: {'best_valid_epoch': 7, 'best_valid_valid/acc': 86.667, 'best_valid_valid/acc_unbiased': 86.885, 'best_valid_valid/diff': 1.661, 'best_valid_valid/acc_skew': 87.716, 'best_valid_valid/acc_align': 86.055, 'best_valid_test/acc': 86.118, 'best_valid_test/acc_unbiased': 86.273, 'best_valid_test/diff': 1.969, 'best_valid_test/acc_skew': 86.756, 'best_valid_test/acc_align': 85.79}
[8 / 20] best test accuracy: 86.335 at epoch 8 
 best_stats: {'best_test_epoch': 8, 'best_test_valid/acc': 86.624, 'best_test_valid/acc_unbiased': 86.741, 'best_test_valid/diff': 2.506, 'best_test_valid/acc_skew': 87.994, 'best_test_valid/acc_align': 85.488, 'best_test_test/acc': 86.287, 'best_test_test/acc_unbiased': 86.335, 'best_test_test/diff': 2.713, 'best_test_test/acc_skew': 86.588, 'best_test_test/acc_align': 86.083}
[9 / 20] Learning rate: 0.0001 weight: 0.01
[9 / 20] Loss: 4.644292143217194 CE Loss: 0.34749607058768917 Con Loss: 4.640817176916956
[9 / 20] tensor([[0.882, 0.851],
        [0.861, 0.871]]) {'epoch': 9, 'valid/acc': 86.751, 'valid/acc_unbiased': 86.757, 'valid/diff': 1.971, 'valid/acc_skew': 87.743, 'valid/acc_align': 85.771, 'test/acc': 86.582, 'test/acc_unbiased': 86.618, 'test/diff': 2.008, 'test/acc_skew': 87.16, 'test/acc_align': 86.077}
[9 / 20] best valid accuracy: 86.885 at epoch 7 
 best_stats: {'best_valid_epoch': 7, 'best_valid_valid/acc': 86.667, 'best_valid_valid/acc_unbiased': 86.885, 'best_valid_valid/diff': 1.661, 'best_valid_valid/acc_skew': 87.716, 'best_valid_valid/acc_align': 86.055, 'best_valid_test/acc': 86.118, 'best_valid_test/acc_unbiased': 86.273, 'best_valid_test/diff': 1.969, 'best_valid_test/acc_skew': 86.756, 'best_valid_test/acc_align': 85.79}
[9 / 20] best test accuracy: 86.618 at epoch 9 
 best_stats: {'best_test_epoch': 9, 'best_test_valid/acc': 86.751, 'best_test_valid/acc_unbiased': 86.757, 'best_test_valid/diff': 1.971, 'best_test_valid/acc_skew': 87.743, 'best_test_valid/acc_align': 85.771, 'best_test_test/acc': 86.582, 'best_test_test/acc_unbiased': 86.618, 'best_test_test/diff': 2.008, 'best_test_test/acc_skew': 87.16, 'best_test_test/acc_align': 86.077}
[10 / 20] Learning rate: 0.0001 weight: 0.01
[10 / 20] Loss: 4.634772608752691 CE Loss: 0.32702514141482414 Con Loss: 4.631502347706666
[10 / 20] tensor([[0.842, 0.809],
        [0.903, 0.915]]) {'epoch': 10, 'valid/acc': 86.709, 'valid/acc_unbiased': 87.021, 'valid/diff': 1.253, 'valid/acc_skew': 87.648, 'valid/acc_align': 86.395, 'test/acc': 86.54, 'test/acc_unbiased': 86.741, 'test/diff': 2.277, 'test/acc_skew': 87.245, 'test/acc_align': 86.238}
[10 / 20] best valid accuracy: 87.021 at epoch 10 
 best_stats: {'best_valid_epoch': 10, 'best_valid_valid/acc': 86.709, 'best_valid_valid/acc_unbiased': 87.021, 'best_valid_valid/diff': 1.253, 'best_valid_valid/acc_skew': 87.648, 'best_valid_valid/acc_align': 86.395, 'best_valid_test/acc': 86.54, 'best_valid_test/acc_unbiased': 86.741, 'best_valid_test/diff': 2.277, 'best_valid_test/acc_skew': 87.245, 'best_valid_test/acc_align': 86.238}
[10 / 20] best test accuracy: 86.741 at epoch 10 
 best_stats: {'best_test_epoch': 10, 'best_test_valid/acc': 86.709, 'best_test_valid/acc_unbiased': 87.021, 'best_test_valid/diff': 1.253, 'best_test_valid/acc_skew': 87.648, 'best_test_valid/acc_align': 86.395, 'best_test_test/acc': 86.54, 'best_test_test/acc_unbiased': 86.741, 'best_test_test/diff': 2.277, 'best_test_test/acc_skew': 87.245, 'best_test_test/acc_align': 86.238}
[11 / 20] Learning rate: 0.0001 weight: 0.01
[11 / 20] Loss: 4.623218873986318 CE Loss: 0.33035971956967225 Con Loss: 4.619915294214384
[11 / 20] tensor([[0.862, 0.823],
        [0.885, 0.909]]) {'epoch': 11, 'valid/acc': 87.215, 'valid/acc_unbiased': 87.504, 'valid/diff': 1.659, 'valid/acc_skew': 88.334, 'valid/acc_align': 86.674, 'test/acc': 86.878, 'test/acc_unbiased': 86.985, 'test/diff': 3.167, 'test/acc_skew': 87.364, 'test/acc_align': 86.605}
[11 / 20] best valid accuracy: 87.504 at epoch 11 
 best_stats: {'best_valid_epoch': 11, 'best_valid_valid/acc': 87.215, 'best_valid_valid/acc_unbiased': 87.504, 'best_valid_valid/diff': 1.659, 'best_valid_valid/acc_skew': 88.334, 'best_valid_valid/acc_align': 86.674, 'best_valid_test/acc': 86.878, 'best_valid_test/acc_unbiased': 86.985, 'best_valid_test/diff': 3.167, 'best_valid_test/acc_skew': 87.364, 'best_valid_test/acc_align': 86.605}
[11 / 20] best test accuracy: 86.985 at epoch 11 
 best_stats: {'best_test_epoch': 11, 'best_test_valid/acc': 87.215, 'best_test_valid/acc_unbiased': 87.504, 'best_test_valid/diff': 1.659, 'best_test_valid/acc_skew': 88.334, 'best_test_valid/acc_align': 86.674, 'best_test_test/acc': 86.878, 'best_test_test/acc_unbiased': 86.985, 'best_test_test/diff': 3.167, 'best_test_test/acc_skew': 87.364, 'best_test_test/acc_align': 86.605}
[12 / 20] Learning rate: 0.0001 weight: 0.01
[12 / 20] Loss: 4.628116382593106 CE Loss: 0.3212027170113464 Con Loss: 4.624904338242247
[12 / 20] tensor([[0.867, 0.827],
        [0.896, 0.906]]) {'epoch': 12, 'valid/acc': 87.848, 'valid/acc_unbiased': 88.083, 'valid/diff': 1.312, 'valid/acc_skew': 88.739, 'valid/acc_align': 87.427, 'test/acc': 87.257, 'test/acc_unbiased': 87.426, 'test/diff': 2.525, 'test/acc_skew': 88.174, 'test/acc_align': 86.678}
[12 / 20] best valid accuracy: 88.083 at epoch 12 
 best_stats: {'best_valid_epoch': 12, 'best_valid_valid/acc': 87.848, 'best_valid_valid/acc_unbiased': 88.083, 'best_valid_valid/diff': 1.312, 'best_valid_valid/acc_skew': 88.739, 'best_valid_valid/acc_align': 87.427, 'best_valid_test/acc': 87.257, 'best_valid_test/acc_unbiased': 87.426, 'best_valid_test/diff': 2.525, 'best_valid_test/acc_skew': 88.174, 'best_valid_test/acc_align': 86.678}
[12 / 20] best test accuracy: 87.426 at epoch 12 
 best_stats: {'best_test_epoch': 12, 'best_test_valid/acc': 87.848, 'best_test_valid/acc_unbiased': 88.083, 'best_test_valid/diff': 1.312, 'best_test_valid/acc_skew': 88.739, 'best_test_valid/acc_align': 87.427, 'best_test_test/acc': 87.257, 'best_test_test/acc_unbiased': 87.426, 'best_test_test/diff': 2.525, 'best_test_test/acc_skew': 88.174, 'best_test_test/acc_align': 86.678}
[13 / 20] Learning rate: 0.0001 weight: 0.01
[13 / 20] Loss: 4.615911259413126 CE Loss: 0.3162512234137386 Con Loss: 4.612748757793756
[13 / 20] tensor([[0.860, 0.818],
        [0.896, 0.906]]) {'epoch': 13, 'valid/acc': 87.932, 'valid/acc_unbiased': 88.171, 'valid/diff': 1.25, 'valid/acc_skew': 88.567, 'valid/acc_align': 87.775, 'test/acc': 86.835, 'test/acc_unbiased': 87.026, 'test/diff': 2.609, 'test/acc_skew': 87.816, 'test/acc_align': 86.235}
[13 / 20] best valid accuracy: 88.171 at epoch 13 
 best_stats: {'best_valid_epoch': 13, 'best_valid_valid/acc': 87.932, 'best_valid_valid/acc_unbiased': 88.171, 'best_valid_valid/diff': 1.25, 'best_valid_valid/acc_skew': 88.567, 'best_valid_valid/acc_align': 87.775, 'best_valid_test/acc': 86.835, 'best_valid_test/acc_unbiased': 87.026, 'best_valid_test/diff': 2.609, 'best_valid_test/acc_skew': 87.816, 'best_valid_test/acc_align': 86.235}
[13 / 20] best test accuracy: 87.426 at epoch 12 
 best_stats: {'best_test_epoch': 12, 'best_test_valid/acc': 87.848, 'best_test_valid/acc_unbiased': 88.083, 'best_test_valid/diff': 1.312, 'best_test_valid/acc_skew': 88.739, 'best_test_valid/acc_align': 87.427, 'best_test_test/acc': 87.257, 'best_test_test/acc_unbiased': 87.426, 'best_test_test/diff': 2.525, 'best_test_test/acc_skew': 88.174, 'best_test_test/acc_align': 86.678}
[14 / 20] Learning rate: 1e-05 weight: 0.01
[14 / 20] Loss: 4.606316884599186 CE Loss: 0.3144015294701177 Con Loss: 4.6031728375156415
[14 / 20] tensor([[0.875, 0.839],
        [0.879, 0.896]]) {'epoch': 14, 'valid/acc': 87.932, 'valid/acc_unbiased': 88.102, 'valid/diff': 1.084, 'valid/acc_skew': 88.644, 'valid/acc_align': 87.56, 'test/acc': 87.131, 'test/acc_unbiased': 87.208, 'test/diff': 2.638, 'test/acc_skew': 87.667, 'test/acc_align': 86.749}
[14 / 20] best valid accuracy: 88.171 at epoch 13 
 best_stats: {'best_valid_epoch': 13, 'best_valid_valid/acc': 87.932, 'best_valid_valid/acc_unbiased': 88.171, 'best_valid_valid/diff': 1.25, 'best_valid_valid/acc_skew': 88.567, 'best_valid_valid/acc_align': 87.775, 'best_valid_test/acc': 86.835, 'best_valid_test/acc_unbiased': 87.026, 'best_valid_test/diff': 2.609, 'best_valid_test/acc_skew': 87.816, 'best_valid_test/acc_align': 86.235}
[14 / 20] best test accuracy: 87.426 at epoch 12 
 best_stats: {'best_test_epoch': 12, 'best_test_valid/acc': 87.848, 'best_test_valid/acc_unbiased': 88.083, 'best_test_valid/diff': 1.312, 'best_test_valid/acc_skew': 88.739, 'best_test_valid/acc_align': 87.427, 'best_test_test/acc': 87.257, 'best_test_test/acc_unbiased': 87.426, 'best_test_test/diff': 2.525, 'best_test_test/acc_skew': 88.174, 'best_test_test/acc_align': 86.678}
[15 / 20] Learning rate: 1e-05 weight: 0.01
[15 / 20] Loss: 4.6131239961748225 CE Loss: 0.3120377293017195 Con Loss: 4.610003615652018
[15 / 20] tensor([[0.873, 0.849],
        [0.881, 0.895]]) {'epoch': 15, 'valid/acc': 87.553, 'valid/acc_unbiased': 87.674, 'valid/diff': 1.018, 'valid/acc_skew': 88.183, 'valid/acc_align': 87.165, 'test/acc': 87.384, 'test/acc_unbiased': 87.439, 'test/diff': 1.849, 'test/acc_skew': 87.686, 'test/acc_align': 87.192}
[15 / 20] best valid accuracy: 88.171 at epoch 13 
 best_stats: {'best_valid_epoch': 13, 'best_valid_valid/acc': 87.932, 'best_valid_valid/acc_unbiased': 88.171, 'best_valid_valid/diff': 1.25, 'best_valid_valid/acc_skew': 88.567, 'best_valid_valid/acc_align': 87.775, 'best_valid_test/acc': 86.835, 'best_valid_test/acc_unbiased': 87.026, 'best_valid_test/diff': 2.609, 'best_valid_test/acc_skew': 87.816, 'best_valid_test/acc_align': 86.235}
[15 / 20] best test accuracy: 87.439 at epoch 15 
 best_stats: {'best_test_epoch': 15, 'best_test_valid/acc': 87.553, 'best_test_valid/acc_unbiased': 87.674, 'best_test_valid/diff': 1.018, 'best_test_valid/acc_skew': 88.183, 'best_test_valid/acc_align': 87.165, 'best_test_test/acc': 87.384, 'best_test_test/acc_unbiased': 87.439, 'best_test_test/diff': 1.849, 'best_test_test/acc_skew': 87.686, 'best_test_test/acc_align': 87.192}
[16 / 20] Learning rate: 1e-05 weight: 0.01
[16 / 20] Loss: 4.604184126890012 CE Loss: 0.3121725507475064 Con Loss: 4.601062409636112
[16 / 20] tensor([[0.875, 0.858],
        [0.864, 0.893]]) {'epoch': 16, 'valid/acc': 87.806, 'valid/acc_unbiased': 87.892, 'valid/diff': 1.05, 'valid/acc_skew': 88.417, 'valid/acc_align': 87.367, 'test/acc': 87.3, 'test/acc_unbiased': 87.235, 'test/diff': 2.287, 'test/acc_skew': 86.909, 'test/acc_align': 87.561}
[16 / 20] best valid accuracy: 88.171 at epoch 13 
 best_stats: {'best_valid_epoch': 13, 'best_valid_valid/acc': 87.932, 'best_valid_valid/acc_unbiased': 88.171, 'best_valid_valid/diff': 1.25, 'best_valid_valid/acc_skew': 88.567, 'best_valid_valid/acc_align': 87.775, 'best_valid_test/acc': 86.835, 'best_valid_test/acc_unbiased': 87.026, 'best_valid_test/diff': 2.609, 'best_valid_test/acc_skew': 87.816, 'best_valid_test/acc_align': 86.235}
[16 / 20] best test accuracy: 87.439 at epoch 15 
 best_stats: {'best_test_epoch': 15, 'best_test_valid/acc': 87.553, 'best_test_valid/acc_unbiased': 87.674, 'best_test_valid/diff': 1.018, 'best_test_valid/acc_skew': 88.183, 'best_test_valid/acc_align': 87.165, 'best_test_test/acc': 87.384, 'best_test_test/acc_unbiased': 87.439, 'best_test_test/diff': 1.849, 'best_test_test/acc_skew': 87.686, 'best_test_test/acc_align': 87.192}
[17 / 20] Learning rate: 1e-05 weight: 0.01
[17 / 20] Loss: 4.604679303883424 CE Loss: 0.3054937626518388 Con Loss: 4.601624366194686
[17 / 20] tensor([[0.862, 0.835],
        [0.894, 0.903]]) {'epoch': 17, 'valid/acc': 87.975, 'valid/acc_unbiased': 88.197, 'valid/diff': 1.256, 'valid/acc_skew': 88.825, 'valid/acc_align': 87.569, 'test/acc': 87.215, 'test/acc_unbiased': 87.348, 'test/diff': 1.846, 'test/acc_skew': 87.797, 'test/acc_align': 86.899}
[17 / 20] best valid accuracy: 88.197 at epoch 17 
 best_stats: {'best_valid_epoch': 17, 'best_valid_valid/acc': 87.975, 'best_valid_valid/acc_unbiased': 88.197, 'best_valid_valid/diff': 1.256, 'best_valid_valid/acc_skew': 88.825, 'best_valid_valid/acc_align': 87.569, 'best_valid_test/acc': 87.215, 'best_valid_test/acc_unbiased': 87.348, 'best_valid_test/diff': 1.846, 'best_valid_test/acc_skew': 87.797, 'best_valid_test/acc_align': 86.899}
[17 / 20] best test accuracy: 87.439 at epoch 15 
 best_stats: {'best_test_epoch': 15, 'best_test_valid/acc': 87.553, 'best_test_valid/acc_unbiased': 87.674, 'best_test_valid/diff': 1.018, 'best_test_valid/acc_skew': 88.183, 'best_test_valid/acc_align': 87.165, 'best_test_test/acc': 87.384, 'best_test_test/acc_unbiased': 87.439, 'best_test_test/diff': 1.849, 'best_test_test/acc_skew': 87.686, 'best_test_test/acc_align': 87.192}
[18 / 20] Learning rate: 1e-05 weight: 0.01
[18 / 20] Loss: 4.617008007961394 CE Loss: 0.30608315254123414 Con Loss: 4.613947172929588
[18 / 20] tensor([[0.864, 0.843],
        [0.885, 0.900]]) {'epoch': 18, 'valid/acc': 88.059, 'valid/acc_unbiased': 88.266, 'valid/diff': 1.412, 'valid/acc_skew': 88.973, 'valid/acc_align': 87.56, 'test/acc': 87.257, 'test/acc_unbiased': 87.324, 'test/diff': 1.777, 'test/acc_skew': 87.454, 'test/acc_align': 87.194}
[18 / 20] best valid accuracy: 88.266 at epoch 18 
 best_stats: {'best_valid_epoch': 18, 'best_valid_valid/acc': 88.059, 'best_valid_valid/acc_unbiased': 88.266, 'best_valid_valid/diff': 1.412, 'best_valid_valid/acc_skew': 88.973, 'best_valid_valid/acc_align': 87.56, 'best_valid_test/acc': 87.257, 'best_valid_test/acc_unbiased': 87.324, 'best_valid_test/diff': 1.777, 'best_valid_test/acc_skew': 87.454, 'best_valid_test/acc_align': 87.194}
[18 / 20] best test accuracy: 87.439 at epoch 15 
 best_stats: {'best_test_epoch': 15, 'best_test_valid/acc': 87.553, 'best_test_valid/acc_unbiased': 87.674, 'best_test_valid/diff': 1.018, 'best_test_valid/acc_skew': 88.183, 'best_test_valid/acc_align': 87.165, 'best_test_test/acc': 87.384, 'best_test_test/acc_unbiased': 87.439, 'best_test_test/diff': 1.849, 'best_test_test/acc_skew': 87.686, 'best_test_test/acc_align': 87.192}
[19 / 20] Learning rate: 1e-05 weight: 0.01
[19 / 20] Loss: 4.60749766108849 CE Loss: 0.3054254744399153 Con Loss: 4.6044434433445085
[19 / 20] tensor([[0.853, 0.833],
        [0.900, 0.908]]) {'epoch': 19, 'valid/acc': 87.89, 'valid/acc_unbiased': 88.171, 'valid/diff': 1.325, 'valid/acc_skew': 88.834, 'valid/acc_align': 87.509, 'test/acc': 87.215, 'test/acc_unbiased': 87.361, 'test/diff': 1.37, 'test/acc_skew': 87.674, 'test/acc_align': 87.048}
[19 / 20] best valid accuracy: 88.266 at epoch 18 
 best_stats: {'best_valid_epoch': 18, 'best_valid_valid/acc': 88.059, 'best_valid_valid/acc_unbiased': 88.266, 'best_valid_valid/diff': 1.412, 'best_valid_valid/acc_skew': 88.973, 'best_valid_valid/acc_align': 87.56, 'best_valid_test/acc': 87.257, 'best_valid_test/acc_unbiased': 87.324, 'best_valid_test/diff': 1.777, 'best_valid_test/acc_skew': 87.454, 'best_valid_test/acc_align': 87.194}
[19 / 20] best test accuracy: 87.439 at epoch 15 
 best_stats: {'best_test_epoch': 15, 'best_test_valid/acc': 87.553, 'best_test_valid/acc_unbiased': 87.674, 'best_test_valid/diff': 1.018, 'best_test_valid/acc_skew': 88.183, 'best_test_valid/acc_align': 87.165, 'best_test_test/acc': 87.384, 'best_test_test/acc_unbiased': 87.439, 'best_test_test/diff': 1.849, 'best_test_test/acc_skew': 87.686, 'best_test_test/acc_align': 87.192}
[20 / 20] Learning rate: 1e-05 weight: 0.01
[20 / 20] Loss: 4.606347218223491 CE Loss: 0.31037661379115844 Con Loss: 4.603243448369983
[20 / 20] tensor([[0.869, 0.855],
        [0.874, 0.900]]) {'epoch': 20, 'valid/acc': 88.27, 'valid/acc_unbiased': 88.468, 'valid/diff': 1.695, 'valid/acc_skew': 89.316, 'valid/acc_align': 87.62, 'test/acc': 87.511, 'test/acc_unbiased': 87.483, 'test/diff': 1.996, 'test/acc_skew': 87.182, 'test/acc_align': 87.784}
[20 / 20] best valid accuracy: 88.468 at epoch 20 
 best_stats: {'best_valid_epoch': 20, 'best_valid_valid/acc': 88.27, 'best_valid_valid/acc_unbiased': 88.468, 'best_valid_valid/diff': 1.695, 'best_valid_valid/acc_skew': 89.316, 'best_valid_valid/acc_align': 87.62, 'best_valid_test/acc': 87.511, 'best_valid_test/acc_unbiased': 87.483, 'best_valid_test/diff': 1.996, 'best_valid_test/acc_skew': 87.182, 'best_valid_test/acc_align': 87.784}
[20 / 20] best test accuracy: 87.483 at epoch 20 
 best_stats: {'best_test_epoch': 20, 'best_test_valid/acc': 88.27, 'best_test_valid/acc_unbiased': 88.468, 'best_test_valid/diff': 1.695, 'best_test_valid/acc_skew': 89.316, 'best_test_valid/acc_align': 87.62, 'best_test_test/acc': 87.511, 'best_test_test/acc_unbiased': 87.483, 'best_test_test/diff': 1.996, 'best_test_test/acc_skew': 87.182, 'best_test_test/acc_align': 87.784}
Total training time: 0:29:36
