Log level set to: INFO
Set seed: 3
=======> Using Fixed Random Seed: 3 <========
save_path: exp_results/bc-bb0-utk_face_age-uw-0.9-lr0.001-bs128-cbs64-w0.01-ratio10-aug1-seed3
get_utk_face - split: train, aug: False, given_y: True, ratio: 0
use existing biased_utk_face from data/utk_face/pickles/biased_utk_face-target_gender-bias_age-0.9
Distribution Before Sampling: 
===================================
Binary Labels Distribution: 
Binary Target 0
---------------------------
Target 0: [8237, 147]
Target 1: [823, 1477]
Binary Target 1
---------------------------
Target 0: [8237, 147]
Target 1: [823, 1477]
===================================
Normal Label Distribution: 
Target 0: [8237, 147]
Target 1: [823, 1477]
===================================
Distribution After Sampling: 
===================================
Binary Labels Distribution: 
Binary Target 0
---------------------------
Target 0: [8237, 147]
Target 1: [823, 1477]
Binary Target 1
---------------------------
Target 0: [8237, 147]
Target 1: [823, 1477]
===================================
Normal Label Distribution: 
Target 0: [8237, 147]
Target 1: [823, 1477]
===================================
Use BiasedUTKFace - target_attr: gender
BiasedUTKFace -- total: 10684, target_attr: gender, bias_attr: age bias_rate: 0.9
['[train] target_0-bias_0: 8237', '[train] target_0-bias_1: 147', '[train] target_1-bias_0: 823', '[train] target_1-bias_1: 1477']
confusion_matrix - 
 original: tensor([[8237.,  823.],
        [ 147., 1477.]]), 
 normalized: tensor([[0.909, 0.091],
        [0.091, 0.909]]), 
 b|y: tensor([[0.982, 0.018],
        [0.358, 0.642]])
get_utk_face - split: train, aug: 1, given_y: True, ratio: 10
use existing biased_utk_face from data/utk_face/pickles/biased_utk_face-target_gender-bias_age-0.9
Distribution Before Sampling: 
===================================
Binary Labels Distribution: 
Binary Target 0
---------------------------
Target 0: [8237, 147]
Target 1: [823, 1477]
Binary Target 1
---------------------------
Target 0: [8237, 147]
Target 1: [823, 1477]
===================================
Normal Label Distribution: 
Target 0: [8237, 147]
Target 1: [823, 1477]
===================================
Distribution After Sampling: 
===================================
Binary Labels Distribution: 
Binary Target 0
---------------------------
Target 0: [8237, 147]
Target 1: [823, 1477]
Binary Target 1
---------------------------
Target 0: [8237, 147]
Target 1: [823, 1477]
===================================
Normal Label Distribution: 
Target 0: [8237, 147]
Target 1: [823, 1477]
===================================
Use BiasedUTKFace - target_attr: gender
BiasedUTKFace -- total: 10684, target_attr: gender, bias_attr: age bias_rate: 0.9
['[train] target_0-bias_0: 8237', '[train] target_0-bias_1: 147', '[train] target_1-bias_0: 823', '[train] target_1-bias_1: 1477']
get_utk_face - split: valid, aug: False, given_y: True, ratio: 0
use existing biased_utk_face from data/utk_face/pickles/biased_utk_face-target_gender-bias_age-0.9
Distribution Before Sampling: 
===================================
Binary Labels Distribution: 
Binary Target 0
---------------------------
Target 0: [1030, 195]
Target 1: [841, 202]
Binary Target 1
---------------------------
Target 0: [1030, 195]
Target 1: [841, 202]
===================================
Normal Label Distribution: 
Target 0: [1030, 195]
Target 1: [841, 202]
===================================
Use BiasedUTKFace - target_attr: gender
BiasedUTKFace -- total: 2268, target_attr: gender, bias_attr: age bias_rate: 0.9
['[valid] target_0-bias_0: 1030', '[valid] target_0-bias_1: 195', '[valid] target_1-bias_0: 841', '[valid] target_1-bias_1: 202']
get_utk_face - split: test, aug: False, given_y: True, ratio: 0
use existing biased_utk_face from data/utk_face/pickles/biased_utk_face-target_gender-bias_age-0.9
Distribution Before Sampling: 
===================================
Binary Labels Distribution: 
Binary Target 0
---------------------------
Target 0: [1061, 176]
Target 1: [867, 165]
Binary Target 1
---------------------------
Target 0: [1061, 176]
Target 1: [867, 165]
===================================
Normal Label Distribution: 
Target 0: [1061, 176]
Target 1: [867, 165]
===================================
Use BiasedUTKFace - target_attr: gender
BiasedUTKFace -- total: 2269, target_attr: gender, bias_attr: age bias_rate: 0.9
['[test] target_0-bias_0: 1061', '[test] target_0-bias_1: 176', '[test] target_1-bias_0: 867', '[test] target_1-bias_1: 165']
decay_epochs: [6, 13]
[1 / 20] Learning rate: 0.001 weight: 0.01
[1 / 20] Loss: 4.793870645442379 CE Loss: 2.683689040755654 Con Loss: 4.767033765843547
[1 / 20] tensor([[0.912, 0.784],
        [0.618, 0.467]]) {'epoch': 1, 'valid/acc': 73.721, 'valid/acc_unbiased': 68.444, 'valid/diff': 12.599, 'valid/acc_skew': 66.237, 'valid/acc_align': 70.65, 'test/acc': 75.76, 'test/acc_unbiased': 69.533, 'test/diff': 13.991, 'test/acc_skew': 70.116, 'test/acc_align': 68.951}
[1 / 20] best valid accuracy: 68.444 at epoch 1 
 best_stats: {'best_valid_epoch': 1, 'best_valid_valid/acc': 73.721, 'best_valid_valid/acc_unbiased': 68.444, 'best_valid_valid/diff': 12.599, 'best_valid_valid/acc_skew': 66.237, 'best_valid_valid/acc_align': 70.65, 'best_valid_test/acc': 75.76, 'best_valid_test/acc_unbiased': 69.533, 'best_valid_test/diff': 13.991, 'best_valid_test/acc_skew': 70.116, 'best_valid_test/acc_align': 68.951}
[1 / 20] best test accuracy: 69.533 at epoch 1 
 best_stats: {'best_test_epoch': 1, 'best_test_valid/acc': 73.721, 'best_test_valid/acc_unbiased': 68.444, 'best_test_valid/diff': 12.599, 'best_test_valid/acc_skew': 66.237, 'best_test_valid/acc_align': 70.65, 'best_test_test/acc': 75.76, 'best_test_test/acc_unbiased': 69.533, 'best_test_test/diff': 13.991, 'best_test_test/acc_skew': 70.116, 'best_test_test/acc_align': 68.951}
[2 / 20] Learning rate: 0.001 weight: 0.01
[2 / 20] Loss: 4.57140054974115 CE Loss: 2.3720981405273176 Con Loss: 4.547679566926432
[2 / 20] tensor([[0.851, 0.915],
        [0.578, 0.279]]) {'epoch': 2, 'valid/acc': 70.899, 'valid/acc_unbiased': 65.881, 'valid/diff': 14.633, 'valid/acc_skew': 73.197, 'valid/acc_align': 58.565, 'test/acc': 71.0, 'test/acc_unbiased': 65.562, 'test/diff': 18.138, 'test/acc_skew': 74.631, 'test/acc_align': 56.494}
[2 / 20] best valid accuracy: 68.444 at epoch 1 
 best_stats: {'best_valid_epoch': 1, 'best_valid_valid/acc': 73.721, 'best_valid_valid/acc_unbiased': 68.444, 'best_valid_valid/diff': 12.599, 'best_valid_valid/acc_skew': 66.237, 'best_valid_valid/acc_align': 70.65, 'best_valid_test/acc': 75.76, 'best_valid_test/acc_unbiased': 69.533, 'best_valid_test/diff': 13.991, 'best_valid_test/acc_skew': 70.116, 'best_valid_test/acc_align': 68.951}
[2 / 20] best test accuracy: 69.533 at epoch 1 
 best_stats: {'best_test_epoch': 1, 'best_test_valid/acc': 73.721, 'best_test_valid/acc_unbiased': 68.444, 'best_test_valid/diff': 12.599, 'best_test_valid/acc_skew': 66.237, 'best_test_valid/acc_align': 70.65, 'best_test_test/acc': 75.76, 'best_test_test/acc_unbiased': 69.533, 'best_test_test/diff': 13.991, 'best_test_test/acc_skew': 70.116, 'best_test_test/acc_align': 68.951}
[3 / 20] Learning rate: 0.001 weight: 0.01
[3 / 20] Loss: 4.512826412012407 CE Loss: 2.4141334388105222 Con Loss: 4.488685093940041
[3 / 20] tensor([[0.810, 0.330],
        [0.809, 0.879]]) {'epoch': 3, 'valid/acc': 76.146, 'valid/acc_unbiased': 69.031, 'valid/diff': 37.541, 'valid/acc_skew': 50.261, 'valid/acc_align': 87.802, 'test/acc': 77.699, 'test/acc_unbiased': 70.662, 'test/diff': 27.516, 'test/acc_skew': 56.904, 'test/acc_align': 84.42}
[3 / 20] best valid accuracy: 69.031 at epoch 3 
 best_stats: {'best_valid_epoch': 3, 'best_valid_valid/acc': 76.146, 'best_valid_valid/acc_unbiased': 69.031, 'best_valid_valid/diff': 37.541, 'best_valid_valid/acc_skew': 50.261, 'best_valid_valid/acc_align': 87.802, 'best_valid_test/acc': 77.699, 'best_valid_test/acc_unbiased': 70.662, 'best_valid_test/diff': 27.516, 'best_valid_test/acc_skew': 56.904, 'best_valid_test/acc_align': 84.42}
[3 / 20] best test accuracy: 70.662 at epoch 3 
 best_stats: {'best_test_epoch': 3, 'best_test_valid/acc': 76.146, 'best_test_valid/acc_unbiased': 69.031, 'best_test_valid/diff': 37.541, 'best_test_valid/acc_skew': 50.261, 'best_test_valid/acc_align': 87.802, 'best_test_test/acc': 77.699, 'best_test_test/acc_unbiased': 70.662, 'best_test_test/diff': 27.516, 'best_test_test/acc_skew': 56.904, 'best_test_test/acc_align': 84.42}
[4 / 20] Learning rate: 0.001 weight: 0.01
[4 / 20] Loss: 4.5038773296746095 CE Loss: 2.1676881491847806 Con Loss: 4.482200429931378
[4 / 20] tensor([[0.793, 0.784],
        [0.825, 0.545]]) {'epoch': 4, 'valid/acc': 78.439, 'valid/acc_unbiased': 73.316, 'valid/diff': 15.997, 'valid/acc_skew': 75.894, 'valid/acc_align': 70.737, 'test/acc': 78.625, 'test/acc_unbiased': 73.672, 'test/diff': 14.389, 'test/acc_skew': 80.439, 'test/acc_align': 66.905}
[4 / 20] best valid accuracy: 73.316 at epoch 4 
 best_stats: {'best_valid_epoch': 4, 'best_valid_valid/acc': 78.439, 'best_valid_valid/acc_unbiased': 73.316, 'best_valid_valid/diff': 15.997, 'best_valid_valid/acc_skew': 75.894, 'best_valid_valid/acc_align': 70.737, 'best_valid_test/acc': 78.625, 'best_valid_test/acc_unbiased': 73.672, 'best_valid_test/diff': 14.389, 'best_valid_test/acc_skew': 80.439, 'best_valid_test/acc_align': 66.905}
[4 / 20] best test accuracy: 73.672 at epoch 4 
 best_stats: {'best_test_epoch': 4, 'best_test_valid/acc': 78.439, 'best_test_valid/acc_unbiased': 73.316, 'best_test_valid/diff': 15.997, 'best_test_valid/acc_skew': 75.894, 'best_test_valid/acc_align': 70.737, 'best_test_test/acc': 78.625, 'best_test_test/acc_unbiased': 73.672, 'best_test_test/diff': 14.389, 'best_test_test/acc_skew': 80.439, 'best_test_test/acc_align': 66.905}
[5 / 20] Learning rate: 0.001 weight: 0.01
[5 / 20] Loss: 4.483388100077445 CE Loss: 2.1655959676866092 Con Loss: 4.461732136181167
[5 / 20] tensor([[0.788, 0.551],
        [0.865, 0.703]]) {'epoch': 5, 'valid/acc': 77.028, 'valid/acc_unbiased': 71.018, 'valid/diff': 19.15, 'valid/acc_skew': 64.932, 'valid/acc_align': 77.104, 'test/acc': 79.286, 'test/acc_unbiased': 72.679, 'test/diff': 19.941, 'test/acc_skew': 70.809, 'test/acc_align': 74.548}
[5 / 20] best valid accuracy: 73.316 at epoch 4 
 best_stats: {'best_valid_epoch': 4, 'best_valid_valid/acc': 78.439, 'best_valid_valid/acc_unbiased': 73.316, 'best_valid_valid/diff': 15.997, 'best_valid_valid/acc_skew': 75.894, 'best_valid_valid/acc_align': 70.737, 'best_valid_test/acc': 78.625, 'best_valid_test/acc_unbiased': 73.672, 'best_valid_test/diff': 14.389, 'best_valid_test/acc_skew': 80.439, 'best_valid_test/acc_align': 66.905}
[5 / 20] best test accuracy: 73.672 at epoch 4 
 best_stats: {'best_test_epoch': 4, 'best_test_valid/acc': 78.439, 'best_test_valid/acc_unbiased': 73.316, 'best_test_valid/diff': 15.997, 'best_test_valid/acc_skew': 75.894, 'best_test_valid/acc_align': 70.737, 'best_test_test/acc': 78.625, 'best_test_test/acc_unbiased': 73.672, 'best_test_test/diff': 14.389, 'best_test_test/acc_skew': 80.439, 'best_test_test/acc_align': 66.905}
[6 / 20] Learning rate: 0.001 weight: 0.01
[6 / 20] Loss: 4.476799483247484 CE Loss: 2.159432953102943 Con Loss: 4.455205156132774
[6 / 20] tensor([[0.793, 0.580],
        [0.815, 0.776]]) {'epoch': 6, 'valid/acc': 77.778, 'valid/acc_unbiased': 72.762, 'valid/diff': 14.962, 'valid/acc_skew': 66.084, 'valid/acc_align': 79.439, 'test/acc': 78.361, 'test/acc_unbiased': 74.085, 'test/diff': 12.64, 'test/acc_skew': 69.75, 'test/acc_align': 78.42}
[6 / 20] best valid accuracy: 73.316 at epoch 4 
 best_stats: {'best_valid_epoch': 4, 'best_valid_valid/acc': 78.439, 'best_valid_valid/acc_unbiased': 73.316, 'best_valid_valid/diff': 15.997, 'best_valid_valid/acc_skew': 75.894, 'best_valid_valid/acc_align': 70.737, 'best_valid_test/acc': 78.625, 'best_valid_test/acc_unbiased': 73.672, 'best_valid_test/diff': 14.389, 'best_valid_test/acc_skew': 80.439, 'best_valid_test/acc_align': 66.905}
[6 / 20] best test accuracy: 74.085 at epoch 6 
 best_stats: {'best_test_epoch': 6, 'best_test_valid/acc': 77.778, 'best_test_valid/acc_unbiased': 72.762, 'best_test_valid/diff': 14.962, 'best_test_valid/acc_skew': 66.084, 'best_test_valid/acc_align': 79.439, 'best_test_test/acc': 78.361, 'best_test_test/acc_unbiased': 74.085, 'best_test_test/diff': 12.64, 'best_test_test/acc_skew': 69.75, 'best_test_test/acc_align': 78.42}
[7 / 20] Learning rate: 0.0001 weight: 0.01
[7 / 20] Loss: 4.380644015987372 CE Loss: 1.9331391370952553 Con Loss: 4.361312597175521
[7 / 20] tensor([[0.874, 0.614],
        [0.840, 0.770]]) {'epoch': 7, 'valid/acc': 81.878, 'valid/acc_unbiased': 76.263, 'valid/diff': 16.378, 'valid/acc_skew': 69.384, 'valid/acc_align': 83.143, 'test/acc': 83.297, 'test/acc_unbiased': 77.418, 'test/diff': 16.502, 'test/acc_skew': 72.666, 'test/acc_align': 82.17}
[7 / 20] best valid accuracy: 76.263 at epoch 7 
 best_stats: {'best_valid_epoch': 7, 'best_valid_valid/acc': 81.878, 'best_valid_valid/acc_unbiased': 76.263, 'best_valid_valid/diff': 16.378, 'best_valid_valid/acc_skew': 69.384, 'best_valid_valid/acc_align': 83.143, 'best_valid_test/acc': 83.297, 'best_valid_test/acc_unbiased': 77.418, 'best_valid_test/diff': 16.502, 'best_valid_test/acc_skew': 72.666, 'best_valid_test/acc_align': 82.17}
[7 / 20] best test accuracy: 77.418 at epoch 7 
 best_stats: {'best_test_epoch': 7, 'best_test_valid/acc': 81.878, 'best_test_valid/acc_unbiased': 76.263, 'best_test_valid/diff': 16.378, 'best_test_valid/acc_skew': 69.384, 'best_test_valid/acc_align': 83.143, 'best_test_test/acc': 83.297, 'best_test_test/acc_unbiased': 77.418, 'best_test_test/diff': 16.502, 'best_test_test/acc_skew': 72.666, 'best_test_test/acc_align': 82.17}
[8 / 20] Learning rate: 0.0001 weight: 0.01
[8 / 20] Loss: 4.314956387970073 CE Loss: 1.8344523808519655 Con Loss: 4.2966118664029205
[8 / 20] tensor([[0.880, 0.602],
        [0.849, 0.788]]) {'epoch': 8, 'valid/acc': 82.892, 'valid/acc_unbiased': 76.574, 'valid/diff': 18.608, 'valid/acc_skew': 68.481, 'valid/acc_align': 84.667, 'test/acc': 84.002, 'test/acc_unbiased': 77.984, 'test/diff': 16.953, 'test/acc_skew': 72.559, 'test/acc_align': 83.409}
[8 / 20] best valid accuracy: 76.574 at epoch 8 
 best_stats: {'best_valid_epoch': 8, 'best_valid_valid/acc': 82.892, 'best_valid_valid/acc_unbiased': 76.574, 'best_valid_valid/diff': 18.608, 'best_valid_valid/acc_skew': 68.481, 'best_valid_valid/acc_align': 84.667, 'best_valid_test/acc': 84.002, 'best_valid_test/acc_unbiased': 77.984, 'best_valid_test/diff': 16.953, 'best_valid_test/acc_skew': 72.559, 'best_valid_test/acc_align': 83.409}
[8 / 20] best test accuracy: 77.984 at epoch 8 
 best_stats: {'best_test_epoch': 8, 'best_test_valid/acc': 82.892, 'best_test_valid/acc_unbiased': 76.574, 'best_test_valid/diff': 18.608, 'best_test_valid/acc_skew': 68.481, 'best_test_valid/acc_align': 84.667, 'best_test_test/acc': 84.002, 'best_test_test/acc_unbiased': 77.984, 'best_test_test/diff': 16.953, 'best_test_test/acc_skew': 72.559, 'best_test_test/acc_align': 83.409}
[9 / 20] Learning rate: 0.0001 weight: 0.01
[9 / 20] Loss: 4.288414668429884 CE Loss: 1.7544327525778327 Con Loss: 4.2708703419190135
[9 / 20] tensor([[0.883, 0.625],
        [0.845, 0.788]]) {'epoch': 9, 'valid/acc': 82.981, 'valid/acc_unbiased': 76.477, 'valid/diff': 18.963, 'valid/acc_skew': 67.355, 'valid/acc_align': 85.599, 'test/acc': 84.178, 'test/acc_unbiased': 78.536, 'test/diff': 15.785, 'test/acc_skew': 73.522, 'test/acc_align': 83.55}
[9 / 20] best valid accuracy: 76.574 at epoch 8 
 best_stats: {'best_valid_epoch': 8, 'best_valid_valid/acc': 82.892, 'best_valid_valid/acc_unbiased': 76.574, 'best_valid_valid/diff': 18.608, 'best_valid_valid/acc_skew': 68.481, 'best_valid_valid/acc_align': 84.667, 'best_valid_test/acc': 84.002, 'best_valid_test/acc_unbiased': 77.984, 'best_valid_test/diff': 16.953, 'best_valid_test/acc_skew': 72.559, 'best_valid_test/acc_align': 83.409}
[9 / 20] best test accuracy: 78.536 at epoch 9 
 best_stats: {'best_test_epoch': 9, 'best_test_valid/acc': 82.981, 'best_test_valid/acc_unbiased': 76.477, 'best_test_valid/diff': 18.963, 'best_test_valid/acc_skew': 67.355, 'best_test_valid/acc_align': 85.599, 'best_test_test/acc': 84.178, 'best_test_test/acc_unbiased': 78.536, 'best_test_test/diff': 15.785, 'best_test_test/acc_skew': 73.522, 'best_test_test/acc_align': 83.55}
[10 / 20] Learning rate: 0.0001 weight: 0.01
[10 / 20] Loss: 4.274924932370602 CE Loss: 1.5651436392085376 Con Loss: 4.259273495847301
[10 / 20] tensor([[0.868, 0.540],
        [0.857, 0.842]]) {'epoch': 10, 'valid/acc': 83.289, 'valid/acc_unbiased': 76.629, 'valid/diff': 21.336, 'valid/acc_skew': 65.961, 'valid/acc_align': 87.297, 'test/acc': 83.649, 'test/acc_unbiased': 77.681, 'test/diff': 17.142, 'test/acc_skew': 69.838, 'test/acc_align': 85.524}
[10 / 20] best valid accuracy: 76.629 at epoch 10 
 best_stats: {'best_valid_epoch': 10, 'best_valid_valid/acc': 83.289, 'best_valid_valid/acc_unbiased': 76.629, 'best_valid_valid/diff': 21.336, 'best_valid_valid/acc_skew': 65.961, 'best_valid_valid/acc_align': 87.297, 'best_valid_test/acc': 83.649, 'best_valid_test/acc_unbiased': 77.681, 'best_valid_test/diff': 17.142, 'best_valid_test/acc_skew': 69.838, 'best_valid_test/acc_align': 85.524}
[10 / 20] best test accuracy: 78.536 at epoch 9 
 best_stats: {'best_test_epoch': 9, 'best_test_valid/acc': 82.981, 'best_test_valid/acc_unbiased': 76.477, 'best_test_valid/diff': 18.963, 'best_test_valid/acc_skew': 67.355, 'best_test_valid/acc_align': 85.599, 'best_test_test/acc': 84.178, 'best_test_test/acc_unbiased': 78.536, 'best_test_test/diff': 15.785, 'best_test_test/acc_skew': 73.522, 'best_test_test/acc_align': 83.55}
[11 / 20] Learning rate: 0.0001 weight: 0.01
[11 / 20] Loss: 4.23083686721499 CE Loss: 1.5559354419344062 Con Loss: 4.215277512749229
[11 / 20] tensor([[0.900, 0.551],
        [0.842, 0.824]]) {'epoch': 11, 'valid/acc': 83.73, 'valid/acc_unbiased': 77.443, 'valid/diff': 23.611, 'valid/acc_skew': 65.638, 'valid/acc_align': 89.249, 'test/acc': 84.531, 'test/acc_unbiased': 77.936, 'test/diff': 18.335, 'test/acc_skew': 69.656, 'test/acc_align': 86.217}
[11 / 20] best valid accuracy: 77.443 at epoch 11 
 best_stats: {'best_valid_epoch': 11, 'best_valid_valid/acc': 83.73, 'best_valid_valid/acc_unbiased': 77.443, 'best_valid_valid/diff': 23.611, 'best_valid_valid/acc_skew': 65.638, 'best_valid_valid/acc_align': 89.249, 'best_valid_test/acc': 84.531, 'best_valid_test/acc_unbiased': 77.936, 'best_valid_test/diff': 18.335, 'best_valid_test/acc_skew': 69.656, 'best_valid_test/acc_align': 86.217}
[11 / 20] best test accuracy: 78.536 at epoch 9 
 best_stats: {'best_test_epoch': 9, 'best_test_valid/acc': 82.981, 'best_test_valid/acc_unbiased': 76.477, 'best_test_valid/diff': 18.963, 'best_test_valid/acc_skew': 67.355, 'best_test_valid/acc_align': 85.599, 'best_test_test/acc': 84.178, 'best_test_test/acc_unbiased': 78.536, 'best_test_test/diff': 15.785, 'best_test_test/acc_skew': 73.522, 'best_test_test/acc_align': 83.55}
[12 / 20] Learning rate: 0.0001 weight: 0.01
[12 / 20] Loss: 4.161325857997253 CE Loss: 1.6718363177682611 Con Loss: 4.144607500385497
[12 / 20] tensor([[0.871, 0.523],
        [0.870, 0.867]]) {'epoch': 12, 'valid/acc': 83.642, 'valid/acc_unbiased': 76.813, 'valid/diff': 24.424, 'valid/acc_skew': 64.601, 'valid/acc_align': 89.025, 'test/acc': 84.31, 'test/acc_unbiased': 78.248, 'test/diff': 17.557, 'test/acc_skew': 69.62, 'test/acc_align': 86.877}
[12 / 20] best valid accuracy: 77.443 at epoch 11 
 best_stats: {'best_valid_epoch': 11, 'best_valid_valid/acc': 83.73, 'best_valid_valid/acc_unbiased': 77.443, 'best_valid_valid/diff': 23.611, 'best_valid_valid/acc_skew': 65.638, 'best_valid_valid/acc_align': 89.249, 'best_valid_test/acc': 84.531, 'best_valid_test/acc_unbiased': 77.936, 'best_valid_test/diff': 18.335, 'best_valid_test/acc_skew': 69.656, 'best_valid_test/acc_align': 86.217}
[12 / 20] best test accuracy: 78.536 at epoch 9 
 best_stats: {'best_test_epoch': 9, 'best_test_valid/acc': 82.981, 'best_test_valid/acc_unbiased': 76.477, 'best_test_valid/diff': 18.963, 'best_test_valid/acc_skew': 67.355, 'best_test_valid/acc_align': 85.599, 'best_test_test/acc': 84.178, 'best_test_test/acc_unbiased': 78.536, 'best_test_test/diff': 15.785, 'best_test_test/acc_skew': 73.522, 'best_test_test/acc_align': 83.55}
[13 / 20] Learning rate: 0.0001 weight: 0.01
[13 / 20] Loss: 4.1925429468608355 CE Loss: 1.5036792426419945 Con Loss: 4.177506162271389
[13 / 20] tensor([[0.906, 0.574],
        [0.858, 0.812]]) {'epoch': 13, 'valid/acc': 83.51, 'valid/acc_unbiased': 76.094, 'valid/diff': 21.769, 'valid/acc_skew': 66.351, 'valid/acc_align': 85.837, 'test/acc': 85.5, 'test/acc_unbiased': 78.747, 'test/diff': 18.895, 'test/acc_skew': 71.6, 'test/acc_align': 85.894}
[13 / 20] best valid accuracy: 77.443 at epoch 11 
 best_stats: {'best_valid_epoch': 11, 'best_valid_valid/acc': 83.73, 'best_valid_valid/acc_unbiased': 77.443, 'best_valid_valid/diff': 23.611, 'best_valid_valid/acc_skew': 65.638, 'best_valid_valid/acc_align': 89.249, 'best_valid_test/acc': 84.531, 'best_valid_test/acc_unbiased': 77.936, 'best_valid_test/diff': 18.335, 'best_valid_test/acc_skew': 69.656, 'best_valid_test/acc_align': 86.217}
[13 / 20] best test accuracy: 78.747 at epoch 13 
 best_stats: {'best_test_epoch': 13, 'best_test_valid/acc': 83.51, 'best_test_valid/acc_unbiased': 76.094, 'best_test_valid/diff': 21.769, 'best_test_valid/acc_skew': 66.351, 'best_test_valid/acc_align': 85.837, 'best_test_test/acc': 85.5, 'best_test_test/acc_unbiased': 78.747, 'best_test_test/diff': 18.895, 'best_test_test/acc_skew': 71.6, 'best_test_test/acc_align': 85.894}
[14 / 20] Learning rate: 1e-05 weight: 0.01
[14 / 20] Loss: 4.166103259136238 CE Loss: 1.6453890983016695 Con Loss: 4.1496493760140725
[14 / 20] tensor([[0.892, 0.580],
        [0.869, 0.848]]) {'epoch': 14, 'valid/acc': 84.083, 'valid/acc_unbiased': 77.488, 'valid/diff': 19.535, 'valid/acc_skew': 68.09, 'valid/acc_align': 86.885, 'test/acc': 85.544, 'test/acc_unbiased': 79.704, 'test/diff': 16.605, 'test/acc_skew': 72.403, 'test/acc_align': 87.005}
[14 / 20] best valid accuracy: 77.488 at epoch 14 
 best_stats: {'best_valid_epoch': 14, 'best_valid_valid/acc': 84.083, 'best_valid_valid/acc_unbiased': 77.488, 'best_valid_valid/diff': 19.535, 'best_valid_valid/acc_skew': 68.09, 'best_valid_valid/acc_align': 86.885, 'best_valid_test/acc': 85.544, 'best_valid_test/acc_unbiased': 79.704, 'best_valid_test/diff': 16.605, 'best_valid_test/acc_skew': 72.403, 'best_valid_test/acc_align': 87.005}
[14 / 20] best test accuracy: 79.704 at epoch 14 
 best_stats: {'best_test_epoch': 14, 'best_test_valid/acc': 84.083, 'best_test_valid/acc_unbiased': 77.488, 'best_test_valid/diff': 19.535, 'best_test_valid/acc_skew': 68.09, 'best_test_valid/acc_align': 86.885, 'best_test_test/acc': 85.544, 'best_test_test/acc_unbiased': 79.704, 'best_test_test/diff': 16.605, 'best_test_test/acc_skew': 72.403, 'best_test_test/acc_align': 87.005}
[15 / 20] Learning rate: 1e-05 weight: 0.01
[15 / 20] Loss: 4.164477842481607 CE Loss: 1.5068385235962463 Con Loss: 4.149409453728725
[15 / 20] tensor([[0.877, 0.568],
        [0.869, 0.861]]) {'epoch': 15, 'valid/acc': 83.951, 'valid/acc_unbiased': 77.438, 'valid/diff': 19.453, 'valid/acc_skew': 68.131, 'valid/acc_align': 86.744, 'test/acc': 84.839, 'test/acc_unbiased': 79.346, 'test/diff': 15.813, 'test/acc_skew': 71.835, 'test/acc_align': 86.857}
[15 / 20] best valid accuracy: 77.488 at epoch 14 
 best_stats: {'best_valid_epoch': 14, 'best_valid_valid/acc': 84.083, 'best_valid_valid/acc_unbiased': 77.488, 'best_valid_valid/diff': 19.535, 'best_valid_valid/acc_skew': 68.09, 'best_valid_valid/acc_align': 86.885, 'best_valid_test/acc': 85.544, 'best_valid_test/acc_unbiased': 79.704, 'best_valid_test/diff': 16.605, 'best_valid_test/acc_skew': 72.403, 'best_valid_test/acc_align': 87.005}
[15 / 20] best test accuracy: 79.704 at epoch 14 
 best_stats: {'best_test_epoch': 14, 'best_test_valid/acc': 84.083, 'best_test_valid/acc_unbiased': 77.488, 'best_test_valid/diff': 19.535, 'best_test_valid/acc_skew': 68.09, 'best_test_valid/acc_align': 86.885, 'best_test_test/acc': 85.544, 'best_test_test/acc_unbiased': 79.704, 'best_test_test/diff': 16.605, 'best_test_test/acc_skew': 72.403, 'best_test_test/acc_align': 87.005}
[16 / 20] Learning rate: 1e-05 weight: 0.01
[16 / 20] Loss: 4.166664937782359 CE Loss: 1.4591465918859798 Con Loss: 4.152073465452262
[16 / 20] tensor([[0.893, 0.580],
        [0.865, 0.855]]) {'epoch': 16, 'valid/acc': 83.774, 'valid/acc_unbiased': 77.158, 'valid/diff': 21.531, 'valid/acc_skew': 66.392, 'valid/acc_align': 87.924, 'test/acc': 85.5, 'test/acc_unbiased': 79.792, 'test/diff': 16.176, 'test/acc_skew': 72.23, 'test/acc_align': 87.355}
[16 / 20] best valid accuracy: 77.488 at epoch 14 
 best_stats: {'best_valid_epoch': 14, 'best_valid_valid/acc': 84.083, 'best_valid_valid/acc_unbiased': 77.488, 'best_valid_valid/diff': 19.535, 'best_valid_valid/acc_skew': 68.09, 'best_valid_valid/acc_align': 86.885, 'best_valid_test/acc': 85.544, 'best_valid_test/acc_unbiased': 79.704, 'best_valid_test/diff': 16.605, 'best_valid_test/acc_skew': 72.403, 'best_valid_test/acc_align': 87.005}
[16 / 20] best test accuracy: 79.792 at epoch 16 
 best_stats: {'best_test_epoch': 16, 'best_test_valid/acc': 83.774, 'best_test_valid/acc_unbiased': 77.158, 'best_test_valid/diff': 21.531, 'best_test_valid/acc_skew': 66.392, 'best_test_valid/acc_align': 87.924, 'best_test_test/acc': 85.5, 'best_test_test/acc_unbiased': 79.792, 'best_test_test/diff': 16.176, 'best_test_test/acc_skew': 72.23, 'best_test_test/acc_align': 87.355}
[17 / 20] Learning rate: 1e-05 weight: 0.01
[17 / 20] Loss: 4.055550246593971 CE Loss: 1.475252299507831 Con Loss: 4.0407977379113715
[17 / 20] tensor([[0.892, 0.545],
        [0.859, 0.867]]) {'epoch': 17, 'valid/acc': 83.73, 'valid/acc_unbiased': 77.134, 'valid/diff': 21.483, 'valid/acc_skew': 66.392, 'valid/acc_align': 87.875, 'test/acc': 85.06, 'test/acc_unbiased': 79.075, 'test/diff': 17.677, 'test/acc_skew': 70.237, 'test/acc_align': 87.914}
[17 / 20] best valid accuracy: 77.488 at epoch 14 
 best_stats: {'best_valid_epoch': 14, 'best_valid_valid/acc': 84.083, 'best_valid_valid/acc_unbiased': 77.488, 'best_valid_valid/diff': 19.535, 'best_valid_valid/acc_skew': 68.09, 'best_valid_valid/acc_align': 86.885, 'best_valid_test/acc': 85.544, 'best_valid_test/acc_unbiased': 79.704, 'best_valid_test/diff': 16.605, 'best_valid_test/acc_skew': 72.403, 'best_valid_test/acc_align': 87.005}
[17 / 20] best test accuracy: 79.792 at epoch 16 
 best_stats: {'best_test_epoch': 16, 'best_test_valid/acc': 83.774, 'best_test_valid/acc_unbiased': 77.158, 'best_test_valid/diff': 21.531, 'best_test_valid/acc_skew': 66.392, 'best_test_valid/acc_align': 87.924, 'best_test_test/acc': 85.5, 'best_test_test/acc_unbiased': 79.792, 'best_test_test/diff': 16.176, 'best_test_test/acc_skew': 72.23, 'best_test_test/acc_align': 87.355}
[18 / 20] Learning rate: 1e-05 weight: 0.01
[18 / 20] Loss: 4.143408070160449 CE Loss: 1.531410416562385 Con Loss: 4.128093961739263
[18 / 20] tensor([[0.877, 0.528],
        [0.873, 0.873]]) {'epoch': 18, 'valid/acc': 83.686, 'valid/acc_unbiased': 76.568, 'valid/diff': 21.644, 'valid/acc_skew': 65.746, 'valid/acc_align': 87.39, 'test/acc': 84.839, 'test/acc_unbiased': 78.793, 'test/diff': 17.473, 'test/acc_skew': 70.077, 'test/acc_align': 87.51}
[18 / 20] best valid accuracy: 77.488 at epoch 14 
 best_stats: {'best_valid_epoch': 14, 'best_valid_valid/acc': 84.083, 'best_valid_valid/acc_unbiased': 77.488, 'best_valid_valid/diff': 19.535, 'best_valid_valid/acc_skew': 68.09, 'best_valid_valid/acc_align': 86.885, 'best_valid_test/acc': 85.544, 'best_valid_test/acc_unbiased': 79.704, 'best_valid_test/diff': 16.605, 'best_valid_test/acc_skew': 72.403, 'best_valid_test/acc_align': 87.005}
[18 / 20] best test accuracy: 79.792 at epoch 16 
 best_stats: {'best_test_epoch': 16, 'best_test_valid/acc': 83.774, 'best_test_valid/acc_unbiased': 77.158, 'best_test_valid/diff': 21.531, 'best_test_valid/acc_skew': 66.392, 'best_test_valid/acc_align': 87.924, 'best_test_test/acc': 85.5, 'best_test_test/acc_unbiased': 79.792, 'best_test_test/diff': 16.176, 'best_test_test/acc_skew': 72.23, 'best_test_test/acc_align': 87.355}
[19 / 20] Learning rate: 1e-05 weight: 0.01
[19 / 20] Loss: 4.129118296324381 CE Loss: 1.4581321198946526 Con Loss: 4.114536962898337
[19 / 20] tensor([[0.886, 0.500],
        [0.872, 0.879]]) {'epoch': 19, 'valid/acc': 83.422, 'valid/acc_unbiased': 75.737, 'valid/diff': 26.062, 'valid/acc_skew': 62.706, 'valid/acc_align': 88.768, 'test/acc': 85.015, 'test/acc_unbiased': 78.418, 'test/diff': 19.639, 'test/acc_skew': 68.599, 'test/acc_align': 88.237}
[19 / 20] best valid accuracy: 77.488 at epoch 14 
 best_stats: {'best_valid_epoch': 14, 'best_valid_valid/acc': 84.083, 'best_valid_valid/acc_unbiased': 77.488, 'best_valid_valid/diff': 19.535, 'best_valid_valid/acc_skew': 68.09, 'best_valid_valid/acc_align': 86.885, 'best_valid_test/acc': 85.544, 'best_valid_test/acc_unbiased': 79.704, 'best_valid_test/diff': 16.605, 'best_valid_test/acc_skew': 72.403, 'best_valid_test/acc_align': 87.005}
[19 / 20] best test accuracy: 79.792 at epoch 16 
 best_stats: {'best_test_epoch': 16, 'best_test_valid/acc': 83.774, 'best_test_valid/acc_unbiased': 77.158, 'best_test_valid/diff': 21.531, 'best_test_valid/acc_skew': 66.392, 'best_test_valid/acc_align': 87.924, 'best_test_test/acc': 85.5, 'best_test_test/acc_unbiased': 79.792, 'best_test_test/diff': 16.176, 'best_test_test/acc_skew': 72.23, 'best_test_test/acc_align': 87.355}
[20 / 20] Learning rate: 1e-05 weight: 0.01
[20 / 20] Loss: 4.144864321736886 CE Loss: 1.3965446023805361 Con Loss: 4.13089888678736
[20 / 20] tensor([[0.876, 0.528],
        [0.874, 0.873]]) {'epoch': 20, 'valid/acc': 83.774, 'valid/acc_unbiased': 76.741, 'valid/diff': 21.172, 'valid/acc_skew': 66.437, 'valid/acc_align': 87.045, 'test/acc': 84.795, 'test/acc_unbiased': 78.775, 'test/diff': 17.437, 'test/acc_skew': 70.134, 'test/acc_align': 87.416}
[20 / 20] best valid accuracy: 77.488 at epoch 14 
 best_stats: {'best_valid_epoch': 14, 'best_valid_valid/acc': 84.083, 'best_valid_valid/acc_unbiased': 77.488, 'best_valid_valid/diff': 19.535, 'best_valid_valid/acc_skew': 68.09, 'best_valid_valid/acc_align': 86.885, 'best_valid_test/acc': 85.544, 'best_valid_test/acc_unbiased': 79.704, 'best_valid_test/diff': 16.605, 'best_valid_test/acc_skew': 72.403, 'best_valid_test/acc_align': 87.005}
[20 / 20] best test accuracy: 79.792 at epoch 16 
 best_stats: {'best_test_epoch': 16, 'best_test_valid/acc': 83.774, 'best_test_valid/acc_unbiased': 77.158, 'best_test_valid/diff': 21.531, 'best_test_valid/acc_skew': 66.392, 'best_test_valid/acc_align': 87.924, 'best_test_test/acc': 85.5, 'best_test_test/acc_unbiased': 79.792, 'best_test_test/diff': 16.176, 'best_test_test/acc_skew': 72.23, 'best_test_test/acc_align': 87.355}
Total training time: 0:21:32
