Log level set to: INFO
Set seed: 1
=======> Using Fixed Random Seed: 1 <========
save_path: exp_results/bc-bb0-utk_face_age-crop_color_blur-0.9-lr0.001-bs128-cbs64-w0.01-ratio10-aug1-seed1
get_utk_face - split: train, aug: False, given_y: True, ratio: 0
use existing biased_utk_face from data/utk_face/pickles/biased_utk_face-target_gender-bias_age-0.9
Distribution Before Sampling: 
===================================
Binary Labels Distribution: 
Binary Target 0
---------------------------
Target 0: [8237, 147]
Target 1: [823, 1477]
Binary Target 1
---------------------------
Target 0: [8237, 147]
Target 1: [823, 1477]
===================================
Normal Label Distribution: 
Target 0: [8237, 147]
Target 1: [823, 1477]
===================================
Distribution After Sampling: 
===================================
Binary Labels Distribution: 
Binary Target 0
---------------------------
Target 0: [8237, 147]
Target 1: [823, 1477]
Binary Target 1
---------------------------
Target 0: [8237, 147]
Target 1: [823, 1477]
===================================
Normal Label Distribution: 
Target 0: [8237, 147]
Target 1: [823, 1477]
===================================
Use BiasedUTKFace - target_attr: gender
BiasedUTKFace -- total: 10684, target_attr: gender, bias_attr: age bias_rate: 0.9
['[train] target_0-bias_0: 8237', '[train] target_0-bias_1: 147', '[train] target_1-bias_0: 823', '[train] target_1-bias_1: 1477']
confusion_matrix - 
 original: tensor([[8237.,  823.],
        [ 147., 1477.]]), 
 normalized: tensor([[0.909, 0.091],
        [0.091, 0.909]]), 
 b|y: tensor([[0.982, 0.018],
        [0.358, 0.642]])
get_utk_face - split: train, aug: 1, given_y: True, ratio: 10
use existing biased_utk_face from data/utk_face/pickles/biased_utk_face-target_gender-bias_age-0.9
Distribution Before Sampling: 
===================================
Binary Labels Distribution: 
Binary Target 0
---------------------------
Target 0: [8237, 147]
Target 1: [823, 1477]
Binary Target 1
---------------------------
Target 0: [8237, 147]
Target 1: [823, 1477]
===================================
Normal Label Distribution: 
Target 0: [8237, 147]
Target 1: [823, 1477]
===================================
Distribution After Sampling: 
===================================
Binary Labels Distribution: 
Binary Target 0
---------------------------
Target 0: [8237, 147]
Target 1: [823, 1477]
Binary Target 1
---------------------------
Target 0: [8237, 147]
Target 1: [823, 1477]
===================================
Normal Label Distribution: 
Target 0: [8237, 147]
Target 1: [823, 1477]
===================================
Use BiasedUTKFace - target_attr: gender
BiasedUTKFace -- total: 10684, target_attr: gender, bias_attr: age bias_rate: 0.9
['[train] target_0-bias_0: 8237', '[train] target_0-bias_1: 147', '[train] target_1-bias_0: 823', '[train] target_1-bias_1: 1477']
get_utk_face - split: valid, aug: False, given_y: True, ratio: 0
use existing biased_utk_face from data/utk_face/pickles/biased_utk_face-target_gender-bias_age-0.9
Distribution Before Sampling: 
===================================
Binary Labels Distribution: 
Binary Target 0
---------------------------
Target 0: [1030, 195]
Target 1: [841, 202]
Binary Target 1
---------------------------
Target 0: [1030, 195]
Target 1: [841, 202]
===================================
Normal Label Distribution: 
Target 0: [1030, 195]
Target 1: [841, 202]
===================================
Use BiasedUTKFace - target_attr: gender
BiasedUTKFace -- total: 2268, target_attr: gender, bias_attr: age bias_rate: 0.9
['[valid] target_0-bias_0: 1030', '[valid] target_0-bias_1: 195', '[valid] target_1-bias_0: 841', '[valid] target_1-bias_1: 202']
get_utk_face - split: test, aug: False, given_y: True, ratio: 0
use existing biased_utk_face from data/utk_face/pickles/biased_utk_face-target_gender-bias_age-0.9
Distribution Before Sampling: 
===================================
Binary Labels Distribution: 
Binary Target 0
---------------------------
Target 0: [1061, 176]
Target 1: [867, 165]
Binary Target 1
---------------------------
Target 0: [1061, 176]
Target 1: [867, 165]
===================================
Normal Label Distribution: 
Target 0: [1061, 176]
Target 1: [867, 165]
===================================
Use BiasedUTKFace - target_attr: gender
BiasedUTKFace -- total: 2269, target_attr: gender, bias_attr: age bias_rate: 0.9
['[test] target_0-bias_0: 1061', '[test] target_0-bias_1: 176', '[test] target_1-bias_0: 867', '[test] target_1-bias_1: 165']
decay_epochs: [6, 13]
[1 / 20] Learning rate: 0.001 weight: 0.01
[1 / 20] Loss: 4.838466754436315 CE Loss: 0.5706405059669135 Con Loss: 4.8327603566874195
[1 / 20] tensor([[0.997, 1.000],
        [0.001, 0.000]]) {'epoch': 1, 'valid/acc': 53.968, 'valid/acc_unbiased': 49.976, 'valid/diff': 0.049, 'valid/acc_skew': 50.0, 'valid/acc_align': 49.951, 'test/acc': 54.429, 'test/acc_unbiased': 49.958, 'test/diff': 0.199, 'test/acc_skew': 50.058, 'test/acc_align': 49.859}
[1 / 20] best valid accuracy: 49.976 at epoch 1 
 best_stats: {'best_valid_epoch': 1, 'best_valid_valid/acc': 53.968, 'best_valid_valid/acc_unbiased': 49.976, 'best_valid_valid/diff': 0.049, 'best_valid_valid/acc_skew': 50.0, 'best_valid_valid/acc_align': 49.951, 'best_valid_test/acc': 54.429, 'best_valid_test/acc_unbiased': 49.958, 'best_valid_test/diff': 0.199, 'best_valid_test/acc_skew': 50.058, 'best_valid_test/acc_align': 49.859}
[1 / 20] best test accuracy: 49.958 at epoch 1 
 best_stats: {'best_test_epoch': 1, 'best_test_valid/acc': 53.968, 'best_test_valid/acc_unbiased': 49.976, 'best_test_valid/diff': 0.049, 'best_test_valid/acc_skew': 50.0, 'best_test_valid/acc_align': 49.951, 'best_test_test/acc': 54.429, 'best_test_test/acc_unbiased': 49.958, 'best_test_test/diff': 0.199, 'best_test_test/acc_skew': 50.058, 'best_test_test/acc_align': 49.859}
[2 / 20] Learning rate: 0.001 weight: 0.01
[2 / 20] Loss: 4.657627327439491 CE Loss: 0.5364247047802966 Con Loss: 4.65226307258049
[2 / 20] tensor([[0.996, 0.994],
        [0.074, 0.061]]) {'epoch': 2, 'valid/acc': 57.011, 'valid/acc_unbiased': 53.086, 'valid/diff': 0.78, 'valid/acc_skew': 53.095, 'valid/acc_align': 53.077, 'test/acc': 57.558, 'test/acc_unbiased': 53.124, 'test/diff': 0.756, 'test/acc_skew': 53.407, 'test/acc_align': 52.842}
[2 / 20] best valid accuracy: 53.086 at epoch 2 
 best_stats: {'best_valid_epoch': 2, 'best_valid_valid/acc': 57.011, 'best_valid_valid/acc_unbiased': 53.086, 'best_valid_valid/diff': 0.78, 'best_valid_valid/acc_skew': 53.095, 'best_valid_valid/acc_align': 53.077, 'best_valid_test/acc': 57.558, 'best_valid_test/acc_unbiased': 53.124, 'best_valid_test/diff': 0.756, 'best_valid_test/acc_skew': 53.407, 'best_valid_test/acc_align': 52.842}
[2 / 20] best test accuracy: 53.124 at epoch 2 
 best_stats: {'best_test_epoch': 2, 'best_test_valid/acc': 57.011, 'best_test_valid/acc_unbiased': 53.086, 'best_test_valid/diff': 0.78, 'best_test_valid/acc_skew': 53.095, 'best_test_valid/acc_align': 53.077, 'best_test_test/acc': 57.558, 'best_test_test/acc_unbiased': 53.124, 'best_test_test/diff': 0.756, 'best_test_test/acc_skew': 53.407, 'best_test_test/acc_align': 52.842}
[3 / 20] Learning rate: 0.001 weight: 0.01
[3 / 20] Loss: 4.585733025942524 CE Loss: 0.5199852765878458 Con Loss: 4.580533178501565
[3 / 20] tensor([[0.990, 0.949],
        [0.210, 0.091]]) {'epoch': 3, 'valid/acc': 61.376, 'valid/acc_unbiased': 56.194, 'valid/diff': 7.001, 'valid/acc_skew': 59.695, 'valid/acc_align': 52.693, 'test/acc': 62.318, 'test/acc_unbiased': 55.983, 'test/diff': 7.989, 'test/acc_skew': 57.939, 'test/acc_align': 54.027}
[3 / 20] best valid accuracy: 56.194 at epoch 3 
 best_stats: {'best_valid_epoch': 3, 'best_valid_valid/acc': 61.376, 'best_valid_valid/acc_unbiased': 56.194, 'best_valid_valid/diff': 7.001, 'best_valid_valid/acc_skew': 59.695, 'best_valid_valid/acc_align': 52.693, 'best_valid_test/acc': 62.318, 'best_valid_test/acc_unbiased': 55.983, 'best_valid_test/diff': 7.989, 'best_valid_test/acc_skew': 57.939, 'best_valid_test/acc_align': 54.027}
[3 / 20] best test accuracy: 55.983 at epoch 3 
 best_stats: {'best_test_epoch': 3, 'best_test_valid/acc': 61.376, 'best_test_valid/acc_unbiased': 56.194, 'best_test_valid/diff': 7.001, 'best_test_valid/acc_skew': 59.695, 'best_test_valid/acc_align': 52.693, 'best_test_test/acc': 62.318, 'best_test_test/acc_unbiased': 55.983, 'best_test_test/diff': 7.989, 'best_test_test/acc_skew': 57.939, 'best_test_test/acc_align': 54.027}
[4 / 20] Learning rate: 0.001 weight: 0.01
[4 / 20] Loss: 4.61091298871342 CE Loss: 0.49725290857330773 Con Loss: 4.605940450849001
[4 / 20] tensor([[0.952, 0.943],
        [0.479, 0.194]]) {'epoch': 4, 'valid/acc': 69.489, 'valid/acc_unbiased': 62.561, 'valid/diff': 15.099, 'valid/acc_skew': 66.91, 'valid/acc_align': 58.212, 'test/acc': 71.529, 'test/acc_unbiased': 64.193, 'test/diff': 14.674, 'test/acc_skew': 71.092, 'test/acc_align': 57.294}
[4 / 20] best valid accuracy: 62.561 at epoch 4 
 best_stats: {'best_valid_epoch': 4, 'best_valid_valid/acc': 69.489, 'best_valid_valid/acc_unbiased': 62.561, 'best_valid_valid/diff': 15.099, 'best_valid_valid/acc_skew': 66.91, 'best_valid_valid/acc_align': 58.212, 'best_valid_test/acc': 71.529, 'best_valid_test/acc_unbiased': 64.193, 'best_valid_test/diff': 14.674, 'best_valid_test/acc_skew': 71.092, 'best_valid_test/acc_align': 57.294}
[4 / 20] best test accuracy: 64.193 at epoch 4 
 best_stats: {'best_test_epoch': 4, 'best_test_valid/acc': 69.489, 'best_test_valid/acc_unbiased': 62.561, 'best_test_valid/diff': 15.099, 'best_test_valid/acc_skew': 66.91, 'best_test_valid/acc_align': 58.212, 'best_test_test/acc': 71.529, 'best_test_test/acc_unbiased': 64.193, 'best_test_test/diff': 14.674, 'best_test_test/acc_skew': 71.092, 'best_test_test/acc_align': 57.294}
[5 / 20] Learning rate: 0.001 weight: 0.01
[5 / 20] Loss: 4.600351733333026 CE Loss: 0.4929135167076542 Con Loss: 4.595422596219147
[5 / 20] tensor([[0.926, 0.847],
        [0.607, 0.388]]) {'epoch': 5, 'valid/acc': 73.677, 'valid/acc_unbiased': 66.923, 'valid/diff': 16.717, 'valid/acc_skew': 69.31, 'valid/acc_align': 64.535, 'test/acc': 75.892, 'test/acc_unbiased': 69.191, 'test/diff': 14.935, 'test/acc_skew': 72.664, 'test/acc_align': 65.718}
[5 / 20] best valid accuracy: 66.923 at epoch 5 
 best_stats: {'best_valid_epoch': 5, 'best_valid_valid/acc': 73.677, 'best_valid_valid/acc_unbiased': 66.923, 'best_valid_valid/diff': 16.717, 'best_valid_valid/acc_skew': 69.31, 'best_valid_valid/acc_align': 64.535, 'best_valid_test/acc': 75.892, 'best_valid_test/acc_unbiased': 69.191, 'best_valid_test/diff': 14.935, 'best_valid_test/acc_skew': 72.664, 'best_valid_test/acc_align': 65.718}
[5 / 20] best test accuracy: 69.191 at epoch 5 
 best_stats: {'best_test_epoch': 5, 'best_test_valid/acc': 73.677, 'best_test_valid/acc_unbiased': 66.923, 'best_test_valid/diff': 16.717, 'best_test_valid/acc_skew': 69.31, 'best_test_valid/acc_align': 64.535, 'best_test_test/acc': 75.892, 'best_test_test/acc_unbiased': 69.191, 'best_test_test/diff': 14.935, 'best_test_test/acc_skew': 72.664, 'best_test_test/acc_align': 65.718}
[6 / 20] Learning rate: 0.001 weight: 0.01
[6 / 20] Loss: 4.531164223761293 CE Loss: 0.4739110147805751 Con Loss: 4.526425128481175
[6 / 20] tensor([[0.959, 0.852],
        [0.502, 0.352]]) {'epoch': 6, 'valid/acc': 71.076, 'valid/acc_unbiased': 65.915, 'valid/diff': 9.502, 'valid/acc_skew': 66.004, 'valid/acc_align': 65.827, 'test/acc': 73.16, 'test/acc_unbiased': 66.601, 'test/diff': 12.824, 'test/acc_skew': 67.7, 'test/acc_align': 65.502}
[6 / 20] best valid accuracy: 66.923 at epoch 5 
 best_stats: {'best_valid_epoch': 5, 'best_valid_valid/acc': 73.677, 'best_valid_valid/acc_unbiased': 66.923, 'best_valid_valid/diff': 16.717, 'best_valid_valid/acc_skew': 69.31, 'best_valid_valid/acc_align': 64.535, 'best_valid_test/acc': 75.892, 'best_valid_test/acc_unbiased': 69.191, 'best_valid_test/diff': 14.935, 'best_valid_test/acc_skew': 72.664, 'best_valid_test/acc_align': 65.718}
[6 / 20] best test accuracy: 69.191 at epoch 5 
 best_stats: {'best_test_epoch': 5, 'best_test_valid/acc': 73.677, 'best_test_valid/acc_unbiased': 66.923, 'best_test_valid/diff': 16.717, 'best_test_valid/acc_skew': 69.31, 'best_test_valid/acc_align': 64.535, 'best_test_test/acc': 75.892, 'best_test_test/acc_unbiased': 69.191, 'best_test_test/diff': 14.935, 'best_test_test/acc_skew': 72.664, 'best_test_test/acc_align': 65.718}
[7 / 20] Learning rate: 0.0001 weight: 0.01
[7 / 20] Loss: 4.529837137748578 CE Loss: 0.4493813972176795 Con Loss: 4.525343328145326
[7 / 20] tensor([[0.943, 0.756],
        [0.621, 0.467]]) {'epoch': 7, 'valid/acc': 75.0, 'valid/acc_unbiased': 68.847, 'valid/diff': 14.344, 'valid/acc_skew': 65.758, 'valid/acc_align': 71.937, 'test/acc': 77.038, 'test/acc_unbiased': 69.635, 'test/diff': 17.034, 'test/acc_skew': 68.811, 'test/acc_align': 70.459}
[7 / 20] best valid accuracy: 68.847 at epoch 7 
 best_stats: {'best_valid_epoch': 7, 'best_valid_valid/acc': 75.0, 'best_valid_valid/acc_unbiased': 68.847, 'best_valid_valid/diff': 14.344, 'best_valid_valid/acc_skew': 65.758, 'best_valid_valid/acc_align': 71.937, 'best_valid_test/acc': 77.038, 'best_valid_test/acc_unbiased': 69.635, 'best_valid_test/diff': 17.034, 'best_valid_test/acc_skew': 68.811, 'best_valid_test/acc_align': 70.459}
[7 / 20] best test accuracy: 69.635 at epoch 7 
 best_stats: {'best_test_epoch': 7, 'best_test_valid/acc': 75.0, 'best_test_valid/acc_unbiased': 68.847, 'best_test_valid/diff': 14.344, 'best_test_valid/acc_skew': 65.758, 'best_test_valid/acc_align': 71.937, 'best_test_test/acc': 77.038, 'best_test_test/acc_unbiased': 69.635, 'best_test_test/diff': 17.034, 'best_test_test/acc_skew': 68.811, 'best_test_test/acc_align': 70.459}
[8 / 20] Learning rate: 0.0001 weight: 0.01
[8 / 20] Loss: 4.469393353835334 CE Loss: 0.43008741456352784 Con Loss: 4.465092475117034
[8 / 20] tensor([[0.958, 0.761],
        [0.594, 0.455]]) {'epoch': 8, 'valid/acc': 74.206, 'valid/acc_unbiased': 68.08, 'valid/diff': 13.78, 'valid/acc_skew': 64.528, 'valid/acc_align': 71.631, 'test/acc': 76.686, 'test/acc_unbiased': 69.187, 'test/diff': 16.784, 'test/acc_skew': 67.768, 'test/acc_align': 70.607}
[8 / 20] best valid accuracy: 68.847 at epoch 7 
 best_stats: {'best_valid_epoch': 7, 'best_valid_valid/acc': 75.0, 'best_valid_valid/acc_unbiased': 68.847, 'best_valid_valid/diff': 14.344, 'best_valid_valid/acc_skew': 65.758, 'best_valid_valid/acc_align': 71.937, 'best_valid_test/acc': 77.038, 'best_valid_test/acc_unbiased': 69.635, 'best_valid_test/diff': 17.034, 'best_valid_test/acc_skew': 68.811, 'best_valid_test/acc_align': 70.459}
[8 / 20] best test accuracy: 69.635 at epoch 7 
 best_stats: {'best_test_epoch': 7, 'best_test_valid/acc': 75.0, 'best_test_valid/acc_unbiased': 68.847, 'best_test_valid/diff': 14.344, 'best_test_valid/acc_skew': 65.758, 'best_test_valid/acc_align': 71.937, 'best_test_test/acc': 77.038, 'best_test_test/acc_unbiased': 69.635, 'best_test_test/diff': 17.034, 'best_test_test/acc_skew': 68.811, 'best_test_test/acc_align': 70.459}
[9 / 20] Learning rate: 0.0001 weight: 0.01
[9 / 20] Loss: 4.4589977533975285 CE Loss: 0.41011305730782927 Con Loss: 4.454896614820223
[9 / 20] tensor([[0.962, 0.653],
        [0.611, 0.612]]) {'epoch': 9, 'valid/acc': 75.838, 'valid/acc_unbiased': 70.2, 'valid/diff': 17.802, 'valid/acc_skew': 61.299, 'valid/acc_align': 79.101, 'test/acc': 77.876, 'test/acc_unbiased': 70.978, 'test/diff': 15.485, 'test/acc_skew': 63.236, 'test/acc_align': 78.721}
[9 / 20] best valid accuracy: 70.200 at epoch 9 
 best_stats: {'best_valid_epoch': 9, 'best_valid_valid/acc': 75.838, 'best_valid_valid/acc_unbiased': 70.2, 'best_valid_valid/diff': 17.802, 'best_valid_valid/acc_skew': 61.299, 'best_valid_valid/acc_align': 79.101, 'best_valid_test/acc': 77.876, 'best_valid_test/acc_unbiased': 70.978, 'best_valid_test/diff': 15.485, 'best_valid_test/acc_skew': 63.236, 'best_valid_test/acc_align': 78.721}
[9 / 20] best test accuracy: 70.978 at epoch 9 
 best_stats: {'best_test_epoch': 9, 'best_test_valid/acc': 75.838, 'best_test_valid/acc_unbiased': 70.2, 'best_test_valid/diff': 17.802, 'best_test_valid/acc_skew': 61.299, 'best_test_valid/acc_align': 79.101, 'best_test_test/acc': 77.876, 'best_test_test/acc_unbiased': 70.978, 'best_test_test/diff': 15.485, 'best_test_test/acc_skew': 63.236, 'best_test_test/acc_align': 78.721}
[10 / 20] Learning rate: 0.0001 weight: 0.01
[10 / 20] Loss: 4.417570771281972 CE Loss: 0.4125603572990242 Con Loss: 4.413445178867056
[10 / 20] tensor([[0.953, 0.716],
        [0.656, 0.576]]) {'epoch': 10, 'valid/acc': 76.367, 'valid/acc_unbiased': 69.503, 'valid/diff': 17.42, 'valid/acc_skew': 60.793, 'valid/acc_align': 78.213, 'test/acc': 79.374, 'test/acc_unbiased': 72.521, 'test/diff': 15.875, 'test/acc_skew': 68.61, 'test/acc_align': 76.432}
[10 / 20] best valid accuracy: 70.200 at epoch 9 
 best_stats: {'best_valid_epoch': 9, 'best_valid_valid/acc': 75.838, 'best_valid_valid/acc_unbiased': 70.2, 'best_valid_valid/diff': 17.802, 'best_valid_valid/acc_skew': 61.299, 'best_valid_valid/acc_align': 79.101, 'best_valid_test/acc': 77.876, 'best_valid_test/acc_unbiased': 70.978, 'best_valid_test/diff': 15.485, 'best_valid_test/acc_skew': 63.236, 'best_valid_test/acc_align': 78.721}
[10 / 20] best test accuracy: 72.521 at epoch 10 
 best_stats: {'best_test_epoch': 10, 'best_test_valid/acc': 76.367, 'best_test_valid/acc_unbiased': 69.503, 'best_test_valid/diff': 17.42, 'best_test_valid/acc_skew': 60.793, 'best_test_valid/acc_align': 78.213, 'best_test_test/acc': 79.374, 'best_test_test/acc_unbiased': 72.521, 'best_test_test/diff': 15.875, 'best_test_test/acc_skew': 68.61, 'best_test_test/acc_align': 76.432}
[11 / 20] Learning rate: 0.0001 weight: 0.01
[11 / 20] Loss: 4.361891505335298 CE Loss: 0.40952269814961506 Con Loss: 4.35779628767944
[11 / 20] tensor([[0.958, 0.636],
        [0.619, 0.642]]) {'epoch': 11, 'valid/acc': 77.293, 'valid/acc_unbiased': 71.708, 'valid/diff': 21.318, 'valid/acc_skew': 61.049, 'valid/acc_align': 82.367, 'test/acc': 78.052, 'test/acc_unbiased': 71.394, 'test/diff': 17.214, 'test/acc_skew': 62.787, 'test/acc_align': 80.001}
[11 / 20] best valid accuracy: 71.708 at epoch 11 
 best_stats: {'best_valid_epoch': 11, 'best_valid_valid/acc': 77.293, 'best_valid_valid/acc_unbiased': 71.708, 'best_valid_valid/diff': 21.318, 'best_valid_valid/acc_skew': 61.049, 'best_valid_valid/acc_align': 82.367, 'best_valid_test/acc': 78.052, 'best_valid_test/acc_unbiased': 71.394, 'best_valid_test/diff': 17.214, 'best_valid_test/acc_skew': 62.787, 'best_valid_test/acc_align': 80.001}
[11 / 20] best test accuracy: 72.521 at epoch 10 
 best_stats: {'best_test_epoch': 10, 'best_test_valid/acc': 76.367, 'best_test_valid/acc_unbiased': 69.503, 'best_test_valid/diff': 17.42, 'best_test_valid/acc_skew': 60.793, 'best_test_valid/acc_align': 78.213, 'best_test_test/acc': 79.374, 'best_test_test/acc_unbiased': 72.521, 'best_test_test/diff': 15.875, 'best_test_test/acc_skew': 68.61, 'best_test_test/acc_align': 76.432}
[12 / 20] Learning rate: 0.0001 weight: 0.01
[12 / 20] Loss: 4.387332646867302 CE Loss: 0.3985578141400806 Con Loss: 4.383347060340301
[12 / 20] tensor([[0.951, 0.608],
        [0.670, 0.715]]) {'epoch': 12, 'valid/acc': 78.131, 'valid/acc_unbiased': 71.687, 'valid/diff': 25.437, 'valid/acc_skew': 58.968, 'valid/acc_align': 84.405, 'test/acc': 79.991, 'test/acc_unbiased': 73.606, 'test/diff': 19.403, 'test/acc_skew': 63.904, 'test/acc_align': 83.307}
[12 / 20] best valid accuracy: 71.708 at epoch 11 
 best_stats: {'best_valid_epoch': 11, 'best_valid_valid/acc': 77.293, 'best_valid_valid/acc_unbiased': 71.708, 'best_valid_valid/diff': 21.318, 'best_valid_valid/acc_skew': 61.049, 'best_valid_valid/acc_align': 82.367, 'best_valid_test/acc': 78.052, 'best_valid_test/acc_unbiased': 71.394, 'best_valid_test/diff': 17.214, 'best_valid_test/acc_skew': 62.787, 'best_valid_test/acc_align': 80.001}
[12 / 20] best test accuracy: 73.606 at epoch 12 
 best_stats: {'best_test_epoch': 12, 'best_test_valid/acc': 78.131, 'best_test_valid/acc_unbiased': 71.687, 'best_test_valid/diff': 25.437, 'best_test_valid/acc_skew': 58.968, 'best_test_valid/acc_align': 84.405, 'best_test_test/acc': 79.991, 'best_test_test/acc_unbiased': 73.606, 'best_test_test/diff': 19.403, 'best_test_test/acc_skew': 63.904, 'best_test_test/acc_align': 83.307}
[13 / 20] Learning rate: 0.0001 weight: 0.01
[13 / 20] Loss: 4.3831955876880615 CE Loss: 0.38663399283112054 Con Loss: 4.379329254367476
[13 / 20] tensor([[0.968, 0.597],
        [0.621, 0.655]]) {'epoch': 13, 'valid/acc': 76.852, 'valid/acc_unbiased': 70.71, 'valid/diff': 21.023, 'valid/acc_skew': 60.198, 'valid/acc_align': 81.222, 'test/acc': 78.361, 'test/acc_unbiased': 70.991, 'test/diff': 20.269, 'test/acc_skew': 60.856, 'test/acc_align': 81.125}
[13 / 20] best valid accuracy: 71.708 at epoch 11 
 best_stats: {'best_valid_epoch': 11, 'best_valid_valid/acc': 77.293, 'best_valid_valid/acc_unbiased': 71.708, 'best_valid_valid/diff': 21.318, 'best_valid_valid/acc_skew': 61.049, 'best_valid_valid/acc_align': 82.367, 'best_valid_test/acc': 78.052, 'best_valid_test/acc_unbiased': 71.394, 'best_valid_test/diff': 17.214, 'best_valid_test/acc_skew': 62.787, 'best_valid_test/acc_align': 80.001}
[13 / 20] best test accuracy: 73.606 at epoch 12 
 best_stats: {'best_test_epoch': 12, 'best_test_valid/acc': 78.131, 'best_test_valid/acc_unbiased': 71.687, 'best_test_valid/diff': 25.437, 'best_test_valid/acc_skew': 58.968, 'best_test_valid/acc_align': 84.405, 'best_test_test/acc': 79.991, 'best_test_test/acc_unbiased': 73.606, 'best_test_test/diff': 19.403, 'best_test_test/acc_skew': 63.904, 'best_test_test/acc_align': 83.307}
[14 / 20] Learning rate: 1e-05 weight: 0.01
[14 / 20] Loss: 4.342311228049109 CE Loss: 0.38669962551164433 Con Loss: 4.338444233119198
[14 / 20] tensor([[0.967, 0.676],
        [0.622, 0.594]]) {'epoch': 14, 'valid/acc': 76.852, 'valid/acc_unbiased': 71.218, 'valid/diff': 17.231, 'valid/acc_skew': 62.603, 'valid/acc_align': 79.834, 'test/acc': 78.537, 'test/acc_unbiased': 71.469, 'test/diff': 15.931, 'test/acc_skew': 64.891, 'test/acc_align': 78.048}
[14 / 20] best valid accuracy: 71.708 at epoch 11 
 best_stats: {'best_valid_epoch': 11, 'best_valid_valid/acc': 77.293, 'best_valid_valid/acc_unbiased': 71.708, 'best_valid_valid/diff': 21.318, 'best_valid_valid/acc_skew': 61.049, 'best_valid_valid/acc_align': 82.367, 'best_valid_test/acc': 78.052, 'best_valid_test/acc_unbiased': 71.394, 'best_valid_test/diff': 17.214, 'best_valid_test/acc_skew': 62.787, 'best_valid_test/acc_align': 80.001}
[14 / 20] best test accuracy: 73.606 at epoch 12 
 best_stats: {'best_test_epoch': 12, 'best_test_valid/acc': 78.131, 'best_test_valid/acc_unbiased': 71.687, 'best_test_valid/diff': 25.437, 'best_test_valid/acc_skew': 58.968, 'best_test_valid/acc_align': 84.405, 'best_test_test/acc': 79.991, 'best_test_test/acc_unbiased': 73.606, 'best_test_test/diff': 19.403, 'best_test_test/acc_skew': 63.904, 'best_test_test/acc_align': 83.307}
[15 / 20] Learning rate: 1e-05 weight: 0.01
[15 / 20] Loss: 4.319400389780939 CE Loss: 0.3768846534557978 Con Loss: 4.31563154796856
[15 / 20] tensor([[0.963, 0.597],
        [0.652, 0.679]]) {'epoch': 15, 'valid/acc': 77.91, 'valid/acc_unbiased': 71.552, 'valid/diff': 20.047, 'valid/acc_skew': 61.529, 'valid/acc_align': 81.576, 'test/acc': 79.506, 'test/acc_unbiased': 72.257, 'test/diff': 19.688, 'test/acc_skew': 62.413, 'test/acc_align': 82.102}
[15 / 20] best valid accuracy: 71.708 at epoch 11 
 best_stats: {'best_valid_epoch': 11, 'best_valid_valid/acc': 77.293, 'best_valid_valid/acc_unbiased': 71.708, 'best_valid_valid/diff': 21.318, 'best_valid_valid/acc_skew': 61.049, 'best_valid_valid/acc_align': 82.367, 'best_valid_test/acc': 78.052, 'best_valid_test/acc_unbiased': 71.394, 'best_valid_test/diff': 17.214, 'best_valid_test/acc_skew': 62.787, 'best_valid_test/acc_align': 80.001}
[15 / 20] best test accuracy: 73.606 at epoch 12 
 best_stats: {'best_test_epoch': 12, 'best_test_valid/acc': 78.131, 'best_test_valid/acc_unbiased': 71.687, 'best_test_valid/diff': 25.437, 'best_test_valid/acc_skew': 58.968, 'best_test_valid/acc_align': 84.405, 'best_test_test/acc': 79.991, 'best_test_test/acc_unbiased': 73.606, 'best_test_test/diff': 19.403, 'best_test_test/acc_skew': 63.904, 'best_test_test/acc_align': 83.307}
[16 / 20] Learning rate: 1e-05 weight: 0.01
[16 / 20] Loss: 4.279017129046156 CE Loss: 0.37878476688586027 Con Loss: 4.275229262662978
[16 / 20] tensor([[0.965, 0.676],
        [0.644, 0.636]]) {'epoch': 16, 'valid/acc': 77.866, 'valid/acc_unbiased': 72.223, 'valid/diff': 16.424, 'valid/acc_skew': 64.011, 'valid/acc_align': 80.435, 'test/acc': 79.595, 'test/acc_unbiased': 73.031, 'test/diff': 14.811, 'test/acc_skew': 65.987, 'test/acc_align': 80.075}
[16 / 20] best valid accuracy: 72.223 at epoch 16 
 best_stats: {'best_valid_epoch': 16, 'best_valid_valid/acc': 77.866, 'best_valid_valid/acc_unbiased': 72.223, 'best_valid_valid/diff': 16.424, 'best_valid_valid/acc_skew': 64.011, 'best_valid_valid/acc_align': 80.435, 'best_valid_test/acc': 79.595, 'best_valid_test/acc_unbiased': 73.031, 'best_valid_test/diff': 14.811, 'best_valid_test/acc_skew': 65.987, 'best_valid_test/acc_align': 80.075}
[16 / 20] best test accuracy: 73.606 at epoch 12 
 best_stats: {'best_test_epoch': 12, 'best_test_valid/acc': 78.131, 'best_test_valid/acc_unbiased': 71.687, 'best_test_valid/diff': 25.437, 'best_test_valid/acc_skew': 58.968, 'best_test_valid/acc_align': 84.405, 'best_test_test/acc': 79.991, 'best_test_test/acc_unbiased': 73.606, 'best_test_test/diff': 19.403, 'best_test_test/acc_skew': 63.904, 'best_test_test/acc_align': 83.307}
[17 / 20] Learning rate: 1e-05 weight: 0.01
[17 / 20] Loss: 4.292124135893233 CE Loss: 0.37317119953294053 Con Loss: 4.288392439356282
[17 / 20] tensor([[0.962, 0.602],
        [0.651, 0.697]]) {'epoch': 17, 'valid/acc': 77.734, 'valid/acc_unbiased': 71.345, 'valid/diff': 19.87, 'valid/acc_skew': 61.41, 'valid/acc_align': 81.28, 'test/acc': 79.595, 'test/acc_unbiased': 72.802, 'test/diff': 20.324, 'test/acc_skew': 62.64, 'test/acc_align': 82.963}
[17 / 20] best valid accuracy: 72.223 at epoch 16 
 best_stats: {'best_valid_epoch': 16, 'best_valid_valid/acc': 77.866, 'best_valid_valid/acc_unbiased': 72.223, 'best_valid_valid/diff': 16.424, 'best_valid_valid/acc_skew': 64.011, 'best_valid_valid/acc_align': 80.435, 'best_valid_test/acc': 79.595, 'best_valid_test/acc_unbiased': 73.031, 'best_valid_test/diff': 14.811, 'best_valid_test/acc_skew': 65.987, 'best_valid_test/acc_align': 80.075}
[17 / 20] best test accuracy: 73.606 at epoch 12 
 best_stats: {'best_test_epoch': 12, 'best_test_valid/acc': 78.131, 'best_test_valid/acc_unbiased': 71.687, 'best_test_valid/diff': 25.437, 'best_test_valid/acc_skew': 58.968, 'best_test_valid/acc_align': 84.405, 'best_test_test/acc': 79.991, 'best_test_test/acc_unbiased': 73.606, 'best_test_test/diff': 19.403, 'best_test_test/acc_skew': 63.904, 'best_test_test/acc_align': 83.307}
[18 / 20] Learning rate: 1e-05 weight: 0.01
[18 / 20] Loss: 4.292492286135132 CE Loss: 0.3861355599126134 Con Loss: 4.288630904708628
[18 / 20] tensor([[0.966, 0.619],
        [0.645, 0.685]]) {'epoch': 18, 'valid/acc': 77.646, 'valid/acc_unbiased': 71.769, 'valid/diff': 20.012, 'valid/acc_skew': 61.763, 'valid/acc_align': 81.775, 'test/acc': 79.595, 'test/acc_unbiased': 72.875, 'test/diff': 19.342, 'test/acc_skew': 63.204, 'test/acc_align': 82.546}
[18 / 20] best valid accuracy: 72.223 at epoch 16 
 best_stats: {'best_valid_epoch': 16, 'best_valid_valid/acc': 77.866, 'best_valid_valid/acc_unbiased': 72.223, 'best_valid_valid/diff': 16.424, 'best_valid_valid/acc_skew': 64.011, 'best_valid_valid/acc_align': 80.435, 'best_valid_test/acc': 79.595, 'best_valid_test/acc_unbiased': 73.031, 'best_valid_test/diff': 14.811, 'best_valid_test/acc_skew': 65.987, 'best_valid_test/acc_align': 80.075}
[18 / 20] best test accuracy: 73.606 at epoch 12 
 best_stats: {'best_test_epoch': 12, 'best_test_valid/acc': 78.131, 'best_test_valid/acc_unbiased': 71.687, 'best_test_valid/diff': 25.437, 'best_test_valid/acc_skew': 58.968, 'best_test_valid/acc_align': 84.405, 'best_test_test/acc': 79.991, 'best_test_test/acc_unbiased': 73.606, 'best_test_test/diff': 19.403, 'best_test_test/acc_skew': 63.904, 'best_test_test/acc_align': 83.307}
[19 / 20] Learning rate: 1e-05 weight: 0.01
[19 / 20] Loss: 4.328357568353091 CE Loss: 0.37855500507247625 Con Loss: 4.324572013496504
[19 / 20] tensor([[0.962, 0.585],
        [0.667, 0.727]]) {'epoch': 19, 'valid/acc': 78.439, 'valid/acc_unbiased': 72.095, 'valid/diff': 21.244, 'valid/acc_skew': 61.473, 'valid/acc_align': 82.717, 'test/acc': 80.3, 'test/acc_unbiased': 73.537, 'test/diff': 21.884, 'test/acc_skew': 62.595, 'test/acc_align': 84.479}
[19 / 20] best valid accuracy: 72.223 at epoch 16 
 best_stats: {'best_valid_epoch': 16, 'best_valid_valid/acc': 77.866, 'best_valid_valid/acc_unbiased': 72.223, 'best_valid_valid/diff': 16.424, 'best_valid_valid/acc_skew': 64.011, 'best_valid_valid/acc_align': 80.435, 'best_valid_test/acc': 79.595, 'best_valid_test/acc_unbiased': 73.031, 'best_valid_test/diff': 14.811, 'best_valid_test/acc_skew': 65.987, 'best_valid_test/acc_align': 80.075}
[19 / 20] best test accuracy: 73.606 at epoch 12 
 best_stats: {'best_test_epoch': 12, 'best_test_valid/acc': 78.131, 'best_test_valid/acc_unbiased': 71.687, 'best_test_valid/diff': 25.437, 'best_test_valid/acc_skew': 58.968, 'best_test_valid/acc_align': 84.405, 'best_test_test/acc': 79.991, 'best_test_test/acc_unbiased': 73.606, 'best_test_test/diff': 19.403, 'best_test_test/acc_skew': 63.904, 'best_test_test/acc_align': 83.307}
[20 / 20] Learning rate: 1e-05 weight: 0.01
[20 / 20] Loss: 4.302148878775211 CE Loss: 0.3728697297837305 Con Loss: 4.298420166264131
[20 / 20] tensor([[0.965, 0.602],
        [0.652, 0.709]]) {'epoch': 20, 'valid/acc': 78.571, 'valid/acc_unbiased': 72.659, 'valid/diff': 20.009, 'valid/acc_skew': 62.655, 'valid/acc_align': 82.663, 'test/acc': 79.859, 'test/acc_unbiased': 73.204, 'test/diff': 21.014, 'test/acc_skew': 62.697, 'test/acc_align': 83.711}
[20 / 20] best valid accuracy: 72.659 at epoch 20 
 best_stats: {'best_valid_epoch': 20, 'best_valid_valid/acc': 78.571, 'best_valid_valid/acc_unbiased': 72.659, 'best_valid_valid/diff': 20.009, 'best_valid_valid/acc_skew': 62.655, 'best_valid_valid/acc_align': 82.663, 'best_valid_test/acc': 79.859, 'best_valid_test/acc_unbiased': 73.204, 'best_valid_test/diff': 21.014, 'best_valid_test/acc_skew': 62.697, 'best_valid_test/acc_align': 83.711}
[20 / 20] best test accuracy: 73.606 at epoch 12 
 best_stats: {'best_test_epoch': 12, 'best_test_valid/acc': 78.131, 'best_test_valid/acc_unbiased': 71.687, 'best_test_valid/diff': 25.437, 'best_test_valid/acc_skew': 58.968, 'best_test_valid/acc_align': 84.405, 'best_test_test/acc': 79.991, 'best_test_test/acc_unbiased': 73.606, 'best_test_test/diff': 19.403, 'best_test_test/acc_skew': 63.904, 'best_test_test/acc_align': 83.307}
Total training time: 0:17:49
