Log level set to: INFO
Set seed: 2
=======> Using Fixed Random Seed: 2 <========
save_path: exp_results/bc-bb0-utk_face_race-uw-0.2-lr0.001-bs128-cbs64-w0.01-ratio10-aug1-seed2
get_utk_face - split: train, aug: False, given_y: True, ratio: 0
use existing biased_utk_face from data/utk_face/pickles/biased_utk_face-target_gender-bias_race-0.2
Distribution Before Sampling: 
===================================
Binary Labels Distribution: 
Binary Target 0
---------------------------
Target 0: [4407, 4423]
Target 1: [3525, 5529]
Binary Target 1
---------------------------
Target 0: [4407, 4423]
Target 1: [3525, 5529]
===================================
Normal Label Distribution: 
Target 0: [4407, 4423]
Target 1: [3525, 5529]
===================================
Distribution After Sampling: 
===================================
Binary Labels Distribution: 
Binary Target 0
---------------------------
Target 0: [4407, 4423]
Target 1: [3525, 5529]
Binary Target 1
---------------------------
Target 0: [4407, 4423]
Target 1: [3525, 5529]
===================================
Normal Label Distribution: 
Target 0: [4407, 4423]
Target 1: [3525, 5529]
===================================
Use BiasedUTKFace - target_attr: gender
BiasedUTKFace -- total: 17884, target_attr: gender, bias_attr: race bias_rate: 0.2
['[train] target_0-bias_0: 4407', '[train] target_0-bias_1: 4423', '[train] target_1-bias_0: 3525', '[train] target_1-bias_1: 5529']
confusion_matrix - 
 original: tensor([[4407., 3525.],
        [4423., 5529.]]), 
 normalized: tensor([[0.556, 0.444],
        [0.444, 0.556]]), 
 b|y: tensor([[0.499, 0.501],
        [0.389, 0.611]])
get_utk_face - split: train, aug: 1, given_y: True, ratio: 10
use existing biased_utk_face from data/utk_face/pickles/biased_utk_face-target_gender-bias_race-0.2
Distribution Before Sampling: 
===================================
Binary Labels Distribution: 
Binary Target 0
---------------------------
Target 0: [4407, 4423]
Target 1: [3525, 5529]
Binary Target 1
---------------------------
Target 0: [4407, 4423]
Target 1: [3525, 5529]
===================================
Normal Label Distribution: 
Target 0: [4407, 4423]
Target 1: [3525, 5529]
===================================
Distribution After Sampling: 
===================================
Binary Labels Distribution: 
Binary Target 0
---------------------------
Target 0: [4407, 4423]
Target 1: [3525, 5529]
Binary Target 1
---------------------------
Target 0: [4407, 4423]
Target 1: [3525, 5529]
===================================
Normal Label Distribution: 
Target 0: [4407, 4423]
Target 1: [3525, 5529]
===================================
Use BiasedUTKFace - target_attr: gender
BiasedUTKFace -- total: 17884, target_attr: gender, bias_attr: race bias_rate: 0.2
['[train] target_0-bias_0: 4407', '[train] target_0-bias_1: 4423', '[train] target_1-bias_0: 3525', '[train] target_1-bias_1: 5529']
get_utk_face - split: valid, aug: False, given_y: True, ratio: 0
use existing biased_utk_face from data/utk_face/pickles/biased_utk_face-target_gender-bias_race-0.2
Distribution Before Sampling: 
===================================
Binary Labels Distribution: 
Binary Target 0
---------------------------
Target 0: [583, 684]
Target 1: [457, 646]
Binary Target 1
---------------------------
Target 0: [583, 684]
Target 1: [457, 646]
===================================
Normal Label Distribution: 
Target 0: [583, 684]
Target 1: [457, 646]
===================================
Use BiasedUTKFace - target_attr: gender
BiasedUTKFace -- total: 2370, target_attr: gender, bias_attr: race bias_rate: 0.2
['[valid] target_0-bias_0: 583', '[valid] target_0-bias_1: 684', '[valid] target_1-bias_0: 457', '[valid] target_1-bias_1: 646']
get_utk_face - split: test, aug: False, given_y: True, ratio: 0
use existing biased_utk_face from data/utk_face/pickles/biased_utk_face-target_gender-bias_race-0.2
Distribution Before Sampling: 
===================================
Binary Labels Distribution: 
Binary Target 0
---------------------------
Target 0: [558, 677]
Target 1: [462, 673]
Binary Target 1
---------------------------
Target 0: [558, 677]
Target 1: [462, 673]
===================================
Normal Label Distribution: 
Target 0: [558, 677]
Target 1: [462, 673]
===================================
Use BiasedUTKFace - target_attr: gender
BiasedUTKFace -- total: 2370, target_attr: gender, bias_attr: race bias_rate: 0.2
['[test] target_0-bias_0: 558', '[test] target_0-bias_1: 677', '[test] target_1-bias_0: 462', '[test] target_1-bias_1: 673']
decay_epochs: [6, 13]
[1 / 20] Learning rate: 0.001 weight: 0.01
[1 / 20] Loss: 4.866496029168907 CE Loss: 2.1322065946960365 Con Loss: 4.845173966828622
[1 / 20] tensor([[0.864, 0.866],
        [0.786, 0.793]]) {'epoch': 1, 'valid/acc': 82.152, 'valid/acc_unbiased': 82.017, 'valid/diff': 2.828, 'valid/acc_skew': 83.431, 'valid/acc_align': 80.603, 'test/acc': 82.911, 'test/acc_unbiased': 82.714, 'test/diff': 0.477, 'test/acc_skew': 82.476, 'test/acc_align': 82.952}
[1 / 20] best valid accuracy: 82.017 at epoch 1 
 best_stats: {'best_valid_epoch': 1, 'best_valid_valid/acc': 82.152, 'best_valid_valid/acc_unbiased': 82.017, 'best_valid_valid/diff': 2.828, 'best_valid_valid/acc_skew': 83.431, 'best_valid_valid/acc_align': 80.603, 'best_valid_test/acc': 82.911, 'best_valid_test/acc_unbiased': 82.714, 'best_valid_test/diff': 0.477, 'best_valid_test/acc_skew': 82.476, 'best_valid_test/acc_align': 82.952}
[1 / 20] best test accuracy: 82.714 at epoch 1 
 best_stats: {'best_test_epoch': 1, 'best_test_valid/acc': 82.152, 'best_test_valid/acc_unbiased': 82.017, 'best_test_valid/diff': 2.828, 'best_test_valid/acc_skew': 83.431, 'best_test_valid/acc_align': 80.603, 'best_test_test/acc': 82.911, 'best_test_test/acc_unbiased': 82.714, 'best_test_test/diff': 0.477, 'best_test_test/acc_skew': 82.476, 'best_test_test/acc_align': 82.952}
[2 / 20] Learning rate: 0.001 weight: 0.01
[2 / 20] Loss: 4.761555277722657 CE Loss: 1.7759021923755858 Con Loss: 4.743796261757765
[2 / 20] tensor([[0.659, 0.607],
        [0.937, 0.949]]) {'epoch': 2, 'valid/acc': 76.92, 'valid/acc_unbiased': 78.03, 'valid/diff': 1.15, 'valid/acc_skew': 77.663, 'valid/acc_align': 78.397, 'test/acc': 78.101, 'test/acc_unbiased': 78.832, 'test/diff': 3.233, 'test/acc_skew': 79.836, 'test/acc_align': 77.829}
[2 / 20] best valid accuracy: 82.017 at epoch 1 
 best_stats: {'best_valid_epoch': 1, 'best_valid_valid/acc': 82.152, 'best_valid_valid/acc_unbiased': 82.017, 'best_valid_valid/diff': 2.828, 'best_valid_valid/acc_skew': 83.431, 'best_valid_valid/acc_align': 80.603, 'best_valid_test/acc': 82.911, 'best_valid_test/acc_unbiased': 82.714, 'best_valid_test/diff': 0.477, 'best_valid_test/acc_skew': 82.476, 'best_valid_test/acc_align': 82.952}
[2 / 20] best test accuracy: 82.714 at epoch 1 
 best_stats: {'best_test_epoch': 1, 'best_test_valid/acc': 82.152, 'best_test_valid/acc_unbiased': 82.017, 'best_test_valid/diff': 2.828, 'best_test_valid/acc_skew': 83.431, 'best_test_valid/acc_align': 80.603, 'best_test_test/acc': 82.911, 'best_test_test/acc_unbiased': 82.714, 'best_test_test/diff': 0.477, 'best_test_test/acc_skew': 82.476, 'best_test_test/acc_align': 82.952}
[3 / 20] Learning rate: 0.001 weight: 0.01
[3 / 20] Loss: 4.736265897270925 CE Loss: 1.6202381928744025 Con Loss: 4.720063511143059
[3 / 20] tensor([[0.862, 0.846],
        [0.833, 0.866]]) {'epoch': 3, 'valid/acc': 85.232, 'valid/acc_unbiased': 85.154, 'valid/diff': 2.874, 'valid/acc_skew': 85.72, 'valid/acc_align': 84.589, 'test/acc': 85.316, 'test/acc_unbiased': 85.2, 'test/diff': 2.428, 'test/acc_skew': 84.767, 'test/acc_align': 85.633}
[3 / 20] best valid accuracy: 85.154 at epoch 3 
 best_stats: {'best_valid_epoch': 3, 'best_valid_valid/acc': 85.232, 'best_valid_valid/acc_unbiased': 85.154, 'best_valid_valid/diff': 2.874, 'best_valid_valid/acc_skew': 85.72, 'best_valid_valid/acc_align': 84.589, 'best_valid_test/acc': 85.316, 'best_valid_test/acc_unbiased': 85.2, 'best_valid_test/diff': 2.428, 'best_valid_test/acc_skew': 84.767, 'best_valid_test/acc_align': 85.633}
[3 / 20] best test accuracy: 85.200 at epoch 3 
 best_stats: {'best_test_epoch': 3, 'best_test_valid/acc': 85.232, 'best_test_valid/acc_unbiased': 85.154, 'best_test_valid/diff': 2.874, 'best_test_valid/acc_skew': 85.72, 'best_test_valid/acc_align': 84.589, 'best_test_test/acc': 85.316, 'best_test_test/acc_unbiased': 85.2, 'best_test_test/diff': 2.428, 'best_test_test/acc_skew': 84.767, 'best_test_test/acc_align': 85.633}
[4 / 20] Learning rate: 0.001 weight: 0.01
[4 / 20] Loss: 4.717064894170895 CE Loss: 1.5762727750118242 Con Loss: 4.701302183258323
[4 / 20] tensor([[0.785, 0.746],
        [0.883, 0.942]]) {'epoch': 4, 'valid/acc': 83.587, 'valid/acc_unbiased': 84.018, 'valid/diff': 2.369, 'valid/acc_skew': 84.285, 'valid/acc_align': 83.75, 'test/acc': 83.755, 'test/acc_unbiased': 83.901, 'test/diff': 4.897, 'test/acc_skew': 83.403, 'test/acc_align': 84.399}
[4 / 20] best valid accuracy: 85.154 at epoch 3 
 best_stats: {'best_valid_epoch': 3, 'best_valid_valid/acc': 85.232, 'best_valid_valid/acc_unbiased': 85.154, 'best_valid_valid/diff': 2.874, 'best_valid_valid/acc_skew': 85.72, 'best_valid_valid/acc_align': 84.589, 'best_valid_test/acc': 85.316, 'best_valid_test/acc_unbiased': 85.2, 'best_valid_test/diff': 2.428, 'best_valid_test/acc_skew': 84.767, 'best_valid_test/acc_align': 85.633}
[4 / 20] best test accuracy: 85.200 at epoch 3 
 best_stats: {'best_test_epoch': 3, 'best_test_valid/acc': 85.232, 'best_test_valid/acc_unbiased': 85.154, 'best_test_valid/diff': 2.874, 'best_test_valid/acc_skew': 85.72, 'best_test_valid/acc_align': 84.589, 'best_test_test/acc': 85.316, 'best_test_test/acc_unbiased': 85.2, 'best_test_test/diff': 2.428, 'best_test_test/acc_skew': 84.767, 'best_test_test/acc_align': 85.633}
[5 / 20] Learning rate: 0.001 weight: 0.01
[5 / 20] Loss: 4.708647067902526 CE Loss: 1.544146092645649 Con Loss: 4.693205601362221
[5 / 20] tensor([[0.803, 0.814],
        [0.883, 0.906]]) {'epoch': 5, 'valid/acc': 85.527, 'valid/acc_unbiased': 85.913, 'valid/diff': 2.175, 'valid/acc_skew': 87.0, 'valid/acc_align': 84.825, 'test/acc': 85.105, 'test/acc_unbiased': 85.156, 'test/diff': 1.714, 'test/acc_skew': 84.299, 'test/acc_align': 86.014}
[5 / 20] best valid accuracy: 85.913 at epoch 5 
 best_stats: {'best_valid_epoch': 5, 'best_valid_valid/acc': 85.527, 'best_valid_valid/acc_unbiased': 85.913, 'best_valid_valid/diff': 2.175, 'best_valid_valid/acc_skew': 87.0, 'best_valid_valid/acc_align': 84.825, 'best_valid_test/acc': 85.105, 'best_valid_test/acc_unbiased': 85.156, 'best_valid_test/diff': 1.714, 'best_valid_test/acc_skew': 84.299, 'best_valid_test/acc_align': 86.014}
[5 / 20] best test accuracy: 85.200 at epoch 3 
 best_stats: {'best_test_epoch': 3, 'best_test_valid/acc': 85.232, 'best_test_valid/acc_unbiased': 85.154, 'best_test_valid/diff': 2.874, 'best_test_valid/acc_skew': 85.72, 'best_test_valid/acc_align': 84.589, 'best_test_test/acc': 85.316, 'best_test_test/acc_unbiased': 85.2, 'best_test_test/diff': 2.428, 'best_test_test/acc_skew': 84.767, 'best_test_test/acc_align': 85.633}
[6 / 20] Learning rate: 0.001 weight: 0.01
[6 / 20] Loss: 4.697970348619236 CE Loss: 1.4943960502733722 Con Loss: 4.683026397822821
[6 / 20] tensor([[0.880, 0.882],
        [0.827, 0.813]]) {'epoch': 6, 'valid/acc': 86.245, 'valid/acc_unbiased': 86.247, 'valid/diff': 2.99, 'valid/acc_skew': 87.743, 'valid/acc_align': 84.752, 'test/acc': 85.105, 'test/acc_unbiased': 85.034, 'test/diff': 0.798, 'test/acc_skew': 85.338, 'test/acc_align': 84.731}
[6 / 20] best valid accuracy: 86.247 at epoch 6 
 best_stats: {'best_valid_epoch': 6, 'best_valid_valid/acc': 86.245, 'best_valid_valid/acc_unbiased': 86.247, 'best_valid_valid/diff': 2.99, 'best_valid_valid/acc_skew': 87.743, 'best_valid_valid/acc_align': 84.752, 'best_valid_test/acc': 85.105, 'best_valid_test/acc_unbiased': 85.034, 'best_valid_test/diff': 0.798, 'best_valid_test/acc_skew': 85.338, 'best_valid_test/acc_align': 84.731}
[6 / 20] best test accuracy: 85.200 at epoch 3 
 best_stats: {'best_test_epoch': 3, 'best_test_valid/acc': 85.232, 'best_test_valid/acc_unbiased': 85.154, 'best_test_valid/diff': 2.874, 'best_test_valid/acc_skew': 85.72, 'best_test_valid/acc_align': 84.589, 'best_test_test/acc': 85.316, 'best_test_test/acc_unbiased': 85.2, 'best_test_test/diff': 2.428, 'best_test_test/acc_skew': 84.767, 'best_test_test/acc_align': 85.633}
[7 / 20] Learning rate: 0.0001 weight: 0.01
[7 / 20] Loss: 4.663175883215296 CE Loss: 1.3472775058494642 Con Loss: 4.6497031072993265
[7 / 20] tensor([[0.876, 0.863],
        [0.872, 0.884]]) {'epoch': 7, 'valid/acc': 88.439, 'valid/acc_unbiased': 88.516, 'valid/diff': 1.439, 'valid/acc_skew': 89.236, 'valid/acc_align': 87.797, 'test/acc': 87.384, 'test/acc_unbiased': 87.384, 'test/diff': 1.276, 'test/acc_skew': 87.432, 'test/acc_align': 87.337}
[7 / 20] best valid accuracy: 88.516 at epoch 7 
 best_stats: {'best_valid_epoch': 7, 'best_valid_valid/acc': 88.439, 'best_valid_valid/acc_unbiased': 88.516, 'best_valid_valid/diff': 1.439, 'best_valid_valid/acc_skew': 89.236, 'best_valid_valid/acc_align': 87.797, 'best_valid_test/acc': 87.384, 'best_valid_test/acc_unbiased': 87.384, 'best_valid_test/diff': 1.276, 'best_valid_test/acc_skew': 87.432, 'best_valid_test/acc_align': 87.337}
[7 / 20] best test accuracy: 87.384 at epoch 7 
 best_stats: {'best_test_epoch': 7, 'best_test_valid/acc': 88.439, 'best_test_valid/acc_unbiased': 88.516, 'best_test_valid/diff': 1.439, 'best_test_valid/acc_skew': 89.236, 'best_test_valid/acc_align': 87.797, 'best_test_test/acc': 87.384, 'best_test_test/acc_unbiased': 87.384, 'best_test_test/diff': 1.276, 'best_test_test/acc_skew': 87.432, 'best_test_test/acc_align': 87.337}
[8 / 20] Learning rate: 0.0001 weight: 0.01
[8 / 20] Loss: 4.6495951259197525 CE Loss: 1.2977107254031306 Con Loss: 4.636618021216549
[8 / 20] tensor([[0.871, 0.855],
        [0.890, 0.900]]) {'epoch': 8, 'valid/acc': 88.312, 'valid/acc_unbiased': 88.483, 'valid/diff': 1.914, 'valid/acc_skew': 89.44, 'valid/acc_align': 87.526, 'test/acc': 87.848, 'test/acc_unbiased': 87.907, 'test/diff': 1.328, 'test/acc_skew': 88.029, 'test/acc_align': 87.784}
[8 / 20] best valid accuracy: 88.516 at epoch 7 
 best_stats: {'best_valid_epoch': 7, 'best_valid_valid/acc': 88.439, 'best_valid_valid/acc_unbiased': 88.516, 'best_valid_valid/diff': 1.439, 'best_valid_valid/acc_skew': 89.236, 'best_valid_valid/acc_align': 87.797, 'best_valid_test/acc': 87.384, 'best_valid_test/acc_unbiased': 87.384, 'best_valid_test/diff': 1.276, 'best_valid_test/acc_skew': 87.432, 'best_valid_test/acc_align': 87.337}
[8 / 20] best test accuracy: 87.907 at epoch 8 
 best_stats: {'best_test_epoch': 8, 'best_test_valid/acc': 88.312, 'best_test_valid/acc_unbiased': 88.483, 'best_test_valid/diff': 1.914, 'best_test_valid/acc_skew': 89.44, 'best_test_valid/acc_align': 87.526, 'best_test_test/acc': 87.848, 'best_test_test/acc_unbiased': 87.907, 'best_test_test/diff': 1.328, 'best_test_test/acc_skew': 88.029, 'best_test_test/acc_align': 87.784}
[9 / 20] Learning rate: 0.0001 weight: 0.01
[9 / 20] Loss: 4.639491494297581 CE Loss: 1.2395162565599909 Con Loss: 4.62709633313791
[9 / 20] tensor([[0.873, 0.855],
        [0.890, 0.903]]) {'epoch': 9, 'valid/acc': 89.03, 'valid/acc_unbiased': 89.2, 'valid/diff': 1.526, 'valid/acc_skew': 89.963, 'valid/acc_align': 88.437, 'test/acc': 87.975, 'test/acc_unbiased': 88.026, 'test/diff': 1.566, 'test/acc_skew': 88.119, 'test/acc_align': 87.933}
[9 / 20] best valid accuracy: 89.200 at epoch 9 
 best_stats: {'best_valid_epoch': 9, 'best_valid_valid/acc': 89.03, 'best_valid_valid/acc_unbiased': 89.2, 'best_valid_valid/diff': 1.526, 'best_valid_valid/acc_skew': 89.963, 'best_valid_valid/acc_align': 88.437, 'best_valid_test/acc': 87.975, 'best_valid_test/acc_unbiased': 88.026, 'best_valid_test/diff': 1.566, 'best_valid_test/acc_skew': 88.119, 'best_valid_test/acc_align': 87.933}
[9 / 20] best test accuracy: 88.026 at epoch 9 
 best_stats: {'best_test_epoch': 9, 'best_test_valid/acc': 89.03, 'best_test_valid/acc_unbiased': 89.2, 'best_test_valid/diff': 1.526, 'best_test_valid/acc_skew': 89.963, 'best_test_valid/acc_align': 88.437, 'best_test_test/acc': 87.975, 'best_test_test/acc_unbiased': 88.026, 'best_test_test/diff': 1.566, 'best_test_test/acc_skew': 88.119, 'best_test_test/acc_align': 87.933}
[10 / 20] Learning rate: 0.0001 weight: 0.01
[10 / 20] Loss: 4.6265806224996195 CE Loss: 1.198624265057959 Con Loss: 4.614594373892842
[10 / 20] tensor([[0.892, 0.869],
        [0.887, 0.889]]) {'epoch': 10, 'valid/acc': 88.903, 'valid/acc_unbiased': 89.095, 'valid/diff': 2.718, 'valid/acc_skew': 90.454, 'valid/acc_align': 87.736, 'test/acc': 88.354, 'test/acc_unbiased': 88.425, 'test/diff': 1.252, 'test/acc_skew': 88.996, 'test/acc_align': 87.855}
[10 / 20] best valid accuracy: 89.200 at epoch 9 
 best_stats: {'best_valid_epoch': 9, 'best_valid_valid/acc': 89.03, 'best_valid_valid/acc_unbiased': 89.2, 'best_valid_valid/diff': 1.526, 'best_valid_valid/acc_skew': 89.963, 'best_valid_valid/acc_align': 88.437, 'best_valid_test/acc': 87.975, 'best_valid_test/acc_unbiased': 88.026, 'best_valid_test/diff': 1.566, 'best_valid_test/acc_skew': 88.119, 'best_valid_test/acc_align': 87.933}
[10 / 20] best test accuracy: 88.425 at epoch 10 
 best_stats: {'best_test_epoch': 10, 'best_test_valid/acc': 88.903, 'best_test_valid/acc_unbiased': 89.095, 'best_test_valid/diff': 2.718, 'best_test_valid/acc_skew': 90.454, 'best_test_valid/acc_align': 87.736, 'best_test_test/acc': 88.354, 'best_test_test/acc_unbiased': 88.425, 'best_test_test/diff': 1.252, 'best_test_test/acc_skew': 88.996, 'best_test_test/acc_align': 87.855}
[11 / 20] Learning rate: 0.0001 weight: 0.01
[11 / 20] Loss: 4.613434562158382 CE Loss: 1.198046488347029 Con Loss: 4.601454091802642
[11 / 20] tensor([[0.910, 0.889],
        [0.864, 0.863]]) {'epoch': 11, 'valid/acc': 88.397, 'valid/acc_unbiased': 88.347, 'valid/diff': 1.866, 'valid/acc_skew': 89.28, 'valid/acc_align': 87.414, 'test/acc': 88.186, 'test/acc_unbiased': 88.164, 'test/diff': 1.076, 'test/acc_skew': 88.702, 'test/acc_align': 87.626}
[11 / 20] best valid accuracy: 89.200 at epoch 9 
 best_stats: {'best_valid_epoch': 9, 'best_valid_valid/acc': 89.03, 'best_valid_valid/acc_unbiased': 89.2, 'best_valid_valid/diff': 1.526, 'best_valid_valid/acc_skew': 89.963, 'best_valid_valid/acc_align': 88.437, 'best_valid_test/acc': 87.975, 'best_valid_test/acc_unbiased': 88.026, 'best_valid_test/diff': 1.566, 'best_valid_test/acc_skew': 88.119, 'best_valid_test/acc_align': 87.933}
[11 / 20] best test accuracy: 88.425 at epoch 10 
 best_stats: {'best_test_epoch': 10, 'best_test_valid/acc': 88.903, 'best_test_valid/acc_unbiased': 89.095, 'best_test_valid/diff': 2.718, 'best_test_valid/acc_skew': 90.454, 'best_test_valid/acc_align': 87.736, 'best_test_test/acc': 88.354, 'best_test_test/acc_unbiased': 88.425, 'best_test_test/diff': 1.252, 'best_test_test/acc_skew': 88.996, 'best_test_test/acc_align': 87.855}
[12 / 20] Learning rate: 0.0001 weight: 0.01
[12 / 20] Loss: 4.612168399526673 CE Loss: 1.2089404919301603 Con Loss: 4.600079018860102
[12 / 20] tensor([[0.871, 0.874],
        [0.907, 0.897]]) {'epoch': 12, 'valid/acc': 89.325, 'valid/acc_unbiased': 89.534, 'valid/diff': 2.308, 'valid/acc_skew': 90.51, 'valid/acc_align': 88.558, 'test/acc': 88.65, 'test/acc_unbiased': 88.745, 'test/diff': 0.647, 'test/acc_skew': 88.895, 'test/acc_align': 88.596}
[12 / 20] best valid accuracy: 89.534 at epoch 12 
 best_stats: {'best_valid_epoch': 12, 'best_valid_valid/acc': 89.325, 'best_valid_valid/acc_unbiased': 89.534, 'best_valid_valid/diff': 2.308, 'best_valid_valid/acc_skew': 90.51, 'best_valid_valid/acc_align': 88.558, 'best_valid_test/acc': 88.65, 'best_valid_test/acc_unbiased': 88.745, 'best_valid_test/diff': 0.647, 'best_valid_test/acc_skew': 88.895, 'best_valid_test/acc_align': 88.596}
[12 / 20] best test accuracy: 88.745 at epoch 12 
 best_stats: {'best_test_epoch': 12, 'best_test_valid/acc': 89.325, 'best_test_valid/acc_unbiased': 89.534, 'best_test_valid/diff': 2.308, 'best_test_valid/acc_skew': 90.51, 'best_test_valid/acc_align': 88.558, 'best_test_test/acc': 88.65, 'best_test_test/acc_unbiased': 88.745, 'best_test_test/diff': 0.647, 'best_test_test/acc_skew': 88.895, 'best_test_test/acc_align': 88.596}
[13 / 20] Learning rate: 0.0001 weight: 0.01
[13 / 20] Loss: 4.60746928835523 CE Loss: 1.176288515895945 Con Loss: 4.595706415826964
[13 / 20] tensor([[0.898, 0.876],
        [0.890, 0.899]]) {'epoch': 13, 'valid/acc': 89.578, 'valid/acc_unbiased': 89.7, 'valid/diff': 1.632, 'valid/acc_skew': 90.516, 'valid/acc_align': 88.885, 'test/acc': 89.03, 'test/acc_unbiased': 89.059, 'test/diff': 1.564, 'test/acc_skew': 89.373, 'test/acc_align': 88.744}
[13 / 20] best valid accuracy: 89.700 at epoch 13 
 best_stats: {'best_valid_epoch': 13, 'best_valid_valid/acc': 89.578, 'best_valid_valid/acc_unbiased': 89.7, 'best_valid_valid/diff': 1.632, 'best_valid_valid/acc_skew': 90.516, 'best_valid_valid/acc_align': 88.885, 'best_valid_test/acc': 89.03, 'best_valid_test/acc_unbiased': 89.059, 'best_valid_test/diff': 1.564, 'best_valid_test/acc_skew': 89.373, 'best_valid_test/acc_align': 88.744}
[13 / 20] best test accuracy: 89.059 at epoch 13 
 best_stats: {'best_test_epoch': 13, 'best_test_valid/acc': 89.578, 'best_test_valid/acc_unbiased': 89.7, 'best_test_valid/diff': 1.632, 'best_test_valid/acc_skew': 90.516, 'best_test_valid/acc_align': 88.885, 'best_test_test/acc': 89.03, 'best_test_test/acc_unbiased': 89.059, 'best_test_test/diff': 1.564, 'best_test_test/acc_skew': 89.373, 'best_test_test/acc_align': 88.744}
[14 / 20] Learning rate: 1e-05 weight: 0.01
[14 / 20] Loss: 4.619438486007523 CE Loss: 1.1538238140646708 Con Loss: 4.607900249000845
[14 / 20] tensor([[0.900, 0.883],
        [0.894, 0.897]]) {'epoch': 14, 'valid/acc': 89.747, 'valid/acc_unbiased': 89.81, 'valid/diff': 1.146, 'valid/acc_skew': 90.383, 'valid/acc_align': 89.237, 'test/acc': 89.325, 'test/acc_unbiased': 89.359, 'test/diff': 0.993, 'test/acc_skew': 89.679, 'test/acc_align': 89.039}
[14 / 20] best valid accuracy: 89.810 at epoch 14 
 best_stats: {'best_valid_epoch': 14, 'best_valid_valid/acc': 89.747, 'best_valid_valid/acc_unbiased': 89.81, 'best_valid_valid/diff': 1.146, 'best_valid_valid/acc_skew': 90.383, 'best_valid_valid/acc_align': 89.237, 'best_valid_test/acc': 89.325, 'best_valid_test/acc_unbiased': 89.359, 'best_valid_test/diff': 0.993, 'best_valid_test/acc_skew': 89.679, 'best_valid_test/acc_align': 89.039}
[14 / 20] best test accuracy: 89.359 at epoch 14 
 best_stats: {'best_test_epoch': 14, 'best_test_valid/acc': 89.747, 'best_test_valid/acc_unbiased': 89.81, 'best_test_valid/diff': 1.146, 'best_test_valid/acc_skew': 90.383, 'best_test_valid/acc_align': 89.237, 'best_test_test/acc': 89.325, 'best_test_test/acc_unbiased': 89.359, 'best_test_test/diff': 0.993, 'best_test_test/acc_skew': 89.679, 'best_test_test/acc_align': 89.039}
[15 / 20] Learning rate: 1e-05 weight: 0.01
[15 / 20] Loss: 4.599528126363599 CE Loss: 1.1380200957963995 Con Loss: 4.588147925093414
[15 / 20] tensor([[0.875, 0.858],
        [0.905, 0.906]]) {'epoch': 15, 'valid/acc': 89.789, 'valid/acc_unbiased': 90.006, 'valid/diff': 1.399, 'valid/acc_skew': 90.705, 'valid/acc_align': 89.306, 'test/acc': 88.481, 'test/acc_unbiased': 88.598, 'test/diff': 0.899, 'test/acc_skew': 88.966, 'test/acc_align': 88.229}
[15 / 20] best valid accuracy: 90.006 at epoch 15 
 best_stats: {'best_valid_epoch': 15, 'best_valid_valid/acc': 89.789, 'best_valid_valid/acc_unbiased': 90.006, 'best_valid_valid/diff': 1.399, 'best_valid_valid/acc_skew': 90.705, 'best_valid_valid/acc_align': 89.306, 'best_valid_test/acc': 88.481, 'best_valid_test/acc_unbiased': 88.598, 'best_valid_test/diff': 0.899, 'best_valid_test/acc_skew': 88.966, 'best_valid_test/acc_align': 88.229}
[15 / 20] best test accuracy: 89.359 at epoch 14 
 best_stats: {'best_test_epoch': 14, 'best_test_valid/acc': 89.747, 'best_test_valid/acc_unbiased': 89.81, 'best_test_valid/diff': 1.146, 'best_test_valid/acc_skew': 90.383, 'best_test_valid/acc_align': 89.237, 'best_test_test/acc': 89.325, 'best_test_test/acc_unbiased': 89.359, 'best_test_test/diff': 0.993, 'best_test_test/acc_skew': 89.679, 'best_test_test/acc_align': 89.039}
[16 / 20] Learning rate: 1e-05 weight: 0.01
[16 / 20] Loss: 4.594107684820351 CE Loss: 1.1466134008319286 Con Loss: 4.582641568927257
[16 / 20] tensor([[0.889, 0.876],
        [0.900, 0.902]]) {'epoch': 16, 'valid/acc': 89.873, 'valid/acc_unbiased': 90.028, 'valid/diff': 1.212, 'valid/acc_skew': 90.635, 'valid/acc_align': 89.422, 'test/acc': 89.114, 'test/acc_unbiased': 89.179, 'test/diff': 0.723, 'test/acc_skew': 89.466, 'test/acc_align': 88.893}
[16 / 20] best valid accuracy: 90.028 at epoch 16 
 best_stats: {'best_valid_epoch': 16, 'best_valid_valid/acc': 89.873, 'best_valid_valid/acc_unbiased': 90.028, 'best_valid_valid/diff': 1.212, 'best_valid_valid/acc_skew': 90.635, 'best_valid_valid/acc_align': 89.422, 'best_valid_test/acc': 89.114, 'best_valid_test/acc_unbiased': 89.179, 'best_valid_test/diff': 0.723, 'best_valid_test/acc_skew': 89.466, 'best_valid_test/acc_align': 88.893}
[16 / 20] best test accuracy: 89.359 at epoch 14 
 best_stats: {'best_test_epoch': 14, 'best_test_valid/acc': 89.747, 'best_test_valid/acc_unbiased': 89.81, 'best_test_valid/diff': 1.146, 'best_test_valid/acc_skew': 90.383, 'best_test_valid/acc_align': 89.237, 'best_test_test/acc': 89.325, 'best_test_test/acc_unbiased': 89.359, 'best_test_test/diff': 0.993, 'best_test_test/acc_skew': 89.679, 'best_test_test/acc_align': 89.039}
[17 / 20] Learning rate: 1e-05 weight: 0.01
[17 / 20] Loss: 4.579570983672563 CE Loss: 1.1381015729594885 Con Loss: 4.568189977932978
[17 / 20] tensor([[0.892, 0.880],
        [0.896, 0.902]]) {'epoch': 17, 'valid/acc': 89.789, 'valid/acc_unbiased': 89.931, 'valid/diff': 1.655, 'valid/acc_skew': 90.759, 'valid/acc_align': 89.104, 'test/acc': 89.241, 'test/acc_unbiased': 89.272, 'test/diff': 0.897, 'test/acc_skew': 89.429, 'test/acc_align': 89.114}
[17 / 20] best valid accuracy: 90.028 at epoch 16 
 best_stats: {'best_valid_epoch': 16, 'best_valid_valid/acc': 89.873, 'best_valid_valid/acc_unbiased': 90.028, 'best_valid_valid/diff': 1.212, 'best_valid_valid/acc_skew': 90.635, 'best_valid_valid/acc_align': 89.422, 'best_valid_test/acc': 89.114, 'best_valid_test/acc_unbiased': 89.179, 'best_valid_test/diff': 0.723, 'best_valid_test/acc_skew': 89.466, 'best_valid_test/acc_align': 88.893}
[17 / 20] best test accuracy: 89.359 at epoch 14 
 best_stats: {'best_test_epoch': 14, 'best_test_valid/acc': 89.747, 'best_test_valid/acc_unbiased': 89.81, 'best_test_valid/diff': 1.146, 'best_test_valid/acc_skew': 90.383, 'best_test_valid/acc_align': 89.237, 'best_test_test/acc': 89.325, 'best_test_test/acc_unbiased': 89.359, 'best_test_test/diff': 0.993, 'best_test_test/acc_skew': 89.679, 'best_test_test/acc_align': 89.039}
[18 / 20] Learning rate: 1e-05 weight: 0.01
[18 / 20] Loss: 4.595598576826634 CE Loss: 1.135648557495095 Con Loss: 4.584242079514461
[18 / 20] tensor([[0.882, 0.869],
        [0.905, 0.908]]) {'epoch': 18, 'valid/acc': 90.042, 'valid/acc_unbiased': 90.238, 'valid/diff': 1.45, 'valid/acc_skew': 90.963, 'valid/acc_align': 89.512, 'test/acc': 88.987, 'test/acc_unbiased': 89.072, 'test/diff': 0.815, 'test/acc_skew': 89.324, 'test/acc_align': 88.821}
[18 / 20] best valid accuracy: 90.238 at epoch 18 
 best_stats: {'best_valid_epoch': 18, 'best_valid_valid/acc': 90.042, 'best_valid_valid/acc_unbiased': 90.238, 'best_valid_valid/diff': 1.45, 'best_valid_valid/acc_skew': 90.963, 'best_valid_valid/acc_align': 89.512, 'best_valid_test/acc': 88.987, 'best_valid_test/acc_unbiased': 89.072, 'best_valid_test/diff': 0.815, 'best_valid_test/acc_skew': 89.324, 'best_valid_test/acc_align': 88.821}
[18 / 20] best test accuracy: 89.359 at epoch 14 
 best_stats: {'best_test_epoch': 14, 'best_test_valid/acc': 89.747, 'best_test_valid/acc_unbiased': 89.81, 'best_test_valid/diff': 1.146, 'best_test_valid/acc_skew': 90.383, 'best_test_valid/acc_align': 89.237, 'best_test_test/acc': 89.325, 'best_test_test/acc_unbiased': 89.359, 'best_test_test/diff': 0.993, 'best_test_test/acc_skew': 89.679, 'best_test_test/acc_align': 89.039}
[19 / 20] Learning rate: 1e-05 weight: 0.01
[19 / 20] Loss: 4.605102598467174 CE Loss: 1.1104734855006402 Con Loss: 4.593997854003701
[19 / 20] tensor([[0.885, 0.871],
        [0.900, 0.906]]) {'epoch': 19, 'valid/acc': 89.958, 'valid/acc_unbiased': 90.162, 'valid/diff': 1.773, 'valid/acc_skew': 91.049, 'valid/acc_align': 89.276, 'test/acc': 89.03, 'test/acc_unbiased': 89.09, 'test/diff': 0.988, 'test/acc_skew': 89.287, 'test/acc_align': 88.894}
[19 / 20] best valid accuracy: 90.238 at epoch 18 
 best_stats: {'best_valid_epoch': 18, 'best_valid_valid/acc': 90.042, 'best_valid_valid/acc_unbiased': 90.238, 'best_valid_valid/diff': 1.45, 'best_valid_valid/acc_skew': 90.963, 'best_valid_valid/acc_align': 89.512, 'best_valid_test/acc': 88.987, 'best_valid_test/acc_unbiased': 89.072, 'best_valid_test/diff': 0.815, 'best_valid_test/acc_skew': 89.324, 'best_valid_test/acc_align': 88.821}
[19 / 20] best test accuracy: 89.359 at epoch 14 
 best_stats: {'best_test_epoch': 14, 'best_test_valid/acc': 89.747, 'best_test_valid/acc_unbiased': 89.81, 'best_test_valid/diff': 1.146, 'best_test_valid/acc_skew': 90.383, 'best_test_valid/acc_align': 89.237, 'best_test_test/acc': 89.325, 'best_test_test/acc_unbiased': 89.359, 'best_test_test/diff': 0.993, 'best_test_test/acc_skew': 89.679, 'best_test_test/acc_align': 89.039}
[20 / 20] Learning rate: 1e-05 weight: 0.01
[20 / 20] Loss: 4.589403667057475 CE Loss: 1.1235855939377077 Con Loss: 4.57816781551879
[20 / 20] tensor([[0.885, 0.876],
        [0.905, 0.906]]) {'epoch': 20, 'valid/acc': 90.169, 'valid/acc_unbiased': 90.34, 'valid/diff': 1.371, 'valid/acc_skew': 91.025, 'valid/acc_align': 89.654, 'test/acc': 89.241, 'test/acc_unbiased': 89.309, 'test/diff': 0.55, 'test/acc_skew': 89.503, 'test/acc_align': 89.116}
[20 / 20] best valid accuracy: 90.340 at epoch 20 
 best_stats: {'best_valid_epoch': 20, 'best_valid_valid/acc': 90.169, 'best_valid_valid/acc_unbiased': 90.34, 'best_valid_valid/diff': 1.371, 'best_valid_valid/acc_skew': 91.025, 'best_valid_valid/acc_align': 89.654, 'best_valid_test/acc': 89.241, 'best_valid_test/acc_unbiased': 89.309, 'best_valid_test/diff': 0.55, 'best_valid_test/acc_skew': 89.503, 'best_valid_test/acc_align': 89.116}
[20 / 20] best test accuracy: 89.359 at epoch 14 
 best_stats: {'best_test_epoch': 14, 'best_test_valid/acc': 89.747, 'best_test_valid/acc_unbiased': 89.81, 'best_test_valid/diff': 1.146, 'best_test_valid/acc_skew': 90.383, 'best_test_valid/acc_align': 89.237, 'best_test_test/acc': 89.325, 'best_test_test/acc_unbiased': 89.359, 'best_test_test/diff': 0.993, 'best_test_test/acc_skew': 89.679, 'best_test_test/acc_align': 89.039}
Total training time: 1:24:09
