Log level set to: INFO
Set seed: 1
=======> Using Fixed Random Seed: 1 <========
save_path: exp_results/bc-bb0-utk_face_age-os-0.5-lr0.001-bs128-cbs64-w0.01-ratio10-aug1-seed1
get_utk_face - split: train, aug: False, given_y: True, ratio: 0
use existing biased_utk_face from data/utk_face/pickles/biased_utk_face-target_gender-bias_age-0.5
Distribution Before Sampling: 
===================================
Binary Labels Distribution: 
Binary Target 0
---------------------------
Target 0: [8237, 738]
Target 1: [4118, 1477]
Binary Target 1
---------------------------
Target 0: [8237, 738]
Target 1: [4118, 1477]
===================================
Normal Label Distribution: 
Target 0: [8237, 738]
Target 1: [4118, 1477]
===================================
Distribution After Sampling: 
===================================
Binary Labels Distribution: 
Binary Target 0
---------------------------
Target 0: [8237, 8237]
Target 1: [8237, 8237]
Binary Target 1
---------------------------
Target 0: [8237, 8237]
Target 1: [8237, 8237]
===================================
Normal Label Distribution: 
Target 0: [8237, 8237]
Target 1: [8237, 8237]
===================================
Use BiasedUTKFace - target_attr: gender
BiasedUTKFace -- total: 32948, target_attr: gender, bias_attr: age bias_rate: 0.5
['[train] target_0-bias_0: 8237', '[train] target_0-bias_1: 8237', '[train] target_1-bias_0: 8237', '[train] target_1-bias_1: 8237']
confusion_matrix - 
 original: tensor([[8237., 8237.],
        [8237., 8237.]]), 
 normalized: tensor([[0.500, 0.500],
        [0.500, 0.500]]), 
 b|y: tensor([[0.500, 0.500],
        [0.500, 0.500]])
get_utk_face - split: train, aug: 1, given_y: True, ratio: 10
use existing biased_utk_face from data/utk_face/pickles/biased_utk_face-target_gender-bias_age-0.5
Distribution Before Sampling: 
===================================
Binary Labels Distribution: 
Binary Target 0
---------------------------
Target 0: [8237, 738]
Target 1: [4118, 1477]
Binary Target 1
---------------------------
Target 0: [8237, 738]
Target 1: [4118, 1477]
===================================
Normal Label Distribution: 
Target 0: [8237, 738]
Target 1: [4118, 1477]
===================================
Distribution After Sampling: 
===================================
Binary Labels Distribution: 
Binary Target 0
---------------------------
Target 0: [8237, 8237]
Target 1: [8237, 8237]
Binary Target 1
---------------------------
Target 0: [8237, 8237]
Target 1: [8237, 8237]
===================================
Normal Label Distribution: 
Target 0: [8237, 8237]
Target 1: [8237, 8237]
===================================
Use BiasedUTKFace - target_attr: gender
BiasedUTKFace -- total: 32948, target_attr: gender, bias_attr: age bias_rate: 0.5
['[train] target_0-bias_0: 8237', '[train] target_0-bias_1: 8237', '[train] target_1-bias_0: 8237', '[train] target_1-bias_1: 8237']
get_utk_face - split: valid, aug: False, given_y: True, ratio: 0
use existing biased_utk_face from data/utk_face/pickles/biased_utk_face-target_gender-bias_age-0.5
Distribution Before Sampling: 
===================================
Binary Labels Distribution: 
Binary Target 0
---------------------------
Target 0: [1030, 195]
Target 1: [841, 202]
Binary Target 1
---------------------------
Target 0: [1030, 195]
Target 1: [841, 202]
===================================
Normal Label Distribution: 
Target 0: [1030, 195]
Target 1: [841, 202]
===================================
Use BiasedUTKFace - target_attr: gender
BiasedUTKFace -- total: 2268, target_attr: gender, bias_attr: age bias_rate: 0.5
['[valid] target_0-bias_0: 1030', '[valid] target_0-bias_1: 195', '[valid] target_1-bias_0: 841', '[valid] target_1-bias_1: 202']
get_utk_face - split: test, aug: False, given_y: True, ratio: 0
use existing biased_utk_face from data/utk_face/pickles/biased_utk_face-target_gender-bias_age-0.5
Distribution Before Sampling: 
===================================
Binary Labels Distribution: 
Binary Target 0
---------------------------
Target 0: [1061, 176]
Target 1: [867, 165]
Binary Target 1
---------------------------
Target 0: [1061, 176]
Target 1: [867, 165]
===================================
Normal Label Distribution: 
Target 0: [1061, 176]
Target 1: [867, 165]
===================================
Use BiasedUTKFace - target_attr: gender
BiasedUTKFace -- total: 2269, target_attr: gender, bias_attr: age bias_rate: 0.5
['[test] target_0-bias_0: 1061', '[test] target_0-bias_1: 176', '[test] target_1-bias_0: 867', '[test] target_1-bias_1: 165']
decay_epochs: [6, 13]
[1 / 20] Learning rate: 0.001 weight: 0.01
[1 / 20] Loss: 4.865092325806835 CE Loss: 0.6145446108674719 Con Loss: 4.8589468802354485
[1 / 20] tensor([[0.795, 0.591],
        [0.800, 0.727]]) {'epoch': 1, 'valid/acc': 77.778, 'valid/acc_unbiased': 73.225, 'valid/diff': 14.245, 'valid/acc_skew': 80.348, 'valid/acc_align': 66.103, 'test/acc': 77.611, 'test/acc_unbiased': 72.829, 'test/diff': 13.841, 'test/acc_skew': 79.75, 'test/acc_align': 65.909}
[1 / 20] best valid accuracy: 73.225 at epoch 1 
 best_stats: {'best_valid_epoch': 1, 'best_valid_valid/acc': 77.778, 'best_valid_valid/acc_unbiased': 73.225, 'best_valid_valid/diff': 14.245, 'best_valid_valid/acc_skew': 80.348, 'best_valid_valid/acc_align': 66.103, 'best_valid_test/acc': 77.611, 'best_valid_test/acc_unbiased': 72.829, 'best_valid_test/diff': 13.841, 'best_valid_test/acc_skew': 79.75, 'best_valid_test/acc_align': 65.909}
[1 / 20] best test accuracy: 72.829 at epoch 1 
 best_stats: {'best_test_epoch': 1, 'best_test_valid/acc': 77.778, 'best_test_valid/acc_unbiased': 73.225, 'best_test_valid/diff': 14.245, 'best_test_valid/acc_skew': 80.348, 'best_test_valid/acc_align': 66.103, 'best_test_test/acc': 77.611, 'best_test_test/acc_unbiased': 72.829, 'best_test_test/diff': 13.841, 'best_test_test/acc_skew': 79.75, 'best_test_test/acc_align': 65.909}
[2 / 20] Learning rate: 0.001 weight: 0.01
[2 / 20] Loss: 4.812800445037949 CE Loss: 0.5281393884223136 Con Loss: 4.80751903129171
[2 / 20] tensor([[0.898, 0.830],
        [0.739, 0.539]]) {'epoch': 2, 'valid/acc': 79.806, 'valid/acc_unbiased': 74.65, 'valid/diff': 13.872, 'valid/acc_skew': 81.585, 'valid/acc_align': 67.714, 'test/acc': 80.608, 'test/acc_unbiased': 75.162, 'test/diff': 13.43, 'test/acc_skew': 81.877, 'test/acc_align': 68.447}
[2 / 20] best valid accuracy: 74.650 at epoch 2 
 best_stats: {'best_valid_epoch': 2, 'best_valid_valid/acc': 79.806, 'best_valid_valid/acc_unbiased': 74.65, 'best_valid_valid/diff': 13.872, 'best_valid_valid/acc_skew': 81.585, 'best_valid_valid/acc_align': 67.714, 'best_valid_test/acc': 80.608, 'best_valid_test/acc_unbiased': 75.162, 'best_valid_test/diff': 13.43, 'best_valid_test/acc_skew': 81.877, 'best_valid_test/acc_align': 68.447}
[2 / 20] best test accuracy: 75.162 at epoch 2 
 best_stats: {'best_test_epoch': 2, 'best_test_valid/acc': 79.806, 'best_test_valid/acc_unbiased': 74.65, 'best_test_valid/diff': 13.872, 'best_test_valid/acc_skew': 81.585, 'best_test_valid/acc_align': 67.714, 'best_test_test/acc': 80.608, 'best_test_test/acc_unbiased': 75.162, 'best_test_test/diff': 13.43, 'best_test_test/acc_skew': 81.877, 'best_test_test/acc_align': 68.447}
[3 / 20] Learning rate: 0.001 weight: 0.01
[3 / 20] Loss: 4.796721117464941 CE Loss: 0.5005041354776688 Con Loss: 4.7917160682196585
[3 / 20] tensor([[0.813, 0.682],
        [0.866, 0.679]]) {'epoch': 3, 'valid/acc': 79.982, 'valid/acc_unbiased': 74.989, 'valid/diff': 16.198, 'valid/acc_skew': 83.088, 'valid/acc_align': 66.89, 'test/acc': 81.357, 'test/acc_unbiased': 76.005, 'test/diff': 15.949, 'test/acc_skew': 83.979, 'test/acc_align': 68.03}
[3 / 20] best valid accuracy: 74.989 at epoch 3 
 best_stats: {'best_valid_epoch': 3, 'best_valid_valid/acc': 79.982, 'best_valid_valid/acc_unbiased': 74.989, 'best_valid_valid/diff': 16.198, 'best_valid_valid/acc_skew': 83.088, 'best_valid_valid/acc_align': 66.89, 'best_valid_test/acc': 81.357, 'best_valid_test/acc_unbiased': 76.005, 'best_valid_test/diff': 15.949, 'best_valid_test/acc_skew': 83.979, 'best_valid_test/acc_align': 68.03}
[3 / 20] best test accuracy: 76.005 at epoch 3 
 best_stats: {'best_test_epoch': 3, 'best_test_valid/acc': 79.982, 'best_test_valid/acc_unbiased': 74.989, 'best_test_valid/diff': 16.198, 'best_test_valid/acc_skew': 83.088, 'best_test_valid/acc_align': 66.89, 'best_test_test/acc': 81.357, 'best_test_test/acc_unbiased': 76.005, 'best_test_test/diff': 15.949, 'best_test_test/acc_skew': 83.979, 'best_test_test/acc_align': 68.03}
[4 / 20] Learning rate: 0.001 weight: 0.01
[4 / 20] Loss: 4.779249977020583 CE Loss: 0.4818882148966593 Con Loss: 4.774431094912573
[4 / 20] tensor([[0.663, 0.489],
        [0.949, 0.818]]) {'epoch': 4, 'valid/acc': 76.631, 'valid/acc_unbiased': 73.453, 'valid/diff': 13.146, 'valid/acc_skew': 80.026, 'valid/acc_align': 66.88, 'test/acc': 76.994, 'test/acc_unbiased': 72.966, 'test/diff': 15.251, 'test/acc_skew': 80.592, 'test/acc_align': 65.341}
[4 / 20] best valid accuracy: 74.989 at epoch 3 
 best_stats: {'best_valid_epoch': 3, 'best_valid_valid/acc': 79.982, 'best_valid_valid/acc_unbiased': 74.989, 'best_valid_valid/diff': 16.198, 'best_valid_valid/acc_skew': 83.088, 'best_valid_valid/acc_align': 66.89, 'best_valid_test/acc': 81.357, 'best_valid_test/acc_unbiased': 76.005, 'best_valid_test/diff': 15.949, 'best_valid_test/acc_skew': 83.979, 'best_valid_test/acc_align': 68.03}
[4 / 20] best test accuracy: 76.005 at epoch 3 
 best_stats: {'best_test_epoch': 3, 'best_test_valid/acc': 79.982, 'best_test_valid/acc_unbiased': 74.989, 'best_test_valid/diff': 16.198, 'best_test_valid/acc_skew': 83.088, 'best_test_valid/acc_align': 66.89, 'best_test_test/acc': 81.357, 'best_test_test/acc_unbiased': 76.005, 'best_test_test/diff': 15.949, 'best_test_test/acc_skew': 83.979, 'best_test_test/acc_align': 68.03}
[5 / 20] Learning rate: 0.001 weight: 0.01
[5 / 20] Loss: 4.765869377046386 CE Loss: 0.46920425522540166 Con Loss: 4.76117731967105
[5 / 20] tensor([[0.821, 0.608],
        [0.860, 0.770]]) {'epoch': 5, 'valid/acc': 80.688, 'valid/acc_unbiased': 75.121, 'valid/diff': 17.594, 'valid/acc_skew': 83.918, 'valid/acc_align': 66.324, 'test/acc': 81.578, 'test/acc_unbiased': 76.475, 'test/diff': 15.186, 'test/acc_skew': 84.068, 'test/acc_align': 68.883}
[5 / 20] best valid accuracy: 75.121 at epoch 5 
 best_stats: {'best_valid_epoch': 5, 'best_valid_valid/acc': 80.688, 'best_valid_valid/acc_unbiased': 75.121, 'best_valid_valid/diff': 17.594, 'best_valid_valid/acc_skew': 83.918, 'best_valid_valid/acc_align': 66.324, 'best_valid_test/acc': 81.578, 'best_valid_test/acc_unbiased': 76.475, 'best_valid_test/diff': 15.186, 'best_valid_test/acc_skew': 84.068, 'best_valid_test/acc_align': 68.883}
[5 / 20] best test accuracy: 76.475 at epoch 5 
 best_stats: {'best_test_epoch': 5, 'best_test_valid/acc': 80.688, 'best_test_valid/acc_unbiased': 75.121, 'best_test_valid/diff': 17.594, 'best_test_valid/acc_skew': 83.918, 'best_test_valid/acc_align': 66.324, 'best_test_test/acc': 81.578, 'best_test_test/acc_unbiased': 76.475, 'best_test_test/diff': 15.186, 'best_test_test/acc_skew': 84.068, 'best_test_test/acc_align': 68.883}
[6 / 20] Learning rate: 0.001 weight: 0.01
[6 / 20] Loss: 4.755398360128844 CE Loss: 0.45050668344851386 Con Loss: 4.75089328370367
[6 / 20] tensor([[0.821, 0.545],
        [0.916, 0.842]]) {'epoch': 6, 'valid/acc': 82.011, 'valid/acc_unbiased': 77.116, 'valid/diff': 16.191, 'valid/acc_skew': 85.211, 'valid/acc_align': 69.02, 'test/acc': 83.737, 'test/acc_unbiased': 78.115, 'test/diff': 17.442, 'test/acc_skew': 86.836, 'test/acc_align': 69.394}
[6 / 20] best valid accuracy: 77.116 at epoch 6 
 best_stats: {'best_valid_epoch': 6, 'best_valid_valid/acc': 82.011, 'best_valid_valid/acc_unbiased': 77.116, 'best_valid_valid/diff': 16.191, 'best_valid_valid/acc_skew': 85.211, 'best_valid_valid/acc_align': 69.02, 'best_valid_test/acc': 83.737, 'best_valid_test/acc_unbiased': 78.115, 'best_valid_test/diff': 17.442, 'best_valid_test/acc_skew': 86.836, 'best_valid_test/acc_align': 69.394}
[6 / 20] best test accuracy: 78.115 at epoch 6 
 best_stats: {'best_test_epoch': 6, 'best_test_valid/acc': 82.011, 'best_test_valid/acc_unbiased': 77.116, 'best_test_valid/diff': 16.191, 'best_test_valid/acc_skew': 85.211, 'best_test_valid/acc_align': 69.02, 'best_test_test/acc': 83.737, 'best_test_test/acc_unbiased': 78.115, 'best_test_test/diff': 17.442, 'best_test_test/acc_skew': 86.836, 'best_test_test/acc_align': 69.394}
[7 / 20] Learning rate: 0.0001 weight: 0.01
[7 / 20] Loss: 4.700310283282059 CE Loss: 0.39534475839701005 Con Loss: 4.69635683954435
[7 / 20] tensor([[0.882, 0.670],
        [0.888, 0.739]]) {'epoch': 7, 'valid/acc': 84.832, 'valid/acc_unbiased': 78.989, 'valid/diff': 17.637, 'valid/acc_skew': 87.807, 'valid/acc_align': 70.17, 'test/acc': 85.765, 'test/acc_unbiased': 79.504, 'test/diff': 18.023, 'test/acc_skew': 88.515, 'test/acc_align': 70.492}
[7 / 20] best valid accuracy: 78.989 at epoch 7 
 best_stats: {'best_valid_epoch': 7, 'best_valid_valid/acc': 84.832, 'best_valid_valid/acc_unbiased': 78.989, 'best_valid_valid/diff': 17.637, 'best_valid_valid/acc_skew': 87.807, 'best_valid_valid/acc_align': 70.17, 'best_valid_test/acc': 85.765, 'best_valid_test/acc_unbiased': 79.504, 'best_valid_test/diff': 18.023, 'best_valid_test/acc_skew': 88.515, 'best_valid_test/acc_align': 70.492}
[7 / 20] best test accuracy: 79.504 at epoch 7 
 best_stats: {'best_test_epoch': 7, 'best_test_valid/acc': 84.832, 'best_test_valid/acc_unbiased': 78.989, 'best_test_valid/diff': 17.637, 'best_test_valid/acc_skew': 87.807, 'best_test_valid/acc_align': 70.17, 'best_test_test/acc': 85.765, 'best_test_test/acc_unbiased': 79.504, 'best_test_test/diff': 18.023, 'best_test_test/acc_skew': 88.515, 'best_test_test/acc_align': 70.492}
[8 / 20] Learning rate: 0.0001 weight: 0.01
[8 / 20] Loss: 4.665935067307302 CE Loss: 0.3731309016150034 Con Loss: 4.662203779958095
[8 / 20] tensor([[0.890, 0.619],
        [0.890, 0.855]]) {'epoch': 8, 'valid/acc': 85.273, 'valid/acc_unbiased': 79.502, 'valid/diff': 17.268, 'valid/acc_skew': 88.136, 'valid/acc_align': 70.868, 'test/acc': 86.646, 'test/acc_unbiased': 81.35, 'test/diff': 15.314, 'test/acc_skew': 89.008, 'test/acc_align': 73.693}
[8 / 20] best valid accuracy: 79.502 at epoch 8 
 best_stats: {'best_valid_epoch': 8, 'best_valid_valid/acc': 85.273, 'best_valid_valid/acc_unbiased': 79.502, 'best_valid_valid/diff': 17.268, 'best_valid_valid/acc_skew': 88.136, 'best_valid_valid/acc_align': 70.868, 'best_valid_test/acc': 86.646, 'best_valid_test/acc_unbiased': 81.35, 'best_valid_test/diff': 15.314, 'best_valid_test/acc_skew': 89.008, 'best_valid_test/acc_align': 73.693}
[8 / 20] best test accuracy: 81.350 at epoch 8 
 best_stats: {'best_test_epoch': 8, 'best_test_valid/acc': 85.273, 'best_test_valid/acc_unbiased': 79.502, 'best_test_valid/diff': 17.268, 'best_test_valid/acc_skew': 88.136, 'best_test_valid/acc_align': 70.868, 'best_test_test/acc': 86.646, 'best_test_test/acc_unbiased': 81.35, 'best_test_test/diff': 15.314, 'best_test_test/acc_skew': 89.008, 'best_test_test/acc_align': 73.693}
[9 / 20] Learning rate: 0.0001 weight: 0.01
[9 / 20] Loss: 4.655012782748584 CE Loss: 0.35724301721244467 Con Loss: 4.65144035094598
[9 / 20] tensor([[0.885, 0.682],
        [0.885, 0.800]]) {'epoch': 9, 'valid/acc': 85.714, 'valid/acc_unbiased': 79.893, 'valid/diff': 17.448, 'valid/acc_skew': 88.617, 'valid/acc_align': 71.169, 'test/acc': 86.294, 'test/acc_unbiased': 81.287, 'test/diff': 14.393, 'test/acc_skew': 88.484, 'test/acc_align': 74.091}
[9 / 20] best valid accuracy: 79.893 at epoch 9 
 best_stats: {'best_valid_epoch': 9, 'best_valid_valid/acc': 85.714, 'best_valid_valid/acc_unbiased': 79.893, 'best_valid_valid/diff': 17.448, 'best_valid_valid/acc_skew': 88.617, 'best_valid_valid/acc_align': 71.169, 'best_valid_test/acc': 86.294, 'best_valid_test/acc_unbiased': 81.287, 'best_valid_test/diff': 14.393, 'best_valid_test/acc_skew': 88.484, 'best_valid_test/acc_align': 74.091}
[9 / 20] best test accuracy: 81.350 at epoch 8 
 best_stats: {'best_test_epoch': 8, 'best_test_valid/acc': 85.273, 'best_test_valid/acc_unbiased': 79.502, 'best_test_valid/diff': 17.268, 'best_test_valid/acc_skew': 88.136, 'best_test_valid/acc_align': 70.868, 'best_test_test/acc': 86.646, 'best_test_test/acc_unbiased': 81.35, 'best_test_test/diff': 15.314, 'best_test_test/acc_skew': 89.008, 'best_test_test/acc_align': 73.693}
[10 / 20] Learning rate: 0.0001 weight: 0.01
[10 / 20] Loss: 4.6435218944528724 CE Loss: 0.3425196239825836 Con Loss: 4.640096710393104
[10 / 20] tensor([[0.884, 0.705],
        [0.897, 0.764]]) {'epoch': 10, 'valid/acc': 85.582, 'valid/acc_unbiased': 80.414, 'valid/diff': 15.466, 'valid/acc_skew': 88.147, 'valid/acc_align': 72.681, 'test/acc': 86.646, 'test/acc_unbiased': 81.24, 'test/diff': 15.662, 'test/acc_skew': 89.071, 'test/acc_align': 73.409}
[10 / 20] best valid accuracy: 80.414 at epoch 10 
 best_stats: {'best_valid_epoch': 10, 'best_valid_valid/acc': 85.582, 'best_valid_valid/acc_unbiased': 80.414, 'best_valid_valid/diff': 15.466, 'best_valid_valid/acc_skew': 88.147, 'best_valid_valid/acc_align': 72.681, 'best_valid_test/acc': 86.646, 'best_valid_test/acc_unbiased': 81.24, 'best_valid_test/diff': 15.662, 'best_valid_test/acc_skew': 89.071, 'best_valid_test/acc_align': 73.409}
[10 / 20] best test accuracy: 81.350 at epoch 8 
 best_stats: {'best_test_epoch': 8, 'best_test_valid/acc': 85.273, 'best_test_valid/acc_unbiased': 79.502, 'best_test_valid/diff': 17.268, 'best_test_valid/acc_skew': 88.136, 'best_test_valid/acc_align': 70.868, 'best_test_test/acc': 86.646, 'best_test_test/acc_unbiased': 81.35, 'best_test_test/diff': 15.314, 'best_test_test/acc_skew': 89.008, 'best_test_test/acc_align': 73.693}
[11 / 20] Learning rate: 0.0001 weight: 0.01
[11 / 20] Loss: 4.62044473248401 CE Loss: 0.3408802172773539 Con Loss: 4.617035939361454
[11 / 20] tensor([[0.887, 0.659],
        [0.900, 0.800]]) {'epoch': 11, 'valid/acc': 85.273, 'valid/acc_unbiased': 79.319, 'valid/diff': 17.873, 'valid/acc_skew': 88.255, 'valid/acc_align': 70.382, 'test/acc': 86.778, 'test/acc_unbiased': 81.141, 'test/diff': 16.373, 'test/acc_skew': 89.328, 'test/acc_align': 72.955}
[11 / 20] best valid accuracy: 80.414 at epoch 10 
 best_stats: {'best_valid_epoch': 10, 'best_valid_valid/acc': 85.582, 'best_valid_valid/acc_unbiased': 80.414, 'best_valid_valid/diff': 15.466, 'best_valid_valid/acc_skew': 88.147, 'best_valid_valid/acc_align': 72.681, 'best_valid_test/acc': 86.646, 'best_valid_test/acc_unbiased': 81.24, 'best_valid_test/diff': 15.662, 'best_valid_test/acc_skew': 89.071, 'best_valid_test/acc_align': 73.409}
[11 / 20] best test accuracy: 81.350 at epoch 8 
 best_stats: {'best_test_epoch': 8, 'best_test_valid/acc': 85.273, 'best_test_valid/acc_unbiased': 79.502, 'best_test_valid/diff': 17.268, 'best_test_valid/acc_skew': 88.136, 'best_test_valid/acc_align': 70.868, 'best_test_test/acc': 86.646, 'best_test_test/acc_unbiased': 81.35, 'best_test_test/diff': 15.314, 'best_test_test/acc_skew': 89.008, 'best_test_test/acc_align': 73.693}
[12 / 20] Learning rate: 0.0001 weight: 0.01
[12 / 20] Loss: 4.615150101196133 CE Loss: 0.327366763318614 Con Loss: 4.611876431057953
[12 / 20] tensor([[0.883, 0.676],
        [0.905, 0.782]]) {'epoch': 12, 'valid/acc': 86.155, 'valid/acc_unbiased': 79.786, 'valid/diff': 19.392, 'valid/acc_skew': 89.482, 'valid/acc_align': 70.09, 'test/acc': 86.822, 'test/acc_unbiased': 81.163, 'test/diff': 16.53, 'test/acc_skew': 89.428, 'test/acc_align': 72.898}
[12 / 20] best valid accuracy: 80.414 at epoch 10 
 best_stats: {'best_valid_epoch': 10, 'best_valid_valid/acc': 85.582, 'best_valid_valid/acc_unbiased': 80.414, 'best_valid_valid/diff': 15.466, 'best_valid_valid/acc_skew': 88.147, 'best_valid_valid/acc_align': 72.681, 'best_valid_test/acc': 86.646, 'best_valid_test/acc_unbiased': 81.24, 'best_valid_test/diff': 15.662, 'best_valid_test/acc_skew': 89.071, 'best_valid_test/acc_align': 73.409}
[12 / 20] best test accuracy: 81.350 at epoch 8 
 best_stats: {'best_test_epoch': 8, 'best_test_valid/acc': 85.273, 'best_test_valid/acc_unbiased': 79.502, 'best_test_valid/diff': 17.268, 'best_test_valid/acc_skew': 88.136, 'best_test_valid/acc_align': 70.868, 'best_test_test/acc': 86.646, 'best_test_test/acc_unbiased': 81.35, 'best_test_test/diff': 15.314, 'best_test_test/acc_skew': 89.008, 'best_test_test/acc_align': 73.693}
[13 / 20] Learning rate: 0.0001 weight: 0.01
[13 / 20] Loss: 4.606231021985305 CE Loss: 0.3229063077829439 Con Loss: 4.603001947149397
[13 / 20] tensor([[0.884, 0.682],
        [0.902, 0.764]]) {'epoch': 13, 'valid/acc': 85.891, 'valid/acc_unbiased': 79.968, 'valid/diff': 18.11, 'valid/acc_skew': 89.023, 'valid/acc_align': 70.913, 'test/acc': 86.646, 'test/acc_unbiased': 80.787, 'test/diff': 17.029, 'test/acc_skew': 89.302, 'test/acc_align': 72.273}
[13 / 20] best valid accuracy: 80.414 at epoch 10 
 best_stats: {'best_valid_epoch': 10, 'best_valid_valid/acc': 85.582, 'best_valid_valid/acc_unbiased': 80.414, 'best_valid_valid/diff': 15.466, 'best_valid_valid/acc_skew': 88.147, 'best_valid_valid/acc_align': 72.681, 'best_valid_test/acc': 86.646, 'best_valid_test/acc_unbiased': 81.24, 'best_valid_test/diff': 15.662, 'best_valid_test/acc_skew': 89.071, 'best_valid_test/acc_align': 73.409}
[13 / 20] best test accuracy: 81.350 at epoch 8 
 best_stats: {'best_test_epoch': 8, 'best_test_valid/acc': 85.273, 'best_test_valid/acc_unbiased': 79.502, 'best_test_valid/diff': 17.268, 'best_test_valid/acc_skew': 88.136, 'best_test_valid/acc_align': 70.868, 'best_test_test/acc': 86.646, 'best_test_test/acc_unbiased': 81.35, 'best_test_test/diff': 15.314, 'best_test_test/acc_skew': 89.008, 'best_test_test/acc_align': 73.693}
[14 / 20] Learning rate: 1e-05 weight: 0.01
[14 / 20] Loss: 4.5955455947214645 CE Loss: 0.31724551003672796 Con Loss: 4.5923731464544835
[14 / 20] tensor([[0.885, 0.665],
        [0.903, 0.776]]) {'epoch': 14, 'valid/acc': 86.023, 'valid/acc_unbiased': 80.414, 'valid/diff': 17.077, 'valid/acc_skew': 88.953, 'valid/acc_align': 71.876, 'test/acc': 86.69, 'test/acc_unbiased': 80.716, 'test/diff': 17.38, 'test/acc_skew': 89.406, 'test/acc_align': 72.027}
[14 / 20] best valid accuracy: 80.414 at epoch 14 
 best_stats: {'best_valid_epoch': 14, 'best_valid_valid/acc': 86.023, 'best_valid_valid/acc_unbiased': 80.414, 'best_valid_valid/diff': 17.077, 'best_valid_valid/acc_skew': 88.953, 'best_valid_valid/acc_align': 71.876, 'best_valid_test/acc': 86.69, 'best_valid_test/acc_unbiased': 80.716, 'best_valid_test/diff': 17.38, 'best_valid_test/acc_skew': 89.406, 'best_valid_test/acc_align': 72.027}
[14 / 20] best test accuracy: 81.350 at epoch 8 
 best_stats: {'best_test_epoch': 8, 'best_test_valid/acc': 85.273, 'best_test_valid/acc_unbiased': 79.502, 'best_test_valid/diff': 17.268, 'best_test_valid/acc_skew': 88.136, 'best_test_valid/acc_align': 70.868, 'best_test_test/acc': 86.646, 'best_test_test/acc_unbiased': 81.35, 'best_test_test/diff': 15.314, 'best_test_test/acc_skew': 89.008, 'best_test_test/acc_align': 73.693}
[15 / 20] Learning rate: 1e-05 weight: 0.01
[15 / 20] Loss: 4.5945203595765225 CE Loss: 0.3131839415033393 Con Loss: 4.591388515466854
[15 / 20] tensor([[0.899, 0.693],
        [0.899, 0.794]]) {'epoch': 15, 'valid/acc': 86.067, 'valid/acc_unbiased': 80.123, 'valid/diff': 17.961, 'valid/acc_skew': 89.103, 'valid/acc_align': 71.142, 'test/acc': 87.528, 'test/acc_unbiased': 82.119, 'test/diff': 15.527, 'test/acc_skew': 89.883, 'test/acc_align': 74.356}
[15 / 20] best valid accuracy: 80.414 at epoch 14 
 best_stats: {'best_valid_epoch': 14, 'best_valid_valid/acc': 86.023, 'best_valid_valid/acc_unbiased': 80.414, 'best_valid_valid/diff': 17.077, 'best_valid_valid/acc_skew': 88.953, 'best_valid_valid/acc_align': 71.876, 'best_valid_test/acc': 86.69, 'best_valid_test/acc_unbiased': 80.716, 'best_valid_test/diff': 17.38, 'best_valid_test/acc_skew': 89.406, 'best_valid_test/acc_align': 72.027}
[15 / 20] best test accuracy: 82.119 at epoch 15 
 best_stats: {'best_test_epoch': 15, 'best_test_valid/acc': 86.067, 'best_test_valid/acc_unbiased': 80.123, 'best_test_valid/diff': 17.961, 'best_test_valid/acc_skew': 89.103, 'best_test_valid/acc_align': 71.142, 'best_test_test/acc': 87.528, 'best_test_test/acc_unbiased': 82.119, 'best_test_test/diff': 15.527, 'best_test_test/acc_skew': 89.883, 'best_test_test/acc_align': 74.356}
[16 / 20] Learning rate: 1e-05 weight: 0.01
[16 / 20] Loss: 4.5875733901650575 CE Loss: 0.30877112319808975 Con Loss: 4.584485675751099
[16 / 20] tensor([[0.907, 0.699],
        [0.900, 0.794]]) {'epoch': 16, 'valid/acc': 86.243, 'valid/acc_unbiased': 80.714, 'valid/diff': 16.615, 'valid/acc_skew': 89.022, 'valid/acc_align': 72.407, 'test/acc': 87.968, 'test/acc_unbiased': 82.479, 'test/diff': 15.677, 'test/acc_skew': 90.317, 'test/acc_align': 74.64}
[16 / 20] best valid accuracy: 80.714 at epoch 16 
 best_stats: {'best_valid_epoch': 16, 'best_valid_valid/acc': 86.243, 'best_valid_valid/acc_unbiased': 80.714, 'best_valid_valid/diff': 16.615, 'best_valid_valid/acc_skew': 89.022, 'best_valid_valid/acc_align': 72.407, 'best_valid_test/acc': 87.968, 'best_valid_test/acc_unbiased': 82.479, 'best_valid_test/diff': 15.677, 'best_valid_test/acc_skew': 90.317, 'best_valid_test/acc_align': 74.64}
[16 / 20] best test accuracy: 82.479 at epoch 16 
 best_stats: {'best_test_epoch': 16, 'best_test_valid/acc': 86.243, 'best_test_valid/acc_unbiased': 80.714, 'best_test_valid/diff': 16.615, 'best_test_valid/acc_skew': 89.022, 'best_test_valid/acc_align': 72.407, 'best_test_test/acc': 87.968, 'best_test_test/acc_unbiased': 82.479, 'best_test_test/diff': 15.677, 'best_test_test/acc_skew': 90.317, 'best_test_test/acc_align': 74.64}
[17 / 20] Learning rate: 1e-05 weight: 0.01
[17 / 20] Loss: 4.578771269030546 CE Loss: 0.30728155920137057 Con Loss: 4.5756984646204275
[17 / 20] tensor([[0.902, 0.693],
        [0.900, 0.788]]) {'epoch': 17, 'valid/acc': 86.023, 'valid/acc_unbiased': 79.776, 'valid/diff': 18.805, 'valid/acc_skew': 89.179, 'valid/acc_align': 70.373, 'test/acc': 87.66, 'test/acc_unbiased': 82.067, 'test/diff': 16.029, 'test/acc_skew': 90.082, 'test/acc_align': 74.053}
[17 / 20] best valid accuracy: 80.714 at epoch 16 
 best_stats: {'best_valid_epoch': 16, 'best_valid_valid/acc': 86.243, 'best_valid_valid/acc_unbiased': 80.714, 'best_valid_valid/diff': 16.615, 'best_valid_valid/acc_skew': 89.022, 'best_valid_valid/acc_align': 72.407, 'best_valid_test/acc': 87.968, 'best_valid_test/acc_unbiased': 82.479, 'best_valid_test/diff': 15.677, 'best_valid_test/acc_skew': 90.317, 'best_valid_test/acc_align': 74.64}
[17 / 20] best test accuracy: 82.479 at epoch 16 
 best_stats: {'best_test_epoch': 16, 'best_test_valid/acc': 86.243, 'best_test_valid/acc_unbiased': 80.714, 'best_test_valid/diff': 16.615, 'best_test_valid/acc_skew': 89.022, 'best_test_valid/acc_align': 72.407, 'best_test_test/acc': 87.968, 'best_test_test/acc_unbiased': 82.479, 'best_test_test/diff': 15.677, 'best_test_test/acc_skew': 90.317, 'best_test_test/acc_align': 74.64}
[18 / 20] Learning rate: 1e-05 weight: 0.01
[18 / 20] Loss: 4.584703416142401 CE Loss: 0.305067966458895 Con Loss: 4.5816527440505395
[18 / 20] tensor([[0.909, 0.699],
        [0.900, 0.782]]) {'epoch': 18, 'valid/acc': 86.376, 'valid/acc_unbiased': 80.386, 'valid/diff': 17.974, 'valid/acc_skew': 89.373, 'valid/acc_align': 71.399, 'test/acc': 87.968, 'test/acc_unbiased': 82.223, 'test/diff': 16.377, 'test/acc_skew': 90.412, 'test/acc_align': 74.034}
[18 / 20] best valid accuracy: 80.714 at epoch 16 
 best_stats: {'best_valid_epoch': 16, 'best_valid_valid/acc': 86.243, 'best_valid_valid/acc_unbiased': 80.714, 'best_valid_valid/diff': 16.615, 'best_valid_valid/acc_skew': 89.022, 'best_valid_valid/acc_align': 72.407, 'best_valid_test/acc': 87.968, 'best_valid_test/acc_unbiased': 82.479, 'best_valid_test/diff': 15.677, 'best_valid_test/acc_skew': 90.317, 'best_valid_test/acc_align': 74.64}
[18 / 20] best test accuracy: 82.479 at epoch 16 
 best_stats: {'best_test_epoch': 16, 'best_test_valid/acc': 86.243, 'best_test_valid/acc_unbiased': 80.714, 'best_test_valid/diff': 16.615, 'best_test_valid/acc_skew': 89.022, 'best_test_valid/acc_align': 72.407, 'best_test_test/acc': 87.968, 'best_test_test/acc_unbiased': 82.479, 'best_test_test/diff': 15.677, 'best_test_test/acc_skew': 90.317, 'best_test_test/acc_align': 74.64}
[19 / 20] Learning rate: 1e-05 weight: 0.01
[19 / 20] Loss: 4.573167164811698 CE Loss: 0.30521280502569653 Con Loss: 4.570115028806026
[19 / 20] tensor([[0.902, 0.699],
        [0.907, 0.806]]) {'epoch': 19, 'valid/acc': 86.155, 'valid/acc_unbiased': 80.283, 'valid/diff': 17.803, 'valid/acc_skew': 89.185, 'valid/acc_align': 71.381, 'test/acc': 88.1, 'test/acc_unbiased': 82.837, 'test/diff': 15.181, 'test/acc_skew': 90.428, 'test/acc_align': 75.246}
[19 / 20] best valid accuracy: 80.714 at epoch 16 
 best_stats: {'best_valid_epoch': 16, 'best_valid_valid/acc': 86.243, 'best_valid_valid/acc_unbiased': 80.714, 'best_valid_valid/diff': 16.615, 'best_valid_valid/acc_skew': 89.022, 'best_valid_valid/acc_align': 72.407, 'best_valid_test/acc': 87.968, 'best_valid_test/acc_unbiased': 82.479, 'best_valid_test/diff': 15.677, 'best_valid_test/acc_skew': 90.317, 'best_valid_test/acc_align': 74.64}
[19 / 20] best test accuracy: 82.837 at epoch 19 
 best_stats: {'best_test_epoch': 19, 'best_test_valid/acc': 86.155, 'best_test_valid/acc_unbiased': 80.283, 'best_test_valid/diff': 17.803, 'best_test_valid/acc_skew': 89.185, 'best_test_valid/acc_align': 71.381, 'best_test_test/acc': 88.1, 'best_test_test/acc_unbiased': 82.837, 'best_test_test/diff': 15.181, 'best_test_test/acc_skew': 90.428, 'best_test_test/acc_align': 75.246}
[20 / 20] Learning rate: 1e-05 weight: 0.01
[20 / 20] Loss: 4.5829079277063585 CE Loss: 0.3023973408074754 Con Loss: 4.579883963763316
[20 / 20] tensor([[0.909, 0.710],
        [0.899, 0.788]]) {'epoch': 20, 'valid/acc': 86.42, 'valid/acc_unbiased': 80.4, 'valid/diff': 18.02, 'valid/acc_skew': 89.41, 'valid/acc_align': 71.39, 'test/acc': 88.056, 'test/acc_unbiased': 82.63, 'test/diff': 15.449, 'test/acc_skew': 90.354, 'test/acc_align': 74.905}
[20 / 20] best valid accuracy: 80.714 at epoch 16 
 best_stats: {'best_valid_epoch': 16, 'best_valid_valid/acc': 86.243, 'best_valid_valid/acc_unbiased': 80.714, 'best_valid_valid/diff': 16.615, 'best_valid_valid/acc_skew': 89.022, 'best_valid_valid/acc_align': 72.407, 'best_valid_test/acc': 87.968, 'best_valid_test/acc_unbiased': 82.479, 'best_valid_test/diff': 15.677, 'best_valid_test/acc_skew': 90.317, 'best_valid_test/acc_align': 74.64}
[20 / 20] best test accuracy: 82.837 at epoch 19 
 best_stats: {'best_test_epoch': 19, 'best_test_valid/acc': 86.155, 'best_test_valid/acc_unbiased': 80.283, 'best_test_valid/diff': 17.803, 'best_test_valid/acc_skew': 89.185, 'best_test_valid/acc_align': 71.381, 'best_test_test/acc': 88.1, 'best_test_test/acc_unbiased': 82.837, 'best_test_test/diff': 15.181, 'best_test_test/acc_skew': 90.428, 'best_test_test/acc_align': 75.246}
Total training time: 1:31:15
