Log level set to: INFO
Set seed: 1
=======> Using Fixed Random Seed: 1 <========
save_path: exp_results/bc-bb0-utk_face_age-crop_blur-0.9-lr0.001-bs128-cbs64-w0.01-ratio10-aug1-seed1
get_utk_face - split: train, aug: False, given_y: True, ratio: 0
use existing biased_utk_face from data/utk_face/pickles/biased_utk_face-target_gender-bias_age-0.9
Distribution Before Sampling: 
===================================
Binary Labels Distribution: 
Binary Target 0
---------------------------
Target 0: [8237, 147]
Target 1: [823, 1477]
Binary Target 1
---------------------------
Target 0: [8237, 147]
Target 1: [823, 1477]
===================================
Normal Label Distribution: 
Target 0: [8237, 147]
Target 1: [823, 1477]
===================================
Distribution After Sampling: 
===================================
Binary Labels Distribution: 
Binary Target 0
---------------------------
Target 0: [8237, 147]
Target 1: [823, 1477]
Binary Target 1
---------------------------
Target 0: [8237, 147]
Target 1: [823, 1477]
===================================
Normal Label Distribution: 
Target 0: [8237, 147]
Target 1: [823, 1477]
===================================
Use BiasedUTKFace - target_attr: gender
BiasedUTKFace -- total: 10684, target_attr: gender, bias_attr: age bias_rate: 0.9
['[train] target_0-bias_0: 8237', '[train] target_0-bias_1: 147', '[train] target_1-bias_0: 823', '[train] target_1-bias_1: 1477']
confusion_matrix - 
 original: tensor([[8237.,  823.],
        [ 147., 1477.]]), 
 normalized: tensor([[0.909, 0.091],
        [0.091, 0.909]]), 
 b|y: tensor([[0.982, 0.018],
        [0.358, 0.642]])
get_utk_face - split: train, aug: 1, given_y: True, ratio: 10
use existing biased_utk_face from data/utk_face/pickles/biased_utk_face-target_gender-bias_age-0.9
Distribution Before Sampling: 
===================================
Binary Labels Distribution: 
Binary Target 0
---------------------------
Target 0: [8237, 147]
Target 1: [823, 1477]
Binary Target 1
---------------------------
Target 0: [8237, 147]
Target 1: [823, 1477]
===================================
Normal Label Distribution: 
Target 0: [8237, 147]
Target 1: [823, 1477]
===================================
Distribution After Sampling: 
===================================
Binary Labels Distribution: 
Binary Target 0
---------------------------
Target 0: [8237, 147]
Target 1: [823, 1477]
Binary Target 1
---------------------------
Target 0: [8237, 147]
Target 1: [823, 1477]
===================================
Normal Label Distribution: 
Target 0: [8237, 147]
Target 1: [823, 1477]
===================================
Use BiasedUTKFace - target_attr: gender
BiasedUTKFace -- total: 10684, target_attr: gender, bias_attr: age bias_rate: 0.9
['[train] target_0-bias_0: 8237', '[train] target_0-bias_1: 147', '[train] target_1-bias_0: 823', '[train] target_1-bias_1: 1477']
get_utk_face - split: valid, aug: False, given_y: True, ratio: 0
use existing biased_utk_face from data/utk_face/pickles/biased_utk_face-target_gender-bias_age-0.9
Distribution Before Sampling: 
===================================
Binary Labels Distribution: 
Binary Target 0
---------------------------
Target 0: [1030, 195]
Target 1: [841, 202]
Binary Target 1
---------------------------
Target 0: [1030, 195]
Target 1: [841, 202]
===================================
Normal Label Distribution: 
Target 0: [1030, 195]
Target 1: [841, 202]
===================================
Use BiasedUTKFace - target_attr: gender
BiasedUTKFace -- total: 2268, target_attr: gender, bias_attr: age bias_rate: 0.9
['[valid] target_0-bias_0: 1030', '[valid] target_0-bias_1: 195', '[valid] target_1-bias_0: 841', '[valid] target_1-bias_1: 202']
get_utk_face - split: test, aug: False, given_y: True, ratio: 0
use existing biased_utk_face from data/utk_face/pickles/biased_utk_face-target_gender-bias_age-0.9
Distribution Before Sampling: 
===================================
Binary Labels Distribution: 
Binary Target 0
---------------------------
Target 0: [1061, 176]
Target 1: [867, 165]
Binary Target 1
---------------------------
Target 0: [1061, 176]
Target 1: [867, 165]
===================================
Normal Label Distribution: 
Target 0: [1061, 176]
Target 1: [867, 165]
===================================
Use BiasedUTKFace - target_attr: gender
BiasedUTKFace -- total: 2269, target_attr: gender, bias_attr: age bias_rate: 0.9
['[test] target_0-bias_0: 1061', '[test] target_0-bias_1: 176', '[test] target_1-bias_0: 867', '[test] target_1-bias_1: 165']
decay_epochs: [6, 13]
[1 / 20] Learning rate: 0.001 weight: 0.01
[1 / 20] Loss: 4.789616238084548 CE Loss: 0.5641168940161017 Con Loss: 4.783975055627455
[1 / 20] tensor([[0.993, 0.983],
        [0.091, 0.042]]) {'epoch': 1, 'valid/acc': 57.187, 'valid/acc_unbiased': 52.336, 'valid/diff': 3.717, 'valid/acc_skew': 53.827, 'valid/acc_align': 50.844, 'test/acc': 57.867, 'test/acc_unbiased': 52.747, 'test/diff': 2.957, 'test/acc_skew': 53.704, 'test/acc_align': 51.791}
[1 / 20] best valid accuracy: 52.336 at epoch 1 
 best_stats: {'best_valid_epoch': 1, 'best_valid_valid/acc': 57.187, 'best_valid_valid/acc_unbiased': 52.336, 'best_valid_valid/diff': 3.717, 'best_valid_valid/acc_skew': 53.827, 'best_valid_valid/acc_align': 50.844, 'best_valid_test/acc': 57.867, 'best_valid_test/acc_unbiased': 52.747, 'best_valid_test/diff': 2.957, 'best_valid_test/acc_skew': 53.704, 'best_valid_test/acc_align': 51.791}
[1 / 20] best test accuracy: 52.747 at epoch 1 
 best_stats: {'best_test_epoch': 1, 'best_test_valid/acc': 57.187, 'best_test_valid/acc_unbiased': 52.336, 'best_test_valid/diff': 3.717, 'best_test_valid/acc_skew': 53.827, 'best_test_valid/acc_align': 50.844, 'best_test_test/acc': 57.867, 'best_test_test/acc_unbiased': 52.747, 'best_test_test/diff': 2.957, 'best_test_test/acc_skew': 53.704, 'best_test_test/acc_align': 51.791}
[2 / 20] Learning rate: 0.001 weight: 0.01
[2 / 20] Loss: 4.585526582231597 CE Loss: 0.5004144300686113 Con Loss: 4.580522446719862
[2 / 20] tensor([[0.968, 0.960],
        [0.373, 0.182]]) {'epoch': 2, 'valid/acc': 66.667, 'valid/acc_unbiased': 62.471, 'valid/diff': 5.3, 'valid/acc_skew': 64.755, 'valid/acc_align': 60.187, 'test/acc': 68.268, 'test/acc_unbiased': 62.064, 'test/diff': 9.923, 'test/acc_skew': 66.639, 'test/acc_align': 57.489}
[2 / 20] best valid accuracy: 62.471 at epoch 2 
 best_stats: {'best_valid_epoch': 2, 'best_valid_valid/acc': 66.667, 'best_valid_valid/acc_unbiased': 62.471, 'best_valid_valid/diff': 5.3, 'best_valid_valid/acc_skew': 64.755, 'best_valid_valid/acc_align': 60.187, 'best_valid_test/acc': 68.268, 'best_valid_test/acc_unbiased': 62.064, 'best_valid_test/diff': 9.923, 'best_valid_test/acc_skew': 66.639, 'best_valid_test/acc_align': 57.489}
[2 / 20] best test accuracy: 62.064 at epoch 2 
 best_stats: {'best_test_epoch': 2, 'best_test_valid/acc': 66.667, 'best_test_valid/acc_unbiased': 62.471, 'best_test_valid/diff': 5.3, 'best_test_valid/acc_skew': 64.755, 'best_test_valid/acc_align': 60.187, 'best_test_test/acc': 68.268, 'best_test_test/acc_unbiased': 62.064, 'best_test_test/diff': 9.923, 'best_test_test/acc_skew': 66.639, 'best_test_test/acc_align': 57.489}
[3 / 20] Learning rate: 0.001 weight: 0.01
[3 / 20] Loss: 4.467983203896509 CE Loss: 0.4836280940958999 Con Loss: 4.463146937379941
[3 / 20] tensor([[0.975, 0.869],
        [0.423, 0.333]]) {'epoch': 3, 'valid/acc': 69.489, 'valid/acc_unbiased': 64.529, 'valid/diff': 8.198, 'valid/acc_skew': 63.882, 'valid/acc_align': 65.176, 'test/acc': 70.912, 'test/acc_unbiased': 65.013, 'test/diff': 9.76, 'test/acc_skew': 64.631, 'test/acc_align': 65.394}
[3 / 20] best valid accuracy: 64.529 at epoch 3 
 best_stats: {'best_valid_epoch': 3, 'best_valid_valid/acc': 69.489, 'best_valid_valid/acc_unbiased': 64.529, 'best_valid_valid/diff': 8.198, 'best_valid_valid/acc_skew': 63.882, 'best_valid_valid/acc_align': 65.176, 'best_valid_test/acc': 70.912, 'best_valid_test/acc_unbiased': 65.013, 'best_valid_test/diff': 9.76, 'best_valid_test/acc_skew': 64.631, 'best_valid_test/acc_align': 65.394}
[3 / 20] best test accuracy: 65.013 at epoch 3 
 best_stats: {'best_test_epoch': 3, 'best_test_valid/acc': 69.489, 'best_test_valid/acc_unbiased': 64.529, 'best_test_valid/diff': 8.198, 'best_test_valid/acc_skew': 63.882, 'best_test_valid/acc_align': 65.176, 'best_test_test/acc': 70.912, 'best_test_test/acc_unbiased': 65.013, 'best_test_test/diff': 9.76, 'best_test_test/acc_skew': 64.631, 'best_test_test/acc_align': 65.394}
[4 / 20] Learning rate: 0.001 weight: 0.01
[4 / 20] Loss: 4.499588417587366 CE Loss: 0.4830783025149949 Con Loss: 4.494757634787379
[4 / 20] tensor([[0.996, 0.989],
        [0.183, 0.079]]) {'epoch': 4, 'valid/acc': 60.891, 'valid/acc_unbiased': 56.802, 'valid/diff': 2.254, 'valid/acc_skew': 57.513, 'valid/acc_align': 56.091, 'test/acc': 61.833, 'test/acc_unbiased': 56.176, 'test/diff': 5.61, 'test/acc_skew': 58.601, 'test/acc_align': 53.751}
[4 / 20] best valid accuracy: 64.529 at epoch 3 
 best_stats: {'best_valid_epoch': 3, 'best_valid_valid/acc': 69.489, 'best_valid_valid/acc_unbiased': 64.529, 'best_valid_valid/diff': 8.198, 'best_valid_valid/acc_skew': 63.882, 'best_valid_valid/acc_align': 65.176, 'best_valid_test/acc': 70.912, 'best_valid_test/acc_unbiased': 65.013, 'best_valid_test/diff': 9.76, 'best_valid_test/acc_skew': 64.631, 'best_valid_test/acc_align': 65.394}
[4 / 20] best test accuracy: 65.013 at epoch 3 
 best_stats: {'best_test_epoch': 3, 'best_test_valid/acc': 69.489, 'best_test_valid/acc_unbiased': 64.529, 'best_test_valid/diff': 8.198, 'best_test_valid/acc_skew': 63.882, 'best_test_valid/acc_align': 65.176, 'best_test_test/acc': 70.912, 'best_test_test/acc_unbiased': 65.013, 'best_test_test/diff': 9.76, 'best_test_test/acc_skew': 64.631, 'best_test_test/acc_align': 65.394}
[5 / 20] Learning rate: 0.001 weight: 0.01
[5 / 20] Loss: 4.452055624922935 CE Loss: 0.45836672678907814 Con Loss: 4.447471964095961
[5 / 20] tensor([[0.981, 0.972],
        [0.383, 0.188]]) {'epoch': 5, 'valid/acc': 67.24, 'valid/acc_unbiased': 62.562, 'valid/diff': 6.509, 'valid/acc_skew': 64.064, 'valid/acc_align': 61.061, 'test/acc': 69.414, 'test/acc_unbiased': 63.089, 'test/diff': 10.23, 'test/acc_skew': 67.726, 'test/acc_align': 58.451}
[5 / 20] best valid accuracy: 64.529 at epoch 3 
 best_stats: {'best_valid_epoch': 3, 'best_valid_valid/acc': 69.489, 'best_valid_valid/acc_unbiased': 64.529, 'best_valid_valid/diff': 8.198, 'best_valid_valid/acc_skew': 63.882, 'best_valid_valid/acc_align': 65.176, 'best_valid_test/acc': 70.912, 'best_valid_test/acc_unbiased': 65.013, 'best_valid_test/diff': 9.76, 'best_valid_test/acc_skew': 64.631, 'best_valid_test/acc_align': 65.394}
[5 / 20] best test accuracy: 65.013 at epoch 3 
 best_stats: {'best_test_epoch': 3, 'best_test_valid/acc': 69.489, 'best_test_valid/acc_unbiased': 64.529, 'best_test_valid/diff': 8.198, 'best_test_valid/acc_skew': 63.882, 'best_test_valid/acc_align': 65.176, 'best_test_test/acc': 70.912, 'best_test_test/acc_unbiased': 65.013, 'best_test_test/diff': 9.76, 'best_test_test/acc_skew': 64.631, 'best_test_test/acc_align': 65.394}
[6 / 20] Learning rate: 0.001 weight: 0.01
[6 / 20] Loss: 4.411488513382398 CE Loss: 0.46251815561942955 Con Loss: 4.406863337552132
[6 / 20] tensor([[0.901, 0.903],
        [0.644, 0.303]]) {'epoch': 6, 'valid/acc': 75.838, 'valid/acc_unbiased': 70.185, 'valid/diff': 14.118, 'valid/acc_skew': 74.884, 'valid/acc_align': 65.486, 'test/acc': 75.937, 'test/acc_unbiased': 68.777, 'test/diff': 17.147, 'test/acc_skew': 77.35, 'test/acc_align': 60.203}
[6 / 20] best valid accuracy: 70.185 at epoch 6 
 best_stats: {'best_valid_epoch': 6, 'best_valid_valid/acc': 75.838, 'best_valid_valid/acc_unbiased': 70.185, 'best_valid_valid/diff': 14.118, 'best_valid_valid/acc_skew': 74.884, 'best_valid_valid/acc_align': 65.486, 'best_valid_test/acc': 75.937, 'best_valid_test/acc_unbiased': 68.777, 'best_valid_test/diff': 17.147, 'best_valid_test/acc_skew': 77.35, 'best_valid_test/acc_align': 60.203}
[6 / 20] best test accuracy: 68.777 at epoch 6 
 best_stats: {'best_test_epoch': 6, 'best_test_valid/acc': 75.838, 'best_test_valid/acc_unbiased': 70.185, 'best_test_valid/diff': 14.118, 'best_test_valid/acc_skew': 74.884, 'best_test_valid/acc_align': 65.486, 'best_test_test/acc': 75.937, 'best_test_test/acc_unbiased': 68.777, 'best_test_test/diff': 17.147, 'best_test_test/acc_skew': 77.35, 'best_test_test/acc_align': 60.203}
[7 / 20] Learning rate: 0.0001 weight: 0.01
[7 / 20] Loss: 4.426565136547081 CE Loss: 0.4641889698806214 Con Loss: 4.4219232524927525
[7 / 20] tensor([[0.937, 0.812],
        [0.647, 0.485]]) {'epoch': 7, 'valid/acc': 77.513, 'valid/acc_unbiased': 71.865, 'valid/diff': 13.27, 'valid/acc_skew': 70.462, 'valid/acc_align': 73.267, 'test/acc': 78.361, 'test/acc_unbiased': 72.031, 'test/diff': 14.328, 'test/acc_skew': 72.978, 'test/acc_align': 71.085}
[7 / 20] best valid accuracy: 71.865 at epoch 7 
 best_stats: {'best_valid_epoch': 7, 'best_valid_valid/acc': 77.513, 'best_valid_valid/acc_unbiased': 71.865, 'best_valid_valid/diff': 13.27, 'best_valid_valid/acc_skew': 70.462, 'best_valid_valid/acc_align': 73.267, 'best_valid_test/acc': 78.361, 'best_valid_test/acc_unbiased': 72.031, 'best_valid_test/diff': 14.328, 'best_valid_test/acc_skew': 72.978, 'best_valid_test/acc_align': 71.085}
[7 / 20] best test accuracy: 72.031 at epoch 7 
 best_stats: {'best_test_epoch': 7, 'best_test_valid/acc': 77.513, 'best_test_valid/acc_unbiased': 71.865, 'best_test_valid/diff': 13.27, 'best_test_valid/acc_skew': 70.462, 'best_test_valid/acc_align': 73.267, 'best_test_test/acc': 78.361, 'best_test_test/acc_unbiased': 72.031, 'best_test_test/diff': 14.328, 'best_test_test/acc_skew': 72.978, 'best_test_test/acc_align': 71.085}
[8 / 20] Learning rate: 0.0001 weight: 0.01
[8 / 20] Loss: 4.337043205212672 CE Loss: 0.43295710328275994 Con Loss: 4.332713622361344
[8 / 20] tensor([[0.957, 0.705],
        [0.636, 0.539]]) {'epoch': 8, 'valid/acc': 77.513, 'valid/acc_unbiased': 71.65, 'valid/diff': 13.513, 'valid/acc_skew': 67.125, 'valid/acc_align': 76.174, 'test/acc': 78.405, 'test/acc_unbiased': 70.903, 'test/diff': 17.412, 'test/acc_skew': 67.004, 'test/acc_align': 74.802}
[8 / 20] best valid accuracy: 71.865 at epoch 7 
 best_stats: {'best_valid_epoch': 7, 'best_valid_valid/acc': 77.513, 'best_valid_valid/acc_unbiased': 71.865, 'best_valid_valid/diff': 13.27, 'best_valid_valid/acc_skew': 70.462, 'best_valid_valid/acc_align': 73.267, 'best_valid_test/acc': 78.361, 'best_valid_test/acc_unbiased': 72.031, 'best_valid_test/diff': 14.328, 'best_valid_test/acc_skew': 72.978, 'best_valid_test/acc_align': 71.085}
[8 / 20] best test accuracy: 72.031 at epoch 7 
 best_stats: {'best_test_epoch': 7, 'best_test_valid/acc': 77.513, 'best_test_valid/acc_unbiased': 71.865, 'best_test_valid/diff': 13.27, 'best_test_valid/acc_skew': 70.462, 'best_test_valid/acc_align': 73.267, 'best_test_test/acc': 78.361, 'best_test_test/acc_unbiased': 72.031, 'best_test_test/diff': 14.328, 'best_test_test/acc_skew': 72.978, 'best_test_test/acc_align': 71.085}
[9 / 20] Learning rate: 0.0001 weight: 0.01
[9 / 20] Loss: 4.321523285769024 CE Loss: 0.41222223854832596 Con Loss: 4.317401055850504
[9 / 20] tensor([[0.961, 0.710],
        [0.619, 0.606]]) {'epoch': 9, 'valid/acc': 77.381, 'valid/acc_unbiased': 72.001, 'valid/diff': 12.598, 'valid/acc_skew': 65.702, 'valid/acc_align': 78.3, 'test/acc': 78.537, 'test/acc_unbiased': 72.426, 'test/diff': 13.222, 'test/acc_skew': 66.48, 'test/acc_align': 78.371}
[9 / 20] best valid accuracy: 72.001 at epoch 9 
 best_stats: {'best_valid_epoch': 9, 'best_valid_valid/acc': 77.381, 'best_valid_valid/acc_unbiased': 72.001, 'best_valid_valid/diff': 12.598, 'best_valid_valid/acc_skew': 65.702, 'best_valid_valid/acc_align': 78.3, 'best_valid_test/acc': 78.537, 'best_valid_test/acc_unbiased': 72.426, 'best_valid_test/diff': 13.222, 'best_valid_test/acc_skew': 66.48, 'best_valid_test/acc_align': 78.371}
[9 / 20] best test accuracy: 72.426 at epoch 9 
 best_stats: {'best_test_epoch': 9, 'best_test_valid/acc': 77.381, 'best_test_valid/acc_unbiased': 72.001, 'best_test_valid/diff': 12.598, 'best_test_valid/acc_skew': 65.702, 'best_test_valid/acc_align': 78.3, 'best_test_test/acc': 78.537, 'best_test_test/acc_unbiased': 72.426, 'best_test_test/diff': 13.222, 'best_test_test/acc_skew': 66.48, 'best_test_test/acc_align': 78.371}
[10 / 20] Learning rate: 0.0001 weight: 0.01
[10 / 20] Loss: 4.240381345102645 CE Loss: 0.4092443342268668 Con Loss: 4.236288890460153
[10 / 20] tensor([[0.952, 0.665],
        [0.691, 0.606]]) {'epoch': 10, 'valid/acc': 78.968, 'valid/acc_unbiased': 73.666, 'valid/diff': 12.947, 'valid/acc_skew': 67.192, 'valid/acc_align': 80.139, 'test/acc': 80.476, 'test/acc_unbiased': 72.841, 'test/diff': 18.599, 'test/acc_skew': 67.783, 'test/acc_align': 77.9}
[10 / 20] best valid accuracy: 73.666 at epoch 10 
 best_stats: {'best_valid_epoch': 10, 'best_valid_valid/acc': 78.968, 'best_valid_valid/acc_unbiased': 73.666, 'best_valid_valid/diff': 12.947, 'best_valid_valid/acc_skew': 67.192, 'best_valid_valid/acc_align': 80.139, 'best_valid_test/acc': 80.476, 'best_valid_test/acc_unbiased': 72.841, 'best_valid_test/diff': 18.599, 'best_valid_test/acc_skew': 67.783, 'best_valid_test/acc_align': 77.9}
[10 / 20] best test accuracy: 72.841 at epoch 10 
 best_stats: {'best_test_epoch': 10, 'best_test_valid/acc': 78.968, 'best_test_valid/acc_unbiased': 73.666, 'best_test_valid/diff': 12.947, 'best_test_valid/acc_skew': 67.192, 'best_test_valid/acc_align': 80.139, 'best_test_test/acc': 80.476, 'best_test_test/acc_unbiased': 72.841, 'best_test_test/diff': 18.599, 'best_test_test/acc_skew': 67.783, 'best_test_test/acc_align': 77.9}
[11 / 20] Learning rate: 0.0001 weight: 0.01
[11 / 20] Loss: 4.1897564801952 CE Loss: 0.4026391445385388 Con Loss: 4.185730079549478
[11 / 20] tensor([[0.967, 0.602],
        [0.656, 0.679]]) {'epoch': 11, 'valid/acc': 77.557, 'valid/acc_unbiased': 72.15, 'valid/diff': 21.414, 'valid/acc_skew': 61.443, 'valid/acc_align': 82.857, 'test/acc': 79.903, 'test/acc_unbiased': 72.609, 'test/diff': 19.362, 'test/acc_skew': 62.928, 'test/acc_align': 82.29}
[11 / 20] best valid accuracy: 73.666 at epoch 10 
 best_stats: {'best_valid_epoch': 10, 'best_valid_valid/acc': 78.968, 'best_valid_valid/acc_unbiased': 73.666, 'best_valid_valid/diff': 12.947, 'best_valid_valid/acc_skew': 67.192, 'best_valid_valid/acc_align': 80.139, 'best_valid_test/acc': 80.476, 'best_valid_test/acc_unbiased': 72.841, 'best_valid_test/diff': 18.599, 'best_valid_test/acc_skew': 67.783, 'best_valid_test/acc_align': 77.9}
[11 / 20] best test accuracy: 72.841 at epoch 10 
 best_stats: {'best_test_epoch': 10, 'best_test_valid/acc': 78.968, 'best_test_valid/acc_unbiased': 73.666, 'best_test_valid/diff': 12.947, 'best_test_valid/acc_skew': 67.192, 'best_test_valid/acc_align': 80.139, 'best_test_test/acc': 80.476, 'best_test_test/acc_unbiased': 72.841, 'best_test_test/diff': 18.599, 'best_test_test/acc_skew': 67.783, 'best_test_test/acc_align': 77.9}
[12 / 20] Learning rate: 0.0001 weight: 0.01
[12 / 20] Loss: 4.202900348464811 CE Loss: 0.3938180787181283 Con Loss: 4.198962176975263
[12 / 20] tensor([[0.966, 0.653],
        [0.664, 0.661]]) {'epoch': 12, 'valid/acc': 78.086, 'valid/acc_unbiased': 71.954, 'valid/diff': 18.643, 'valid/acc_skew': 62.632, 'valid/acc_align': 81.275, 'test/acc': 80.432, 'test/acc_unbiased': 73.611, 'test/diff': 15.821, 'test/acc_skew': 65.888, 'test/acc_align': 81.334}
[12 / 20] best valid accuracy: 73.666 at epoch 10 
 best_stats: {'best_valid_epoch': 10, 'best_valid_valid/acc': 78.968, 'best_valid_valid/acc_unbiased': 73.666, 'best_valid_valid/diff': 12.947, 'best_valid_valid/acc_skew': 67.192, 'best_valid_valid/acc_align': 80.139, 'best_valid_test/acc': 80.476, 'best_valid_test/acc_unbiased': 72.841, 'best_valid_test/diff': 18.599, 'best_valid_test/acc_skew': 67.783, 'best_valid_test/acc_align': 77.9}
[12 / 20] best test accuracy: 73.611 at epoch 12 
 best_stats: {'best_test_epoch': 12, 'best_test_valid/acc': 78.086, 'best_test_valid/acc_unbiased': 71.954, 'best_test_valid/diff': 18.643, 'best_test_valid/acc_skew': 62.632, 'best_test_valid/acc_align': 81.275, 'best_test_test/acc': 80.432, 'best_test_test/acc_unbiased': 73.611, 'best_test_test/diff': 15.821, 'best_test_test/acc_skew': 65.888, 'best_test_test/acc_align': 81.334}
[13 / 20] Learning rate: 0.0001 weight: 0.01
[13 / 20] Loss: 4.1983558064049795 CE Loss: 0.3804786427107611 Con Loss: 4.19455102551345
[13 / 20] tensor([[0.972, 0.688],
        [0.653, 0.612]]) {'epoch': 13, 'valid/acc': 78.042, 'valid/acc_unbiased': 72.265, 'valid/diff': 17.303, 'valid/acc_skew': 63.614, 'valid/acc_align': 80.916, 'test/acc': 80.167, 'test/acc_unbiased': 73.104, 'test/diff': 16.246, 'test/acc_skew': 67.016, 'test/acc_align': 79.192}
[13 / 20] best valid accuracy: 73.666 at epoch 10 
 best_stats: {'best_valid_epoch': 10, 'best_valid_valid/acc': 78.968, 'best_valid_valid/acc_unbiased': 73.666, 'best_valid_valid/diff': 12.947, 'best_valid_valid/acc_skew': 67.192, 'best_valid_valid/acc_align': 80.139, 'best_valid_test/acc': 80.476, 'best_valid_test/acc_unbiased': 72.841, 'best_valid_test/diff': 18.599, 'best_valid_test/acc_skew': 67.783, 'best_valid_test/acc_align': 77.9}
[13 / 20] best test accuracy: 73.611 at epoch 12 
 best_stats: {'best_test_epoch': 12, 'best_test_valid/acc': 78.086, 'best_test_valid/acc_unbiased': 71.954, 'best_test_valid/diff': 18.643, 'best_test_valid/acc_skew': 62.632, 'best_test_valid/acc_align': 81.275, 'best_test_test/acc': 80.432, 'best_test_test/acc_unbiased': 73.611, 'best_test_test/diff': 15.821, 'best_test_test/acc_skew': 65.888, 'best_test_test/acc_align': 81.334}
[14 / 20] Learning rate: 1e-05 weight: 0.01
[14 / 20] Loss: 4.144508919167813 CE Loss: 0.3802455215809364 Con Loss: 4.140706464352567
[14 / 20] tensor([[0.965, 0.625],
        [0.659, 0.685]]) {'epoch': 14, 'valid/acc': 78.351, 'valid/acc_unbiased': 72.351, 'valid/diff': 21.295, 'valid/acc_skew': 61.703, 'valid/acc_align': 82.998, 'test/acc': 80.123, 'test/acc_unbiased': 73.339, 'test/diff': 18.319, 'test/acc_skew': 64.18, 'test/acc_align': 82.499}
[14 / 20] best valid accuracy: 73.666 at epoch 10 
 best_stats: {'best_valid_epoch': 10, 'best_valid_valid/acc': 78.968, 'best_valid_valid/acc_unbiased': 73.666, 'best_valid_valid/diff': 12.947, 'best_valid_valid/acc_skew': 67.192, 'best_valid_valid/acc_align': 80.139, 'best_valid_test/acc': 80.476, 'best_valid_test/acc_unbiased': 72.841, 'best_valid_test/diff': 18.599, 'best_valid_test/acc_skew': 67.783, 'best_valid_test/acc_align': 77.9}
[14 / 20] best test accuracy: 73.611 at epoch 12 
 best_stats: {'best_test_epoch': 12, 'best_test_valid/acc': 78.086, 'best_test_valid/acc_unbiased': 71.954, 'best_test_valid/diff': 18.643, 'best_test_valid/acc_skew': 62.632, 'best_test_valid/acc_align': 81.275, 'best_test_test/acc': 80.432, 'best_test_test/acc_unbiased': 73.611, 'best_test_test/diff': 15.821, 'best_test_test/acc_skew': 65.888, 'best_test_test/acc_align': 81.334}
[15 / 20] Learning rate: 1e-05 weight: 0.01
[15 / 20] Loss: 4.112870785503609 CE Loss: 0.3707528722638809 Con Loss: 4.109163263950041
[15 / 20] tensor([[0.960, 0.625],
        [0.682, 0.691]]) {'epoch': 15, 'valid/acc': 79.101, 'valid/acc_unbiased': 72.79, 'valid/diff': 19.833, 'valid/acc_skew': 62.874, 'valid/acc_align': 82.707, 'test/acc': 80.829, 'test/acc_unbiased': 73.95, 'test/diff': 17.233, 'test/acc_skew': 65.333, 'test/acc_align': 82.566}
[15 / 20] best valid accuracy: 73.666 at epoch 10 
 best_stats: {'best_valid_epoch': 10, 'best_valid_valid/acc': 78.968, 'best_valid_valid/acc_unbiased': 73.666, 'best_valid_valid/diff': 12.947, 'best_valid_valid/acc_skew': 67.192, 'best_valid_valid/acc_align': 80.139, 'best_valid_test/acc': 80.476, 'best_valid_test/acc_unbiased': 72.841, 'best_valid_test/diff': 18.599, 'best_valid_test/acc_skew': 67.783, 'best_valid_test/acc_align': 77.9}
[15 / 20] best test accuracy: 73.950 at epoch 15 
 best_stats: {'best_test_epoch': 15, 'best_test_valid/acc': 79.101, 'best_test_valid/acc_unbiased': 72.79, 'best_test_valid/diff': 19.833, 'best_test_valid/acc_skew': 62.874, 'best_test_valid/acc_align': 82.707, 'best_test_test/acc': 80.829, 'best_test_test/acc_unbiased': 73.95, 'best_test_test/diff': 17.233, 'best_test_test/acc_skew': 65.333, 'best_test_test/acc_align': 82.566}
[16 / 20] Learning rate: 1e-05 weight: 0.01
[16 / 20] Loss: 4.073389829834139 CE Loss: 0.37728697571447395 Con Loss: 4.069616962844894
[16 / 20] tensor([[0.961, 0.648],
        [0.685, 0.667]]) {'epoch': 16, 'valid/acc': 78.836, 'valid/acc_unbiased': 72.347, 'valid/diff': 19.341, 'valid/acc_skew': 62.677, 'valid/acc_align': 82.018, 'test/acc': 81.005, 'test/acc_unbiased': 74.022, 'test/diff': 16.604, 'test/acc_skew': 66.642, 'test/acc_align': 81.401}
[16 / 20] best valid accuracy: 73.666 at epoch 10 
 best_stats: {'best_valid_epoch': 10, 'best_valid_valid/acc': 78.968, 'best_valid_valid/acc_unbiased': 73.666, 'best_valid_valid/diff': 12.947, 'best_valid_valid/acc_skew': 67.192, 'best_valid_valid/acc_align': 80.139, 'best_valid_test/acc': 80.476, 'best_valid_test/acc_unbiased': 72.841, 'best_valid_test/diff': 18.599, 'best_valid_test/acc_skew': 67.783, 'best_valid_test/acc_align': 77.9}
[16 / 20] best test accuracy: 74.022 at epoch 16 
 best_stats: {'best_test_epoch': 16, 'best_test_valid/acc': 78.836, 'best_test_valid/acc_unbiased': 72.347, 'best_test_valid/diff': 19.341, 'best_test_valid/acc_skew': 62.677, 'best_test_valid/acc_align': 82.018, 'best_test_test/acc': 81.005, 'best_test_test/acc_unbiased': 74.022, 'best_test_test/diff': 16.604, 'best_test_test/acc_skew': 66.642, 'best_test_test/acc_align': 81.401}
[17 / 20] Learning rate: 1e-05 weight: 0.01
[17 / 20] Loss: 4.069601876063545 CE Loss: 0.3708706309914991 Con Loss: 4.0658931652734625
[17 / 20] tensor([[0.959, 0.597],
        [0.705, 0.727]]) {'epoch': 17, 'valid/acc': 79.497, 'valid/acc_unbiased': 73.057, 'valid/diff': 23.473, 'valid/acc_skew': 61.32, 'valid/acc_align': 84.794, 'test/acc': 81.71, 'test/acc_unbiased': 74.702, 'test/diff': 19.271, 'test/acc_skew': 65.066, 'test/acc_align': 84.337}
[17 / 20] best valid accuracy: 73.666 at epoch 10 
 best_stats: {'best_valid_epoch': 10, 'best_valid_valid/acc': 78.968, 'best_valid_valid/acc_unbiased': 73.666, 'best_valid_valid/diff': 12.947, 'best_valid_valid/acc_skew': 67.192, 'best_valid_valid/acc_align': 80.139, 'best_valid_test/acc': 80.476, 'best_valid_test/acc_unbiased': 72.841, 'best_valid_test/diff': 18.599, 'best_valid_test/acc_skew': 67.783, 'best_valid_test/acc_align': 77.9}
[17 / 20] best test accuracy: 74.702 at epoch 17 
 best_stats: {'best_test_epoch': 17, 'best_test_valid/acc': 79.497, 'best_test_valid/acc_unbiased': 73.057, 'best_test_valid/diff': 23.473, 'best_test_valid/acc_skew': 61.32, 'best_test_valid/acc_align': 84.794, 'best_test_test/acc': 81.71, 'best_test_test/acc_unbiased': 74.702, 'best_test_test/diff': 19.271, 'best_test_test/acc_skew': 65.066, 'best_test_test/acc_align': 84.337}
[18 / 20] Learning rate: 1e-05 weight: 0.01
[18 / 20] Loss: 4.094487984499115 CE Loss: 0.374404416564965 Con Loss: 4.090743940718296
[18 / 20] tensor([[0.962, 0.619],
        [0.678, 0.697]]) {'epoch': 18, 'valid/acc': 78.88, 'valid/acc_unbiased': 72.62, 'valid/diff': 22.65, 'valid/acc_skew': 61.295, 'valid/acc_align': 83.945, 'test/acc': 80.784, 'test/acc_unbiased': 73.92, 'test/diff': 18.088, 'test/acc_skew': 64.876, 'test/acc_align': 82.963}
[18 / 20] best valid accuracy: 73.666 at epoch 10 
 best_stats: {'best_valid_epoch': 10, 'best_valid_valid/acc': 78.968, 'best_valid_valid/acc_unbiased': 73.666, 'best_valid_valid/diff': 12.947, 'best_valid_valid/acc_skew': 67.192, 'best_valid_valid/acc_align': 80.139, 'best_valid_test/acc': 80.476, 'best_valid_test/acc_unbiased': 72.841, 'best_valid_test/diff': 18.599, 'best_valid_test/acc_skew': 67.783, 'best_valid_test/acc_align': 77.9}
[18 / 20] best test accuracy: 74.702 at epoch 17 
 best_stats: {'best_test_epoch': 17, 'best_test_valid/acc': 79.497, 'best_test_valid/acc_unbiased': 73.057, 'best_test_valid/diff': 23.473, 'best_test_valid/acc_skew': 61.32, 'best_test_valid/acc_align': 84.794, 'best_test_test/acc': 81.71, 'best_test_test/acc_unbiased': 74.702, 'best_test_test/diff': 19.271, 'best_test_test/acc_skew': 65.066, 'best_test_test/acc_align': 84.337}
[19 / 20] Learning rate: 1e-05 weight: 0.01
[19 / 20] Loss: 4.108803958135881 CE Loss: 0.37118702158415556 Con Loss: 4.105092075959166
[19 / 20] tensor([[0.960, 0.585],
        [0.698, 0.733]]) {'epoch': 19, 'valid/acc': 79.453, 'valid/acc_unbiased': 73.107, 'valid/diff': 24.956, 'valid/acc_skew': 60.629, 'valid/acc_align': 85.585, 'test/acc': 81.446, 'test/acc_unbiased': 74.42, 'test/diff': 20.536, 'test/acc_skew': 64.152, 'test/acc_align': 84.687}
[19 / 20] best valid accuracy: 73.666 at epoch 10 
 best_stats: {'best_valid_epoch': 10, 'best_valid_valid/acc': 78.968, 'best_valid_valid/acc_unbiased': 73.666, 'best_valid_valid/diff': 12.947, 'best_valid_valid/acc_skew': 67.192, 'best_valid_valid/acc_align': 80.139, 'best_valid_test/acc': 80.476, 'best_valid_test/acc_unbiased': 72.841, 'best_valid_test/diff': 18.599, 'best_valid_test/acc_skew': 67.783, 'best_valid_test/acc_align': 77.9}
[19 / 20] best test accuracy: 74.702 at epoch 17 
 best_stats: {'best_test_epoch': 17, 'best_test_valid/acc': 79.497, 'best_test_valid/acc_unbiased': 73.057, 'best_test_valid/diff': 23.473, 'best_test_valid/acc_skew': 61.32, 'best_test_valid/acc_align': 84.794, 'best_test_test/acc': 81.71, 'best_test_test/acc_unbiased': 74.702, 'best_test_test/diff': 19.271, 'best_test_test/acc_skew': 65.066, 'best_test_test/acc_align': 84.337}
[20 / 20] Learning rate: 1e-05 weight: 0.01
[20 / 20] Loss: 4.126764489219949 CE Loss: 0.36853103532143094 Con Loss: 4.123079171389598
[20 / 20] tensor([[0.959, 0.574],
        [0.694, 0.721]]) {'epoch': 20, 'valid/acc': 78.792, 'valid/acc_unbiased': 72.294, 'valid/diff': 23.612, 'valid/acc_skew': 60.488, 'valid/acc_align': 84.1, 'test/acc': 81.093, 'test/acc_unbiased': 73.722, 'test/diff': 20.624, 'test/acc_skew': 63.411, 'test/acc_align': 84.034}
[20 / 20] best valid accuracy: 73.666 at epoch 10 
 best_stats: {'best_valid_epoch': 10, 'best_valid_valid/acc': 78.968, 'best_valid_valid/acc_unbiased': 73.666, 'best_valid_valid/diff': 12.947, 'best_valid_valid/acc_skew': 67.192, 'best_valid_valid/acc_align': 80.139, 'best_valid_test/acc': 80.476, 'best_valid_test/acc_unbiased': 72.841, 'best_valid_test/diff': 18.599, 'best_valid_test/acc_skew': 67.783, 'best_valid_test/acc_align': 77.9}
[20 / 20] best test accuracy: 74.702 at epoch 17 
 best_stats: {'best_test_epoch': 17, 'best_test_valid/acc': 79.497, 'best_test_valid/acc_unbiased': 73.057, 'best_test_valid/diff': 23.473, 'best_test_valid/acc_skew': 61.32, 'best_test_valid/acc_align': 84.794, 'best_test_test/acc': 81.71, 'best_test_test/acc_unbiased': 74.702, 'best_test_test/diff': 19.271, 'best_test_test/acc_skew': 65.066, 'best_test_test/acc_align': 84.337}
Total training time: 0:16:22
