Log level set to: INFO
Set seed: 2
=======> Using Fixed Random Seed: 2 <========
save_path: exp_results/bc-bb0-utk_face_age-crop_auto3-0.9-lr0.001-bs128-cbs64-w0.01-ratio10-aug1-seed2
get_utk_face - split: train, aug: False, given_y: True, ratio: 0
use existing biased_utk_face from data/utk_face/pickles/biased_utk_face-target_gender-bias_age-0.9
Distribution Before Sampling: 
===================================
Binary Labels Distribution: 
Binary Target 0
---------------------------
Target 0: [8237, 147]
Target 1: [823, 1477]
Binary Target 1
---------------------------
Target 0: [8237, 147]
Target 1: [823, 1477]
===================================
Normal Label Distribution: 
Target 0: [8237, 147]
Target 1: [823, 1477]
===================================
Distribution After Sampling: 
===================================
Binary Labels Distribution: 
Binary Target 0
---------------------------
Target 0: [8237, 147]
Target 1: [823, 1477]
Binary Target 1
---------------------------
Target 0: [8237, 147]
Target 1: [823, 1477]
===================================
Normal Label Distribution: 
Target 0: [8237, 147]
Target 1: [823, 1477]
===================================
Use BiasedUTKFace - target_attr: gender
BiasedUTKFace -- total: 10684, target_attr: gender, bias_attr: age bias_rate: 0.9
['[train] target_0-bias_0: 8237', '[train] target_0-bias_1: 147', '[train] target_1-bias_0: 823', '[train] target_1-bias_1: 1477']
confusion_matrix - 
 original: tensor([[8237.,  823.],
        [ 147., 1477.]]), 
 normalized: tensor([[0.909, 0.091],
        [0.091, 0.909]]), 
 b|y: tensor([[0.982, 0.018],
        [0.358, 0.642]])
get_utk_face - split: train, aug: 1, given_y: True, ratio: 10
use existing biased_utk_face from data/utk_face/pickles/biased_utk_face-target_gender-bias_age-0.9
Distribution Before Sampling: 
===================================
Binary Labels Distribution: 
Binary Target 0
---------------------------
Target 0: [8237, 147]
Target 1: [823, 1477]
Binary Target 1
---------------------------
Target 0: [8237, 147]
Target 1: [823, 1477]
===================================
Normal Label Distribution: 
Target 0: [8237, 147]
Target 1: [823, 1477]
===================================
Distribution After Sampling: 
===================================
Binary Labels Distribution: 
Binary Target 0
---------------------------
Target 0: [8237, 147]
Target 1: [823, 1477]
Binary Target 1
---------------------------
Target 0: [8237, 147]
Target 1: [823, 1477]
===================================
Normal Label Distribution: 
Target 0: [8237, 147]
Target 1: [823, 1477]
===================================
Use BiasedUTKFace - target_attr: gender
BiasedUTKFace -- total: 10684, target_attr: gender, bias_attr: age bias_rate: 0.9
['[train] target_0-bias_0: 8237', '[train] target_0-bias_1: 147', '[train] target_1-bias_0: 823', '[train] target_1-bias_1: 1477']
get_utk_face - split: valid, aug: False, given_y: True, ratio: 0
use existing biased_utk_face from data/utk_face/pickles/biased_utk_face-target_gender-bias_age-0.9
Distribution Before Sampling: 
===================================
Binary Labels Distribution: 
Binary Target 0
---------------------------
Target 0: [1030, 195]
Target 1: [841, 202]
Binary Target 1
---------------------------
Target 0: [1030, 195]
Target 1: [841, 202]
===================================
Normal Label Distribution: 
Target 0: [1030, 195]
Target 1: [841, 202]
===================================
Use BiasedUTKFace - target_attr: gender
BiasedUTKFace -- total: 2268, target_attr: gender, bias_attr: age bias_rate: 0.9
['[valid] target_0-bias_0: 1030', '[valid] target_0-bias_1: 195', '[valid] target_1-bias_0: 841', '[valid] target_1-bias_1: 202']
get_utk_face - split: test, aug: False, given_y: True, ratio: 0
use existing biased_utk_face from data/utk_face/pickles/biased_utk_face-target_gender-bias_age-0.9
Distribution Before Sampling: 
===================================
Binary Labels Distribution: 
Binary Target 0
---------------------------
Target 0: [1061, 176]
Target 1: [867, 165]
Binary Target 1
---------------------------
Target 0: [1061, 176]
Target 1: [867, 165]
===================================
Normal Label Distribution: 
Target 0: [1061, 176]
Target 1: [867, 165]
===================================
Use BiasedUTKFace - target_attr: gender
BiasedUTKFace -- total: 2269, target_attr: gender, bias_attr: age bias_rate: 0.9
['[test] target_0-bias_0: 1061', '[test] target_0-bias_1: 176', '[test] target_1-bias_0: 867', '[test] target_1-bias_1: 165']
decay_epochs: [6, 13]
[1 / 20] Learning rate: 0.001 weight: 0.01
[1 / 20] Loss: 4.848851676649567 CE Loss: 0.5682846118742408 Con Loss: 4.843168830657353
[1 / 20] tensor([[0.999, 0.994],
        [0.021, 0.030]]) {'epoch': 1, 'valid/acc': 54.806, 'valid/acc_unbiased': 51.022, 'valid/diff': 0.432, 'valid/acc_skew': 50.951, 'valid/acc_align': 51.092, 'test/acc': 55.443, 'test/acc_unbiased': 51.111, 'test/diff': 0.714, 'test/acc_skew': 50.754, 'test/acc_align': 51.468}
[1 / 20] best valid accuracy: 51.022 at epoch 1 
 best_stats: {'best_valid_epoch': 1, 'best_valid_valid/acc': 54.806, 'best_valid_valid/acc_unbiased': 51.022, 'best_valid_valid/diff': 0.432, 'best_valid_valid/acc_skew': 50.951, 'best_valid_valid/acc_align': 51.092, 'best_valid_test/acc': 55.443, 'best_valid_test/acc_unbiased': 51.111, 'best_valid_test/diff': 0.714, 'best_valid_test/acc_skew': 50.754, 'best_valid_test/acc_align': 51.468}
[1 / 20] best test accuracy: 51.111 at epoch 1 
 best_stats: {'best_test_epoch': 1, 'best_test_valid/acc': 54.806, 'best_test_valid/acc_unbiased': 51.022, 'best_test_valid/diff': 0.432, 'best_test_valid/acc_skew': 50.951, 'best_test_valid/acc_align': 51.092, 'best_test_test/acc': 55.443, 'best_test_test/acc_unbiased': 51.111, 'best_test_test/diff': 0.714, 'best_test_test/acc_skew': 50.754, 'best_test_test/acc_align': 51.468}
[2 / 20] Learning rate: 0.001 weight: 0.01
[2 / 20] Loss: 4.676854473336811 CE Loss: 0.52566842743182 Con Loss: 4.671597791940967
[2 / 20] tensor([[0.813, 0.733],
        [0.678, 0.358]]) {'epoch': 2, 'valid/acc': 72.928, 'valid/acc_unbiased': 66.642, 'valid/diff': 17.818, 'valid/acc_skew': 71.919, 'valid/acc_align': 61.365, 'test/acc': 72.234, 'test/acc_unbiased': 64.553, 'test/diff': 20.053, 'test/acc_skew': 70.558, 'test/acc_align': 58.548}
[2 / 20] best valid accuracy: 66.642 at epoch 2 
 best_stats: {'best_valid_epoch': 2, 'best_valid_valid/acc': 72.928, 'best_valid_valid/acc_unbiased': 66.642, 'best_valid_valid/diff': 17.818, 'best_valid_valid/acc_skew': 71.919, 'best_valid_valid/acc_align': 61.365, 'best_valid_test/acc': 72.234, 'best_valid_test/acc_unbiased': 64.553, 'best_valid_test/diff': 20.053, 'best_valid_test/acc_skew': 70.558, 'best_valid_test/acc_align': 58.548}
[2 / 20] best test accuracy: 64.553 at epoch 2 
 best_stats: {'best_test_epoch': 2, 'best_test_valid/acc': 72.928, 'best_test_valid/acc_unbiased': 66.642, 'best_test_valid/diff': 17.818, 'best_test_valid/acc_skew': 71.919, 'best_test_valid/acc_align': 61.365, 'best_test_test/acc': 72.234, 'best_test_test/acc_unbiased': 64.553, 'best_test_test/diff': 20.053, 'best_test_test/acc_skew': 70.558, 'best_test_test/acc_align': 58.548}
[3 / 20] Learning rate: 0.001 weight: 0.01
[3 / 20] Loss: 4.640987157910917 CE Loss: 0.5013059078642867 Con Loss: 4.63597408745986
[3 / 20] tensor([[0.950, 0.898],
        [0.457, 0.321]]) {'epoch': 3, 'valid/acc': 70.811, 'valid/acc_unbiased': 65.926, 'valid/diff': 8.551, 'valid/acc_skew': 65.331, 'valid/acc_align': 66.521, 'test/acc': 71.177, 'test/acc_unbiased': 65.643, 'test/diff': 9.393, 'test/acc_skew': 67.724, 'test/acc_align': 63.563}
[3 / 20] best valid accuracy: 66.642 at epoch 2 
 best_stats: {'best_valid_epoch': 2, 'best_valid_valid/acc': 72.928, 'best_valid_valid/acc_unbiased': 66.642, 'best_valid_valid/diff': 17.818, 'best_valid_valid/acc_skew': 71.919, 'best_valid_valid/acc_align': 61.365, 'best_valid_test/acc': 72.234, 'best_valid_test/acc_unbiased': 64.553, 'best_valid_test/diff': 20.053, 'best_valid_test/acc_skew': 70.558, 'best_valid_test/acc_align': 58.548}
[3 / 20] best test accuracy: 65.643 at epoch 3 
 best_stats: {'best_test_epoch': 3, 'best_test_valid/acc': 70.811, 'best_test_valid/acc_unbiased': 65.926, 'best_test_valid/diff': 8.551, 'best_test_valid/acc_skew': 65.331, 'best_test_valid/acc_align': 66.521, 'best_test_test/acc': 71.177, 'best_test_test/acc_unbiased': 65.643, 'best_test_test/diff': 9.393, 'best_test_test/acc_skew': 67.724, 'best_test_test/acc_align': 63.563}
[4 / 20] Learning rate: 0.001 weight: 0.01
[4 / 20] Loss: 4.613093025360336 CE Loss: 0.48826561362187276 Con Loss: 4.608210374067357
[4 / 20] tensor([[0.931, 0.898],
        [0.567, 0.315]]) {'epoch': 4, 'valid/acc': 75.705, 'valid/acc_unbiased': 70.804, 'valid/diff': 10.352, 'valid/acc_skew': 72.205, 'valid/acc_align': 69.404, 'test/acc': 74.482, 'test/acc_unbiased': 67.789, 'test/diff': 14.29, 'test/acc_skew': 73.26, 'test/acc_align': 62.317}
[4 / 20] best valid accuracy: 70.804 at epoch 4 
 best_stats: {'best_valid_epoch': 4, 'best_valid_valid/acc': 75.705, 'best_valid_valid/acc_unbiased': 70.804, 'best_valid_valid/diff': 10.352, 'best_valid_valid/acc_skew': 72.205, 'best_valid_valid/acc_align': 69.404, 'best_valid_test/acc': 74.482, 'best_valid_test/acc_unbiased': 67.789, 'best_valid_test/diff': 14.29, 'best_valid_test/acc_skew': 73.26, 'best_valid_test/acc_align': 62.317}
[4 / 20] best test accuracy: 67.789 at epoch 4 
 best_stats: {'best_test_epoch': 4, 'best_test_valid/acc': 75.705, 'best_test_valid/acc_unbiased': 70.804, 'best_test_valid/diff': 10.352, 'best_test_valid/acc_skew': 72.205, 'best_test_valid/acc_align': 69.404, 'best_test_test/acc': 74.482, 'best_test_test/acc_unbiased': 67.789, 'best_test_test/diff': 14.29, 'best_test_test/acc_skew': 73.26, 'best_test_test/acc_align': 62.317}
[5 / 20] Learning rate: 0.001 weight: 0.01
[5 / 20] Loss: 4.590772869612831 CE Loss: 0.45246473812780236 Con Loss: 4.586248260899368
[5 / 20] tensor([[0.949, 0.415],
        [0.586, 0.788]]) {'epoch': 5, 'valid/acc': 74.603, 'valid/acc_unbiased': 67.965, 'valid/diff': 39.413, 'valid/acc_skew': 48.259, 'valid/acc_align': 87.672, 'test/acc': 75.716, 'test/acc_unbiased': 68.442, 'test/diff': 36.814, 'test/acc_skew': 50.035, 'test/acc_align': 86.849}
[5 / 20] best valid accuracy: 70.804 at epoch 4 
 best_stats: {'best_valid_epoch': 4, 'best_valid_valid/acc': 75.705, 'best_valid_valid/acc_unbiased': 70.804, 'best_valid_valid/diff': 10.352, 'best_valid_valid/acc_skew': 72.205, 'best_valid_valid/acc_align': 69.404, 'best_valid_test/acc': 74.482, 'best_valid_test/acc_unbiased': 67.789, 'best_valid_test/diff': 14.29, 'best_valid_test/acc_skew': 73.26, 'best_valid_test/acc_align': 62.317}
[5 / 20] best test accuracy: 68.442 at epoch 5 
 best_stats: {'best_test_epoch': 5, 'best_test_valid/acc': 74.603, 'best_test_valid/acc_unbiased': 67.965, 'best_test_valid/diff': 39.413, 'best_test_valid/acc_skew': 48.259, 'best_test_valid/acc_align': 87.672, 'best_test_test/acc': 75.716, 'best_test_test/acc_unbiased': 68.442, 'best_test_test/diff': 36.814, 'best_test_test/acc_skew': 50.035, 'best_test_test/acc_align': 86.849}
[6 / 20] Learning rate: 0.001 weight: 0.01
[6 / 20] Loss: 4.5940453571489535 CE Loss: 0.48383472701977454 Con Loss: 4.589207014400206
[6 / 20] tensor([[0.971, 0.812],
        [0.533, 0.430]]) {'epoch': 6, 'valid/acc': 75.441, 'valid/acc_unbiased': 70.055, 'valid/diff': 10.958, 'valid/acc_skew': 68.508, 'valid/acc_align': 71.602, 'test/acc': 75.187, 'test/acc_unbiased': 68.661, 'test/diff': 13.043, 'test/acc_skew': 67.269, 'test/acc_align': 70.054}
[6 / 20] best valid accuracy: 70.804 at epoch 4 
 best_stats: {'best_valid_epoch': 4, 'best_valid_valid/acc': 75.705, 'best_valid_valid/acc_unbiased': 70.804, 'best_valid_valid/diff': 10.352, 'best_valid_valid/acc_skew': 72.205, 'best_valid_valid/acc_align': 69.404, 'best_valid_test/acc': 74.482, 'best_valid_test/acc_unbiased': 67.789, 'best_valid_test/diff': 14.29, 'best_valid_test/acc_skew': 73.26, 'best_valid_test/acc_align': 62.317}
[6 / 20] best test accuracy: 68.661 at epoch 6 
 best_stats: {'best_test_epoch': 6, 'best_test_valid/acc': 75.441, 'best_test_valid/acc_unbiased': 70.055, 'best_test_valid/diff': 10.958, 'best_test_valid/acc_skew': 68.508, 'best_test_valid/acc_align': 71.602, 'best_test_test/acc': 75.187, 'best_test_test/acc_unbiased': 68.661, 'best_test_test/diff': 13.043, 'best_test_test/acc_skew': 67.269, 'best_test_test/acc_align': 70.054}
[7 / 20] Learning rate: 0.0001 weight: 0.01
[7 / 20] Loss: 4.514376745648886 CE Loss: 0.4480279261523175 Con Loss: 4.509896489753566
[7 / 20] tensor([[0.961, 0.847],
        [0.627, 0.461]]) {'epoch': 7, 'valid/acc': 78.66, 'valid/acc_unbiased': 73.164, 'valid/diff': 12.385, 'valid/acc_skew': 70.362, 'valid/acc_align': 75.966, 'test/acc': 78.845, 'test/acc_unbiased': 72.4, 'test/diff': 14.081, 'test/acc_skew': 73.702, 'test/acc_align': 71.098}
[7 / 20] best valid accuracy: 73.164 at epoch 7 
 best_stats: {'best_valid_epoch': 7, 'best_valid_valid/acc': 78.66, 'best_valid_valid/acc_unbiased': 73.164, 'best_valid_valid/diff': 12.385, 'best_valid_valid/acc_skew': 70.362, 'best_valid_valid/acc_align': 75.966, 'best_valid_test/acc': 78.845, 'best_valid_test/acc_unbiased': 72.4, 'best_valid_test/diff': 14.081, 'best_valid_test/acc_skew': 73.702, 'best_valid_test/acc_align': 71.098}
[7 / 20] best test accuracy: 72.400 at epoch 7 
 best_stats: {'best_test_epoch': 7, 'best_test_valid/acc': 78.66, 'best_test_valid/acc_unbiased': 73.164, 'best_test_valid/diff': 12.385, 'best_test_valid/acc_skew': 70.362, 'best_test_valid/acc_align': 75.966, 'best_test_test/acc': 78.845, 'best_test_test/acc_unbiased': 72.4, 'best_test_test/diff': 14.081, 'best_test_test/acc_skew': 73.702, 'best_test_test/acc_align': 71.098}
[8 / 20] Learning rate: 0.0001 weight: 0.01
[8 / 20] Loss: 4.483508020605947 CE Loss: 0.4342082513713158 Con Loss: 4.479165925554727
[8 / 20] tensor([[0.965, 0.591],
        [0.644, 0.679]]) {'epoch': 8, 'valid/acc': 79.012, 'valid/acc_unbiased': 72.782, 'valid/diff': 21.519, 'valid/acc_skew': 62.023, 'valid/acc_align': 83.542, 'test/acc': 79.242, 'test/acc_unbiased': 71.961, 'test/diff': 20.47, 'test/acc_skew': 61.725, 'test/acc_align': 82.196}
[8 / 20] best valid accuracy: 73.164 at epoch 7 
 best_stats: {'best_valid_epoch': 7, 'best_valid_valid/acc': 78.66, 'best_valid_valid/acc_unbiased': 73.164, 'best_valid_valid/diff': 12.385, 'best_valid_valid/acc_skew': 70.362, 'best_valid_valid/acc_align': 75.966, 'best_valid_test/acc': 78.845, 'best_valid_test/acc_unbiased': 72.4, 'best_valid_test/diff': 14.081, 'best_valid_test/acc_skew': 73.702, 'best_valid_test/acc_align': 71.098}
[8 / 20] best test accuracy: 72.400 at epoch 7 
 best_stats: {'best_test_epoch': 7, 'best_test_valid/acc': 78.66, 'best_test_valid/acc_unbiased': 73.164, 'best_test_valid/diff': 12.385, 'best_test_valid/acc_skew': 70.362, 'best_test_valid/acc_align': 75.966, 'best_test_test/acc': 78.845, 'best_test_test/acc_unbiased': 72.4, 'best_test_test/diff': 14.081, 'best_test_test/acc_skew': 73.702, 'best_test_test/acc_align': 71.098}
[9 / 20] Learning rate: 0.0001 weight: 0.01
[9 / 20] Loss: 4.425190797418033 CE Loss: 0.42322700422428733 Con Loss: 4.420958533085316
[9 / 20] tensor([[0.966, 0.517],
        [0.647, 0.758]]) {'epoch': 9, 'valid/acc': 79.145, 'valid/acc_unbiased': 72.439, 'valid/diff': 27.06, 'valid/acc_skew': 58.909, 'valid/acc_align': 85.968, 'test/acc': 79.418, 'test/acc_unbiased': 72.194, 'test/diff': 27.977, 'test/acc_skew': 58.205, 'test/acc_align': 86.182}
[9 / 20] best valid accuracy: 73.164 at epoch 7 
 best_stats: {'best_valid_epoch': 7, 'best_valid_valid/acc': 78.66, 'best_valid_valid/acc_unbiased': 73.164, 'best_valid_valid/diff': 12.385, 'best_valid_valid/acc_skew': 70.362, 'best_valid_valid/acc_align': 75.966, 'best_valid_test/acc': 78.845, 'best_valid_test/acc_unbiased': 72.4, 'best_valid_test/diff': 14.081, 'best_valid_test/acc_skew': 73.702, 'best_valid_test/acc_align': 71.098}
[9 / 20] best test accuracy: 72.400 at epoch 7 
 best_stats: {'best_test_epoch': 7, 'best_test_valid/acc': 78.66, 'best_test_valid/acc_unbiased': 73.164, 'best_test_valid/diff': 12.385, 'best_test_valid/acc_skew': 70.362, 'best_test_valid/acc_align': 75.966, 'best_test_test/acc': 78.845, 'best_test_test/acc_unbiased': 72.4, 'best_test_test/diff': 14.081, 'best_test_test/acc_skew': 73.702, 'best_test_test/acc_align': 71.098}
[10 / 20] Learning rate: 0.0001 weight: 0.01
[10 / 20] Loss: 4.4231338204626995 CE Loss: 0.4113537491996919 Con Loss: 4.419020270729994
[10 / 20] tensor([[0.965, 0.744],
        [0.637, 0.594]]) {'epoch': 10, 'valid/acc': 79.321, 'valid/acc_unbiased': 73.938, 'valid/diff': 12.166, 'valid/acc_skew': 67.998, 'valid/acc_align': 79.877, 'test/acc': 79.55, 'test/acc_unbiased': 73.502, 'test/diff': 13.177, 'test/acc_skew': 69.05, 'test/acc_align': 77.953}
[10 / 20] best valid accuracy: 73.938 at epoch 10 
 best_stats: {'best_valid_epoch': 10, 'best_valid_valid/acc': 79.321, 'best_valid_valid/acc_unbiased': 73.938, 'best_valid_valid/diff': 12.166, 'best_valid_valid/acc_skew': 67.998, 'best_valid_valid/acc_align': 79.877, 'best_valid_test/acc': 79.55, 'best_valid_test/acc_unbiased': 73.502, 'best_valid_test/diff': 13.177, 'best_valid_test/acc_skew': 69.05, 'best_valid_test/acc_align': 77.953}
[10 / 20] best test accuracy: 73.502 at epoch 10 
 best_stats: {'best_test_epoch': 10, 'best_test_valid/acc': 79.321, 'best_test_valid/acc_unbiased': 73.938, 'best_test_valid/diff': 12.166, 'best_test_valid/acc_skew': 67.998, 'best_test_valid/acc_align': 79.877, 'best_test_test/acc': 79.55, 'best_test_test/acc_unbiased': 73.502, 'best_test_test/diff': 13.177, 'best_test_test/acc_skew': 69.05, 'best_test_test/acc_align': 77.953}
[11 / 20] Learning rate: 0.0001 weight: 0.01
[11 / 20] Loss: 4.372322657544798 CE Loss: 0.40992817363012424 Con Loss: 4.368223371330784
[11 / 20] tensor([[0.980, 0.773],
        [0.562, 0.624]]) {'epoch': 11, 'valid/acc': 77.866, 'valid/acc_unbiased': 74.065, 'valid/diff': 14.177, 'valid/acc_skew': 66.977, 'valid/acc_align': 81.154, 'test/acc': 77.832, 'test/acc_unbiased': 73.472, 'test/diff': 13.501, 'test/acc_skew': 66.722, 'test/acc_align': 80.222}
[11 / 20] best valid accuracy: 74.065 at epoch 11 
 best_stats: {'best_valid_epoch': 11, 'best_valid_valid/acc': 77.866, 'best_valid_valid/acc_unbiased': 74.065, 'best_valid_valid/diff': 14.177, 'best_valid_valid/acc_skew': 66.977, 'best_valid_valid/acc_align': 81.154, 'best_valid_test/acc': 77.832, 'best_valid_test/acc_unbiased': 73.472, 'best_valid_test/diff': 13.501, 'best_valid_test/acc_skew': 66.722, 'best_valid_test/acc_align': 80.222}
[11 / 20] best test accuracy: 73.502 at epoch 10 
 best_stats: {'best_test_epoch': 10, 'best_test_valid/acc': 79.321, 'best_test_valid/acc_unbiased': 73.938, 'best_test_valid/diff': 12.166, 'best_test_valid/acc_skew': 67.998, 'best_test_valid/acc_align': 79.877, 'best_test_test/acc': 79.55, 'best_test_test/acc_unbiased': 73.502, 'best_test_test/diff': 13.177, 'best_test_test/acc_skew': 69.05, 'best_test_test/acc_align': 77.953}
[12 / 20] Learning rate: 0.0001 weight: 0.01
[12 / 20] Loss: 4.427899972636438 CE Loss: 0.40022590997423496 Con Loss: 4.423897752151289
[12 / 20] tensor([[0.977, 0.614],
        [0.619, 0.758]]) {'epoch': 12, 'valid/acc': 78.263, 'valid/acc_unbiased': 72.611, 'valid/diff': 25.017, 'valid/acc_skew': 60.102, 'valid/acc_align': 85.119, 'test/acc': 79.639, 'test/acc_unbiased': 74.199, 'test/diff': 25.097, 'test/acc_skew': 61.651, 'test/acc_align': 86.748}
[12 / 20] best valid accuracy: 74.065 at epoch 11 
 best_stats: {'best_valid_epoch': 11, 'best_valid_valid/acc': 77.866, 'best_valid_valid/acc_unbiased': 74.065, 'best_valid_valid/diff': 14.177, 'best_valid_valid/acc_skew': 66.977, 'best_valid_valid/acc_align': 81.154, 'best_valid_test/acc': 77.832, 'best_valid_test/acc_unbiased': 73.472, 'best_valid_test/diff': 13.501, 'best_valid_test/acc_skew': 66.722, 'best_valid_test/acc_align': 80.222}
[12 / 20] best test accuracy: 74.199 at epoch 12 
 best_stats: {'best_test_epoch': 12, 'best_test_valid/acc': 78.263, 'best_test_valid/acc_unbiased': 72.611, 'best_test_valid/diff': 25.017, 'best_test_valid/acc_skew': 60.102, 'best_test_valid/acc_align': 85.119, 'best_test_test/acc': 79.639, 'best_test_test/acc_unbiased': 74.199, 'best_test_test/diff': 25.097, 'best_test_test/acc_skew': 61.651, 'best_test_test/acc_align': 86.748}
[13 / 20] Learning rate: 0.0001 weight: 0.01
[13 / 20] Loss: 4.391782697422681 CE Loss: 0.4017498292466845 Con Loss: 4.3877652120786585
[13 / 20] tensor([[0.969, 0.602],
        [0.667, 0.806]]) {'epoch': 13, 'valid/acc': 79.894, 'valid/acc_unbiased': 73.904, 'valid/diff': 25.411, 'valid/acc_skew': 61.198, 'valid/acc_align': 86.609, 'test/acc': 81.313, 'test/acc_unbiased': 76.097, 'test/diff': 25.301, 'test/acc_skew': 63.447, 'test/acc_align': 88.748}
[13 / 20] best valid accuracy: 74.065 at epoch 11 
 best_stats: {'best_valid_epoch': 11, 'best_valid_valid/acc': 77.866, 'best_valid_valid/acc_unbiased': 74.065, 'best_valid_valid/diff': 14.177, 'best_valid_valid/acc_skew': 66.977, 'best_valid_valid/acc_align': 81.154, 'best_valid_test/acc': 77.832, 'best_valid_test/acc_unbiased': 73.472, 'best_valid_test/diff': 13.501, 'best_valid_test/acc_skew': 66.722, 'best_valid_test/acc_align': 80.222}
[13 / 20] best test accuracy: 76.097 at epoch 13 
 best_stats: {'best_test_epoch': 13, 'best_test_valid/acc': 79.894, 'best_test_valid/acc_unbiased': 73.904, 'best_test_valid/diff': 25.411, 'best_test_valid/acc_skew': 61.198, 'best_test_valid/acc_align': 86.609, 'best_test_test/acc': 81.313, 'best_test_test/acc_unbiased': 76.097, 'best_test_test/diff': 25.301, 'best_test_test/acc_skew': 63.447, 'best_test_test/acc_align': 88.748}
[14 / 20] Learning rate: 1e-05 weight: 0.01
[14 / 20] Loss: 4.363334415647163 CE Loss: 0.3872093463693831 Con Loss: 4.359462323683292
[14 / 20] tensor([[0.969, 0.619],
        [0.678, 0.812]]) {'epoch': 14, 'valid/acc': 80.026, 'valid/acc_unbiased': 73.89, 'valid/diff': 25.934, 'valid/acc_skew': 60.923, 'valid/acc_align': 86.857, 'test/acc': 81.93, 'test/acc_unbiased': 76.963, 'test/diff': 24.175, 'test/acc_skew': 64.876, 'test/acc_align': 89.051}
[14 / 20] best valid accuracy: 74.065 at epoch 11 
 best_stats: {'best_valid_epoch': 11, 'best_valid_valid/acc': 77.866, 'best_valid_valid/acc_unbiased': 74.065, 'best_valid_valid/diff': 14.177, 'best_valid_valid/acc_skew': 66.977, 'best_valid_valid/acc_align': 81.154, 'best_valid_test/acc': 77.832, 'best_valid_test/acc_unbiased': 73.472, 'best_valid_test/diff': 13.501, 'best_valid_test/acc_skew': 66.722, 'best_valid_test/acc_align': 80.222}
[14 / 20] best test accuracy: 76.963 at epoch 14 
 best_stats: {'best_test_epoch': 14, 'best_test_valid/acc': 80.026, 'best_test_valid/acc_unbiased': 73.89, 'best_test_valid/diff': 25.934, 'best_test_valid/acc_skew': 60.923, 'best_test_valid/acc_align': 86.857, 'best_test_test/acc': 81.93, 'best_test_test/acc_unbiased': 76.963, 'best_test_test/diff': 24.175, 'best_test_test/acc_skew': 64.876, 'best_test_test/acc_align': 89.051}
[15 / 20] Learning rate: 1e-05 weight: 0.01
[15 / 20] Loss: 4.359927247589066 CE Loss: 0.39035249072172723 Con Loss: 4.356023742393
[15 / 20] tensor([[0.973, 0.636],
        [0.667, 0.782]]) {'epoch': 15, 'valid/acc': 79.894, 'valid/acc_unbiased': 73.714, 'valid/diff': 24.401, 'valid/acc_skew': 61.514, 'valid/acc_align': 85.915, 'test/acc': 81.578, 'test/acc_unbiased': 76.438, 'test/diff': 22.573, 'test/acc_skew': 65.152, 'test/acc_align': 87.724}
[15 / 20] best valid accuracy: 74.065 at epoch 11 
 best_stats: {'best_valid_epoch': 11, 'best_valid_valid/acc': 77.866, 'best_valid_valid/acc_unbiased': 74.065, 'best_valid_valid/diff': 14.177, 'best_valid_valid/acc_skew': 66.977, 'best_valid_valid/acc_align': 81.154, 'best_valid_test/acc': 77.832, 'best_valid_test/acc_unbiased': 73.472, 'best_valid_test/diff': 13.501, 'best_valid_test/acc_skew': 66.722, 'best_valid_test/acc_align': 80.222}
[15 / 20] best test accuracy: 76.963 at epoch 14 
 best_stats: {'best_test_epoch': 14, 'best_test_valid/acc': 80.026, 'best_test_valid/acc_unbiased': 73.89, 'best_test_valid/diff': 25.934, 'best_test_valid/acc_skew': 60.923, 'best_test_valid/acc_align': 86.857, 'best_test_test/acc': 81.93, 'best_test_test/acc_unbiased': 76.963, 'best_test_test/diff': 24.175, 'best_test_test/acc_skew': 64.876, 'best_test_test/acc_align': 89.051}
[16 / 20] Learning rate: 1e-05 weight: 0.01
[16 / 20] Loss: 4.320642616096305 CE Loss: 0.3908577655661378 Con Loss: 4.316734070101288
[16 / 20] tensor([[0.975, 0.682],
        [0.645, 0.733]]) {'epoch': 16, 'valid/acc': 79.321, 'valid/acc_unbiased': 73.811, 'valid/diff': 22.714, 'valid/acc_skew': 62.454, 'valid/acc_align': 85.168, 'test/acc': 80.873, 'test/acc_unbiased': 75.885, 'test/diff': 19.113, 'test/acc_skew': 66.329, 'test/acc_align': 85.441}
[16 / 20] best valid accuracy: 74.065 at epoch 11 
 best_stats: {'best_valid_epoch': 11, 'best_valid_valid/acc': 77.866, 'best_valid_valid/acc_unbiased': 74.065, 'best_valid_valid/diff': 14.177, 'best_valid_valid/acc_skew': 66.977, 'best_valid_valid/acc_align': 81.154, 'best_valid_test/acc': 77.832, 'best_valid_test/acc_unbiased': 73.472, 'best_valid_test/diff': 13.501, 'best_valid_test/acc_skew': 66.722, 'best_valid_test/acc_align': 80.222}
[16 / 20] best test accuracy: 76.963 at epoch 14 
 best_stats: {'best_test_epoch': 14, 'best_test_valid/acc': 80.026, 'best_test_valid/acc_unbiased': 73.89, 'best_test_valid/diff': 25.934, 'best_test_valid/acc_skew': 60.923, 'best_test_valid/acc_align': 86.857, 'best_test_test/acc': 81.93, 'best_test_test/acc_unbiased': 76.963, 'best_test_test/diff': 24.175, 'best_test_test/acc_skew': 64.876, 'best_test_test/acc_align': 89.051}
[17 / 20] Learning rate: 1e-05 weight: 0.01
[17 / 20] Loss: 4.369595974672604 CE Loss: 0.3921999614901955 Con Loss: 4.365673975300048
[17 / 20] tensor([[0.973, 0.642],
        [0.655, 0.782]]) {'epoch': 17, 'valid/acc': 79.63, 'valid/acc_unbiased': 73.913, 'valid/diff': 23.898, 'valid/acc_skew': 61.963, 'valid/acc_align': 85.862, 'test/acc': 81.181, 'test/acc_unbiased': 76.292, 'test/diff': 22.865, 'test/acc_skew': 64.859, 'test/acc_align': 87.724}
[17 / 20] best valid accuracy: 74.065 at epoch 11 
 best_stats: {'best_valid_epoch': 11, 'best_valid_valid/acc': 77.866, 'best_valid_valid/acc_unbiased': 74.065, 'best_valid_valid/diff': 14.177, 'best_valid_valid/acc_skew': 66.977, 'best_valid_valid/acc_align': 81.154, 'best_valid_test/acc': 77.832, 'best_valid_test/acc_unbiased': 73.472, 'best_valid_test/diff': 13.501, 'best_valid_test/acc_skew': 66.722, 'best_valid_test/acc_align': 80.222}
[17 / 20] best test accuracy: 76.963 at epoch 14 
 best_stats: {'best_test_epoch': 14, 'best_test_valid/acc': 80.026, 'best_test_valid/acc_unbiased': 73.89, 'best_test_valid/diff': 25.934, 'best_test_valid/acc_skew': 60.923, 'best_test_valid/acc_align': 86.857, 'best_test_test/acc': 81.93, 'best_test_test/acc_unbiased': 76.963, 'best_test_test/diff': 24.175, 'best_test_test/acc_skew': 64.876, 'best_test_test/acc_align': 89.051}
[18 / 20] Learning rate: 1e-05 weight: 0.01
[18 / 20] Loss: 4.339424518376689 CE Loss: 0.38333991220139335 Con Loss: 4.335591101101926
[18 / 20] tensor([[0.975, 0.642],
        [0.664, 0.788]]) {'epoch': 18, 'valid/acc': 79.85, 'valid/acc_unbiased': 74.054, 'valid/diff': 25.401, 'valid/acc_skew': 61.354, 'valid/acc_align': 86.755, 'test/acc': 81.666, 'test/acc_unbiased': 76.721, 'test/diff': 22.801, 'test/acc_skew': 65.32, 'test/acc_align': 88.122}
[18 / 20] best valid accuracy: 74.065 at epoch 11 
 best_stats: {'best_valid_epoch': 11, 'best_valid_valid/acc': 77.866, 'best_valid_valid/acc_unbiased': 74.065, 'best_valid_valid/diff': 14.177, 'best_valid_valid/acc_skew': 66.977, 'best_valid_valid/acc_align': 81.154, 'best_valid_test/acc': 77.832, 'best_valid_test/acc_unbiased': 73.472, 'best_valid_test/diff': 13.501, 'best_valid_test/acc_skew': 66.722, 'best_valid_test/acc_align': 80.222}
[18 / 20] best test accuracy: 76.963 at epoch 14 
 best_stats: {'best_test_epoch': 14, 'best_test_valid/acc': 80.026, 'best_test_valid/acc_unbiased': 73.89, 'best_test_valid/diff': 25.934, 'best_test_valid/acc_skew': 60.923, 'best_test_valid/acc_align': 86.857, 'best_test_test/acc': 81.93, 'best_test_test/acc_unbiased': 76.963, 'best_test_test/diff': 24.175, 'best_test_test/acc_skew': 64.876, 'best_test_test/acc_align': 89.051}
[19 / 20] Learning rate: 1e-05 weight: 0.01
[19 / 20] Loss: 4.342222280513031 CE Loss: 0.3870203652349763 Con Loss: 4.338352069119218
[19 / 20] tensor([[0.969, 0.631],
        [0.670, 0.806]]) {'epoch': 19, 'valid/acc': 80.071, 'valid/acc_unbiased': 73.805, 'valid/diff': 26.395, 'valid/acc_skew': 60.607, 'valid/acc_align': 87.002, 'test/acc': 81.666, 'test/acc_unbiased': 76.894, 'test/diff': 23.707, 'test/acc_skew': 65.04, 'test/acc_align': 88.748}
[19 / 20] best valid accuracy: 74.065 at epoch 11 
 best_stats: {'best_valid_epoch': 11, 'best_valid_valid/acc': 77.866, 'best_valid_valid/acc_unbiased': 74.065, 'best_valid_valid/diff': 14.177, 'best_valid_valid/acc_skew': 66.977, 'best_valid_valid/acc_align': 81.154, 'best_valid_test/acc': 77.832, 'best_valid_test/acc_unbiased': 73.472, 'best_valid_test/diff': 13.501, 'best_valid_test/acc_skew': 66.722, 'best_valid_test/acc_align': 80.222}
[19 / 20] best test accuracy: 76.963 at epoch 14 
 best_stats: {'best_test_epoch': 14, 'best_test_valid/acc': 80.026, 'best_test_valid/acc_unbiased': 73.89, 'best_test_valid/diff': 25.934, 'best_test_valid/acc_skew': 60.923, 'best_test_valid/acc_align': 86.857, 'best_test_test/acc': 81.93, 'best_test_test/acc_unbiased': 76.963, 'best_test_test/diff': 24.175, 'best_test_test/acc_skew': 64.876, 'best_test_test/acc_align': 89.051}
[20 / 20] Learning rate: 1e-05 weight: 0.01
[20 / 20] Loss: 4.306133097095554 CE Loss: 0.3889646421251829 Con Loss: 4.302243469985225
[20 / 20] tensor([[0.977, 0.659],
        [0.653, 0.776]]) {'epoch': 20, 'valid/acc': 79.145, 'valid/acc_unbiased': 73.11, 'valid/diff': 23.125, 'valid/acc_skew': 61.547, 'valid/acc_align': 84.673, 'test/acc': 81.401, 'test/acc_unbiased': 76.626, 'test/diff': 22.061, 'test/acc_skew': 65.596, 'test/acc_align': 87.657}
[20 / 20] best valid accuracy: 74.065 at epoch 11 
 best_stats: {'best_valid_epoch': 11, 'best_valid_valid/acc': 77.866, 'best_valid_valid/acc_unbiased': 74.065, 'best_valid_valid/diff': 14.177, 'best_valid_valid/acc_skew': 66.977, 'best_valid_valid/acc_align': 81.154, 'best_valid_test/acc': 77.832, 'best_valid_test/acc_unbiased': 73.472, 'best_valid_test/diff': 13.501, 'best_valid_test/acc_skew': 66.722, 'best_valid_test/acc_align': 80.222}
[20 / 20] best test accuracy: 76.963 at epoch 14 
 best_stats: {'best_test_epoch': 14, 'best_test_valid/acc': 80.026, 'best_test_valid/acc_unbiased': 73.89, 'best_test_valid/diff': 25.934, 'best_test_valid/acc_skew': 60.923, 'best_test_valid/acc_align': 86.857, 'best_test_test/acc': 81.93, 'best_test_test/acc_unbiased': 76.963, 'best_test_test/diff': 24.175, 'best_test_test/acc_skew': 64.876, 'best_test_test/acc_align': 89.051}
Total training time: 0:17:19
