Log level set to: INFO
Set seed: 3
=======> Using Fixed Random Seed: 3 <========
save_path: exp_results/bc-bb0-celeba_smiling-os_0.9_trivial-lr0.001-bs128-cbs64-w0.01-ratio30-aug1-seed3
get_celeba - split:train, aug: False, given_y: True, ratio: 0
use existing smiling indices from data/celeba/pickles/smiling
Distribution After Sampling: 
===================================
Binary Labels Distribution: 
Binary Target 0
---------------------------
Target 0: [36558, 36558]
Target 1: [36558, 36558]
Binary Target 1
---------------------------
Target 0: [36558, 36558]
Target 1: [36558, 36558]
===================================
Normal Label Distribution: 
Target 0: [36558, 36558]
Target 1: [36558, 36558]
===================================
Use BiasedCelebASplit 
 target_attr: smiling split: train 
 tensor([[36558., 36558.],
        [36558., 36558.]])
get_celeba - split:train, aug: 1, given_y: True, ratio: 30
use existing smiling indices from data/celeba/pickles/smiling
Distribution After Sampling: 
===================================
Binary Labels Distribution: 
Binary Target 0
---------------------------
Target 0: [36721, 36721]
Target 1: [36721, 36721]
Binary Target 1
---------------------------
Target 0: [36721, 36721]
Target 1: [36721, 36721]
===================================
Normal Label Distribution: 
Target 0: [36721, 36721]
Target 1: [36721, 36721]
===================================
Use BiasedCelebASplit 
 target_attr: smiling split: train 
 tensor([[36721., 36721.],
        [36721., 36721.]])
get_celeba - split:train_valid, aug: False, given_y: True, ratio: 0
use existing smiling indices from data/celeba/pickles/smiling
Use BiasedCelebASplit 
 target_attr: smiling split: train_valid 
 tensor([[ 1944., 10217.],
        [ 8222.,  1982.]])
get_celeba - split:valid, aug: False, given_y: True, ratio: 0
Use BiasedCelebASplit 
 target_attr: smiling split: valid 
 tensor([[5252., 6157.],
        [5013., 3445.]])
decay_epochs: [3, 6]
[1 / 10] Learning rate: 0.001 weight: 0.01
[1 / 10] Loss: 4.695323171380299 CE Loss: 0.25513495028041777 Con Loss: 4.692771828717845
[1 / 10] tensor([[0.908, 0.912],
        [0.930, 0.901]]) {'epoch': 1, 'valid/acc': 91.25, 'valid/acc_unbiased': 90.667, 'valid/diff': 1.514, 'valid/acc_skew': 90.975, 'valid/acc_align': 90.358, 'test/acc': 91.468, 'test/acc_unbiased': 91.286, 'test/diff': 1.619, 'test/acc_skew': 91.895, 'test/acc_align': 90.677}
[1 / 10] best valid accuracy: 90.667 at epoch 1 
 best_stats: {'best_valid_epoch': 1, 'best_valid_valid/acc': 91.25, 'best_valid_valid/acc_unbiased': 90.667, 'best_valid_valid/diff': 1.514, 'best_valid_valid/acc_skew': 90.975, 'best_valid_valid/acc_align': 90.358, 'best_valid_test/acc': 91.468, 'best_valid_test/acc_unbiased': 91.286, 'best_valid_test/diff': 1.619, 'best_valid_test/acc_skew': 91.895, 'best_valid_test/acc_align': 90.677}
[1 / 10] best test accuracy: 91.286 at epoch 1 
 best_stats: {'best_test_epoch': 1, 'best_test_valid/acc': 91.25, 'best_test_valid/acc_unbiased': 90.667, 'best_test_valid/diff': 1.514, 'best_test_valid/acc_skew': 90.975, 'best_test_valid/acc_align': 90.358, 'best_test_test/acc': 91.468, 'best_test_test/acc_unbiased': 91.286, 'best_test_test/diff': 1.619, 'best_test_test/acc_skew': 91.895, 'best_test_test/acc_align': 90.677}
[2 / 10] Learning rate: 0.001 weight: 0.01
[2 / 10] Loss: 4.658927480242785 CE Loss: 0.22963600628022143 Con Loss: 4.656631112966074
[2 / 10] tensor([[0.925, 0.932],
        [0.926, 0.888]]) {'epoch': 2, 'valid/acc': 92.242, 'valid/acc_unbiased': 91.552, 'valid/diff': 2.27, 'valid/acc_skew': 92.324, 'valid/acc_align': 90.78, 'test/acc': 92.072, 'test/acc_unbiased': 91.782, 'test/diff': 2.241, 'test/acc_skew': 92.562, 'test/acc_align': 91.001}
[2 / 10] best valid accuracy: 91.552 at epoch 2 
 best_stats: {'best_valid_epoch': 2, 'best_valid_valid/acc': 92.242, 'best_valid_valid/acc_unbiased': 91.552, 'best_valid_valid/diff': 2.27, 'best_valid_valid/acc_skew': 92.324, 'best_valid_valid/acc_align': 90.78, 'best_valid_test/acc': 92.072, 'best_valid_test/acc_unbiased': 91.782, 'best_valid_test/diff': 2.241, 'best_valid_test/acc_skew': 92.562, 'best_valid_test/acc_align': 91.001}
[2 / 10] best test accuracy: 91.782 at epoch 2 
 best_stats: {'best_test_epoch': 2, 'best_test_valid/acc': 92.242, 'best_test_valid/acc_unbiased': 91.552, 'best_test_valid/diff': 2.27, 'best_test_valid/acc_skew': 92.324, 'best_test_valid/acc_align': 90.78, 'best_test_test/acc': 92.072, 'best_test_test/acc_unbiased': 91.782, 'best_test_test/diff': 2.241, 'best_test_test/acc_skew': 92.562, 'best_test_test/acc_align': 91.001}
[3 / 10] Learning rate: 0.001 weight: 0.01
[3 / 10] Loss: 4.647300013606818 CE Loss: 0.21805110175051073 Con Loss: 4.64511950028152
[3 / 10] tensor([[0.917, 0.893],
        [0.931, 0.926]]) {'epoch': 3, 'valid/acc': 91.402, 'valid/acc_unbiased': 91.714, 'valid/diff': 1.581, 'valid/acc_skew': 92.49, 'valid/acc_align': 90.939, 'test/acc': 91.68, 'test/acc_unbiased': 91.669, 'test/diff': 1.42, 'test/acc_skew': 92.379, 'test/acc_align': 90.958}
[3 / 10] best valid accuracy: 91.714 at epoch 3 
 best_stats: {'best_valid_epoch': 3, 'best_valid_valid/acc': 91.402, 'best_valid_valid/acc_unbiased': 91.714, 'best_valid_valid/diff': 1.581, 'best_valid_valid/acc_skew': 92.49, 'best_valid_valid/acc_align': 90.939, 'best_valid_test/acc': 91.68, 'best_valid_test/acc_unbiased': 91.669, 'best_valid_test/diff': 1.42, 'best_valid_test/acc_skew': 92.379, 'best_valid_test/acc_align': 90.958}
[3 / 10] best test accuracy: 91.782 at epoch 2 
 best_stats: {'best_test_epoch': 2, 'best_test_valid/acc': 92.242, 'best_test_valid/acc_unbiased': 91.552, 'best_test_valid/diff': 2.27, 'best_test_valid/acc_skew': 92.324, 'best_test_valid/acc_align': 90.78, 'best_test_test/acc': 92.072, 'best_test_test/acc_unbiased': 91.782, 'best_test_test/diff': 2.241, 'best_test_test/acc_skew': 92.562, 'best_test_test/acc_align': 91.001}
[4 / 10] Learning rate: 0.0001 weight: 0.01
[4 / 10] Loss: 4.596175767431192 CE Loss: 0.1920257308482928 Con Loss: 4.594255509343396
[4 / 10] tensor([[0.948, 0.936],
        [0.914, 0.901]]) {'epoch': 4, 'valid/acc': 92.336, 'valid/acc_unbiased': 92.579, 'valid/diff': 1.001, 'valid/acc_skew': 93.08, 'valid/acc_align': 92.079, 'test/acc': 92.626, 'test/acc_unbiased': 92.474, 'test/diff': 1.24, 'test/acc_skew': 93.094, 'test/acc_align': 91.854}
[4 / 10] best valid accuracy: 92.579 at epoch 4 
 best_stats: {'best_valid_epoch': 4, 'best_valid_valid/acc': 92.336, 'best_valid_valid/acc_unbiased': 92.579, 'best_valid_valid/diff': 1.001, 'best_valid_valid/acc_skew': 93.08, 'best_valid_valid/acc_align': 92.079, 'best_valid_test/acc': 92.626, 'best_valid_test/acc_unbiased': 92.474, 'best_valid_test/diff': 1.24, 'best_valid_test/acc_skew': 93.094, 'best_valid_test/acc_align': 91.854}
[4 / 10] best test accuracy: 92.474 at epoch 4 
 best_stats: {'best_test_epoch': 4, 'best_test_valid/acc': 92.336, 'best_test_valid/acc_unbiased': 92.579, 'best_test_valid/diff': 1.001, 'best_test_valid/acc_skew': 93.08, 'best_test_valid/acc_align': 92.079, 'best_test_test/acc': 92.626, 'best_test_test/acc_unbiased': 92.474, 'best_test_test/diff': 1.24, 'best_test_test/acc_skew': 93.094, 'best_test_test/acc_align': 91.854}
[5 / 10] Learning rate: 0.0001 weight: 0.01
[5 / 10] Loss: 4.584204301041595 CE Loss: 0.18799163292296783 Con Loss: 4.582324381906099
[5 / 10] tensor([[0.947, 0.933],
        [0.916, 0.906]]) {'epoch': 5, 'valid/acc': 92.403, 'valid/acc_unbiased': 92.745, 'valid/diff': 1.328, 'valid/acc_skew': 93.409, 'valid/acc_align': 92.082, 'test/acc': 92.681, 'test/acc_unbiased': 92.552, 'test/diff': 1.22, 'test/acc_skew': 93.162, 'test/acc_align': 91.942}
[5 / 10] best valid accuracy: 92.745 at epoch 5 
 best_stats: {'best_valid_epoch': 5, 'best_valid_valid/acc': 92.403, 'best_valid_valid/acc_unbiased': 92.745, 'best_valid_valid/diff': 1.328, 'best_valid_valid/acc_skew': 93.409, 'best_valid_valid/acc_align': 92.082, 'best_valid_test/acc': 92.681, 'best_valid_test/acc_unbiased': 92.552, 'best_valid_test/diff': 1.22, 'best_valid_test/acc_skew': 93.162, 'best_valid_test/acc_align': 91.942}
[5 / 10] best test accuracy: 92.552 at epoch 5 
 best_stats: {'best_test_epoch': 5, 'best_test_valid/acc': 92.403, 'best_test_valid/acc_unbiased': 92.745, 'best_test_valid/diff': 1.328, 'best_test_valid/acc_skew': 93.409, 'best_test_valid/acc_align': 92.082, 'best_test_test/acc': 92.681, 'best_test_test/acc_unbiased': 92.552, 'best_test_test/diff': 1.22, 'best_test_test/acc_skew': 93.162, 'best_test_test/acc_align': 91.942}
[6 / 10] Learning rate: 0.0001 weight: 0.01
[6 / 10] Loss: 4.57573790466494 CE Loss: 0.1859223572379866 Con Loss: 4.573878677481275
[6 / 10] tensor([[0.932, 0.926],
        [0.930, 0.912]]) {'epoch': 6, 'valid/acc': 92.824, 'valid/acc_unbiased': 92.748, 'valid/diff': 1.267, 'valid/acc_skew': 93.381, 'valid/acc_align': 92.114, 'test/acc': 92.661, 'test/acc_unbiased': 92.52, 'test/diff': 1.196, 'test/acc_skew': 93.117, 'test/acc_align': 91.922}
[6 / 10] best valid accuracy: 92.748 at epoch 6 
 best_stats: {'best_valid_epoch': 6, 'best_valid_valid/acc': 92.824, 'best_valid_valid/acc_unbiased': 92.748, 'best_valid_valid/diff': 1.267, 'best_valid_valid/acc_skew': 93.381, 'best_valid_valid/acc_align': 92.114, 'best_valid_test/acc': 92.661, 'best_valid_test/acc_unbiased': 92.52, 'best_valid_test/diff': 1.196, 'best_valid_test/acc_skew': 93.117, 'best_valid_test/acc_align': 91.922}
[6 / 10] best test accuracy: 92.552 at epoch 5 
 best_stats: {'best_test_epoch': 5, 'best_test_valid/acc': 92.403, 'best_test_valid/acc_unbiased': 92.745, 'best_test_valid/diff': 1.328, 'best_test_valid/acc_skew': 93.409, 'best_test_valid/acc_align': 92.082, 'best_test_test/acc': 92.681, 'best_test_test/acc_unbiased': 92.552, 'best_test_test/diff': 1.22, 'best_test_test/acc_skew': 93.162, 'best_test_test/acc_align': 91.942}
[7 / 10] Learning rate: 1e-05 weight: 0.01
[7 / 10] Loss: 4.567480941721122 CE Loss: 0.1818951334133993 Con Loss: 4.56566198866453
[7 / 10] tensor([[0.943, 0.932],
        [0.925, 0.908]]) {'epoch': 7, 'valid/acc': 92.689, 'valid/acc_unbiased': 92.746, 'valid/diff': 1.536, 'valid/acc_skew': 93.514, 'valid/acc_align': 91.978, 'test/acc': 92.868, 'test/acc_unbiased': 92.711, 'test/diff': 1.417, 'test/acc_skew': 93.419, 'test/acc_align': 92.003}
[7 / 10] best valid accuracy: 92.748 at epoch 6 
 best_stats: {'best_valid_epoch': 6, 'best_valid_valid/acc': 92.824, 'best_valid_valid/acc_unbiased': 92.748, 'best_valid_valid/diff': 1.267, 'best_valid_valid/acc_skew': 93.381, 'best_valid_valid/acc_align': 92.114, 'best_valid_test/acc': 92.661, 'best_valid_test/acc_unbiased': 92.52, 'best_valid_test/diff': 1.196, 'best_valid_test/acc_skew': 93.117, 'best_valid_test/acc_align': 91.922}
[7 / 10] best test accuracy: 92.711 at epoch 7 
 best_stats: {'best_test_epoch': 7, 'best_test_valid/acc': 92.689, 'best_test_valid/acc_unbiased': 92.746, 'best_test_valid/diff': 1.536, 'best_test_valid/acc_skew': 93.514, 'best_test_valid/acc_align': 91.978, 'best_test_test/acc': 92.868, 'best_test_test/acc_unbiased': 92.711, 'best_test_test/diff': 1.417, 'best_test_test/acc_skew': 93.419, 'best_test_test/acc_align': 92.003}
[8 / 10] Learning rate: 1e-05 weight: 0.01
[8 / 10] Loss: 4.56884715695227 CE Loss: 0.18094044528162592 Con Loss: 4.567037748490912
[8 / 10] tensor([[0.942, 0.932],
        [0.925, 0.907]]) {'epoch': 8, 'valid/acc': 92.819, 'valid/acc_unbiased': 93.004, 'valid/diff': 1.241, 'valid/acc_skew': 93.624, 'valid/acc_align': 92.383, 'test/acc': 92.802, 'test/acc_unbiased': 92.637, 'test/diff': 1.395, 'test/acc_skew': 93.335, 'test/acc_align': 91.94}
[8 / 10] best valid accuracy: 93.004 at epoch 8 
 best_stats: {'best_valid_epoch': 8, 'best_valid_valid/acc': 92.819, 'best_valid_valid/acc_unbiased': 93.004, 'best_valid_valid/diff': 1.241, 'best_valid_valid/acc_skew': 93.624, 'best_valid_valid/acc_align': 92.383, 'best_valid_test/acc': 92.802, 'best_valid_test/acc_unbiased': 92.637, 'best_valid_test/diff': 1.395, 'best_valid_test/acc_skew': 93.335, 'best_valid_test/acc_align': 91.94}
[8 / 10] best test accuracy: 92.711 at epoch 7 
 best_stats: {'best_test_epoch': 7, 'best_test_valid/acc': 92.689, 'best_test_valid/acc_unbiased': 92.746, 'best_test_valid/diff': 1.536, 'best_test_valid/acc_skew': 93.514, 'best_test_valid/acc_align': 91.978, 'best_test_test/acc': 92.868, 'best_test_test/acc_unbiased': 92.711, 'best_test_test/diff': 1.417, 'best_test_test/acc_skew': 93.419, 'best_test_test/acc_align': 92.003}
[9 / 10] Learning rate: 1e-05 weight: 0.01
[9 / 10] Loss: 4.562974004726179 CE Loss: 0.18016959968030083 Con Loss: 4.5611723046496095
[9 / 10] tensor([[0.950, 0.943],
        [0.917, 0.899]]) {'epoch': 9, 'valid/acc': 92.765, 'valid/acc_unbiased': 92.982, 'valid/diff': 1.564, 'valid/acc_skew': 93.764, 'valid/acc_align': 92.2, 'test/acc': 92.933, 'test/acc_unbiased': 92.742, 'test/diff': 1.242, 'test/acc_skew': 93.363, 'test/acc_align': 92.121}
[9 / 10] best valid accuracy: 93.004 at epoch 8 
 best_stats: {'best_valid_epoch': 8, 'best_valid_valid/acc': 92.819, 'best_valid_valid/acc_unbiased': 93.004, 'best_valid_valid/diff': 1.241, 'best_valid_valid/acc_skew': 93.624, 'best_valid_valid/acc_align': 92.383, 'best_valid_test/acc': 92.802, 'best_valid_test/acc_unbiased': 92.637, 'best_valid_test/diff': 1.395, 'best_valid_test/acc_skew': 93.335, 'best_valid_test/acc_align': 91.94}
[9 / 10] best test accuracy: 92.742 at epoch 9 
 best_stats: {'best_test_epoch': 9, 'best_test_valid/acc': 92.765, 'best_test_valid/acc_unbiased': 92.982, 'best_test_valid/diff': 1.564, 'best_test_valid/acc_skew': 93.764, 'best_test_valid/acc_align': 92.2, 'best_test_test/acc': 92.933, 'best_test_test/acc_unbiased': 92.742, 'best_test_test/diff': 1.242, 'best_test_test/acc_skew': 93.363, 'best_test_test/acc_align': 92.121}
[10 / 10] Learning rate: 1e-05 weight: 0.01
[10 / 10] Loss: 4.561947483157908 CE Loss: 0.17941388015322118 Con Loss: 4.56015334365939
[10 / 10] tensor([[0.953, 0.940],
        [0.914, 0.896]]) {'epoch': 10, 'valid/acc': 92.779, 'valid/acc_unbiased': 92.946, 'valid/diff': 1.27, 'valid/acc_skew': 93.581, 'valid/acc_align': 92.311, 'test/acc': 92.772, 'test/acc_unbiased': 92.567, 'test/diff': 1.588, 'test/acc_skew': 93.361, 'test/acc_align': 91.773}
[10 / 10] best valid accuracy: 93.004 at epoch 8 
 best_stats: {'best_valid_epoch': 8, 'best_valid_valid/acc': 92.819, 'best_valid_valid/acc_unbiased': 93.004, 'best_valid_valid/diff': 1.241, 'best_valid_valid/acc_skew': 93.624, 'best_valid_valid/acc_align': 92.383, 'best_valid_test/acc': 92.802, 'best_valid_test/acc_unbiased': 92.637, 'best_valid_test/diff': 1.395, 'best_valid_test/acc_skew': 93.335, 'best_valid_test/acc_align': 91.94}
[10 / 10] best test accuracy: 92.742 at epoch 9 
 best_stats: {'best_test_epoch': 9, 'best_test_valid/acc': 92.765, 'best_test_valid/acc_unbiased': 92.982, 'best_test_valid/diff': 1.564, 'best_test_valid/acc_skew': 93.764, 'best_test_valid/acc_align': 92.2, 'best_test_test/acc': 92.933, 'best_test_test/acc_unbiased': 92.742, 'best_test_test/diff': 1.242, 'best_test_test/acc_skew': 93.363, 'best_test_test/acc_align': 92.121}
Total training time: 2:10:58
