Log level set to: INFO
Set seed: 1
=======> Using Fixed Random Seed: 1 <========
save_path: exp_results/bc-bb0-utk_face_age-us-0.99-lr0.001-bs2-cbs1-w0.01-ratio10-aug1-seed1
get_utk_face - split: train, aug: False, given_y: True, ratio: 0
use existing biased_utk_face from data/utk_face/pickles/biased_utk_face-target_gender-bias_age-0.99
Distribution Before Sampling: 
===================================
Binary Labels Distribution: 
Binary Target 0
---------------------------
Target 0: [8237, 14]
Target 1: [82, 1477]
Binary Target 1
---------------------------
Target 0: [8237, 14]
Target 1: [82, 1477]
===================================
Normal Label Distribution: 
Target 0: [8237, 14]
Target 1: [82, 1477]
===================================
Distribution After Sampling: 
===================================
Binary Labels Distribution: 
Binary Target 0
---------------------------
Target 0: [14, 14]
Target 1: [14, 14]
Binary Target 1
---------------------------
Target 0: [14, 14]
Target 1: [14, 14]
===================================
Normal Label Distribution: 
Target 0: [14, 14]
Target 1: [14, 14]
===================================
Use BiasedUTKFace - target_attr: gender
BiasedUTKFace -- total: 56, target_attr: gender, bias_attr: age bias_rate: 0.99
['[train] target_0-bias_0: 14', '[train] target_0-bias_1: 14', '[train] target_1-bias_0: 14', '[train] target_1-bias_1: 14']
confusion_matrix - 
 original: tensor([[14., 14.],
        [14., 14.]]), 
 normalized: tensor([[0.500, 0.500],
        [0.500, 0.500]]), 
 b|y: tensor([[0.500, 0.500],
        [0.500, 0.500]])
get_utk_face - split: train, aug: 1, given_y: True, ratio: 10
use existing biased_utk_face from data/utk_face/pickles/biased_utk_face-target_gender-bias_age-0.99
Distribution Before Sampling: 
===================================
Binary Labels Distribution: 
Binary Target 0
---------------------------
Target 0: [8237, 14]
Target 1: [82, 1477]
Binary Target 1
---------------------------
Target 0: [8237, 14]
Target 1: [82, 1477]
===================================
Normal Label Distribution: 
Target 0: [8237, 14]
Target 1: [82, 1477]
===================================
Distribution After Sampling: 
===================================
Binary Labels Distribution: 
Binary Target 0
---------------------------
Target 0: [14, 14]
Target 1: [14, 14]
Binary Target 1
---------------------------
Target 0: [14, 14]
Target 1: [14, 14]
===================================
Normal Label Distribution: 
Target 0: [14, 14]
Target 1: [14, 14]
===================================
Use BiasedUTKFace - target_attr: gender
BiasedUTKFace -- total: 56, target_attr: gender, bias_attr: age bias_rate: 0.99
['[train] target_0-bias_0: 14', '[train] target_0-bias_1: 14', '[train] target_1-bias_0: 14', '[train] target_1-bias_1: 14']
get_utk_face - split: valid, aug: False, given_y: True, ratio: 0
use existing biased_utk_face from data/utk_face/pickles/biased_utk_face-target_gender-bias_age-0.99
Distribution Before Sampling: 
===================================
Binary Labels Distribution: 
Binary Target 0
---------------------------
Target 0: [1030, 195]
Target 1: [841, 202]
Binary Target 1
---------------------------
Target 0: [1030, 195]
Target 1: [841, 202]
===================================
Normal Label Distribution: 
Target 0: [1030, 195]
Target 1: [841, 202]
===================================
Use BiasedUTKFace - target_attr: gender
BiasedUTKFace -- total: 2268, target_attr: gender, bias_attr: age bias_rate: 0.99
['[valid] target_0-bias_0: 1030', '[valid] target_0-bias_1: 195', '[valid] target_1-bias_0: 841', '[valid] target_1-bias_1: 202']
get_utk_face - split: test, aug: False, given_y: True, ratio: 0
use existing biased_utk_face from data/utk_face/pickles/biased_utk_face-target_gender-bias_age-0.99
Distribution Before Sampling: 
===================================
Binary Labels Distribution: 
Binary Target 0
---------------------------
Target 0: [1061, 176]
Target 1: [867, 165]
Binary Target 1
---------------------------
Target 0: [1061, 176]
Target 1: [867, 165]
===================================
Normal Label Distribution: 
Target 0: [1061, 176]
Target 1: [867, 165]
===================================
Use BiasedUTKFace - target_attr: gender
BiasedUTKFace -- total: 2269, target_attr: gender, bias_attr: age bias_rate: 0.99
['[test] target_0-bias_0: 1061', '[test] target_0-bias_1: 176', '[test] target_1-bias_0: 867', '[test] target_1-bias_1: 165']
decay_epochs: [6, 13]
[1 / 20] Learning rate: 0.001 weight: 0.01
[1 / 20] Loss: 0.01759936217318422 CE Loss: 1.7599362800163882 Con Loss: 0.0
[1 / 20] tensor([[0.437, 0.347],
        [0.475, 0.655]]) {'epoch': 1, 'valid/acc': 45.062, 'valid/acc_unbiased': 46.716, 'valid/diff': 19.768, 'valid/acc_skew': 44.172, 'valid/acc_align': 49.26, 'test/acc': 46.056, 'test/acc_unbiased': 47.842, 'test/diff': 13.504, 'test/acc_skew': 45.626, 'test/acc_align': 50.057}
[1 / 20] best valid accuracy: 46.716 at epoch 1 
 best_stats: {'best_valid_epoch': 1, 'best_valid_valid/acc': 45.062, 'best_valid_valid/acc_unbiased': 46.716, 'best_valid_valid/diff': 19.768, 'best_valid_valid/acc_skew': 44.172, 'best_valid_valid/acc_align': 49.26, 'best_valid_test/acc': 46.056, 'best_valid_test/acc_unbiased': 47.842, 'best_valid_test/diff': 13.504, 'best_valid_test/acc_skew': 45.626, 'best_valid_test/acc_align': 50.057}
[1 / 20] best test accuracy: 47.842 at epoch 1 
 best_stats: {'best_test_epoch': 1, 'best_test_valid/acc': 45.062, 'best_test_valid/acc_unbiased': 46.716, 'best_test_valid/diff': 19.768, 'best_test_valid/acc_skew': 44.172, 'best_test_valid/acc_align': 49.26, 'best_test_test/acc': 46.056, 'best_test_test/acc_unbiased': 47.842, 'best_test_test/diff': 13.504, 'best_test_test/acc_skew': 45.626, 'best_test_test/acc_align': 50.057}
[2 / 20] Learning rate: 0.001 weight: 0.01
[2 / 20] Loss: 0.00892899022437632 CE Loss: 0.8928990438580513 Con Loss: 0.0
[2 / 20] tensor([[0.682, 0.426],
        [0.280, 0.564]]) {'epoch': 2, 'valid/acc': 51.72, 'valid/acc_unbiased': 49.642, 'valid/diff': 29.996, 'valid/acc_skew': 50.067, 'valid/acc_align': 49.217, 'test/acc': 50.022, 'test/acc_unbiased': 48.811, 'test/diff': 26.98, 'test/acc_skew': 48.133, 'test/acc_align': 49.489}
[2 / 20] best valid accuracy: 49.642 at epoch 2 
 best_stats: {'best_valid_epoch': 2, 'best_valid_valid/acc': 51.72, 'best_valid_valid/acc_unbiased': 49.642, 'best_valid_valid/diff': 29.996, 'best_valid_valid/acc_skew': 50.067, 'best_valid_valid/acc_align': 49.217, 'best_valid_test/acc': 50.022, 'best_valid_test/acc_unbiased': 48.811, 'best_valid_test/diff': 26.98, 'best_valid_test/acc_skew': 48.133, 'best_valid_test/acc_align': 49.489}
[2 / 20] best test accuracy: 48.811 at epoch 2 
 best_stats: {'best_test_epoch': 2, 'best_test_valid/acc': 51.72, 'best_test_valid/acc_unbiased': 49.642, 'best_test_valid/diff': 29.996, 'best_test_valid/acc_skew': 50.067, 'best_test_valid/acc_align': 49.217, 'best_test_test/acc': 50.022, 'best_test_test/acc_unbiased': 48.811, 'best_test_test/diff': 26.98, 'best_test_test/acc_skew': 48.133, 'best_test_test/acc_align': 49.489}
[3 / 20] Learning rate: 0.001 weight: 0.01
[3 / 20] Loss: 0.008144409429015858 CE Loss: 0.8144409539444106 Con Loss: 0.0
[3 / 20] tensor([[0.775, 0.949],
        [0.286, 0.097]]) {'epoch': 3, 'valid/acc': 52.91, 'valid/acc_unbiased': 50.424, 'valid/diff': 12.878, 'valid/acc_skew': 51.034, 'valid/acc_align': 49.813, 'test/acc': 55.223, 'test/acc_unbiased': 52.665, 'test/diff': 18.16, 'test/acc_skew': 53.039, 'test/acc_align': 52.292}
[3 / 20] best valid accuracy: 50.424 at epoch 3 
 best_stats: {'best_valid_epoch': 3, 'best_valid_valid/acc': 52.91, 'best_valid_valid/acc_unbiased': 50.424, 'best_valid_valid/diff': 12.878, 'best_valid_valid/acc_skew': 51.034, 'best_valid_valid/acc_align': 49.813, 'best_valid_test/acc': 55.223, 'best_valid_test/acc_unbiased': 52.665, 'best_valid_test/diff': 18.16, 'best_valid_test/acc_skew': 53.039, 'best_valid_test/acc_align': 52.292}
[3 / 20] best test accuracy: 52.665 at epoch 3 
 best_stats: {'best_test_epoch': 3, 'best_test_valid/acc': 52.91, 'best_test_valid/acc_unbiased': 50.424, 'best_test_valid/diff': 12.878, 'best_test_valid/acc_skew': 51.034, 'best_test_valid/acc_align': 49.813, 'best_test_test/acc': 55.223, 'best_test_test/acc_unbiased': 52.665, 'best_test_test/diff': 18.16, 'best_test_test/acc_skew': 53.039, 'best_test_test/acc_align': 52.292}
[4 / 20] Learning rate: 0.001 weight: 0.01
[4 / 20] Loss: 0.008641453651112638 CE Loss: 0.8641453768525805 Con Loss: 0.0
[4 / 20] tensor([[0.351, 0.352],
        [0.728, 0.667]]) {'epoch': 4, 'valid/acc': 48.369, 'valid/acc_unbiased': 49.855, 'valid/diff': 5.898, 'valid/acc_skew': 49.751, 'valid/acc_align': 49.958, 'test/acc': 51.785, 'test/acc_unbiased': 52.434, 'test/diff': 3.14, 'test/acc_skew': 53.92, 'test/acc_align': 50.947}
[4 / 20] best valid accuracy: 50.424 at epoch 3 
 best_stats: {'best_valid_epoch': 3, 'best_valid_valid/acc': 52.91, 'best_valid_valid/acc_unbiased': 50.424, 'best_valid_valid/diff': 12.878, 'best_valid_valid/acc_skew': 51.034, 'best_valid_valid/acc_align': 49.813, 'best_valid_test/acc': 55.223, 'best_valid_test/acc_unbiased': 52.665, 'best_valid_test/diff': 18.16, 'best_valid_test/acc_skew': 53.039, 'best_valid_test/acc_align': 52.292}
[4 / 20] best test accuracy: 52.665 at epoch 3 
 best_stats: {'best_test_epoch': 3, 'best_test_valid/acc': 52.91, 'best_test_valid/acc_unbiased': 50.424, 'best_test_valid/diff': 12.878, 'best_test_valid/acc_skew': 51.034, 'best_test_valid/acc_align': 49.813, 'best_test_test/acc': 55.223, 'best_test_test/acc_unbiased': 52.665, 'best_test_test/diff': 18.16, 'best_test_test/acc_skew': 53.039, 'best_test_test/acc_align': 52.292}
[5 / 20] Learning rate: 0.001 weight: 0.01
[5 / 20] Loss: 0.008543795573392085 CE Loss: 0.8543795687811715 Con Loss: 0.0
[5 / 20] tensor([[0.926, 0.807],
        [0.095, 0.309]]) {'epoch': 5, 'valid/acc': 54.63, 'valid/acc_unbiased': 51.599, 'valid/diff': 16.563, 'valid/acc_skew': 51.132, 'valid/acc_align': 52.067, 'test/acc': 55.443, 'test/acc_unbiased': 53.424, 'test/diff': 16.709, 'test/acc_skew': 51.053, 'test/acc_align': 55.795}
[5 / 20] best valid accuracy: 51.599 at epoch 5 
 best_stats: {'best_valid_epoch': 5, 'best_valid_valid/acc': 54.63, 'best_valid_valid/acc_unbiased': 51.599, 'best_valid_valid/diff': 16.563, 'best_valid_valid/acc_skew': 51.132, 'best_valid_valid/acc_align': 52.067, 'best_valid_test/acc': 55.443, 'best_valid_test/acc_unbiased': 53.424, 'best_valid_test/diff': 16.709, 'best_valid_test/acc_skew': 51.053, 'best_valid_test/acc_align': 55.795}
[5 / 20] best test accuracy: 53.424 at epoch 5 
 best_stats: {'best_test_epoch': 5, 'best_test_valid/acc': 54.63, 'best_test_valid/acc_unbiased': 51.599, 'best_test_valid/diff': 16.563, 'best_test_valid/acc_skew': 51.132, 'best_test_valid/acc_align': 52.067, 'best_test_test/acc': 55.443, 'best_test_test/acc_unbiased': 53.424, 'best_test_test/diff': 16.709, 'best_test_test/acc_skew': 51.053, 'best_test_test/acc_align': 55.795}
[6 / 20] Learning rate: 0.001 weight: 0.01
[6 / 20] Loss: 0.00751686844575618 CE Loss: 0.7516868572149958 Con Loss: 0.0
[6 / 20] tensor([[0.897, 0.949],
        [0.069, 0.012]]) {'epoch': 6, 'valid/acc': 53.527, 'valid/acc_unbiased': 49.649, 'valid/diff': 5.561, 'valid/acc_skew': 50.625, 'valid/acc_align': 48.674, 'test/acc': 52.049, 'test/acc_unbiased': 48.186, 'test/diff': 5.434, 'test/acc_skew': 48.324, 'test/acc_align': 48.049}
[6 / 20] best valid accuracy: 51.599 at epoch 5 
 best_stats: {'best_valid_epoch': 5, 'best_valid_valid/acc': 54.63, 'best_valid_valid/acc_unbiased': 51.599, 'best_valid_valid/diff': 16.563, 'best_valid_valid/acc_skew': 51.132, 'best_valid_valid/acc_align': 52.067, 'best_valid_test/acc': 55.443, 'best_valid_test/acc_unbiased': 53.424, 'best_valid_test/diff': 16.709, 'best_valid_test/acc_skew': 51.053, 'best_valid_test/acc_align': 55.795}
[6 / 20] best test accuracy: 53.424 at epoch 5 
 best_stats: {'best_test_epoch': 5, 'best_test_valid/acc': 54.63, 'best_test_valid/acc_unbiased': 51.599, 'best_test_valid/diff': 16.563, 'best_test_valid/acc_skew': 51.132, 'best_test_valid/acc_align': 52.067, 'best_test_test/acc': 55.443, 'best_test_test/acc_unbiased': 53.424, 'best_test_test/diff': 16.709, 'best_test_test/acc_skew': 51.053, 'best_test_test/acc_align': 55.795}
[7 / 20] Learning rate: 0.0001 weight: 0.01
[7 / 20] Loss: 0.00760287550344531 CE Loss: 0.7602875679731369 Con Loss: 0.0
[7 / 20] tensor([[0.783, 0.858],
        [0.158, 0.115]]) {'epoch': 7, 'valid/acc': 52.954, 'valid/acc_unbiased': 50.131, 'valid/diff': 7.576, 'valid/acc_skew': 51.016, 'valid/acc_align': 49.247, 'test/acc': 50.154, 'test/acc_unbiased': 47.859, 'test/diff': 5.88, 'test/acc_skew': 47.062, 'test/acc_align': 48.655}
[7 / 20] best valid accuracy: 51.599 at epoch 5 
 best_stats: {'best_valid_epoch': 5, 'best_valid_valid/acc': 54.63, 'best_valid_valid/acc_unbiased': 51.599, 'best_valid_valid/diff': 16.563, 'best_valid_valid/acc_skew': 51.132, 'best_valid_valid/acc_align': 52.067, 'best_valid_test/acc': 55.443, 'best_valid_test/acc_unbiased': 53.424, 'best_valid_test/diff': 16.709, 'best_valid_test/acc_skew': 51.053, 'best_valid_test/acc_align': 55.795}
[7 / 20] best test accuracy: 53.424 at epoch 5 
 best_stats: {'best_test_epoch': 5, 'best_test_valid/acc': 54.63, 'best_test_valid/acc_unbiased': 51.599, 'best_test_valid/diff': 16.563, 'best_test_valid/acc_skew': 51.132, 'best_test_valid/acc_align': 52.067, 'best_test_test/acc': 55.443, 'best_test_test/acc_unbiased': 53.424, 'best_test_test/diff': 16.709, 'best_test_test/acc_skew': 51.053, 'best_test_test/acc_align': 55.795}
[8 / 20] Learning rate: 0.0001 weight: 0.01
[8 / 20] Loss: 0.006795861118007451 CE Loss: 0.6795861258038453 Con Loss: 0.0
[8 / 20] tensor([[0.534, 0.733],
        [0.513, 0.315]]) {'epoch': 8, 'valid/acc': 51.984, 'valid/acc_unbiased': 51.474, 'valid/diff': 21.04, 'valid/acc_skew': 52.172, 'valid/acc_align': 50.776, 'test/acc': 52.578, 'test/acc_unbiased': 52.394, 'test/diff': 19.833, 'test/acc_skew': 52.383, 'test/acc_align': 52.405}
[8 / 20] best valid accuracy: 51.599 at epoch 5 
 best_stats: {'best_valid_epoch': 5, 'best_valid_valid/acc': 54.63, 'best_valid_valid/acc_unbiased': 51.599, 'best_valid_valid/diff': 16.563, 'best_valid_valid/acc_skew': 51.132, 'best_valid_valid/acc_align': 52.067, 'best_valid_test/acc': 55.443, 'best_valid_test/acc_unbiased': 53.424, 'best_valid_test/diff': 16.709, 'best_valid_test/acc_skew': 51.053, 'best_valid_test/acc_align': 55.795}
[8 / 20] best test accuracy: 53.424 at epoch 5 
 best_stats: {'best_test_epoch': 5, 'best_test_valid/acc': 54.63, 'best_test_valid/acc_unbiased': 51.599, 'best_test_valid/diff': 16.563, 'best_test_valid/acc_skew': 51.132, 'best_test_valid/acc_align': 52.067, 'best_test_test/acc': 55.443, 'best_test_test/acc_unbiased': 53.424, 'best_test_test/diff': 16.709, 'best_test_test/acc_skew': 51.053, 'best_test_test/acc_align': 55.795}
[9 / 20] Learning rate: 0.0001 weight: 0.01
[9 / 20] Loss: 0.006803920309591506 CE Loss: 0.6803920460598809 Con Loss: 0.0
[9 / 20] tensor([[0.359, 0.608],
        [0.672, 0.479]]) {'epoch': 9, 'valid/acc': 50.926, 'valid/acc_unbiased': 52.45, 'valid/diff': 19.317, 'valid/acc_skew': 51.907, 'valid/acc_align': 52.993, 'test/acc': 50.683, 'test/acc_unbiased': 52.957, 'test/diff': 22.125, 'test/acc_skew': 51.576, 'test/acc_align': 54.337}
[9 / 20] best valid accuracy: 52.450 at epoch 9 
 best_stats: {'best_valid_epoch': 9, 'best_valid_valid/acc': 50.926, 'best_valid_valid/acc_unbiased': 52.45, 'best_valid_valid/diff': 19.317, 'best_valid_valid/acc_skew': 51.907, 'best_valid_valid/acc_align': 52.993, 'best_valid_test/acc': 50.683, 'best_valid_test/acc_unbiased': 52.957, 'best_valid_test/diff': 22.125, 'best_valid_test/acc_skew': 51.576, 'best_valid_test/acc_align': 54.337}
[9 / 20] best test accuracy: 53.424 at epoch 5 
 best_stats: {'best_test_epoch': 5, 'best_test_valid/acc': 54.63, 'best_test_valid/acc_unbiased': 51.599, 'best_test_valid/diff': 16.563, 'best_test_valid/acc_skew': 51.132, 'best_test_valid/acc_align': 52.067, 'best_test_test/acc': 55.443, 'best_test_test/acc_unbiased': 53.424, 'best_test_test/diff': 16.709, 'best_test_test/acc_skew': 51.053, 'best_test_test/acc_align': 55.795}
[10 / 20] Learning rate: 0.0001 weight: 0.01
[10 / 20] Loss: 0.007654755051979529 CE Loss: 0.7654755221945899 Con Loss: 0.0
[10 / 20] tensor([[0.175, 0.330],
        [0.817, 0.733]]) {'epoch': 10, 'valid/acc': 47.266, 'valid/acc_unbiased': 50.151, 'valid/diff': 10.937, 'valid/acc_skew': 49.804, 'valid/acc_align': 50.498, 'test/acc': 47.29, 'test/acc_unbiased': 51.37, 'test/diff': 11.876, 'test/acc_skew': 49.596, 'test/acc_align': 53.144}
[10 / 20] best valid accuracy: 52.450 at epoch 9 
 best_stats: {'best_valid_epoch': 9, 'best_valid_valid/acc': 50.926, 'best_valid_valid/acc_unbiased': 52.45, 'best_valid_valid/diff': 19.317, 'best_valid_valid/acc_skew': 51.907, 'best_valid_valid/acc_align': 52.993, 'best_valid_test/acc': 50.683, 'best_valid_test/acc_unbiased': 52.957, 'best_valid_test/diff': 22.125, 'best_valid_test/acc_skew': 51.576, 'best_valid_test/acc_align': 54.337}
[10 / 20] best test accuracy: 53.424 at epoch 5 
 best_stats: {'best_test_epoch': 5, 'best_test_valid/acc': 54.63, 'best_test_valid/acc_unbiased': 51.599, 'best_test_valid/diff': 16.563, 'best_test_valid/acc_skew': 51.132, 'best_test_valid/acc_align': 52.067, 'best_test_test/acc': 55.443, 'best_test_test/acc_unbiased': 53.424, 'best_test_test/diff': 16.709, 'best_test_test/acc_skew': 51.053, 'best_test_test/acc_align': 55.795}
[11 / 20] Learning rate: 0.0001 weight: 0.01
[11 / 20] Loss: 0.0070239970560318655 CE Loss: 0.7023997221674237 Con Loss: 0.0
[11 / 20] tensor([[0.484, 0.562],
        [0.494, 0.382]]) {'epoch': 11, 'valid/acc': 49.691, 'valid/acc_unbiased': 50.715, 'valid/diff': 7.217, 'valid/acc_skew': 49.454, 'valid/acc_align': 51.976, 'test/acc': 48.612, 'test/acc_unbiased': 48.037, 'test/diff': 9.542, 'test/acc_skew': 48.858, 'test/acc_align': 47.216}
[11 / 20] best valid accuracy: 52.450 at epoch 9 
 best_stats: {'best_valid_epoch': 9, 'best_valid_valid/acc': 50.926, 'best_valid_valid/acc_unbiased': 52.45, 'best_valid_valid/diff': 19.317, 'best_valid_valid/acc_skew': 51.907, 'best_valid_valid/acc_align': 52.993, 'best_valid_test/acc': 50.683, 'best_valid_test/acc_unbiased': 52.957, 'best_valid_test/diff': 22.125, 'best_valid_test/acc_skew': 51.576, 'best_valid_test/acc_align': 54.337}
[11 / 20] best test accuracy: 53.424 at epoch 5 
 best_stats: {'best_test_epoch': 5, 'best_test_valid/acc': 54.63, 'best_test_valid/acc_unbiased': 51.599, 'best_test_valid/diff': 16.563, 'best_test_valid/acc_skew': 51.132, 'best_test_valid/acc_align': 52.067, 'best_test_test/acc': 55.443, 'best_test_test/acc_unbiased': 53.424, 'best_test_test/diff': 16.709, 'best_test_test/acc_skew': 51.053, 'best_test_test/acc_align': 55.795}
[12 / 20] Learning rate: 0.0001 weight: 0.01
[12 / 20] Loss: 0.007033680016840143 CE Loss: 0.7033680166516986 Con Loss: 0.0
[12 / 20] tensor([[0.864, 0.858],
        [0.118, 0.218]]) {'epoch': 12, 'valid/acc': 52.249, 'valid/acc_unbiased': 48.836, 'valid/diff': 6.762, 'valid/acc_skew': 49.539, 'valid/acc_align': 48.133, 'test/acc': 53.151, 'test/acc_unbiased': 51.452, 'test/diff': 5.343, 'test/acc_skew': 49.096, 'test/acc_align': 53.807}
[12 / 20] best valid accuracy: 52.450 at epoch 9 
 best_stats: {'best_valid_epoch': 9, 'best_valid_valid/acc': 50.926, 'best_valid_valid/acc_unbiased': 52.45, 'best_valid_valid/diff': 19.317, 'best_valid_valid/acc_skew': 51.907, 'best_valid_valid/acc_align': 52.993, 'best_valid_test/acc': 50.683, 'best_valid_test/acc_unbiased': 52.957, 'best_valid_test/diff': 22.125, 'best_valid_test/acc_skew': 51.576, 'best_valid_test/acc_align': 54.337}
[12 / 20] best test accuracy: 53.424 at epoch 5 
 best_stats: {'best_test_epoch': 5, 'best_test_valid/acc': 54.63, 'best_test_valid/acc_unbiased': 51.599, 'best_test_valid/diff': 16.563, 'best_test_valid/acc_skew': 51.132, 'best_test_valid/acc_align': 52.067, 'best_test_test/acc': 55.443, 'best_test_test/acc_unbiased': 53.424, 'best_test_test/diff': 16.709, 'best_test_test/acc_skew': 51.053, 'best_test_test/acc_align': 55.795}
[13 / 20] Learning rate: 0.0001 weight: 0.01
[13 / 20] Loss: 0.006777521480606603 CE Loss: 0.6777521616646222 Con Loss: 0.0
[13 / 20] tensor([[0.156, 0.301],
        [0.818, 0.788]]) {'epoch': 13, 'valid/acc': 47.178, 'valid/acc_unbiased': 49.929, 'valid/diff': 10.28, 'valid/acc_skew': 49.891, 'valid/acc_align': 49.967, 'test/acc': 46.584, 'test/acc_unbiased': 51.557, 'test/diff': 8.775, 'test/acc_skew': 48.664, 'test/acc_align': 54.451}
[13 / 20] best valid accuracy: 52.450 at epoch 9 
 best_stats: {'best_valid_epoch': 9, 'best_valid_valid/acc': 50.926, 'best_valid_valid/acc_unbiased': 52.45, 'best_valid_valid/diff': 19.317, 'best_valid_valid/acc_skew': 51.907, 'best_valid_valid/acc_align': 52.993, 'best_valid_test/acc': 50.683, 'best_valid_test/acc_unbiased': 52.957, 'best_valid_test/diff': 22.125, 'best_valid_test/acc_skew': 51.576, 'best_valid_test/acc_align': 54.337}
[13 / 20] best test accuracy: 53.424 at epoch 5 
 best_stats: {'best_test_epoch': 5, 'best_test_valid/acc': 54.63, 'best_test_valid/acc_unbiased': 51.599, 'best_test_valid/diff': 16.563, 'best_test_valid/acc_skew': 51.132, 'best_test_valid/acc_align': 52.067, 'best_test_test/acc': 55.443, 'best_test_test/acc_unbiased': 53.424, 'best_test_test/diff': 16.709, 'best_test_test/acc_skew': 51.053, 'best_test_test/acc_align': 55.795}
[14 / 20] Learning rate: 1e-05 weight: 0.01
[14 / 20] Loss: 0.007366653914297265 CE Loss: 0.7366654063974108 Con Loss: 0.0
[14 / 20] tensor([[0.319, 0.557],
        [0.657, 0.521]]) {'epoch': 14, 'valid/acc': 49.868, 'valid/acc_unbiased': 51.354, 'valid/diff': 17.932, 'valid/acc_skew': 51.317, 'valid/acc_align': 51.392, 'test/acc': 48.127, 'test/acc_unbiased': 51.351, 'test/diff': 18.724, 'test/acc_skew': 48.8, 'test/acc_align': 53.902}
[14 / 20] best valid accuracy: 52.450 at epoch 9 
 best_stats: {'best_valid_epoch': 9, 'best_valid_valid/acc': 50.926, 'best_valid_valid/acc_unbiased': 52.45, 'best_valid_valid/diff': 19.317, 'best_valid_valid/acc_skew': 51.907, 'best_valid_valid/acc_align': 52.993, 'best_valid_test/acc': 50.683, 'best_valid_test/acc_unbiased': 52.957, 'best_valid_test/diff': 22.125, 'best_valid_test/acc_skew': 51.576, 'best_valid_test/acc_align': 54.337}
[14 / 20] best test accuracy: 53.424 at epoch 5 
 best_stats: {'best_test_epoch': 5, 'best_test_valid/acc': 54.63, 'best_test_valid/acc_unbiased': 51.599, 'best_test_valid/diff': 16.563, 'best_test_valid/acc_skew': 51.132, 'best_test_valid/acc_align': 52.067, 'best_test_test/acc': 55.443, 'best_test_test/acc_unbiased': 53.424, 'best_test_test/diff': 16.709, 'best_test_test/acc_skew': 51.053, 'best_test_test/acc_align': 55.795}
[15 / 20] Learning rate: 1e-05 weight: 0.01
[15 / 20] Loss: 0.006937366877017277 CE Loss: 0.6937367022037506 Con Loss: 0.0
[15 / 20] tensor([[0.387, 0.659],
        [0.606, 0.455]]) {'epoch': 15, 'valid/acc': 49.383, 'valid/acc_unbiased': 49.23, 'valid/diff': 18.391, 'valid/acc_skew': 50.692, 'valid/acc_align': 47.768, 'test/acc': 49.669, 'test/acc_unbiased': 52.664, 'test/diff': 21.136, 'test/acc_skew': 49.645, 'test/acc_align': 55.682}
[15 / 20] best valid accuracy: 52.450 at epoch 9 
 best_stats: {'best_valid_epoch': 9, 'best_valid_valid/acc': 50.926, 'best_valid_valid/acc_unbiased': 52.45, 'best_valid_valid/diff': 19.317, 'best_valid_valid/acc_skew': 51.907, 'best_valid_valid/acc_align': 52.993, 'best_valid_test/acc': 50.683, 'best_valid_test/acc_unbiased': 52.957, 'best_valid_test/diff': 22.125, 'best_valid_test/acc_skew': 51.576, 'best_valid_test/acc_align': 54.337}
[15 / 20] best test accuracy: 53.424 at epoch 5 
 best_stats: {'best_test_epoch': 5, 'best_test_valid/acc': 54.63, 'best_test_valid/acc_unbiased': 51.599, 'best_test_valid/diff': 16.563, 'best_test_valid/acc_skew': 51.132, 'best_test_valid/acc_align': 52.067, 'best_test_test/acc': 55.443, 'best_test_test/acc_unbiased': 53.424, 'best_test_test/diff': 16.709, 'best_test_test/acc_skew': 51.053, 'best_test_test/acc_align': 55.795}
[16 / 20] Learning rate: 1e-05 weight: 0.01
[16 / 20] Loss: 0.006857108790427446 CE Loss: 0.685710894209998 Con Loss: 0.0
[16 / 20] tensor([[0.117, 0.284],
        [0.855, 0.788]]) {'epoch': 16, 'valid/acc': 47.046, 'valid/acc_unbiased': 50.053, 'valid/diff': 10.479, 'valid/acc_skew': 49.926, 'valid/acc_align': 50.179, 'test/acc': 46.056, 'test/acc_unbiased': 51.088, 'test/diff': 11.701, 'test/acc_skew': 48.577, 'test/acc_align': 53.598}
[16 / 20] best valid accuracy: 52.450 at epoch 9 
 best_stats: {'best_valid_epoch': 9, 'best_valid_valid/acc': 50.926, 'best_valid_valid/acc_unbiased': 52.45, 'best_valid_valid/diff': 19.317, 'best_valid_valid/acc_skew': 51.907, 'best_valid_valid/acc_align': 52.993, 'best_valid_test/acc': 50.683, 'best_valid_test/acc_unbiased': 52.957, 'best_valid_test/diff': 22.125, 'best_valid_test/acc_skew': 51.576, 'best_valid_test/acc_align': 54.337}
[16 / 20] best test accuracy: 53.424 at epoch 5 
 best_stats: {'best_test_epoch': 5, 'best_test_valid/acc': 54.63, 'best_test_valid/acc_unbiased': 51.599, 'best_test_valid/diff': 16.563, 'best_test_valid/acc_skew': 51.132, 'best_test_valid/acc_align': 52.067, 'best_test_test/acc': 55.443, 'best_test_test/acc_unbiased': 53.424, 'best_test_test/diff': 16.709, 'best_test_test/acc_skew': 51.053, 'best_test_test/acc_align': 55.795}
[17 / 20] Learning rate: 1e-05 weight: 0.01
[17 / 20] Loss: 0.00675343135870727 CE Loss: 0.6753431537321636 Con Loss: 0.0
[17 / 20] tensor([[0.173, 0.347],
        [0.804, 0.752]]) {'epoch': 17, 'valid/acc': 47.619, 'valid/acc_unbiased': 50.828, 'valid/diff': 13.009, 'valid/acc_skew': 49.841, 'valid/acc_align': 51.815, 'test/acc': 46.981, 'test/acc_unbiased': 51.886, 'test/diff': 11.279, 'test/acc_skew': 48.867, 'test/acc_align': 54.905}
[17 / 20] best valid accuracy: 52.450 at epoch 9 
 best_stats: {'best_valid_epoch': 9, 'best_valid_valid/acc': 50.926, 'best_valid_valid/acc_unbiased': 52.45, 'best_valid_valid/diff': 19.317, 'best_valid_valid/acc_skew': 51.907, 'best_valid_valid/acc_align': 52.993, 'best_valid_test/acc': 50.683, 'best_valid_test/acc_unbiased': 52.957, 'best_valid_test/diff': 22.125, 'best_valid_test/acc_skew': 51.576, 'best_valid_test/acc_align': 54.337}
[17 / 20] best test accuracy: 53.424 at epoch 5 
 best_stats: {'best_test_epoch': 5, 'best_test_valid/acc': 54.63, 'best_test_valid/acc_unbiased': 51.599, 'best_test_valid/diff': 16.563, 'best_test_valid/acc_skew': 51.132, 'best_test_valid/acc_align': 52.067, 'best_test_test/acc': 55.443, 'best_test_test/acc_unbiased': 53.424, 'best_test_test/diff': 16.709, 'best_test_test/acc_skew': 51.053, 'best_test_test/acc_align': 55.795}
[18 / 20] Learning rate: 1e-05 weight: 0.01
[18 / 20] Loss: 0.0069387854974983 CE Loss: 0.693878561258316 Con Loss: 0.0
[18 / 20] tensor([[0.212, 0.432],
        [0.769, 0.679]]) {'epoch': 18, 'valid/acc': 48.104, 'valid/acc_unbiased': 50.988, 'valid/diff': 16.182, 'valid/acc_skew': 50.036, 'valid/acc_align': 51.94, 'test/acc': 47.598, 'test/acc_unbiased': 52.3, 'test/diff': 15.514, 'test/acc_skew': 49.069, 'test/acc_align': 55.53}
[18 / 20] best valid accuracy: 52.450 at epoch 9 
 best_stats: {'best_valid_epoch': 9, 'best_valid_valid/acc': 50.926, 'best_valid_valid/acc_unbiased': 52.45, 'best_valid_valid/diff': 19.317, 'best_valid_valid/acc_skew': 51.907, 'best_valid_valid/acc_align': 52.993, 'best_valid_test/acc': 50.683, 'best_valid_test/acc_unbiased': 52.957, 'best_valid_test/diff': 22.125, 'best_valid_test/acc_skew': 51.576, 'best_valid_test/acc_align': 54.337}
[18 / 20] best test accuracy: 53.424 at epoch 5 
 best_stats: {'best_test_epoch': 5, 'best_test_valid/acc': 54.63, 'best_test_valid/acc_unbiased': 51.599, 'best_test_valid/diff': 16.563, 'best_test_valid/acc_skew': 51.132, 'best_test_valid/acc_align': 52.067, 'best_test_test/acc': 55.443, 'best_test_test/acc_unbiased': 53.424, 'best_test_test/diff': 16.709, 'best_test_test/acc_skew': 51.053, 'best_test_test/acc_align': 55.795}
[19 / 20] Learning rate: 1e-05 weight: 0.01
[19 / 20] Loss: 0.007015433827681201 CE Loss: 0.7015433971370969 Con Loss: 0.0
[19 / 20] tensor([[0.339, 0.597],
        [0.660, 0.479]]) {'epoch': 19, 'valid/acc': 49.868, 'valid/acc_unbiased': 50.548, 'valid/diff': 21.396, 'valid/acc_skew': 51.639, 'valid/acc_align': 49.457, 'test/acc': 49.185, 'test/acc_unbiased': 51.861, 'test/diff': 21.912, 'test/acc_skew': 49.952, 'test/acc_align': 53.769}
[19 / 20] best valid accuracy: 52.450 at epoch 9 
 best_stats: {'best_valid_epoch': 9, 'best_valid_valid/acc': 50.926, 'best_valid_valid/acc_unbiased': 52.45, 'best_valid_valid/diff': 19.317, 'best_valid_valid/acc_skew': 51.907, 'best_valid_valid/acc_align': 52.993, 'best_valid_test/acc': 50.683, 'best_valid_test/acc_unbiased': 52.957, 'best_valid_test/diff': 22.125, 'best_valid_test/acc_skew': 51.576, 'best_valid_test/acc_align': 54.337}
[19 / 20] best test accuracy: 53.424 at epoch 5 
 best_stats: {'best_test_epoch': 5, 'best_test_valid/acc': 54.63, 'best_test_valid/acc_unbiased': 51.599, 'best_test_valid/diff': 16.563, 'best_test_valid/acc_skew': 51.132, 'best_test_valid/acc_align': 52.067, 'best_test_test/acc': 55.443, 'best_test_test/acc_unbiased': 53.424, 'best_test_test/diff': 16.709, 'best_test_test/acc_skew': 51.053, 'best_test_test/acc_align': 55.795}
[20 / 20] Learning rate: 1e-05 weight: 0.01
[20 / 20] Loss: 0.007017329135643584 CE Loss: 0.7017329271350589 Con Loss: 0.0
[20 / 20] tensor([[0.207, 0.415],
        [0.769, 0.685]]) {'epoch': 20, 'valid/acc': 47.575, 'valid/acc_unbiased': 50.593, 'valid/diff': 16.46, 'valid/acc_skew': 49.502, 'valid/acc_align': 51.683, 'test/acc': 47.29, 'test/acc_unbiased': 51.907, 'test/diff': 14.595, 'test/acc_skew': 48.834, 'test/acc_align': 54.981}
[20 / 20] best valid accuracy: 52.450 at epoch 9 
 best_stats: {'best_valid_epoch': 9, 'best_valid_valid/acc': 50.926, 'best_valid_valid/acc_unbiased': 52.45, 'best_valid_valid/diff': 19.317, 'best_valid_valid/acc_skew': 51.907, 'best_valid_valid/acc_align': 52.993, 'best_valid_test/acc': 50.683, 'best_valid_test/acc_unbiased': 52.957, 'best_valid_test/diff': 22.125, 'best_valid_test/acc_skew': 51.576, 'best_valid_test/acc_align': 54.337}
[20 / 20] best test accuracy: 53.424 at epoch 5 
 best_stats: {'best_test_epoch': 5, 'best_test_valid/acc': 54.63, 'best_test_valid/acc_unbiased': 51.599, 'best_test_valid/diff': 16.563, 'best_test_valid/acc_skew': 51.132, 'best_test_valid/acc_align': 52.067, 'best_test_test/acc': 55.443, 'best_test_test/acc_unbiased': 53.424, 'best_test_test/diff': 16.709, 'best_test_test/acc_skew': 51.053, 'best_test_test/acc_align': 55.795}
Total training time: 0:04:59
