Log level set to: INFO
Set seed: 2
=======> Using Fixed Random Seed: 2 <========
save_path: exp_results/bc-bb0-celeba_blonde-crop_rand-lr0.001-bs128-cbs64-w0.01-ratio30-aug1-seed2
get_celeba - split:train, aug: False, given_y: True, ratio: 0
use existing blonde indices from data/celeba/pickles/blonde
Distribution After Sampling: 
===================================
Binary Labels Distribution: 
Binary Target 0
---------------------------
Target 0: [1586, 53554]
Target 1: [18282, 1090]
Binary Target 1
---------------------------
Target 0: [1586, 53554]
Target 1: [18282, 1090]
===================================
Normal Label Distribution: 
Target 0: [1586, 53554]
Target 1: [18282, 1090]
===================================
Use BiasedCelebASplit 
 target_attr: blonde split: train 
 tensor([[ 1586., 18282.],
        [53554.,  1090.]])
get_celeba - split:train, aug: 1, given_y: True, ratio: 30
use existing blonde indices from data/celeba/pickles/blonde
Distribution After Sampling: 
===================================
Binary Labels Distribution: 
Binary Target 0
---------------------------
Target 0: [1615, 53474]
Target 1: [18298, 1125]
Binary Target 1
---------------------------
Target 0: [1615, 53474]
Target 1: [18298, 1125]
===================================
Normal Label Distribution: 
Target 0: [1615, 53474]
Target 1: [18298, 1125]
===================================
Use BiasedCelebASplit 
 target_attr: blonde split: train 
 tensor([[ 1615., 18298.],
        [53474.,  1125.]])
get_celeba - split:train_valid, aug: False, given_y: True, ratio: 0
use existing blonde indices from data/celeba/pickles/blonde
Use BiasedCelebASplit 
 target_attr: blonde split: train_valid 
 tensor([[  403.,  4597.],
        [13344.,   285.]])
get_celeba - split:valid, aug: False, given_y: True, ratio: 0
Use BiasedCelebASplit 
 target_attr: blonde split: valid 
 tensor([[8535., 2874.],
        [8276.,  182.]])
decay_epochs: [3, 6]
[1 / 10] Learning rate: 0.001 weight: 0.01
[1 / 10] Loss: 4.707980123486722 CE Loss: 0.20669409557649038 Con Loss: 4.705913187685969
[1 / 10] tensor([[0.860, 0.922],
        [0.928, 0.912]]) {'epoch': 1, 'valid/acc': 92.147, 'valid/acc_unbiased': 91.529, 'valid/diff': 1.96, 'valid/acc_skew': 90.549, 'valid/acc_align': 92.509, 'test/acc': 89.591, 'test/acc_unbiased': 90.538, 'test/diff': 3.904, 'test/acc_skew': 88.586, 'test/acc_align': 92.49}
[1 / 10] best valid accuracy: 91.529 at epoch 1 
 best_stats: {'best_valid_epoch': 1, 'best_valid_valid/acc': 92.147, 'best_valid_valid/acc_unbiased': 91.529, 'best_valid_valid/diff': 1.96, 'best_valid_valid/acc_skew': 90.549, 'best_valid_valid/acc_align': 92.509, 'best_valid_test/acc': 89.591, 'best_valid_test/acc_unbiased': 90.538, 'best_valid_test/diff': 3.904, 'best_valid_test/acc_skew': 88.586, 'best_valid_test/acc_align': 92.49}
[1 / 10] best test accuracy: 90.538 at epoch 1 
 best_stats: {'best_test_epoch': 1, 'best_test_valid/acc': 92.147, 'best_test_valid/acc_unbiased': 91.529, 'best_test_valid/diff': 1.96, 'best_test_valid/acc_skew': 90.549, 'best_test_valid/acc_align': 92.509, 'best_test_test/acc': 89.591, 'best_test_test/acc_unbiased': 90.538, 'best_test_test/diff': 3.904, 'best_test_test/acc_skew': 88.586, 'best_test_test/acc_align': 92.49}
[2 / 10] Learning rate: 0.001 weight: 0.01
[2 / 10] Loss: 4.671109799026087 CE Loss: 0.17929474841455342 Con Loss: 4.669316849433124
[2 / 10] tensor([[0.920, 0.970],
        [0.846, 0.720]]) {'epoch': 2, 'valid/acc': 93.301, 'valid/acc_unbiased': 87.1, 'valid/diff': 7.293, 'valid/acc_skew': 83.453, 'valid/acc_align': 90.747, 'test/acc': 92.842, 'test/acc_unbiased': 86.406, 'test/diff': 8.789, 'test/acc_skew': 82.011, 'test/acc_align': 90.8}
[2 / 10] best valid accuracy: 91.529 at epoch 1 
 best_stats: {'best_valid_epoch': 1, 'best_valid_valid/acc': 92.147, 'best_valid_valid/acc_unbiased': 91.529, 'best_valid_valid/diff': 1.96, 'best_valid_valid/acc_skew': 90.549, 'best_valid_valid/acc_align': 92.509, 'best_valid_test/acc': 89.591, 'best_valid_test/acc_unbiased': 90.538, 'best_valid_test/diff': 3.904, 'best_valid_test/acc_skew': 88.586, 'best_valid_test/acc_align': 92.49}
[2 / 10] best test accuracy: 90.538 at epoch 1 
 best_stats: {'best_test_epoch': 1, 'best_test_valid/acc': 92.147, 'best_test_valid/acc_unbiased': 91.529, 'best_test_valid/diff': 1.96, 'best_test_valid/acc_skew': 90.549, 'best_test_valid/acc_align': 92.509, 'best_test_test/acc': 89.591, 'best_test_test/acc_unbiased': 90.538, 'best_test_test/diff': 3.904, 'best_test_test/acc_skew': 88.586, 'best_test_test/acc_align': 92.49}
[3 / 10] Learning rate: 0.001 weight: 0.01
[3 / 10] Loss: 4.652269168552319 CE Loss: 0.16936484328636112 Con Loss: 4.650575515459555
[3 / 10] tensor([[0.914, 0.967],
        [0.899, 0.769]]) {'epoch': 3, 'valid/acc': 94.16, 'valid/acc_unbiased': 89.87, 'valid/diff': 5.712, 'valid/acc_skew': 87.014, 'valid/acc_align': 92.726, 'test/acc': 93.26, 'test/acc_unbiased': 88.728, 'test/diff': 9.156, 'test/acc_skew': 84.15, 'test/acc_align': 93.306}
[3 / 10] best valid accuracy: 91.529 at epoch 1 
 best_stats: {'best_valid_epoch': 1, 'best_valid_valid/acc': 92.147, 'best_valid_valid/acc_unbiased': 91.529, 'best_valid_valid/diff': 1.96, 'best_valid_valid/acc_skew': 90.549, 'best_valid_valid/acc_align': 92.509, 'best_valid_test/acc': 89.591, 'best_valid_test/acc_unbiased': 90.538, 'best_valid_test/diff': 3.904, 'best_valid_test/acc_skew': 88.586, 'best_valid_test/acc_align': 92.49}
[3 / 10] best test accuracy: 90.538 at epoch 1 
 best_stats: {'best_test_epoch': 1, 'best_test_valid/acc': 92.147, 'best_test_valid/acc_unbiased': 91.529, 'best_test_valid/diff': 1.96, 'best_test_valid/acc_skew': 90.549, 'best_test_valid/acc_align': 92.509, 'best_test_test/acc': 89.591, 'best_test_test/acc_unbiased': 90.538, 'best_test_test/diff': 3.904, 'best_test_test/acc_skew': 88.586, 'best_test_test/acc_align': 92.49}
[4 / 10] Learning rate: 0.0001 weight: 0.01
[4 / 10] Loss: 4.601368706293416 CE Loss: 0.14871781280143068 Con Loss: 4.599881533314953
[4 / 10] tensor([[0.906, 0.957],
        [0.919, 0.879]]) {'epoch': 4, 'valid/acc': 94.433, 'valid/acc_unbiased': 92.666, 'valid/diff': 2.819, 'valid/acc_skew': 91.772, 'valid/acc_align': 93.561, 'test/acc': 92.888, 'test/acc_unbiased': 91.533, 'test/diff': 4.573, 'test/acc_skew': 89.246, 'test/acc_align': 93.819}
[4 / 10] best valid accuracy: 92.666 at epoch 4 
 best_stats: {'best_valid_epoch': 4, 'best_valid_valid/acc': 94.433, 'best_valid_valid/acc_unbiased': 92.666, 'best_valid_valid/diff': 2.819, 'best_valid_valid/acc_skew': 91.772, 'best_valid_valid/acc_align': 93.561, 'best_valid_test/acc': 92.888, 'best_valid_test/acc_unbiased': 91.533, 'best_valid_test/diff': 4.573, 'best_valid_test/acc_skew': 89.246, 'best_valid_test/acc_align': 93.819}
[4 / 10] best test accuracy: 91.533 at epoch 4 
 best_stats: {'best_test_epoch': 4, 'best_test_valid/acc': 94.433, 'best_test_valid/acc_unbiased': 92.666, 'best_test_valid/diff': 2.819, 'best_test_valid/acc_skew': 91.772, 'best_test_valid/acc_align': 93.561, 'best_test_test/acc': 92.888, 'best_test_test/acc_unbiased': 91.533, 'best_test_test/diff': 4.573, 'best_test_test/acc_skew': 89.246, 'best_test_test/acc_align': 93.819}
[5 / 10] Learning rate: 0.0001 weight: 0.01
[5 / 10] Loss: 4.589804114664679 CE Loss: 0.1443570121140446 Con Loss: 4.588360550425609
[5 / 10] tensor([[0.895, 0.963],
        [0.934, 0.874]]) {'epoch': 5, 'valid/acc': 95.019, 'valid/acc_unbiased': 92.988, 'valid/diff': 3.416, 'valid/acc_skew': 91.596, 'valid/acc_align': 94.379, 'test/acc': 92.873, 'test/acc_unbiased': 91.631, 'test/diff': 6.432, 'test/acc_skew': 88.415, 'test/acc_align': 94.847}
[5 / 10] best valid accuracy: 92.988 at epoch 5 
 best_stats: {'best_valid_epoch': 5, 'best_valid_valid/acc': 95.019, 'best_valid_valid/acc_unbiased': 92.988, 'best_valid_valid/diff': 3.416, 'best_valid_valid/acc_skew': 91.596, 'best_valid_valid/acc_align': 94.379, 'best_valid_test/acc': 92.873, 'best_valid_test/acc_unbiased': 91.631, 'best_valid_test/diff': 6.432, 'best_valid_test/acc_skew': 88.415, 'best_valid_test/acc_align': 94.847}
[5 / 10] best test accuracy: 91.631 at epoch 5 
 best_stats: {'best_test_epoch': 5, 'best_test_valid/acc': 95.019, 'best_test_valid/acc_unbiased': 92.988, 'best_test_valid/diff': 3.416, 'best_test_valid/acc_skew': 91.596, 'best_test_valid/acc_align': 94.379, 'best_test_test/acc': 92.873, 'best_test_test/acc_unbiased': 91.631, 'best_test_test/diff': 6.432, 'best_test_test/acc_skew': 88.415, 'best_test_test/acc_align': 94.847}
[6 / 10] Learning rate: 0.0001 weight: 0.01
[6 / 10] Loss: 4.571070911906322 CE Loss: 0.14006692443394164 Con Loss: 4.569670244785806
[6 / 10] tensor([[0.917, 0.976],
        [0.913, 0.813]]) {'epoch': 6, 'valid/acc': 95.523, 'valid/acc_unbiased': 91.136, 'valid/diff': 7.53, 'valid/acc_skew': 87.903, 'valid/acc_align': 94.368, 'test/acc': 94.01, 'test/acc_unbiased': 90.488, 'test/diff': 7.918, 'test/acc_skew': 86.529, 'test/acc_align': 94.448}
[6 / 10] best valid accuracy: 92.988 at epoch 5 
 best_stats: {'best_valid_epoch': 5, 'best_valid_valid/acc': 95.019, 'best_valid_valid/acc_unbiased': 92.988, 'best_valid_valid/diff': 3.416, 'best_valid_valid/acc_skew': 91.596, 'best_valid_valid/acc_align': 94.379, 'best_valid_test/acc': 92.873, 'best_valid_test/acc_unbiased': 91.631, 'best_valid_test/diff': 6.432, 'best_valid_test/acc_skew': 88.415, 'best_valid_test/acc_align': 94.847}
[6 / 10] best test accuracy: 91.631 at epoch 5 
 best_stats: {'best_test_epoch': 5, 'best_test_valid/acc': 95.019, 'best_test_valid/acc_unbiased': 92.988, 'best_test_valid/diff': 3.416, 'best_test_valid/acc_skew': 91.596, 'best_test_valid/acc_align': 94.379, 'best_test_test/acc': 92.873, 'best_test_test/acc_unbiased': 91.631, 'best_test_test/diff': 6.432, 'best_test_test/acc_skew': 88.415, 'best_test_test/acc_align': 94.847}
[7 / 10] Learning rate: 1e-05 weight: 0.01
[7 / 10] Loss: 4.56222687971702 CE Loss: 0.12861680362468783 Con Loss: 4.560940713618276
[7 / 10] tensor([[0.921, 0.975],
        [0.904, 0.791]]) {'epoch': 7, 'valid/acc': 95.308, 'valid/acc_unbiased': 91.643, 'valid/diff': 6.163, 'valid/acc_skew': 89.38, 'valid/acc_align': 93.906, 'test/acc': 93.96, 'test/acc_unbiased': 89.765, 'test/diff': 8.317, 'test/acc_skew': 85.606, 'test/acc_align': 93.924}
[7 / 10] best valid accuracy: 92.988 at epoch 5 
 best_stats: {'best_valid_epoch': 5, 'best_valid_valid/acc': 95.019, 'best_valid_valid/acc_unbiased': 92.988, 'best_valid_valid/diff': 3.416, 'best_valid_valid/acc_skew': 91.596, 'best_valid_valid/acc_align': 94.379, 'best_valid_test/acc': 92.873, 'best_valid_test/acc_unbiased': 91.631, 'best_valid_test/diff': 6.432, 'best_valid_test/acc_skew': 88.415, 'best_valid_test/acc_align': 94.847}
[7 / 10] best test accuracy: 91.631 at epoch 5 
 best_stats: {'best_test_epoch': 5, 'best_test_valid/acc': 95.019, 'best_test_valid/acc_unbiased': 92.988, 'best_test_valid/diff': 3.416, 'best_test_valid/acc_skew': 91.596, 'best_test_valid/acc_align': 94.379, 'best_test_test/acc': 92.873, 'best_test_test/acc_unbiased': 91.631, 'best_test_test/diff': 6.432, 'best_test_test/acc_skew': 88.415, 'best_test_test/acc_align': 94.847}
[8 / 10] Learning rate: 1e-05 weight: 0.01
[8 / 10] Loss: 4.557717045515116 CE Loss: 0.13285222424313006 Con Loss: 4.556388516167036
[8 / 10] tensor([[0.914, 0.973],
        [0.916, 0.813]]) {'epoch': 8, 'valid/acc': 95.346, 'valid/acc_unbiased': 92.348, 'valid/diff': 5.141, 'valid/acc_skew': 90.411, 'valid/acc_align': 94.284, 'test/acc': 93.769, 'test/acc_unbiased': 90.398, 'test/diff': 8.111, 'test/acc_skew': 86.342, 'test/acc_align': 94.453}
[8 / 10] best valid accuracy: 92.988 at epoch 5 
 best_stats: {'best_valid_epoch': 5, 'best_valid_valid/acc': 95.019, 'best_valid_valid/acc_unbiased': 92.988, 'best_valid_valid/diff': 3.416, 'best_valid_valid/acc_skew': 91.596, 'best_valid_valid/acc_align': 94.379, 'best_valid_test/acc': 92.873, 'best_valid_test/acc_unbiased': 91.631, 'best_valid_test/diff': 6.432, 'best_valid_test/acc_skew': 88.415, 'best_valid_test/acc_align': 94.847}
[8 / 10] best test accuracy: 91.631 at epoch 5 
 best_stats: {'best_test_epoch': 5, 'best_test_valid/acc': 95.019, 'best_test_valid/acc_unbiased': 92.988, 'best_test_valid/diff': 3.416, 'best_test_valid/acc_skew': 91.596, 'best_test_valid/acc_align': 94.379, 'best_test_test/acc': 92.873, 'best_test_test/acc_unbiased': 91.631, 'best_test_test/diff': 6.432, 'best_test_test/acc_skew': 88.415, 'best_test_test/acc_align': 94.847}
[9 / 10] Learning rate: 1e-05 weight: 0.01
[9 / 10] Loss: 4.557126900707931 CE Loss: 0.1308774147386686 Con Loss: 4.5558181344528474
[9 / 10] tensor([[0.905, 0.970],
        [0.926, 0.841]]) {'epoch': 9, 'valid/acc': 95.437, 'valid/acc_unbiased': 92.717, 'valid/diff': 4.602, 'valid/acc_skew': 90.865, 'valid/acc_align': 94.569, 'test/acc': 93.472, 'test/acc_unbiased': 91.051, 'test/diff': 7.503, 'test/acc_skew': 87.3, 'test/acc_align': 94.802}
[9 / 10] best valid accuracy: 92.988 at epoch 5 
 best_stats: {'best_valid_epoch': 5, 'best_valid_valid/acc': 95.019, 'best_valid_valid/acc_unbiased': 92.988, 'best_valid_valid/diff': 3.416, 'best_valid_valid/acc_skew': 91.596, 'best_valid_valid/acc_align': 94.379, 'best_valid_test/acc': 92.873, 'best_valid_test/acc_unbiased': 91.631, 'best_valid_test/diff': 6.432, 'best_valid_test/acc_skew': 88.415, 'best_valid_test/acc_align': 94.847}
[9 / 10] best test accuracy: 91.631 at epoch 5 
 best_stats: {'best_test_epoch': 5, 'best_test_valid/acc': 95.019, 'best_test_valid/acc_unbiased': 92.988, 'best_test_valid/diff': 3.416, 'best_test_valid/acc_skew': 91.596, 'best_test_valid/acc_align': 94.379, 'best_test_test/acc': 92.873, 'best_test_test/acc_unbiased': 91.631, 'best_test_test/diff': 6.432, 'best_test_test/acc_skew': 88.415, 'best_test_test/acc_align': 94.847}
[10 / 10] Learning rate: 1e-05 weight: 0.01
[10 / 10] Loss: 4.553859323039187 CE Loss: 0.1300375154979858 Con Loss: 4.552558945821082
[10 / 10] tensor([[0.923, 0.978],
        [0.900, 0.780]]) {'epoch': 10, 'valid/acc': 95.153, 'valid/acc_unbiased': 91.321, 'valid/diff': 5.698, 'valid/acc_skew': 89.204, 'valid/acc_align': 93.437, 'test/acc': 94.101, 'test/acc_unbiased': 89.523, 'test/diff': 8.756, 'test/acc_skew': 85.145, 'test/acc_align': 93.901}
[10 / 10] best valid accuracy: 92.988 at epoch 5 
 best_stats: {'best_valid_epoch': 5, 'best_valid_valid/acc': 95.019, 'best_valid_valid/acc_unbiased': 92.988, 'best_valid_valid/diff': 3.416, 'best_valid_valid/acc_skew': 91.596, 'best_valid_valid/acc_align': 94.379, 'best_valid_test/acc': 92.873, 'best_valid_test/acc_unbiased': 91.631, 'best_valid_test/diff': 6.432, 'best_valid_test/acc_skew': 88.415, 'best_valid_test/acc_align': 94.847}
[10 / 10] best test accuracy: 91.631 at epoch 5 
 best_stats: {'best_test_epoch': 5, 'best_test_valid/acc': 95.019, 'best_test_valid/acc_unbiased': 92.988, 'best_test_valid/diff': 3.416, 'best_test_valid/acc_skew': 91.596, 'best_test_valid/acc_align': 94.379, 'best_test_test/acc': 92.873, 'best_test_test/acc_unbiased': 91.631, 'best_test_test/diff': 6.432, 'best_test_test/acc_skew': 88.415, 'best_test_test/acc_align': 94.847}
Total training time: 1:21:37
