Log level set to: INFO
Set seed: 2
=======> Using Fixed Random Seed: 2 <========
save_path: exp_results/bc-bb0-utk_face_age-us-0.999-lr0.001-bs2-cbs1-w0.01-ratio10-aug1-seed2
get_utk_face - split: train, aug: False, given_y: True, ratio: 0
use existing biased_utk_face from data/utk_face/pickles/biased_utk_face-target_gender-bias_age-0.999
Distribution Before Sampling: 
===================================
Binary Labels Distribution: 
Binary Target 0
---------------------------
Target 0: [8237, 1]
Target 1: [8, 1477]
Binary Target 1
---------------------------
Target 0: [8237, 1]
Target 1: [8, 1477]
===================================
Normal Label Distribution: 
Target 0: [8237, 1]
Target 1: [8, 1477]
===================================
Distribution After Sampling: 
===================================
Binary Labels Distribution: 
Binary Target 0
---------------------------
Target 0: [1, 1]
Target 1: [1, 1]
Binary Target 1
---------------------------
Target 0: [1, 1]
Target 1: [1, 1]
===================================
Normal Label Distribution: 
Target 0: [1, 1]
Target 1: [1, 1]
===================================
Use BiasedUTKFace - target_attr: gender
BiasedUTKFace -- total: 4, target_attr: gender, bias_attr: age bias_rate: 0.999
['[train] target_0-bias_0: 1', '[train] target_0-bias_1: 1', '[train] target_1-bias_0: 1', '[train] target_1-bias_1: 1']
confusion_matrix - 
 original: tensor([[1., 1.],
        [1., 1.]]), 
 normalized: tensor([[0.500, 0.500],
        [0.500, 0.500]]), 
 b|y: tensor([[0.500, 0.500],
        [0.500, 0.500]])
get_utk_face - split: train, aug: 1, given_y: True, ratio: 10
use existing biased_utk_face from data/utk_face/pickles/biased_utk_face-target_gender-bias_age-0.999
Distribution Before Sampling: 
===================================
Binary Labels Distribution: 
Binary Target 0
---------------------------
Target 0: [8237, 1]
Target 1: [8, 1477]
Binary Target 1
---------------------------
Target 0: [8237, 1]
Target 1: [8, 1477]
===================================
Normal Label Distribution: 
Target 0: [8237, 1]
Target 1: [8, 1477]
===================================
Distribution After Sampling: 
===================================
Binary Labels Distribution: 
Binary Target 0
---------------------------
Target 0: [1, 1]
Target 1: [1, 1]
Binary Target 1
---------------------------
Target 0: [1, 1]
Target 1: [1, 1]
===================================
Normal Label Distribution: 
Target 0: [1, 1]
Target 1: [1, 1]
===================================
Use BiasedUTKFace - target_attr: gender
BiasedUTKFace -- total: 4, target_attr: gender, bias_attr: age bias_rate: 0.999
['[train] target_0-bias_0: 1', '[train] target_0-bias_1: 1', '[train] target_1-bias_0: 1', '[train] target_1-bias_1: 1']
get_utk_face - split: valid, aug: False, given_y: True, ratio: 0
use existing biased_utk_face from data/utk_face/pickles/biased_utk_face-target_gender-bias_age-0.999
Distribution Before Sampling: 
===================================
Binary Labels Distribution: 
Binary Target 0
---------------------------
Target 0: [1030, 195]
Target 1: [841, 202]
Binary Target 1
---------------------------
Target 0: [1030, 195]
Target 1: [841, 202]
===================================
Normal Label Distribution: 
Target 0: [1030, 195]
Target 1: [841, 202]
===================================
Use BiasedUTKFace - target_attr: gender
BiasedUTKFace -- total: 2268, target_attr: gender, bias_attr: age bias_rate: 0.999
['[valid] target_0-bias_0: 1030', '[valid] target_0-bias_1: 195', '[valid] target_1-bias_0: 841', '[valid] target_1-bias_1: 202']
get_utk_face - split: test, aug: False, given_y: True, ratio: 0
use existing biased_utk_face from data/utk_face/pickles/biased_utk_face-target_gender-bias_age-0.999
Distribution Before Sampling: 
===================================
Binary Labels Distribution: 
Binary Target 0
---------------------------
Target 0: [1061, 176]
Target 1: [867, 165]
Binary Target 1
---------------------------
Target 0: [1061, 176]
Target 1: [867, 165]
===================================
Normal Label Distribution: 
Target 0: [1061, 176]
Target 1: [867, 165]
===================================
Use BiasedUTKFace - target_attr: gender
BiasedUTKFace -- total: 2269, target_attr: gender, bias_attr: age bias_rate: 0.999
['[test] target_0-bias_0: 1061', '[test] target_0-bias_1: 176', '[test] target_1-bias_0: 867', '[test] target_1-bias_1: 165']
decay_epochs: [6, 13]
[1 / 20] Learning rate: 0.001 weight: 0.01
[1 / 20] Loss: 0.005815614596940577 CE Loss: 0.5815614759922028 Con Loss: 0.0
[1 / 20] tensor([[0.100, 0.142],
        [0.931, 0.885]]) {'epoch': 1, 'valid/acc': 48.28, 'valid/acc_unbiased': 51.519, 'valid/diff': 3.355, 'valid/acc_skew': 51.551, 'valid/acc_align': 51.486, 'test/acc': 47.774, 'test/acc_unbiased': 51.44, 'test/diff': 4.404, 'test/acc_skew': 51.535, 'test/acc_align': 51.345}
[1 / 20] best valid accuracy: 51.519 at epoch 1 
 best_stats: {'best_valid_epoch': 1, 'best_valid_valid/acc': 48.28, 'best_valid_valid/acc_unbiased': 51.519, 'best_valid_valid/diff': 3.355, 'best_valid_valid/acc_skew': 51.551, 'best_valid_valid/acc_align': 51.486, 'best_valid_test/acc': 47.774, 'best_valid_test/acc_unbiased': 51.44, 'best_valid_test/diff': 4.404, 'best_valid_test/acc_skew': 51.535, 'best_valid_test/acc_align': 51.345}
[1 / 20] best test accuracy: 51.440 at epoch 1 
 best_stats: {'best_test_epoch': 1, 'best_test_valid/acc': 48.28, 'best_test_valid/acc_unbiased': 51.519, 'best_test_valid/diff': 3.355, 'best_test_valid/acc_skew': 51.551, 'best_test_valid/acc_align': 51.486, 'best_test_test/acc': 47.774, 'best_test_test/acc_unbiased': 51.44, 'best_test_test/diff': 4.404, 'best_test_test/acc_skew': 51.535, 'best_test_test/acc_align': 51.345}
[2 / 20] Learning rate: 0.001 weight: 0.01
[2 / 20] Loss: 0.02388539386447519 CE Loss: 2.3885395154356956 Con Loss: 0.0
[2 / 20] tensor([[0.023, 0.028],
        [0.979, 0.970]]) {'epoch': 2, 'valid/acc': 45.767, 'valid/acc_unbiased': 49.509, 'valid/diff': 1.919, 'valid/acc_skew': 49.707, 'valid/acc_align': 49.311, 'test/acc': 45.747, 'test/acc_unbiased': 49.999, 'test/diff': 0.767, 'test/acc_skew': 50.093, 'test/acc_align': 49.905}
[2 / 20] best valid accuracy: 51.519 at epoch 1 
 best_stats: {'best_valid_epoch': 1, 'best_valid_valid/acc': 48.28, 'best_valid_valid/acc_unbiased': 51.519, 'best_valid_valid/diff': 3.355, 'best_valid_valid/acc_skew': 51.551, 'best_valid_valid/acc_align': 51.486, 'best_valid_test/acc': 47.774, 'best_valid_test/acc_unbiased': 51.44, 'best_valid_test/diff': 4.404, 'best_valid_test/acc_skew': 51.535, 'best_valid_test/acc_align': 51.345}
[2 / 20] best test accuracy: 51.440 at epoch 1 
 best_stats: {'best_test_epoch': 1, 'best_test_valid/acc': 48.28, 'best_test_valid/acc_unbiased': 51.519, 'best_test_valid/diff': 3.355, 'best_test_valid/acc_skew': 51.551, 'best_test_valid/acc_align': 51.486, 'best_test_test/acc': 47.774, 'best_test_test/acc_unbiased': 51.44, 'best_test_test/diff': 4.404, 'best_test_test/acc_skew': 51.535, 'best_test_test/acc_align': 51.345}
[3 / 20] Learning rate: 0.001 weight: 0.01
[3 / 20] Loss: 3.5064426811004523e-06 CE Loss: 0.00035064427720499225 Con Loss: 0.0
[3 / 20] tensor([[0.093, 0.097],
        [0.901, 0.897]]) {'epoch': 3, 'valid/acc': 45.855, 'valid/acc_unbiased': 49.155, 'valid/diff': 1.445, 'valid/acc_skew': 49.132, 'valid/acc_align': 49.179, 'test/acc': 46.056, 'test/acc_unbiased': 49.692, 'test/diff': 0.356, 'test/acc_skew': 49.706, 'test/acc_align': 49.678}
[3 / 20] best valid accuracy: 51.519 at epoch 1 
 best_stats: {'best_valid_epoch': 1, 'best_valid_valid/acc': 48.28, 'best_valid_valid/acc_unbiased': 51.519, 'best_valid_valid/diff': 3.355, 'best_valid_valid/acc_skew': 51.551, 'best_valid_valid/acc_align': 51.486, 'best_valid_test/acc': 47.774, 'best_valid_test/acc_unbiased': 51.44, 'best_valid_test/diff': 4.404, 'best_valid_test/acc_skew': 51.535, 'best_valid_test/acc_align': 51.345}
[3 / 20] best test accuracy: 51.440 at epoch 1 
 best_stats: {'best_test_epoch': 1, 'best_test_valid/acc': 48.28, 'best_test_valid/acc_unbiased': 51.519, 'best_test_valid/diff': 3.355, 'best_test_valid/acc_skew': 51.551, 'best_test_valid/acc_align': 51.486, 'best_test_test/acc': 47.774, 'best_test_test/acc_unbiased': 51.44, 'best_test_test/diff': 4.404, 'best_test_test/acc_skew': 51.535, 'best_test_test/acc_align': 51.345}
[4 / 20] Learning rate: 0.001 weight: 0.01
[4 / 20] Loss: 0.029089251533150673 CE Loss: 2.9089252948760986 Con Loss: 0.0
[4 / 20] tensor([[0.459, 0.267],
        [0.483, 0.642]]) {'epoch': 4, 'valid/acc': 46.429, 'valid/acc_unbiased': 46.905, 'valid/diff': 15.992, 'valid/acc_skew': 46.257, 'valid/acc_align': 47.554, 'test/acc': 46.673, 'test/acc_unbiased': 46.294, 'test/diff': 17.555, 'test/acc_skew': 47.114, 'test/acc_align': 45.473}
[4 / 20] best valid accuracy: 51.519 at epoch 1 
 best_stats: {'best_valid_epoch': 1, 'best_valid_valid/acc': 48.28, 'best_valid_valid/acc_unbiased': 51.519, 'best_valid_valid/diff': 3.355, 'best_valid_valid/acc_skew': 51.551, 'best_valid_valid/acc_align': 51.486, 'best_valid_test/acc': 47.774, 'best_valid_test/acc_unbiased': 51.44, 'best_valid_test/diff': 4.404, 'best_valid_test/acc_skew': 51.535, 'best_valid_test/acc_align': 51.345}
[4 / 20] best test accuracy: 51.440 at epoch 1 
 best_stats: {'best_test_epoch': 1, 'best_test_valid/acc': 48.28, 'best_test_valid/acc_unbiased': 51.519, 'best_test_valid/diff': 3.355, 'best_test_valid/acc_skew': 51.551, 'best_test_valid/acc_align': 51.486, 'best_test_test/acc': 47.774, 'best_test_test/acc_unbiased': 51.44, 'best_test_test/diff': 4.404, 'best_test_test/acc_skew': 51.535, 'best_test_test/acc_align': 51.345}
[5 / 20] Learning rate: 0.001 weight: 0.01
[5 / 20] Loss: 0.07027386501431465 CE Loss: 7.027386426925659 Con Loss: 0.0
[5 / 20] tensor([[0.999, 1.000],
        [0.000, 0.000]]) {'epoch': 5, 'valid/acc': 54.012, 'valid/acc_unbiased': 50.0, 'valid/diff': 0.0, 'valid/acc_skew': 50.0, 'valid/acc_align': 50.0, 'test/acc': 54.473, 'test/acc_unbiased': 49.976, 'test/diff': 0.047, 'test/acc_skew': 49.953, 'test/acc_align': 50.0}
[5 / 20] best valid accuracy: 51.519 at epoch 1 
 best_stats: {'best_valid_epoch': 1, 'best_valid_valid/acc': 48.28, 'best_valid_valid/acc_unbiased': 51.519, 'best_valid_valid/diff': 3.355, 'best_valid_valid/acc_skew': 51.551, 'best_valid_valid/acc_align': 51.486, 'best_valid_test/acc': 47.774, 'best_valid_test/acc_unbiased': 51.44, 'best_valid_test/diff': 4.404, 'best_valid_test/acc_skew': 51.535, 'best_valid_test/acc_align': 51.345}
[5 / 20] best test accuracy: 51.440 at epoch 1 
 best_stats: {'best_test_epoch': 1, 'best_test_valid/acc': 48.28, 'best_test_valid/acc_unbiased': 51.519, 'best_test_valid/diff': 3.355, 'best_test_valid/acc_skew': 51.551, 'best_test_valid/acc_align': 51.486, 'best_test_test/acc': 47.774, 'best_test_test/acc_unbiased': 51.44, 'best_test_test/diff': 4.404, 'best_test_test/acc_skew': 51.535, 'best_test_test/acc_align': 51.345}
[6 / 20] Learning rate: 0.001 weight: 0.01
[6 / 20] Loss: 0.00018643886505742557 CE Loss: 0.018643886782228947 Con Loss: 0.0
[6 / 20] tensor([[0.855, 0.943],
        [0.160, 0.103]]) {'epoch': 6, 'valid/acc': 54.321, 'valid/acc_unbiased': 50.672, 'valid/diff': 8.123, 'valid/acc_skew': 51.964, 'valid/acc_align': 49.381, 'test/acc': 54.165, 'test/acc_unbiased': 51.535, 'test/diff': 7.281, 'test/acc_skew': 50.759, 'test/acc_align': 52.311}
[6 / 20] best valid accuracy: 51.519 at epoch 1 
 best_stats: {'best_valid_epoch': 1, 'best_valid_valid/acc': 48.28, 'best_valid_valid/acc_unbiased': 51.519, 'best_valid_valid/diff': 3.355, 'best_valid_valid/acc_skew': 51.551, 'best_valid_valid/acc_align': 51.486, 'best_valid_test/acc': 47.774, 'best_valid_test/acc_unbiased': 51.44, 'best_valid_test/diff': 4.404, 'best_valid_test/acc_skew': 51.535, 'best_valid_test/acc_align': 51.345}
[6 / 20] best test accuracy: 51.535 at epoch 6 
 best_stats: {'best_test_epoch': 6, 'best_test_valid/acc': 54.321, 'best_test_valid/acc_unbiased': 50.672, 'best_test_valid/diff': 8.123, 'best_test_valid/acc_skew': 51.964, 'best_test_valid/acc_align': 49.381, 'best_test_test/acc': 54.165, 'best_test_test/acc_unbiased': 51.535, 'best_test_test/diff': 7.281, 'best_test_test/acc_skew': 50.759, 'best_test_test/acc_align': 52.311}
[7 / 20] Learning rate: 0.0001 weight: 0.01
[7 / 20] Loss: 0.00017091216614062432 CE Loss: 0.01709121698513627 Con Loss: 0.0
[7 / 20] tensor([[0.498, 0.727],
        [0.597, 0.364]]) {'epoch': 7, 'valid/acc': 51.764, 'valid/acc_unbiased': 50.39, 'valid/diff': 22.843, 'valid/acc_skew': 53.09, 'valid/acc_align': 47.69, 'test/acc': 54.385, 'test/acc_unbiased': 54.65, 'test/diff': 23.173, 'test/acc_skew': 54.755, 'test/acc_align': 54.545}
[7 / 20] best valid accuracy: 51.519 at epoch 1 
 best_stats: {'best_valid_epoch': 1, 'best_valid_valid/acc': 48.28, 'best_valid_valid/acc_unbiased': 51.519, 'best_valid_valid/diff': 3.355, 'best_valid_valid/acc_skew': 51.551, 'best_valid_valid/acc_align': 51.486, 'best_valid_test/acc': 47.774, 'best_valid_test/acc_unbiased': 51.44, 'best_valid_test/diff': 4.404, 'best_valid_test/acc_skew': 51.535, 'best_valid_test/acc_align': 51.345}
[7 / 20] best test accuracy: 54.650 at epoch 7 
 best_stats: {'best_test_epoch': 7, 'best_test_valid/acc': 51.764, 'best_test_valid/acc_unbiased': 50.39, 'best_test_valid/diff': 22.843, 'best_test_valid/acc_skew': 53.09, 'best_test_valid/acc_align': 47.69, 'best_test_test/acc': 54.385, 'best_test_test/acc_unbiased': 54.65, 'best_test_test/diff': 23.173, 'best_test_test/acc_skew': 54.755, 'best_test_test/acc_align': 54.545}
[8 / 20] Learning rate: 0.0001 weight: 0.01
[8 / 20] Loss: 0.008638025494292378 CE Loss: 0.8638025978580117 Con Loss: 0.0
[8 / 20] tensor([[0.301, 0.523],
        [0.772, 0.533]]) {'epoch': 8, 'valid/acc': 49.25, 'valid/acc_unbiased': 49.341, 'valid/diff': 22.933, 'valid/acc_skew': 52.072, 'valid/acc_align': 46.61, 'test/acc': 51.476, 'test/acc_unbiased': 53.209, 'test/diff': 23.018, 'test/acc_skew': 53.614, 'test/acc_align': 52.803}
[8 / 20] best valid accuracy: 51.519 at epoch 1 
 best_stats: {'best_valid_epoch': 1, 'best_valid_valid/acc': 48.28, 'best_valid_valid/acc_unbiased': 51.519, 'best_valid_valid/diff': 3.355, 'best_valid_valid/acc_skew': 51.551, 'best_valid_valid/acc_align': 51.486, 'best_valid_test/acc': 47.774, 'best_valid_test/acc_unbiased': 51.44, 'best_valid_test/diff': 4.404, 'best_valid_test/acc_skew': 51.535, 'best_valid_test/acc_align': 51.345}
[8 / 20] best test accuracy: 54.650 at epoch 7 
 best_stats: {'best_test_epoch': 7, 'best_test_valid/acc': 51.764, 'best_test_valid/acc_unbiased': 50.39, 'best_test_valid/diff': 22.843, 'best_test_valid/acc_skew': 53.09, 'best_test_valid/acc_align': 47.69, 'best_test_test/acc': 54.385, 'best_test_test/acc_unbiased': 54.65, 'best_test_test/diff': 23.173, 'best_test_test/acc_skew': 54.755, 'best_test_test/acc_align': 54.545}
[9 / 20] Learning rate: 0.0001 weight: 0.01
[9 / 20] Loss: 0.01558320177718997 CE Loss: 1.558320164680481 Con Loss: 0.0
[9 / 20] tensor([[0.320, 0.528],
        [0.762, 0.515]]) {'epoch': 9, 'valid/acc': 49.647, 'valid/acc_unbiased': 49.412, 'valid/diff': 21.327, 'valid/acc_skew': 52.47, 'valid/acc_align': 46.353, 'test/acc': 51.961, 'test/acc_unbiased': 53.16, 'test/diff': 22.76, 'test/acc_skew': 54.143, 'test/acc_align': 52.178}
[9 / 20] best valid accuracy: 51.519 at epoch 1 
 best_stats: {'best_valid_epoch': 1, 'best_valid_valid/acc': 48.28, 'best_valid_valid/acc_unbiased': 51.519, 'best_valid_valid/diff': 3.355, 'best_valid_valid/acc_skew': 51.551, 'best_valid_valid/acc_align': 51.486, 'best_valid_test/acc': 47.774, 'best_valid_test/acc_unbiased': 51.44, 'best_valid_test/diff': 4.404, 'best_valid_test/acc_skew': 51.535, 'best_valid_test/acc_align': 51.345}
[9 / 20] best test accuracy: 54.650 at epoch 7 
 best_stats: {'best_test_epoch': 7, 'best_test_valid/acc': 51.764, 'best_test_valid/acc_unbiased': 50.39, 'best_test_valid/diff': 22.843, 'best_test_valid/acc_skew': 53.09, 'best_test_valid/acc_align': 47.69, 'best_test_test/acc': 54.385, 'best_test_test/acc_unbiased': 54.65, 'best_test_test/diff': 23.173, 'best_test_test/acc_skew': 54.755, 'best_test_test/acc_align': 54.545}
[10 / 20] Learning rate: 0.0001 weight: 0.01
[10 / 20] Loss: 0.008274080289993435 CE Loss: 0.827408047625795 Con Loss: 0.0
[10 / 20] tensor([[0.385, 0.614],
        [0.720, 0.473]]) {'epoch': 10, 'valid/acc': 50.617, 'valid/acc_unbiased': 49.736, 'valid/diff': 21.519, 'valid/acc_skew': 53.004, 'valid/acc_align': 46.469, 'test/acc': 53.724, 'test/acc_unbiased': 54.789, 'test/diff': 23.757, 'test/acc_skew': 55.26, 'test/acc_align': 54.318}
[10 / 20] best valid accuracy: 51.519 at epoch 1 
 best_stats: {'best_valid_epoch': 1, 'best_valid_valid/acc': 48.28, 'best_valid_valid/acc_unbiased': 51.519, 'best_valid_valid/diff': 3.355, 'best_valid_valid/acc_skew': 51.551, 'best_valid_valid/acc_align': 51.486, 'best_valid_test/acc': 47.774, 'best_valid_test/acc_unbiased': 51.44, 'best_valid_test/diff': 4.404, 'best_valid_test/acc_skew': 51.535, 'best_valid_test/acc_align': 51.345}
[10 / 20] best test accuracy: 54.789 at epoch 10 
 best_stats: {'best_test_epoch': 10, 'best_test_valid/acc': 50.617, 'best_test_valid/acc_unbiased': 49.736, 'best_test_valid/diff': 21.519, 'best_test_valid/acc_skew': 53.004, 'best_test_valid/acc_align': 46.469, 'best_test_test/acc': 53.724, 'best_test_test/acc_unbiased': 54.789, 'best_test_test/diff': 23.757, 'best_test_test/acc_skew': 55.26, 'best_test_test/acc_align': 54.318}
[11 / 20] Learning rate: 0.0001 weight: 0.01
[11 / 20] Loss: 0.004426938490723842 CE Loss: 0.4426938658580184 Con Loss: 0.0
[11 / 20] tensor([[0.482, 0.693],
        [0.624, 0.382]]) {'epoch': 11, 'valid/acc': 52.249, 'valid/acc_unbiased': 51.647, 'valid/diff': 21.563, 'valid/acc_skew': 53.394, 'valid/acc_align': 49.9, 'test/acc': 54.517, 'test/acc_unbiased': 54.515, 'test/diff': 22.687, 'test/acc_skew': 55.281, 'test/acc_align': 53.75}
[11 / 20] best valid accuracy: 51.647 at epoch 11 
 best_stats: {'best_valid_epoch': 11, 'best_valid_valid/acc': 52.249, 'best_valid_valid/acc_unbiased': 51.647, 'best_valid_valid/diff': 21.563, 'best_valid_valid/acc_skew': 53.394, 'best_valid_valid/acc_align': 49.9, 'best_valid_test/acc': 54.517, 'best_valid_test/acc_unbiased': 54.515, 'best_valid_test/diff': 22.687, 'best_valid_test/acc_skew': 55.281, 'best_valid_test/acc_align': 53.75}
[11 / 20] best test accuracy: 54.789 at epoch 10 
 best_stats: {'best_test_epoch': 10, 'best_test_valid/acc': 50.617, 'best_test_valid/acc_unbiased': 49.736, 'best_test_valid/diff': 21.519, 'best_test_valid/acc_skew': 53.004, 'best_test_valid/acc_align': 46.469, 'best_test_test/acc': 53.724, 'best_test_test/acc_unbiased': 54.789, 'best_test_test/diff': 23.757, 'best_test_test/acc_skew': 55.26, 'best_test_test/acc_align': 54.318}
[12 / 20] Learning rate: 0.0001 weight: 0.01
[12 / 20] Loss: 0.0214809263125062 CE Loss: 2.1480926871299744 Con Loss: 0.0
[12 / 20] tensor([[0.320, 0.483],
        [0.759, 0.539]]) {'epoch': 12, 'valid/acc': 50.176, 'valid/acc_unbiased': 49.437, 'valid/diff': 16.067, 'valid/acc_skew': 53.095, 'valid/acc_align': 45.778, 'test/acc': 51.653, 'test/acc_unbiased': 52.543, 'test/diff': 19.102, 'test/acc_skew': 53.97, 'test/acc_align': 51.117}
[12 / 20] best valid accuracy: 51.647 at epoch 11 
 best_stats: {'best_valid_epoch': 11, 'best_valid_valid/acc': 52.249, 'best_valid_valid/acc_unbiased': 51.647, 'best_valid_valid/diff': 21.563, 'best_valid_valid/acc_skew': 53.394, 'best_valid_valid/acc_align': 49.9, 'best_valid_test/acc': 54.517, 'best_valid_test/acc_unbiased': 54.515, 'best_valid_test/diff': 22.687, 'best_valid_test/acc_skew': 55.281, 'best_valid_test/acc_align': 53.75}
[12 / 20] best test accuracy: 54.789 at epoch 10 
 best_stats: {'best_test_epoch': 10, 'best_test_valid/acc': 50.617, 'best_test_valid/acc_unbiased': 49.736, 'best_test_valid/diff': 21.519, 'best_test_valid/acc_skew': 53.004, 'best_test_valid/acc_align': 46.469, 'best_test_test/acc': 53.724, 'best_test_test/acc_unbiased': 54.789, 'best_test_test/diff': 23.757, 'best_test_test/acc_skew': 55.26, 'best_test_test/acc_align': 54.318}
[13 / 20] Learning rate: 0.0001 weight: 0.01
[13 / 20] Loss: 0.0002166767262679059 CE Loss: 0.021667672786861658 Con Loss: 0.0
[13 / 20] tensor([[0.205, 0.352],
        [0.845, 0.697]]) {'epoch': 13, 'valid/acc': 49.647, 'valid/acc_unbiased': 50.31, 'valid/diff': 11.963, 'valid/acc_skew': 53.084, 'valid/acc_align': 47.536, 'test/acc': 49.714, 'test/acc_unbiased': 52.504, 'test/diff': 14.764, 'test/acc_skew': 52.546, 'test/acc_align': 52.462}
[13 / 20] best valid accuracy: 51.647 at epoch 11 
 best_stats: {'best_valid_epoch': 11, 'best_valid_valid/acc': 52.249, 'best_valid_valid/acc_unbiased': 51.647, 'best_valid_valid/diff': 21.563, 'best_valid_valid/acc_skew': 53.394, 'best_valid_valid/acc_align': 49.9, 'best_valid_test/acc': 54.517, 'best_valid_test/acc_unbiased': 54.515, 'best_valid_test/diff': 22.687, 'best_valid_test/acc_skew': 55.281, 'best_valid_test/acc_align': 53.75}
[13 / 20] best test accuracy: 54.789 at epoch 10 
 best_stats: {'best_test_epoch': 10, 'best_test_valid/acc': 50.617, 'best_test_valid/acc_unbiased': 49.736, 'best_test_valid/diff': 21.519, 'best_test_valid/acc_skew': 53.004, 'best_test_valid/acc_align': 46.469, 'best_test_test/acc': 53.724, 'best_test_test/acc_unbiased': 54.789, 'best_test_test/diff': 23.757, 'best_test_test/acc_skew': 55.26, 'best_test_test/acc_align': 54.318}
[14 / 20] Learning rate: 1e-05 weight: 0.01
[14 / 20] Loss: 0.0009583766004652716 CE Loss: 0.09583766385912895 Con Loss: 0.0
[14 / 20] tensor([[0.140, 0.290],
        [0.908, 0.745]]) {'epoch': 14, 'valid/acc': 48.192, 'valid/acc_unbiased': 50.084, 'valid/diff': 12.95, 'valid/acc_skew': 51.714, 'valid/acc_align': 48.455, 'test/acc': 48.92, 'test/acc_unbiased': 52.085, 'test/diff': 15.581, 'test/acc_skew': 52.408, 'test/acc_align': 51.761}
[14 / 20] best valid accuracy: 51.647 at epoch 11 
 best_stats: {'best_valid_epoch': 11, 'best_valid_valid/acc': 52.249, 'best_valid_valid/acc_unbiased': 51.647, 'best_valid_valid/diff': 21.563, 'best_valid_valid/acc_skew': 53.394, 'best_valid_valid/acc_align': 49.9, 'best_valid_test/acc': 54.517, 'best_valid_test/acc_unbiased': 54.515, 'best_valid_test/diff': 22.687, 'best_valid_test/acc_skew': 55.281, 'best_valid_test/acc_align': 53.75}
[14 / 20] best test accuracy: 54.789 at epoch 10 
 best_stats: {'best_test_epoch': 10, 'best_test_valid/acc': 50.617, 'best_test_valid/acc_unbiased': 49.736, 'best_test_valid/diff': 21.519, 'best_test_valid/acc_skew': 53.004, 'best_test_valid/acc_align': 46.469, 'best_test_test/acc': 53.724, 'best_test_test/acc_unbiased': 54.789, 'best_test_test/diff': 23.757, 'best_test_test/acc_skew': 55.26, 'best_test_test/acc_align': 54.318}
[15 / 20] Learning rate: 1e-05 weight: 0.01
[15 / 20] Loss: 0.00036953826565877534 CE Loss: 0.03695382736623287 Con Loss: 0.0
[15 / 20] tensor([[0.086, 0.205],
        [0.958, 0.818]]) {'epoch': 15, 'valid/acc': 47.266, 'valid/acc_unbiased': 49.638, 'valid/diff': 11.145, 'valid/acc_skew': 51.201, 'valid/acc_align': 48.074, 'test/acc': 48.171, 'test/acc_unbiased': 51.674, 'test/diff': 12.954, 'test/acc_skew': 52.212, 'test/acc_align': 51.136}
[15 / 20] best valid accuracy: 51.647 at epoch 11 
 best_stats: {'best_valid_epoch': 11, 'best_valid_valid/acc': 52.249, 'best_valid_valid/acc_unbiased': 51.647, 'best_valid_valid/diff': 21.563, 'best_valid_valid/acc_skew': 53.394, 'best_valid_valid/acc_align': 49.9, 'best_valid_test/acc': 54.517, 'best_valid_test/acc_unbiased': 54.515, 'best_valid_test/diff': 22.687, 'best_valid_test/acc_skew': 55.281, 'best_valid_test/acc_align': 53.75}
[15 / 20] best test accuracy: 54.789 at epoch 10 
 best_stats: {'best_test_epoch': 10, 'best_test_valid/acc': 50.617, 'best_test_valid/acc_unbiased': 49.736, 'best_test_valid/diff': 21.519, 'best_test_valid/acc_skew': 53.004, 'best_test_valid/acc_align': 46.469, 'best_test_test/acc': 53.724, 'best_test_test/acc_unbiased': 54.789, 'best_test_test/diff': 23.757, 'best_test_test/acc_skew': 55.26, 'best_test_test/acc_align': 54.318}
[16 / 20] Learning rate: 1e-05 weight: 0.01
[16 / 20] Loss: 0.0013789828153676353 CE Loss: 0.13789828680455685 Con Loss: 0.0
[16 / 20] tensor([[0.104, 0.216],
        [0.948, 0.800]]) {'epoch': 16, 'valid/acc': 47.795, 'valid/acc_unbiased': 50.264, 'valid/diff': 11.854, 'valid/acc_skew': 51.393, 'valid/acc_align': 49.136, 'test/acc': 48.568, 'test/acc_unbiased': 51.692, 'test/diff': 13.017, 'test/acc_skew': 52.589, 'test/acc_align': 50.795}
[16 / 20] best valid accuracy: 51.647 at epoch 11 
 best_stats: {'best_valid_epoch': 11, 'best_valid_valid/acc': 52.249, 'best_valid_valid/acc_unbiased': 51.647, 'best_valid_valid/diff': 21.563, 'best_valid_valid/acc_skew': 53.394, 'best_valid_valid/acc_align': 49.9, 'best_valid_test/acc': 54.517, 'best_valid_test/acc_unbiased': 54.515, 'best_valid_test/diff': 22.687, 'best_valid_test/acc_skew': 55.281, 'best_valid_test/acc_align': 53.75}
[16 / 20] best test accuracy: 54.789 at epoch 10 
 best_stats: {'best_test_epoch': 10, 'best_test_valid/acc': 50.617, 'best_test_valid/acc_unbiased': 49.736, 'best_test_valid/diff': 21.519, 'best_test_valid/acc_skew': 53.004, 'best_test_valid/acc_align': 46.469, 'best_test_test/acc': 53.724, 'best_test_test/acc_unbiased': 54.789, 'best_test_test/diff': 23.757, 'best_test_test/acc_skew': 55.26, 'best_test_test/acc_align': 54.318}
[17 / 20] Learning rate: 1e-05 weight: 0.01
[17 / 20] Loss: 0.00047418343820027076 CE Loss: 0.047418344067409635 Con Loss: 0.0
[17 / 20] tensor([[0.218, 0.369],
        [0.834, 0.655]]) {'epoch': 17, 'valid/acc': 49.868, 'valid/acc_unbiased': 50.309, 'valid/diff': 14.367, 'valid/acc_skew': 53.267, 'valid/acc_align': 47.351, 'test/acc': 49.669, 'test/acc_unbiased': 51.887, 'test/diff': 16.548, 'test/acc_skew': 52.581, 'test/acc_align': 51.193}
[17 / 20] best valid accuracy: 51.647 at epoch 11 
 best_stats: {'best_valid_epoch': 11, 'best_valid_valid/acc': 52.249, 'best_valid_valid/acc_unbiased': 51.647, 'best_valid_valid/diff': 21.563, 'best_valid_valid/acc_skew': 53.394, 'best_valid_valid/acc_align': 49.9, 'best_valid_test/acc': 54.517, 'best_valid_test/acc_unbiased': 54.515, 'best_valid_test/diff': 22.687, 'best_valid_test/acc_skew': 55.281, 'best_valid_test/acc_align': 53.75}
[17 / 20] best test accuracy: 54.789 at epoch 10 
 best_stats: {'best_test_epoch': 10, 'best_test_valid/acc': 50.617, 'best_test_valid/acc_unbiased': 49.736, 'best_test_valid/diff': 21.519, 'best_test_valid/acc_skew': 53.004, 'best_test_valid/acc_align': 46.469, 'best_test_test/acc': 53.724, 'best_test_test/acc_unbiased': 54.789, 'best_test_test/diff': 23.757, 'best_test_test/acc_skew': 55.26, 'best_test_test/acc_align': 54.318}
[18 / 20] Learning rate: 1e-05 weight: 0.01
[18 / 20] Loss: 7.067068327160086e-05 CE Loss: 0.007067068479955196 Con Loss: 0.0
[18 / 20] tensor([[0.261, 0.420],
        [0.804, 0.594]]) {'epoch': 18, 'valid/acc': 49.03, 'valid/acc_unbiased': 48.95, 'valid/diff': 14.774, 'valid/acc_skew': 52.237, 'valid/acc_align': 45.663, 'test/acc': 50.507, 'test/acc_unbiased': 51.985, 'test/diff': 18.468, 'test/acc_skew': 53.25, 'test/acc_align': 50.72}
[18 / 20] best valid accuracy: 51.647 at epoch 11 
 best_stats: {'best_valid_epoch': 11, 'best_valid_valid/acc': 52.249, 'best_valid_valid/acc_unbiased': 51.647, 'best_valid_valid/diff': 21.563, 'best_valid_valid/acc_skew': 53.394, 'best_valid_valid/acc_align': 49.9, 'best_valid_test/acc': 54.517, 'best_valid_test/acc_unbiased': 54.515, 'best_valid_test/diff': 22.687, 'best_valid_test/acc_skew': 55.281, 'best_valid_test/acc_align': 53.75}
[18 / 20] best test accuracy: 54.789 at epoch 10 
 best_stats: {'best_test_epoch': 10, 'best_test_valid/acc': 50.617, 'best_test_valid/acc_unbiased': 49.736, 'best_test_valid/diff': 21.519, 'best_test_valid/acc_skew': 53.004, 'best_test_valid/acc_align': 46.469, 'best_test_test/acc': 53.724, 'best_test_test/acc_unbiased': 54.789, 'best_test_test/diff': 23.757, 'best_test_test/acc_skew': 55.26, 'best_test_test/acc_align': 54.318}
[19 / 20] Learning rate: 1e-05 weight: 0.01
[19 / 20] Loss: 0.0026601917761581717 CE Loss: 0.2660191850736737 Con Loss: 0.0
[19 / 20] tensor([[0.237, 0.403],
        [0.832, 0.630]]) {'epoch': 19, 'valid/acc': 48.942, 'valid/acc_unbiased': 48.816, 'valid/diff': 15.45, 'valid/acc_skew': 52.509, 'valid/acc_align': 45.123, 'test/acc': 50.551, 'test/acc_unbiased': 52.547, 'test/diff': 18.407, 'test/acc_skew': 53.409, 'test/acc_align': 51.686}
[19 / 20] best valid accuracy: 51.647 at epoch 11 
 best_stats: {'best_valid_epoch': 11, 'best_valid_valid/acc': 52.249, 'best_valid_valid/acc_unbiased': 51.647, 'best_valid_valid/diff': 21.563, 'best_valid_valid/acc_skew': 53.394, 'best_valid_valid/acc_align': 49.9, 'best_valid_test/acc': 54.517, 'best_valid_test/acc_unbiased': 54.515, 'best_valid_test/diff': 22.687, 'best_valid_test/acc_skew': 55.281, 'best_valid_test/acc_align': 53.75}
[19 / 20] best test accuracy: 54.789 at epoch 10 
 best_stats: {'best_test_epoch': 10, 'best_test_valid/acc': 50.617, 'best_test_valid/acc_unbiased': 49.736, 'best_test_valid/diff': 21.519, 'best_test_valid/acc_skew': 53.004, 'best_test_valid/acc_align': 46.469, 'best_test_test/acc': 53.724, 'best_test_test/acc_unbiased': 54.789, 'best_test_test/diff': 23.757, 'best_test_test/acc_skew': 55.26, 'best_test_test/acc_align': 54.318}
[20 / 20] Learning rate: 1e-05 weight: 0.01
[20 / 20] Loss: 0.01461414061486721 CE Loss: 1.461414098739624 Con Loss: 0.0
[20 / 20] tensor([[0.221, 0.381],
        [0.840, 0.630]]) {'epoch': 20, 'valid/acc': 49.427, 'valid/acc_unbiased': 49.411, 'valid/diff': 17.901, 'valid/acc_skew': 53.186, 'valid/acc_align': 45.636, 'test/acc': 49.978, 'test/acc_unbiased': 51.804, 'test/diff': 18.428, 'test/acc_skew': 53.058, 'test/acc_align': 50.549}
[20 / 20] best valid accuracy: 51.647 at epoch 11 
 best_stats: {'best_valid_epoch': 11, 'best_valid_valid/acc': 52.249, 'best_valid_valid/acc_unbiased': 51.647, 'best_valid_valid/diff': 21.563, 'best_valid_valid/acc_skew': 53.394, 'best_valid_valid/acc_align': 49.9, 'best_valid_test/acc': 54.517, 'best_valid_test/acc_unbiased': 54.515, 'best_valid_test/diff': 22.687, 'best_valid_test/acc_skew': 55.281, 'best_valid_test/acc_align': 53.75}
[20 / 20] best test accuracy: 54.789 at epoch 10 
 best_stats: {'best_test_epoch': 10, 'best_test_valid/acc': 50.617, 'best_test_valid/acc_unbiased': 49.736, 'best_test_valid/diff': 21.519, 'best_test_valid/acc_skew': 53.004, 'best_test_valid/acc_align': 46.469, 'best_test_test/acc': 53.724, 'best_test_test/acc_unbiased': 54.789, 'best_test_test/diff': 23.757, 'best_test_test/acc_skew': 55.26, 'best_test_test/acc_align': 54.318}
Total training time: 0:06:34
