Log level set to: INFO
Set seed: 3
=======> Using Fixed Random Seed: 3 <========
save_path: exp_results/bc-bb0-celeba_smiling-os_0.3-lr0.001-bs128-cbs64-w0.01-ratio30-aug1-seed3
get_celeba - split:train, aug: False, given_y: True, ratio: 0
use existing smiling indices from data/celeba/pickles/smiling
Distribution After Sampling: 
===================================
Binary Labels Distribution: 
Binary Target 0
---------------------------
Target 0: [12186, 12186]
Target 1: [12186, 12186]
Binary Target 1
---------------------------
Target 0: [12186, 12186]
Target 1: [12186, 12186]
===================================
Normal Label Distribution: 
Target 0: [12186, 12186]
Target 1: [12186, 12186]
===================================
Use BiasedCelebASplit 
 target_attr: smiling split: train 
 tensor([[12186., 12186.],
        [12186., 12186.]])
get_celeba - split:train, aug: 1, given_y: True, ratio: 30
use existing smiling indices from data/celeba/pickles/smiling
Distribution After Sampling: 
===================================
Binary Labels Distribution: 
Binary Target 0
---------------------------
Target 0: [12240, 12240]
Target 1: [12240, 12240]
Binary Target 1
---------------------------
Target 0: [12240, 12240]
Target 1: [12240, 12240]
===================================
Normal Label Distribution: 
Target 0: [12240, 12240]
Target 1: [12240, 12240]
===================================
Use BiasedCelebASplit 
 target_attr: smiling split: train 
 tensor([[12240., 12240.],
        [12240., 12240.]])
get_celeba - split:train_valid, aug: False, given_y: True, ratio: 0
use existing smiling indices from data/celeba/pickles/smiling
Use BiasedCelebASplit 
 target_attr: smiling split: train_valid 
 tensor([[ 1944., 10217.],
        [ 8222.,  1982.]])
get_celeba - split:valid, aug: False, given_y: True, ratio: 0
Use BiasedCelebASplit 
 target_attr: smiling split: valid 
 tensor([[5252., 6157.],
        [5013., 3445.]])
decay_epochs: [3, 6]
[1 / 10] Learning rate: 0.001 weight: 0.01
[1 / 10] Loss: 4.665652344267141 CE Loss: 0.2762544265931881 Con Loss: 4.662889795899685
[1 / 10] tensor([[0.951, 0.939],
        [0.877, 0.869]]) {'epoch': 1, 'valid/acc': 90.19, 'valid/acc_unbiased': 90.775, 'valid/diff': 1.139, 'valid/acc_skew': 91.344, 'valid/acc_align': 90.206, 'test/acc': 91.091, 'test/acc_unbiased': 90.908, 'test/diff': 1.051, 'test/acc_skew': 91.433, 'test/acc_align': 90.382}
[1 / 10] best valid accuracy: 90.775 at epoch 1 
 best_stats: {'best_valid_epoch': 1, 'best_valid_valid/acc': 90.19, 'best_valid_valid/acc_unbiased': 90.775, 'best_valid_valid/diff': 1.139, 'best_valid_valid/acc_skew': 91.344, 'best_valid_valid/acc_align': 90.206, 'best_valid_test/acc': 91.091, 'best_valid_test/acc_unbiased': 90.908, 'best_valid_test/diff': 1.051, 'best_valid_test/acc_skew': 91.433, 'best_valid_test/acc_align': 90.382}
[1 / 10] best test accuracy: 90.908 at epoch 1 
 best_stats: {'best_test_epoch': 1, 'best_test_valid/acc': 90.19, 'best_test_valid/acc_unbiased': 90.775, 'best_test_valid/diff': 1.139, 'best_test_valid/acc_skew': 91.344, 'best_test_valid/acc_align': 90.206, 'best_test_test/acc': 91.091, 'best_test_test/acc_unbiased': 90.908, 'best_test_test/diff': 1.051, 'best_test_test/acc_skew': 91.433, 'best_test_test/acc_align': 90.382}
[2 / 10] Learning rate: 0.001 weight: 0.01
[2 / 10] Loss: 4.620533262785288 CE Loss: 0.23517395595592094 Con Loss: 4.618181526651137
[2 / 10] tensor([[0.955, 0.961],
        [0.890, 0.834]]) {'epoch': 2, 'valid/acc': 91.384, 'valid/acc_unbiased': 91.12, 'valid/diff': 2.036, 'valid/acc_skew': 92.138, 'valid/acc_align': 90.103, 'test/acc': 91.524, 'test/acc_unbiased': 90.987, 'test/diff': 3.109, 'test/acc_skew': 92.22, 'test/acc_align': 89.753}
[2 / 10] best valid accuracy: 91.120 at epoch 2 
 best_stats: {'best_valid_epoch': 2, 'best_valid_valid/acc': 91.384, 'best_valid_valid/acc_unbiased': 91.12, 'best_valid_valid/diff': 2.036, 'best_valid_valid/acc_skew': 92.138, 'best_valid_valid/acc_align': 90.103, 'best_valid_test/acc': 91.524, 'best_valid_test/acc_unbiased': 90.987, 'best_valid_test/diff': 3.109, 'best_valid_test/acc_skew': 92.22, 'best_valid_test/acc_align': 89.753}
[2 / 10] best test accuracy: 90.987 at epoch 2 
 best_stats: {'best_test_epoch': 2, 'best_test_valid/acc': 91.384, 'best_test_valid/acc_unbiased': 91.12, 'best_test_valid/diff': 2.036, 'best_test_valid/acc_skew': 92.138, 'best_test_valid/acc_align': 90.103, 'best_test_test/acc': 91.524, 'best_test_test/acc_unbiased': 90.987, 'best_test_test/diff': 3.109, 'best_test_test/acc_skew': 92.22, 'best_test_test/acc_align': 89.753}
[3 / 10] Learning rate: 0.001 weight: 0.01
[3 / 10] Loss: 4.610715932061906 CE Loss: 0.23457029268167573 Con Loss: 4.608370224204378
[3 / 10] tensor([[0.952, 0.940],
        [0.884, 0.875]]) {'epoch': 3, 'valid/acc': 90.677, 'valid/acc_unbiased': 91.316, 'valid/diff': 1.441, 'valid/acc_skew': 92.037, 'valid/acc_align': 90.596, 'test/acc': 91.453, 'test/acc_unbiased': 91.273, 'test/diff': 1.053, 'test/acc_skew': 91.8, 'test/acc_align': 90.747}
[3 / 10] best valid accuracy: 91.316 at epoch 3 
 best_stats: {'best_valid_epoch': 3, 'best_valid_valid/acc': 90.677, 'best_valid_valid/acc_unbiased': 91.316, 'best_valid_valid/diff': 1.441, 'best_valid_valid/acc_skew': 92.037, 'best_valid_valid/acc_align': 90.596, 'best_valid_test/acc': 91.453, 'best_valid_test/acc_unbiased': 91.273, 'best_valid_test/diff': 1.053, 'best_valid_test/acc_skew': 91.8, 'best_valid_test/acc_align': 90.747}
[3 / 10] best test accuracy: 91.273 at epoch 3 
 best_stats: {'best_test_epoch': 3, 'best_test_valid/acc': 90.677, 'best_test_valid/acc_unbiased': 91.316, 'best_test_valid/diff': 1.441, 'best_test_valid/acc_skew': 92.037, 'best_test_valid/acc_align': 90.596, 'best_test_test/acc': 91.453, 'best_test_test/acc_unbiased': 91.273, 'best_test_test/diff': 1.053, 'best_test_test/acc_skew': 91.8, 'best_test_test/acc_align': 90.747}
[4 / 10] Learning rate: 0.0001 weight: 0.01
[4 / 10] Loss: 4.557768456164632 CE Loss: 0.20474027030948894 Con Loss: 4.555721053970715
[4 / 10] tensor([[0.934, 0.915],
        [0.925, 0.919]]) {'epoch': 4, 'valid/acc': 92.283, 'valid/acc_unbiased': 92.481, 'valid/diff': 1.422, 'valid/acc_skew': 93.192, 'valid/acc_align': 91.77, 'test/acc': 92.399, 'test/acc_unbiased': 92.341, 'test/diff': 1.259, 'test/acc_skew': 92.97, 'test/acc_align': 91.712}
[4 / 10] best valid accuracy: 92.481 at epoch 4 
 best_stats: {'best_valid_epoch': 4, 'best_valid_valid/acc': 92.283, 'best_valid_valid/acc_unbiased': 92.481, 'best_valid_valid/diff': 1.422, 'best_valid_valid/acc_skew': 93.192, 'best_valid_valid/acc_align': 91.77, 'best_valid_test/acc': 92.399, 'best_valid_test/acc_unbiased': 92.341, 'best_valid_test/diff': 1.259, 'best_valid_test/acc_skew': 92.97, 'best_valid_test/acc_align': 91.712}
[4 / 10] best test accuracy: 92.341 at epoch 4 
 best_stats: {'best_test_epoch': 4, 'best_test_valid/acc': 92.283, 'best_test_valid/acc_unbiased': 92.481, 'best_test_valid/diff': 1.422, 'best_test_valid/acc_skew': 93.192, 'best_test_valid/acc_align': 91.77, 'best_test_test/acc': 92.399, 'best_test_test/acc_unbiased': 92.341, 'best_test_test/diff': 1.259, 'best_test_test/acc_skew': 92.97, 'best_test_test/acc_align': 91.712}
[5 / 10] Learning rate: 0.0001 weight: 0.01
[5 / 10] Loss: 4.544309784660546 CE Loss: 0.19395430459190469 Con Loss: 4.542370237115371
[5 / 10] tensor([[0.926, 0.920],
        [0.935, 0.915]]) {'epoch': 5, 'valid/acc': 92.587, 'valid/acc_unbiased': 92.422, 'valid/diff': 1.231, 'valid/acc_skew': 93.037, 'valid/acc_align': 91.807, 'test/acc': 92.545, 'test/acc_unbiased': 92.409, 'test/diff': 1.333, 'test/acc_skew': 93.075, 'test/acc_align': 91.742}
[5 / 10] best valid accuracy: 92.481 at epoch 4 
 best_stats: {'best_valid_epoch': 4, 'best_valid_valid/acc': 92.283, 'best_valid_valid/acc_unbiased': 92.481, 'best_valid_valid/diff': 1.422, 'best_valid_valid/acc_skew': 93.192, 'best_valid_valid/acc_align': 91.77, 'best_valid_test/acc': 92.399, 'best_valid_test/acc_unbiased': 92.341, 'best_valid_test/diff': 1.259, 'best_valid_test/acc_skew': 92.97, 'best_valid_test/acc_align': 91.712}
[5 / 10] best test accuracy: 92.409 at epoch 5 
 best_stats: {'best_test_epoch': 5, 'best_test_valid/acc': 92.587, 'best_test_valid/acc_unbiased': 92.422, 'best_test_valid/diff': 1.231, 'best_test_valid/acc_skew': 93.037, 'best_test_valid/acc_align': 91.807, 'best_test_test/acc': 92.545, 'best_test_test/acc_unbiased': 92.409, 'best_test_test/diff': 1.333, 'best_test_test/acc_skew': 93.075, 'best_test_test/acc_align': 91.742}
[6 / 10] Learning rate: 0.0001 weight: 0.01
[6 / 10] Loss: 4.54479123202721 CE Loss: 0.19129721945570194 Con Loss: 4.542878251895125
[6 / 10] tensor([[0.934, 0.921],
        [0.931, 0.919]]) {'epoch': 6, 'valid/acc': 92.448, 'valid/acc_unbiased': 92.551, 'valid/diff': 1.889, 'valid/acc_skew': 93.495, 'valid/acc_align': 91.607, 'test/acc': 92.701, 'test/acc_unbiased': 92.604, 'test/diff': 1.276, 'test/acc_skew': 93.242, 'test/acc_align': 91.966}
[6 / 10] best valid accuracy: 92.551 at epoch 6 
 best_stats: {'best_valid_epoch': 6, 'best_valid_valid/acc': 92.448, 'best_valid_valid/acc_unbiased': 92.551, 'best_valid_valid/diff': 1.889, 'best_valid_valid/acc_skew': 93.495, 'best_valid_valid/acc_align': 91.607, 'best_valid_test/acc': 92.701, 'best_valid_test/acc_unbiased': 92.604, 'best_valid_test/diff': 1.276, 'best_valid_test/acc_skew': 93.242, 'best_valid_test/acc_align': 91.966}
[6 / 10] best test accuracy: 92.604 at epoch 6 
 best_stats: {'best_test_epoch': 6, 'best_test_valid/acc': 92.448, 'best_test_valid/acc_unbiased': 92.551, 'best_test_valid/diff': 1.889, 'best_test_valid/acc_skew': 93.495, 'best_test_valid/acc_align': 91.607, 'best_test_test/acc': 92.701, 'best_test_test/acc_unbiased': 92.604, 'best_test_test/diff': 1.276, 'best_test_test/acc_skew': 93.242, 'best_test_test/acc_align': 91.966}
[7 / 10] Learning rate: 1e-05 weight: 0.01
[7 / 10] Loss: 4.531920532590941 CE Loss: 0.18765732001323096 Con Loss: 4.530043971376155
[7 / 10] tensor([[0.941, 0.925],
        [0.924, 0.911]]) {'epoch': 7, 'valid/acc': 92.618, 'valid/acc_unbiased': 92.717, 'valid/diff': 1.213, 'valid/acc_skew': 93.323, 'valid/acc_align': 92.11, 'test/acc': 92.651, 'test/acc_unbiased': 92.526, 'test/diff': 1.474, 'test/acc_skew': 93.263, 'test/acc_align': 91.789}
[7 / 10] best valid accuracy: 92.717 at epoch 7 
 best_stats: {'best_valid_epoch': 7, 'best_valid_valid/acc': 92.618, 'best_valid_valid/acc_unbiased': 92.717, 'best_valid_valid/diff': 1.213, 'best_valid_valid/acc_skew': 93.323, 'best_valid_valid/acc_align': 92.11, 'best_valid_test/acc': 92.651, 'best_valid_test/acc_unbiased': 92.526, 'best_valid_test/diff': 1.474, 'best_valid_test/acc_skew': 93.263, 'best_valid_test/acc_align': 91.789}
[7 / 10] best test accuracy: 92.604 at epoch 6 
 best_stats: {'best_test_epoch': 6, 'best_test_valid/acc': 92.448, 'best_test_valid/acc_unbiased': 92.551, 'best_test_valid/diff': 1.889, 'best_test_valid/acc_skew': 93.495, 'best_test_valid/acc_align': 91.607, 'best_test_test/acc': 92.701, 'best_test_test/acc_unbiased': 92.604, 'best_test_test/diff': 1.276, 'best_test_test/acc_skew': 93.242, 'best_test_test/acc_align': 91.966}
[8 / 10] Learning rate: 1e-05 weight: 0.01
[8 / 10] Loss: 4.537211946562243 CE Loss: 0.1861732636700509 Con Loss: 4.535350208229254
[8 / 10] tensor([[0.940, 0.926],
        [0.926, 0.910]]) {'epoch': 8, 'valid/acc': 92.725, 'valid/acc_unbiased': 92.731, 'valid/diff': 1.353, 'valid/acc_skew': 93.407, 'valid/acc_align': 92.055, 'test/acc': 92.717, 'test/acc_unbiased': 92.574, 'test/diff': 1.478, 'test/acc_skew': 93.313, 'test/acc_align': 91.835}
[8 / 10] best valid accuracy: 92.731 at epoch 8 
 best_stats: {'best_valid_epoch': 8, 'best_valid_valid/acc': 92.725, 'best_valid_valid/acc_unbiased': 92.731, 'best_valid_valid/diff': 1.353, 'best_valid_valid/acc_skew': 93.407, 'best_valid_valid/acc_align': 92.055, 'best_valid_test/acc': 92.717, 'best_valid_test/acc_unbiased': 92.574, 'best_valid_test/diff': 1.478, 'best_valid_test/acc_skew': 93.313, 'best_valid_test/acc_align': 91.835}
[8 / 10] best test accuracy: 92.604 at epoch 6 
 best_stats: {'best_test_epoch': 6, 'best_test_valid/acc': 92.448, 'best_test_valid/acc_unbiased': 92.551, 'best_test_valid/diff': 1.889, 'best_test_valid/acc_skew': 93.495, 'best_test_valid/acc_align': 91.607, 'best_test_test/acc': 92.701, 'best_test_test/acc_unbiased': 92.604, 'best_test_test/diff': 1.276, 'best_test_test/acc_skew': 93.242, 'best_test_test/acc_align': 91.966}
[9 / 10] Learning rate: 1e-05 weight: 0.01
[9 / 10] Loss: 4.532705094687911 CE Loss: 0.1854687332764608 Con Loss: 4.530850407174513
[9 / 10] tensor([[0.947, 0.929],
        [0.918, 0.906]]) {'epoch': 9, 'valid/acc': 92.605, 'valid/acc_unbiased': 92.812, 'valid/diff': 1.556, 'valid/acc_skew': 93.59, 'valid/acc_align': 92.034, 'test/acc': 92.656, 'test/acc_unbiased': 92.517, 'test/diff': 1.52, 'test/acc_skew': 93.277, 'test/acc_align': 91.757}
[9 / 10] best valid accuracy: 92.812 at epoch 9 
 best_stats: {'best_valid_epoch': 9, 'best_valid_valid/acc': 92.605, 'best_valid_valid/acc_unbiased': 92.812, 'best_valid_valid/diff': 1.556, 'best_valid_valid/acc_skew': 93.59, 'best_valid_valid/acc_align': 92.034, 'best_valid_test/acc': 92.656, 'best_valid_test/acc_unbiased': 92.517, 'best_valid_test/diff': 1.52, 'best_valid_test/acc_skew': 93.277, 'best_valid_test/acc_align': 91.757}
[9 / 10] best test accuracy: 92.604 at epoch 6 
 best_stats: {'best_test_epoch': 6, 'best_test_valid/acc': 92.448, 'best_test_valid/acc_unbiased': 92.551, 'best_test_valid/diff': 1.889, 'best_test_valid/acc_skew': 93.495, 'best_test_valid/acc_align': 91.607, 'best_test_test/acc': 92.701, 'best_test_test/acc_unbiased': 92.604, 'best_test_test/diff': 1.276, 'best_test_test/acc_skew': 93.242, 'best_test_test/acc_align': 91.966}
[10 / 10] Learning rate: 1e-05 weight: 0.01
[10 / 10] Loss: 4.535707946679049 CE Loss: 0.18564264483147022 Con Loss: 4.533851520466957
[10 / 10] tensor([[0.957, 0.940],
        [0.911, 0.899]]) {'epoch': 10, 'valid/acc': 92.309, 'valid/acc_unbiased': 92.524, 'valid/diff': 1.61, 'valid/acc_skew': 93.329, 'valid/acc_align': 91.719, 'test/acc': 92.807, 'test/acc_unbiased': 92.642, 'test/diff': 1.459, 'test/acc_skew': 93.371, 'test/acc_align': 91.913}
[10 / 10] best valid accuracy: 92.812 at epoch 9 
 best_stats: {'best_valid_epoch': 9, 'best_valid_valid/acc': 92.605, 'best_valid_valid/acc_unbiased': 92.812, 'best_valid_valid/diff': 1.556, 'best_valid_valid/acc_skew': 93.59, 'best_valid_valid/acc_align': 92.034, 'best_valid_test/acc': 92.656, 'best_valid_test/acc_unbiased': 92.517, 'best_valid_test/diff': 1.52, 'best_valid_test/acc_skew': 93.277, 'best_valid_test/acc_align': 91.757}
[10 / 10] best test accuracy: 92.642 at epoch 10 
 best_stats: {'best_test_epoch': 10, 'best_test_valid/acc': 92.309, 'best_test_valid/acc_unbiased': 92.524, 'best_test_valid/diff': 1.61, 'best_test_valid/acc_skew': 93.329, 'best_test_valid/acc_align': 91.719, 'best_test_test/acc': 92.807, 'best_test_test/acc_unbiased': 92.642, 'best_test_test/diff': 1.459, 'best_test_test/acc_skew': 93.371, 'best_test_test/acc_align': 91.913}
Total training time: 0:54:18
