Log level set to: INFO
Set seed: 2
=======> Using Fixed Random Seed: 2 <========
save_path: exp_results/bc-bb0-utk_face_race-uw-0.4-lr0.001-bs128-cbs64-w0.01-ratio10-aug1-seed2
get_utk_face - split: train, aug: False, given_y: True, ratio: 0
use existing biased_utk_face from data/utk_face/pickles/biased_utk_face-target_gender-bias_race-0.4
Distribution Before Sampling: 
===================================
Binary Labels Distribution: 
Binary Target 0
---------------------------
Target 0: [4407, 3317]
Target 1: [2644, 5529]
Binary Target 1
---------------------------
Target 0: [4407, 3317]
Target 1: [2644, 5529]
===================================
Normal Label Distribution: 
Target 0: [4407, 3317]
Target 1: [2644, 5529]
===================================
Distribution After Sampling: 
===================================
Binary Labels Distribution: 
Binary Target 0
---------------------------
Target 0: [4407, 3317]
Target 1: [2644, 5529]
Binary Target 1
---------------------------
Target 0: [4407, 3317]
Target 1: [2644, 5529]
===================================
Normal Label Distribution: 
Target 0: [4407, 3317]
Target 1: [2644, 5529]
===================================
Use BiasedUTKFace - target_attr: gender
BiasedUTKFace -- total: 15897, target_attr: gender, bias_attr: race bias_rate: 0.4
['[train] target_0-bias_0: 4407', '[train] target_0-bias_1: 3317', '[train] target_1-bias_0: 2644', '[train] target_1-bias_1: 5529']
confusion_matrix - 
 original: tensor([[4407., 2644.],
        [3317., 5529.]]), 
 normalized: tensor([[0.625, 0.375],
        [0.375, 0.625]]), 
 b|y: tensor([[0.571, 0.429],
        [0.324, 0.676]])
get_utk_face - split: train, aug: 1, given_y: True, ratio: 10
use existing biased_utk_face from data/utk_face/pickles/biased_utk_face-target_gender-bias_race-0.4
Distribution Before Sampling: 
===================================
Binary Labels Distribution: 
Binary Target 0
---------------------------
Target 0: [4407, 3317]
Target 1: [2644, 5529]
Binary Target 1
---------------------------
Target 0: [4407, 3317]
Target 1: [2644, 5529]
===================================
Normal Label Distribution: 
Target 0: [4407, 3317]
Target 1: [2644, 5529]
===================================
Distribution After Sampling: 
===================================
Binary Labels Distribution: 
Binary Target 0
---------------------------
Target 0: [4407, 3317]
Target 1: [2644, 5529]
Binary Target 1
---------------------------
Target 0: [4407, 3317]
Target 1: [2644, 5529]
===================================
Normal Label Distribution: 
Target 0: [4407, 3317]
Target 1: [2644, 5529]
===================================
Use BiasedUTKFace - target_attr: gender
BiasedUTKFace -- total: 15897, target_attr: gender, bias_attr: race bias_rate: 0.4
['[train] target_0-bias_0: 4407', '[train] target_0-bias_1: 3317', '[train] target_1-bias_0: 2644', '[train] target_1-bias_1: 5529']
get_utk_face - split: valid, aug: False, given_y: True, ratio: 0
use existing biased_utk_face from data/utk_face/pickles/biased_utk_face-target_gender-bias_race-0.4
Distribution Before Sampling: 
===================================
Binary Labels Distribution: 
Binary Target 0
---------------------------
Target 0: [583, 684]
Target 1: [457, 646]
Binary Target 1
---------------------------
Target 0: [583, 684]
Target 1: [457, 646]
===================================
Normal Label Distribution: 
Target 0: [583, 684]
Target 1: [457, 646]
===================================
Use BiasedUTKFace - target_attr: gender
BiasedUTKFace -- total: 2370, target_attr: gender, bias_attr: race bias_rate: 0.4
['[valid] target_0-bias_0: 583', '[valid] target_0-bias_1: 684', '[valid] target_1-bias_0: 457', '[valid] target_1-bias_1: 646']
get_utk_face - split: test, aug: False, given_y: True, ratio: 0
use existing biased_utk_face from data/utk_face/pickles/biased_utk_face-target_gender-bias_race-0.4
Distribution Before Sampling: 
===================================
Binary Labels Distribution: 
Binary Target 0
---------------------------
Target 0: [558, 677]
Target 1: [462, 673]
Binary Target 1
---------------------------
Target 0: [558, 677]
Target 1: [462, 673]
===================================
Normal Label Distribution: 
Target 0: [558, 677]
Target 1: [462, 673]
===================================
Use BiasedUTKFace - target_attr: gender
BiasedUTKFace -- total: 2370, target_attr: gender, bias_attr: race bias_rate: 0.4
['[test] target_0-bias_0: 558', '[test] target_0-bias_1: 677', '[test] target_1-bias_0: 462', '[test] target_1-bias_1: 673']
decay_epochs: [6, 13]
[1 / 20] Learning rate: 0.001 weight: 0.01
[1 / 20] Loss: 4.874572421377048 CE Loss: 2.18872818510705 Con Loss: 4.852685135235882
[1 / 20] tensor([[0.774, 0.750],
        [0.861, 0.865]]) {'epoch': 1, 'valid/acc': 80.97, 'valid/acc_unbiased': 81.491, 'valid/diff': 3.198, 'valid/acc_skew': 83.09, 'valid/acc_align': 79.891, 'test/acc': 81.013, 'test/acc_unbiased': 81.27, 'test/diff': 1.357, 'test/acc_skew': 80.592, 'test/acc_align': 81.949}
[1 / 20] best valid accuracy: 81.491 at epoch 1 
 best_stats: {'best_valid_epoch': 1, 'best_valid_valid/acc': 80.97, 'best_valid_valid/acc_unbiased': 81.491, 'best_valid_valid/diff': 3.198, 'best_valid_valid/acc_skew': 83.09, 'best_valid_valid/acc_align': 79.891, 'best_valid_test/acc': 81.013, 'best_valid_test/acc_unbiased': 81.27, 'best_valid_test/diff': 1.357, 'best_valid_test/acc_skew': 80.592, 'best_valid_test/acc_align': 81.949}
[1 / 20] best test accuracy: 81.270 at epoch 1 
 best_stats: {'best_test_epoch': 1, 'best_test_valid/acc': 80.97, 'best_test_valid/acc_unbiased': 81.491, 'best_test_valid/diff': 3.198, 'best_test_valid/acc_skew': 83.09, 'best_test_valid/acc_align': 79.891, 'best_test_test/acc': 81.013, 'best_test_test/acc_unbiased': 81.27, 'best_test_test/diff': 1.357, 'best_test_test/acc_skew': 80.592, 'best_test_test/acc_align': 81.949}
[2 / 20] Learning rate: 0.001 weight: 0.01
[2 / 20] Loss: 4.768503310058434 CE Loss: 1.8324916500816362 Con Loss: 4.7501783820902945
[2 / 20] tensor([[0.640, 0.614],
        [0.957, 0.942]]) {'epoch': 2, 'valid/acc': 77.131, 'valid/acc_unbiased': 78.229, 'valid/diff': 1.156, 'valid/acc_skew': 78.807, 'valid/acc_align': 77.651, 'test/acc': 78.017, 'test/acc_unbiased': 78.826, 'test/diff': 1.998, 'test/acc_skew': 78.559, 'test/acc_align': 79.092}
[2 / 20] best valid accuracy: 81.491 at epoch 1 
 best_stats: {'best_valid_epoch': 1, 'best_valid_valid/acc': 80.97, 'best_valid_valid/acc_unbiased': 81.491, 'best_valid_valid/diff': 3.198, 'best_valid_valid/acc_skew': 83.09, 'best_valid_valid/acc_align': 79.891, 'best_valid_test/acc': 81.013, 'best_valid_test/acc_unbiased': 81.27, 'best_valid_test/diff': 1.357, 'best_valid_test/acc_skew': 80.592, 'best_valid_test/acc_align': 81.949}
[2 / 20] best test accuracy: 81.270 at epoch 1 
 best_stats: {'best_test_epoch': 1, 'best_test_valid/acc': 80.97, 'best_test_valid/acc_unbiased': 81.491, 'best_test_valid/diff': 3.198, 'best_test_valid/acc_skew': 83.09, 'best_test_valid/acc_align': 79.891, 'best_test_test/acc': 81.013, 'best_test_test/acc_unbiased': 81.27, 'best_test_test/diff': 1.357, 'best_test_test/acc_skew': 80.592, 'best_test_test/acc_align': 81.949}
[3 / 20] Learning rate: 0.001 weight: 0.01
[3 / 20] Loss: 4.740896852539719 CE Loss: 1.6799008478089203 Con Loss: 4.724097853720155
[3 / 20] tensor([[0.690, 0.674],
        [0.972, 0.947]]) {'epoch': 3, 'valid/acc': 81.814, 'valid/acc_unbiased': 82.802, 'valid/diff': 1.096, 'valid/acc_skew': 82.935, 'valid/acc_align': 82.669, 'test/acc': 81.308, 'test/acc_unbiased': 82.047, 'test/diff': 2.088, 'test/acc_skew': 82.271, 'test/acc_align': 81.824}
[3 / 20] best valid accuracy: 82.802 at epoch 3 
 best_stats: {'best_valid_epoch': 3, 'best_valid_valid/acc': 81.814, 'best_valid_valid/acc_unbiased': 82.802, 'best_valid_valid/diff': 1.096, 'best_valid_valid/acc_skew': 82.935, 'best_valid_valid/acc_align': 82.669, 'best_valid_test/acc': 81.308, 'best_valid_test/acc_unbiased': 82.047, 'best_valid_test/diff': 2.088, 'best_valid_test/acc_skew': 82.271, 'best_valid_test/acc_align': 81.824}
[3 / 20] best test accuracy: 82.047 at epoch 3 
 best_stats: {'best_test_epoch': 3, 'best_test_valid/acc': 81.814, 'best_test_valid/acc_unbiased': 82.802, 'best_test_valid/diff': 1.096, 'best_test_valid/acc_skew': 82.935, 'best_test_valid/acc_align': 82.669, 'best_test_test/acc': 81.308, 'best_test_test/acc_unbiased': 82.047, 'best_test_test/diff': 2.088, 'best_test_test/acc_skew': 82.271, 'best_test_test/acc_align': 81.824}
[4 / 20] Learning rate: 0.001 weight: 0.01
[4 / 20] Loss: 4.721675838757935 CE Loss: 1.5999187907385528 Con Loss: 4.705676647629492
[4 / 20] tensor([[0.885, 0.842],
        [0.825, 0.856]]) {'epoch': 4, 'valid/acc': 85.148, 'valid/acc_unbiased': 85.259, 'valid/diff': 2.613, 'valid/acc_skew': 85.542, 'valid/acc_align': 84.976, 'test/acc': 85.274, 'test/acc_unbiased': 85.195, 'test/diff': 3.727, 'test/acc_skew': 83.331, 'test/acc_align': 87.059}
[4 / 20] best valid accuracy: 85.259 at epoch 4 
 best_stats: {'best_valid_epoch': 4, 'best_valid_valid/acc': 85.148, 'best_valid_valid/acc_unbiased': 85.259, 'best_valid_valid/diff': 2.613, 'best_valid_valid/acc_skew': 85.542, 'best_valid_valid/acc_align': 84.976, 'best_valid_test/acc': 85.274, 'best_valid_test/acc_unbiased': 85.195, 'best_valid_test/diff': 3.727, 'best_valid_test/acc_skew': 83.331, 'best_valid_test/acc_align': 87.059}
[4 / 20] best test accuracy: 85.195 at epoch 4 
 best_stats: {'best_test_epoch': 4, 'best_test_valid/acc': 85.148, 'best_test_valid/acc_unbiased': 85.259, 'best_test_valid/diff': 2.613, 'best_test_valid/acc_skew': 85.542, 'best_test_valid/acc_align': 84.976, 'best_test_test/acc': 85.274, 'best_test_test/acc_unbiased': 85.195, 'best_test_test/diff': 3.727, 'best_test_test/acc_skew': 83.331, 'best_test_test/acc_align': 87.059}
[5 / 20] Learning rate: 0.001 weight: 0.01
[5 / 20] Loss: 4.718136722294498 CE Loss: 1.5482456829740303 Con Loss: 4.702654261870108
[5 / 20] tensor([[0.841, 0.823],
        [0.855, 0.890]]) {'epoch': 5, 'valid/acc': 85.316, 'valid/acc_unbiased': 85.611, 'valid/diff': 1.534, 'valid/acc_skew': 86.378, 'valid/acc_align': 84.845, 'test/acc': 85.232, 'test/acc_unbiased': 85.207, 'test/diff': 2.641, 'test/acc_skew': 83.886, 'test/acc_align': 86.527}
[5 / 20] best valid accuracy: 85.611 at epoch 5 
 best_stats: {'best_valid_epoch': 5, 'best_valid_valid/acc': 85.316, 'best_valid_valid/acc_unbiased': 85.611, 'best_valid_valid/diff': 1.534, 'best_valid_valid/acc_skew': 86.378, 'best_valid_valid/acc_align': 84.845, 'best_valid_test/acc': 85.232, 'best_valid_test/acc_unbiased': 85.207, 'best_valid_test/diff': 2.641, 'best_valid_test/acc_skew': 83.886, 'best_valid_test/acc_align': 86.527}
[5 / 20] best test accuracy: 85.207 at epoch 5 
 best_stats: {'best_test_epoch': 5, 'best_test_valid/acc': 85.316, 'best_test_valid/acc_unbiased': 85.611, 'best_test_valid/diff': 1.534, 'best_test_valid/acc_skew': 86.378, 'best_test_valid/acc_align': 84.845, 'best_test_test/acc': 85.232, 'best_test_test/acc_unbiased': 85.207, 'best_test_test/diff': 2.641, 'best_test_test/acc_skew': 83.886, 'best_test_test/acc_align': 86.527}
[6 / 20] Learning rate: 0.001 weight: 0.01
[6 / 20] Loss: 4.699334852544138 CE Loss: 1.5212274289411623 Con Loss: 4.684122559468896
[6 / 20] tensor([[0.876, 0.864],
        [0.857, 0.829]]) {'epoch': 6, 'valid/acc': 86.456, 'valid/acc_unbiased': 86.513, 'valid/diff': 3.039, 'valid/acc_skew': 88.026, 'valid/acc_align': 84.999, 'test/acc': 85.57, 'test/acc_unbiased': 85.668, 'test/diff': 2.013, 'test/acc_skew': 86.062, 'test/acc_align': 85.273}
[6 / 20] best valid accuracy: 86.513 at epoch 6 
 best_stats: {'best_valid_epoch': 6, 'best_valid_valid/acc': 86.456, 'best_valid_valid/acc_unbiased': 86.513, 'best_valid_valid/diff': 3.039, 'best_valid_valid/acc_skew': 88.026, 'best_valid_valid/acc_align': 84.999, 'best_valid_test/acc': 85.57, 'best_valid_test/acc_unbiased': 85.668, 'best_valid_test/diff': 2.013, 'best_valid_test/acc_skew': 86.062, 'best_valid_test/acc_align': 85.273}
[6 / 20] best test accuracy: 85.668 at epoch 6 
 best_stats: {'best_test_epoch': 6, 'best_test_valid/acc': 86.456, 'best_test_valid/acc_unbiased': 86.513, 'best_test_valid/diff': 3.039, 'best_test_valid/acc_skew': 88.026, 'best_test_valid/acc_align': 84.999, 'best_test_test/acc': 85.57, 'best_test_test/acc_unbiased': 85.668, 'best_test_test/diff': 2.013, 'best_test_test/acc_skew': 86.062, 'best_test_test/acc_align': 85.273}
[7 / 20] Learning rate: 0.0001 weight: 0.01
[7 / 20] Loss: 4.668307871175741 CE Loss: 1.366136725386666 Con Loss: 4.654646502880733
[7 / 20] tensor([[0.851, 0.835],
        [0.909, 0.912]]) {'epoch': 7, 'valid/acc': 87.637, 'valid/acc_unbiased': 88.014, 'valid/diff': 2.343, 'valid/acc_skew': 88.495, 'valid/acc_align': 87.533, 'test/acc': 87.511, 'test/acc_unbiased': 87.681, 'test/diff': 0.997, 'test/acc_skew': 87.183, 'test/acc_align': 88.179}
[7 / 20] best valid accuracy: 88.014 at epoch 7 
 best_stats: {'best_valid_epoch': 7, 'best_valid_valid/acc': 87.637, 'best_valid_valid/acc_unbiased': 88.014, 'best_valid_valid/diff': 2.343, 'best_valid_valid/acc_skew': 88.495, 'best_valid_valid/acc_align': 87.533, 'best_valid_test/acc': 87.511, 'best_valid_test/acc_unbiased': 87.681, 'best_valid_test/diff': 0.997, 'best_valid_test/acc_skew': 87.183, 'best_valid_test/acc_align': 88.179}
[7 / 20] best test accuracy: 87.681 at epoch 7 
 best_stats: {'best_test_epoch': 7, 'best_test_valid/acc': 87.637, 'best_test_valid/acc_unbiased': 88.014, 'best_test_valid/diff': 2.343, 'best_test_valid/acc_skew': 88.495, 'best_test_valid/acc_align': 87.533, 'best_test_test/acc': 87.511, 'best_test_test/acc_unbiased': 87.681, 'best_test_test/diff': 0.997, 'best_test_test/acc_skew': 87.183, 'best_test_test/acc_align': 88.179}
[8 / 20] Learning rate: 0.0001 weight: 0.01
[8 / 20] Loss: 4.645452175529122 CE Loss: 1.2965263951692354 Con Loss: 4.632486905017994
[8 / 20] tensor([[0.884, 0.876],
        [0.868, 0.877]]) {'epoch': 8, 'valid/acc': 88.439, 'valid/acc_unbiased': 88.564, 'valid/diff': 2.936, 'valid/acc_skew': 89.12, 'valid/acc_align': 88.007, 'test/acc': 87.637, 'test/acc_unbiased': 87.602, 'test/diff': 0.815, 'test/acc_skew': 87.194, 'test/acc_align': 88.009}
[8 / 20] best valid accuracy: 88.564 at epoch 8 
 best_stats: {'best_valid_epoch': 8, 'best_valid_valid/acc': 88.439, 'best_valid_valid/acc_unbiased': 88.564, 'best_valid_valid/diff': 2.936, 'best_valid_valid/acc_skew': 89.12, 'best_valid_valid/acc_align': 88.007, 'best_valid_test/acc': 87.637, 'best_valid_test/acc_unbiased': 87.602, 'best_valid_test/diff': 0.815, 'best_valid_test/acc_skew': 87.194, 'best_valid_test/acc_align': 88.009}
[8 / 20] best test accuracy: 87.681 at epoch 7 
 best_stats: {'best_test_epoch': 7, 'best_test_valid/acc': 87.637, 'best_test_valid/acc_unbiased': 88.014, 'best_test_valid/diff': 2.343, 'best_test_valid/acc_skew': 88.495, 'best_test_valid/acc_align': 87.533, 'best_test_test/acc': 87.511, 'best_test_test/acc_unbiased': 87.681, 'best_test_test/diff': 0.997, 'best_test_test/acc_skew': 87.183, 'best_test_test/acc_align': 88.179}
[9 / 20] Learning rate: 0.0001 weight: 0.01
[9 / 20] Loss: 4.632169881826558 CE Loss: 1.2557723990639718 Con Loss: 4.619612174865892
[9 / 20] tensor([[0.878, 0.873],
        [0.874, 0.897]]) {'epoch': 9, 'valid/acc': 88.861, 'valid/acc_unbiased': 89.083, 'valid/diff': 2.323, 'valid/acc_skew': 89.227, 'valid/acc_align': 88.938, 'test/acc': 88.143, 'test/acc_unbiased': 88.076, 'test/diff': 1.409, 'test/acc_skew': 87.371, 'test/acc_align': 88.781}
[9 / 20] best valid accuracy: 89.083 at epoch 9 
 best_stats: {'best_valid_epoch': 9, 'best_valid_valid/acc': 88.861, 'best_valid_valid/acc_unbiased': 89.083, 'best_valid_valid/diff': 2.323, 'best_valid_valid/acc_skew': 89.227, 'best_valid_valid/acc_align': 88.938, 'best_valid_test/acc': 88.143, 'best_valid_test/acc_unbiased': 88.076, 'best_valid_test/diff': 1.409, 'best_valid_test/acc_skew': 87.371, 'best_valid_test/acc_align': 88.781}
[9 / 20] best test accuracy: 88.076 at epoch 9 
 best_stats: {'best_test_epoch': 9, 'best_test_valid/acc': 88.861, 'best_test_valid/acc_unbiased': 89.083, 'best_test_valid/diff': 2.323, 'best_test_valid/acc_skew': 89.227, 'best_test_valid/acc_align': 88.938, 'best_test_test/acc': 88.143, 'best_test_test/acc_unbiased': 88.076, 'best_test_test/diff': 1.409, 'best_test_test/acc_skew': 87.371, 'best_test_test/acc_align': 88.781}
[10 / 20] Learning rate: 0.0001 weight: 0.01
[10 / 20] Loss: 4.623646976198349 CE Loss: 1.2327699085492836 Con Loss: 4.611319288529862
[10 / 20] tensor([[0.862, 0.863],
        [0.887, 0.906]]) {'epoch': 10, 'valid/acc': 88.312, 'valid/acc_unbiased': 88.569, 'valid/diff': 2.026, 'valid/acc_skew': 88.971, 'valid/acc_align': 88.167, 'test/acc': 87.975, 'test/acc_unbiased': 87.962, 'test/diff': 0.978, 'test/acc_skew': 87.504, 'test/acc_align': 88.42}
[10 / 20] best valid accuracy: 89.083 at epoch 9 
 best_stats: {'best_valid_epoch': 9, 'best_valid_valid/acc': 88.861, 'best_valid_valid/acc_unbiased': 89.083, 'best_valid_valid/diff': 2.323, 'best_valid_valid/acc_skew': 89.227, 'best_valid_valid/acc_align': 88.938, 'best_valid_test/acc': 88.143, 'best_valid_test/acc_unbiased': 88.076, 'best_valid_test/diff': 1.409, 'best_valid_test/acc_skew': 87.371, 'best_valid_test/acc_align': 88.781}
[10 / 20] best test accuracy: 88.076 at epoch 9 
 best_stats: {'best_test_epoch': 9, 'best_test_valid/acc': 88.861, 'best_test_valid/acc_unbiased': 89.083, 'best_test_valid/diff': 2.323, 'best_test_valid/acc_skew': 89.227, 'best_test_valid/acc_align': 88.938, 'best_test_test/acc': 88.143, 'best_test_test/acc_unbiased': 88.076, 'best_test_test/diff': 1.409, 'best_test_test/acc_skew': 87.371, 'best_test_test/acc_align': 88.781}
[11 / 20] Learning rate: 0.0001 weight: 0.01
[11 / 20] Loss: 4.623169465493037 CE Loss: 1.2126339695892627 Con Loss: 4.611043157311755
[11 / 20] tensor([[0.896, 0.880],
        [0.879, 0.878]]) {'epoch': 11, 'valid/acc': 88.481, 'valid/acc_unbiased': 88.58, 'valid/diff': 2.341, 'valid/acc_skew': 88.937, 'valid/acc_align': 88.223, 'test/acc': 88.312, 'test/acc_unbiased': 88.334, 'test/diff': 0.817, 'test/acc_skew': 87.957, 'test/acc_align': 88.711}
[11 / 20] best valid accuracy: 89.083 at epoch 9 
 best_stats: {'best_valid_epoch': 9, 'best_valid_valid/acc': 88.861, 'best_valid_valid/acc_unbiased': 89.083, 'best_valid_valid/diff': 2.323, 'best_valid_valid/acc_skew': 89.227, 'best_valid_valid/acc_align': 88.938, 'best_valid_test/acc': 88.143, 'best_valid_test/acc_unbiased': 88.076, 'best_valid_test/diff': 1.409, 'best_valid_test/acc_skew': 87.371, 'best_valid_test/acc_align': 88.781}
[11 / 20] best test accuracy: 88.334 at epoch 11 
 best_stats: {'best_test_epoch': 11, 'best_test_valid/acc': 88.481, 'best_test_valid/acc_unbiased': 88.58, 'best_test_valid/diff': 2.341, 'best_test_valid/acc_skew': 88.937, 'best_test_valid/acc_align': 88.223, 'best_test_test/acc': 88.312, 'best_test_test/acc_unbiased': 88.334, 'best_test_test/diff': 0.817, 'best_test_test/acc_skew': 87.957, 'best_test_test/acc_align': 88.711}
[12 / 20] Learning rate: 0.0001 weight: 0.01
[12 / 20] Loss: 4.61052238061577 CE Loss: 1.1995580471101148 Con Loss: 4.598526804523813
[12 / 20] tensor([[0.882, 0.894],
        [0.879, 0.886]]) {'epoch': 12, 'valid/acc': 88.861, 'valid/acc_unbiased': 89.01, 'valid/diff': 2.28, 'valid/acc_skew': 89.667, 'valid/acc_align': 88.353, 'test/acc': 88.565, 'test/acc_unbiased': 88.494, 'test/diff': 0.936, 'test/acc_skew': 88.622, 'test/acc_align': 88.365}
[12 / 20] best valid accuracy: 89.083 at epoch 9 
 best_stats: {'best_valid_epoch': 9, 'best_valid_valid/acc': 88.861, 'best_valid_valid/acc_unbiased': 89.083, 'best_valid_valid/diff': 2.323, 'best_valid_valid/acc_skew': 89.227, 'best_valid_valid/acc_align': 88.938, 'best_valid_test/acc': 88.143, 'best_valid_test/acc_unbiased': 88.076, 'best_valid_test/diff': 1.409, 'best_valid_test/acc_skew': 87.371, 'best_valid_test/acc_align': 88.781}
[12 / 20] best test accuracy: 88.494 at epoch 12 
 best_stats: {'best_test_epoch': 12, 'best_test_valid/acc': 88.861, 'best_test_valid/acc_unbiased': 89.01, 'best_test_valid/diff': 2.28, 'best_test_valid/acc_skew': 89.667, 'best_test_valid/acc_align': 88.353, 'best_test_test/acc': 88.565, 'best_test_test/acc_unbiased': 88.494, 'best_test_test/diff': 0.936, 'best_test_test/acc_skew': 88.622, 'best_test_test/acc_align': 88.365}
[13 / 20] Learning rate: 0.0001 weight: 0.01
[13 / 20] Loss: 4.610022769946456 CE Loss: 1.1829939790661999 Con Loss: 4.598192817993701
[13 / 20] tensor([[0.866, 0.843],
        [0.900, 0.921]]) {'epoch': 13, 'valid/acc': 88.861, 'valid/acc_unbiased': 89.131, 'valid/diff': 0.966, 'valid/acc_skew': 89.372, 'valid/acc_align': 88.89, 'test/acc': 88.186, 'test/acc_unbiased': 88.267, 'test/diff': 2.149, 'test/acc_skew': 87.193, 'test/acc_align': 89.342}
[13 / 20] best valid accuracy: 89.131 at epoch 13 
 best_stats: {'best_valid_epoch': 13, 'best_valid_valid/acc': 88.861, 'best_valid_valid/acc_unbiased': 89.131, 'best_valid_valid/diff': 0.966, 'best_valid_valid/acc_skew': 89.372, 'best_valid_valid/acc_align': 88.89, 'best_valid_test/acc': 88.186, 'best_valid_test/acc_unbiased': 88.267, 'best_valid_test/diff': 2.149, 'best_valid_test/acc_skew': 87.193, 'best_valid_test/acc_align': 89.342}
[13 / 20] best test accuracy: 88.494 at epoch 12 
 best_stats: {'best_test_epoch': 12, 'best_test_valid/acc': 88.861, 'best_test_valid/acc_unbiased': 89.01, 'best_test_valid/diff': 2.28, 'best_test_valid/acc_skew': 89.667, 'best_test_valid/acc_align': 88.353, 'best_test_test/acc': 88.565, 'best_test_test/acc_unbiased': 88.494, 'best_test_test/diff': 0.936, 'best_test_test/acc_skew': 88.622, 'best_test_test/acc_align': 88.365}
[14 / 20] Learning rate: 1e-05 weight: 0.01
[14 / 20] Loss: 4.605157255324026 CE Loss: 1.164841020711677 Con Loss: 4.593508861796349
[14 / 20] tensor([[0.873, 0.858],
        [0.898, 0.912]]) {'epoch': 14, 'valid/acc': 88.608, 'valid/acc_unbiased': 88.856, 'valid/diff': 1.671, 'valid/acc_skew': 89.081, 'valid/acc_align': 88.631, 'test/acc': 88.481, 'test/acc_unbiased': 88.539, 'test/diff': 1.431, 'test/acc_skew': 87.823, 'test/acc_align': 89.255}
[14 / 20] best valid accuracy: 89.131 at epoch 13 
 best_stats: {'best_valid_epoch': 13, 'best_valid_valid/acc': 88.861, 'best_valid_valid/acc_unbiased': 89.131, 'best_valid_valid/diff': 0.966, 'best_valid_valid/acc_skew': 89.372, 'best_valid_valid/acc_align': 88.89, 'best_valid_test/acc': 88.186, 'best_valid_test/acc_unbiased': 88.267, 'best_valid_test/diff': 2.149, 'best_valid_test/acc_skew': 87.193, 'best_valid_test/acc_align': 89.342}
[14 / 20] best test accuracy: 88.539 at epoch 14 
 best_stats: {'best_test_epoch': 14, 'best_test_valid/acc': 88.608, 'best_test_valid/acc_unbiased': 88.856, 'best_test_valid/diff': 1.671, 'best_test_valid/acc_skew': 89.081, 'best_test_valid/acc_align': 88.631, 'best_test_test/acc': 88.481, 'best_test_test/acc_unbiased': 88.539, 'best_test_test/diff': 1.431, 'best_test_test/acc_skew': 87.823, 'best_test_test/acc_align': 89.255}
[15 / 20] Learning rate: 1e-05 weight: 0.01
[15 / 20] Loss: 4.61255439128517 CE Loss: 1.1542003839962467 Con Loss: 4.601012397473838
[15 / 20] tensor([[0.878, 0.879],
        [0.887, 0.902]]) {'epoch': 15, 'valid/acc': 88.987, 'valid/acc_unbiased': 89.166, 'valid/diff': 1.595, 'valid/acc_skew': 89.41, 'valid/acc_align': 88.922, 'test/acc': 88.692, 'test/acc_unbiased': 88.66, 'test/diff': 0.761, 'test/acc_skew': 88.316, 'test/acc_align': 89.003}
[15 / 20] best valid accuracy: 89.166 at epoch 15 
 best_stats: {'best_valid_epoch': 15, 'best_valid_valid/acc': 88.987, 'best_valid_valid/acc_unbiased': 89.166, 'best_valid_valid/diff': 1.595, 'best_valid_valid/acc_skew': 89.41, 'best_valid_valid/acc_align': 88.922, 'best_valid_test/acc': 88.692, 'best_valid_test/acc_unbiased': 88.66, 'best_valid_test/diff': 0.761, 'best_valid_test/acc_skew': 88.316, 'best_valid_test/acc_align': 89.003}
[15 / 20] best test accuracy: 88.660 at epoch 15 
 best_stats: {'best_test_epoch': 15, 'best_test_valid/acc': 88.987, 'best_test_valid/acc_unbiased': 89.166, 'best_test_valid/diff': 1.595, 'best_test_valid/acc_skew': 89.41, 'best_test_valid/acc_align': 88.922, 'best_test_test/acc': 88.692, 'best_test_test/acc_unbiased': 88.66, 'best_test_test/diff': 0.761, 'best_test_test/acc_skew': 88.316, 'best_test_test/acc_align': 89.003}
[16 / 20] Learning rate: 1e-05 weight: 0.01
[16 / 20] Loss: 4.61128252971515 CE Loss: 1.159567675834528 Con Loss: 4.599686860813242
[16 / 20] tensor([[0.878, 0.871],
        [0.892, 0.903]]) {'epoch': 16, 'valid/acc': 89.03, 'valid/acc_unbiased': 89.267, 'valid/diff': 2.097, 'valid/acc_skew': 89.775, 'valid/acc_align': 88.759, 'test/acc': 88.608, 'test/acc_unbiased': 88.621, 'test/diff': 0.914, 'test/acc_skew': 88.163, 'test/acc_align': 89.078}
[16 / 20] best valid accuracy: 89.267 at epoch 16 
 best_stats: {'best_valid_epoch': 16, 'best_valid_valid/acc': 89.03, 'best_valid_valid/acc_unbiased': 89.267, 'best_valid_valid/diff': 2.097, 'best_valid_valid/acc_skew': 89.775, 'best_valid_valid/acc_align': 88.759, 'best_valid_test/acc': 88.608, 'best_valid_test/acc_unbiased': 88.621, 'best_valid_test/diff': 0.914, 'best_valid_test/acc_skew': 88.163, 'best_valid_test/acc_align': 89.078}
[16 / 20] best test accuracy: 88.660 at epoch 15 
 best_stats: {'best_test_epoch': 15, 'best_test_valid/acc': 88.987, 'best_test_valid/acc_unbiased': 89.166, 'best_test_valid/diff': 1.595, 'best_test_valid/acc_skew': 89.41, 'best_test_valid/acc_align': 88.922, 'best_test_test/acc': 88.692, 'best_test_test/acc_unbiased': 88.66, 'best_test_test/diff': 0.761, 'best_test_test/acc_skew': 88.316, 'best_test_test/acc_align': 89.003}
[17 / 20] Learning rate: 1e-05 weight: 0.01
[17 / 20] Loss: 4.615870059702601 CE Loss: 1.1579483806048354 Con Loss: 4.604290594775369
[17 / 20] tensor([[0.887, 0.885],
        [0.883, 0.896]]) {'epoch': 17, 'valid/acc': 89.409, 'valid/acc_unbiased': 89.573, 'valid/diff': 2.495, 'valid/acc_skew': 90.141, 'valid/acc_align': 89.005, 'test/acc': 88.819, 'test/acc_unbiased': 88.775, 'test/diff': 0.759, 'test/acc_skew': 88.395, 'test/acc_align': 89.154}
[17 / 20] best valid accuracy: 89.573 at epoch 17 
 best_stats: {'best_valid_epoch': 17, 'best_valid_valid/acc': 89.409, 'best_valid_valid/acc_unbiased': 89.573, 'best_valid_valid/diff': 2.495, 'best_valid_valid/acc_skew': 90.141, 'best_valid_valid/acc_align': 89.005, 'best_valid_test/acc': 88.819, 'best_valid_test/acc_unbiased': 88.775, 'best_valid_test/diff': 0.759, 'best_valid_test/acc_skew': 88.395, 'best_valid_test/acc_align': 89.154}
[17 / 20] best test accuracy: 88.775 at epoch 17 
 best_stats: {'best_test_epoch': 17, 'best_test_valid/acc': 89.409, 'best_test_valid/acc_unbiased': 89.573, 'best_test_valid/diff': 2.495, 'best_test_valid/acc_skew': 90.141, 'best_test_valid/acc_align': 89.005, 'best_test_test/acc': 88.819, 'best_test_test/acc_unbiased': 88.775, 'best_test_test/diff': 0.759, 'best_test_test/acc_skew': 88.395, 'best_test_test/acc_align': 89.154}
[18 / 20] Learning rate: 1e-05 weight: 0.01
[18 / 20] Loss: 4.596056580835973 CE Loss: 1.1449466784990097 Con Loss: 4.58460710759117
[18 / 20] tensor([[0.880, 0.873],
        [0.896, 0.903]]) {'epoch': 18, 'valid/acc': 89.241, 'valid/acc_unbiased': 89.484, 'valid/diff': 2.101, 'valid/acc_skew': 90.286, 'valid/acc_align': 88.681, 'test/acc': 88.776, 'test/acc_unbiased': 88.81, 'test/diff': 0.714, 'test/acc_skew': 88.454, 'test/acc_align': 89.167}
[18 / 20] best valid accuracy: 89.573 at epoch 17 
 best_stats: {'best_valid_epoch': 17, 'best_valid_valid/acc': 89.409, 'best_valid_valid/acc_unbiased': 89.573, 'best_valid_valid/diff': 2.495, 'best_valid_valid/acc_skew': 90.141, 'best_valid_valid/acc_align': 89.005, 'best_valid_test/acc': 88.819, 'best_valid_test/acc_unbiased': 88.775, 'best_valid_test/diff': 0.759, 'best_valid_test/acc_skew': 88.395, 'best_valid_test/acc_align': 89.154}
[18 / 20] best test accuracy: 88.810 at epoch 18 
 best_stats: {'best_test_epoch': 18, 'best_test_valid/acc': 89.241, 'best_test_valid/acc_unbiased': 89.484, 'best_test_valid/diff': 2.101, 'best_test_valid/acc_skew': 90.286, 'best_test_valid/acc_align': 88.681, 'best_test_test/acc': 88.776, 'best_test_test/acc_unbiased': 88.81, 'best_test_test/diff': 0.714, 'best_test_test/acc_skew': 88.454, 'best_test_test/acc_align': 89.167}
[19 / 20] Learning rate: 1e-05 weight: 0.01
[19 / 20] Loss: 4.59554983761623 CE Loss: 1.1160041485716428 Con Loss: 4.584389799127281
[19 / 20] tensor([[0.894, 0.886],
        [0.883, 0.890]]) {'epoch': 19, 'valid/acc': 89.241, 'valid/acc_unbiased': 89.392, 'valid/diff': 2.296, 'valid/acc_skew': 90.105, 'valid/acc_align': 88.679, 'test/acc': 88.861, 'test/acc_unbiased': 88.842, 'test/diff': 0.746, 'test/acc_skew': 88.469, 'test/acc_align': 89.215}
[19 / 20] best valid accuracy: 89.573 at epoch 17 
 best_stats: {'best_valid_epoch': 17, 'best_valid_valid/acc': 89.409, 'best_valid_valid/acc_unbiased': 89.573, 'best_valid_valid/diff': 2.495, 'best_valid_valid/acc_skew': 90.141, 'best_valid_valid/acc_align': 89.005, 'best_valid_test/acc': 88.819, 'best_valid_test/acc_unbiased': 88.775, 'best_valid_test/diff': 0.759, 'best_valid_test/acc_skew': 88.395, 'best_valid_test/acc_align': 89.154}
[19 / 20] best test accuracy: 88.842 at epoch 19 
 best_stats: {'best_test_epoch': 19, 'best_test_valid/acc': 89.241, 'best_test_valid/acc_unbiased': 89.392, 'best_test_valid/diff': 2.296, 'best_test_valid/acc_skew': 90.105, 'best_test_valid/acc_align': 88.679, 'best_test_test/acc': 88.861, 'best_test_test/acc_unbiased': 88.842, 'best_test_test/diff': 0.746, 'best_test_test/acc_skew': 88.469, 'best_test_test/acc_align': 89.215}
[20 / 20] Learning rate: 1e-05 weight: 0.01
[20 / 20] Loss: 4.605344271565365 CE Loss: 1.1440380132032608 Con Loss: 4.593903877873567
[20 / 20] tensor([[0.876, 0.877],
        [0.896, 0.905]]) {'epoch': 20, 'valid/acc': 89.241, 'valid/acc_unbiased': 89.468, 'valid/diff': 1.742, 'valid/acc_skew': 90.03, 'valid/acc_align': 88.905, 'test/acc': 88.861, 'test/acc_unbiased': 88.869, 'test/diff': 0.493, 'test/acc_skew': 88.675, 'test/acc_align': 89.062}
[20 / 20] best valid accuracy: 89.573 at epoch 17 
 best_stats: {'best_valid_epoch': 17, 'best_valid_valid/acc': 89.409, 'best_valid_valid/acc_unbiased': 89.573, 'best_valid_valid/diff': 2.495, 'best_valid_valid/acc_skew': 90.141, 'best_valid_valid/acc_align': 89.005, 'best_valid_test/acc': 88.819, 'best_valid_test/acc_unbiased': 88.775, 'best_valid_test/diff': 0.759, 'best_valid_test/acc_skew': 88.395, 'best_valid_test/acc_align': 89.154}
[20 / 20] best test accuracy: 88.869 at epoch 20 
 best_stats: {'best_test_epoch': 20, 'best_test_valid/acc': 89.241, 'best_test_valid/acc_unbiased': 89.468, 'best_test_valid/diff': 1.742, 'best_test_valid/acc_skew': 90.03, 'best_test_valid/acc_align': 88.905, 'best_test_test/acc': 88.861, 'best_test_test/acc_unbiased': 88.869, 'best_test_test/diff': 0.493, 'best_test_test/acc_skew': 88.675, 'best_test_test/acc_align': 89.062}
Total training time: 1:20:10
