Log level set to: INFO
Set seed: 2
=======> Using Fixed Random Seed: 2 <========
save_path: exp_results/ce-utk_face_race-crop-0.9-lr0.001-bs128-seed2
get_utk_face - split: train, aug: True, given_y: True, ratio: 0
use existing biased_utk_face from data/utk_face/pickles/biased_utk_face-target_gender-bias_race-0.9
Distribution Before Sampling: 
===================================
Binary Labels Distribution: 
Binary Target 0
---------------------------
Target 0: [4407, 552]
Target 1: [440, 5529]
Binary Target 1
---------------------------
Target 0: [4407, 552]
Target 1: [440, 5529]
===================================
Normal Label Distribution: 
Target 0: [4407, 552]
Target 1: [440, 5529]
===================================
Distribution After Sampling: 
===================================
Binary Labels Distribution: 
Binary Target 0
---------------------------
Target 0: [4407, 552]
Target 1: [440, 5529]
Binary Target 1
---------------------------
Target 0: [4407, 552]
Target 1: [440, 5529]
===================================
Normal Label Distribution: 
Target 0: [4407, 552]
Target 1: [440, 5529]
===================================
Use BiasedUTKFace - target_attr: gender
BiasedUTKFace -- total: 10928, target_attr: gender, bias_attr: race bias_rate: 0.9
['[train] target_0-bias_0: 4407', '[train] target_0-bias_1: 552', '[train] target_1-bias_0: 440', '[train] target_1-bias_1: 5529']
get_utk_face - split: valid, aug: False, given_y: True, ratio: 0
use existing biased_utk_face from data/utk_face/pickles/biased_utk_face-target_gender-bias_race-0.9
Distribution Before Sampling: 
===================================
Binary Labels Distribution: 
Binary Target 0
---------------------------
Target 0: [583, 684]
Target 1: [457, 646]
Binary Target 1
---------------------------
Target 0: [583, 684]
Target 1: [457, 646]
===================================
Normal Label Distribution: 
Target 0: [583, 684]
Target 1: [457, 646]
===================================
Use BiasedUTKFace - target_attr: gender
BiasedUTKFace -- total: 2370, target_attr: gender, bias_attr: race bias_rate: 0.9
['[valid] target_0-bias_0: 583', '[valid] target_0-bias_1: 684', '[valid] target_1-bias_0: 457', '[valid] target_1-bias_1: 646']
get_utk_face - split: test, aug: False, given_y: True, ratio: 0
use existing biased_utk_face from data/utk_face/pickles/biased_utk_face-target_gender-bias_race-0.9
Distribution Before Sampling: 
===================================
Binary Labels Distribution: 
Binary Target 0
---------------------------
Target 0: [558, 677]
Target 1: [462, 673]
Binary Target 1
---------------------------
Target 0: [558, 677]
Target 1: [462, 673]
===================================
Normal Label Distribution: 
Target 0: [558, 677]
Target 1: [462, 673]
===================================
Use BiasedUTKFace - target_attr: gender
BiasedUTKFace -- total: 2370, target_attr: gender, bias_attr: race bias_rate: 0.9
['[test] target_0-bias_0: 558', '[test] target_0-bias_1: 677', '[test] target_1-bias_0: 462', '[test] target_1-bias_1: 673']
decay_epochs: [6, 13]
[1 / 20] Learning rate: 0.001
[1 / 20] Loss: 0.4467
[1 / 20] tensor([[0.962, 0.877],
        [0.420, 0.670]]) {'epoch': 1, 'valid/acc': 76.329, 'valid/acc_unbiased': 74.086, 'valid/diff': 16.32, 'valid/acc_skew': 65.926, 'valid/acc_align': 82.246, 'test/acc': 74.937, 'test/acc_unbiased': 73.245, 'test/diff': 16.759, 'test/acc_skew': 64.866, 'test/acc_align': 81.625}
[1 / 20] best valid accuracy: 74.086 at epoch 1 
 best_stats: {'best_valid_epoch': 1, 'best_valid_valid/acc': 76.329, 'best_valid_valid/acc_unbiased': 74.086, 'best_valid_valid/diff': 16.32, 'best_valid_valid/acc_skew': 65.926, 'best_valid_valid/acc_align': 82.246, 'best_valid_test/acc': 74.937, 'best_valid_test/acc_unbiased': 73.245, 'best_valid_test/diff': 16.759, 'best_valid_test/acc_skew': 64.866, 'best_valid_test/acc_align': 81.625}
[1 / 20] best test accuracy: 73.245 at epoch 1 
 best_stats: {'best_test_epoch': 1, 'best_test_valid/acc': 76.329, 'best_test_valid/acc_unbiased': 74.086, 'best_test_valid/diff': 16.32, 'best_test_valid/acc_skew': 65.926, 'best_test_valid/acc_align': 82.246, 'best_test_test/acc': 74.937, 'best_test_test/acc_unbiased': 73.245, 'best_test_test/diff': 16.759, 'best_test_test/acc_skew': 64.866, 'best_test_test/acc_align': 81.625}
[2 / 20] Learning rate: 0.001
[2 / 20] Loss: 0.3262
[2 / 20] tensor([[0.925, 0.820],
        [0.626, 0.832]]) {'epoch': 2, 'valid/acc': 81.266, 'valid/acc_unbiased': 79.986, 'valid/diff': 15.879, 'valid/acc_skew': 72.047, 'valid/acc_align': 87.926, 'test/acc': 81.013, 'test/acc_unbiased': 80.054, 'test/diff': 15.575, 'test/acc_skew': 72.267, 'test/acc_align': 87.841}
[2 / 20] best valid accuracy: 79.986 at epoch 2 
 best_stats: {'best_valid_epoch': 2, 'best_valid_valid/acc': 81.266, 'best_valid_valid/acc_unbiased': 79.986, 'best_valid_valid/diff': 15.879, 'best_valid_valid/acc_skew': 72.047, 'best_valid_valid/acc_align': 87.926, 'best_valid_test/acc': 81.013, 'best_valid_test/acc_unbiased': 80.054, 'best_valid_test/diff': 15.575, 'best_valid_test/acc_skew': 72.267, 'best_valid_test/acc_align': 87.841}
[2 / 20] best test accuracy: 80.054 at epoch 2 
 best_stats: {'best_test_epoch': 2, 'best_test_valid/acc': 81.266, 'best_test_valid/acc_unbiased': 79.986, 'best_test_valid/diff': 15.879, 'best_test_valid/acc_skew': 72.047, 'best_test_valid/acc_align': 87.926, 'best_test_test/acc': 81.013, 'best_test_test/acc_unbiased': 80.054, 'best_test_test/diff': 15.575, 'best_test_test/acc_skew': 72.267, 'best_test_test/acc_align': 87.841}
[3 / 20] Learning rate: 0.001
[3 / 20] Loss: 0.2936
[3 / 20] tensor([[0.882, 0.703],
        [0.771, 0.932]]) {'epoch': 3, 'valid/acc': 82.532, 'valid/acc_unbiased': 82.378, 'valid/diff': 15.874, 'valid/acc_skew': 74.441, 'valid/acc_align': 90.315, 'test/acc': 82.321, 'test/acc_unbiased': 82.176, 'test/diff': 16.985, 'test/acc_skew': 73.683, 'test/acc_align': 90.668}
[3 / 20] best valid accuracy: 82.378 at epoch 3 
 best_stats: {'best_valid_epoch': 3, 'best_valid_valid/acc': 82.532, 'best_valid_valid/acc_unbiased': 82.378, 'best_valid_valid/diff': 15.874, 'best_valid_valid/acc_skew': 74.441, 'best_valid_valid/acc_align': 90.315, 'best_valid_test/acc': 82.321, 'best_valid_test/acc_unbiased': 82.176, 'best_valid_test/diff': 16.985, 'best_valid_test/acc_skew': 73.683, 'best_valid_test/acc_align': 90.668}
[3 / 20] best test accuracy: 82.176 at epoch 3 
 best_stats: {'best_test_epoch': 3, 'best_test_valid/acc': 82.532, 'best_test_valid/acc_unbiased': 82.378, 'best_test_valid/diff': 15.874, 'best_test_valid/acc_skew': 74.441, 'best_test_valid/acc_align': 90.315, 'best_test_test/acc': 82.321, 'best_test_test/acc_unbiased': 82.176, 'best_test_test/diff': 16.985, 'best_test_test/acc_skew': 73.683, 'best_test_test/acc_align': 90.668}
[4 / 20] Learning rate: 0.001
[4 / 20] Loss: 0.2778
[4 / 20] tensor([[0.876, 0.742],
        [0.781, 0.917]]) {'epoch': 4, 'valid/acc': 83.924, 'valid/acc_unbiased': 83.847, 'valid/diff': 12.677, 'valid/acc_skew': 77.508, 'valid/acc_align': 90.185, 'test/acc': 83.08, 'test/acc_unbiased': 82.901, 'test/diff': 13.512, 'test/acc_skew': 76.145, 'test/acc_align': 89.657}
[4 / 20] best valid accuracy: 83.847 at epoch 4 
 best_stats: {'best_valid_epoch': 4, 'best_valid_valid/acc': 83.924, 'best_valid_valid/acc_unbiased': 83.847, 'best_valid_valid/diff': 12.677, 'best_valid_valid/acc_skew': 77.508, 'best_valid_valid/acc_align': 90.185, 'best_valid_test/acc': 83.08, 'best_valid_test/acc_unbiased': 82.901, 'best_valid_test/diff': 13.512, 'best_valid_test/acc_skew': 76.145, 'best_valid_test/acc_align': 89.657}
[4 / 20] best test accuracy: 82.901 at epoch 4 
 best_stats: {'best_test_epoch': 4, 'best_test_valid/acc': 83.924, 'best_test_valid/acc_unbiased': 83.847, 'best_test_valid/diff': 12.677, 'best_test_valid/acc_skew': 77.508, 'best_test_valid/acc_align': 90.185, 'best_test_test/acc': 83.08, 'best_test_test/acc_unbiased': 82.901, 'best_test_test/diff': 13.512, 'best_test_test/acc_skew': 76.145, 'best_test_test/acc_align': 89.657}
[5 / 20] Learning rate: 0.001
[5 / 20] Loss: 0.2627
[5 / 20] tensor([[0.864, 0.666],
        [0.790, 0.951]]) {'epoch': 5, 'valid/acc': 80.886, 'valid/acc_unbiased': 81.067, 'valid/diff': 17.642, 'valid/acc_skew': 72.246, 'valid/acc_align': 89.888, 'test/acc': 81.772, 'test/acc_unbiased': 81.775, 'test/diff': 17.927, 'test/acc_skew': 72.811, 'test/acc_align': 90.738}
[5 / 20] best valid accuracy: 83.847 at epoch 4 
 best_stats: {'best_valid_epoch': 4, 'best_valid_valid/acc': 83.924, 'best_valid_valid/acc_unbiased': 83.847, 'best_valid_valid/diff': 12.677, 'best_valid_valid/acc_skew': 77.508, 'best_valid_valid/acc_align': 90.185, 'best_valid_test/acc': 83.08, 'best_valid_test/acc_unbiased': 82.901, 'best_valid_test/diff': 13.512, 'best_valid_test/acc_skew': 76.145, 'best_valid_test/acc_align': 89.657}
[5 / 20] best test accuracy: 82.901 at epoch 4 
 best_stats: {'best_test_epoch': 4, 'best_test_valid/acc': 83.924, 'best_test_valid/acc_unbiased': 83.847, 'best_test_valid/diff': 12.677, 'best_test_valid/acc_skew': 77.508, 'best_test_valid/acc_align': 90.185, 'best_test_test/acc': 83.08, 'best_test_test/acc_unbiased': 82.901, 'best_test_test/diff': 13.512, 'best_test_test/acc_skew': 76.145, 'best_test_test/acc_align': 89.657}
[6 / 20] Learning rate: 0.001
[6 / 20] Loss: 0.2481
[6 / 20] tensor([[0.746, 0.502],
        [0.890, 0.976]]) {'epoch': 6, 'valid/acc': 76.582, 'valid/acc_unbiased': 77.812, 'valid/diff': 15.468, 'valid/acc_skew': 70.078, 'valid/acc_align': 85.546, 'test/acc': 76.962, 'test/acc_unbiased': 77.839, 'test/diff': 16.496, 'test/acc_skew': 69.591, 'test/acc_align': 86.087}
[6 / 20] best valid accuracy: 83.847 at epoch 4 
 best_stats: {'best_valid_epoch': 4, 'best_valid_valid/acc': 83.924, 'best_valid_valid/acc_unbiased': 83.847, 'best_valid_valid/diff': 12.677, 'best_valid_valid/acc_skew': 77.508, 'best_valid_valid/acc_align': 90.185, 'best_valid_test/acc': 83.08, 'best_valid_test/acc_unbiased': 82.901, 'best_valid_test/diff': 13.512, 'best_valid_test/acc_skew': 76.145, 'best_valid_test/acc_align': 89.657}
[6 / 20] best test accuracy: 82.901 at epoch 4 
 best_stats: {'best_test_epoch': 4, 'best_test_valid/acc': 83.924, 'best_test_valid/acc_unbiased': 83.847, 'best_test_valid/diff': 12.677, 'best_test_valid/acc_skew': 77.508, 'best_test_valid/acc_align': 90.185, 'best_test_test/acc': 83.08, 'best_test_test/acc_unbiased': 82.901, 'best_test_test/diff': 13.512, 'best_test_test/acc_skew': 76.145, 'best_test_test/acc_align': 89.657}
[7 / 20] Learning rate: 0.0001
[7 / 20] Loss: 0.2125
[7 / 20] tensor([[0.896, 0.756],
        [0.764, 0.954]]) {'epoch': 7, 'valid/acc': 84.599, 'valid/acc_unbiased': 84.535, 'valid/diff': 15.37, 'valid/acc_skew': 76.85, 'valid/acc_align': 92.22, 'test/acc': 84.684, 'test/acc_unbiased': 84.259, 'test/diff': 16.482, 'test/acc_skew': 76.017, 'test/acc_align': 92.5}
[7 / 20] best valid accuracy: 84.535 at epoch 7 
 best_stats: {'best_valid_epoch': 7, 'best_valid_valid/acc': 84.599, 'best_valid_valid/acc_unbiased': 84.535, 'best_valid_valid/diff': 15.37, 'best_valid_valid/acc_skew': 76.85, 'best_valid_valid/acc_align': 92.22, 'best_valid_test/acc': 84.684, 'best_valid_test/acc_unbiased': 84.259, 'best_valid_test/diff': 16.482, 'best_valid_test/acc_skew': 76.017, 'best_valid_test/acc_align': 92.5}
[7 / 20] best test accuracy: 84.259 at epoch 7 
 best_stats: {'best_test_epoch': 7, 'best_test_valid/acc': 84.599, 'best_test_valid/acc_unbiased': 84.535, 'best_test_valid/diff': 15.37, 'best_test_valid/acc_skew': 76.85, 'best_test_valid/acc_align': 92.22, 'best_test_test/acc': 84.684, 'best_test_test/acc_unbiased': 84.259, 'best_test_test/diff': 16.482, 'best_test_test/acc_skew': 76.017, 'best_test_test/acc_align': 92.5}
[8 / 20] Learning rate: 0.0001
[8 / 20] Loss: 0.1960
[8 / 20] tensor([[0.898, 0.761],
        [0.797, 0.957]]) {'epoch': 8, 'valid/acc': 85.527, 'valid/acc_unbiased': 85.52, 'valid/diff': 15.807, 'valid/acc_skew': 77.616, 'valid/acc_align': 93.423, 'test/acc': 85.57, 'test/acc_unbiased': 85.3, 'test/diff': 14.876, 'test/acc_skew': 77.862, 'test/acc_align': 92.738}
[8 / 20] best valid accuracy: 85.520 at epoch 8 
 best_stats: {'best_valid_epoch': 8, 'best_valid_valid/acc': 85.527, 'best_valid_valid/acc_unbiased': 85.52, 'best_valid_valid/diff': 15.807, 'best_valid_valid/acc_skew': 77.616, 'best_valid_valid/acc_align': 93.423, 'best_valid_test/acc': 85.57, 'best_valid_test/acc_unbiased': 85.3, 'best_valid_test/diff': 14.876, 'best_valid_test/acc_skew': 77.862, 'best_valid_test/acc_align': 92.738}
[8 / 20] best test accuracy: 85.300 at epoch 8 
 best_stats: {'best_test_epoch': 8, 'best_test_valid/acc': 85.527, 'best_test_valid/acc_unbiased': 85.52, 'best_test_valid/diff': 15.807, 'best_test_valid/acc_skew': 77.616, 'best_test_valid/acc_align': 93.423, 'best_test_test/acc': 85.57, 'best_test_test/acc_unbiased': 85.3, 'best_test_test/diff': 14.876, 'best_test_test/acc_skew': 77.862, 'best_test_test/acc_align': 92.738}
[9 / 20] Learning rate: 0.0001
[9 / 20] Loss: 0.1807
[9 / 20] tensor([[0.910, 0.755],
        [0.771, 0.944]]) {'epoch': 9, 'valid/acc': 85.316, 'valid/acc_unbiased': 85.245, 'valid/diff': 16.132, 'valid/acc_skew': 77.179, 'valid/acc_align': 93.31, 'test/acc': 84.81, 'test/acc_unbiased': 84.482, 'test/diff': 16.428, 'test/acc_skew': 76.268, 'test/acc_align': 92.697}
[9 / 20] best valid accuracy: 85.520 at epoch 8 
 best_stats: {'best_valid_epoch': 8, 'best_valid_valid/acc': 85.527, 'best_valid_valid/acc_unbiased': 85.52, 'best_valid_valid/diff': 15.807, 'best_valid_valid/acc_skew': 77.616, 'best_valid_valid/acc_align': 93.423, 'best_valid_test/acc': 85.57, 'best_valid_test/acc_unbiased': 85.3, 'best_valid_test/diff': 14.876, 'best_valid_test/acc_skew': 77.862, 'best_valid_test/acc_align': 92.738}
[9 / 20] best test accuracy: 85.300 at epoch 8 
 best_stats: {'best_test_epoch': 8, 'best_test_valid/acc': 85.527, 'best_test_valid/acc_unbiased': 85.52, 'best_test_valid/diff': 15.807, 'best_test_valid/acc_skew': 77.616, 'best_test_valid/acc_align': 93.423, 'best_test_test/acc': 85.57, 'best_test_test/acc_unbiased': 85.3, 'best_test_test/diff': 14.876, 'best_test_test/acc_skew': 77.862, 'best_test_test/acc_align': 92.738}
[10 / 20] Learning rate: 0.0001
[10 / 20] Loss: 0.1799
[10 / 20] tensor([[0.869, 0.702],
        [0.844, 0.972]]) {'epoch': 10, 'valid/acc': 84.515, 'valid/acc_unbiased': 85.004, 'valid/diff': 13.839, 'valid/acc_skew': 78.085, 'valid/acc_align': 91.924, 'test/acc': 84.557, 'test/acc_unbiased': 84.668, 'test/diff': 14.758, 'test/acc_skew': 77.289, 'test/acc_align': 92.047}
[10 / 20] best valid accuracy: 85.520 at epoch 8 
 best_stats: {'best_valid_epoch': 8, 'best_valid_valid/acc': 85.527, 'best_valid_valid/acc_unbiased': 85.52, 'best_valid_valid/diff': 15.807, 'best_valid_valid/acc_skew': 77.616, 'best_valid_valid/acc_align': 93.423, 'best_valid_test/acc': 85.57, 'best_valid_test/acc_unbiased': 85.3, 'best_valid_test/diff': 14.876, 'best_valid_test/acc_skew': 77.862, 'best_valid_test/acc_align': 92.738}
[10 / 20] best test accuracy: 85.300 at epoch 8 
 best_stats: {'best_test_epoch': 8, 'best_test_valid/acc': 85.527, 'best_test_valid/acc_unbiased': 85.52, 'best_test_valid/diff': 15.807, 'best_test_valid/acc_skew': 77.616, 'best_test_valid/acc_align': 93.423, 'best_test_test/acc': 85.57, 'best_test_test/acc_unbiased': 85.3, 'best_test_test/diff': 14.876, 'best_test_test/acc_skew': 77.862, 'best_test_test/acc_align': 92.738}
[11 / 20] Learning rate: 0.0001
[11 / 20] Loss: 0.1745
[11 / 20] tensor([[0.898, 0.734],
        [0.823, 0.958]]) {'epoch': 11, 'valid/acc': 85.148, 'valid/acc_unbiased': 85.336, 'valid/diff': 14.714, 'valid/acc_skew': 77.979, 'valid/acc_align': 92.693, 'test/acc': 85.359, 'test/acc_unbiased': 85.322, 'test/diff': 14.981, 'test/acc_skew': 77.832, 'test/acc_align': 92.812}
[11 / 20] best valid accuracy: 85.520 at epoch 8 
 best_stats: {'best_valid_epoch': 8, 'best_valid_valid/acc': 85.527, 'best_valid_valid/acc_unbiased': 85.52, 'best_valid_valid/diff': 15.807, 'best_valid_valid/acc_skew': 77.616, 'best_valid_valid/acc_align': 93.423, 'best_valid_test/acc': 85.57, 'best_valid_test/acc_unbiased': 85.3, 'best_valid_test/diff': 14.876, 'best_valid_test/acc_skew': 77.862, 'best_valid_test/acc_align': 92.738}
[11 / 20] best test accuracy: 85.322 at epoch 11 
 best_stats: {'best_test_epoch': 11, 'best_test_valid/acc': 85.148, 'best_test_valid/acc_unbiased': 85.336, 'best_test_valid/diff': 14.714, 'best_test_valid/acc_skew': 77.979, 'best_test_valid/acc_align': 92.693, 'best_test_test/acc': 85.359, 'best_test_test/acc_unbiased': 85.322, 'best_test_test/diff': 14.981, 'best_test_test/acc_skew': 77.832, 'best_test_test/acc_align': 92.812}
[12 / 20] Learning rate: 0.0001
[12 / 20] Loss: 0.1679
[12 / 20] tensor([[0.901, 0.758],
        [0.805, 0.951]]) {'epoch': 12, 'valid/acc': 85.992, 'valid/acc_unbiased': 85.957, 'valid/diff': 13.833, 'valid/acc_skew': 79.041, 'valid/acc_align': 92.873, 'test/acc': 85.57, 'test/acc_unbiased': 85.384, 'test/diff': 14.472, 'test/acc_skew': 78.147, 'test/acc_align': 92.62}
[12 / 20] best valid accuracy: 85.957 at epoch 12 
 best_stats: {'best_valid_epoch': 12, 'best_valid_valid/acc': 85.992, 'best_valid_valid/acc_unbiased': 85.957, 'best_valid_valid/diff': 13.833, 'best_valid_valid/acc_skew': 79.041, 'best_valid_valid/acc_align': 92.873, 'best_valid_test/acc': 85.57, 'best_valid_test/acc_unbiased': 85.384, 'best_valid_test/diff': 14.472, 'best_valid_test/acc_skew': 78.147, 'best_valid_test/acc_align': 92.62}
[12 / 20] best test accuracy: 85.384 at epoch 12 
 best_stats: {'best_test_epoch': 12, 'best_test_valid/acc': 85.992, 'best_test_valid/acc_unbiased': 85.957, 'best_test_valid/diff': 13.833, 'best_test_valid/acc_skew': 79.041, 'best_test_valid/acc_align': 92.873, 'best_test_test/acc': 85.57, 'best_test_test/acc_unbiased': 85.384, 'best_test_test/diff': 14.472, 'best_test_test/acc_skew': 78.147, 'best_test_test/acc_align': 92.62}
[13 / 20] Learning rate: 0.0001
[13 / 20] Loss: 0.1666
[13 / 20] tensor([[0.887, 0.768],
        [0.810, 0.954]]) {'epoch': 13, 'valid/acc': 85.949, 'valid/acc_unbiased': 85.92, 'valid/diff': 13.685, 'valid/acc_skew': 79.077, 'valid/acc_align': 92.762, 'test/acc': 85.696, 'test/acc_unbiased': 85.466, 'test/diff': 13.171, 'test/acc_skew': 78.881, 'test/acc_align': 92.052}
[13 / 20] best valid accuracy: 85.957 at epoch 12 
 best_stats: {'best_valid_epoch': 12, 'best_valid_valid/acc': 85.992, 'best_valid_valid/acc_unbiased': 85.957, 'best_valid_valid/diff': 13.833, 'best_valid_valid/acc_skew': 79.041, 'best_valid_valid/acc_align': 92.873, 'best_valid_test/acc': 85.57, 'best_valid_test/acc_unbiased': 85.384, 'best_valid_test/diff': 14.472, 'best_valid_test/acc_skew': 78.147, 'best_valid_test/acc_align': 92.62}
[13 / 20] best test accuracy: 85.466 at epoch 13 
 best_stats: {'best_test_epoch': 13, 'best_test_valid/acc': 85.949, 'best_test_valid/acc_unbiased': 85.92, 'best_test_valid/diff': 13.685, 'best_test_valid/acc_skew': 79.077, 'best_test_valid/acc_align': 92.762, 'best_test_test/acc': 85.696, 'best_test_test/acc_unbiased': 85.466, 'best_test_test/diff': 13.171, 'best_test_test/acc_skew': 78.881, 'best_test_test/acc_align': 92.052}
[14 / 20] Learning rate: 1e-05
[14 / 20] Loss: 0.1530
[14 / 20] tensor([[0.894, 0.774],
        [0.807, 0.952]]) {'epoch': 14, 'valid/acc': 86.498, 'valid/acc_unbiased': 86.45, 'valid/diff': 12.846, 'valid/acc_skew': 80.027, 'valid/acc_align': 92.873, 'test/acc': 85.949, 'test/acc_unbiased': 85.702, 'test/diff': 13.268, 'test/acc_skew': 79.068, 'test/acc_align': 92.336}
[14 / 20] best valid accuracy: 86.450 at epoch 14 
 best_stats: {'best_valid_epoch': 14, 'best_valid_valid/acc': 86.498, 'best_valid_valid/acc_unbiased': 86.45, 'best_valid_valid/diff': 12.846, 'best_valid_valid/acc_skew': 80.027, 'best_valid_valid/acc_align': 92.873, 'best_valid_test/acc': 85.949, 'best_valid_test/acc_unbiased': 85.702, 'best_valid_test/diff': 13.268, 'best_valid_test/acc_skew': 79.068, 'best_valid_test/acc_align': 92.336}
[14 / 20] best test accuracy: 85.702 at epoch 14 
 best_stats: {'best_test_epoch': 14, 'best_test_valid/acc': 86.498, 'best_test_valid/acc_unbiased': 86.45, 'best_test_valid/diff': 12.846, 'best_test_valid/acc_skew': 80.027, 'best_test_valid/acc_align': 92.873, 'best_test_test/acc': 85.949, 'best_test_test/acc_unbiased': 85.702, 'best_test_test/diff': 13.268, 'best_test_test/acc_skew': 79.068, 'best_test_test/acc_align': 92.336}
[15 / 20] Learning rate: 1e-05
[15 / 20] Loss: 0.1549
[15 / 20] tensor([[0.905, 0.775],
        [0.801, 0.949]]) {'epoch': 15, 'valid/acc': 86.751, 'valid/acc_unbiased': 86.688, 'valid/diff': 12.884, 'valid/acc_skew': 80.246, 'valid/acc_align': 93.13, 'test/acc': 86.034, 'test/acc_unbiased': 85.771, 'test/diff': 13.908, 'test/acc_skew': 78.817, 'test/acc_align': 92.725}
[15 / 20] best valid accuracy: 86.688 at epoch 15 
 best_stats: {'best_valid_epoch': 15, 'best_valid_valid/acc': 86.751, 'best_valid_valid/acc_unbiased': 86.688, 'best_valid_valid/diff': 12.884, 'best_valid_valid/acc_skew': 80.246, 'best_valid_valid/acc_align': 93.13, 'best_valid_test/acc': 86.034, 'best_valid_test/acc_unbiased': 85.771, 'best_valid_test/diff': 13.908, 'best_valid_test/acc_skew': 78.817, 'best_valid_test/acc_align': 92.725}
[15 / 20] best test accuracy: 85.771 at epoch 15 
 best_stats: {'best_test_epoch': 15, 'best_test_valid/acc': 86.751, 'best_test_valid/acc_unbiased': 86.688, 'best_test_valid/diff': 12.884, 'best_test_valid/acc_skew': 80.246, 'best_test_valid/acc_align': 93.13, 'best_test_test/acc': 86.034, 'best_test_test/acc_unbiased': 85.771, 'best_test_test/diff': 13.908, 'best_test_test/acc_skew': 78.817, 'best_test_test/acc_align': 92.725}
[16 / 20] Learning rate: 1e-05
[16 / 20] Loss: 0.1555
[16 / 20] tensor([[0.903, 0.768],
        [0.805, 0.947]]) {'epoch': 16, 'valid/acc': 86.793, 'valid/acc_unbiased': 86.737, 'valid/diff': 12.909, 'valid/acc_skew': 80.282, 'valid/acc_align': 93.191, 'test/acc': 85.781, 'test/acc_unbiased': 85.576, 'test/diff': 13.822, 'test/acc_skew': 78.664, 'test/acc_align': 92.487}
[16 / 20] best valid accuracy: 86.737 at epoch 16 
 best_stats: {'best_valid_epoch': 16, 'best_valid_valid/acc': 86.793, 'best_valid_valid/acc_unbiased': 86.737, 'best_valid_valid/diff': 12.909, 'best_valid_valid/acc_skew': 80.282, 'best_valid_valid/acc_align': 93.191, 'best_valid_test/acc': 85.781, 'best_valid_test/acc_unbiased': 85.576, 'best_valid_test/diff': 13.822, 'best_valid_test/acc_skew': 78.664, 'best_valid_test/acc_align': 92.487}
[16 / 20] best test accuracy: 85.771 at epoch 15 
 best_stats: {'best_test_epoch': 15, 'best_test_valid/acc': 86.751, 'best_test_valid/acc_unbiased': 86.688, 'best_test_valid/diff': 12.884, 'best_test_valid/acc_skew': 80.246, 'best_test_valid/acc_align': 93.13, 'best_test_test/acc': 86.034, 'best_test_test/acc_unbiased': 85.771, 'best_test_test/diff': 13.908, 'best_test_test/acc_skew': 78.817, 'best_test_test/acc_align': 92.725}
[17 / 20] Learning rate: 1e-05
[17 / 20] Loss: 0.1500
[17 / 20] tensor([[0.903, 0.770],
        [0.812, 0.949]]) {'epoch': 17, 'valid/acc': 86.878, 'valid/acc_unbiased': 86.832, 'valid/diff': 12.735, 'valid/acc_skew': 80.465, 'valid/acc_align': 93.199, 'test/acc': 86.034, 'test/acc_unbiased': 85.849, 'test/diff': 13.572, 'test/acc_skew': 79.063, 'test/acc_align': 92.635}
[17 / 20] best valid accuracy: 86.832 at epoch 17 
 best_stats: {'best_valid_epoch': 17, 'best_valid_valid/acc': 86.878, 'best_valid_valid/acc_unbiased': 86.832, 'best_valid_valid/diff': 12.735, 'best_valid_valid/acc_skew': 80.465, 'best_valid_valid/acc_align': 93.199, 'best_valid_test/acc': 86.034, 'best_valid_test/acc_unbiased': 85.849, 'best_valid_test/diff': 13.572, 'best_valid_test/acc_skew': 79.063, 'best_valid_test/acc_align': 92.635}
[17 / 20] best test accuracy: 85.849 at epoch 17 
 best_stats: {'best_test_epoch': 17, 'best_test_valid/acc': 86.878, 'best_test_valid/acc_unbiased': 86.832, 'best_test_valid/diff': 12.735, 'best_test_valid/acc_skew': 80.465, 'best_test_valid/acc_align': 93.199, 'best_test_test/acc': 86.034, 'best_test_test/acc_unbiased': 85.849, 'best_test_test/diff': 13.572, 'best_test_test/acc_skew': 79.063, 'best_test_test/acc_align': 92.635}
[18 / 20] Learning rate: 1e-05
[18 / 20] Loss: 0.1522
[18 / 20] tensor([[0.909, 0.787],
        [0.797, 0.944]]) {'epoch': 18, 'valid/acc': 87.089, 'valid/acc_unbiased': 87.004, 'valid/diff': 12.785, 'valid/acc_skew': 80.612, 'valid/acc_align': 93.396, 'test/acc': 86.203, 'test/acc_unbiased': 85.899, 'test/diff': 13.415, 'test/acc_skew': 79.192, 'test/acc_align': 92.607}
[18 / 20] best valid accuracy: 87.004 at epoch 18 
 best_stats: {'best_valid_epoch': 18, 'best_valid_valid/acc': 87.089, 'best_valid_valid/acc_unbiased': 87.004, 'best_valid_valid/diff': 12.785, 'best_valid_valid/acc_skew': 80.612, 'best_valid_valid/acc_align': 93.396, 'best_valid_test/acc': 86.203, 'best_valid_test/acc_unbiased': 85.899, 'best_valid_test/diff': 13.415, 'best_valid_test/acc_skew': 79.192, 'best_valid_test/acc_align': 92.607}
[18 / 20] best test accuracy: 85.899 at epoch 18 
 best_stats: {'best_test_epoch': 18, 'best_test_valid/acc': 87.089, 'best_test_valid/acc_unbiased': 87.004, 'best_test_valid/diff': 12.785, 'best_test_valid/acc_skew': 80.612, 'best_test_valid/acc_align': 93.396, 'best_test_test/acc': 86.203, 'best_test_test/acc_unbiased': 85.899, 'best_test_test/diff': 13.415, 'best_test_test/acc_skew': 79.192, 'best_test_test/acc_align': 92.607}
[19 / 20] Learning rate: 1e-05
[19 / 20] Loss: 0.1483
[19 / 20] tensor([[0.905, 0.770],
        [0.807, 0.947]]) {'epoch': 19, 'valid/acc': 86.92, 'valid/acc_unbiased': 86.916, 'valid/diff': 12.756, 'valid/acc_skew': 80.537, 'valid/acc_align': 93.294, 'test/acc': 85.907, 'test/acc_unbiased': 85.711, 'test/diff': 13.73, 'test/acc_skew': 78.847, 'test/acc_align': 92.576}
[19 / 20] best valid accuracy: 87.004 at epoch 18 
 best_stats: {'best_valid_epoch': 18, 'best_valid_valid/acc': 87.089, 'best_valid_valid/acc_unbiased': 87.004, 'best_valid_valid/diff': 12.785, 'best_valid_valid/acc_skew': 80.612, 'best_valid_valid/acc_align': 93.396, 'best_valid_test/acc': 86.203, 'best_valid_test/acc_unbiased': 85.899, 'best_valid_test/diff': 13.415, 'best_valid_test/acc_skew': 79.192, 'best_valid_test/acc_align': 92.607}
[19 / 20] best test accuracy: 85.899 at epoch 18 
 best_stats: {'best_test_epoch': 18, 'best_test_valid/acc': 87.089, 'best_test_valid/acc_unbiased': 87.004, 'best_test_valid/diff': 12.785, 'best_test_valid/acc_skew': 80.612, 'best_test_valid/acc_align': 93.396, 'best_test_test/acc': 86.203, 'best_test_test/acc_unbiased': 85.899, 'best_test_test/diff': 13.415, 'best_test_test/acc_skew': 79.192, 'best_test_test/acc_align': 92.607}
[20 / 20] Learning rate: 1e-05
[20 / 20] Loss: 0.1523
[20 / 20] tensor([[0.907, 0.786],
        [0.792, 0.939]]) {'epoch': 20, 'valid/acc': 86.793, 'valid/acc_unbiased': 86.719, 'valid/diff': 12.58, 'valid/acc_skew': 80.429, 'valid/acc_align': 93.009, 'test/acc': 85.907, 'test/acc_unbiased': 85.598, 'test/diff': 13.393, 'test/acc_skew': 78.901, 'test/acc_align': 92.294}
[20 / 20] best valid accuracy: 87.004 at epoch 18 
 best_stats: {'best_valid_epoch': 18, 'best_valid_valid/acc': 87.089, 'best_valid_valid/acc_unbiased': 87.004, 'best_valid_valid/diff': 12.785, 'best_valid_valid/acc_skew': 80.612, 'best_valid_valid/acc_align': 93.396, 'best_valid_test/acc': 86.203, 'best_valid_test/acc_unbiased': 85.899, 'best_valid_test/diff': 13.415, 'best_valid_test/acc_skew': 79.192, 'best_valid_test/acc_align': 92.607}
[20 / 20] best test accuracy: 85.899 at epoch 18 
 best_stats: {'best_test_epoch': 18, 'best_test_valid/acc': 87.089, 'best_test_valid/acc_unbiased': 87.004, 'best_test_valid/diff': 12.785, 'best_test_valid/acc_skew': 80.612, 'best_test_valid/acc_align': 93.396, 'best_test_test/acc': 86.203, 'best_test_test/acc_unbiased': 85.899, 'best_test_test/diff': 13.415, 'best_test_test/acc_skew': 79.192, 'best_test_test/acc_align': 92.607}
Total training time: 0:12:43
