Log level set to: INFO
Set seed: 1
=======> Using Fixed Random Seed: 1 <========
save_path: exp_results/bc-bb0-utk_face_race-us-0.999-lr0.001-bs2-cbs1-w0.01-ratio10-aug1-seed1
get_utk_face - split: train, aug: False, given_y: True, ratio: 0
use existing biased_utk_face from data/utk_face/pickles/biased_utk_face-target_gender-bias_race-0.999
Distribution Before Sampling: 
===================================
Binary Labels Distribution: 
Binary Target 0
---------------------------
Target 0: [4407, 5]
Target 1: [4, 5529]
Binary Target 1
---------------------------
Target 0: [4407, 5]
Target 1: [4, 5529]
===================================
Normal Label Distribution: 
Target 0: [4407, 5]
Target 1: [4, 5529]
===================================
Distribution After Sampling: 
===================================
Binary Labels Distribution: 
Binary Target 0
---------------------------
Target 0: [4, 4]
Target 1: [4, 4]
Binary Target 1
---------------------------
Target 0: [4, 4]
Target 1: [4, 4]
===================================
Normal Label Distribution: 
Target 0: [4, 4]
Target 1: [4, 4]
===================================
Use BiasedUTKFace - target_attr: gender
BiasedUTKFace -- total: 16, target_attr: gender, bias_attr: race bias_rate: 0.999
['[train] target_0-bias_0: 4', '[train] target_0-bias_1: 4', '[train] target_1-bias_0: 4', '[train] target_1-bias_1: 4']
confusion_matrix - 
 original: tensor([[4., 4.],
        [4., 4.]]), 
 normalized: tensor([[0.500, 0.500],
        [0.500, 0.500]]), 
 b|y: tensor([[0.500, 0.500],
        [0.500, 0.500]])
get_utk_face - split: train, aug: 1, given_y: True, ratio: 10
use existing biased_utk_face from data/utk_face/pickles/biased_utk_face-target_gender-bias_race-0.999
Distribution Before Sampling: 
===================================
Binary Labels Distribution: 
Binary Target 0
---------------------------
Target 0: [4407, 5]
Target 1: [4, 5529]
Binary Target 1
---------------------------
Target 0: [4407, 5]
Target 1: [4, 5529]
===================================
Normal Label Distribution: 
Target 0: [4407, 5]
Target 1: [4, 5529]
===================================
Distribution After Sampling: 
===================================
Binary Labels Distribution: 
Binary Target 0
---------------------------
Target 0: [4, 4]
Target 1: [4, 4]
Binary Target 1
---------------------------
Target 0: [4, 4]
Target 1: [4, 4]
===================================
Normal Label Distribution: 
Target 0: [4, 4]
Target 1: [4, 4]
===================================
Use BiasedUTKFace - target_attr: gender
BiasedUTKFace -- total: 16, target_attr: gender, bias_attr: race bias_rate: 0.999
['[train] target_0-bias_0: 4', '[train] target_0-bias_1: 4', '[train] target_1-bias_0: 4', '[train] target_1-bias_1: 4']
get_utk_face - split: valid, aug: False, given_y: True, ratio: 0
use existing biased_utk_face from data/utk_face/pickles/biased_utk_face-target_gender-bias_race-0.999
Distribution Before Sampling: 
===================================
Binary Labels Distribution: 
Binary Target 0
---------------------------
Target 0: [583, 684]
Target 1: [457, 646]
Binary Target 1
---------------------------
Target 0: [583, 684]
Target 1: [457, 646]
===================================
Normal Label Distribution: 
Target 0: [583, 684]
Target 1: [457, 646]
===================================
Use BiasedUTKFace - target_attr: gender
BiasedUTKFace -- total: 2370, target_attr: gender, bias_attr: race bias_rate: 0.999
['[valid] target_0-bias_0: 583', '[valid] target_0-bias_1: 684', '[valid] target_1-bias_0: 457', '[valid] target_1-bias_1: 646']
get_utk_face - split: test, aug: False, given_y: True, ratio: 0
use existing biased_utk_face from data/utk_face/pickles/biased_utk_face-target_gender-bias_race-0.999
Distribution Before Sampling: 
===================================
Binary Labels Distribution: 
Binary Target 0
---------------------------
Target 0: [558, 677]
Target 1: [462, 673]
Binary Target 1
---------------------------
Target 0: [558, 677]
Target 1: [462, 673]
===================================
Normal Label Distribution: 
Target 0: [558, 677]
Target 1: [462, 673]
===================================
Use BiasedUTKFace - target_attr: gender
BiasedUTKFace -- total: 2370, target_attr: gender, bias_attr: race bias_rate: 0.999
['[test] target_0-bias_0: 558', '[test] target_0-bias_1: 677', '[test] target_1-bias_0: 462', '[test] target_1-bias_1: 673']
decay_epochs: [6, 13]
[1 / 20] Learning rate: 0.001 weight: 0.01
[1 / 20] Loss: 0.016423103312263265 CE Loss: 1.642310380935669 Con Loss: 0.0
[1 / 20] tensor([[0.428, 0.448],
        [0.673, 0.621]]) {'epoch': 1, 'valid/acc': 54.473, 'valid/acc_unbiased': 55.292, 'valid/diff': 1.696, 'valid/acc_skew': 56.035, 'valid/acc_align': 54.549, 'test/acc': 53.629, 'test/acc_unbiased': 54.253, 'test/diff': 3.565, 'test/acc_skew': 55.074, 'test/acc_align': 53.433}
[1 / 20] best valid accuracy: 55.292 at epoch 1 
 best_stats: {'best_valid_epoch': 1, 'best_valid_valid/acc': 54.473, 'best_valid_valid/acc_unbiased': 55.292, 'best_valid_valid/diff': 1.696, 'best_valid_valid/acc_skew': 56.035, 'best_valid_valid/acc_align': 54.549, 'best_valid_test/acc': 53.629, 'best_valid_test/acc_unbiased': 54.253, 'best_valid_test/diff': 3.565, 'best_valid_test/acc_skew': 55.074, 'best_valid_test/acc_align': 53.433}
[1 / 20] best test accuracy: 54.253 at epoch 1 
 best_stats: {'best_test_epoch': 1, 'best_test_valid/acc': 54.473, 'best_test_valid/acc_unbiased': 55.292, 'best_test_valid/diff': 1.696, 'best_test_valid/acc_skew': 56.035, 'best_test_valid/acc_align': 54.549, 'best_test_test/acc': 53.629, 'best_test_test/acc_unbiased': 54.253, 'best_test_test/diff': 3.565, 'best_test_test/acc_skew': 55.074, 'best_test_test/acc_align': 53.433}
[2 / 20] Learning rate: 0.001 weight: 0.01
[2 / 20] Loss: 0.02944718801882118 CE Loss: 2.9447188675403595 Con Loss: 0.0
[2 / 20] tensor([[0.849, 0.855],
        [0.193, 0.144]]) {'epoch': 2, 'valid/acc': 53.586, 'valid/acc_unbiased': 51.142, 'valid/diff': 0.856, 'valid/acc_skew': 51.569, 'valid/acc_align': 50.714, 'test/acc': 52.278, 'test/acc_unbiased': 51.037, 'test/diff': 2.715, 'test/acc_skew': 52.105, 'test/acc_align': 49.969}
[2 / 20] best valid accuracy: 55.292 at epoch 1 
 best_stats: {'best_valid_epoch': 1, 'best_valid_valid/acc': 54.473, 'best_valid_valid/acc_unbiased': 55.292, 'best_valid_valid/diff': 1.696, 'best_valid_valid/acc_skew': 56.035, 'best_valid_valid/acc_align': 54.549, 'best_valid_test/acc': 53.629, 'best_valid_test/acc_unbiased': 54.253, 'best_valid_test/diff': 3.565, 'best_valid_test/acc_skew': 55.074, 'best_valid_test/acc_align': 53.433}
[2 / 20] best test accuracy: 54.253 at epoch 1 
 best_stats: {'best_test_epoch': 1, 'best_test_valid/acc': 54.473, 'best_test_valid/acc_unbiased': 55.292, 'best_test_valid/diff': 1.696, 'best_test_valid/acc_skew': 56.035, 'best_test_valid/acc_align': 54.549, 'best_test_test/acc': 53.629, 'best_test_test/acc_unbiased': 54.253, 'best_test_test/diff': 3.565, 'best_test_test/acc_skew': 55.074, 'best_test_test/acc_align': 53.433}
[3 / 20] Learning rate: 0.001 weight: 0.01
[3 / 20] Loss: 0.010760895660496317 CE Loss: 1.076089589158073 Con Loss: 0.0
[3 / 20] tensor([[0.737, 0.821],
        [0.344, 0.241]]) {'epoch': 3, 'valid/acc': 53.629, 'valid/acc_unbiased': 51.918, 'valid/diff': 3.706, 'valid/acc_skew': 52.551, 'valid/acc_align': 51.286, 'test/acc': 54.346, 'test/acc_unbiased': 53.567, 'test/diff': 9.408, 'test/acc_skew': 54.036, 'test/acc_align': 53.099}
[3 / 20] best valid accuracy: 55.292 at epoch 1 
 best_stats: {'best_valid_epoch': 1, 'best_valid_valid/acc': 54.473, 'best_valid_valid/acc_unbiased': 55.292, 'best_valid_valid/diff': 1.696, 'best_valid_valid/acc_skew': 56.035, 'best_valid_valid/acc_align': 54.549, 'best_valid_test/acc': 53.629, 'best_valid_test/acc_unbiased': 54.253, 'best_valid_test/diff': 3.565, 'best_valid_test/acc_skew': 55.074, 'best_valid_test/acc_align': 53.433}
[3 / 20] best test accuracy: 54.253 at epoch 1 
 best_stats: {'best_test_epoch': 1, 'best_test_valid/acc': 54.473, 'best_test_valid/acc_unbiased': 55.292, 'best_test_valid/diff': 1.696, 'best_test_valid/acc_skew': 56.035, 'best_test_valid/acc_align': 54.549, 'best_test_test/acc': 53.629, 'best_test_test/acc_unbiased': 54.253, 'best_test_test/diff': 3.565, 'best_test_test/acc_skew': 55.074, 'best_test_test/acc_align': 53.433}
[4 / 20] Learning rate: 0.001 weight: 0.01
[4 / 20] Loss: 0.007113571424270049 CE Loss: 0.7113571651279926 Con Loss: 0.0
[4 / 20] tensor([[0.826, 0.867],
        [0.242, 0.227]]) {'epoch': 4, 'valid/acc': 55.865, 'valid/acc_unbiased': 53.709, 'valid/diff': 1.815, 'valid/acc_skew': 53.13, 'valid/acc_align': 54.287, 'test/acc': 55.401, 'test/acc_unbiased': 54.075, 'test/diff': 2.799, 'test/acc_skew': 53.429, 'test/acc_align': 54.72}
[4 / 20] best valid accuracy: 55.292 at epoch 1 
 best_stats: {'best_valid_epoch': 1, 'best_valid_valid/acc': 54.473, 'best_valid_valid/acc_unbiased': 55.292, 'best_valid_valid/diff': 1.696, 'best_valid_valid/acc_skew': 56.035, 'best_valid_valid/acc_align': 54.549, 'best_valid_test/acc': 53.629, 'best_valid_test/acc_unbiased': 54.253, 'best_valid_test/diff': 3.565, 'best_valid_test/acc_skew': 55.074, 'best_valid_test/acc_align': 53.433}
[4 / 20] best test accuracy: 54.253 at epoch 1 
 best_stats: {'best_test_epoch': 1, 'best_test_valid/acc': 54.473, 'best_test_valid/acc_unbiased': 55.292, 'best_test_valid/diff': 1.696, 'best_test_valid/acc_skew': 56.035, 'best_test_valid/acc_align': 54.549, 'best_test_test/acc': 53.629, 'best_test_test/acc_unbiased': 54.253, 'best_test_test/diff': 3.565, 'best_test_test/acc_skew': 55.074, 'best_test_test/acc_align': 53.433}
[5 / 20] Learning rate: 0.001 weight: 0.01
[5 / 20] Loss: 0.008444910956313834 CE Loss: 0.844491109251976 Con Loss: 0.0
[5 / 20] tensor([[0.274, 0.306],
        [0.766, 0.802]]) {'epoch': 5, 'valid/acc': 51.857, 'valid/acc_unbiased': 53.658, 'valid/diff': 3.543, 'valid/acc_skew': 52.216, 'valid/acc_align': 55.1, 'test/acc': 52.911, 'test/acc_unbiased': 53.714, 'test/diff': 3.386, 'test/acc_skew': 52.021, 'test/acc_align': 55.407}
[5 / 20] best valid accuracy: 55.292 at epoch 1 
 best_stats: {'best_valid_epoch': 1, 'best_valid_valid/acc': 54.473, 'best_valid_valid/acc_unbiased': 55.292, 'best_valid_valid/diff': 1.696, 'best_valid_valid/acc_skew': 56.035, 'best_valid_valid/acc_align': 54.549, 'best_valid_test/acc': 53.629, 'best_valid_test/acc_unbiased': 54.253, 'best_valid_test/diff': 3.565, 'best_valid_test/acc_skew': 55.074, 'best_valid_test/acc_align': 53.433}
[5 / 20] best test accuracy: 54.253 at epoch 1 
 best_stats: {'best_test_epoch': 1, 'best_test_valid/acc': 54.473, 'best_test_valid/acc_unbiased': 55.292, 'best_test_valid/diff': 1.696, 'best_test_valid/acc_skew': 56.035, 'best_test_valid/acc_align': 54.549, 'best_test_test/acc': 53.629, 'best_test_test/acc_unbiased': 54.253, 'best_test_test/diff': 3.565, 'best_test_test/acc_skew': 55.074, 'best_test_test/acc_align': 53.433}
[6 / 20] Learning rate: 0.001 weight: 0.01
[6 / 20] Loss: 0.00998177015571855 CE Loss: 0.9981770366430283 Con Loss: 0.0
[6 / 20] tensor([[0.803, 0.860],
        [0.275, 0.247]]) {'epoch': 6, 'valid/acc': 57.3, 'valid/acc_unbiased': 55.359, 'valid/diff': 4.935, 'valid/acc_skew': 54.517, 'valid/acc_align': 56.201, 'test/acc': 55.823, 'test/acc_unbiased': 54.602, 'test/diff': 4.252, 'test/acc_skew': 53.888, 'test/acc_align': 55.317}
[6 / 20] best valid accuracy: 55.359 at epoch 6 
 best_stats: {'best_valid_epoch': 6, 'best_valid_valid/acc': 57.3, 'best_valid_valid/acc_unbiased': 55.359, 'best_valid_valid/diff': 4.935, 'best_valid_valid/acc_skew': 54.517, 'best_valid_valid/acc_align': 56.201, 'best_valid_test/acc': 55.823, 'best_valid_test/acc_unbiased': 54.602, 'best_valid_test/diff': 4.252, 'best_valid_test/acc_skew': 53.888, 'best_valid_test/acc_align': 55.317}
[6 / 20] best test accuracy: 54.602 at epoch 6 
 best_stats: {'best_test_epoch': 6, 'best_test_valid/acc': 57.3, 'best_test_valid/acc_unbiased': 55.359, 'best_test_valid/diff': 4.935, 'best_test_valid/acc_skew': 54.517, 'best_test_valid/acc_align': 56.201, 'best_test_test/acc': 55.823, 'best_test_test/acc_unbiased': 54.602, 'best_test_test/diff': 4.252, 'best_test_test/acc_skew': 53.888, 'best_test_test/acc_align': 55.317}
[7 / 20] Learning rate: 0.0001 weight: 0.01
[7 / 20] Loss: 0.010497020790353417 CE Loss: 1.0497021041810513 Con Loss: 0.0
[7 / 20] tensor([[0.726, 0.796],
        [0.364, 0.357]]) {'epoch': 7, 'valid/acc': 57.342, 'valid/acc_unbiased': 55.832, 'valid/diff': 4.119, 'valid/acc_skew': 53.777, 'valid/acc_align': 57.886, 'test/acc': 57.046, 'test/acc_unbiased': 56.055, 'test/diff': 3.869, 'test/acc_skew': 54.472, 'test/acc_align': 57.639}
[7 / 20] best valid accuracy: 55.832 at epoch 7 
 best_stats: {'best_valid_epoch': 7, 'best_valid_valid/acc': 57.342, 'best_valid_valid/acc_unbiased': 55.832, 'best_valid_valid/diff': 4.119, 'best_valid_valid/acc_skew': 53.777, 'best_valid_valid/acc_align': 57.886, 'best_valid_test/acc': 57.046, 'best_valid_test/acc_unbiased': 56.055, 'best_valid_test/diff': 3.869, 'best_valid_test/acc_skew': 54.472, 'best_valid_test/acc_align': 57.639}
[7 / 20] best test accuracy: 56.055 at epoch 7 
 best_stats: {'best_test_epoch': 7, 'best_test_valid/acc': 57.342, 'best_test_valid/acc_unbiased': 55.832, 'best_test_valid/diff': 4.119, 'best_test_valid/acc_skew': 53.777, 'best_test_valid/acc_align': 57.886, 'best_test_test/acc': 57.046, 'best_test_test/acc_unbiased': 56.055, 'best_test_test/diff': 3.869, 'best_test_test/acc_skew': 54.472, 'best_test_test/acc_align': 57.639}
[8 / 20] Learning rate: 0.0001 weight: 0.01
[8 / 20] Loss: 0.007945726800244302 CE Loss: 0.7945727035403252 Con Loss: 0.0
[8 / 20] tensor([[0.690, 0.747],
        [0.411, 0.421]]) {'epoch': 8, 'valid/acc': 57.848, 'valid/acc_unbiased': 56.769, 'valid/diff': 3.068, 'valid/acc_skew': 55.235, 'valid/acc_align': 58.303, 'test/acc': 57.553, 'test/acc_unbiased': 56.729, 'test/diff': 3.335, 'test/acc_skew': 55.061, 'test/acc_align': 58.396}
[8 / 20] best valid accuracy: 56.769 at epoch 8 
 best_stats: {'best_valid_epoch': 8, 'best_valid_valid/acc': 57.848, 'best_valid_valid/acc_unbiased': 56.769, 'best_valid_valid/diff': 3.068, 'best_valid_valid/acc_skew': 55.235, 'best_valid_valid/acc_align': 58.303, 'best_valid_test/acc': 57.553, 'best_valid_test/acc_unbiased': 56.729, 'best_valid_test/diff': 3.335, 'best_valid_test/acc_skew': 55.061, 'best_valid_test/acc_align': 58.396}
[8 / 20] best test accuracy: 56.729 at epoch 8 
 best_stats: {'best_test_epoch': 8, 'best_test_valid/acc': 57.848, 'best_test_valid/acc_unbiased': 56.769, 'best_test_valid/diff': 3.068, 'best_test_valid/acc_skew': 55.235, 'best_test_valid/acc_align': 58.303, 'best_test_test/acc': 57.553, 'best_test_test/acc_unbiased': 56.729, 'best_test_test/diff': 3.335, 'best_test_test/acc_skew': 55.061, 'best_test_test/acc_align': 58.396}
[9 / 20] Learning rate: 0.0001 weight: 0.01
[9 / 20] Loss: 0.0060299825127003714 CE Loss: 0.6029982678592205 Con Loss: 0.0
[9 / 20] tensor([[0.799, 0.855],
        [0.310, 0.259]]) {'epoch': 9, 'valid/acc': 57.384, 'valid/acc_unbiased': 55.608, 'valid/diff': 3.044, 'valid/acc_skew': 55.626, 'valid/acc_align': 55.59, 'test/acc': 56.624, 'test/acc_unbiased': 55.565, 'test/diff': 5.347, 'test/acc_skew': 55.44, 'test/acc_align': 55.689}
[9 / 20] best valid accuracy: 56.769 at epoch 8 
 best_stats: {'best_valid_epoch': 8, 'best_valid_valid/acc': 57.848, 'best_valid_valid/acc_unbiased': 56.769, 'best_valid_valid/diff': 3.068, 'best_valid_valid/acc_skew': 55.235, 'best_valid_valid/acc_align': 58.303, 'best_valid_test/acc': 57.553, 'best_valid_test/acc_unbiased': 56.729, 'best_valid_test/diff': 3.335, 'best_valid_test/acc_skew': 55.061, 'best_valid_test/acc_align': 58.396}
[9 / 20] best test accuracy: 56.729 at epoch 8 
 best_stats: {'best_test_epoch': 8, 'best_test_valid/acc': 57.848, 'best_test_valid/acc_unbiased': 56.769, 'best_test_valid/diff': 3.068, 'best_test_valid/acc_skew': 55.235, 'best_test_valid/acc_align': 58.303, 'best_test_test/acc': 57.553, 'best_test_test/acc_unbiased': 56.729, 'best_test_test/diff': 3.335, 'best_test_test/acc_skew': 55.061, 'best_test_test/acc_align': 58.396}
[10 / 20] Learning rate: 0.0001 weight: 0.01
[10 / 20] Loss: 0.007259364239871502 CE Loss: 0.7259364351630211 Con Loss: 0.0
[10 / 20] tensor([[0.703, 0.771],
        [0.400, 0.403]]) {'epoch': 10, 'valid/acc': 57.975, 'valid/acc_unbiased': 56.641, 'valid/diff': 3.96, 'valid/acc_skew': 54.661, 'valid/acc_align': 58.621, 'test/acc': 57.806, 'test/acc_unbiased': 56.917, 'test/diff': 3.539, 'test/acc_skew': 55.147, 'test/acc_align': 58.686}
[10 / 20] best valid accuracy: 56.769 at epoch 8 
 best_stats: {'best_valid_epoch': 8, 'best_valid_valid/acc': 57.848, 'best_valid_valid/acc_unbiased': 56.769, 'best_valid_valid/diff': 3.068, 'best_valid_valid/acc_skew': 55.235, 'best_valid_valid/acc_align': 58.303, 'best_valid_test/acc': 57.553, 'best_valid_test/acc_unbiased': 56.729, 'best_valid_test/diff': 3.335, 'best_valid_test/acc_skew': 55.061, 'best_valid_test/acc_align': 58.396}
[10 / 20] best test accuracy: 56.917 at epoch 10 
 best_stats: {'best_test_epoch': 10, 'best_test_valid/acc': 57.975, 'best_test_valid/acc_unbiased': 56.641, 'best_test_valid/diff': 3.96, 'best_test_valid/acc_skew': 54.661, 'best_test_valid/acc_align': 58.621, 'best_test_test/acc': 57.806, 'best_test_test/acc_unbiased': 56.917, 'best_test_test/diff': 3.539, 'best_test_test/acc_skew': 55.147, 'best_test_test/acc_align': 58.686}
[11 / 20] Learning rate: 0.0001 weight: 0.01
[11 / 20] Loss: 0.006979168159887195 CE Loss: 0.6979168429970741 Con Loss: 0.0
[11 / 20] tensor([[0.615, 0.662],
        [0.526, 0.523]]) {'epoch': 11, 'valid/acc': 57.806, 'valid/acc_unbiased': 57.18, 'valid/diff': 4.044, 'valid/acc_skew': 55.158, 'valid/acc_align': 59.202, 'test/acc': 58.481, 'test/acc_unbiased': 58.136, 'test/diff': 2.5, 'test/acc_skew': 57.033, 'test/acc_align': 59.239}
[11 / 20] best valid accuracy: 57.180 at epoch 11 
 best_stats: {'best_valid_epoch': 11, 'best_valid_valid/acc': 57.806, 'best_valid_valid/acc_unbiased': 57.18, 'best_valid_valid/diff': 4.044, 'best_valid_valid/acc_skew': 55.158, 'best_valid_valid/acc_align': 59.202, 'best_valid_test/acc': 58.481, 'best_valid_test/acc_unbiased': 58.136, 'best_valid_test/diff': 2.5, 'best_valid_test/acc_skew': 57.033, 'best_valid_test/acc_align': 59.239}
[11 / 20] best test accuracy: 58.136 at epoch 11 
 best_stats: {'best_test_epoch': 11, 'best_test_valid/acc': 57.806, 'best_test_valid/acc_unbiased': 57.18, 'best_test_valid/diff': 4.044, 'best_test_valid/acc_skew': 55.158, 'best_test_valid/acc_align': 59.202, 'best_test_test/acc': 58.481, 'best_test_test/acc_unbiased': 58.136, 'best_test_test/diff': 2.5, 'best_test_test/acc_skew': 57.033, 'best_test_test/acc_align': 59.239}
[12 / 20] Learning rate: 0.0001 weight: 0.01
[12 / 20] Loss: 0.00668729207245633 CE Loss: 0.6687292233109474 Con Loss: 0.0
[12 / 20] tensor([[0.593, 0.586],
        [0.509, 0.556]]) {'epoch': 12, 'valid/acc': 57.426, 'valid/acc_unbiased': 57.025, 'valid/diff': 4.741, 'valid/acc_skew': 54.655, 'valid/acc_align': 59.395, 'test/acc': 56.414, 'test/acc_unbiased': 56.099, 'test/diff': 2.692, 'test/acc_skew': 55.092, 'test/acc_align': 57.107}
[12 / 20] best valid accuracy: 57.180 at epoch 11 
 best_stats: {'best_valid_epoch': 11, 'best_valid_valid/acc': 57.806, 'best_valid_valid/acc_unbiased': 57.18, 'best_valid_valid/diff': 4.044, 'best_valid_valid/acc_skew': 55.158, 'best_valid_valid/acc_align': 59.202, 'best_valid_test/acc': 58.481, 'best_valid_test/acc_unbiased': 58.136, 'best_valid_test/diff': 2.5, 'best_valid_test/acc_skew': 57.033, 'best_valid_test/acc_align': 59.239}
[12 / 20] best test accuracy: 58.136 at epoch 11 
 best_stats: {'best_test_epoch': 11, 'best_test_valid/acc': 57.806, 'best_test_valid/acc_unbiased': 57.18, 'best_test_valid/diff': 4.044, 'best_test_valid/acc_skew': 55.158, 'best_test_valid/acc_align': 59.202, 'best_test_test/acc': 58.481, 'best_test_test/acc_unbiased': 58.136, 'best_test_test/diff': 2.5, 'best_test_test/acc_skew': 57.033, 'best_test_test/acc_align': 59.239}
[13 / 20] Learning rate: 0.0001 weight: 0.01
[13 / 20] Loss: 0.005794028038508259 CE Loss: 0.5794028285890818 Con Loss: 0.0
[13 / 20] tensor([[0.504, 0.505],
        [0.597, 0.649]]) {'epoch': 13, 'valid/acc': 55.949, 'valid/acc_unbiased': 56.251, 'valid/diff': 4.466, 'valid/acc_skew': 54.018, 'valid/acc_align': 58.484, 'test/acc': 56.371, 'test/acc_unbiased': 56.387, 'test/diff': 2.676, 'test/acc_skew': 55.049, 'test/acc_align': 57.725}
[13 / 20] best valid accuracy: 57.180 at epoch 11 
 best_stats: {'best_valid_epoch': 11, 'best_valid_valid/acc': 57.806, 'best_valid_valid/acc_unbiased': 57.18, 'best_valid_valid/diff': 4.044, 'best_valid_valid/acc_skew': 55.158, 'best_valid_valid/acc_align': 59.202, 'best_valid_test/acc': 58.481, 'best_valid_test/acc_unbiased': 58.136, 'best_valid_test/diff': 2.5, 'best_valid_test/acc_skew': 57.033, 'best_valid_test/acc_align': 59.239}
[13 / 20] best test accuracy: 58.136 at epoch 11 
 best_stats: {'best_test_epoch': 11, 'best_test_valid/acc': 57.806, 'best_test_valid/acc_unbiased': 57.18, 'best_test_valid/diff': 4.044, 'best_test_valid/acc_skew': 55.158, 'best_test_valid/acc_align': 59.202, 'best_test_test/acc': 58.481, 'best_test_test/acc_unbiased': 58.136, 'best_test_test/diff': 2.5, 'best_test_test/acc_skew': 57.033, 'best_test_test/acc_align': 59.239}
[14 / 20] Learning rate: 1e-05 weight: 0.01
[14 / 20] Loss: 0.00554209083202295 CE Loss: 0.5542090982198715 Con Loss: 0.0
[14 / 20] tensor([[0.613, 0.657],
        [0.535, 0.526]]) {'epoch': 14, 'valid/acc': 57.089, 'valid/acc_unbiased': 56.51, 'valid/diff': 3.656, 'valid/acc_skew': 54.682, 'valid/acc_align': 58.338, 'test/acc': 58.565, 'test/acc_unbiased': 58.271, 'test/diff': 2.652, 'test/acc_skew': 57.377, 'test/acc_align': 59.166}
[14 / 20] best valid accuracy: 57.180 at epoch 11 
 best_stats: {'best_valid_epoch': 11, 'best_valid_valid/acc': 57.806, 'best_valid_valid/acc_unbiased': 57.18, 'best_valid_valid/diff': 4.044, 'best_valid_valid/acc_skew': 55.158, 'best_valid_valid/acc_align': 59.202, 'best_valid_test/acc': 58.481, 'best_valid_test/acc_unbiased': 58.136, 'best_valid_test/diff': 2.5, 'best_valid_test/acc_skew': 57.033, 'best_valid_test/acc_align': 59.239}
[14 / 20] best test accuracy: 58.271 at epoch 14 
 best_stats: {'best_test_epoch': 14, 'best_test_valid/acc': 57.089, 'best_test_valid/acc_unbiased': 56.51, 'best_test_valid/diff': 3.656, 'best_test_valid/acc_skew': 54.682, 'best_test_valid/acc_align': 58.338, 'best_test_test/acc': 58.565, 'best_test_test/acc_unbiased': 58.271, 'best_test_test/diff': 2.652, 'best_test_test/acc_skew': 57.377, 'best_test_test/acc_align': 59.166}
[15 / 20] Learning rate: 1e-05 weight: 0.01
[15 / 20] Loss: 0.006961776758544147 CE Loss: 0.6961776912212372 Con Loss: 0.0
[15 / 20] tensor([[0.668, 0.730],
        [0.485, 0.415]]) {'epoch': 15, 'valid/acc': 57.848, 'valid/acc_unbiased': 57.123, 'valid/diff': 3.852, 'valid/acc_skew': 57.189, 'valid/acc_align': 57.056, 'test/acc': 57.806, 'test/acc_unbiased': 57.439, 'test/diff': 6.576, 'test/acc_skew': 57.665, 'test/acc_align': 57.213}
[15 / 20] best valid accuracy: 57.180 at epoch 11 
 best_stats: {'best_valid_epoch': 11, 'best_valid_valid/acc': 57.806, 'best_valid_valid/acc_unbiased': 57.18, 'best_valid_valid/diff': 4.044, 'best_valid_valid/acc_skew': 55.158, 'best_valid_valid/acc_align': 59.202, 'best_valid_test/acc': 58.481, 'best_valid_test/acc_unbiased': 58.136, 'best_valid_test/diff': 2.5, 'best_valid_test/acc_skew': 57.033, 'best_valid_test/acc_align': 59.239}
[15 / 20] best test accuracy: 58.271 at epoch 14 
 best_stats: {'best_test_epoch': 14, 'best_test_valid/acc': 57.089, 'best_test_valid/acc_unbiased': 56.51, 'best_test_valid/diff': 3.656, 'best_test_valid/acc_skew': 54.682, 'best_test_valid/acc_align': 58.338, 'best_test_test/acc': 58.565, 'best_test_test/acc_unbiased': 58.271, 'best_test_test/diff': 2.652, 'best_test_test/acc_skew': 57.377, 'best_test_test/acc_align': 59.166}
[16 / 20] Learning rate: 1e-05 weight: 0.01
[16 / 20] Loss: 0.006611549077206291 CE Loss: 0.6611549165099859 Con Loss: 0.0
[16 / 20] tensor([[0.548, 0.616],
        [0.571, 0.578]]) {'epoch': 16, 'valid/acc': 56.92, 'valid/acc_unbiased': 56.751, 'valid/diff': 3.749, 'valid/acc_skew': 54.876, 'valid/acc_align': 58.626, 'test/acc': 58.059, 'test/acc_unbiased': 57.844, 'test/diff': 3.707, 'test/acc_skew': 55.991, 'test/acc_align': 59.698}
[16 / 20] best valid accuracy: 57.180 at epoch 11 
 best_stats: {'best_valid_epoch': 11, 'best_valid_valid/acc': 57.806, 'best_valid_valid/acc_unbiased': 57.18, 'best_valid_valid/diff': 4.044, 'best_valid_valid/acc_skew': 55.158, 'best_valid_valid/acc_align': 59.202, 'best_valid_test/acc': 58.481, 'best_valid_test/acc_unbiased': 58.136, 'best_valid_test/diff': 2.5, 'best_valid_test/acc_skew': 57.033, 'best_valid_test/acc_align': 59.239}
[16 / 20] best test accuracy: 58.271 at epoch 14 
 best_stats: {'best_test_epoch': 14, 'best_test_valid/acc': 57.089, 'best_test_valid/acc_unbiased': 56.51, 'best_test_valid/diff': 3.656, 'best_test_valid/acc_skew': 54.682, 'best_test_valid/acc_align': 58.338, 'best_test_test/acc': 58.565, 'best_test_test/acc_unbiased': 58.271, 'best_test_test/diff': 2.652, 'best_test_test/acc_skew': 57.377, 'best_test_test/acc_align': 59.166}
[17 / 20] Learning rate: 1e-05 weight: 0.01
[17 / 20] Loss: 0.00651651929365471 CE Loss: 0.6516519524157047 Con Loss: 0.0
[17 / 20] tensor([[0.609, 0.645],
        [0.519, 0.542]]) {'epoch': 17, 'valid/acc': 58.101, 'valid/acc_unbiased': 57.593, 'valid/diff': 4.569, 'valid/acc_skew': 55.308, 'valid/acc_align': 59.877, 'test/acc': 58.312, 'test/acc_unbiased': 57.916, 'test/diff': 2.952, 'test/acc_skew': 56.44, 'test/acc_align': 59.392}
[17 / 20] best valid accuracy: 57.593 at epoch 17 
 best_stats: {'best_valid_epoch': 17, 'best_valid_valid/acc': 58.101, 'best_valid_valid/acc_unbiased': 57.593, 'best_valid_valid/diff': 4.569, 'best_valid_valid/acc_skew': 55.308, 'best_valid_valid/acc_align': 59.877, 'best_valid_test/acc': 58.312, 'best_valid_test/acc_unbiased': 57.916, 'best_valid_test/diff': 2.952, 'best_valid_test/acc_skew': 56.44, 'best_valid_test/acc_align': 59.392}
[17 / 20] best test accuracy: 58.271 at epoch 14 
 best_stats: {'best_test_epoch': 14, 'best_test_valid/acc': 57.089, 'best_test_valid/acc_unbiased': 56.51, 'best_test_valid/diff': 3.656, 'best_test_valid/acc_skew': 54.682, 'best_test_valid/acc_align': 58.338, 'best_test_test/acc': 58.565, 'best_test_test/acc_unbiased': 58.271, 'best_test_test/diff': 2.652, 'best_test_test/acc_skew': 57.377, 'best_test_test/acc_align': 59.166}
[18 / 20] Learning rate: 1e-05 weight: 0.01
[18 / 20] Loss: 0.006047408947779331 CE Loss: 0.6047409055754542 Con Loss: 0.0
[18 / 20] tensor([[0.586, 0.631],
        [0.535, 0.556]]) {'epoch': 18, 'valid/acc': 58.27, 'valid/acc_unbiased': 57.937, 'valid/diff': 3.304, 'valid/acc_skew': 56.302, 'valid/acc_align': 59.572, 'test/acc': 58.017, 'test/acc_unbiased': 57.677, 'test/diff': 3.29, 'test/acc_skew': 56.033, 'test/acc_align': 59.322}
[18 / 20] best valid accuracy: 57.937 at epoch 18 
 best_stats: {'best_valid_epoch': 18, 'best_valid_valid/acc': 58.27, 'best_valid_valid/acc_unbiased': 57.937, 'best_valid_valid/diff': 3.304, 'best_valid_valid/acc_skew': 56.302, 'best_valid_valid/acc_align': 59.572, 'best_valid_test/acc': 58.017, 'best_valid_test/acc_unbiased': 57.677, 'best_valid_test/diff': 3.29, 'best_valid_test/acc_skew': 56.033, 'best_valid_test/acc_align': 59.322}
[18 / 20] best test accuracy: 58.271 at epoch 14 
 best_stats: {'best_test_epoch': 14, 'best_test_valid/acc': 57.089, 'best_test_valid/acc_unbiased': 56.51, 'best_test_valid/diff': 3.656, 'best_test_valid/acc_skew': 54.682, 'best_test_valid/acc_align': 58.338, 'best_test_test/acc': 58.565, 'best_test_test/acc_unbiased': 58.271, 'best_test_test/diff': 2.652, 'best_test_test/acc_skew': 57.377, 'best_test_test/acc_align': 59.166}
[19 / 20] Learning rate: 1e-05 weight: 0.01
[19 / 20] Loss: 0.00586727459449321 CE Loss: 0.5867274720221758 Con Loss: 0.0
[19 / 20] tensor([[0.480, 0.575],
        [0.639, 0.609]]) {'epoch': 19, 'valid/acc': 55.992, 'valid/acc_unbiased': 56.33, 'valid/diff': 3.211, 'valid/acc_skew': 55.243, 'valid/acc_align': 57.417, 'test/acc': 57.468, 'test/acc_unbiased': 57.566, 'test/diff': 6.181, 'test/acc_skew': 55.941, 'test/acc_align': 59.19}
[19 / 20] best valid accuracy: 57.937 at epoch 18 
 best_stats: {'best_valid_epoch': 18, 'best_valid_valid/acc': 58.27, 'best_valid_valid/acc_unbiased': 57.937, 'best_valid_valid/diff': 3.304, 'best_valid_valid/acc_skew': 56.302, 'best_valid_valid/acc_align': 59.572, 'best_valid_test/acc': 58.017, 'best_valid_test/acc_unbiased': 57.677, 'best_valid_test/diff': 3.29, 'best_valid_test/acc_skew': 56.033, 'best_valid_test/acc_align': 59.322}
[19 / 20] best test accuracy: 58.271 at epoch 14 
 best_stats: {'best_test_epoch': 14, 'best_test_valid/acc': 57.089, 'best_test_valid/acc_unbiased': 56.51, 'best_test_valid/diff': 3.656, 'best_test_valid/acc_skew': 54.682, 'best_test_valid/acc_align': 58.338, 'best_test_test/acc': 58.565, 'best_test_test/acc_unbiased': 58.271, 'best_test_test/diff': 2.652, 'best_test_test/acc_skew': 57.377, 'best_test_test/acc_align': 59.166}
[20 / 20] Learning rate: 1e-05 weight: 0.01
[20 / 20] Loss: 0.006545999756781384 CE Loss: 0.6545999925583601 Con Loss: 0.0
[20 / 20] tensor([[0.568, 0.625],
        [0.593, 0.571]]) {'epoch': 20, 'valid/acc': 57.764, 'valid/acc_unbiased': 57.603, 'valid/diff': 2.442, 'valid/acc_skew': 56.382, 'valid/acc_align': 58.824, 'test/acc': 58.987, 'test/acc_unbiased': 58.914, 'test/diff': 3.96, 'test/acc_skew': 58.059, 'test/acc_align': 59.77}
[20 / 20] best valid accuracy: 57.937 at epoch 18 
 best_stats: {'best_valid_epoch': 18, 'best_valid_valid/acc': 58.27, 'best_valid_valid/acc_unbiased': 57.937, 'best_valid_valid/diff': 3.304, 'best_valid_valid/acc_skew': 56.302, 'best_valid_valid/acc_align': 59.572, 'best_valid_test/acc': 58.017, 'best_valid_test/acc_unbiased': 57.677, 'best_valid_test/diff': 3.29, 'best_valid_test/acc_skew': 56.033, 'best_valid_test/acc_align': 59.322}
[20 / 20] best test accuracy: 58.914 at epoch 20 
 best_stats: {'best_test_epoch': 20, 'best_test_valid/acc': 57.764, 'best_test_valid/acc_unbiased': 57.603, 'best_test_valid/diff': 2.442, 'best_test_valid/acc_skew': 56.382, 'best_test_valid/acc_align': 58.824, 'best_test_test/acc': 58.987, 'best_test_test/acc_unbiased': 58.914, 'best_test_test/diff': 3.96, 'best_test_test/acc_skew': 58.059, 'best_test_test/acc_align': 59.77}
Total training time: 0:04:47
