Log level set to: INFO
Set seed: 1
=======> Using Fixed Random Seed: 1 <========
save_path: exp_results/bc-bb0-utk_face_race-crop_color_blur-0.9-lr0.001-bs128-cbs64-w0.01-ratio10-aug1-seed1
get_utk_face - split: train, aug: False, given_y: True, ratio: 0
use existing biased_utk_face from data/utk_face/pickles/biased_utk_face-target_gender-bias_race-0.9
Distribution Before Sampling: 
===================================
Binary Labels Distribution: 
Binary Target 0
---------------------------
Target 0: [4407, 552]
Target 1: [440, 5529]
Binary Target 1
---------------------------
Target 0: [4407, 552]
Target 1: [440, 5529]
===================================
Normal Label Distribution: 
Target 0: [4407, 552]
Target 1: [440, 5529]
===================================
Distribution After Sampling: 
===================================
Binary Labels Distribution: 
Binary Target 0
---------------------------
Target 0: [4407, 552]
Target 1: [440, 5529]
Binary Target 1
---------------------------
Target 0: [4407, 552]
Target 1: [440, 5529]
===================================
Normal Label Distribution: 
Target 0: [4407, 552]
Target 1: [440, 5529]
===================================
Use BiasedUTKFace - target_attr: gender
BiasedUTKFace -- total: 10928, target_attr: gender, bias_attr: race bias_rate: 0.9
['[train] target_0-bias_0: 4407', '[train] target_0-bias_1: 552', '[train] target_1-bias_0: 440', '[train] target_1-bias_1: 5529']
confusion_matrix - 
 original: tensor([[4407.,  440.],
        [ 552., 5529.]]), 
 normalized: tensor([[0.909, 0.091],
        [0.091, 0.909]]), 
 b|y: tensor([[0.889, 0.111],
        [0.074, 0.926]])
get_utk_face - split: train, aug: 1, given_y: True, ratio: 10
use existing biased_utk_face from data/utk_face/pickles/biased_utk_face-target_gender-bias_race-0.9
Distribution Before Sampling: 
===================================
Binary Labels Distribution: 
Binary Target 0
---------------------------
Target 0: [4407, 552]
Target 1: [440, 5529]
Binary Target 1
---------------------------
Target 0: [4407, 552]
Target 1: [440, 5529]
===================================
Normal Label Distribution: 
Target 0: [4407, 552]
Target 1: [440, 5529]
===================================
Distribution After Sampling: 
===================================
Binary Labels Distribution: 
Binary Target 0
---------------------------
Target 0: [4407, 552]
Target 1: [440, 5529]
Binary Target 1
---------------------------
Target 0: [4407, 552]
Target 1: [440, 5529]
===================================
Normal Label Distribution: 
Target 0: [4407, 552]
Target 1: [440, 5529]
===================================
Use BiasedUTKFace - target_attr: gender
BiasedUTKFace -- total: 10928, target_attr: gender, bias_attr: race bias_rate: 0.9
['[train] target_0-bias_0: 4407', '[train] target_0-bias_1: 552', '[train] target_1-bias_0: 440', '[train] target_1-bias_1: 5529']
get_utk_face - split: valid, aug: False, given_y: True, ratio: 0
use existing biased_utk_face from data/utk_face/pickles/biased_utk_face-target_gender-bias_race-0.9
Distribution Before Sampling: 
===================================
Binary Labels Distribution: 
Binary Target 0
---------------------------
Target 0: [583, 684]
Target 1: [457, 646]
Binary Target 1
---------------------------
Target 0: [583, 684]
Target 1: [457, 646]
===================================
Normal Label Distribution: 
Target 0: [583, 684]
Target 1: [457, 646]
===================================
Use BiasedUTKFace - target_attr: gender
BiasedUTKFace -- total: 2370, target_attr: gender, bias_attr: race bias_rate: 0.9
['[valid] target_0-bias_0: 583', '[valid] target_0-bias_1: 684', '[valid] target_1-bias_0: 457', '[valid] target_1-bias_1: 646']
get_utk_face - split: test, aug: False, given_y: True, ratio: 0
use existing biased_utk_face from data/utk_face/pickles/biased_utk_face-target_gender-bias_race-0.9
Distribution Before Sampling: 
===================================
Binary Labels Distribution: 
Binary Target 0
---------------------------
Target 0: [558, 677]
Target 1: [462, 673]
Binary Target 1
---------------------------
Target 0: [558, 677]
Target 1: [462, 673]
===================================
Normal Label Distribution: 
Target 0: [558, 677]
Target 1: [462, 673]
===================================
Use BiasedUTKFace - target_attr: gender
BiasedUTKFace -- total: 2370, target_attr: gender, bias_attr: race bias_rate: 0.9
['[test] target_0-bias_0: 558', '[test] target_0-bias_1: 677', '[test] target_1-bias_0: 462', '[test] target_1-bias_1: 673']
decay_epochs: [6, 13]
[1 / 20] Learning rate: 0.001 weight: 0.01
[1 / 20] Loss: 4.908525913037458 CE Loss: 0.5881914921421257 Con Loss: 4.902644001023836
[1 / 20] tensor([[0.783, 0.747],
        [0.736, 0.782]]) {'epoch': 1, 'valid/acc': 76.835, 'valid/acc_unbiased': 77.096, 'valid/diff': 3.16, 'valid/acc_skew': 77.106, 'valid/acc_align': 77.086, 'test/acc': 76.329, 'test/acc_unbiased': 76.202, 'test/diff': 4.069, 'test/acc_skew': 74.167, 'test/acc_align': 78.236}
[1 / 20] best valid accuracy: 77.096 at epoch 1 
 best_stats: {'best_valid_epoch': 1, 'best_valid_valid/acc': 76.835, 'best_valid_valid/acc_unbiased': 77.096, 'best_valid_valid/diff': 3.16, 'best_valid_valid/acc_skew': 77.106, 'best_valid_valid/acc_align': 77.086, 'best_valid_test/acc': 76.329, 'best_valid_test/acc_unbiased': 76.202, 'best_valid_test/diff': 4.069, 'best_valid_test/acc_skew': 74.167, 'best_valid_test/acc_align': 78.236}
[1 / 20] best test accuracy: 76.202 at epoch 1 
 best_stats: {'best_test_epoch': 1, 'best_test_valid/acc': 76.835, 'best_test_valid/acc_unbiased': 77.096, 'best_test_valid/diff': 3.16, 'best_test_valid/acc_skew': 77.106, 'best_test_valid/acc_align': 77.086, 'best_test_test/acc': 76.329, 'best_test_test/acc_unbiased': 76.202, 'best_test_test/diff': 4.069, 'best_test_test/acc_skew': 74.167, 'best_test_test/acc_align': 78.236}
[2 / 20] Learning rate: 0.001 weight: 0.01
[2 / 20] Loss: 4.804146477628068 CE Loss: 0.49663347398554075 Con Loss: 4.799180143225071
[2 / 20] tensor([[0.753, 0.666],
        [0.857, 0.881]]) {'epoch': 2, 'valid/acc': 78.608, 'valid/acc_unbiased': 79.123, 'valid/diff': 3.023, 'valid/acc_skew': 77.611, 'valid/acc_align': 80.634, 'test/acc': 78.481, 'test/acc_unbiased': 78.928, 'test/diff': 5.525, 'test/acc_skew': 76.166, 'test/acc_align': 81.691}
[2 / 20] best valid accuracy: 79.123 at epoch 2 
 best_stats: {'best_valid_epoch': 2, 'best_valid_valid/acc': 78.608, 'best_valid_valid/acc_unbiased': 79.123, 'best_valid_valid/diff': 3.023, 'best_valid_valid/acc_skew': 77.611, 'best_valid_valid/acc_align': 80.634, 'best_valid_test/acc': 78.481, 'best_valid_test/acc_unbiased': 78.928, 'best_valid_test/diff': 5.525, 'best_valid_test/acc_skew': 76.166, 'best_valid_test/acc_align': 81.691}
[2 / 20] best test accuracy: 78.928 at epoch 2 
 best_stats: {'best_test_epoch': 2, 'best_test_valid/acc': 78.608, 'best_test_valid/acc_unbiased': 79.123, 'best_test_valid/diff': 3.023, 'best_test_valid/acc_skew': 77.611, 'best_test_valid/acc_align': 80.634, 'best_test_test/acc': 78.481, 'best_test_test/acc_unbiased': 78.928, 'best_test_test/diff': 5.525, 'best_test_test/acc_skew': 76.166, 'best_test_test/acc_align': 81.691}
[3 / 20] Learning rate: 0.001 weight: 0.01
[3 / 20] Loss: 4.7865159522038425 CE Loss: 0.4686666028478659 Con Loss: 4.781829288030264
[3 / 20] tensor([[0.715, 0.650],
        [0.881, 0.914]]) {'epoch': 3, 'valid/acc': 78.228, 'valid/acc_unbiased': 78.95, 'valid/diff': 3.342, 'valid/acc_skew': 77.279, 'valid/acc_align': 80.621, 'test/acc': 78.523, 'test/acc_unbiased': 78.994, 'test/diff': 4.9, 'test/acc_skew': 76.544, 'test/acc_align': 81.444}
[3 / 20] best valid accuracy: 79.123 at epoch 2 
 best_stats: {'best_valid_epoch': 2, 'best_valid_valid/acc': 78.608, 'best_valid_valid/acc_unbiased': 79.123, 'best_valid_valid/diff': 3.023, 'best_valid_valid/acc_skew': 77.611, 'best_valid_valid/acc_align': 80.634, 'best_valid_test/acc': 78.481, 'best_valid_test/acc_unbiased': 78.928, 'best_valid_test/diff': 5.525, 'best_valid_test/acc_skew': 76.166, 'best_valid_test/acc_align': 81.691}
[3 / 20] best test accuracy: 78.994 at epoch 3 
 best_stats: {'best_test_epoch': 3, 'best_test_valid/acc': 78.228, 'best_test_valid/acc_unbiased': 78.95, 'best_test_valid/diff': 3.342, 'best_test_valid/acc_skew': 77.279, 'best_test_valid/acc_align': 80.621, 'best_test_test/acc': 78.523, 'best_test_test/acc_unbiased': 78.994, 'best_test_test/diff': 4.9, 'best_test_test/acc_skew': 76.544, 'best_test_test/acc_align': 81.444}
[4 / 20] Learning rate: 0.001 weight: 0.01
[4 / 20] Loss: 4.772208242430345 CE Loss: 0.4489509289645171 Con Loss: 4.767718729826227
[4 / 20] tensor([[0.692, 0.645],
        [0.900, 0.917]]) {'epoch': 4, 'valid/acc': 78.397, 'valid/acc_unbiased': 79.413, 'valid/diff': 3.125, 'valid/acc_skew': 79.613, 'valid/acc_align': 79.214, 'test/acc': 78.312, 'test/acc_unbiased': 78.862, 'test/diff': 3.131, 'test/acc_skew': 77.296, 'test/acc_align': 80.427}
[4 / 20] best valid accuracy: 79.413 at epoch 4 
 best_stats: {'best_valid_epoch': 4, 'best_valid_valid/acc': 78.397, 'best_valid_valid/acc_unbiased': 79.413, 'best_valid_valid/diff': 3.125, 'best_valid_valid/acc_skew': 79.613, 'best_valid_valid/acc_align': 79.214, 'best_valid_test/acc': 78.312, 'best_valid_test/acc_unbiased': 78.862, 'best_valid_test/diff': 3.131, 'best_valid_test/acc_skew': 77.296, 'best_valid_test/acc_align': 80.427}
[4 / 20] best test accuracy: 78.994 at epoch 3 
 best_stats: {'best_test_epoch': 3, 'best_test_valid/acc': 78.228, 'best_test_valid/acc_unbiased': 78.95, 'best_test_valid/diff': 3.342, 'best_test_valid/acc_skew': 77.279, 'best_test_valid/acc_align': 80.621, 'best_test_test/acc': 78.523, 'best_test_test/acc_unbiased': 78.994, 'best_test_test/diff': 4.9, 'best_test_test/acc_skew': 76.544, 'best_test_test/acc_align': 81.444}
[5 / 20] Learning rate: 0.001 weight: 0.01
[5 / 20] Loss: 4.758468778730311 CE Loss: 0.43691340826266334 Con Loss: 4.754099661574357
[5 / 20] tensor([[0.667, 0.598],
        [0.929, 0.949]]) {'epoch': 5, 'valid/acc': 78.397, 'valid/acc_unbiased': 79.535, 'valid/diff': 2.698, 'valid/acc_skew': 78.624, 'valid/acc_align': 80.446, 'test/acc': 77.848, 'test/acc_unbiased': 78.574, 'test/diff': 4.467, 'test/acc_skew': 76.34, 'test/acc_align': 80.807}
[5 / 20] best valid accuracy: 79.535 at epoch 5 
 best_stats: {'best_valid_epoch': 5, 'best_valid_valid/acc': 78.397, 'best_valid_valid/acc_unbiased': 79.535, 'best_valid_valid/diff': 2.698, 'best_valid_valid/acc_skew': 78.624, 'best_valid_valid/acc_align': 80.446, 'best_valid_test/acc': 77.848, 'best_valid_test/acc_unbiased': 78.574, 'best_valid_test/diff': 4.467, 'best_valid_test/acc_skew': 76.34, 'best_valid_test/acc_align': 80.807}
[5 / 20] best test accuracy: 78.994 at epoch 3 
 best_stats: {'best_test_epoch': 3, 'best_test_valid/acc': 78.228, 'best_test_valid/acc_unbiased': 78.95, 'best_test_valid/diff': 3.342, 'best_test_valid/acc_skew': 77.279, 'best_test_valid/acc_align': 80.621, 'best_test_test/acc': 78.523, 'best_test_test/acc_unbiased': 78.994, 'best_test_test/diff': 4.9, 'best_test_test/acc_skew': 76.544, 'best_test_test/acc_align': 81.444}
[6 / 20] Learning rate: 0.001 weight: 0.01
[6 / 20] Loss: 4.750636848488804 CE Loss: 0.42956761180220027 Con Loss: 4.746341181010837
[6 / 20] tensor([[0.823, 0.768],
        [0.803, 0.856]]) {'epoch': 6, 'valid/acc': 81.435, 'valid/acc_unbiased': 81.461, 'valid/diff': 3.157, 'valid/acc_skew': 79.882, 'valid/acc_align': 83.039, 'test/acc': 81.266, 'test/acc_unbiased': 81.239, 'test/diff': 5.366, 'test/acc_skew': 78.556, 'test/acc_align': 83.922}
[6 / 20] best valid accuracy: 81.461 at epoch 6 
 best_stats: {'best_valid_epoch': 6, 'best_valid_valid/acc': 81.435, 'best_valid_valid/acc_unbiased': 81.461, 'best_valid_valid/diff': 3.157, 'best_valid_valid/acc_skew': 79.882, 'best_valid_valid/acc_align': 83.039, 'best_valid_test/acc': 81.266, 'best_valid_test/acc_unbiased': 81.239, 'best_valid_test/diff': 5.366, 'best_valid_test/acc_skew': 78.556, 'best_valid_test/acc_align': 83.922}
[6 / 20] best test accuracy: 81.239 at epoch 6 
 best_stats: {'best_test_epoch': 6, 'best_test_valid/acc': 81.435, 'best_test_valid/acc_unbiased': 81.461, 'best_test_valid/diff': 3.157, 'best_test_valid/acc_skew': 79.882, 'best_test_valid/acc_align': 83.039, 'best_test_test/acc': 81.266, 'best_test_test/acc_unbiased': 81.239, 'best_test_test/diff': 5.366, 'best_test_test/acc_skew': 78.556, 'best_test_test/acc_align': 83.922}
[7 / 20] Learning rate: 0.0001 weight: 0.01
[7 / 20] Loss: 4.7136840568978124 CE Loss: 0.40016264622242875 Con Loss: 4.709682423408698
[7 / 20] tensor([[0.781, 0.734],
        [0.868, 0.909]]) {'epoch': 7, 'valid/acc': 82.068, 'valid/acc_unbiased': 82.708, 'valid/diff': 3.049, 'valid/acc_skew': 82.284, 'valid/acc_align': 83.132, 'test/acc': 82.11, 'test/acc_unbiased': 82.32, 'test/diff': 4.432, 'test/acc_skew': 80.104, 'test/acc_align': 84.536}
[7 / 20] best valid accuracy: 82.708 at epoch 7 
 best_stats: {'best_valid_epoch': 7, 'best_valid_valid/acc': 82.068, 'best_valid_valid/acc_unbiased': 82.708, 'best_valid_valid/diff': 3.049, 'best_valid_valid/acc_skew': 82.284, 'best_valid_valid/acc_align': 83.132, 'best_valid_test/acc': 82.11, 'best_valid_test/acc_unbiased': 82.32, 'best_valid_test/diff': 4.432, 'best_valid_test/acc_skew': 80.104, 'best_valid_test/acc_align': 84.536}
[7 / 20] best test accuracy: 82.320 at epoch 7 
 best_stats: {'best_test_epoch': 7, 'best_test_valid/acc': 82.068, 'best_test_valid/acc_unbiased': 82.708, 'best_test_valid/diff': 3.049, 'best_test_valid/acc_skew': 82.284, 'best_test_valid/acc_align': 83.132, 'best_test_test/acc': 82.11, 'best_test_test/acc_unbiased': 82.32, 'best_test_test/diff': 4.432, 'best_test_test/acc_skew': 80.104, 'best_test_test/acc_align': 84.536}
[8 / 20] Learning rate: 0.0001 weight: 0.01
[8 / 20] Loss: 4.6890702219693585 CE Loss: 0.37360601007152966 Con Loss: 4.685334167229135
[8 / 20] tensor([[0.760, 0.685],
        [0.903, 0.936]]) {'epoch': 8, 'valid/acc': 82.447, 'valid/acc_unbiased': 83.293, 'valid/diff': 2.758, 'valid/acc_skew': 82.024, 'valid/acc_align': 84.562, 'test/acc': 81.646, 'test/acc_unbiased': 82.098, 'test/diff': 5.399, 'test/acc_skew': 79.399, 'test/acc_align': 84.798}
[8 / 20] best valid accuracy: 83.293 at epoch 8 
 best_stats: {'best_valid_epoch': 8, 'best_valid_valid/acc': 82.447, 'best_valid_valid/acc_unbiased': 83.293, 'best_valid_valid/diff': 2.758, 'best_valid_valid/acc_skew': 82.024, 'best_valid_valid/acc_align': 84.562, 'best_valid_test/acc': 81.646, 'best_valid_test/acc_unbiased': 82.098, 'best_valid_test/diff': 5.399, 'best_valid_test/acc_skew': 79.399, 'best_valid_test/acc_align': 84.798}
[8 / 20] best test accuracy: 82.320 at epoch 7 
 best_stats: {'best_test_epoch': 7, 'best_test_valid/acc': 82.068, 'best_test_valid/acc_unbiased': 82.708, 'best_test_valid/diff': 3.049, 'best_test_valid/acc_skew': 82.284, 'best_test_valid/acc_align': 83.132, 'best_test_test/acc': 82.11, 'best_test_test/acc_unbiased': 82.32, 'best_test_test/diff': 4.432, 'best_test_test/acc_skew': 80.104, 'best_test_test/acc_align': 84.536}
[9 / 20] Learning rate: 0.0001 weight: 0.01
[9 / 20] Loss: 4.678120693385514 CE Loss: 0.3714315402123799 Con Loss: 4.674406399314958
[9 / 20] tensor([[0.763, 0.697],
        [0.900, 0.933]]) {'epoch': 9, 'valid/acc': 82.996, 'valid/acc_unbiased': 83.727, 'valid/diff': 2.307, 'valid/acc_skew': 82.573, 'valid/acc_align': 84.88, 'test/acc': 81.941, 'test/acc_unbiased': 82.355, 'test/diff': 4.947, 'test/acc_skew': 79.881, 'test/acc_align': 84.829}
[9 / 20] best valid accuracy: 83.727 at epoch 9 
 best_stats: {'best_valid_epoch': 9, 'best_valid_valid/acc': 82.996, 'best_valid_valid/acc_unbiased': 83.727, 'best_valid_valid/diff': 2.307, 'best_valid_valid/acc_skew': 82.573, 'best_valid_valid/acc_align': 84.88, 'best_valid_test/acc': 81.941, 'best_valid_test/acc_unbiased': 82.355, 'best_valid_test/diff': 4.947, 'best_valid_test/acc_skew': 79.881, 'best_valid_test/acc_align': 84.829}
[9 / 20] best test accuracy: 82.355 at epoch 9 
 best_stats: {'best_test_epoch': 9, 'best_test_valid/acc': 82.996, 'best_test_valid/acc_unbiased': 83.727, 'best_test_valid/diff': 2.307, 'best_test_valid/acc_skew': 82.573, 'best_test_valid/acc_align': 84.88, 'best_test_test/acc': 81.941, 'best_test_test/acc_unbiased': 82.355, 'best_test_test/diff': 4.947, 'best_test_test/acc_skew': 79.881, 'best_test_test/acc_align': 84.829}
[10 / 20] Learning rate: 0.0001 weight: 0.01
[10 / 20] Loss: 4.660412960136268 CE Loss: 0.3538875087201159 Con Loss: 4.6568740562673545
[10 / 20] tensor([[0.792, 0.727],
        [0.887, 0.926]]) {'epoch': 10, 'valid/acc': 83.08, 'valid/acc_unbiased': 83.638, 'valid/diff': 0.882, 'valid/acc_skew': 83.197, 'valid/acc_align': 84.079, 'test/acc': 82.996, 'test/acc_unbiased': 83.3, 'test/diff': 5.182, 'test/acc_skew': 80.709, 'test/acc_align': 85.891}
[10 / 20] best valid accuracy: 83.727 at epoch 9 
 best_stats: {'best_valid_epoch': 9, 'best_valid_valid/acc': 82.996, 'best_valid_valid/acc_unbiased': 83.727, 'best_valid_valid/diff': 2.307, 'best_valid_valid/acc_skew': 82.573, 'best_valid_valid/acc_align': 84.88, 'best_valid_test/acc': 81.941, 'best_valid_test/acc_unbiased': 82.355, 'best_valid_test/diff': 4.947, 'best_valid_test/acc_skew': 79.881, 'best_valid_test/acc_align': 84.829}
[10 / 20] best test accuracy: 83.300 at epoch 10 
 best_stats: {'best_test_epoch': 10, 'best_test_valid/acc': 83.08, 'best_test_valid/acc_unbiased': 83.638, 'best_test_valid/diff': 0.882, 'best_test_valid/acc_skew': 83.197, 'best_test_valid/acc_align': 84.079, 'best_test_test/acc': 82.996, 'best_test_test/acc_unbiased': 83.3, 'best_test_test/diff': 5.182, 'best_test_test/acc_skew': 80.709, 'best_test_test/acc_align': 85.891}
[11 / 20] Learning rate: 0.0001 weight: 0.01
[11 / 20] Loss: 4.6458958874335226 CE Loss: 0.35949076003071856 Con Loss: 4.642300979982881
[11 / 20] tensor([[0.785, 0.700],
        [0.900, 0.929]]) {'epoch': 11, 'valid/acc': 83.544, 'valid/acc_unbiased': 84.206, 'valid/diff': 1.073, 'valid/acc_skew': 83.67, 'valid/acc_align': 84.742, 'test/acc': 82.405, 'test/acc_unbiased': 82.855, 'test/diff': 5.652, 'test/acc_skew': 80.029, 'test/acc_align': 85.681}
[11 / 20] best valid accuracy: 84.206 at epoch 11 
 best_stats: {'best_valid_epoch': 11, 'best_valid_valid/acc': 83.544, 'best_valid_valid/acc_unbiased': 84.206, 'best_valid_valid/diff': 1.073, 'best_valid_valid/acc_skew': 83.67, 'best_valid_valid/acc_align': 84.742, 'best_valid_test/acc': 82.405, 'best_valid_test/acc_unbiased': 82.855, 'best_valid_test/diff': 5.652, 'best_valid_test/acc_skew': 80.029, 'best_valid_test/acc_align': 85.681}
[11 / 20] best test accuracy: 83.300 at epoch 10 
 best_stats: {'best_test_epoch': 10, 'best_test_valid/acc': 83.08, 'best_test_valid/acc_unbiased': 83.638, 'best_test_valid/diff': 0.882, 'best_test_valid/acc_skew': 83.197, 'best_test_valid/acc_align': 84.079, 'best_test_test/acc': 82.996, 'best_test_test/acc_unbiased': 83.3, 'best_test_test/diff': 5.182, 'best_test_test/acc_skew': 80.709, 'best_test_test/acc_align': 85.891}
[12 / 20] Learning rate: 0.0001 weight: 0.01
[12 / 20] Loss: 4.652274180645475 CE Loss: 0.3525301887385143 Con Loss: 4.648748869079099
[12 / 20] tensor([[0.789, 0.685],
        [0.911, 0.921]]) {'epoch': 12, 'valid/acc': 83.418, 'valid/acc_unbiased': 84.232, 'valid/diff': 3.1, 'valid/acc_skew': 82.682, 'valid/acc_align': 85.782, 'test/acc': 82.068, 'test/acc_unbiased': 82.66, 'test/diff': 5.657, 'test/acc_skew': 79.832, 'test/acc_align': 85.489}
[12 / 20] best valid accuracy: 84.232 at epoch 12 
 best_stats: {'best_valid_epoch': 12, 'best_valid_valid/acc': 83.418, 'best_valid_valid/acc_unbiased': 84.232, 'best_valid_valid/diff': 3.1, 'best_valid_valid/acc_skew': 82.682, 'best_valid_valid/acc_align': 85.782, 'best_valid_test/acc': 82.068, 'best_valid_test/acc_unbiased': 82.66, 'best_valid_test/diff': 5.657, 'best_valid_test/acc_skew': 79.832, 'best_valid_test/acc_align': 85.489}
[12 / 20] best test accuracy: 83.300 at epoch 10 
 best_stats: {'best_test_epoch': 10, 'best_test_valid/acc': 83.08, 'best_test_valid/acc_unbiased': 83.638, 'best_test_valid/diff': 0.882, 'best_test_valid/acc_skew': 83.197, 'best_test_valid/acc_align': 84.079, 'best_test_test/acc': 82.996, 'best_test_test/acc_unbiased': 83.3, 'best_test_test/diff': 5.182, 'best_test_test/acc_skew': 80.709, 'best_test_test/acc_align': 85.891}
[13 / 20] Learning rate: 0.0001 weight: 0.01
[13 / 20] Loss: 4.644489240855807 CE Loss: 0.34287700331926696 Con Loss: 4.641060455651793
[13 / 20] tensor([[0.805, 0.733],
        [0.898, 0.924]]) {'epoch': 13, 'valid/acc': 83.671, 'valid/acc_unbiased': 84.27, 'valid/diff': 2.66, 'valid/acc_skew': 82.94, 'valid/acc_align': 85.6, 'test/acc': 83.629, 'test/acc_unbiased': 83.995, 'test/diff': 4.898, 'test/acc_skew': 81.546, 'test/acc_align': 86.444}
[13 / 20] best valid accuracy: 84.270 at epoch 13 
 best_stats: {'best_valid_epoch': 13, 'best_valid_valid/acc': 83.671, 'best_valid_valid/acc_unbiased': 84.27, 'best_valid_valid/diff': 2.66, 'best_valid_valid/acc_skew': 82.94, 'best_valid_valid/acc_align': 85.6, 'best_valid_test/acc': 83.629, 'best_valid_test/acc_unbiased': 83.995, 'best_valid_test/diff': 4.898, 'best_valid_test/acc_skew': 81.546, 'best_valid_test/acc_align': 86.444}
[13 / 20] best test accuracy: 83.995 at epoch 13 
 best_stats: {'best_test_epoch': 13, 'best_test_valid/acc': 83.671, 'best_test_valid/acc_unbiased': 84.27, 'best_test_valid/diff': 2.66, 'best_test_valid/acc_skew': 82.94, 'best_test_valid/acc_align': 85.6, 'best_test_test/acc': 83.629, 'best_test_test/acc_unbiased': 83.995, 'best_test_test/diff': 4.898, 'best_test_test/acc_skew': 81.546, 'best_test_test/acc_align': 86.444}
[14 / 20] Learning rate: 1e-05 weight: 0.01
[14 / 20] Loss: 4.627024100430713 CE Loss: 0.337251622148 Con Loss: 4.623651601559596
[14 / 20] tensor([[0.805, 0.734],
        [0.896, 0.926]]) {'epoch': 14, 'valid/acc': 83.418, 'valid/acc_unbiased': 83.964, 'valid/diff': 3.288, 'valid/acc_skew': 82.32, 'valid/acc_align': 85.608, 'test/acc': 83.671, 'test/acc_unbiased': 84.015, 'test/diff': 5.007, 'test/acc_skew': 81.511, 'test/acc_align': 86.518}
[14 / 20] best valid accuracy: 84.270 at epoch 13 
 best_stats: {'best_valid_epoch': 13, 'best_valid_valid/acc': 83.671, 'best_valid_valid/acc_unbiased': 84.27, 'best_valid_valid/diff': 2.66, 'best_valid_valid/acc_skew': 82.94, 'best_valid_valid/acc_align': 85.6, 'best_valid_test/acc': 83.629, 'best_valid_test/acc_unbiased': 83.995, 'best_valid_test/diff': 4.898, 'best_valid_test/acc_skew': 81.546, 'best_valid_test/acc_align': 86.444}
[14 / 20] best test accuracy: 84.015 at epoch 14 
 best_stats: {'best_test_epoch': 14, 'best_test_valid/acc': 83.418, 'best_test_valid/acc_unbiased': 83.964, 'best_test_valid/diff': 3.288, 'best_test_valid/acc_skew': 82.32, 'best_test_valid/acc_align': 85.608, 'best_test_test/acc': 83.671, 'best_test_test/acc_unbiased': 84.015, 'best_test_test/diff': 5.007, 'best_test_test/acc_skew': 81.511, 'best_test_test/acc_align': 86.518}
[15 / 20] Learning rate: 1e-05 weight: 0.01
[15 / 20] Loss: 4.624273041156863 CE Loss: 0.33834057575088994 Con Loss: 4.620889623203529
[15 / 20] tensor([[0.803, 0.725],
        [0.909, 0.926]]) {'epoch': 15, 'valid/acc': 83.84, 'valid/acc_unbiased': 84.445, 'valid/diff': 3.084, 'valid/acc_skew': 82.903, 'valid/acc_align': 85.987, 'test/acc': 83.629, 'test/acc_unbiased': 84.073, 'test/diff': 4.711, 'test/acc_skew': 81.717, 'test/acc_align': 86.429}
[15 / 20] best valid accuracy: 84.445 at epoch 15 
 best_stats: {'best_valid_epoch': 15, 'best_valid_valid/acc': 83.84, 'best_valid_valid/acc_unbiased': 84.445, 'best_valid_valid/diff': 3.084, 'best_valid_valid/acc_skew': 82.903, 'best_valid_valid/acc_align': 85.987, 'best_valid_test/acc': 83.629, 'best_valid_test/acc_unbiased': 84.073, 'best_valid_test/diff': 4.711, 'best_valid_test/acc_skew': 81.717, 'best_valid_test/acc_align': 86.429}
[15 / 20] best test accuracy: 84.073 at epoch 15 
 best_stats: {'best_test_epoch': 15, 'best_test_valid/acc': 83.84, 'best_test_valid/acc_unbiased': 84.445, 'best_test_valid/diff': 3.084, 'best_test_valid/acc_skew': 82.903, 'best_test_valid/acc_align': 85.987, 'best_test_test/acc': 83.629, 'best_test_test/acc_unbiased': 84.073, 'best_test_test/diff': 4.711, 'best_test_test/acc_skew': 81.717, 'best_test_test/acc_align': 86.429}
[16 / 20] Learning rate: 1e-05 weight: 0.01
[16 / 20] Loss: 4.625632007509513 CE Loss: 0.33286577877677204 Con Loss: 4.622303353221664
[16 / 20] tensor([[0.803, 0.731],
        [0.905, 0.927]]) {'epoch': 16, 'valid/acc': 83.755, 'valid/acc_unbiased': 84.315, 'valid/diff': 2.675, 'valid/acc_skew': 82.977, 'valid/acc_align': 85.652, 'test/acc': 83.755, 'test/acc_unbiased': 84.15, 'test/diff': 4.707, 'test/acc_skew': 81.796, 'test/acc_align': 86.503}
[16 / 20] best valid accuracy: 84.445 at epoch 15 
 best_stats: {'best_valid_epoch': 15, 'best_valid_valid/acc': 83.84, 'best_valid_valid/acc_unbiased': 84.445, 'best_valid_valid/diff': 3.084, 'best_valid_valid/acc_skew': 82.903, 'best_valid_valid/acc_align': 85.987, 'best_valid_test/acc': 83.629, 'best_valid_test/acc_unbiased': 84.073, 'best_valid_test/diff': 4.711, 'best_valid_test/acc_skew': 81.717, 'best_valid_test/acc_align': 86.429}
[16 / 20] best test accuracy: 84.150 at epoch 16 
 best_stats: {'best_test_epoch': 16, 'best_test_valid/acc': 83.755, 'best_test_valid/acc_unbiased': 84.315, 'best_test_valid/diff': 2.675, 'best_test_valid/acc_skew': 82.977, 'best_test_valid/acc_align': 85.652, 'best_test_test/acc': 83.755, 'best_test_test/acc_unbiased': 84.15, 'best_test_test/diff': 4.707, 'best_test_test/acc_skew': 81.796, 'best_test_test/acc_align': 86.503}
[17 / 20] Learning rate: 1e-05 weight: 0.01
[17 / 20] Loss: 4.619068864847521 CE Loss: 0.33823964606266943 Con Loss: 4.615686451533528
[17 / 20] tensor([[0.806, 0.740],
        [0.900, 0.923]]) {'epoch': 17, 'valid/acc': 83.84, 'valid/acc_unbiased': 84.391, 'valid/diff': 2.9, 'valid/acc_skew': 82.941, 'valid/acc_align': 85.841, 'test/acc': 83.882, 'test/acc_unbiased': 84.241, 'test/diff': 4.436, 'test/acc_skew': 82.023, 'test/acc_align': 86.459}
[17 / 20] best valid accuracy: 84.445 at epoch 15 
 best_stats: {'best_valid_epoch': 15, 'best_valid_valid/acc': 83.84, 'best_valid_valid/acc_unbiased': 84.445, 'best_valid_valid/diff': 3.084, 'best_valid_valid/acc_skew': 82.903, 'best_valid_valid/acc_align': 85.987, 'best_valid_test/acc': 83.629, 'best_valid_test/acc_unbiased': 84.073, 'best_valid_test/diff': 4.711, 'best_valid_test/acc_skew': 81.717, 'best_valid_test/acc_align': 86.429}
[17 / 20] best test accuracy: 84.241 at epoch 17 
 best_stats: {'best_test_epoch': 17, 'best_test_valid/acc': 83.84, 'best_test_valid/acc_unbiased': 84.391, 'best_test_valid/diff': 2.9, 'best_test_valid/acc_skew': 82.941, 'best_test_valid/acc_align': 85.841, 'best_test_test/acc': 83.882, 'best_test_test/acc_unbiased': 84.241, 'best_test_test/diff': 4.436, 'best_test_test/acc_skew': 82.023, 'best_test_test/acc_align': 86.459}
[18 / 20] Learning rate: 1e-05 weight: 0.01
[18 / 20] Loss: 4.611831456990053 CE Loss: 0.33869570323523807 Con Loss: 4.6084444735793735
[18 / 20] tensor([[0.806, 0.743],
        [0.894, 0.924]]) {'epoch': 18, 'valid/acc': 83.966, 'valid/acc_unbiased': 84.493, 'valid/diff': 2.884, 'valid/acc_skew': 83.051, 'valid/acc_align': 85.935, 'test/acc': 83.882, 'test/acc_unbiased': 84.19, 'test/diff': 4.687, 'test/acc_skew': 81.846, 'test/acc_align': 86.534}
[18 / 20] best valid accuracy: 84.493 at epoch 18 
 best_stats: {'best_valid_epoch': 18, 'best_valid_valid/acc': 83.966, 'best_valid_valid/acc_unbiased': 84.493, 'best_valid_valid/diff': 2.884, 'best_valid_valid/acc_skew': 83.051, 'best_valid_valid/acc_align': 85.935, 'best_valid_test/acc': 83.882, 'best_valid_test/acc_unbiased': 84.19, 'best_valid_test/diff': 4.687, 'best_valid_test/acc_skew': 81.846, 'best_valid_test/acc_align': 86.534}
[18 / 20] best test accuracy: 84.241 at epoch 17 
 best_stats: {'best_test_epoch': 17, 'best_test_valid/acc': 83.84, 'best_test_valid/acc_unbiased': 84.391, 'best_test_valid/diff': 2.9, 'best_test_valid/acc_skew': 82.941, 'best_test_valid/acc_align': 85.841, 'best_test_test/acc': 83.882, 'best_test_test/acc_unbiased': 84.241, 'best_test_test/diff': 4.436, 'best_test_test/acc_skew': 82.023, 'best_test_test/acc_align': 86.459}
[19 / 20] Learning rate: 1e-05 weight: 0.01
[19 / 20] Loss: 4.618068242666488 CE Loss: 0.3408547017183346 Con Loss: 4.614659703144392
[19 / 20] tensor([[0.808, 0.744],
        [0.896, 0.926]]) {'epoch': 19, 'valid/acc': 84.177, 'valid/acc_unbiased': 84.719, 'valid/diff': 3.118, 'valid/acc_skew': 83.16, 'valid/acc_align': 86.278, 'test/acc': 84.051, 'test/acc_unbiased': 84.363, 'test/diff': 4.669, 'test/acc_skew': 82.028, 'test/acc_align': 86.697}
[19 / 20] best valid accuracy: 84.719 at epoch 19 
 best_stats: {'best_valid_epoch': 19, 'best_valid_valid/acc': 84.177, 'best_valid_valid/acc_unbiased': 84.719, 'best_valid_valid/diff': 3.118, 'best_valid_valid/acc_skew': 83.16, 'best_valid_valid/acc_align': 86.278, 'best_valid_test/acc': 84.051, 'best_valid_test/acc_unbiased': 84.363, 'best_valid_test/diff': 4.669, 'best_valid_test/acc_skew': 82.028, 'best_valid_test/acc_align': 86.697}
[19 / 20] best test accuracy: 84.363 at epoch 19 
 best_stats: {'best_test_epoch': 19, 'best_test_valid/acc': 84.177, 'best_test_valid/acc_unbiased': 84.719, 'best_test_valid/diff': 3.118, 'best_test_valid/acc_skew': 83.16, 'best_test_valid/acc_align': 86.278, 'best_test_test/acc': 84.051, 'best_test_test/acc_unbiased': 84.363, 'best_test_test/diff': 4.669, 'best_test_test/acc_skew': 82.028, 'best_test_test/acc_align': 86.697}
[20 / 20] Learning rate: 1e-05 weight: 0.01
[20 / 20] Loss: 4.623008621908387 CE Loss: 0.3303414114135949 Con Loss: 4.619705211365729
[20 / 20] tensor([[0.812, 0.749],
        [0.896, 0.921]]) {'epoch': 20, 'valid/acc': 84.388, 'valid/acc_unbiased': 84.877, 'valid/diff': 2.63, 'valid/acc_skew': 83.562, 'valid/acc_align': 86.192, 'test/acc': 84.135, 'test/acc_unbiased': 84.452, 'test/diff': 4.404, 'test/acc_skew': 82.25, 'test/acc_align': 86.654}
[20 / 20] best valid accuracy: 84.877 at epoch 20 
 best_stats: {'best_valid_epoch': 20, 'best_valid_valid/acc': 84.388, 'best_valid_valid/acc_unbiased': 84.877, 'best_valid_valid/diff': 2.63, 'best_valid_valid/acc_skew': 83.562, 'best_valid_valid/acc_align': 86.192, 'best_valid_test/acc': 84.135, 'best_valid_test/acc_unbiased': 84.452, 'best_valid_test/diff': 4.404, 'best_valid_test/acc_skew': 82.25, 'best_valid_test/acc_align': 86.654}
[20 / 20] best test accuracy: 84.452 at epoch 20 
 best_stats: {'best_test_epoch': 20, 'best_test_valid/acc': 84.388, 'best_test_valid/acc_unbiased': 84.877, 'best_test_valid/diff': 2.63, 'best_test_valid/acc_skew': 83.562, 'best_test_valid/acc_align': 86.192, 'best_test_test/acc': 84.135, 'best_test_test/acc_unbiased': 84.452, 'best_test_test/diff': 4.404, 'best_test_test/acc_skew': 82.25, 'best_test_test/acc_align': 86.654}
Total training time: 0:18:30
