Log level set to: INFO
Set seed: 1
=======> Using Fixed Random Seed: 1 <========
save_path: exp_results/bc-bb0-utk_face_race-us-0.997-lr0.001-bs2-cbs1-w0.01-ratio10-aug1-seed1
get_utk_face - split: train, aug: False, given_y: True, ratio: 0
use existing biased_utk_face from data/utk_face/pickles/biased_utk_face-target_gender-bias_race-0.997
Distribution Before Sampling: 
===================================
Binary Labels Distribution: 
Binary Target 0
---------------------------
Target 0: [4407, 16]
Target 1: [13, 5529]
Binary Target 1
---------------------------
Target 0: [4407, 16]
Target 1: [13, 5529]
===================================
Normal Label Distribution: 
Target 0: [4407, 16]
Target 1: [13, 5529]
===================================
Distribution After Sampling: 
===================================
Binary Labels Distribution: 
Binary Target 0
---------------------------
Target 0: [13, 13]
Target 1: [13, 13]
Binary Target 1
---------------------------
Target 0: [13, 13]
Target 1: [13, 13]
===================================
Normal Label Distribution: 
Target 0: [13, 13]
Target 1: [13, 13]
===================================
Use BiasedUTKFace - target_attr: gender
BiasedUTKFace -- total: 52, target_attr: gender, bias_attr: race bias_rate: 0.997
['[train] target_0-bias_0: 13', '[train] target_0-bias_1: 13', '[train] target_1-bias_0: 13', '[train] target_1-bias_1: 13']
confusion_matrix - 
 original: tensor([[13., 13.],
        [13., 13.]]), 
 normalized: tensor([[0.500, 0.500],
        [0.500, 0.500]]), 
 b|y: tensor([[0.500, 0.500],
        [0.500, 0.500]])
get_utk_face - split: train, aug: 1, given_y: True, ratio: 10
use existing biased_utk_face from data/utk_face/pickles/biased_utk_face-target_gender-bias_race-0.997
Distribution Before Sampling: 
===================================
Binary Labels Distribution: 
Binary Target 0
---------------------------
Target 0: [4407, 16]
Target 1: [13, 5529]
Binary Target 1
---------------------------
Target 0: [4407, 16]
Target 1: [13, 5529]
===================================
Normal Label Distribution: 
Target 0: [4407, 16]
Target 1: [13, 5529]
===================================
Distribution After Sampling: 
===================================
Binary Labels Distribution: 
Binary Target 0
---------------------------
Target 0: [13, 13]
Target 1: [13, 13]
Binary Target 1
---------------------------
Target 0: [13, 13]
Target 1: [13, 13]
===================================
Normal Label Distribution: 
Target 0: [13, 13]
Target 1: [13, 13]
===================================
Use BiasedUTKFace - target_attr: gender
BiasedUTKFace -- total: 52, target_attr: gender, bias_attr: race bias_rate: 0.997
['[train] target_0-bias_0: 13', '[train] target_0-bias_1: 13', '[train] target_1-bias_0: 13', '[train] target_1-bias_1: 13']
get_utk_face - split: valid, aug: False, given_y: True, ratio: 0
use existing biased_utk_face from data/utk_face/pickles/biased_utk_face-target_gender-bias_race-0.997
Distribution Before Sampling: 
===================================
Binary Labels Distribution: 
Binary Target 0
---------------------------
Target 0: [583, 684]
Target 1: [457, 646]
Binary Target 1
---------------------------
Target 0: [583, 684]
Target 1: [457, 646]
===================================
Normal Label Distribution: 
Target 0: [583, 684]
Target 1: [457, 646]
===================================
Use BiasedUTKFace - target_attr: gender
BiasedUTKFace -- total: 2370, target_attr: gender, bias_attr: race bias_rate: 0.997
['[valid] target_0-bias_0: 583', '[valid] target_0-bias_1: 684', '[valid] target_1-bias_0: 457', '[valid] target_1-bias_1: 646']
get_utk_face - split: test, aug: False, given_y: True, ratio: 0
use existing biased_utk_face from data/utk_face/pickles/biased_utk_face-target_gender-bias_race-0.997
Distribution Before Sampling: 
===================================
Binary Labels Distribution: 
Binary Target 0
---------------------------
Target 0: [558, 677]
Target 1: [462, 673]
Binary Target 1
---------------------------
Target 0: [558, 677]
Target 1: [462, 673]
===================================
Normal Label Distribution: 
Target 0: [558, 677]
Target 1: [462, 673]
===================================
Use BiasedUTKFace - target_attr: gender
BiasedUTKFace -- total: 2370, target_attr: gender, bias_attr: race bias_rate: 0.997
['[test] target_0-bias_0: 558', '[test] target_0-bias_1: 677', '[test] target_1-bias_0: 462', '[test] target_1-bias_1: 673']
decay_epochs: [6, 13]
[1 / 20] Learning rate: 0.001 weight: 0.01
[1 / 20] Loss: 0.019806109964939915 CE Loss: 1.9806110229759584 Con Loss: 0.0
[1 / 20] tensor([[0.916, 0.932],
        [0.100, 0.061]]) {'epoch': 1, 'valid/acc': 53.038, 'valid/acc_unbiased': 50.227, 'valid/diff': 2.375, 'valid/acc_skew': 50.635, 'valid/acc_align': 49.819, 'test/acc': 51.857, 'test/acc_unbiased': 50.208, 'test/diff': 2.746, 'test/acc_skew': 50.767, 'test/acc_align': 49.649}
[1 / 20] best valid accuracy: 50.227 at epoch 1 
 best_stats: {'best_valid_epoch': 1, 'best_valid_valid/acc': 53.038, 'best_valid_valid/acc_unbiased': 50.227, 'best_valid_valid/diff': 2.375, 'best_valid_valid/acc_skew': 50.635, 'best_valid_valid/acc_align': 49.819, 'best_valid_test/acc': 51.857, 'best_valid_test/acc_unbiased': 50.208, 'best_valid_test/diff': 2.746, 'best_valid_test/acc_skew': 50.767, 'best_valid_test/acc_align': 49.649}
[1 / 20] best test accuracy: 50.208 at epoch 1 
 best_stats: {'best_test_epoch': 1, 'best_test_valid/acc': 53.038, 'best_test_valid/acc_unbiased': 50.227, 'best_test_valid/diff': 2.375, 'best_test_valid/acc_skew': 50.635, 'best_test_valid/acc_align': 49.819, 'best_test_test/acc': 51.857, 'best_test_test/acc_unbiased': 50.208, 'best_test_test/diff': 2.746, 'best_test_test/acc_skew': 50.767, 'best_test_test/acc_align': 49.649}
[2 / 20] Learning rate: 0.001 weight: 0.01
[2 / 20] Loss: 0.006495513437235227 CE Loss: 0.6495513580739498 Con Loss: 0.0
[2 / 20] tensor([[0.659, 0.614],
        [0.517, 0.636]]) {'epoch': 2, 'valid/acc': 61.646, 'valid/acc_unbiased': 61.086, 'valid/diff': 4.305, 'valid/acc_skew': 59.839, 'valid/acc_align': 62.332, 'test/acc': 61.224, 'test/acc_unbiased': 60.681, 'test/diff': 8.183, 'test/acc_skew': 58.841, 'test/acc_align': 62.522}
[2 / 20] best valid accuracy: 61.086 at epoch 2 
 best_stats: {'best_valid_epoch': 2, 'best_valid_valid/acc': 61.646, 'best_valid_valid/acc_unbiased': 61.086, 'best_valid_valid/diff': 4.305, 'best_valid_valid/acc_skew': 59.839, 'best_valid_valid/acc_align': 62.332, 'best_valid_test/acc': 61.224, 'best_valid_test/acc_unbiased': 60.681, 'best_valid_test/diff': 8.183, 'best_valid_test/acc_skew': 58.841, 'best_valid_test/acc_align': 62.522}
[2 / 20] best test accuracy: 60.681 at epoch 2 
 best_stats: {'best_test_epoch': 2, 'best_test_valid/acc': 61.646, 'best_test_valid/acc_unbiased': 61.086, 'best_test_valid/diff': 4.305, 'best_test_valid/acc_skew': 59.839, 'best_test_valid/acc_align': 62.332, 'best_test_test/acc': 61.224, 'best_test_test/acc_unbiased': 60.681, 'best_test_test/diff': 8.183, 'best_test_test/acc_skew': 58.841, 'best_test_test/acc_align': 62.522}
[3 / 20] Learning rate: 0.001 weight: 0.01
[3 / 20] Loss: 0.008977459958539559 CE Loss: 0.8977460219309881 Con Loss: 0.0
[3 / 20] tensor([[0.989, 0.993],
        [0.000, 0.001]]) {'epoch': 3, 'valid/acc': 53.291, 'valid/acc_unbiased': 49.899, 'valid/diff': 0.346, 'valid/acc_skew': 50.009, 'valid/acc_align': 49.789, 'test/acc': 51.688, 'test/acc_unbiased': 49.584, 'test/diff': 0.243, 'test/acc_skew': 49.462, 'test/acc_align': 49.705}
[3 / 20] best valid accuracy: 61.086 at epoch 2 
 best_stats: {'best_valid_epoch': 2, 'best_valid_valid/acc': 61.646, 'best_valid_valid/acc_unbiased': 61.086, 'best_valid_valid/diff': 4.305, 'best_valid_valid/acc_skew': 59.839, 'best_valid_valid/acc_align': 62.332, 'best_valid_test/acc': 61.224, 'best_valid_test/acc_unbiased': 60.681, 'best_valid_test/diff': 8.183, 'best_valid_test/acc_skew': 58.841, 'best_valid_test/acc_align': 62.522}
[3 / 20] best test accuracy: 60.681 at epoch 2 
 best_stats: {'best_test_epoch': 2, 'best_test_valid/acc': 61.646, 'best_test_valid/acc_unbiased': 61.086, 'best_test_valid/diff': 4.305, 'best_test_valid/acc_skew': 59.839, 'best_test_valid/acc_align': 62.332, 'best_test_test/acc': 61.224, 'best_test_test/acc_unbiased': 60.681, 'best_test_test/diff': 8.183, 'best_test_test/acc_skew': 58.841, 'best_test_test/acc_align': 62.522}
[4 / 20] Learning rate: 0.001 weight: 0.01
[4 / 20] Loss: 0.00908309013511126 CE Loss: 0.9083090355763068 Con Loss: 0.0
[4 / 20] tensor([[0.932, 0.886],
        [0.123, 0.123]]) {'epoch': 4, 'valid/acc': 54.641, 'valid/acc_unbiased': 52.066, 'valid/diff': 2.56, 'valid/acc_skew': 52.809, 'valid/acc_align': 51.324, 'test/acc': 53.165, 'test/acc_unbiased': 51.622, 'test/diff': 2.284, 'test/acc_skew': 52.764, 'test/acc_align': 50.48}
[4 / 20] best valid accuracy: 61.086 at epoch 2 
 best_stats: {'best_valid_epoch': 2, 'best_valid_valid/acc': 61.646, 'best_valid_valid/acc_unbiased': 61.086, 'best_valid_valid/diff': 4.305, 'best_valid_valid/acc_skew': 59.839, 'best_valid_valid/acc_align': 62.332, 'best_valid_test/acc': 61.224, 'best_valid_test/acc_unbiased': 60.681, 'best_valid_test/diff': 8.183, 'best_valid_test/acc_skew': 58.841, 'best_valid_test/acc_align': 62.522}
[4 / 20] best test accuracy: 60.681 at epoch 2 
 best_stats: {'best_test_epoch': 2, 'best_test_valid/acc': 61.646, 'best_test_valid/acc_unbiased': 61.086, 'best_test_valid/diff': 4.305, 'best_test_valid/acc_skew': 59.839, 'best_test_valid/acc_align': 62.332, 'best_test_test/acc': 61.224, 'best_test_test/acc_unbiased': 60.681, 'best_test_test/diff': 8.183, 'best_test_test/acc_skew': 58.841, 'best_test_test/acc_align': 62.522}
[5 / 20] Learning rate: 0.001 weight: 0.01
[5 / 20] Loss: 0.007162259784168922 CE Loss: 0.7162259943210162 Con Loss: 0.0
[5 / 20] tensor([[0.061, 0.108],
        [0.929, 0.892]]) {'epoch': 5, 'valid/acc': 47.342, 'valid/acc_unbiased': 50.2, 'valid/diff': 2.76, 'valid/acc_skew': 49.944, 'valid/acc_align': 50.456, 'test/acc': 47.932, 'test/acc_unbiased': 49.722, 'test/diff': 4.197, 'test/acc_skew': 49.475, 'test/acc_align': 49.968}
[5 / 20] best valid accuracy: 61.086 at epoch 2 
 best_stats: {'best_valid_epoch': 2, 'best_valid_valid/acc': 61.646, 'best_valid_valid/acc_unbiased': 61.086, 'best_valid_valid/diff': 4.305, 'best_valid_valid/acc_skew': 59.839, 'best_valid_valid/acc_align': 62.332, 'best_valid_test/acc': 61.224, 'best_valid_test/acc_unbiased': 60.681, 'best_valid_test/diff': 8.183, 'best_valid_test/acc_skew': 58.841, 'best_valid_test/acc_align': 62.522}
[5 / 20] best test accuracy: 60.681 at epoch 2 
 best_stats: {'best_test_epoch': 2, 'best_test_valid/acc': 61.646, 'best_test_valid/acc_unbiased': 61.086, 'best_test_valid/diff': 4.305, 'best_test_valid/acc_skew': 59.839, 'best_test_valid/acc_align': 62.332, 'best_test_test/acc': 61.224, 'best_test_test/acc_unbiased': 60.681, 'best_test_test/diff': 8.183, 'best_test_test/acc_skew': 58.841, 'best_test_test/acc_align': 62.522}
[6 / 20] Learning rate: 0.001 weight: 0.01
[6 / 20] Loss: 0.00878029947097485 CE Loss: 0.8780299665836188 Con Loss: 0.0
[6 / 20] tensor([[0.007, 0.016],
        [0.991, 0.991]]) {'epoch': 6, 'valid/acc': 47.131, 'valid/acc_unbiased': 50.533, 'valid/diff': 0.689, 'valid/acc_skew': 50.343, 'valid/acc_align': 50.722, 'test/acc': 48.101, 'test/acc_unbiased': 50.146, 'test/diff': 0.467, 'test/acc_skew': 49.926, 'test/acc_align': 50.367}
[6 / 20] best valid accuracy: 61.086 at epoch 2 
 best_stats: {'best_valid_epoch': 2, 'best_valid_valid/acc': 61.646, 'best_valid_valid/acc_unbiased': 61.086, 'best_valid_valid/diff': 4.305, 'best_valid_valid/acc_skew': 59.839, 'best_valid_valid/acc_align': 62.332, 'best_valid_test/acc': 61.224, 'best_valid_test/acc_unbiased': 60.681, 'best_valid_test/diff': 8.183, 'best_valid_test/acc_skew': 58.841, 'best_valid_test/acc_align': 62.522}
[6 / 20] best test accuracy: 60.681 at epoch 2 
 best_stats: {'best_test_epoch': 2, 'best_test_valid/acc': 61.646, 'best_test_valid/acc_unbiased': 61.086, 'best_test_valid/diff': 4.305, 'best_test_valid/acc_skew': 59.839, 'best_test_valid/acc_align': 62.332, 'best_test_test/acc': 61.224, 'best_test_test/acc_unbiased': 60.681, 'best_test_test/diff': 8.183, 'best_test_test/acc_skew': 58.841, 'best_test_test/acc_align': 62.522}
[7 / 20] Learning rate: 0.0001 weight: 0.01
[7 / 20] Loss: 0.007428753100192318 CE Loss: 0.7428753330157354 Con Loss: 0.0
[7 / 20] tensor([[0.054, 0.106],
        [0.942, 0.911]]) {'epoch': 7, 'valid/acc': 47.975, 'valid/acc_unbiased': 50.974, 'valid/diff': 5.078, 'valid/acc_skew': 50.814, 'valid/acc_align': 51.135, 'test/acc': 48.523, 'test/acc_unbiased': 50.313, 'test/diff': 4.165, 'test/acc_skew': 49.766, 'test/acc_align': 50.86}
[7 / 20] best valid accuracy: 61.086 at epoch 2 
 best_stats: {'best_valid_epoch': 2, 'best_valid_valid/acc': 61.646, 'best_valid_valid/acc_unbiased': 61.086, 'best_valid_valid/diff': 4.305, 'best_valid_valid/acc_skew': 59.839, 'best_valid_valid/acc_align': 62.332, 'best_valid_test/acc': 61.224, 'best_valid_test/acc_unbiased': 60.681, 'best_valid_test/diff': 8.183, 'best_valid_test/acc_skew': 58.841, 'best_valid_test/acc_align': 62.522}
[7 / 20] best test accuracy: 60.681 at epoch 2 
 best_stats: {'best_test_epoch': 2, 'best_test_valid/acc': 61.646, 'best_test_valid/acc_unbiased': 61.086, 'best_test_valid/diff': 4.305, 'best_test_valid/acc_skew': 59.839, 'best_test_valid/acc_align': 62.332, 'best_test_test/acc': 61.224, 'best_test_test/acc_unbiased': 60.681, 'best_test_test/diff': 8.183, 'best_test_test/acc_skew': 58.841, 'best_test_test/acc_align': 62.522}
[8 / 20] Learning rate: 0.0001 weight: 0.01
[8 / 20] Loss: 0.007269918506678481 CE Loss: 0.7269918666436122 Con Loss: 0.0
[8 / 20] tensor([[0.109, 0.199],
        [0.887, 0.814]]) {'epoch': 8, 'valid/acc': 48.27, 'valid/acc_unbiased': 50.753, 'valid/diff': 6.853, 'valid/acc_skew': 50.228, 'valid/acc_align': 51.277, 'test/acc': 48.692, 'test/acc_unbiased': 50.261, 'test/diff': 8.164, 'test/acc_skew': 49.838, 'test/acc_align': 50.684}
[8 / 20] best valid accuracy: 61.086 at epoch 2 
 best_stats: {'best_valid_epoch': 2, 'best_valid_valid/acc': 61.646, 'best_valid_valid/acc_unbiased': 61.086, 'best_valid_valid/diff': 4.305, 'best_valid_valid/acc_skew': 59.839, 'best_valid_valid/acc_align': 62.332, 'best_valid_test/acc': 61.224, 'best_valid_test/acc_unbiased': 60.681, 'best_valid_test/diff': 8.183, 'best_valid_test/acc_skew': 58.841, 'best_valid_test/acc_align': 62.522}
[8 / 20] best test accuracy: 60.681 at epoch 2 
 best_stats: {'best_test_epoch': 2, 'best_test_valid/acc': 61.646, 'best_test_valid/acc_unbiased': 61.086, 'best_test_valid/diff': 4.305, 'best_test_valid/acc_skew': 59.839, 'best_test_valid/acc_align': 62.332, 'best_test_test/acc': 61.224, 'best_test_test/acc_unbiased': 60.681, 'best_test_test/diff': 8.183, 'best_test_test/acc_skew': 58.841, 'best_test_test/acc_align': 62.522}
[9 / 20] Learning rate: 0.0001 weight: 0.01
[9 / 20] Loss: 0.007160434033721685 CE Loss: 0.7160434264403123 Con Loss: 0.0
[9 / 20] tensor([[0.672, 0.669],
        [0.409, 0.441]]) {'epoch': 9, 'valid/acc': 58.101, 'valid/acc_unbiased': 57.178, 'valid/diff': 1.45, 'valid/acc_skew': 56.453, 'valid/acc_align': 57.903, 'test/acc': 55.443, 'test/acc_unbiased': 54.789, 'test/diff': 1.757, 'test/acc_skew': 54.057, 'test/acc_align': 55.522}
[9 / 20] best valid accuracy: 61.086 at epoch 2 
 best_stats: {'best_valid_epoch': 2, 'best_valid_valid/acc': 61.646, 'best_valid_valid/acc_unbiased': 61.086, 'best_valid_valid/diff': 4.305, 'best_valid_valid/acc_skew': 59.839, 'best_valid_valid/acc_align': 62.332, 'best_valid_test/acc': 61.224, 'best_valid_test/acc_unbiased': 60.681, 'best_valid_test/diff': 8.183, 'best_valid_test/acc_skew': 58.841, 'best_valid_test/acc_align': 62.522}
[9 / 20] best test accuracy: 60.681 at epoch 2 
 best_stats: {'best_test_epoch': 2, 'best_test_valid/acc': 61.646, 'best_test_valid/acc_unbiased': 61.086, 'best_test_valid/diff': 4.305, 'best_test_valid/acc_skew': 59.839, 'best_test_valid/acc_align': 62.332, 'best_test_test/acc': 61.224, 'best_test_test/acc_unbiased': 60.681, 'best_test_test/diff': 8.183, 'best_test_test/acc_skew': 58.841, 'best_test_test/acc_align': 62.522}
[10 / 20] Learning rate: 0.0001 weight: 0.01
[10 / 20] Loss: 0.006661022126746292 CE Loss: 0.666102225963886 Con Loss: 0.0
[10 / 20] tensor([[0.176, 0.275],
        [0.844, 0.782]]) {'epoch': 10, 'valid/acc': 50.633, 'valid/acc_unbiased': 52.693, 'valid/diff': 6.491, 'valid/acc_skew': 52.328, 'valid/acc_align': 53.057, 'test/acc': 50.633, 'test/acc_unbiased': 51.902, 'test/diff': 8.085, 'test/acc_skew': 50.989, 'test/acc_align': 52.816}
[10 / 20] best valid accuracy: 61.086 at epoch 2 
 best_stats: {'best_valid_epoch': 2, 'best_valid_valid/acc': 61.646, 'best_valid_valid/acc_unbiased': 61.086, 'best_valid_valid/diff': 4.305, 'best_valid_valid/acc_skew': 59.839, 'best_valid_valid/acc_align': 62.332, 'best_valid_test/acc': 61.224, 'best_valid_test/acc_unbiased': 60.681, 'best_valid_test/diff': 8.183, 'best_valid_test/acc_skew': 58.841, 'best_valid_test/acc_align': 62.522}
[10 / 20] best test accuracy: 60.681 at epoch 2 
 best_stats: {'best_test_epoch': 2, 'best_test_valid/acc': 61.646, 'best_test_valid/acc_unbiased': 61.086, 'best_test_valid/diff': 4.305, 'best_test_valid/acc_skew': 59.839, 'best_test_valid/acc_align': 62.332, 'best_test_test/acc': 61.224, 'best_test_test/acc_unbiased': 60.681, 'best_test_test/diff': 8.183, 'best_test_test/acc_skew': 58.841, 'best_test_test/acc_align': 62.522}
[11 / 20] Learning rate: 0.0001 weight: 0.01
[11 / 20] Loss: 0.007116810221654864 CE Loss: 0.7116810341293995 Con Loss: 0.0
[11 / 20] tensor([[0.124, 0.198],
        [0.887, 0.850]]) {'epoch': 11, 'valid/acc': 49.198, 'valid/acc_unbiased': 51.674, 'valid/diff': 5.156, 'valid/acc_skew': 51.133, 'valid/acc_align': 52.214, 'test/acc': 50.0, 'test/acc_unbiased': 51.474, 'test/diff': 5.59, 'test/acc_skew': 50.555, 'test/acc_align': 52.393}
[11 / 20] best valid accuracy: 61.086 at epoch 2 
 best_stats: {'best_valid_epoch': 2, 'best_valid_valid/acc': 61.646, 'best_valid_valid/acc_unbiased': 61.086, 'best_valid_valid/diff': 4.305, 'best_valid_valid/acc_skew': 59.839, 'best_valid_valid/acc_align': 62.332, 'best_valid_test/acc': 61.224, 'best_valid_test/acc_unbiased': 60.681, 'best_valid_test/diff': 8.183, 'best_valid_test/acc_skew': 58.841, 'best_valid_test/acc_align': 62.522}
[11 / 20] best test accuracy: 60.681 at epoch 2 
 best_stats: {'best_test_epoch': 2, 'best_test_valid/acc': 61.646, 'best_test_valid/acc_unbiased': 61.086, 'best_test_valid/diff': 4.305, 'best_test_valid/acc_skew': 59.839, 'best_test_valid/acc_align': 62.332, 'best_test_test/acc': 61.224, 'best_test_test/acc_unbiased': 60.681, 'best_test_test/diff': 8.183, 'best_test_test/acc_skew': 58.841, 'best_test_test/acc_align': 62.522}
[12 / 20] Learning rate: 0.0001 weight: 0.01
[12 / 20] Loss: 0.00689516940082495 CE Loss: 0.6895169592820681 Con Loss: 0.0
[12 / 20] tensor([[0.029, 0.064],
        [0.974, 0.969]]) {'epoch': 12, 'valid/acc': 47.215, 'valid/acc_unbiased': 50.434, 'valid/diff': 2.061, 'valid/acc_skew': 49.935, 'valid/acc_align': 50.933, 'test/acc': 48.987, 'test/acc_unbiased': 50.875, 'test/diff': 2.004, 'test/acc_skew': 50.135, 'test/acc_align': 51.616}
[12 / 20] best valid accuracy: 61.086 at epoch 2 
 best_stats: {'best_valid_epoch': 2, 'best_valid_valid/acc': 61.646, 'best_valid_valid/acc_unbiased': 61.086, 'best_valid_valid/diff': 4.305, 'best_valid_valid/acc_skew': 59.839, 'best_valid_valid/acc_align': 62.332, 'best_valid_test/acc': 61.224, 'best_valid_test/acc_unbiased': 60.681, 'best_valid_test/diff': 8.183, 'best_valid_test/acc_skew': 58.841, 'best_valid_test/acc_align': 62.522}
[12 / 20] best test accuracy: 60.681 at epoch 2 
 best_stats: {'best_test_epoch': 2, 'best_test_valid/acc': 61.646, 'best_test_valid/acc_unbiased': 61.086, 'best_test_valid/diff': 4.305, 'best_test_valid/acc_skew': 59.839, 'best_test_valid/acc_align': 62.332, 'best_test_test/acc': 61.224, 'best_test_test/acc_unbiased': 60.681, 'best_test_test/diff': 8.183, 'best_test_test/acc_skew': 58.841, 'best_test_test/acc_align': 62.522}
[13 / 20] Learning rate: 0.0001 weight: 0.01
[13 / 20] Loss: 0.007182500826624723 CE Loss: 0.7182500981367551 Con Loss: 0.0
[13 / 20] tensor([[0.118, 0.148],
        [0.916, 0.909]]) {'epoch': 13, 'valid/acc': 49.409, 'valid/acc_unbiased': 52.231, 'valid/diff': 1.693, 'valid/acc_skew': 52.76, 'valid/acc_align': 51.703, 'test/acc': 50.675, 'test/acc_unbiased': 52.273, 'test/diff': 1.783, 'test/acc_skew': 51.693, 'test/acc_align': 52.854}
[13 / 20] best valid accuracy: 61.086 at epoch 2 
 best_stats: {'best_valid_epoch': 2, 'best_valid_valid/acc': 61.646, 'best_valid_valid/acc_unbiased': 61.086, 'best_valid_valid/diff': 4.305, 'best_valid_valid/acc_skew': 59.839, 'best_valid_valid/acc_align': 62.332, 'best_valid_test/acc': 61.224, 'best_valid_test/acc_unbiased': 60.681, 'best_valid_test/diff': 8.183, 'best_valid_test/acc_skew': 58.841, 'best_valid_test/acc_align': 62.522}
[13 / 20] best test accuracy: 60.681 at epoch 2 
 best_stats: {'best_test_epoch': 2, 'best_test_valid/acc': 61.646, 'best_test_valid/acc_unbiased': 61.086, 'best_test_valid/diff': 4.305, 'best_test_valid/acc_skew': 59.839, 'best_test_valid/acc_align': 62.332, 'best_test_test/acc': 61.224, 'best_test_test/acc_unbiased': 60.681, 'best_test_test/diff': 8.183, 'best_test_test/acc_skew': 58.841, 'best_test_test/acc_align': 62.522}
[14 / 20] Learning rate: 1e-05 weight: 0.01
[14 / 20] Loss: 0.007228703417170506 CE Loss: 0.7228703613464649 Con Loss: 0.0
[14 / 20] tensor([[0.222, 0.285],
        [0.840, 0.801]]) {'epoch': 14, 'valid/acc': 50.127, 'valid/acc_unbiased': 52.166, 'valid/diff': 1.253, 'valid/acc_skew': 52.793, 'valid/acc_align': 51.539, 'test/acc': 52.489, 'test/acc_unbiased': 53.701, 'test/diff': 5.09, 'test/acc_skew': 53.102, 'test/acc_align': 54.299}
[14 / 20] best valid accuracy: 61.086 at epoch 2 
 best_stats: {'best_valid_epoch': 2, 'best_valid_valid/acc': 61.646, 'best_valid_valid/acc_unbiased': 61.086, 'best_valid_valid/diff': 4.305, 'best_valid_valid/acc_skew': 59.839, 'best_valid_valid/acc_align': 62.332, 'best_valid_test/acc': 61.224, 'best_valid_test/acc_unbiased': 60.681, 'best_valid_test/diff': 8.183, 'best_valid_test/acc_skew': 58.841, 'best_valid_test/acc_align': 62.522}
[14 / 20] best test accuracy: 60.681 at epoch 2 
 best_stats: {'best_test_epoch': 2, 'best_test_valid/acc': 61.646, 'best_test_valid/acc_unbiased': 61.086, 'best_test_valid/diff': 4.305, 'best_test_valid/acc_skew': 59.839, 'best_test_valid/acc_align': 62.332, 'best_test_test/acc': 61.224, 'best_test_test/acc_unbiased': 60.681, 'best_test_test/diff': 8.183, 'best_test_test/acc_skew': 58.841, 'best_test_test/acc_align': 62.522}
[15 / 20] Learning rate: 1e-05 weight: 0.01
[15 / 20] Loss: 0.0068665346345649315 CE Loss: 0.6866534833724682 Con Loss: 0.0
[15 / 20] tensor([[0.229, 0.300],
        [0.825, 0.790]]) {'epoch': 15, 'valid/acc': 51.055, 'valid/acc_unbiased': 53.028, 'valid/diff': 2.391, 'valid/acc_skew': 53.355, 'valid/acc_align': 52.7, 'test/acc': 52.489, 'test/acc_unbiased': 53.61, 'test/diff': 5.232, 'test/acc_skew': 52.703, 'test/acc_align': 54.517}
[15 / 20] best valid accuracy: 61.086 at epoch 2 
 best_stats: {'best_valid_epoch': 2, 'best_valid_valid/acc': 61.646, 'best_valid_valid/acc_unbiased': 61.086, 'best_valid_valid/diff': 4.305, 'best_valid_valid/acc_skew': 59.839, 'best_valid_valid/acc_align': 62.332, 'best_valid_test/acc': 61.224, 'best_valid_test/acc_unbiased': 60.681, 'best_valid_test/diff': 8.183, 'best_valid_test/acc_skew': 58.841, 'best_valid_test/acc_align': 62.522}
[15 / 20] best test accuracy: 60.681 at epoch 2 
 best_stats: {'best_test_epoch': 2, 'best_test_valid/acc': 61.646, 'best_test_valid/acc_unbiased': 61.086, 'best_test_valid/diff': 4.305, 'best_test_valid/acc_skew': 59.839, 'best_test_valid/acc_align': 62.332, 'best_test_test/acc': 61.224, 'best_test_test/acc_unbiased': 60.681, 'best_test_test/diff': 8.183, 'best_test_test/acc_skew': 58.841, 'best_test_test/acc_align': 62.522}
[16 / 20] Learning rate: 1e-05 weight: 0.01
[16 / 20] Loss: 0.00684028288994271 CE Loss: 0.6840283022477076 Con Loss: 0.0
[16 / 20] tensor([[0.147, 0.189],
        [0.907, 0.878]]) {'epoch': 16, 'valid/acc': 49.367, 'valid/acc_unbiased': 51.997, 'valid/diff': 2.241, 'valid/acc_skew': 51.899, 'valid/acc_align': 52.094, 'test/acc': 51.477, 'test/acc_unbiased': 53.028, 'test/diff': 3.544, 'test/acc_skew': 52.694, 'test/acc_align': 53.361}
[16 / 20] best valid accuracy: 61.086 at epoch 2 
 best_stats: {'best_valid_epoch': 2, 'best_valid_valid/acc': 61.646, 'best_valid_valid/acc_unbiased': 61.086, 'best_valid_valid/diff': 4.305, 'best_valid_valid/acc_skew': 59.839, 'best_valid_valid/acc_align': 62.332, 'best_valid_test/acc': 61.224, 'best_valid_test/acc_unbiased': 60.681, 'best_valid_test/diff': 8.183, 'best_valid_test/acc_skew': 58.841, 'best_valid_test/acc_align': 62.522}
[16 / 20] best test accuracy: 60.681 at epoch 2 
 best_stats: {'best_test_epoch': 2, 'best_test_valid/acc': 61.646, 'best_test_valid/acc_unbiased': 61.086, 'best_test_valid/diff': 4.305, 'best_test_valid/acc_skew': 59.839, 'best_test_valid/acc_align': 62.332, 'best_test_test/acc': 61.224, 'best_test_test/acc_unbiased': 60.681, 'best_test_test/diff': 8.183, 'best_test_test/acc_skew': 58.841, 'best_test_test/acc_align': 62.522}
[17 / 20] Learning rate: 1e-05 weight: 0.01
[17 / 20] Loss: 0.006718156913008828 CE Loss: 0.6718157048408802 Con Loss: 0.0
[17 / 20] tensor([[0.129, 0.164],
        [0.916, 0.899]]) {'epoch': 17, 'valid/acc': 49.494, 'valid/acc_unbiased': 52.208, 'valid/diff': 1.304, 'valid/acc_skew': 52.275, 'valid/acc_align': 52.141, 'test/acc': 51.097, 'test/acc_unbiased': 52.688, 'test/diff': 2.578, 'test/acc_skew': 52.231, 'test/acc_align': 53.146}
[17 / 20] best valid accuracy: 61.086 at epoch 2 
 best_stats: {'best_valid_epoch': 2, 'best_valid_valid/acc': 61.646, 'best_valid_valid/acc_unbiased': 61.086, 'best_valid_valid/diff': 4.305, 'best_valid_valid/acc_skew': 59.839, 'best_valid_valid/acc_align': 62.332, 'best_valid_test/acc': 61.224, 'best_valid_test/acc_unbiased': 60.681, 'best_valid_test/diff': 8.183, 'best_valid_test/acc_skew': 58.841, 'best_valid_test/acc_align': 62.522}
[17 / 20] best test accuracy: 60.681 at epoch 2 
 best_stats: {'best_test_epoch': 2, 'best_test_valid/acc': 61.646, 'best_test_valid/acc_unbiased': 61.086, 'best_test_valid/diff': 4.305, 'best_test_valid/acc_skew': 59.839, 'best_test_valid/acc_align': 62.332, 'best_test_test/acc': 61.224, 'best_test_test/acc_unbiased': 60.681, 'best_test_test/diff': 8.183, 'best_test_test/acc_skew': 58.841, 'best_test_test/acc_align': 62.522}
[18 / 20] Learning rate: 1e-05 weight: 0.01
[18 / 20] Loss: 0.007234518201305316 CE Loss: 0.7234518344585712 Con Loss: 0.0
[18 / 20] tensor([[0.115, 0.139],
        [0.926, 0.912]]) {'epoch': 18, 'valid/acc': 49.409, 'valid/acc_unbiased': 52.23, 'valid/diff': 1.841, 'valid/acc_skew': 52.207, 'valid/acc_align': 52.253, 'test/acc': 50.633, 'test/acc_unbiased': 52.307, 'test/diff': 1.911, 'test/acc_skew': 52.055, 'test/acc_align': 52.559}
[18 / 20] best valid accuracy: 61.086 at epoch 2 
 best_stats: {'best_valid_epoch': 2, 'best_valid_valid/acc': 61.646, 'best_valid_valid/acc_unbiased': 61.086, 'best_valid_valid/diff': 4.305, 'best_valid_valid/acc_skew': 59.839, 'best_valid_valid/acc_align': 62.332, 'best_valid_test/acc': 61.224, 'best_valid_test/acc_unbiased': 60.681, 'best_valid_test/diff': 8.183, 'best_valid_test/acc_skew': 58.841, 'best_valid_test/acc_align': 62.522}
[18 / 20] best test accuracy: 60.681 at epoch 2 
 best_stats: {'best_test_epoch': 2, 'best_test_valid/acc': 61.646, 'best_test_valid/acc_unbiased': 61.086, 'best_test_valid/diff': 4.305, 'best_test_valid/acc_skew': 59.839, 'best_test_valid/acc_align': 62.332, 'best_test_test/acc': 61.224, 'best_test_test/acc_unbiased': 60.681, 'best_test_test/diff': 8.183, 'best_test_test/acc_skew': 58.841, 'best_test_test/acc_align': 62.522}
[19 / 20] Learning rate: 1e-05 weight: 0.01
[19 / 20] Loss: 0.006643208030324716 CE Loss: 0.6643208104830521 Con Loss: 0.0
[19 / 20] tensor([[0.129, 0.164],
        [0.911, 0.905]]) {'epoch': 19, 'valid/acc': 49.958, 'valid/acc_unbiased': 52.758, 'valid/diff': 1.735, 'valid/acc_skew': 53.298, 'valid/acc_align': 52.219, 'test/acc': 51.181, 'test/acc_unbiased': 52.729, 'test/diff': 2.064, 'test/acc_skew': 52.014, 'test/acc_align': 53.443}
[19 / 20] best valid accuracy: 61.086 at epoch 2 
 best_stats: {'best_valid_epoch': 2, 'best_valid_valid/acc': 61.646, 'best_valid_valid/acc_unbiased': 61.086, 'best_valid_valid/diff': 4.305, 'best_valid_valid/acc_skew': 59.839, 'best_valid_valid/acc_align': 62.332, 'best_valid_test/acc': 61.224, 'best_valid_test/acc_unbiased': 60.681, 'best_valid_test/diff': 8.183, 'best_valid_test/acc_skew': 58.841, 'best_valid_test/acc_align': 62.522}
[19 / 20] best test accuracy: 60.681 at epoch 2 
 best_stats: {'best_test_epoch': 2, 'best_test_valid/acc': 61.646, 'best_test_valid/acc_unbiased': 61.086, 'best_test_valid/diff': 4.305, 'best_test_valid/acc_skew': 59.839, 'best_test_valid/acc_align': 62.332, 'best_test_test/acc': 61.224, 'best_test_test/acc_unbiased': 60.681, 'best_test_test/diff': 8.183, 'best_test_test/acc_skew': 58.841, 'best_test_test/acc_align': 62.522}
[20 / 20] Learning rate: 1e-05 weight: 0.01
[20 / 20] Loss: 0.006722028188120861 CE Loss: 0.6722028324237237 Con Loss: 0.0
[20 / 20] tensor([[0.104, 0.137],
        [0.933, 0.917]]) {'epoch': 20, 'valid/acc': 49.916, 'valid/acc_unbiased': 52.794, 'valid/diff': 2.025, 'valid/acc_skew': 52.949, 'valid/acc_align': 52.64, 'test/acc': 50.591, 'test/acc_unbiased': 52.275, 'test/diff': 2.477, 'test/acc_skew': 51.842, 'test/acc_align': 52.708}
[20 / 20] best valid accuracy: 61.086 at epoch 2 
 best_stats: {'best_valid_epoch': 2, 'best_valid_valid/acc': 61.646, 'best_valid_valid/acc_unbiased': 61.086, 'best_valid_valid/diff': 4.305, 'best_valid_valid/acc_skew': 59.839, 'best_valid_valid/acc_align': 62.332, 'best_valid_test/acc': 61.224, 'best_valid_test/acc_unbiased': 60.681, 'best_valid_test/diff': 8.183, 'best_valid_test/acc_skew': 58.841, 'best_valid_test/acc_align': 62.522}
[20 / 20] best test accuracy: 60.681 at epoch 2 
 best_stats: {'best_test_epoch': 2, 'best_test_valid/acc': 61.646, 'best_test_valid/acc_unbiased': 61.086, 'best_test_valid/diff': 4.305, 'best_test_valid/acc_skew': 59.839, 'best_test_valid/acc_align': 62.332, 'best_test_test/acc': 61.224, 'best_test_test/acc_unbiased': 60.681, 'best_test_test/diff': 8.183, 'best_test_test/acc_skew': 58.841, 'best_test_test/acc_align': 62.522}
Total training time: 0:04:52
