Log level set to: INFO
Set seed: 1
=======> Using Fixed Random Seed: 1 <========
save_path: exp_results/bc-bb0-utk_face_age-rand1-0.9-lr0.001-bs128-cbs64-w0.01-ratio10-aug1-seed1
get_utk_face - split: train, aug: False, given_y: True, ratio: 0
use existing biased_utk_face from data/utk_face/pickles/biased_utk_face-target_gender-bias_age-0.9
Distribution Before Sampling: 
===================================
Binary Labels Distribution: 
Binary Target 0
---------------------------
Target 0: [8237, 147]
Target 1: [823, 1477]
Binary Target 1
---------------------------
Target 0: [8237, 147]
Target 1: [823, 1477]
===================================
Normal Label Distribution: 
Target 0: [8237, 147]
Target 1: [823, 1477]
===================================
Distribution After Sampling: 
===================================
Binary Labels Distribution: 
Binary Target 0
---------------------------
Target 0: [8237, 147]
Target 1: [823, 1477]
Binary Target 1
---------------------------
Target 0: [8237, 147]
Target 1: [823, 1477]
===================================
Normal Label Distribution: 
Target 0: [8237, 147]
Target 1: [823, 1477]
===================================
Use BiasedUTKFace - target_attr: gender
BiasedUTKFace -- total: 10684, target_attr: gender, bias_attr: age bias_rate: 0.9
['[train] target_0-bias_0: 8237', '[train] target_0-bias_1: 147', '[train] target_1-bias_0: 823', '[train] target_1-bias_1: 1477']
confusion_matrix - 
 original: tensor([[8237.,  823.],
        [ 147., 1477.]]), 
 normalized: tensor([[0.909, 0.091],
        [0.091, 0.909]]), 
 b|y: tensor([[0.982, 0.018],
        [0.358, 0.642]])
get_utk_face - split: train, aug: 1, given_y: True, ratio: 10
use existing biased_utk_face from data/utk_face/pickles/biased_utk_face-target_gender-bias_age-0.9
Distribution Before Sampling: 
===================================
Binary Labels Distribution: 
Binary Target 0
---------------------------
Target 0: [8237, 147]
Target 1: [823, 1477]
Binary Target 1
---------------------------
Target 0: [8237, 147]
Target 1: [823, 1477]
===================================
Normal Label Distribution: 
Target 0: [8237, 147]
Target 1: [823, 1477]
===================================
Distribution After Sampling: 
===================================
Binary Labels Distribution: 
Binary Target 0
---------------------------
Target 0: [8237, 147]
Target 1: [823, 1477]
Binary Target 1
---------------------------
Target 0: [8237, 147]
Target 1: [823, 1477]
===================================
Normal Label Distribution: 
Target 0: [8237, 147]
Target 1: [823, 1477]
===================================
Use BiasedUTKFace - target_attr: gender
BiasedUTKFace -- total: 10684, target_attr: gender, bias_attr: age bias_rate: 0.9
['[train] target_0-bias_0: 8237', '[train] target_0-bias_1: 147', '[train] target_1-bias_0: 823', '[train] target_1-bias_1: 1477']
get_utk_face - split: valid, aug: False, given_y: True, ratio: 0
use existing biased_utk_face from data/utk_face/pickles/biased_utk_face-target_gender-bias_age-0.9
Distribution Before Sampling: 
===================================
Binary Labels Distribution: 
Binary Target 0
---------------------------
Target 0: [1030, 195]
Target 1: [841, 202]
Binary Target 1
---------------------------
Target 0: [1030, 195]
Target 1: [841, 202]
===================================
Normal Label Distribution: 
Target 0: [1030, 195]
Target 1: [841, 202]
===================================
Use BiasedUTKFace - target_attr: gender
BiasedUTKFace -- total: 2268, target_attr: gender, bias_attr: age bias_rate: 0.9
['[valid] target_0-bias_0: 1030', '[valid] target_0-bias_1: 195', '[valid] target_1-bias_0: 841', '[valid] target_1-bias_1: 202']
get_utk_face - split: test, aug: False, given_y: True, ratio: 0
use existing biased_utk_face from data/utk_face/pickles/biased_utk_face-target_gender-bias_age-0.9
Distribution Before Sampling: 
===================================
Binary Labels Distribution: 
Binary Target 0
---------------------------
Target 0: [1061, 176]
Target 1: [867, 165]
Binary Target 1
---------------------------
Target 0: [1061, 176]
Target 1: [867, 165]
===================================
Normal Label Distribution: 
Target 0: [1061, 176]
Target 1: [867, 165]
===================================
Use BiasedUTKFace - target_attr: gender
BiasedUTKFace -- total: 2269, target_attr: gender, bias_attr: age bias_rate: 0.9
['[test] target_0-bias_0: 1061', '[test] target_0-bias_1: 176', '[test] target_1-bias_0: 867', '[test] target_1-bias_1: 165']
decay_epochs: [6, 13]
[1 / 20] Learning rate: 0.001 weight: 0.01
[1 / 20] Loss: 4.783506417176287 CE Loss: 0.5691208395896356 Con Loss: 4.777815214304923
[1 / 20] tensor([[0.995, 1.000],
        [0.170, 0.073]]) {'epoch': 1, 'valid/acc': 60.802, 'valid/acc_unbiased': 56.926, 'valid/diff': 1.53, 'valid/acc_skew': 57.019, 'valid/acc_align': 56.834, 'test/acc': 61.305, 'test/acc_unbiased': 55.939, 'test/diff': 5.077, 'test/acc_skew': 58.478, 'test/acc_align': 53.401}
[1 / 20] best valid accuracy: 56.926 at epoch 1 
 best_stats: {'best_valid_epoch': 1, 'best_valid_valid/acc': 60.802, 'best_valid_valid/acc_unbiased': 56.926, 'best_valid_valid/diff': 1.53, 'best_valid_valid/acc_skew': 57.019, 'best_valid_valid/acc_align': 56.834, 'best_valid_test/acc': 61.305, 'best_valid_test/acc_unbiased': 55.939, 'best_valid_test/diff': 5.077, 'best_valid_test/acc_skew': 58.478, 'best_valid_test/acc_align': 53.401}
[1 / 20] best test accuracy: 55.939 at epoch 1 
 best_stats: {'best_test_epoch': 1, 'best_test_valid/acc': 60.802, 'best_test_valid/acc_unbiased': 56.926, 'best_test_valid/diff': 1.53, 'best_test_valid/acc_skew': 57.019, 'best_test_valid/acc_align': 56.834, 'best_test_test/acc': 61.305, 'best_test_test/acc_unbiased': 55.939, 'best_test_test/diff': 5.077, 'best_test_test/acc_skew': 58.478, 'best_test_test/acc_align': 53.401}
[2 / 20] Learning rate: 0.001 weight: 0.01
[2 / 20] Loss: 4.581820637043474 CE Loss: 0.5225155422500973 Con Loss: 4.576595467424982
[2 / 20] tensor([[0.976, 0.983],
        [0.428, 0.236]]) {'epoch': 2, 'valid/acc': 69.974, 'valid/acc_unbiased': 64.916, 'valid/diff': 8.776, 'valid/acc_skew': 67.475, 'valid/acc_align': 62.357, 'test/acc': 71.353, 'test/acc_unbiased': 65.592, 'test/diff': 9.903, 'test/acc_skew': 70.543, 'test/acc_align': 60.64}
[2 / 20] best valid accuracy: 64.916 at epoch 2 
 best_stats: {'best_valid_epoch': 2, 'best_valid_valid/acc': 69.974, 'best_valid_valid/acc_unbiased': 64.916, 'best_valid_valid/diff': 8.776, 'best_valid_valid/acc_skew': 67.475, 'best_valid_valid/acc_align': 62.357, 'best_valid_test/acc': 71.353, 'best_valid_test/acc_unbiased': 65.592, 'best_valid_test/diff': 9.903, 'best_valid_test/acc_skew': 70.543, 'best_valid_test/acc_align': 60.64}
[2 / 20] best test accuracy: 65.592 at epoch 2 
 best_stats: {'best_test_epoch': 2, 'best_test_valid/acc': 69.974, 'best_test_valid/acc_unbiased': 64.916, 'best_test_valid/diff': 8.776, 'best_test_valid/acc_skew': 67.475, 'best_test_valid/acc_align': 62.357, 'best_test_test/acc': 71.353, 'best_test_test/acc_unbiased': 65.592, 'best_test_test/diff': 9.903, 'best_test_test/acc_skew': 70.543, 'best_test_test/acc_align': 60.64}
[3 / 20] Learning rate: 0.001 weight: 0.01
[3 / 20] Loss: 4.467739093263512 CE Loss: 0.5037890708611638 Con Loss: 4.462701210498988
[3 / 20] tensor([[0.842, 0.670],
        [0.788, 0.624]]) {'epoch': 3, 'valid/acc': 78.792, 'valid/acc_unbiased': 73.943, 'valid/diff': 13.945, 'valid/acc_skew': 71.149, 'valid/acc_align': 76.736, 'test/acc': 79.198, 'test/acc_unbiased': 73.103, 'test/diff': 16.737, 'test/acc_skew': 72.911, 'test/acc_align': 73.295}
[3 / 20] best valid accuracy: 73.943 at epoch 3 
 best_stats: {'best_valid_epoch': 3, 'best_valid_valid/acc': 78.792, 'best_valid_valid/acc_unbiased': 73.943, 'best_valid_valid/diff': 13.945, 'best_valid_valid/acc_skew': 71.149, 'best_valid_valid/acc_align': 76.736, 'best_valid_test/acc': 79.198, 'best_valid_test/acc_unbiased': 73.103, 'best_valid_test/diff': 16.737, 'best_valid_test/acc_skew': 72.911, 'best_valid_test/acc_align': 73.295}
[3 / 20] best test accuracy: 73.103 at epoch 3 
 best_stats: {'best_test_epoch': 3, 'best_test_valid/acc': 78.792, 'best_test_valid/acc_unbiased': 73.943, 'best_test_valid/diff': 13.945, 'best_test_valid/acc_skew': 71.149, 'best_test_valid/acc_align': 76.736, 'best_test_test/acc': 79.198, 'best_test_test/acc_unbiased': 73.103, 'best_test_test/diff': 16.737, 'best_test_test/acc_skew': 72.911, 'best_test_test/acc_align': 73.295}
[4 / 20] Learning rate: 0.001 weight: 0.01
[4 / 20] Loss: 4.497988270445737 CE Loss: 0.4855447707105692 Con Loss: 4.493132802262729
[4 / 20] tensor([[0.983, 0.960],
        [0.429, 0.255]]) {'epoch': 4, 'valid/acc': 70.723, 'valid/acc_unbiased': 65.741, 'valid/diff': 8.322, 'valid/acc_skew': 69.092, 'valid/acc_align': 62.391, 'test/acc': 71.662, 'test/acc_unbiased': 65.672, 'test/diff': 9.866, 'test/acc_skew': 69.465, 'test/acc_align': 61.879}
[4 / 20] best valid accuracy: 73.943 at epoch 3 
 best_stats: {'best_valid_epoch': 3, 'best_valid_valid/acc': 78.792, 'best_valid_valid/acc_unbiased': 73.943, 'best_valid_valid/diff': 13.945, 'best_valid_valid/acc_skew': 71.149, 'best_valid_valid/acc_align': 76.736, 'best_valid_test/acc': 79.198, 'best_valid_test/acc_unbiased': 73.103, 'best_valid_test/diff': 16.737, 'best_valid_test/acc_skew': 72.911, 'best_valid_test/acc_align': 73.295}
[4 / 20] best test accuracy: 73.103 at epoch 3 
 best_stats: {'best_test_epoch': 3, 'best_test_valid/acc': 78.792, 'best_test_valid/acc_unbiased': 73.943, 'best_test_valid/diff': 13.945, 'best_test_valid/acc_skew': 71.149, 'best_test_valid/acc_align': 76.736, 'best_test_test/acc': 79.198, 'best_test_test/acc_unbiased': 73.103, 'best_test_test/diff': 16.737, 'best_test_test/acc_skew': 72.911, 'best_test_test/acc_align': 73.295}
[5 / 20] Learning rate: 0.001 weight: 0.01
[5 / 20] Loss: 4.492978829562731 CE Loss: 0.46348909458521376 Con Loss: 4.488343954711137
[5 / 20] tensor([[0.972, 0.841],
        [0.594, 0.515]]) {'epoch': 5, 'valid/acc': 75.705, 'valid/acc_unbiased': 69.56, 'valid/diff': 13.735, 'valid/acc_skew': 65.576, 'valid/acc_align': 73.544, 'test/acc': 78.405, 'test/acc_unbiased': 73.045, 'test/diff': 10.483, 'test/acc_skew': 71.746, 'test/acc_align': 74.344}
[5 / 20] best valid accuracy: 73.943 at epoch 3 
 best_stats: {'best_valid_epoch': 3, 'best_valid_valid/acc': 78.792, 'best_valid_valid/acc_unbiased': 73.943, 'best_valid_valid/diff': 13.945, 'best_valid_valid/acc_skew': 71.149, 'best_valid_valid/acc_align': 76.736, 'best_valid_test/acc': 79.198, 'best_valid_test/acc_unbiased': 73.103, 'best_valid_test/diff': 16.737, 'best_valid_test/acc_skew': 72.911, 'best_valid_test/acc_align': 73.295}
[5 / 20] best test accuracy: 73.103 at epoch 3 
 best_stats: {'best_test_epoch': 3, 'best_test_valid/acc': 78.792, 'best_test_valid/acc_unbiased': 73.943, 'best_test_valid/diff': 13.945, 'best_test_valid/acc_skew': 71.149, 'best_test_valid/acc_align': 76.736, 'best_test_test/acc': 79.198, 'best_test_test/acc_unbiased': 73.103, 'best_test_test/diff': 16.737, 'best_test_test/acc_skew': 72.911, 'best_test_test/acc_align': 73.295}
[6 / 20] Learning rate: 0.001 weight: 0.01
[6 / 20] Loss: 4.433081747574201 CE Loss: 0.4410807374308324 Con Loss: 4.4286709556593875
[6 / 20] tensor([[0.946, 0.903],
        [0.642, 0.364]]) {'epoch': 6, 'valid/acc': 76.499, 'valid/acc_unbiased': 70.326, 'valid/diff': 14.823, 'valid/acc_skew': 74.364, 'valid/acc_align': 66.288, 'test/acc': 78.449, 'test/acc_unbiased': 71.394, 'test/diff': 16.084, 'test/acc_skew': 77.293, 'test/acc_align': 65.496}
[6 / 20] best valid accuracy: 73.943 at epoch 3 
 best_stats: {'best_valid_epoch': 3, 'best_valid_valid/acc': 78.792, 'best_valid_valid/acc_unbiased': 73.943, 'best_valid_valid/diff': 13.945, 'best_valid_valid/acc_skew': 71.149, 'best_valid_valid/acc_align': 76.736, 'best_valid_test/acc': 79.198, 'best_valid_test/acc_unbiased': 73.103, 'best_valid_test/diff': 16.737, 'best_valid_test/acc_skew': 72.911, 'best_valid_test/acc_align': 73.295}
[6 / 20] best test accuracy: 73.103 at epoch 3 
 best_stats: {'best_test_epoch': 3, 'best_test_valid/acc': 78.792, 'best_test_valid/acc_unbiased': 73.943, 'best_test_valid/diff': 13.945, 'best_test_valid/acc_skew': 71.149, 'best_test_valid/acc_align': 76.736, 'best_test_test/acc': 79.198, 'best_test_test/acc_unbiased': 73.103, 'best_test_test/diff': 16.737, 'best_test_test/acc_skew': 72.911, 'best_test_test/acc_align': 73.295}
[7 / 20] Learning rate: 0.0001 weight: 0.01
[7 / 20] Loss: 4.429039691637983 CE Loss: 0.4288686013141405 Con Loss: 4.424751009667959
[7 / 20] tensor([[0.967, 0.818],
        [0.660, 0.600]]) {'epoch': 7, 'valid/acc': 79.277, 'valid/acc_unbiased': 73.621, 'valid/diff': 13.441, 'valid/acc_skew': 69.975, 'valid/acc_align': 77.266, 'test/acc': 81.137, 'test/acc_unbiased': 76.124, 'test/diff': 10.429, 'test/acc_skew': 73.896, 'test/acc_align': 78.351}
[7 / 20] best valid accuracy: 73.943 at epoch 3 
 best_stats: {'best_valid_epoch': 3, 'best_valid_valid/acc': 78.792, 'best_valid_valid/acc_unbiased': 73.943, 'best_valid_valid/diff': 13.945, 'best_valid_valid/acc_skew': 71.149, 'best_valid_valid/acc_align': 76.736, 'best_valid_test/acc': 79.198, 'best_valid_test/acc_unbiased': 73.103, 'best_valid_test/diff': 16.737, 'best_valid_test/acc_skew': 72.911, 'best_valid_test/acc_align': 73.295}
[7 / 20] best test accuracy: 76.124 at epoch 7 
 best_stats: {'best_test_epoch': 7, 'best_test_valid/acc': 79.277, 'best_test_valid/acc_unbiased': 73.621, 'best_test_valid/diff': 13.441, 'best_test_valid/acc_skew': 69.975, 'best_test_valid/acc_align': 77.266, 'best_test_test/acc': 81.137, 'best_test_test/acc_unbiased': 76.124, 'best_test_test/diff': 10.429, 'best_test_test/acc_skew': 73.896, 'best_test_test/acc_align': 78.351}
[8 / 20] Learning rate: 0.0001 weight: 0.01
[8 / 20] Loss: 4.347882644463371 CE Loss: 0.41112683021098384 Con Loss: 4.343771360198106
[8 / 20] tensor([[0.974, 0.778],
        [0.648, 0.624]]) {'epoch': 8, 'valid/acc': 79.277, 'valid/acc_unbiased': 72.958, 'valid/diff': 15.263, 'valid/acc_skew': 67.173, 'valid/acc_align': 78.742, 'test/acc': 80.873, 'test/acc_unbiased': 75.612, 'test/diff': 10.959, 'test/acc_skew': 71.331, 'test/acc_align': 79.893}
[8 / 20] best valid accuracy: 73.943 at epoch 3 
 best_stats: {'best_valid_epoch': 3, 'best_valid_valid/acc': 78.792, 'best_valid_valid/acc_unbiased': 73.943, 'best_valid_valid/diff': 13.945, 'best_valid_valid/acc_skew': 71.149, 'best_valid_valid/acc_align': 76.736, 'best_valid_test/acc': 79.198, 'best_valid_test/acc_unbiased': 73.103, 'best_valid_test/diff': 16.737, 'best_valid_test/acc_skew': 72.911, 'best_valid_test/acc_align': 73.295}
[8 / 20] best test accuracy: 76.124 at epoch 7 
 best_stats: {'best_test_epoch': 7, 'best_test_valid/acc': 79.277, 'best_test_valid/acc_unbiased': 73.621, 'best_test_valid/diff': 13.441, 'best_test_valid/acc_skew': 69.975, 'best_test_valid/acc_align': 77.266, 'best_test_test/acc': 81.137, 'best_test_test/acc_unbiased': 76.124, 'best_test_test/diff': 10.429, 'best_test_test/acc_skew': 73.896, 'best_test_test/acc_align': 78.351}
[9 / 20] Learning rate: 0.0001 weight: 0.01
[9 / 20] Loss: 4.3410019206893615 CE Loss: 0.3969150146309779 Con Loss: 4.337032764781865
[9 / 20] tensor([[0.975, 0.773],
        [0.644, 0.630]]) {'epoch': 9, 'valid/acc': 78.924, 'valid/acc_unbiased': 72.613, 'valid/diff': 15.033, 'valid/acc_skew': 67.032, 'valid/acc_align': 78.193, 'test/acc': 80.784, 'test/acc_unbiased': 75.553, 'test/diff': 10.803, 'test/acc_skew': 70.816, 'test/acc_align': 80.29}
[9 / 20] best valid accuracy: 73.943 at epoch 3 
 best_stats: {'best_valid_epoch': 3, 'best_valid_valid/acc': 78.792, 'best_valid_valid/acc_unbiased': 73.943, 'best_valid_valid/diff': 13.945, 'best_valid_valid/acc_skew': 71.149, 'best_valid_valid/acc_align': 76.736, 'best_valid_test/acc': 79.198, 'best_valid_test/acc_unbiased': 73.103, 'best_valid_test/diff': 16.737, 'best_valid_test/acc_skew': 72.911, 'best_valid_test/acc_align': 73.295}
[9 / 20] best test accuracy: 76.124 at epoch 7 
 best_stats: {'best_test_epoch': 7, 'best_test_valid/acc': 79.277, 'best_test_valid/acc_unbiased': 73.621, 'best_test_valid/diff': 13.441, 'best_test_valid/acc_skew': 69.975, 'best_test_valid/acc_align': 77.266, 'best_test_test/acc': 81.137, 'best_test_test/acc_unbiased': 76.124, 'best_test_test/diff': 10.429, 'best_test_test/acc_skew': 73.896, 'best_test_test/acc_align': 78.351}
[10 / 20] Learning rate: 0.0001 weight: 0.01
[10 / 20] Loss: 4.265077356183542 CE Loss: 0.3857119224996256 Con Loss: 4.261220230765219
[10 / 20] tensor([[0.976, 0.733],
        [0.638, 0.667]]) {'epoch': 10, 'valid/acc': 78.748, 'valid/acc_unbiased': 72.306, 'valid/diff': 19.191, 'valid/acc_skew': 62.71, 'valid/acc_align': 81.901, 'test/acc': 80.564, 'test/acc_unbiased': 75.347, 'test/diff': 13.616, 'test/acc_skew': 68.539, 'test/acc_align': 82.155}
[10 / 20] best valid accuracy: 73.943 at epoch 3 
 best_stats: {'best_valid_epoch': 3, 'best_valid_valid/acc': 78.792, 'best_valid_valid/acc_unbiased': 73.943, 'best_valid_valid/diff': 13.945, 'best_valid_valid/acc_skew': 71.149, 'best_valid_valid/acc_align': 76.736, 'best_valid_test/acc': 79.198, 'best_valid_test/acc_unbiased': 73.103, 'best_valid_test/diff': 16.737, 'best_valid_test/acc_skew': 72.911, 'best_valid_test/acc_align': 73.295}
[10 / 20] best test accuracy: 76.124 at epoch 7 
 best_stats: {'best_test_epoch': 7, 'best_test_valid/acc': 79.277, 'best_test_valid/acc_unbiased': 73.621, 'best_test_valid/diff': 13.441, 'best_test_valid/acc_skew': 69.975, 'best_test_valid/acc_align': 77.266, 'best_test_test/acc': 81.137, 'best_test_test/acc_unbiased': 76.124, 'best_test_test/diff': 10.429, 'best_test_test/acc_skew': 73.896, 'best_test_test/acc_align': 78.351}
[11 / 20] Learning rate: 0.0001 weight: 0.01
[11 / 20] Loss: 4.204636845861826 CE Loss: 0.3788658483382782 Con Loss: 4.200848187546924
[11 / 20] tensor([[0.972, 0.795],
        [0.684, 0.642]]) {'epoch': 11, 'valid/acc': 80.071, 'valid/acc_unbiased': 73.569, 'valid/diff': 16.061, 'valid/acc_skew': 67.158, 'valid/acc_align': 79.979, 'test/acc': 82.415, 'test/acc_unbiased': 77.339, 'test/diff': 10.891, 'test/acc_skew': 73.971, 'test/acc_align': 80.707}
[11 / 20] best valid accuracy: 73.943 at epoch 3 
 best_stats: {'best_valid_epoch': 3, 'best_valid_valid/acc': 78.792, 'best_valid_valid/acc_unbiased': 73.943, 'best_valid_valid/diff': 13.945, 'best_valid_valid/acc_skew': 71.149, 'best_valid_valid/acc_align': 76.736, 'best_valid_test/acc': 79.198, 'best_valid_test/acc_unbiased': 73.103, 'best_valid_test/diff': 16.737, 'best_valid_test/acc_skew': 72.911, 'best_valid_test/acc_align': 73.295}
[11 / 20] best test accuracy: 77.339 at epoch 11 
 best_stats: {'best_test_epoch': 11, 'best_test_valid/acc': 80.071, 'best_test_valid/acc_unbiased': 73.569, 'best_test_valid/diff': 16.061, 'best_test_valid/acc_skew': 67.158, 'best_test_valid/acc_align': 79.979, 'best_test_test/acc': 82.415, 'best_test_test/acc_unbiased': 77.339, 'best_test_test/diff': 10.891, 'best_test_test/acc_skew': 73.971, 'best_test_test/acc_align': 80.707}
[12 / 20] Learning rate: 0.0001 weight: 0.01
[12 / 20] Loss: 4.2556191477959455 CE Loss: 0.3709848744844239 Con Loss: 4.251909286330497
[12 / 20] tensor([[0.973, 0.750],
        [0.698, 0.655]]) {'epoch': 12, 'valid/acc': 80.467, 'valid/acc_unbiased': 73.336, 'valid/diff': 18.213, 'valid/acc_skew': 65.999, 'valid/acc_align': 80.673, 'test/acc': 82.724, 'test/acc_unbiased': 76.876, 'test/diff': 13.297, 'test/acc_skew': 72.39, 'test/acc_align': 81.361}
[12 / 20] best valid accuracy: 73.943 at epoch 3 
 best_stats: {'best_valid_epoch': 3, 'best_valid_valid/acc': 78.792, 'best_valid_valid/acc_unbiased': 73.943, 'best_valid_valid/diff': 13.945, 'best_valid_valid/acc_skew': 71.149, 'best_valid_valid/acc_align': 76.736, 'best_valid_test/acc': 79.198, 'best_valid_test/acc_unbiased': 73.103, 'best_valid_test/diff': 16.737, 'best_valid_test/acc_skew': 72.911, 'best_valid_test/acc_align': 73.295}
[12 / 20] best test accuracy: 77.339 at epoch 11 
 best_stats: {'best_test_epoch': 11, 'best_test_valid/acc': 80.071, 'best_test_valid/acc_unbiased': 73.569, 'best_test_valid/diff': 16.061, 'best_test_valid/acc_skew': 67.158, 'best_test_valid/acc_align': 79.979, 'best_test_test/acc': 82.415, 'best_test_test/acc_unbiased': 77.339, 'best_test_test/diff': 10.891, 'best_test_test/acc_skew': 73.971, 'best_test_test/acc_align': 80.707}
[13 / 20] Learning rate: 0.0001 weight: 0.01
[13 / 20] Loss: 4.233511712389553 CE Loss: 0.3546813690831982 Con Loss: 4.229964905399278
[13 / 20] tensor([[0.970, 0.750],
        [0.690, 0.679]]) {'epoch': 13, 'valid/acc': 81.041, 'valid/acc_unbiased': 73.779, 'valid/diff': 18.623, 'valid/acc_skew': 66.099, 'valid/acc_align': 81.46, 'test/acc': 82.459, 'test/acc_unbiased': 77.209, 'test/diff': 11.539, 'test/acc_skew': 71.987, 'test/acc_align': 82.431}
[13 / 20] best valid accuracy: 73.943 at epoch 3 
 best_stats: {'best_valid_epoch': 3, 'best_valid_valid/acc': 78.792, 'best_valid_valid/acc_unbiased': 73.943, 'best_valid_valid/diff': 13.945, 'best_valid_valid/acc_skew': 71.149, 'best_valid_valid/acc_align': 76.736, 'best_valid_test/acc': 79.198, 'best_valid_test/acc_unbiased': 73.103, 'best_valid_test/diff': 16.737, 'best_valid_test/acc_skew': 72.911, 'best_valid_test/acc_align': 73.295}
[13 / 20] best test accuracy: 77.339 at epoch 11 
 best_stats: {'best_test_epoch': 11, 'best_test_valid/acc': 80.071, 'best_test_valid/acc_unbiased': 73.569, 'best_test_valid/diff': 16.061, 'best_test_valid/acc_skew': 67.158, 'best_test_valid/acc_align': 79.979, 'best_test_test/acc': 82.415, 'best_test_test/acc_unbiased': 77.339, 'best_test_test/diff': 10.891, 'best_test_test/acc_skew': 73.971, 'best_test_test/acc_align': 80.707}
[14 / 20] Learning rate: 1e-05 weight: 0.01
[14 / 20] Loss: 4.187032203824276 CE Loss: 0.3572276201934593 Con Loss: 4.183459933533378
[14 / 20] tensor([[0.972, 0.693],
        [0.679, 0.709]]) {'epoch': 14, 'valid/acc': 80.511, 'valid/acc_unbiased': 73.006, 'valid/diff': 19.197, 'valid/acc_skew': 63.513, 'valid/acc_align': 82.498, 'test/acc': 81.93, 'test/acc_unbiased': 76.334, 'test/diff': 15.414, 'test/acc_skew': 68.627, 'test/acc_align': 84.041}
[14 / 20] best valid accuracy: 73.943 at epoch 3 
 best_stats: {'best_valid_epoch': 3, 'best_valid_valid/acc': 78.792, 'best_valid_valid/acc_unbiased': 73.943, 'best_valid_valid/diff': 13.945, 'best_valid_valid/acc_skew': 71.149, 'best_valid_valid/acc_align': 76.736, 'best_valid_test/acc': 79.198, 'best_valid_test/acc_unbiased': 73.103, 'best_valid_test/diff': 16.737, 'best_valid_test/acc_skew': 72.911, 'best_valid_test/acc_align': 73.295}
[14 / 20] best test accuracy: 77.339 at epoch 11 
 best_stats: {'best_test_epoch': 11, 'best_test_valid/acc': 80.071, 'best_test_valid/acc_unbiased': 73.569, 'best_test_valid/diff': 16.061, 'best_test_valid/acc_skew': 67.158, 'best_test_valid/acc_align': 79.979, 'best_test_test/acc': 82.415, 'best_test_test/acc_unbiased': 77.339, 'best_test_test/diff': 10.891, 'best_test_test/acc_skew': 73.971, 'best_test_test/acc_align': 80.707}
[15 / 20] Learning rate: 1e-05 weight: 0.01
[15 / 20] Loss: 4.154179202622128 CE Loss: 0.35624325132602075 Con Loss: 4.15061677256491
[15 / 20] tensor([[0.968, 0.642],
        [0.714, 0.764]]) {'epoch': 15, 'valid/acc': 81.305, 'valid/acc_unbiased': 73.335, 'valid/diff': 21.801, 'valid/acc_skew': 62.435, 'valid/acc_align': 84.236, 'test/acc': 83.076, 'test/acc_unbiased': 77.19, 'test/diff': 18.779, 'test/acc_skew': 67.8, 'test/acc_align': 86.58}
[15 / 20] best valid accuracy: 73.943 at epoch 3 
 best_stats: {'best_valid_epoch': 3, 'best_valid_valid/acc': 78.792, 'best_valid_valid/acc_unbiased': 73.943, 'best_valid_valid/diff': 13.945, 'best_valid_valid/acc_skew': 71.149, 'best_valid_valid/acc_align': 76.736, 'best_valid_test/acc': 79.198, 'best_valid_test/acc_unbiased': 73.103, 'best_valid_test/diff': 16.737, 'best_valid_test/acc_skew': 72.911, 'best_valid_test/acc_align': 73.295}
[15 / 20] best test accuracy: 77.339 at epoch 11 
 best_stats: {'best_test_epoch': 11, 'best_test_valid/acc': 80.071, 'best_test_valid/acc_unbiased': 73.569, 'best_test_valid/diff': 16.061, 'best_test_valid/acc_skew': 67.158, 'best_test_valid/acc_align': 79.979, 'best_test_test/acc': 82.415, 'best_test_test/acc_unbiased': 77.339, 'best_test_test/diff': 10.891, 'best_test_test/acc_skew': 73.971, 'best_test_test/acc_align': 80.707}
[16 / 20] Learning rate: 1e-05 weight: 0.01
[16 / 20] Loss: 4.115909294526883 CE Loss: 0.3501134454445284 Con Loss: 4.112408170803617
[16 / 20] tensor([[0.968, 0.659],
        [0.727, 0.745]]) {'epoch': 16, 'valid/acc': 81.393, 'valid/acc_unbiased': 73.615, 'valid/diff': 21.252, 'valid/acc_skew': 62.989, 'valid/acc_align': 84.241, 'test/acc': 83.561, 'test/acc_unbiased': 77.479, 'test/diff': 16.384, 'test/acc_skew': 69.287, 'test/acc_align': 85.67}
[16 / 20] best valid accuracy: 73.943 at epoch 3 
 best_stats: {'best_valid_epoch': 3, 'best_valid_valid/acc': 78.792, 'best_valid_valid/acc_unbiased': 73.943, 'best_valid_valid/diff': 13.945, 'best_valid_valid/acc_skew': 71.149, 'best_valid_valid/acc_align': 76.736, 'best_valid_test/acc': 79.198, 'best_valid_test/acc_unbiased': 73.103, 'best_valid_test/diff': 16.737, 'best_valid_test/acc_skew': 72.911, 'best_valid_test/acc_align': 73.295}
[16 / 20] best test accuracy: 77.479 at epoch 16 
 best_stats: {'best_test_epoch': 16, 'best_test_valid/acc': 81.393, 'best_test_valid/acc_unbiased': 73.615, 'best_test_valid/diff': 21.252, 'best_test_valid/acc_skew': 62.989, 'best_test_valid/acc_align': 84.241, 'best_test_test/acc': 83.561, 'best_test_test/acc_unbiased': 77.479, 'best_test_test/diff': 16.384, 'best_test_test/acc_skew': 69.287, 'best_test_test/acc_align': 85.67}
[17 / 20] Learning rate: 1e-05 weight: 0.01
[17 / 20] Loss: 4.138416035351169 CE Loss: 0.35078987836257564 Con Loss: 4.134908145485367
[17 / 20] tensor([[0.969, 0.682],
        [0.706, 0.739]]) {'epoch': 17, 'valid/acc': 81.349, 'valid/acc_unbiased': 74.04, 'valid/diff': 21.478, 'valid/acc_skew': 63.301, 'valid/acc_align': 84.779, 'test/acc': 82.944, 'test/acc_unbiased': 77.4, 'test/diff': 16.03, 'test/acc_skew': 69.385, 'test/acc_align': 85.415}
[17 / 20] best valid accuracy: 74.040 at epoch 17 
 best_stats: {'best_valid_epoch': 17, 'best_valid_valid/acc': 81.349, 'best_valid_valid/acc_unbiased': 74.04, 'best_valid_valid/diff': 21.478, 'best_valid_valid/acc_skew': 63.301, 'best_valid_valid/acc_align': 84.779, 'best_valid_test/acc': 82.944, 'best_valid_test/acc_unbiased': 77.4, 'best_valid_test/diff': 16.03, 'best_valid_test/acc_skew': 69.385, 'best_valid_test/acc_align': 85.415}
[17 / 20] best test accuracy: 77.479 at epoch 16 
 best_stats: {'best_test_epoch': 16, 'best_test_valid/acc': 81.393, 'best_test_valid/acc_unbiased': 73.615, 'best_test_valid/diff': 21.252, 'best_test_valid/acc_skew': 62.989, 'best_test_valid/acc_align': 84.241, 'best_test_test/acc': 83.561, 'best_test_test/acc_unbiased': 77.479, 'best_test_test/diff': 16.384, 'best_test_test/acc_skew': 69.287, 'best_test_test/acc_align': 85.67}
[18 / 20] Learning rate: 1e-05 weight: 0.01
[18 / 20] Loss: 4.137431268788419 CE Loss: 0.34630125027968617 Con Loss: 4.1339682743639505
[18 / 20] tensor([[0.972, 0.705],
        [0.701, 0.721]]) {'epoch': 18, 'valid/acc': 80.688, 'valid/acc_unbiased': 73.226, 'valid/diff': 19.738, 'valid/acc_skew': 63.357, 'valid/acc_align': 83.095, 'test/acc': 82.944, 'test/acc_unbiased': 77.469, 'test/diff': 14.356, 'test/acc_skew': 70.291, 'test/acc_align': 84.647}
[18 / 20] best valid accuracy: 74.040 at epoch 17 
 best_stats: {'best_valid_epoch': 17, 'best_valid_valid/acc': 81.349, 'best_valid_valid/acc_unbiased': 74.04, 'best_valid_valid/diff': 21.478, 'best_valid_valid/acc_skew': 63.301, 'best_valid_valid/acc_align': 84.779, 'best_valid_test/acc': 82.944, 'best_valid_test/acc_unbiased': 77.4, 'best_valid_test/diff': 16.03, 'best_valid_test/acc_skew': 69.385, 'best_valid_test/acc_align': 85.415}
[18 / 20] best test accuracy: 77.479 at epoch 16 
 best_stats: {'best_test_epoch': 16, 'best_test_valid/acc': 81.393, 'best_test_valid/acc_unbiased': 73.615, 'best_test_valid/diff': 21.252, 'best_test_valid/acc_skew': 62.989, 'best_test_valid/acc_align': 84.241, 'best_test_test/acc': 83.561, 'best_test_test/acc_unbiased': 77.479, 'best_test_test/diff': 16.384, 'best_test_test/acc_skew': 69.287, 'best_test_test/acc_align': 85.67}
[19 / 20] Learning rate: 1e-05 weight: 0.01
[19 / 20] Loss: 4.169639823767898 CE Loss: 0.3494296521562086 Con Loss: 4.166145532865821
[19 / 20] tensor([[0.968, 0.642],
        [0.717, 0.782]]) {'epoch': 19, 'valid/acc': 81.261, 'valid/acc_unbiased': 73.303, 'valid/diff': 23.156, 'valid/acc_skew': 61.725, 'valid/acc_align': 84.881, 'test/acc': 83.341, 'test/acc_unbiased': 77.731, 'test/diff': 19.516, 'test/acc_skew': 67.973, 'test/acc_align': 87.489}
[19 / 20] best valid accuracy: 74.040 at epoch 17 
 best_stats: {'best_valid_epoch': 17, 'best_valid_valid/acc': 81.349, 'best_valid_valid/acc_unbiased': 74.04, 'best_valid_valid/diff': 21.478, 'best_valid_valid/acc_skew': 63.301, 'best_valid_valid/acc_align': 84.779, 'best_valid_test/acc': 82.944, 'best_valid_test/acc_unbiased': 77.4, 'best_valid_test/diff': 16.03, 'best_valid_test/acc_skew': 69.385, 'best_valid_test/acc_align': 85.415}
[19 / 20] best test accuracy: 77.731 at epoch 19 
 best_stats: {'best_test_epoch': 19, 'best_test_valid/acc': 81.261, 'best_test_valid/acc_unbiased': 73.303, 'best_test_valid/diff': 23.156, 'best_test_valid/acc_skew': 61.725, 'best_test_valid/acc_align': 84.881, 'best_test_test/acc': 83.341, 'best_test_test/acc_unbiased': 77.731, 'best_test_test/diff': 19.516, 'best_test_test/acc_skew': 67.973, 'best_test_test/acc_align': 87.489}
[20 / 20] Learning rate: 1e-05 weight: 0.01
[20 / 20] Loss: 4.172339908731247 CE Loss: 0.3393394522723166 Con Loss: 4.168946512001635
[20 / 20] tensor([[0.971, 0.648],
        [0.713, 0.794]]) {'epoch': 20, 'valid/acc': 81.129, 'valid/acc_unbiased': 73.198, 'valid/diff': 23.658, 'valid/acc_skew': 61.369, 'valid/acc_align': 85.027, 'test/acc': 83.429, 'test/acc_unbiased': 78.131, 'test/diff': 20.21, 'test/acc_skew': 68.027, 'test/acc_align': 88.236}
[20 / 20] best valid accuracy: 74.040 at epoch 17 
 best_stats: {'best_valid_epoch': 17, 'best_valid_valid/acc': 81.349, 'best_valid_valid/acc_unbiased': 74.04, 'best_valid_valid/diff': 21.478, 'best_valid_valid/acc_skew': 63.301, 'best_valid_valid/acc_align': 84.779, 'best_valid_test/acc': 82.944, 'best_valid_test/acc_unbiased': 77.4, 'best_valid_test/diff': 16.03, 'best_valid_test/acc_skew': 69.385, 'best_valid_test/acc_align': 85.415}
[20 / 20] best test accuracy: 78.131 at epoch 20 
 best_stats: {'best_test_epoch': 20, 'best_test_valid/acc': 81.129, 'best_test_valid/acc_unbiased': 73.198, 'best_test_valid/diff': 23.658, 'best_test_valid/acc_skew': 61.369, 'best_test_valid/acc_align': 85.027, 'best_test_test/acc': 83.429, 'best_test_test/acc_unbiased': 78.131, 'best_test_test/diff': 20.21, 'best_test_test/acc_skew': 68.027, 'best_test_test/acc_align': 88.236}
Total training time: 0:17:57
