Log level set to: INFO
Set seed: 1
=======> Using Fixed Random Seed: 1 <========
save_path: exp_results/bc-bb0-celeba_blonde-os_0.1-lr0.001-bs128-cbs64-w0.01-ratio30-aug1-seed1
get_celeba - split:train, aug: False, given_y: True, ratio: 0
use existing blonde indices from data/celeba/pickles/blonde
Distribution After Sampling: 
===================================
Binary Labels Distribution: 
Binary Target 0
---------------------------
Target 0: [5357, 5357]
Target 1: [5357, 5357]
Binary Target 1
---------------------------
Target 0: [5357, 5357]
Target 1: [5357, 5357]
===================================
Normal Label Distribution: 
Target 0: [5357, 5357]
Target 1: [5357, 5357]
===================================
Use BiasedCelebASplit 
 target_attr: blonde split: train 
 tensor([[5357., 5357.],
        [5357., 5357.]])
get_celeba - split:train, aug: 1, given_y: True, ratio: 30
use existing blonde indices from data/celeba/pickles/blonde
Distribution After Sampling: 
===================================
Binary Labels Distribution: 
Binary Target 0
---------------------------
Target 0: [5342, 5342]
Target 1: [5342, 5342]
Binary Target 1
---------------------------
Target 0: [5342, 5342]
Target 1: [5342, 5342]
===================================
Normal Label Distribution: 
Target 0: [5342, 5342]
Target 1: [5342, 5342]
===================================
Use BiasedCelebASplit 
 target_attr: blonde split: train 
 tensor([[5342., 5342.],
        [5342., 5342.]])
get_celeba - split:train_valid, aug: False, given_y: True, ratio: 0
use existing blonde indices from data/celeba/pickles/blonde
Use BiasedCelebASplit 
 target_attr: blonde split: train_valid 
 tensor([[  390.,  4598.],
        [13361.,   280.]])
get_celeba - split:valid, aug: False, given_y: True, ratio: 0
Use BiasedCelebASplit 
 target_attr: blonde split: valid 
 tensor([[8535., 2874.],
        [8276.,  182.]])
decay_epochs: [3, 6]
[1 / 10] Learning rate: 0.001 weight: 0.01
[1 / 10] Loss: 4.696782251069277 CE Loss: 0.31894472932913465 Con Loss: 4.693592791462069
[1 / 10] tensor([[0.809, 0.844],
        [0.965, 0.912]]) {'epoch': 1, 'valid/acc': 87.095, 'valid/acc_unbiased': 88.656, 'valid/diff': 2.551, 'valid/acc_skew': 89.524, 'valid/acc_align': 87.788, 'test/acc': 84.723, 'test/acc_unbiased': 88.258, 'test/diff': 4.358, 'test/acc_skew': 88.717, 'test/acc_align': 87.799}
[1 / 10] best valid accuracy: 88.656 at epoch 1 
 best_stats: {'best_valid_epoch': 1, 'best_valid_valid/acc': 87.095, 'best_valid_valid/acc_unbiased': 88.656, 'best_valid_valid/diff': 2.551, 'best_valid_valid/acc_skew': 89.524, 'best_valid_valid/acc_align': 87.788, 'best_valid_test/acc': 84.723, 'best_valid_test/acc_unbiased': 88.258, 'best_valid_test/diff': 4.358, 'best_valid_test/acc_skew': 88.717, 'best_valid_test/acc_align': 87.799}
[1 / 10] best test accuracy: 88.258 at epoch 1 
 best_stats: {'best_test_epoch': 1, 'best_test_valid/acc': 87.095, 'best_test_valid/acc_unbiased': 88.656, 'best_test_valid/diff': 2.551, 'best_test_valid/acc_skew': 89.524, 'best_test_valid/acc_align': 87.788, 'best_test_test/acc': 84.723, 'best_test_test/acc_unbiased': 88.258, 'best_test_test/diff': 4.358, 'best_test_test/acc_skew': 88.717, 'best_test_test/acc_align': 87.799}
[2 / 10] Learning rate: 0.001 weight: 0.01
[2 / 10] Loss: 4.637321864532761 CE Loss: 0.25396589035248607 Con Loss: 4.63478220365865
[2 / 10] tensor([[0.947, 0.964],
        [0.815, 0.742]]) {'epoch': 2, 'valid/acc': 91.572, 'valid/acc_unbiased': 85.786, 'valid/diff': 5.794, 'valid/acc_skew': 88.683, 'valid/acc_align': 82.889, 'test/acc': 93.316, 'test/acc_unbiased': 86.701, 'test/diff': 4.51, 'test/acc_skew': 88.12, 'test/acc_align': 85.281}
[2 / 10] best valid accuracy: 88.656 at epoch 1 
 best_stats: {'best_valid_epoch': 1, 'best_valid_valid/acc': 87.095, 'best_valid_valid/acc_unbiased': 88.656, 'best_valid_valid/diff': 2.551, 'best_valid_valid/acc_skew': 89.524, 'best_valid_valid/acc_align': 87.788, 'best_valid_test/acc': 84.723, 'best_valid_test/acc_unbiased': 88.258, 'best_valid_test/diff': 4.358, 'best_valid_test/acc_skew': 88.717, 'best_valid_test/acc_align': 87.799}
[2 / 10] best test accuracy: 88.258 at epoch 1 
 best_stats: {'best_test_epoch': 1, 'best_test_valid/acc': 87.095, 'best_test_valid/acc_unbiased': 88.656, 'best_test_valid/diff': 2.551, 'best_test_valid/acc_skew': 89.524, 'best_test_valid/acc_align': 87.788, 'best_test_test/acc': 84.723, 'best_test_test/acc_unbiased': 88.258, 'best_test_test/diff': 4.358, 'best_test_test/acc_skew': 88.717, 'best_test_test/acc_align': 87.799}
[3 / 10] Learning rate: 0.001 weight: 0.01
[3 / 10] Loss: 4.618159285316232 CE Loss: 0.23761437191310292 Con Loss: 4.615783149946397
[3 / 10] tensor([[0.933, 0.957],
        [0.834, 0.769]]) {'epoch': 3, 'valid/acc': 91.61, 'valid/acc_unbiased': 87.602, 'valid/diff': 6.142, 'valid/acc_skew': 90.673, 'valid/acc_align': 84.531, 'test/acc': 92.722, 'test/acc_unbiased': 87.339, 'test/diff': 4.446, 'test/acc_skew': 88.374, 'test/acc_align': 86.305}
[3 / 10] best valid accuracy: 88.656 at epoch 1 
 best_stats: {'best_valid_epoch': 1, 'best_valid_valid/acc': 87.095, 'best_valid_valid/acc_unbiased': 88.656, 'best_valid_valid/diff': 2.551, 'best_valid_valid/acc_skew': 89.524, 'best_valid_valid/acc_align': 87.788, 'best_valid_test/acc': 84.723, 'best_valid_test/acc_unbiased': 88.258, 'best_valid_test/diff': 4.358, 'best_valid_test/acc_skew': 88.717, 'best_valid_test/acc_align': 87.799}
[3 / 10] best test accuracy: 88.258 at epoch 1 
 best_stats: {'best_test_epoch': 1, 'best_test_valid/acc': 87.095, 'best_test_valid/acc_unbiased': 88.656, 'best_test_valid/diff': 2.551, 'best_test_valid/acc_skew': 89.524, 'best_test_valid/acc_align': 87.788, 'best_test_test/acc': 84.723, 'best_test_test/acc_unbiased': 88.258, 'best_test_test/diff': 4.358, 'best_test_test/acc_skew': 88.717, 'best_test_test/acc_align': 87.799}
[4 / 10] Learning rate: 0.0001 weight: 0.01
[4 / 10] Loss: 4.552771824474808 CE Loss: 0.2090627294835569 Con Loss: 4.550681203297766
[4 / 10] tensor([[0.884, 0.944],
        [0.946, 0.901]]) {'epoch': 4, 'valid/acc': 93.456, 'valid/acc_unbiased': 92.352, 'valid/diff': 4.257, 'valid/acc_skew': 94.48, 'valid/acc_align': 90.223, 'test/acc': 91.821, 'test/acc_unbiased': 91.889, 'test/diff': 5.268, 'test/acc_skew': 91.521, 'test/acc_align': 92.258}
[4 / 10] best valid accuracy: 92.352 at epoch 4 
 best_stats: {'best_valid_epoch': 4, 'best_valid_valid/acc': 93.456, 'best_valid_valid/acc_unbiased': 92.352, 'best_valid_valid/diff': 4.257, 'best_valid_valid/acc_skew': 94.48, 'best_valid_valid/acc_align': 90.223, 'best_valid_test/acc': 91.821, 'best_valid_test/acc_unbiased': 91.889, 'best_valid_test/diff': 5.268, 'best_valid_test/acc_skew': 91.521, 'best_valid_test/acc_align': 92.258}
[4 / 10] best test accuracy: 91.889 at epoch 4 
 best_stats: {'best_test_epoch': 4, 'best_test_valid/acc': 93.456, 'best_test_valid/acc_unbiased': 92.352, 'best_test_valid/diff': 4.257, 'best_test_valid/acc_skew': 94.48, 'best_test_valid/acc_align': 90.223, 'best_test_test/acc': 91.821, 'best_test_test/acc_unbiased': 91.889, 'best_test_test/diff': 5.268, 'best_test_test/acc_skew': 91.521, 'best_test_test/acc_align': 92.258}
[5 / 10] Learning rate: 0.0001 weight: 0.01
[5 / 10] Loss: 4.552818371685713 CE Loss: 0.1994264780993846 Con Loss: 4.550824128582292
[5 / 10] tensor([[0.892, 0.942],
        [0.938, 0.912]]) {'epoch': 5, 'valid/acc': 93.446, 'valid/acc_unbiased': 92.37, 'valid/diff': 3.534, 'valid/acc_skew': 94.136, 'valid/acc_align': 90.603, 'test/acc': 91.997, 'test/acc_unbiased': 92.121, 'test/diff': 3.813, 'test/acc_skew': 91.514, 'test/acc_align': 92.729}
[5 / 10] best valid accuracy: 92.370 at epoch 5 
 best_stats: {'best_valid_epoch': 5, 'best_valid_valid/acc': 93.446, 'best_valid_valid/acc_unbiased': 92.37, 'best_valid_valid/diff': 3.534, 'best_valid_valid/acc_skew': 94.136, 'best_valid_valid/acc_align': 90.603, 'best_valid_test/acc': 91.997, 'best_valid_test/acc_unbiased': 92.121, 'best_valid_test/diff': 3.813, 'best_valid_test/acc_skew': 91.514, 'best_valid_test/acc_align': 92.729}
[5 / 10] best test accuracy: 92.121 at epoch 5 
 best_stats: {'best_test_epoch': 5, 'best_test_valid/acc': 93.446, 'best_test_valid/acc_unbiased': 92.37, 'best_test_valid/diff': 3.534, 'best_test_valid/acc_skew': 94.136, 'best_test_valid/acc_align': 90.603, 'best_test_test/acc': 91.997, 'best_test_test/acc_unbiased': 92.121, 'best_test_test/diff': 3.813, 'best_test_test/acc_skew': 91.514, 'best_test_test/acc_align': 92.729}
[6 / 10] Learning rate: 0.0001 weight: 0.01
[6 / 10] Loss: 4.522860866441241 CE Loss: 0.19502961734615423 Con Loss: 4.520910573980357
[6 / 10] tensor([[0.917, 0.959],
        [0.906, 0.841]]) {'epoch': 6, 'valid/acc': 93.719, 'valid/acc_unbiased': 91.909, 'valid/diff': 2.992, 'valid/acc_skew': 93.405, 'valid/acc_align': 90.413, 'test/acc': 93.2, 'test/acc_unbiased': 90.55, 'test/diff': 5.375, 'test/acc_skew': 91.114, 'test/acc_align': 89.985}
[6 / 10] best valid accuracy: 92.370 at epoch 5 
 best_stats: {'best_valid_epoch': 5, 'best_valid_valid/acc': 93.446, 'best_valid_valid/acc_unbiased': 92.37, 'best_valid_valid/diff': 3.534, 'best_valid_valid/acc_skew': 94.136, 'best_valid_valid/acc_align': 90.603, 'best_valid_test/acc': 91.997, 'best_valid_test/acc_unbiased': 92.121, 'best_valid_test/diff': 3.813, 'best_valid_test/acc_skew': 91.514, 'best_valid_test/acc_align': 92.729}
[6 / 10] best test accuracy: 92.121 at epoch 5 
 best_stats: {'best_test_epoch': 5, 'best_test_valid/acc': 93.446, 'best_test_valid/acc_unbiased': 92.37, 'best_test_valid/diff': 3.534, 'best_test_valid/acc_skew': 94.136, 'best_test_valid/acc_align': 90.603, 'best_test_test/acc': 91.997, 'best_test_test/acc_unbiased': 92.121, 'best_test_test/diff': 3.813, 'best_test_test/acc_skew': 91.514, 'best_test_test/acc_align': 92.729}
[7 / 10] Learning rate: 1e-05 weight: 0.01
[7 / 10] Loss: 4.5204843468957145 CE Loss: 0.19378424519998091 Con Loss: 4.5185464950157055
[7 / 10] tensor([[0.869, 0.938],
        [0.958, 0.923]]) {'epoch': 7, 'valid/acc': 93.451, 'valid/acc_unbiased': 92.88, 'valid/diff': 1.968, 'valid/acc_skew': 93.842, 'valid/acc_align': 91.918, 'test/acc': 91.111, 'test/acc_unbiased': 92.2, 'test/diff': 5.227, 'test/acc_skew': 91.328, 'test/acc_align': 93.073}
[7 / 10] best valid accuracy: 92.880 at epoch 7 
 best_stats: {'best_valid_epoch': 7, 'best_valid_valid/acc': 93.451, 'best_valid_valid/acc_unbiased': 92.88, 'best_valid_valid/diff': 1.968, 'best_valid_valid/acc_skew': 93.842, 'best_valid_valid/acc_align': 91.918, 'best_valid_test/acc': 91.111, 'best_valid_test/acc_unbiased': 92.2, 'best_valid_test/diff': 5.227, 'best_valid_test/acc_skew': 91.328, 'best_valid_test/acc_align': 93.073}
[7 / 10] best test accuracy: 92.200 at epoch 7 
 best_stats: {'best_test_epoch': 7, 'best_test_valid/acc': 93.451, 'best_test_valid/acc_unbiased': 92.88, 'best_test_valid/diff': 1.968, 'best_test_valid/acc_skew': 93.842, 'best_test_valid/acc_align': 91.918, 'best_test_test/acc': 91.111, 'best_test_test/acc_unbiased': 92.2, 'best_test_test/diff': 5.227, 'best_test_test/acc_skew': 91.328, 'best_test_test/acc_align': 93.073}
[8 / 10] Learning rate: 1e-05 weight: 0.01
[8 / 10] Loss: 4.499728812996923 CE Loss: 0.1908473970286099 Con Loss: 4.49782033035153
[8 / 10] tensor([[0.871, 0.939],
        [0.958, 0.929]]) {'epoch': 8, 'valid/acc': 93.338, 'valid/acc_unbiased': 93.503, 'valid/diff': 2.664, 'valid/acc_skew': 94.835, 'valid/acc_align': 92.17, 'test/acc': 91.232, 'test/acc_unbiased': 92.406, 'test/diff': 4.889, 'test/acc_skew': 91.427, 'test/acc_align': 93.384}
[8 / 10] best valid accuracy: 93.503 at epoch 8 
 best_stats: {'best_valid_epoch': 8, 'best_valid_valid/acc': 93.338, 'best_valid_valid/acc_unbiased': 93.503, 'best_valid_valid/diff': 2.664, 'best_valid_valid/acc_skew': 94.835, 'best_valid_valid/acc_align': 92.17, 'best_valid_test/acc': 91.232, 'best_valid_test/acc_unbiased': 92.406, 'best_valid_test/diff': 4.889, 'best_valid_test/acc_skew': 91.427, 'best_valid_test/acc_align': 93.384}
[8 / 10] best test accuracy: 92.406 at epoch 8 
 best_stats: {'best_test_epoch': 8, 'best_test_valid/acc': 93.338, 'best_test_valid/acc_unbiased': 93.503, 'best_test_valid/diff': 2.664, 'best_test_valid/acc_skew': 94.835, 'best_test_valid/acc_align': 92.17, 'best_test_test/acc': 91.232, 'best_test_test/acc_unbiased': 92.406, 'best_test_test/diff': 4.889, 'best_test_test/acc_skew': 91.427, 'best_test_test/acc_align': 93.384}
[9 / 10] Learning rate: 1e-05 weight: 0.01
[9 / 10] Loss: 4.508302606351567 CE Loss: 0.18739793227527576 Con Loss: 4.506428615313002
[9 / 10] tensor([[0.875, 0.940],
        [0.955, 0.929]]) {'epoch': 9, 'valid/acc': 93.44, 'valid/acc_unbiased': 93.513, 'valid/diff': 2.491, 'valid/acc_skew': 94.759, 'valid/acc_align': 92.268, 'test/acc': 91.418, 'test/acc_unbiased': 92.468, 'test/diff': 4.534, 'test/acc_skew': 91.528, 'test/acc_align': 93.408}
[9 / 10] best valid accuracy: 93.513 at epoch 9 
 best_stats: {'best_valid_epoch': 9, 'best_valid_valid/acc': 93.44, 'best_valid_valid/acc_unbiased': 93.513, 'best_valid_valid/diff': 2.491, 'best_valid_valid/acc_skew': 94.759, 'best_valid_valid/acc_align': 92.268, 'best_valid_test/acc': 91.418, 'best_valid_test/acc_unbiased': 92.468, 'best_valid_test/diff': 4.534, 'best_valid_test/acc_skew': 91.528, 'best_valid_test/acc_align': 93.408}
[9 / 10] best test accuracy: 92.468 at epoch 9 
 best_stats: {'best_test_epoch': 9, 'best_test_valid/acc': 93.44, 'best_test_valid/acc_unbiased': 93.513, 'best_test_valid/diff': 2.491, 'best_test_valid/acc_skew': 94.759, 'best_test_valid/acc_align': 92.268, 'best_test_test/acc': 91.418, 'best_test_test/acc_unbiased': 92.468, 'best_test_test/diff': 4.534, 'best_test_test/acc_skew': 91.528, 'best_test_test/acc_align': 93.408}
[10 / 10] Learning rate: 1e-05 weight: 0.01
[10 / 10] Loss: 4.50183470747198 CE Loss: 0.18541642690808643 Con Loss: 4.499980538421454
[10 / 10] tensor([[0.873, 0.940],
        [0.958, 0.929]]) {'epoch': 10, 'valid/acc': 93.392, 'valid/acc_unbiased': 93.415, 'valid/diff': 2.436, 'valid/acc_skew': 94.633, 'valid/acc_align': 92.197, 'test/acc': 91.342, 'test/acc_unbiased': 92.465, 'test/diff': 4.784, 'test/acc_skew': 91.521, 'test/acc_align': 93.408}
[10 / 10] best valid accuracy: 93.513 at epoch 9 
 best_stats: {'best_valid_epoch': 9, 'best_valid_valid/acc': 93.44, 'best_valid_valid/acc_unbiased': 93.513, 'best_valid_valid/diff': 2.491, 'best_valid_valid/acc_skew': 94.759, 'best_valid_valid/acc_align': 92.268, 'best_valid_test/acc': 91.418, 'best_valid_test/acc_unbiased': 92.468, 'best_valid_test/diff': 4.534, 'best_valid_test/acc_skew': 91.528, 'best_valid_test/acc_align': 93.408}
[10 / 10] best test accuracy: 92.468 at epoch 9 
 best_stats: {'best_test_epoch': 9, 'best_test_valid/acc': 93.44, 'best_test_valid/acc_unbiased': 93.513, 'best_test_valid/diff': 2.491, 'best_test_valid/acc_skew': 94.759, 'best_test_valid/acc_align': 92.268, 'best_test_test/acc': 91.418, 'best_test_test/acc_unbiased': 92.468, 'best_test_test/diff': 4.534, 'best_test_test/acc_skew': 91.528, 'best_test_test/acc_align': 93.408}
Total training time: 0:25:30
