Log level set to: INFO
Set seed: 3
=======> Using Fixed Random Seed: 3 <========
save_path: exp_results/ce-utk_face_age-crop-0.9-lr0.001-bs128-seed3
get_utk_face - split: train, aug: True, given_y: True, ratio: 0
use existing biased_utk_face from data/utk_face/pickles/biased_utk_face-target_gender-bias_age-0.9
Distribution Before Sampling: 
===================================
Binary Labels Distribution: 
Binary Target 0
---------------------------
Target 0: [8237, 147]
Target 1: [823, 1477]
Binary Target 1
---------------------------
Target 0: [8237, 147]
Target 1: [823, 1477]
===================================
Normal Label Distribution: 
Target 0: [8237, 147]
Target 1: [823, 1477]
===================================
Distribution After Sampling: 
===================================
Binary Labels Distribution: 
Binary Target 0
---------------------------
Target 0: [8237, 147]
Target 1: [823, 1477]
Binary Target 1
---------------------------
Target 0: [8237, 147]
Target 1: [823, 1477]
===================================
Normal Label Distribution: 
Target 0: [8237, 147]
Target 1: [823, 1477]
===================================
Use BiasedUTKFace - target_attr: gender
BiasedUTKFace -- total: 10684, target_attr: gender, bias_attr: age bias_rate: 0.9
['[train] target_0-bias_0: 8237', '[train] target_0-bias_1: 147', '[train] target_1-bias_0: 823', '[train] target_1-bias_1: 1477']
get_utk_face - split: valid, aug: False, given_y: True, ratio: 0
use existing biased_utk_face from data/utk_face/pickles/biased_utk_face-target_gender-bias_age-0.9
Distribution Before Sampling: 
===================================
Binary Labels Distribution: 
Binary Target 0
---------------------------
Target 0: [1030, 195]
Target 1: [841, 202]
Binary Target 1
---------------------------
Target 0: [1030, 195]
Target 1: [841, 202]
===================================
Normal Label Distribution: 
Target 0: [1030, 195]
Target 1: [841, 202]
===================================
Use BiasedUTKFace - target_attr: gender
BiasedUTKFace -- total: 2268, target_attr: gender, bias_attr: age bias_rate: 0.9
['[valid] target_0-bias_0: 1030', '[valid] target_0-bias_1: 195', '[valid] target_1-bias_0: 841', '[valid] target_1-bias_1: 202']
get_utk_face - split: test, aug: False, given_y: True, ratio: 0
use existing biased_utk_face from data/utk_face/pickles/biased_utk_face-target_gender-bias_age-0.9
Distribution Before Sampling: 
===================================
Binary Labels Distribution: 
Binary Target 0
---------------------------
Target 0: [1061, 176]
Target 1: [867, 165]
Binary Target 1
---------------------------
Target 0: [1061, 176]
Target 1: [867, 165]
===================================
Normal Label Distribution: 
Target 0: [1061, 176]
Target 1: [867, 165]
===================================
Use BiasedUTKFace - target_attr: gender
BiasedUTKFace -- total: 2269, target_attr: gender, bias_attr: age bias_rate: 0.9
['[test] target_0-bias_0: 1061', '[test] target_0-bias_1: 176', '[test] target_1-bias_0: 867', '[test] target_1-bias_1: 165']
decay_epochs: [6, 13]
[1 / 20] Learning rate: 0.001
[1 / 20] Loss: 0.3953
[1 / 20] tensor([[0.983, 0.483],
        [0.446, 0.770]]) {'epoch': 1, 'valid/acc': 70.988, 'valid/acc_unbiased': 65.682, 'valid/diff': 42.33, 'valid/acc_skew': 44.517, 'valid/acc_align': 86.847, 'test/acc': 72.367, 'test/acc_unbiased': 67.051, 'test/diff': 41.171, 'test/acc_skew': 46.466, 'test/acc_align': 87.637}
[1 / 20] best valid accuracy: 65.682 at epoch 1 
 best_stats: {'best_valid_epoch': 1, 'best_valid_valid/acc': 70.988, 'best_valid_valid/acc_unbiased': 65.682, 'best_valid_valid/diff': 42.33, 'best_valid_valid/acc_skew': 44.517, 'best_valid_valid/acc_align': 86.847, 'best_valid_test/acc': 72.367, 'best_valid_test/acc_unbiased': 67.051, 'best_valid_test/diff': 41.171, 'best_valid_test/acc_skew': 46.466, 'best_valid_test/acc_align': 87.637}
[1 / 20] best test accuracy: 67.051 at epoch 1 
 best_stats: {'best_test_epoch': 1, 'best_test_valid/acc': 70.988, 'best_test_valid/acc_unbiased': 65.682, 'best_test_valid/diff': 42.33, 'best_test_valid/acc_skew': 44.517, 'best_test_valid/acc_align': 86.847, 'best_test_test/acc': 72.367, 'best_test_test/acc_unbiased': 67.051, 'best_test_test/diff': 41.171, 'best_test_test/acc_skew': 46.466, 'best_test_test/acc_align': 87.637}
[2 / 20] Learning rate: 0.001
[2 / 20] Loss: 0.2398
[2 / 20] tensor([[0.967, 0.409],
        [0.700, 0.861]]) {'epoch': 2, 'valid/acc': 79.453, 'valid/acc_unbiased': 70.902, 'valid/diff': 40.538, 'valid/acc_skew': 50.633, 'valid/acc_align': 91.171, 'test/acc': 81.401, 'test/acc_unbiased': 73.421, 'test/diff': 35.921, 'test/acc_skew': 55.46, 'test/acc_align': 91.381}
[2 / 20] best valid accuracy: 70.902 at epoch 2 
 best_stats: {'best_valid_epoch': 2, 'best_valid_valid/acc': 79.453, 'best_valid_valid/acc_unbiased': 70.902, 'best_valid_valid/diff': 40.538, 'best_valid_valid/acc_skew': 50.633, 'best_valid_valid/acc_align': 91.171, 'best_valid_test/acc': 81.401, 'best_valid_test/acc_unbiased': 73.421, 'best_valid_test/diff': 35.921, 'best_valid_test/acc_skew': 55.46, 'best_valid_test/acc_align': 91.381}
[2 / 20] best test accuracy: 73.421 at epoch 2 
 best_stats: {'best_test_epoch': 2, 'best_test_valid/acc': 79.453, 'best_test_valid/acc_unbiased': 70.902, 'best_test_valid/diff': 40.538, 'best_test_valid/acc_skew': 50.633, 'best_test_valid/acc_align': 91.171, 'best_test_test/acc': 81.401, 'best_test_test/acc_unbiased': 73.421, 'best_test_test/diff': 35.921, 'best_test_test/acc_skew': 55.46, 'best_test_test/acc_align': 91.381}
[3 / 20] Learning rate: 0.001
[3 / 20] Loss: 0.2250
[3 / 20] tensor([[0.980, 0.511],
        [0.556, 0.806]]) {'epoch': 3, 'valid/acc': 76.014, 'valid/acc_unbiased': 70.078, 'valid/diff': 41.557, 'valid/acc_skew': 49.299, 'valid/acc_align': 90.856, 'test/acc': 76.906, 'test/acc_unbiased': 71.339, 'test/diff': 35.948, 'test/acc_skew': 53.365, 'test/acc_align': 89.313}
[3 / 20] best valid accuracy: 70.902 at epoch 2 
 best_stats: {'best_valid_epoch': 2, 'best_valid_valid/acc': 79.453, 'best_valid_valid/acc_unbiased': 70.902, 'best_valid_valid/diff': 40.538, 'best_valid_valid/acc_skew': 50.633, 'best_valid_valid/acc_align': 91.171, 'best_valid_test/acc': 81.401, 'best_valid_test/acc_unbiased': 73.421, 'best_valid_test/diff': 35.921, 'best_valid_test/acc_skew': 55.46, 'best_valid_test/acc_align': 91.381}
[3 / 20] best test accuracy: 73.421 at epoch 2 
 best_stats: {'best_test_epoch': 2, 'best_test_valid/acc': 79.453, 'best_test_valid/acc_unbiased': 70.902, 'best_test_valid/diff': 40.538, 'best_test_valid/acc_skew': 50.633, 'best_test_valid/acc_align': 91.171, 'best_test_test/acc': 81.401, 'best_test_test/acc_unbiased': 73.421, 'best_test_test/diff': 35.921, 'best_test_test/acc_skew': 55.46, 'best_test_test/acc_align': 91.381}
[4 / 20] Learning rate: 0.001
[4 / 20] Loss: 0.1979
[4 / 20] tensor([[0.984, 0.426],
        [0.599, 0.891]]) {'epoch': 4, 'valid/acc': 76.764, 'valid/acc_unbiased': 70.301, 'valid/diff': 41.713, 'valid/acc_skew': 49.444, 'valid/acc_align': 91.157, 'test/acc': 78.669, 'test/acc_unbiased': 72.491, 'test/diff': 42.507, 'test/acc_skew': 51.238, 'test/acc_align': 93.744}
[4 / 20] best valid accuracy: 70.902 at epoch 2 
 best_stats: {'best_valid_epoch': 2, 'best_valid_valid/acc': 79.453, 'best_valid_valid/acc_unbiased': 70.902, 'best_valid_valid/diff': 40.538, 'best_valid_valid/acc_skew': 50.633, 'best_valid_valid/acc_align': 91.171, 'best_valid_test/acc': 81.401, 'best_valid_test/acc_unbiased': 73.421, 'best_valid_test/diff': 35.921, 'best_valid_test/acc_skew': 55.46, 'best_valid_test/acc_align': 91.381}
[4 / 20] best test accuracy: 73.421 at epoch 2 
 best_stats: {'best_test_epoch': 2, 'best_test_valid/acc': 79.453, 'best_test_valid/acc_unbiased': 70.902, 'best_test_valid/diff': 40.538, 'best_test_valid/acc_skew': 50.633, 'best_test_valid/acc_align': 91.171, 'best_test_test/acc': 81.401, 'best_test_test/acc_unbiased': 73.421, 'best_test_test/diff': 35.921, 'best_test_test/acc_skew': 55.46, 'best_test_test/acc_align': 91.381}
[5 / 20] Learning rate: 0.001
[5 / 20] Loss: 0.1945
[5 / 20] tensor([[0.988, 0.432],
        [0.581, 0.824]]) {'epoch': 5, 'valid/acc': 76.675, 'valid/acc_unbiased': 68.668, 'valid/diff': 41.599, 'valid/acc_skew': 47.869, 'valid/acc_align': 89.468, 'test/acc': 77.743, 'test/acc_unbiased': 70.628, 'test/diff': 39.943, 'test/acc_skew': 50.657, 'test/acc_align': 90.599}
[5 / 20] best valid accuracy: 70.902 at epoch 2 
 best_stats: {'best_valid_epoch': 2, 'best_valid_valid/acc': 79.453, 'best_valid_valid/acc_unbiased': 70.902, 'best_valid_valid/diff': 40.538, 'best_valid_valid/acc_skew': 50.633, 'best_valid_valid/acc_align': 91.171, 'best_valid_test/acc': 81.401, 'best_valid_test/acc_unbiased': 73.421, 'best_valid_test/diff': 35.921, 'best_valid_test/acc_skew': 55.46, 'best_valid_test/acc_align': 91.381}
[5 / 20] best test accuracy: 73.421 at epoch 2 
 best_stats: {'best_test_epoch': 2, 'best_test_valid/acc': 79.453, 'best_test_valid/acc_unbiased': 70.902, 'best_test_valid/diff': 40.538, 'best_test_valid/acc_skew': 50.633, 'best_test_valid/acc_align': 91.171, 'best_test_test/acc': 81.401, 'best_test_test/acc_unbiased': 73.421, 'best_test_test/diff': 35.921, 'best_test_test/acc_skew': 55.46, 'best_test_test/acc_align': 91.381}
[6 / 20] Learning rate: 0.001
[6 / 20] Loss: 0.1830
[6 / 20] tensor([[0.953, 0.284],
        [0.800, 0.933]]) {'epoch': 6, 'valid/acc': 82.055, 'valid/acc_unbiased': 71.253, 'valid/diff': 42.252, 'valid/acc_skew': 50.127, 'valid/acc_align': 92.38, 'test/acc': 84.134, 'test/acc_unbiased': 74.269, 'test/diff': 40.083, 'test/acc_skew': 54.228, 'test/acc_align': 94.31}
[6 / 20] best valid accuracy: 71.253 at epoch 6 
 best_stats: {'best_valid_epoch': 6, 'best_valid_valid/acc': 82.055, 'best_valid_valid/acc_unbiased': 71.253, 'best_valid_valid/diff': 42.252, 'best_valid_valid/acc_skew': 50.127, 'best_valid_valid/acc_align': 92.38, 'best_valid_test/acc': 84.134, 'best_valid_test/acc_unbiased': 74.269, 'best_valid_test/diff': 40.083, 'best_valid_test/acc_skew': 54.228, 'best_valid_test/acc_align': 94.31}
[6 / 20] best test accuracy: 74.269 at epoch 6 
 best_stats: {'best_test_epoch': 6, 'best_test_valid/acc': 82.055, 'best_test_valid/acc_unbiased': 71.253, 'best_test_valid/diff': 42.252, 'best_test_valid/acc_skew': 50.127, 'best_test_valid/acc_align': 92.38, 'best_test_test/acc': 84.134, 'best_test_test/acc_unbiased': 74.269, 'best_test_test/diff': 40.083, 'best_test_test/acc_skew': 54.228, 'best_test_test/acc_align': 94.31}
[7 / 20] Learning rate: 0.0001
[7 / 20] Loss: 0.1672
[7 / 20] tensor([[0.982, 0.324],
        [0.732, 0.921]]) {'epoch': 7, 'valid/acc': 80.379, 'valid/acc_unbiased': 70.984, 'valid/diff': 49.257, 'valid/acc_skew': 46.356, 'valid/acc_align': 95.612, 'test/acc': 83.12, 'test/acc_unbiased': 73.989, 'test/diff': 42.352, 'test/acc_skew': 52.814, 'test/acc_align': 95.165}
[7 / 20] best valid accuracy: 71.253 at epoch 6 
 best_stats: {'best_valid_epoch': 6, 'best_valid_valid/acc': 82.055, 'best_valid_valid/acc_unbiased': 71.253, 'best_valid_valid/diff': 42.252, 'best_valid_valid/acc_skew': 50.127, 'best_valid_valid/acc_align': 92.38, 'best_valid_test/acc': 84.134, 'best_valid_test/acc_unbiased': 74.269, 'best_valid_test/diff': 40.083, 'best_valid_test/acc_skew': 54.228, 'best_valid_test/acc_align': 94.31}
[7 / 20] best test accuracy: 74.269 at epoch 6 
 best_stats: {'best_test_epoch': 6, 'best_test_valid/acc': 82.055, 'best_test_valid/acc_unbiased': 71.253, 'best_test_valid/diff': 42.252, 'best_test_valid/acc_skew': 50.127, 'best_test_valid/acc_align': 92.38, 'best_test_test/acc': 84.134, 'best_test_test/acc_unbiased': 74.269, 'best_test_test/diff': 40.083, 'best_test_test/acc_skew': 54.228, 'best_test_test/acc_align': 94.31}
[8 / 20] Learning rate: 0.0001
[8 / 20] Loss: 0.1460
[8 / 20] tensor([[0.972, 0.261],
        [0.791, 0.964]]) {'epoch': 8, 'valid/acc': 82.451, 'valid/acc_unbiased': 72.005, 'valid/diff': 49.806, 'valid/acc_skew': 47.102, 'valid/acc_align': 96.908, 'test/acc': 84.707, 'test/acc_unbiased': 74.699, 'test/diff': 44.138, 'test/acc_skew': 52.63, 'test/acc_align': 96.768}
[8 / 20] best valid accuracy: 72.005 at epoch 8 
 best_stats: {'best_valid_epoch': 8, 'best_valid_valid/acc': 82.451, 'best_valid_valid/acc_unbiased': 72.005, 'best_valid_valid/diff': 49.806, 'best_valid_valid/acc_skew': 47.102, 'best_valid_valid/acc_align': 96.908, 'best_valid_test/acc': 84.707, 'best_valid_test/acc_unbiased': 74.699, 'best_valid_test/diff': 44.138, 'best_valid_test/acc_skew': 52.63, 'best_valid_test/acc_align': 96.768}
[8 / 20] best test accuracy: 74.699 at epoch 8 
 best_stats: {'best_test_epoch': 8, 'best_test_valid/acc': 82.451, 'best_test_valid/acc_unbiased': 72.005, 'best_test_valid/diff': 49.806, 'best_test_valid/acc_skew': 47.102, 'best_test_valid/acc_align': 96.908, 'best_test_test/acc': 84.707, 'best_test_test/acc_unbiased': 74.699, 'best_test_test/diff': 44.138, 'best_test_test/acc_skew': 52.63, 'best_test_test/acc_align': 96.768}
[9 / 20] Learning rate: 0.0001
[9 / 20] Loss: 0.1404
[9 / 20] tensor([[0.975, 0.295],
        [0.782, 0.958]]) {'epoch': 9, 'valid/acc': 82.451, 'valid/acc_unbiased': 72.209, 'valid/diff': 47.612, 'valid/acc_skew': 48.403, 'valid/acc_align': 96.015, 'test/acc': 84.751, 'test/acc_unbiased': 75.263, 'test/diff': 42.78, 'test/acc_skew': 53.873, 'test/acc_align': 96.654}
[9 / 20] best valid accuracy: 72.209 at epoch 9 
 best_stats: {'best_valid_epoch': 9, 'best_valid_valid/acc': 82.451, 'best_valid_valid/acc_unbiased': 72.209, 'best_valid_valid/diff': 47.612, 'best_valid_valid/acc_skew': 48.403, 'best_valid_valid/acc_align': 96.015, 'best_valid_test/acc': 84.751, 'best_valid_test/acc_unbiased': 75.263, 'best_valid_test/diff': 42.78, 'best_valid_test/acc_skew': 53.873, 'best_valid_test/acc_align': 96.654}
[9 / 20] best test accuracy: 75.263 at epoch 9 
 best_stats: {'best_test_epoch': 9, 'best_test_valid/acc': 82.451, 'best_test_valid/acc_unbiased': 72.209, 'best_test_valid/diff': 47.612, 'best_test_valid/acc_skew': 48.403, 'best_test_valid/acc_align': 96.015, 'best_test_test/acc': 84.751, 'best_test_test/acc_unbiased': 75.263, 'best_test_test/diff': 42.78, 'best_test_test/acc_skew': 53.873, 'best_test_test/acc_align': 96.654}
[10 / 20] Learning rate: 0.0001
[10 / 20] Loss: 0.1314
[10 / 20] tensor([[0.975, 0.284],
        [0.789, 0.952]]) {'epoch': 10, 'valid/acc': 82.187, 'valid/acc_unbiased': 72.235, 'valid/diff': 48.259, 'valid/acc_skew': 48.106, 'valid/acc_align': 96.365, 'test/acc': 84.883, 'test/acc_unbiased': 75.001, 'test/diff': 42.7, 'test/acc_skew': 53.651, 'test/acc_align': 96.35}
[10 / 20] best valid accuracy: 72.235 at epoch 10 
 best_stats: {'best_valid_epoch': 10, 'best_valid_valid/acc': 82.187, 'best_valid_valid/acc_unbiased': 72.235, 'best_valid_valid/diff': 48.259, 'best_valid_valid/acc_skew': 48.106, 'best_valid_valid/acc_align': 96.365, 'best_valid_test/acc': 84.883, 'best_valid_test/acc_unbiased': 75.001, 'best_valid_test/diff': 42.7, 'best_valid_test/acc_skew': 53.651, 'best_valid_test/acc_align': 96.35}
[10 / 20] best test accuracy: 75.263 at epoch 9 
 best_stats: {'best_test_epoch': 9, 'best_test_valid/acc': 82.451, 'best_test_valid/acc_unbiased': 72.209, 'best_test_valid/diff': 47.612, 'best_test_valid/acc_skew': 48.403, 'best_test_valid/acc_align': 96.015, 'best_test_test/acc': 84.751, 'best_test_test/acc_unbiased': 75.263, 'best_test_test/diff': 42.78, 'best_test_test/acc_skew': 53.873, 'best_test_test/acc_align': 96.654}
[11 / 20] Learning rate: 0.0001
[11 / 20] Loss: 0.1371
[11 / 20] tensor([[0.977, 0.318],
        [0.758, 0.927]]) {'epoch': 11, 'valid/acc': 82.099, 'valid/acc_unbiased': 73.136, 'valid/diff': 45.652, 'valid/acc_skew': 50.309, 'valid/acc_align': 95.962, 'test/acc': 83.87, 'test/acc_unbiased': 74.515, 'test/diff': 41.434, 'test/acc_skew': 53.798, 'test/acc_align': 95.233}
[11 / 20] best valid accuracy: 73.136 at epoch 11 
 best_stats: {'best_valid_epoch': 11, 'best_valid_valid/acc': 82.099, 'best_valid_valid/acc_unbiased': 73.136, 'best_valid_valid/diff': 45.652, 'best_valid_valid/acc_skew': 50.309, 'best_valid_valid/acc_align': 95.962, 'best_valid_test/acc': 83.87, 'best_valid_test/acc_unbiased': 74.515, 'best_valid_test/diff': 41.434, 'best_valid_test/acc_skew': 53.798, 'best_valid_test/acc_align': 95.233}
[11 / 20] best test accuracy: 75.263 at epoch 9 
 best_stats: {'best_test_epoch': 9, 'best_test_valid/acc': 82.451, 'best_test_valid/acc_unbiased': 72.209, 'best_test_valid/diff': 47.612, 'best_test_valid/acc_skew': 48.403, 'best_test_valid/acc_align': 96.015, 'best_test_test/acc': 84.751, 'best_test_test/acc_unbiased': 75.263, 'best_test_test/diff': 42.78, 'best_test_test/acc_skew': 53.873, 'best_test_test/acc_align': 96.654}
[12 / 20] Learning rate: 0.0001
[12 / 20] Loss: 0.1305
[12 / 20] tensor([[0.971, 0.267],
        [0.798, 0.958]]) {'epoch': 12, 'valid/acc': 82.76, 'valid/acc_unbiased': 72.104, 'valid/diff': 49.803, 'valid/acc_skew': 47.203, 'valid/acc_align': 97.005, 'test/acc': 84.927, 'test/acc_unbiased': 74.839, 'test/diff': 43.158, 'test/acc_skew': 53.26, 'test/acc_align': 96.418}
[12 / 20] best valid accuracy: 73.136 at epoch 11 
 best_stats: {'best_valid_epoch': 11, 'best_valid_valid/acc': 82.099, 'best_valid_valid/acc_unbiased': 73.136, 'best_valid_valid/diff': 45.652, 'best_valid_valid/acc_skew': 50.309, 'best_valid_valid/acc_align': 95.962, 'best_valid_test/acc': 83.87, 'best_valid_test/acc_unbiased': 74.515, 'best_valid_test/diff': 41.434, 'best_valid_test/acc_skew': 53.798, 'best_valid_test/acc_align': 95.233}
[12 / 20] best test accuracy: 75.263 at epoch 9 
 best_stats: {'best_test_epoch': 9, 'best_test_valid/acc': 82.451, 'best_test_valid/acc_unbiased': 72.209, 'best_test_valid/diff': 47.612, 'best_test_valid/acc_skew': 48.403, 'best_test_valid/acc_align': 96.015, 'best_test_test/acc': 84.751, 'best_test_test/acc_unbiased': 75.263, 'best_test_test/diff': 42.78, 'best_test_test/acc_skew': 53.873, 'best_test_test/acc_align': 96.654}
[13 / 20] Learning rate: 0.0001
[13 / 20] Loss: 0.1279
[13 / 20] tensor([[0.979, 0.307],
        [0.720, 0.952]]) {'epoch': 13, 'valid/acc': 80.644, 'valid/acc_unbiased': 71.726, 'valid/diff': 50.346, 'valid/acc_skew': 46.553, 'valid/acc_align': 96.898, 'test/acc': 82.591, 'test/acc_unbiased': 73.933, 'test/diff': 45.212, 'test/acc_skew': 51.327, 'test/acc_align': 96.539}
[13 / 20] best valid accuracy: 73.136 at epoch 11 
 best_stats: {'best_valid_epoch': 11, 'best_valid_valid/acc': 82.099, 'best_valid_valid/acc_unbiased': 73.136, 'best_valid_valid/diff': 45.652, 'best_valid_valid/acc_skew': 50.309, 'best_valid_valid/acc_align': 95.962, 'best_valid_test/acc': 83.87, 'best_valid_test/acc_unbiased': 74.515, 'best_valid_test/diff': 41.434, 'best_valid_test/acc_skew': 53.798, 'best_valid_test/acc_align': 95.233}
[13 / 20] best test accuracy: 75.263 at epoch 9 
 best_stats: {'best_test_epoch': 9, 'best_test_valid/acc': 82.451, 'best_test_valid/acc_unbiased': 72.209, 'best_test_valid/diff': 47.612, 'best_test_valid/acc_skew': 48.403, 'best_test_valid/acc_align': 96.015, 'best_test_test/acc': 84.751, 'best_test_test/acc_unbiased': 75.263, 'best_test_test/diff': 42.78, 'best_test_test/acc_skew': 53.873, 'best_test_test/acc_align': 96.654}
[14 / 20] Learning rate: 1e-05
[14 / 20] Loss: 0.1192
[14 / 20] tensor([[0.976, 0.295],
        [0.775, 0.958]]) {'epoch': 14, 'valid/acc': 81.658, 'valid/acc_unbiased': 71.945, 'valid/diff': 49.819, 'valid/acc_skew': 47.036, 'valid/acc_align': 96.855, 'test/acc': 84.531, 'test/acc_unbiased': 75.114, 'test/diff': 43.174, 'test/acc_skew': 53.527, 'test/acc_align': 96.701}
[14 / 20] best valid accuracy: 73.136 at epoch 11 
 best_stats: {'best_valid_epoch': 11, 'best_valid_valid/acc': 82.099, 'best_valid_valid/acc_unbiased': 73.136, 'best_valid_valid/diff': 45.652, 'best_valid_valid/acc_skew': 50.309, 'best_valid_valid/acc_align': 95.962, 'best_valid_test/acc': 83.87, 'best_valid_test/acc_unbiased': 74.515, 'best_valid_test/diff': 41.434, 'best_valid_test/acc_skew': 53.798, 'best_valid_test/acc_align': 95.233}
[14 / 20] best test accuracy: 75.263 at epoch 9 
 best_stats: {'best_test_epoch': 9, 'best_test_valid/acc': 82.451, 'best_test_valid/acc_unbiased': 72.209, 'best_test_valid/diff': 47.612, 'best_test_valid/acc_skew': 48.403, 'best_test_valid/acc_align': 96.015, 'best_test_test/acc': 84.751, 'best_test_test/acc_unbiased': 75.263, 'best_test_test/diff': 42.78, 'best_test_test/acc_skew': 53.873, 'best_test_test/acc_align': 96.654}
[15 / 20] Learning rate: 1e-05
[15 / 20] Loss: 0.1225
[15 / 20] tensor([[0.976, 0.290],
        [0.785, 0.958]]) {'epoch': 15, 'valid/acc': 82.496, 'valid/acc_unbiased': 72.22, 'valid/diff': 49.172, 'valid/acc_skew': 47.634, 'valid/acc_align': 96.806, 'test/acc': 84.883, 'test/acc_unbiased': 75.231, 'test/diff': 42.939, 'test/acc_skew': 53.762, 'test/acc_align': 96.701}
[15 / 20] best valid accuracy: 73.136 at epoch 11 
 best_stats: {'best_valid_epoch': 11, 'best_valid_valid/acc': 82.099, 'best_valid_valid/acc_unbiased': 73.136, 'best_valid_valid/diff': 45.652, 'best_valid_valid/acc_skew': 50.309, 'best_valid_valid/acc_align': 95.962, 'best_valid_test/acc': 83.87, 'best_valid_test/acc_unbiased': 74.515, 'best_valid_test/diff': 41.434, 'best_valid_test/acc_skew': 53.798, 'best_valid_test/acc_align': 95.233}
[15 / 20] best test accuracy: 75.263 at epoch 9 
 best_stats: {'best_test_epoch': 9, 'best_test_valid/acc': 82.451, 'best_test_valid/acc_unbiased': 72.209, 'best_test_valid/diff': 47.612, 'best_test_valid/acc_skew': 48.403, 'best_test_valid/acc_align': 96.015, 'best_test_test/acc': 84.751, 'best_test_test/acc_unbiased': 75.263, 'best_test_test/diff': 42.78, 'best_test_test/acc_skew': 53.873, 'best_test_test/acc_align': 96.654}
[16 / 20] Learning rate: 1e-05
[16 / 20] Loss: 0.1189
[16 / 20] tensor([[0.977, 0.295],
        [0.780, 0.952]]) {'epoch': 16, 'valid/acc': 82.055, 'valid/acc_unbiased': 72.212, 'valid/diff': 48.888, 'valid/acc_skew': 47.768, 'valid/acc_align': 96.656, 'test/acc': 84.707, 'test/acc_unbiased': 75.101, 'test/diff': 42.687, 'test/acc_skew': 53.758, 'test/acc_align': 96.445}
[16 / 20] best valid accuracy: 73.136 at epoch 11 
 best_stats: {'best_valid_epoch': 11, 'best_valid_valid/acc': 82.099, 'best_valid_valid/acc_unbiased': 73.136, 'best_valid_valid/diff': 45.652, 'best_valid_valid/acc_skew': 50.309, 'best_valid_valid/acc_align': 95.962, 'best_valid_test/acc': 83.87, 'best_valid_test/acc_unbiased': 74.515, 'best_valid_test/diff': 41.434, 'best_valid_test/acc_skew': 53.798, 'best_valid_test/acc_align': 95.233}
[16 / 20] best test accuracy: 75.263 at epoch 9 
 best_stats: {'best_test_epoch': 9, 'best_test_valid/acc': 82.451, 'best_test_valid/acc_unbiased': 72.209, 'best_test_valid/diff': 47.612, 'best_test_valid/acc_skew': 48.403, 'best_test_valid/acc_align': 96.015, 'best_test_test/acc': 84.751, 'best_test_test/acc_unbiased': 75.263, 'best_test_test/diff': 42.78, 'best_test_test/acc_skew': 53.873, 'best_test_test/acc_align': 96.654}
[17 / 20] Learning rate: 1e-05
[17 / 20] Loss: 0.1196
[17 / 20] tensor([[0.973, 0.261],
        [0.809, 0.964]]) {'epoch': 17, 'valid/acc': 83.157, 'valid/acc_unbiased': 72.486, 'valid/diff': 48.747, 'valid/acc_skew': 48.113, 'valid/acc_align': 96.86, 'test/acc': 85.412, 'test/acc_unbiased': 75.155, 'test/diff': 43.32, 'test/acc_skew': 53.495, 'test/acc_align': 96.815}
[17 / 20] best valid accuracy: 73.136 at epoch 11 
 best_stats: {'best_valid_epoch': 11, 'best_valid_valid/acc': 82.099, 'best_valid_valid/acc_unbiased': 73.136, 'best_valid_valid/diff': 45.652, 'best_valid_valid/acc_skew': 50.309, 'best_valid_valid/acc_align': 95.962, 'best_valid_test/acc': 83.87, 'best_valid_test/acc_unbiased': 74.515, 'best_valid_test/diff': 41.434, 'best_valid_test/acc_skew': 53.798, 'best_valid_test/acc_align': 95.233}
[17 / 20] best test accuracy: 75.263 at epoch 9 
 best_stats: {'best_test_epoch': 9, 'best_test_valid/acc': 82.451, 'best_test_valid/acc_unbiased': 72.209, 'best_test_valid/diff': 47.612, 'best_test_valid/acc_skew': 48.403, 'best_test_valid/acc_align': 96.015, 'best_test_test/acc': 84.751, 'best_test_test/acc_unbiased': 75.263, 'best_test_test/diff': 42.78, 'best_test_test/acc_skew': 53.873, 'best_test_test/acc_align': 96.654}
[18 / 20] Learning rate: 1e-05
[18 / 20] Loss: 0.1192
[18 / 20] tensor([[0.969, 0.256],
        [0.805, 0.964]]) {'epoch': 18, 'valid/acc': 83.245, 'valid/acc_unbiased': 72.349, 'valid/diff': 49.022, 'valid/acc_skew': 47.838, 'valid/acc_align': 96.86, 'test/acc': 85.06, 'test/acc_unbiased': 74.832, 'test/diff': 43.589, 'test/acc_skew': 53.038, 'test/acc_align': 96.627}
[18 / 20] best valid accuracy: 73.136 at epoch 11 
 best_stats: {'best_valid_epoch': 11, 'best_valid_valid/acc': 82.099, 'best_valid_valid/acc_unbiased': 73.136, 'best_valid_valid/diff': 45.652, 'best_valid_valid/acc_skew': 50.309, 'best_valid_valid/acc_align': 95.962, 'best_valid_test/acc': 83.87, 'best_valid_test/acc_unbiased': 74.515, 'best_valid_test/diff': 41.434, 'best_valid_test/acc_skew': 53.798, 'best_valid_test/acc_align': 95.233}
[18 / 20] best test accuracy: 75.263 at epoch 9 
 best_stats: {'best_test_epoch': 9, 'best_test_valid/acc': 82.451, 'best_test_valid/acc_unbiased': 72.209, 'best_test_valid/diff': 47.612, 'best_test_valid/acc_skew': 48.403, 'best_test_valid/acc_align': 96.015, 'best_test_test/acc': 84.751, 'best_test_test/acc_unbiased': 75.263, 'best_test_test/diff': 42.78, 'best_test_test/acc_skew': 53.873, 'best_test_test/acc_align': 96.654}
[19 / 20] Learning rate: 1e-05
[19 / 20] Loss: 0.1174
[19 / 20] tensor([[0.975, 0.278],
        [0.796, 0.958]]) {'epoch': 19, 'valid/acc': 82.628, 'valid/acc_unbiased': 72.506, 'valid/diff': 48.6, 'valid/acc_skew': 48.206, 'valid/acc_align': 96.806, 'test/acc': 85.104, 'test/acc_unbiased': 75.16, 'test/diff': 42.894, 'test/acc_skew': 53.713, 'test/acc_align': 96.606}
[19 / 20] best valid accuracy: 73.136 at epoch 11 
 best_stats: {'best_valid_epoch': 11, 'best_valid_valid/acc': 82.099, 'best_valid_valid/acc_unbiased': 73.136, 'best_valid_valid/diff': 45.652, 'best_valid_valid/acc_skew': 50.309, 'best_valid_valid/acc_align': 95.962, 'best_valid_test/acc': 83.87, 'best_valid_test/acc_unbiased': 74.515, 'best_valid_test/diff': 41.434, 'best_valid_test/acc_skew': 53.798, 'best_valid_test/acc_align': 95.233}
[19 / 20] best test accuracy: 75.263 at epoch 9 
 best_stats: {'best_test_epoch': 9, 'best_test_valid/acc': 82.451, 'best_test_valid/acc_unbiased': 72.209, 'best_test_valid/diff': 47.612, 'best_test_valid/acc_skew': 48.403, 'best_test_valid/acc_align': 96.015, 'best_test_test/acc': 84.751, 'best_test_test/acc_unbiased': 75.263, 'best_test_test/diff': 42.78, 'best_test_test/acc_skew': 53.873, 'best_test_test/acc_align': 96.654}
[20 / 20] Learning rate: 1e-05
[20 / 20] Loss: 0.1106
[20 / 20] tensor([[0.971, 0.256],
        [0.805, 0.964]]) {'epoch': 20, 'valid/acc': 82.892, 'valid/acc_unbiased': 72.122, 'valid/diff': 49.281, 'valid/acc_skew': 47.481, 'valid/acc_align': 96.762, 'test/acc': 85.148, 'test/acc_unbiased': 74.879, 'test/diff': 43.683, 'test/acc_skew': 53.038, 'test/acc_align': 96.721}
[20 / 20] best valid accuracy: 73.136 at epoch 11 
 best_stats: {'best_valid_epoch': 11, 'best_valid_valid/acc': 82.099, 'best_valid_valid/acc_unbiased': 73.136, 'best_valid_valid/diff': 45.652, 'best_valid_valid/acc_skew': 50.309, 'best_valid_valid/acc_align': 95.962, 'best_valid_test/acc': 83.87, 'best_valid_test/acc_unbiased': 74.515, 'best_valid_test/diff': 41.434, 'best_valid_test/acc_skew': 53.798, 'best_valid_test/acc_align': 95.233}
[20 / 20] best test accuracy: 75.263 at epoch 9 
 best_stats: {'best_test_epoch': 9, 'best_test_valid/acc': 82.451, 'best_test_valid/acc_unbiased': 72.209, 'best_test_valid/diff': 47.612, 'best_test_valid/acc_skew': 48.403, 'best_test_valid/acc_align': 96.015, 'best_test_test/acc': 84.751, 'best_test_test/acc_unbiased': 75.263, 'best_test_test/diff': 42.78, 'best_test_test/acc_skew': 53.873, 'best_test_test/acc_align': 96.654}
Total training time: 0:11:58
