Log level set to: INFO
Set seed: 1
=======> Using Fixed Random Seed: 1 <========
save_path: exp_results/bc-bb0-celeba_blonde-os_0.7-lr0.001-bs128-cbs64-w0.01-ratio30-aug1-seed1
get_celeba - split:train, aug: False, given_y: True, ratio: 0
use existing blonde indices from data/celeba/pickles/blonde
Distribution After Sampling: 
===================================
Binary Labels Distribution: 
Binary Target 0
---------------------------
Target 0: [37503, 37503]
Target 1: [37503, 37503]
Binary Target 1
---------------------------
Target 0: [37503, 37503]
Target 1: [37503, 37503]
===================================
Normal Label Distribution: 
Target 0: [37503, 37503]
Target 1: [37503, 37503]
===================================
Use BiasedCelebASplit 
 target_attr: blonde split: train 
 tensor([[37503., 37503.],
        [37503., 37503.]])
get_celeba - split:train, aug: 1, given_y: True, ratio: 30
use existing blonde indices from data/celeba/pickles/blonde
Distribution After Sampling: 
===================================
Binary Labels Distribution: 
Binary Target 0
---------------------------
Target 0: [37397, 37397]
Target 1: [37397, 37397]
Binary Target 1
---------------------------
Target 0: [37397, 37397]
Target 1: [37397, 37397]
===================================
Normal Label Distribution: 
Target 0: [37397, 37397]
Target 1: [37397, 37397]
===================================
Use BiasedCelebASplit 
 target_attr: blonde split: train 
 tensor([[37397., 37397.],
        [37397., 37397.]])
get_celeba - split:train_valid, aug: False, given_y: True, ratio: 0
use existing blonde indices from data/celeba/pickles/blonde
Use BiasedCelebASplit 
 target_attr: blonde split: train_valid 
 tensor([[  390.,  4598.],
        [13361.,   280.]])
get_celeba - split:valid, aug: False, given_y: True, ratio: 0
Use BiasedCelebASplit 
 target_attr: blonde split: valid 
 tensor([[8535., 2874.],
        [8276.,  182.]])
decay_epochs: [3, 6]
[1 / 10] Learning rate: 0.001 weight: 0.01
[1 / 10] Loss: 4.625192592357809 CE Loss: 0.24635517218699535 Con Loss: 4.622729040382926
[1 / 10] tensor([[0.785, 0.884],
        [0.976, 0.929]]) {'epoch': 1, 'valid/acc': 90.332, 'valid/acc_unbiased': 90.964, 'valid/diff': 3.072, 'valid/acc_skew': 91.233, 'valid/acc_align': 90.694, 'test/acc': 85.509, 'test/acc_unbiased': 89.333, 'test/diff': 7.285, 'test/acc_skew': 88.061, 'test/acc_align': 90.605}
[1 / 10] best valid accuracy: 90.964 at epoch 1 
 best_stats: {'best_valid_epoch': 1, 'best_valid_valid/acc': 90.332, 'best_valid_valid/acc_unbiased': 90.964, 'best_valid_valid/diff': 3.072, 'best_valid_valid/acc_skew': 91.233, 'best_valid_valid/acc_align': 90.694, 'best_valid_test/acc': 85.509, 'best_valid_test/acc_unbiased': 89.333, 'best_valid_test/diff': 7.285, 'best_valid_test/acc_skew': 88.061, 'best_valid_test/acc_align': 90.605}
[1 / 10] best test accuracy: 89.333 at epoch 1 
 best_stats: {'best_test_epoch': 1, 'best_test_valid/acc': 90.332, 'best_test_valid/acc_unbiased': 90.964, 'best_test_valid/diff': 3.072, 'best_test_valid/acc_skew': 91.233, 'best_test_valid/acc_align': 90.694, 'best_test_test/acc': 85.509, 'best_test_test/acc_unbiased': 89.333, 'best_test_test/diff': 7.285, 'best_test_test/acc_skew': 88.061, 'best_test_test/acc_align': 90.605}
[2 / 10] Learning rate: 0.001 weight: 0.01
[2 / 10] Loss: 4.572859132105206 CE Loss: 0.2104767518241644 Con Loss: 4.570754367828471
[2 / 10] tensor([[0.821, 0.909],
        [0.968, 0.918]]) {'epoch': 2, 'valid/acc': 91.696, 'valid/acc_unbiased': 92.259, 'valid/diff': 2.21, 'valid/acc_skew': 93.364, 'valid/acc_align': 91.154, 'test/acc': 88.0, 'test/acc_unbiased': 90.401, 'test/diff': 6.923, 'test/acc_skew': 89.46, 'test/acc_align': 91.342}
[2 / 10] best valid accuracy: 92.259 at epoch 2 
 best_stats: {'best_valid_epoch': 2, 'best_valid_valid/acc': 91.696, 'best_valid_valid/acc_unbiased': 92.259, 'best_valid_valid/diff': 2.21, 'best_valid_valid/acc_skew': 93.364, 'best_valid_valid/acc_align': 91.154, 'best_valid_test/acc': 88.0, 'best_valid_test/acc_unbiased': 90.401, 'best_valid_test/diff': 6.923, 'best_valid_test/acc_skew': 89.46, 'best_valid_test/acc_align': 91.342}
[2 / 10] best test accuracy: 90.401 at epoch 2 
 best_stats: {'best_test_epoch': 2, 'best_test_valid/acc': 91.696, 'best_test_valid/acc_unbiased': 92.259, 'best_test_valid/diff': 2.21, 'best_test_valid/acc_skew': 93.364, 'best_test_valid/acc_align': 91.154, 'best_test_test/acc': 88.0, 'best_test_test/acc_unbiased': 90.401, 'best_test_test/diff': 6.923, 'best_test_test/acc_skew': 89.46, 'best_test_test/acc_align': 91.342}
[3 / 10] Learning rate: 0.001 weight: 0.01
[3 / 10] Loss: 4.5508372832802975 CE Loss: 0.1936902073433605 Con Loss: 4.548900380737384
[3 / 10] tensor([[0.882, 0.942],
        [0.942, 0.879]]) {'epoch': 3, 'valid/acc': 93.821, 'valid/acc_unbiased': 93.633, 'valid/diff': 2.621, 'valid/acc_skew': 94.943, 'valid/acc_align': 92.322, 'test/acc': 91.534, 'test/acc_unbiased': 91.108, 'test/diff': 6.149, 'test/acc_skew': 91.172, 'test/acc_align': 91.044}
[3 / 10] best valid accuracy: 93.633 at epoch 3 
 best_stats: {'best_valid_epoch': 3, 'best_valid_valid/acc': 93.821, 'best_valid_valid/acc_unbiased': 93.633, 'best_valid_valid/diff': 2.621, 'best_valid_valid/acc_skew': 94.943, 'best_valid_valid/acc_align': 92.322, 'best_valid_test/acc': 91.534, 'best_valid_test/acc_unbiased': 91.108, 'best_valid_test/diff': 6.149, 'best_valid_test/acc_skew': 91.172, 'best_valid_test/acc_align': 91.044}
[3 / 10] best test accuracy: 91.108 at epoch 3 
 best_stats: {'best_test_epoch': 3, 'best_test_valid/acc': 93.821, 'best_test_valid/acc_unbiased': 93.633, 'best_test_valid/diff': 2.621, 'best_test_valid/acc_skew': 94.943, 'best_test_valid/acc_align': 92.322, 'best_test_test/acc': 91.534, 'best_test_test/acc_unbiased': 91.108, 'best_test_test/diff': 6.149, 'best_test_test/acc_skew': 91.172, 'best_test_test/acc_align': 91.044}
[4 / 10] Learning rate: 0.0001 weight: 0.01
[4 / 10] Loss: 4.473464493802003 CE Loss: 0.15390830289240606 Con Loss: 4.471925413310075
[4 / 10] tensor([[0.851, 0.934],
        [0.961, 0.901]]) {'epoch': 4, 'valid/acc': 93.886, 'valid/acc_unbiased': 95.468, 'valid/diff': 2.176, 'valid/acc_skew': 96.556, 'valid/acc_align': 94.381, 'test/acc': 90.2, 'test/acc_unbiased': 91.181, 'test/diff': 7.179, 'test/acc_skew': 90.588, 'test/acc_align': 91.774}
[4 / 10] best valid accuracy: 95.468 at epoch 4 
 best_stats: {'best_valid_epoch': 4, 'best_valid_valid/acc': 93.886, 'best_valid_valid/acc_unbiased': 95.468, 'best_valid_valid/diff': 2.176, 'best_valid_valid/acc_skew': 96.556, 'best_valid_valid/acc_align': 94.381, 'best_valid_test/acc': 90.2, 'best_valid_test/acc_unbiased': 91.181, 'best_valid_test/diff': 7.179, 'best_valid_test/acc_skew': 90.588, 'best_valid_test/acc_align': 91.774}
[4 / 10] best test accuracy: 91.181 at epoch 4 
 best_stats: {'best_test_epoch': 4, 'best_test_valid/acc': 93.886, 'best_test_valid/acc_unbiased': 95.468, 'best_test_valid/diff': 2.176, 'best_test_valid/acc_skew': 96.556, 'best_test_valid/acc_align': 94.381, 'best_test_test/acc': 90.2, 'best_test_test/acc_unbiased': 91.181, 'best_test_test/diff': 7.179, 'best_test_test/acc_skew': 90.588, 'best_test_test/acc_align': 91.774}
[5 / 10] Learning rate: 0.0001 weight: 0.01
[5 / 10] Loss: 4.440154122209001 CE Loss: 0.14138568157218753 Con Loss: 4.438740261891008
[5 / 10] tensor([[0.850, 0.936],
        [0.962, 0.912]]) {'epoch': 5, 'valid/acc': 94.348, 'valid/acc_unbiased': 96.227, 'valid/diff': 2.91, 'valid/acc_skew': 97.682, 'valid/acc_align': 94.772, 'test/acc': 90.26, 'test/acc_unbiased': 91.498, 'test/diff': 6.749, 'test/acc_skew': 90.605, 'test/acc_align': 92.39}
[5 / 10] best valid accuracy: 96.227 at epoch 5 
 best_stats: {'best_valid_epoch': 5, 'best_valid_valid/acc': 94.348, 'best_valid_valid/acc_unbiased': 96.227, 'best_valid_valid/diff': 2.91, 'best_valid_valid/acc_skew': 97.682, 'best_valid_valid/acc_align': 94.772, 'best_valid_test/acc': 90.26, 'best_valid_test/acc_unbiased': 91.498, 'best_valid_test/diff': 6.749, 'best_valid_test/acc_skew': 90.605, 'best_valid_test/acc_align': 92.39}
[5 / 10] best test accuracy: 91.498 at epoch 5 
 best_stats: {'best_test_epoch': 5, 'best_test_valid/acc': 94.348, 'best_test_valid/acc_unbiased': 96.227, 'best_test_valid/diff': 2.91, 'best_test_valid/acc_skew': 97.682, 'best_test_valid/acc_align': 94.772, 'best_test_test/acc': 90.26, 'best_test_test/acc_unbiased': 91.498, 'best_test_test/diff': 6.749, 'best_test_test/acc_skew': 90.605, 'best_test_test/acc_align': 92.39}
[6 / 10] Learning rate: 0.0001 weight: 0.01
[6 / 10] Loss: 4.420270285072243 CE Loss: 0.13156973704545907 Con Loss: 4.418954589559349
[6 / 10] tensor([[0.852, 0.957],
        [0.966, 0.863]]) {'epoch': 6, 'valid/acc': 95.486, 'valid/acc_unbiased': 96.496, 'valid/diff': 1.838, 'valid/acc_skew': 97.415, 'valid/acc_align': 95.577, 'test/acc': 91.201, 'test/acc_unbiased': 90.927, 'test/diff': 10.434, 'test/acc_skew': 90.89, 'test/acc_align': 90.963}
[6 / 10] best valid accuracy: 96.496 at epoch 6 
 best_stats: {'best_valid_epoch': 6, 'best_valid_valid/acc': 95.486, 'best_valid_valid/acc_unbiased': 96.496, 'best_valid_valid/diff': 1.838, 'best_valid_valid/acc_skew': 97.415, 'best_valid_valid/acc_align': 95.577, 'best_valid_test/acc': 91.201, 'best_valid_test/acc_unbiased': 90.927, 'best_valid_test/diff': 10.434, 'best_valid_test/acc_skew': 90.89, 'best_valid_test/acc_align': 90.963}
[6 / 10] best test accuracy: 91.498 at epoch 5 
 best_stats: {'best_test_epoch': 5, 'best_test_valid/acc': 94.348, 'best_test_valid/acc_unbiased': 96.227, 'best_test_valid/diff': 2.91, 'best_test_valid/acc_skew': 97.682, 'best_test_valid/acc_align': 94.772, 'best_test_test/acc': 90.26, 'best_test_test/acc_unbiased': 91.498, 'best_test_test/diff': 6.749, 'best_test_test/acc_skew': 90.605, 'best_test_test/acc_align': 92.39}
[7 / 10] Learning rate: 1e-05 weight: 0.01
[7 / 10] Loss: 4.401350638403803 CE Loss: 0.12335421850267253 Con Loss: 4.400117097102975
[7 / 10] tensor([[0.833, 0.951],
        [0.970, 0.857]]) {'epoch': 7, 'valid/acc': 95.4, 'valid/acc_unbiased': 96.833, 'valid/diff': 2.094, 'valid/acc_skew': 97.878, 'valid/acc_align': 95.788, 'test/acc': 90.225, 'test/acc_unbiased': 90.277, 'test/diff': 11.536, 'test/acc_skew': 90.138, 'test/acc_align': 90.416}
[7 / 10] best valid accuracy: 96.833 at epoch 7 
 best_stats: {'best_valid_epoch': 7, 'best_valid_valid/acc': 95.4, 'best_valid_valid/acc_unbiased': 96.833, 'best_valid_valid/diff': 2.094, 'best_valid_valid/acc_skew': 97.878, 'best_valid_valid/acc_align': 95.788, 'best_valid_test/acc': 90.225, 'best_valid_test/acc_unbiased': 90.277, 'best_valid_test/diff': 11.536, 'best_valid_test/acc_skew': 90.138, 'best_valid_test/acc_align': 90.416}
[7 / 10] best test accuracy: 91.498 at epoch 5 
 best_stats: {'best_test_epoch': 5, 'best_test_valid/acc': 94.348, 'best_test_valid/acc_unbiased': 96.227, 'best_test_valid/diff': 2.91, 'best_test_valid/acc_skew': 97.682, 'best_test_valid/acc_align': 94.772, 'best_test_test/acc': 90.26, 'best_test_test/acc_unbiased': 91.498, 'best_test_test/diff': 6.749, 'best_test_test/acc_skew': 90.605, 'best_test_test/acc_align': 92.39}
[8 / 10] Learning rate: 1e-05 weight: 0.01
[8 / 10] Loss: 4.394490313689537 CE Loss: 0.12292198504057324 Con Loss: 4.393261095747879
[8 / 10] tensor([[0.837, 0.955],
        [0.967, 0.846]]) {'epoch': 8, 'valid/acc': 95.593, 'valid/acc_unbiased': 96.788, 'valid/diff': 2.436, 'valid/acc_skew': 98.006, 'valid/acc_align': 95.57, 'test/acc': 90.517, 'test/acc_unbiased': 90.135, 'test/diff': 11.905, 'test/acc_skew': 90.222, 'test/acc_align': 90.048}
[8 / 10] best valid accuracy: 96.833 at epoch 7 
 best_stats: {'best_valid_epoch': 7, 'best_valid_valid/acc': 95.4, 'best_valid_valid/acc_unbiased': 96.833, 'best_valid_valid/diff': 2.094, 'best_valid_valid/acc_skew': 97.878, 'best_valid_valid/acc_align': 95.788, 'best_valid_test/acc': 90.225, 'best_valid_test/acc_unbiased': 90.277, 'best_valid_test/diff': 11.536, 'best_valid_test/acc_skew': 90.138, 'best_valid_test/acc_align': 90.416}
[8 / 10] best test accuracy: 91.498 at epoch 5 
 best_stats: {'best_test_epoch': 5, 'best_test_valid/acc': 94.348, 'best_test_valid/acc_unbiased': 96.227, 'best_test_valid/diff': 2.91, 'best_test_valid/acc_skew': 97.682, 'best_test_valid/acc_align': 94.772, 'best_test_test/acc': 90.26, 'best_test_test/acc_unbiased': 91.498, 'best_test_test/diff': 6.749, 'best_test_test/acc_skew': 90.605, 'best_test_test/acc_align': 92.39}
[9 / 10] Learning rate: 1e-05 weight: 0.01
[9 / 10] Loss: 4.392584289934967 CE Loss: 0.12185569682869979 Con Loss: 4.39136573829241
[9 / 10] tensor([[0.839, 0.958],
        [0.965, 0.846]]) {'epoch': 9, 'valid/acc': 95.738, 'valid/acc_unbiased': 96.74, 'valid/diff': 2.057, 'valid/acc_skew': 97.769, 'valid/acc_align': 95.712, 'test/acc': 90.703, 'test/acc_unbiased': 90.217, 'test/diff': 11.882, 'test/acc_skew': 90.229, 'test/acc_align': 90.205}
[9 / 10] best valid accuracy: 96.833 at epoch 7 
 best_stats: {'best_valid_epoch': 7, 'best_valid_valid/acc': 95.4, 'best_valid_valid/acc_unbiased': 96.833, 'best_valid_valid/diff': 2.094, 'best_valid_valid/acc_skew': 97.878, 'best_valid_valid/acc_align': 95.788, 'best_valid_test/acc': 90.225, 'best_valid_test/acc_unbiased': 90.277, 'best_valid_test/diff': 11.536, 'best_valid_test/acc_skew': 90.138, 'best_valid_test/acc_align': 90.416}
[9 / 10] best test accuracy: 91.498 at epoch 5 
 best_stats: {'best_test_epoch': 5, 'best_test_valid/acc': 94.348, 'best_test_valid/acc_unbiased': 96.227, 'best_test_valid/diff': 2.91, 'best_test_valid/acc_skew': 97.682, 'best_test_valid/acc_align': 94.772, 'best_test_test/acc': 90.26, 'best_test_test/acc_unbiased': 91.498, 'best_test_test/diff': 6.749, 'best_test_test/acc_skew': 90.605, 'best_test_test/acc_align': 92.39}
[10 / 10] Learning rate: 1e-05 weight: 0.01
[10 / 10] Loss: 4.384155399795596 CE Loss: 0.1204855223152665 Con Loss: 4.3829505439186445
[10 / 10] tensor([[0.828, 0.952],
        [0.971, 0.868]]) {'epoch': 10, 'valid/acc': 95.491, 'valid/acc_unbiased': 97.041, 'valid/diff': 2.216, 'valid/acc_skew': 98.15, 'valid/acc_align': 95.933, 'test/acc': 90.089, 'test/acc_unbiased': 90.491, 'test/diff': 11.357, 'test/acc_skew': 89.962, 'test/acc_align': 91.02}
[10 / 10] best valid accuracy: 97.041 at epoch 10 
 best_stats: {'best_valid_epoch': 10, 'best_valid_valid/acc': 95.491, 'best_valid_valid/acc_unbiased': 97.041, 'best_valid_valid/diff': 2.216, 'best_valid_valid/acc_skew': 98.15, 'best_valid_valid/acc_align': 95.933, 'best_valid_test/acc': 90.089, 'best_valid_test/acc_unbiased': 90.491, 'best_valid_test/diff': 11.357, 'best_valid_test/acc_skew': 89.962, 'best_valid_test/acc_align': 91.02}
[10 / 10] best test accuracy: 91.498 at epoch 5 
 best_stats: {'best_test_epoch': 5, 'best_test_valid/acc': 94.348, 'best_test_valid/acc_unbiased': 96.227, 'best_test_valid/diff': 2.91, 'best_test_valid/acc_skew': 97.682, 'best_test_valid/acc_align': 94.772, 'best_test_test/acc': 90.26, 'best_test_test/acc_unbiased': 91.498, 'best_test_test/diff': 6.749, 'best_test_test/acc_skew': 90.605, 'best_test_test/acc_align': 92.39}
Total training time: 2:07:30
