Log level set to: INFO
Set seed: 2
=======> Using Fixed Random Seed: 2 <========
save_path: exp_results/bc-bb0-utk_face_race-uw-0.95-lr0.001-bs128-cbs64-w0.01-ratio10-aug1-seed2
get_utk_face - split: train, aug: False, given_y: True, ratio: 0
use existing biased_utk_face from data/utk_face/pickles/biased_utk_face-target_gender-bias_race-0.95
Distribution Before Sampling: 
===================================
Binary Labels Distribution: 
Binary Target 0
---------------------------
Target 0: [4407, 276]
Target 1: [220, 5529]
Binary Target 1
---------------------------
Target 0: [4407, 276]
Target 1: [220, 5529]
===================================
Normal Label Distribution: 
Target 0: [4407, 276]
Target 1: [220, 5529]
===================================
Distribution After Sampling: 
===================================
Binary Labels Distribution: 
Binary Target 0
---------------------------
Target 0: [4407, 276]
Target 1: [220, 5529]
Binary Target 1
---------------------------
Target 0: [4407, 276]
Target 1: [220, 5529]
===================================
Normal Label Distribution: 
Target 0: [4407, 276]
Target 1: [220, 5529]
===================================
Use BiasedUTKFace - target_attr: gender
BiasedUTKFace -- total: 10432, target_attr: gender, bias_attr: race bias_rate: 0.95
['[train] target_0-bias_0: 4407', '[train] target_0-bias_1: 276', '[train] target_1-bias_0: 220', '[train] target_1-bias_1: 5529']
confusion_matrix - 
 original: tensor([[4407.,  220.],
        [ 276., 5529.]]), 
 normalized: tensor([[0.952, 0.048],
        [0.048, 0.952]]), 
 b|y: tensor([[0.941, 0.059],
        [0.038, 0.962]])
get_utk_face - split: train, aug: 1, given_y: True, ratio: 10
use existing biased_utk_face from data/utk_face/pickles/biased_utk_face-target_gender-bias_race-0.95
Distribution Before Sampling: 
===================================
Binary Labels Distribution: 
Binary Target 0
---------------------------
Target 0: [4407, 276]
Target 1: [220, 5529]
Binary Target 1
---------------------------
Target 0: [4407, 276]
Target 1: [220, 5529]
===================================
Normal Label Distribution: 
Target 0: [4407, 276]
Target 1: [220, 5529]
===================================
Distribution After Sampling: 
===================================
Binary Labels Distribution: 
Binary Target 0
---------------------------
Target 0: [4407, 276]
Target 1: [220, 5529]
Binary Target 1
---------------------------
Target 0: [4407, 276]
Target 1: [220, 5529]
===================================
Normal Label Distribution: 
Target 0: [4407, 276]
Target 1: [220, 5529]
===================================
Use BiasedUTKFace - target_attr: gender
BiasedUTKFace -- total: 10432, target_attr: gender, bias_attr: race bias_rate: 0.95
['[train] target_0-bias_0: 4407', '[train] target_0-bias_1: 276', '[train] target_1-bias_0: 220', '[train] target_1-bias_1: 5529']
get_utk_face - split: valid, aug: False, given_y: True, ratio: 0
use existing biased_utk_face from data/utk_face/pickles/biased_utk_face-target_gender-bias_race-0.95
Distribution Before Sampling: 
===================================
Binary Labels Distribution: 
Binary Target 0
---------------------------
Target 0: [583, 684]
Target 1: [457, 646]
Binary Target 1
---------------------------
Target 0: [583, 684]
Target 1: [457, 646]
===================================
Normal Label Distribution: 
Target 0: [583, 684]
Target 1: [457, 646]
===================================
Use BiasedUTKFace - target_attr: gender
BiasedUTKFace -- total: 2370, target_attr: gender, bias_attr: race bias_rate: 0.95
['[valid] target_0-bias_0: 583', '[valid] target_0-bias_1: 684', '[valid] target_1-bias_0: 457', '[valid] target_1-bias_1: 646']
get_utk_face - split: test, aug: False, given_y: True, ratio: 0
use existing biased_utk_face from data/utk_face/pickles/biased_utk_face-target_gender-bias_race-0.95
Distribution Before Sampling: 
===================================
Binary Labels Distribution: 
Binary Target 0
---------------------------
Target 0: [558, 677]
Target 1: [462, 673]
Binary Target 1
---------------------------
Target 0: [558, 677]
Target 1: [462, 673]
===================================
Normal Label Distribution: 
Target 0: [558, 677]
Target 1: [462, 673]
===================================
Use BiasedUTKFace - target_attr: gender
BiasedUTKFace -- total: 2370, target_attr: gender, bias_attr: race bias_rate: 0.95
['[test] target_0-bias_0: 558', '[test] target_0-bias_1: 677', '[test] target_1-bias_0: 462', '[test] target_1-bias_1: 673']
decay_epochs: [6, 13]
[1 / 20] Learning rate: 0.001 weight: 0.01
[1 / 20] Loss: 4.913442190439423 CE Loss: 2.245920428469137 Con Loss: 4.890982987690557
[1 / 20] tensor([[0.789, 0.742],
        [0.838, 0.844]]) {'epoch': 1, 'valid/acc': 78.608, 'valid/acc_unbiased': 78.987, 'valid/diff': 2.926, 'valid/acc_skew': 79.039, 'valid/acc_align': 78.935, 'test/acc': 80.042, 'test/acc_unbiased': 80.292, 'test/diff': 2.667, 'test/acc_skew': 78.958, 'test/acc_align': 81.626}
[1 / 20] best valid accuracy: 78.987 at epoch 1 
 best_stats: {'best_valid_epoch': 1, 'best_valid_valid/acc': 78.608, 'best_valid_valid/acc_unbiased': 78.987, 'best_valid_valid/diff': 2.926, 'best_valid_valid/acc_skew': 79.039, 'best_valid_valid/acc_align': 78.935, 'best_valid_test/acc': 80.042, 'best_valid_test/acc_unbiased': 80.292, 'best_valid_test/diff': 2.667, 'best_valid_test/acc_skew': 78.958, 'best_valid_test/acc_align': 81.626}
[1 / 20] best test accuracy: 80.292 at epoch 1 
 best_stats: {'best_test_epoch': 1, 'best_test_valid/acc': 78.608, 'best_test_valid/acc_unbiased': 78.987, 'best_test_valid/diff': 2.926, 'best_test_valid/acc_skew': 79.039, 'best_test_valid/acc_align': 78.935, 'best_test_test/acc': 80.042, 'best_test_test/acc_unbiased': 80.292, 'best_test_test/diff': 2.667, 'best_test_test/acc_skew': 78.958, 'best_test_test/acc_align': 81.626}
[2 / 20] Learning rate: 0.001 weight: 0.01
[2 / 20] Loss: 4.7585634863449755 CE Loss: 1.880070227786807 Con Loss: 4.739762791826681
[2 / 20] tensor([[0.812, 0.744],
        [0.846, 0.848]]) {'epoch': 2, 'valid/acc': 79.451, 'valid/acc_unbiased': 79.649, 'valid/diff': 2.159, 'valid/acc_skew': 78.603, 'valid/acc_align': 80.694, 'test/acc': 80.97, 'test/acc_unbiased': 81.276, 'test/diff': 3.474, 'test/acc_skew': 79.539, 'test/acc_align': 83.013}
[2 / 20] best valid accuracy: 79.649 at epoch 2 
 best_stats: {'best_valid_epoch': 2, 'best_valid_valid/acc': 79.451, 'best_valid_valid/acc_unbiased': 79.649, 'best_valid_valid/diff': 2.159, 'best_valid_valid/acc_skew': 78.603, 'best_valid_valid/acc_align': 80.694, 'best_valid_test/acc': 80.97, 'best_valid_test/acc_unbiased': 81.276, 'best_valid_test/diff': 3.474, 'best_valid_test/acc_skew': 79.539, 'best_valid_test/acc_align': 83.013}
[2 / 20] best test accuracy: 81.276 at epoch 2 
 best_stats: {'best_test_epoch': 2, 'best_test_valid/acc': 79.451, 'best_test_valid/acc_unbiased': 79.649, 'best_test_valid/diff': 2.159, 'best_test_valid/acc_skew': 78.603, 'best_test_valid/acc_align': 80.694, 'best_test_test/acc': 80.97, 'best_test_test/acc_unbiased': 81.276, 'best_test_test/diff': 3.474, 'best_test_test/acc_skew': 79.539, 'best_test_test/acc_align': 83.013}
[3 / 20] Learning rate: 0.001 weight: 0.01
[3 / 20] Loss: 4.729533332988528 CE Loss: 1.6642584500868627 Con Loss: 4.712890759567542
[3 / 20] tensor([[0.939, 0.919],
        [0.628, 0.609]]) {'epoch': 3, 'valid/acc': 78.903, 'valid/acc_unbiased': 78.118, 'valid/diff': 4.016, 'valid/acc_skew': 79.971, 'valid/acc_align': 76.264, 'test/acc': 77.89, 'test/acc_unbiased': 77.369, 'test/diff': 1.94, 'test/acc_skew': 77.323, 'test/acc_align': 77.414}
[3 / 20] best valid accuracy: 79.649 at epoch 2 
 best_stats: {'best_valid_epoch': 2, 'best_valid_valid/acc': 79.451, 'best_valid_valid/acc_unbiased': 79.649, 'best_valid_valid/diff': 2.159, 'best_valid_valid/acc_skew': 78.603, 'best_valid_valid/acc_align': 80.694, 'best_valid_test/acc': 80.97, 'best_valid_test/acc_unbiased': 81.276, 'best_valid_test/diff': 3.474, 'best_valid_test/acc_skew': 79.539, 'best_valid_test/acc_align': 83.013}
[3 / 20] best test accuracy: 81.276 at epoch 2 
 best_stats: {'best_test_epoch': 2, 'best_test_valid/acc': 79.451, 'best_test_valid/acc_unbiased': 79.649, 'best_test_valid/diff': 2.159, 'best_test_valid/acc_skew': 78.603, 'best_test_valid/acc_align': 80.694, 'best_test_test/acc': 80.97, 'best_test_test/acc_unbiased': 81.276, 'best_test_test/diff': 3.474, 'best_test_test/acc_skew': 79.539, 'best_test_test/acc_align': 83.013}
[4 / 20] Learning rate: 0.001 weight: 0.01
[4 / 20] Loss: 4.69393515440584 CE Loss: 1.674853109143263 Con Loss: 4.677186635374292
[4 / 20] tensor([[0.871, 0.830],
        [0.753, 0.799]]) {'epoch': 4, 'valid/acc': 82.489, 'valid/acc_unbiased': 82.317, 'valid/diff': 2.087, 'valid/acc_skew': 81.31, 'valid/acc_align': 83.324, 'test/acc': 81.603, 'test/acc_unbiased': 81.344, 'test/diff': 4.35, 'test/acc_skew': 79.169, 'test/acc_align': 83.519}
[4 / 20] best valid accuracy: 82.317 at epoch 4 
 best_stats: {'best_valid_epoch': 4, 'best_valid_valid/acc': 82.489, 'best_valid_valid/acc_unbiased': 82.317, 'best_valid_valid/diff': 2.087, 'best_valid_valid/acc_skew': 81.31, 'best_valid_valid/acc_align': 83.324, 'best_valid_test/acc': 81.603, 'best_valid_test/acc_unbiased': 81.344, 'best_valid_test/diff': 4.35, 'best_valid_test/acc_skew': 79.169, 'best_valid_test/acc_align': 83.519}
[4 / 20] best test accuracy: 81.344 at epoch 4 
 best_stats: {'best_test_epoch': 4, 'best_test_valid/acc': 82.489, 'best_test_valid/acc_unbiased': 82.317, 'best_test_valid/diff': 2.087, 'best_test_valid/acc_skew': 81.31, 'best_test_valid/acc_align': 83.324, 'best_test_test/acc': 81.603, 'best_test_test/acc_unbiased': 81.344, 'best_test_test/diff': 4.35, 'best_test_test/acc_skew': 79.169, 'best_test_test/acc_align': 83.519}
[5 / 20] Learning rate: 0.001 weight: 0.01
[5 / 20] Loss: 4.673903886525909 CE Loss: 1.4613900758737435 Con Loss: 4.659289974376468
[5 / 20] tensor([[0.853, 0.814],
        [0.814, 0.860]]) {'epoch': 5, 'valid/acc': 84.726, 'valid/acc_unbiased': 84.923, 'valid/diff': 2.913, 'valid/acc_skew': 84.92, 'valid/acc_align': 84.926, 'test/acc': 83.629, 'test/acc_unbiased': 83.528, 'test/diff': 4.282, 'test/acc_skew': 81.387, 'test/acc_align': 85.669}
[5 / 20] best valid accuracy: 84.923 at epoch 5 
 best_stats: {'best_valid_epoch': 5, 'best_valid_valid/acc': 84.726, 'best_valid_valid/acc_unbiased': 84.923, 'best_valid_valid/diff': 2.913, 'best_valid_valid/acc_skew': 84.92, 'best_valid_valid/acc_align': 84.926, 'best_valid_test/acc': 83.629, 'best_valid_test/acc_unbiased': 83.528, 'best_valid_test/diff': 4.282, 'best_valid_test/acc_skew': 81.387, 'best_valid_test/acc_align': 85.669}
[5 / 20] best test accuracy: 83.528 at epoch 5 
 best_stats: {'best_test_epoch': 5, 'best_test_valid/acc': 84.726, 'best_test_valid/acc_unbiased': 84.923, 'best_test_valid/diff': 2.913, 'best_test_valid/acc_skew': 84.92, 'best_test_valid/acc_align': 84.926, 'best_test_test/acc': 83.629, 'best_test_test/acc_unbiased': 83.528, 'best_test_test/diff': 4.282, 'best_test_test/acc_skew': 81.387, 'best_test_test/acc_align': 85.669}
[6 / 20] Learning rate: 0.001 weight: 0.01
[6 / 20] Loss: 4.656960677515509 CE Loss: 1.4218284915561326 Con Loss: 4.642742385162166
[6 / 20] tensor([[0.909, 0.857],
        [0.734, 0.826]]) {'epoch': 6, 'valid/acc': 84.557, 'valid/acc_unbiased': 84.086, 'valid/diff': 5.328, 'valid/acc_skew': 81.422, 'valid/acc_align': 86.75, 'test/acc': 83.629, 'test/acc_unbiased': 83.131, 'test/diff': 7.213, 'test/acc_skew': 79.524, 'test/acc_align': 86.738}
[6 / 20] best valid accuracy: 84.923 at epoch 5 
 best_stats: {'best_valid_epoch': 5, 'best_valid_valid/acc': 84.726, 'best_valid_valid/acc_unbiased': 84.923, 'best_valid_valid/diff': 2.913, 'best_valid_valid/acc_skew': 84.92, 'best_valid_valid/acc_align': 84.926, 'best_valid_test/acc': 83.629, 'best_valid_test/acc_unbiased': 83.528, 'best_valid_test/diff': 4.282, 'best_valid_test/acc_skew': 81.387, 'best_valid_test/acc_align': 85.669}
[6 / 20] best test accuracy: 83.528 at epoch 5 
 best_stats: {'best_test_epoch': 5, 'best_test_valid/acc': 84.726, 'best_test_valid/acc_unbiased': 84.923, 'best_test_valid/diff': 2.913, 'best_test_valid/acc_skew': 84.92, 'best_test_valid/acc_align': 84.926, 'best_test_test/acc': 83.629, 'best_test_test/acc_unbiased': 83.528, 'best_test_test/diff': 4.282, 'best_test_test/acc_skew': 81.387, 'best_test_test/acc_align': 85.669}
[7 / 20] Learning rate: 0.0001 weight: 0.01
[7 / 20] Loss: 4.567838528404938 CE Loss: 1.2013213864864747 Con Loss: 4.55582531537015
[7 / 20] tensor([[0.853, 0.771],
        [0.848, 0.908]]) {'epoch': 7, 'valid/acc': 85.316, 'valid/acc_unbiased': 85.528, 'valid/diff': 4.507, 'valid/acc_skew': 83.275, 'valid/acc_align': 87.782, 'test/acc': 84.43, 'test/acc_unbiased': 84.511, 'test/diff': 7.069, 'test/acc_skew': 80.977, 'test/acc_align': 88.046}
[7 / 20] best valid accuracy: 85.528 at epoch 7 
 best_stats: {'best_valid_epoch': 7, 'best_valid_valid/acc': 85.316, 'best_valid_valid/acc_unbiased': 85.528, 'best_valid_valid/diff': 4.507, 'best_valid_valid/acc_skew': 83.275, 'best_valid_valid/acc_align': 87.782, 'best_valid_test/acc': 84.43, 'best_valid_test/acc_unbiased': 84.511, 'best_valid_test/diff': 7.069, 'best_valid_test/acc_skew': 80.977, 'best_valid_test/acc_align': 88.046}
[7 / 20] best test accuracy: 84.511 at epoch 7 
 best_stats: {'best_test_epoch': 7, 'best_test_valid/acc': 85.316, 'best_test_valid/acc_unbiased': 85.528, 'best_test_valid/diff': 4.507, 'best_test_valid/acc_skew': 83.275, 'best_test_valid/acc_align': 87.782, 'best_test_test/acc': 84.43, 'best_test_test/acc_unbiased': 84.511, 'best_test_test/diff': 7.069, 'best_test_test/acc_skew': 80.977, 'best_test_test/acc_align': 88.046}
[8 / 20] Learning rate: 0.0001 weight: 0.01
[8 / 20] Loss: 4.548255104228763 CE Loss: 1.1668770722816326 Con Loss: 4.536586337294315
[8 / 20] tensor([[0.871, 0.808],
        [0.799, 0.875]]) {'epoch': 8, 'valid/acc': 85.274, 'valid/acc_unbiased': 85.034, 'valid/diff': 6.282, 'valid/acc_skew': 81.892, 'valid/acc_align': 88.175, 'test/acc': 84.008, 'test/acc_unbiased': 83.821, 'test/diff': 6.974, 'test/acc_skew': 80.334, 'test/acc_align': 87.308}
[8 / 20] best valid accuracy: 85.528 at epoch 7 
 best_stats: {'best_valid_epoch': 7, 'best_valid_valid/acc': 85.316, 'best_valid_valid/acc_unbiased': 85.528, 'best_valid_valid/diff': 4.507, 'best_valid_valid/acc_skew': 83.275, 'best_valid_valid/acc_align': 87.782, 'best_valid_test/acc': 84.43, 'best_valid_test/acc_unbiased': 84.511, 'best_valid_test/diff': 7.069, 'best_valid_test/acc_skew': 80.977, 'best_valid_test/acc_align': 88.046}
[8 / 20] best test accuracy: 84.511 at epoch 7 
 best_stats: {'best_test_epoch': 7, 'best_test_valid/acc': 85.316, 'best_test_valid/acc_unbiased': 85.528, 'best_test_valid/diff': 4.507, 'best_test_valid/acc_skew': 83.275, 'best_test_valid/acc_align': 87.782, 'best_test_test/acc': 84.43, 'best_test_test/acc_unbiased': 84.511, 'best_test_test/diff': 7.069, 'best_test_test/acc_skew': 80.977, 'best_test_test/acc_align': 88.046}
[9 / 20] Learning rate: 0.0001 weight: 0.01
[9 / 20] Loss: 4.525502087879766 CE Loss: 1.122096837663943 Con Loss: 4.514281120768354
[9 / 20] tensor([[0.885, 0.802],
        [0.807, 0.881]]) {'epoch': 9, 'valid/acc': 85.738, 'valid/acc_unbiased': 85.548, 'valid/diff': 6.144, 'valid/acc_skew': 82.476, 'valid/acc_align': 88.62, 'test/acc': 84.515, 'test/acc_unbiased': 84.397, 'test/diff': 7.85, 'test/acc_skew': 80.471, 'test/acc_align': 88.322}
[9 / 20] best valid accuracy: 85.548 at epoch 9 
 best_stats: {'best_valid_epoch': 9, 'best_valid_valid/acc': 85.738, 'best_valid_valid/acc_unbiased': 85.548, 'best_valid_valid/diff': 6.144, 'best_valid_valid/acc_skew': 82.476, 'best_valid_valid/acc_align': 88.62, 'best_valid_test/acc': 84.515, 'best_valid_test/acc_unbiased': 84.397, 'best_valid_test/diff': 7.85, 'best_valid_test/acc_skew': 80.471, 'best_valid_test/acc_align': 88.322}
[9 / 20] best test accuracy: 84.511 at epoch 7 
 best_stats: {'best_test_epoch': 7, 'best_test_valid/acc': 85.316, 'best_test_valid/acc_unbiased': 85.528, 'best_test_valid/diff': 4.507, 'best_test_valid/acc_skew': 83.275, 'best_test_valid/acc_align': 87.782, 'best_test_test/acc': 84.43, 'best_test_test/acc_unbiased': 84.511, 'best_test_test/diff': 7.069, 'best_test_test/acc_skew': 80.977, 'best_test_test/acc_align': 88.046}
[10 / 20] Learning rate: 0.0001 weight: 0.01
[10 / 20] Loss: 4.5129335848100345 CE Loss: 1.0985828579569155 Con Loss: 4.5019477481490995
[10 / 20] tensor([[0.880, 0.808],
        [0.814, 0.878]]) {'epoch': 10, 'valid/acc': 86.245, 'valid/acc_unbiased': 86.208, 'valid/diff': 4.912, 'valid/acc_skew': 83.752, 'valid/acc_align': 88.664, 'test/acc': 84.599, 'test/acc_unbiased': 84.498, 'test/diff': 6.813, 'test/acc_skew': 81.091, 'test/acc_align': 87.904}
[10 / 20] best valid accuracy: 86.208 at epoch 10 
 best_stats: {'best_valid_epoch': 10, 'best_valid_valid/acc': 86.245, 'best_valid_valid/acc_unbiased': 86.208, 'best_valid_valid/diff': 4.912, 'best_valid_valid/acc_skew': 83.752, 'best_valid_valid/acc_align': 88.664, 'best_valid_test/acc': 84.599, 'best_valid_test/acc_unbiased': 84.498, 'best_valid_test/diff': 6.813, 'best_valid_test/acc_skew': 81.091, 'best_valid_test/acc_align': 87.904}
[10 / 20] best test accuracy: 84.511 at epoch 7 
 best_stats: {'best_test_epoch': 7, 'best_test_valid/acc': 85.316, 'best_test_valid/acc_unbiased': 85.528, 'best_test_valid/diff': 4.507, 'best_test_valid/acc_skew': 83.275, 'best_test_valid/acc_align': 87.782, 'best_test_test/acc': 84.43, 'best_test_test/acc_unbiased': 84.511, 'best_test_test/diff': 7.069, 'best_test_test/acc_skew': 80.977, 'best_test_test/acc_align': 88.046}
[11 / 20] Learning rate: 0.0001 weight: 0.01
[11 / 20] Loss: 4.492722596127563 CE Loss: 1.1030807780341867 Con Loss: 4.481691775877783
[11 / 20] tensor([[0.907, 0.826],
        [0.803, 0.866]]) {'epoch': 11, 'valid/acc': 86.076, 'valid/acc_unbiased': 85.796, 'valid/diff': 6.126, 'valid/acc_skew': 82.733, 'valid/acc_align': 88.859, 'test/acc': 85.19, 'test/acc_unbiased': 85.045, 'test/diff': 7.217, 'test/acc_skew': 81.437, 'test/acc_align': 88.654}
[11 / 20] best valid accuracy: 86.208 at epoch 10 
 best_stats: {'best_valid_epoch': 10, 'best_valid_valid/acc': 86.245, 'best_valid_valid/acc_unbiased': 86.208, 'best_valid_valid/diff': 4.912, 'best_valid_valid/acc_skew': 83.752, 'best_valid_valid/acc_align': 88.664, 'best_valid_test/acc': 84.599, 'best_valid_test/acc_unbiased': 84.498, 'best_valid_test/diff': 6.813, 'best_valid_test/acc_skew': 81.091, 'best_valid_test/acc_align': 87.904}
[11 / 20] best test accuracy: 85.045 at epoch 11 
 best_stats: {'best_test_epoch': 11, 'best_test_valid/acc': 86.076, 'best_test_valid/acc_unbiased': 85.796, 'best_test_valid/diff': 6.126, 'best_test_valid/acc_skew': 82.733, 'best_test_valid/acc_align': 88.859, 'best_test_test/acc': 85.19, 'best_test_test/acc_unbiased': 85.045, 'best_test_test/diff': 7.217, 'best_test_test/acc_skew': 81.437, 'best_test_test/acc_align': 88.654}
[12 / 20] Learning rate: 0.0001 weight: 0.01
[12 / 20] Loss: 4.489144126330417 CE Loss: 1.0616196127025628 Con Loss: 4.478527929153911
[12 / 20] tensor([[0.871, 0.790],
        [0.840, 0.903]]) {'epoch': 12, 'valid/acc': 85.738, 'valid/acc_unbiased': 85.823, 'valid/diff': 7.213, 'valid/acc_skew': 82.217, 'valid/acc_align': 89.43, 'test/acc': 85.105, 'test/acc_unbiased': 85.112, 'test/diff': 7.215, 'test/acc_skew': 81.504, 'test/acc_align': 88.719}
[12 / 20] best valid accuracy: 86.208 at epoch 10 
 best_stats: {'best_valid_epoch': 10, 'best_valid_valid/acc': 86.245, 'best_valid_valid/acc_unbiased': 86.208, 'best_valid_valid/diff': 4.912, 'best_valid_valid/acc_skew': 83.752, 'best_valid_valid/acc_align': 88.664, 'best_valid_test/acc': 84.599, 'best_valid_test/acc_unbiased': 84.498, 'best_valid_test/diff': 6.813, 'best_valid_test/acc_skew': 81.091, 'best_valid_test/acc_align': 87.904}
[12 / 20] best test accuracy: 85.112 at epoch 12 
 best_stats: {'best_test_epoch': 12, 'best_test_valid/acc': 85.738, 'best_test_valid/acc_unbiased': 85.823, 'best_test_valid/diff': 7.213, 'best_test_valid/acc_skew': 82.217, 'best_test_valid/acc_align': 89.43, 'best_test_test/acc': 85.105, 'best_test_test/acc_unbiased': 85.112, 'best_test_test/diff': 7.215, 'best_test_test/acc_skew': 81.504, 'best_test_test/acc_align': 88.719}
[13 / 20] Learning rate: 0.0001 weight: 0.01
[13 / 20] Loss: 4.471525712978621 CE Loss: 0.9782861939237162 Con Loss: 4.461742842855629
[13 / 20] tensor([[0.903, 0.833],
        [0.794, 0.877]]) {'epoch': 13, 'valid/acc': 86.076, 'valid/acc_unbiased': 85.784, 'valid/diff': 6.611, 'valid/acc_skew': 82.478, 'valid/acc_align': 89.089, 'test/acc': 85.443, 'test/acc_unbiased': 85.184, 'test/diff': 7.622, 'test/acc_skew': 81.373, 'test/acc_align': 88.995}
[13 / 20] best valid accuracy: 86.208 at epoch 10 
 best_stats: {'best_valid_epoch': 10, 'best_valid_valid/acc': 86.245, 'best_valid_valid/acc_unbiased': 86.208, 'best_valid_valid/diff': 4.912, 'best_valid_valid/acc_skew': 83.752, 'best_valid_valid/acc_align': 88.664, 'best_valid_test/acc': 84.599, 'best_valid_test/acc_unbiased': 84.498, 'best_valid_test/diff': 6.813, 'best_valid_test/acc_skew': 81.091, 'best_valid_test/acc_align': 87.904}
[13 / 20] best test accuracy: 85.184 at epoch 13 
 best_stats: {'best_test_epoch': 13, 'best_test_valid/acc': 86.076, 'best_test_valid/acc_unbiased': 85.784, 'best_test_valid/diff': 6.611, 'best_test_valid/acc_skew': 82.478, 'best_test_valid/acc_align': 89.089, 'best_test_test/acc': 85.443, 'best_test_test/acc_unbiased': 85.184, 'best_test_test/diff': 7.622, 'best_test_test/acc_skew': 81.373, 'best_test_test/acc_align': 88.995}
[14 / 20] Learning rate: 1e-05 weight: 0.01
[14 / 20] Loss: 4.448779021304078 CE Loss: 1.0031049902453744 Con Loss: 4.4387479706044575
[14 / 20] tensor([[0.889, 0.812],
        [0.825, 0.886]]) {'epoch': 14, 'valid/acc': 85.992, 'valid/acc_unbiased': 85.93, 'valid/diff': 7.129, 'valid/acc_skew': 82.365, 'valid/acc_align': 89.495, 'test/acc': 85.359, 'test/acc_unbiased': 85.289, 'test/diff': 6.87, 'test/acc_skew': 81.854, 'test/acc_align': 88.724}
[14 / 20] best valid accuracy: 86.208 at epoch 10 
 best_stats: {'best_valid_epoch': 10, 'best_valid_valid/acc': 86.245, 'best_valid_valid/acc_unbiased': 86.208, 'best_valid_valid/diff': 4.912, 'best_valid_valid/acc_skew': 83.752, 'best_valid_valid/acc_align': 88.664, 'best_valid_test/acc': 84.599, 'best_valid_test/acc_unbiased': 84.498, 'best_valid_test/diff': 6.813, 'best_valid_test/acc_skew': 81.091, 'best_valid_test/acc_align': 87.904}
[14 / 20] best test accuracy: 85.289 at epoch 14 
 best_stats: {'best_test_epoch': 14, 'best_test_valid/acc': 85.992, 'best_test_valid/acc_unbiased': 85.93, 'best_test_valid/diff': 7.129, 'best_test_valid/acc_skew': 82.365, 'best_test_valid/acc_align': 89.495, 'best_test_test/acc': 85.359, 'best_test_test/acc_unbiased': 85.289, 'best_test_test/diff': 6.87, 'best_test_test/acc_skew': 81.854, 'best_test_test/acc_align': 88.724}
[15 / 20] Learning rate: 1e-05 weight: 0.01
[15 / 20] Loss: 4.460416492508965 CE Loss: 0.9982421215326508 Con Loss: 4.45043405579643
[15 / 20] tensor([[0.891, 0.815],
        [0.812, 0.887]]) {'epoch': 15, 'valid/acc': 86.245, 'valid/acc_unbiased': 86.124, 'valid/diff': 7.808, 'valid/acc_skew': 82.22, 'valid/acc_align': 90.028, 'test/acc': 85.274, 'test/acc_unbiased': 85.12, 'test/diff': 7.535, 'test/acc_skew': 81.353, 'test/acc_align': 88.888}
[15 / 20] best valid accuracy: 86.208 at epoch 10 
 best_stats: {'best_valid_epoch': 10, 'best_valid_valid/acc': 86.245, 'best_valid_valid/acc_unbiased': 86.208, 'best_valid_valid/diff': 4.912, 'best_valid_valid/acc_skew': 83.752, 'best_valid_valid/acc_align': 88.664, 'best_valid_test/acc': 84.599, 'best_valid_test/acc_unbiased': 84.498, 'best_valid_test/diff': 6.813, 'best_valid_test/acc_skew': 81.091, 'best_valid_test/acc_align': 87.904}
[15 / 20] best test accuracy: 85.289 at epoch 14 
 best_stats: {'best_test_epoch': 14, 'best_test_valid/acc': 85.992, 'best_test_valid/acc_unbiased': 85.93, 'best_test_valid/diff': 7.129, 'best_test_valid/acc_skew': 82.365, 'best_test_valid/acc_align': 89.495, 'best_test_test/acc': 85.359, 'best_test_test/acc_unbiased': 85.289, 'best_test_test/diff': 6.87, 'best_test_test/acc_skew': 81.854, 'best_test_test/acc_align': 88.724}
[16 / 20] Learning rate: 1e-05 weight: 0.01
[16 / 20] Loss: 4.442890164310946 CE Loss: 0.970917463668285 Con Loss: 4.433180984543877
[16 / 20] tensor([[0.885, 0.809],
        [0.816, 0.886]]) {'epoch': 16, 'valid/acc': 86.287, 'valid/acc_unbiased': 86.185, 'valid/diff': 7.858, 'valid/acc_skew': 82.256, 'valid/acc_align': 90.114, 'test/acc': 85.021, 'test/acc_unbiased': 84.909, 'test/diff': 7.271, 'test/acc_skew': 81.274, 'test/acc_align': 88.545}
[16 / 20] best valid accuracy: 86.208 at epoch 10 
 best_stats: {'best_valid_epoch': 10, 'best_valid_valid/acc': 86.245, 'best_valid_valid/acc_unbiased': 86.208, 'best_valid_valid/diff': 4.912, 'best_valid_valid/acc_skew': 83.752, 'best_valid_valid/acc_align': 88.664, 'best_valid_test/acc': 84.599, 'best_valid_test/acc_unbiased': 84.498, 'best_valid_test/diff': 6.813, 'best_valid_test/acc_skew': 81.091, 'best_valid_test/acc_align': 87.904}
[16 / 20] best test accuracy: 85.289 at epoch 14 
 best_stats: {'best_test_epoch': 14, 'best_test_valid/acc': 85.992, 'best_test_valid/acc_unbiased': 85.93, 'best_test_valid/diff': 7.129, 'best_test_valid/acc_skew': 82.365, 'best_test_valid/acc_align': 89.495, 'best_test_test/acc': 85.359, 'best_test_test/acc_unbiased': 85.289, 'best_test_test/diff': 6.87, 'best_test_test/acc_skew': 81.854, 'best_test_test/acc_align': 88.724}
[17 / 20] Learning rate: 1e-05 weight: 0.01
[17 / 20] Loss: 4.433395777743287 CE Loss: 0.9025371659752781 Con Loss: 4.42437040586413
[17 / 20] tensor([[0.885, 0.809],
        [0.823, 0.889]]) {'epoch': 17, 'valid/acc': 86.245, 'valid/acc_unbiased': 86.149, 'valid/diff': 8.224, 'valid/acc_skew': 82.037, 'valid/acc_align': 90.26, 'test/acc': 85.232, 'test/acc_unbiased': 85.146, 'test/diff': 7.095, 'test/acc_skew': 81.598, 'test/acc_align': 88.693}
[17 / 20] best valid accuracy: 86.208 at epoch 10 
 best_stats: {'best_valid_epoch': 10, 'best_valid_valid/acc': 86.245, 'best_valid_valid/acc_unbiased': 86.208, 'best_valid_valid/diff': 4.912, 'best_valid_valid/acc_skew': 83.752, 'best_valid_valid/acc_align': 88.664, 'best_valid_test/acc': 84.599, 'best_valid_test/acc_unbiased': 84.498, 'best_valid_test/diff': 6.813, 'best_valid_test/acc_skew': 81.091, 'best_valid_test/acc_align': 87.904}
[17 / 20] best test accuracy: 85.289 at epoch 14 
 best_stats: {'best_test_epoch': 14, 'best_test_valid/acc': 85.992, 'best_test_valid/acc_unbiased': 85.93, 'best_test_valid/diff': 7.129, 'best_test_valid/acc_skew': 82.365, 'best_test_valid/acc_align': 89.495, 'best_test_test/acc': 85.359, 'best_test_test/acc_unbiased': 85.289, 'best_test_test/diff': 6.87, 'best_test_test/acc_skew': 81.854, 'best_test_test/acc_align': 88.724}
[18 / 20] Learning rate: 1e-05 weight: 0.01
[18 / 20] Loss: 4.431834358379153 CE Loss: 0.9765339537632246 Con Loss: 4.422068996663474
[18 / 20] tensor([[0.892, 0.815],
        [0.818, 0.884]]) {'epoch': 18, 'valid/acc': 86.287, 'valid/acc_unbiased': 86.101, 'valid/diff': 8.419, 'valid/acc_skew': 81.892, 'valid/acc_align': 90.311, 'test/acc': 85.359, 'test/acc_unbiased': 85.253, 'test/diff': 7.152, 'test/acc_skew': 81.677, 'test/acc_align': 88.829}
[18 / 20] best valid accuracy: 86.208 at epoch 10 
 best_stats: {'best_valid_epoch': 10, 'best_valid_valid/acc': 86.245, 'best_valid_valid/acc_unbiased': 86.208, 'best_valid_valid/diff': 4.912, 'best_valid_valid/acc_skew': 83.752, 'best_valid_valid/acc_align': 88.664, 'best_valid_test/acc': 84.599, 'best_valid_test/acc_unbiased': 84.498, 'best_valid_test/diff': 6.813, 'best_valid_test/acc_skew': 81.091, 'best_valid_test/acc_align': 87.904}
[18 / 20] best test accuracy: 85.289 at epoch 14 
 best_stats: {'best_test_epoch': 14, 'best_test_valid/acc': 85.992, 'best_test_valid/acc_unbiased': 85.93, 'best_test_valid/diff': 7.129, 'best_test_valid/acc_skew': 82.365, 'best_test_valid/acc_align': 89.495, 'best_test_test/acc': 85.359, 'best_test_test/acc_unbiased': 85.289, 'best_test_test/diff': 6.87, 'best_test_test/acc_skew': 81.854, 'best_test_test/acc_align': 88.724}
[19 / 20] Learning rate: 1e-05 weight: 0.01
[19 / 20] Loss: 4.437078695355749 CE Loss: 0.9682066674612783 Con Loss: 4.427396645575214
[19 / 20] tensor([[0.887, 0.811],
        [0.814, 0.890]]) {'epoch': 19, 'valid/acc': 86.329, 'valid/acc_unbiased': 86.19, 'valid/diff': 8.671, 'valid/acc_skew': 81.855, 'valid/acc_align': 90.526, 'test/acc': 85.19, 'test/acc_unbiased': 85.048, 'test/diff': 7.618, 'test/acc_skew': 81.239, 'test/acc_align': 88.857}
[19 / 20] best valid accuracy: 86.208 at epoch 10 
 best_stats: {'best_valid_epoch': 10, 'best_valid_valid/acc': 86.245, 'best_valid_valid/acc_unbiased': 86.208, 'best_valid_valid/diff': 4.912, 'best_valid_valid/acc_skew': 83.752, 'best_valid_valid/acc_align': 88.664, 'best_valid_test/acc': 84.599, 'best_valid_test/acc_unbiased': 84.498, 'best_valid_test/diff': 6.813, 'best_valid_test/acc_skew': 81.091, 'best_valid_test/acc_align': 87.904}
[19 / 20] best test accuracy: 85.289 at epoch 14 
 best_stats: {'best_test_epoch': 14, 'best_test_valid/acc': 85.992, 'best_test_valid/acc_unbiased': 85.93, 'best_test_valid/diff': 7.129, 'best_test_valid/acc_skew': 82.365, 'best_test_valid/acc_align': 89.495, 'best_test_test/acc': 85.359, 'best_test_test/acc_unbiased': 85.289, 'best_test_test/diff': 6.87, 'best_test_test/acc_skew': 81.854, 'best_test_test/acc_align': 88.724}
[20 / 20] Learning rate: 1e-05 weight: 0.01
[20 / 20] Loss: 4.451365122765851 CE Loss: 1.041267949379295 Con Loss: 4.440952441443695
[20 / 20] tensor([[0.903, 0.820],
        [0.801, 0.881]]) {'epoch': 20, 'valid/acc': 86.414, 'valid/acc_unbiased': 86.172, 'valid/diff': 8.121, 'valid/acc_skew': 82.112, 'valid/acc_align': 90.233, 'test/acc': 85.316, 'test/acc_unbiased': 85.125, 'test/diff': 8.185, 'test/acc_skew': 81.033, 'test/acc_align': 89.218}
[20 / 20] best valid accuracy: 86.208 at epoch 10 
 best_stats: {'best_valid_epoch': 10, 'best_valid_valid/acc': 86.245, 'best_valid_valid/acc_unbiased': 86.208, 'best_valid_valid/diff': 4.912, 'best_valid_valid/acc_skew': 83.752, 'best_valid_valid/acc_align': 88.664, 'best_valid_test/acc': 84.599, 'best_valid_test/acc_unbiased': 84.498, 'best_valid_test/diff': 6.813, 'best_valid_test/acc_skew': 81.091, 'best_valid_test/acc_align': 87.904}
[20 / 20] best test accuracy: 85.289 at epoch 14 
 best_stats: {'best_test_epoch': 14, 'best_test_valid/acc': 85.992, 'best_test_valid/acc_unbiased': 85.93, 'best_test_valid/diff': 7.129, 'best_test_valid/acc_skew': 82.365, 'best_test_valid/acc_align': 89.495, 'best_test_test/acc': 85.359, 'best_test_test/acc_unbiased': 85.289, 'best_test_test/diff': 6.87, 'best_test_test/acc_skew': 81.854, 'best_test_test/acc_align': 88.724}
Total training time: 1:06:23
