Log level set to: INFO
Set seed: 2
=======> Using Fixed Random Seed: 2 <========
save_path: exp_results/bc-bb0-utk_face_race-os_0.9_trivial-0.9-lr0.001-bs128-cbs64-w0.01-ratio10-aug1-seed2
get_utk_face - split: train, aug: False, given_y: True, ratio: 0
use existing biased_utk_face from data/utk_face/pickles/biased_utk_face-target_gender-bias_race-0.9
Distribution Before Sampling: 
===================================
Binary Labels Distribution: 
Binary Target 0
---------------------------
Target 0: [4407, 552]
Target 1: [440, 5529]
Binary Target 1
---------------------------
Target 0: [4407, 552]
Target 1: [440, 5529]
===================================
Normal Label Distribution: 
Target 0: [4407, 552]
Target 1: [440, 5529]
===================================
Distribution After Sampling: 
===================================
Binary Labels Distribution: 
Binary Target 0
---------------------------
Target 0: [4976, 4976]
Target 1: [4976, 4976]
Binary Target 1
---------------------------
Target 0: [4976, 4976]
Target 1: [4976, 4976]
===================================
Normal Label Distribution: 
Target 0: [4976, 4976]
Target 1: [4976, 4976]
===================================
Use BiasedUTKFace - target_attr: gender
BiasedUTKFace -- total: 19904, target_attr: gender, bias_attr: race bias_rate: 0.9
['[train] target_0-bias_0: 4976', '[train] target_0-bias_1: 4976', '[train] target_1-bias_0: 4976', '[train] target_1-bias_1: 4976']
confusion_matrix - 
 original: tensor([[4976., 4976.],
        [4976., 4976.]]), 
 normalized: tensor([[0.500, 0.500],
        [0.500, 0.500]]), 
 b|y: tensor([[0.500, 0.500],
        [0.500, 0.500]])
get_utk_face - split: train, aug: 1, given_y: True, ratio: 10
use existing biased_utk_face from data/utk_face/pickles/biased_utk_face-target_gender-bias_race-0.9
Distribution Before Sampling: 
===================================
Binary Labels Distribution: 
Binary Target 0
---------------------------
Target 0: [4407, 552]
Target 1: [440, 5529]
Binary Target 1
---------------------------
Target 0: [4407, 552]
Target 1: [440, 5529]
===================================
Normal Label Distribution: 
Target 0: [4407, 552]
Target 1: [440, 5529]
===================================
Distribution After Sampling: 
===================================
Binary Labels Distribution: 
Binary Target 0
---------------------------
Target 0: [4976, 4976]
Target 1: [4976, 4976]
Binary Target 1
---------------------------
Target 0: [4976, 4976]
Target 1: [4976, 4976]
===================================
Normal Label Distribution: 
Target 0: [4976, 4976]
Target 1: [4976, 4976]
===================================
Use BiasedUTKFace - target_attr: gender
BiasedUTKFace -- total: 19904, target_attr: gender, bias_attr: race bias_rate: 0.9
['[train] target_0-bias_0: 4976', '[train] target_0-bias_1: 4976', '[train] target_1-bias_0: 4976', '[train] target_1-bias_1: 4976']
get_utk_face - split: valid, aug: False, given_y: True, ratio: 0
use existing biased_utk_face from data/utk_face/pickles/biased_utk_face-target_gender-bias_race-0.9
Distribution Before Sampling: 
===================================
Binary Labels Distribution: 
Binary Target 0
---------------------------
Target 0: [583, 684]
Target 1: [457, 646]
Binary Target 1
---------------------------
Target 0: [583, 684]
Target 1: [457, 646]
===================================
Normal Label Distribution: 
Target 0: [583, 684]
Target 1: [457, 646]
===================================
Use BiasedUTKFace - target_attr: gender
BiasedUTKFace -- total: 2370, target_attr: gender, bias_attr: race bias_rate: 0.9
['[valid] target_0-bias_0: 583', '[valid] target_0-bias_1: 684', '[valid] target_1-bias_0: 457', '[valid] target_1-bias_1: 646']
get_utk_face - split: test, aug: False, given_y: True, ratio: 0
use existing biased_utk_face from data/utk_face/pickles/biased_utk_face-target_gender-bias_race-0.9
Distribution Before Sampling: 
===================================
Binary Labels Distribution: 
Binary Target 0
---------------------------
Target 0: [558, 677]
Target 1: [462, 673]
Binary Target 1
---------------------------
Target 0: [558, 677]
Target 1: [462, 673]
===================================
Normal Label Distribution: 
Target 0: [558, 677]
Target 1: [462, 673]
===================================
Use BiasedUTKFace - target_attr: gender
BiasedUTKFace -- total: 2370, target_attr: gender, bias_attr: race bias_rate: 0.9
['[test] target_0-bias_0: 558', '[test] target_0-bias_1: 677', '[test] target_1-bias_0: 462', '[test] target_1-bias_1: 673']
decay_epochs: [6, 13]
[1 / 20] Learning rate: 0.001 weight: 0.01
[1 / 20] Loss: 4.859186425469696 CE Loss: 0.5365499707471902 Con Loss: 4.8538209295732795
[1 / 20] tensor([[0.668, 0.623],
        [0.868, 0.935]]) {'epoch': 1, 'valid/acc': 75.105, 'valid/acc_unbiased': 75.995, 'valid/diff': 4.011, 'valid/acc_skew': 75.653, 'valid/acc_align': 76.337, 'test/acc': 77.004, 'test/acc_unbiased': 77.36, 'test/diff': 5.589, 'test/acc_skew': 76.821, 'test/acc_align': 77.898}
[1 / 20] best valid accuracy: 75.995 at epoch 1 
 best_stats: {'best_valid_epoch': 1, 'best_valid_valid/acc': 75.105, 'best_valid_valid/acc_unbiased': 75.995, 'best_valid_valid/diff': 4.011, 'best_valid_valid/acc_skew': 75.653, 'best_valid_valid/acc_align': 76.337, 'best_valid_test/acc': 77.004, 'best_valid_test/acc_unbiased': 77.36, 'best_valid_test/diff': 5.589, 'best_valid_test/acc_skew': 76.821, 'best_valid_test/acc_align': 77.898}
[1 / 20] best test accuracy: 77.360 at epoch 1 
 best_stats: {'best_test_epoch': 1, 'best_test_valid/acc': 75.105, 'best_test_valid/acc_unbiased': 75.995, 'best_test_valid/diff': 4.011, 'best_test_valid/acc_skew': 75.653, 'best_test_valid/acc_align': 76.337, 'best_test_test/acc': 77.004, 'best_test_test/acc_unbiased': 77.36, 'best_test_test/diff': 5.589, 'best_test_test/acc_skew': 76.821, 'best_test_test/acc_align': 77.898}
[2 / 20] Learning rate: 0.001 weight: 0.01
[2 / 20] Loss: 4.76567392103925 CE Loss: 0.42728903611756597 Con Loss: 4.761401035394699
[2 / 20] tensor([[0.771, 0.705],
        [0.883, 0.899]]) {'epoch': 2, 'valid/acc': 80.253, 'valid/acc_unbiased': 80.955, 'valid/diff': 2.969, 'valid/acc_skew': 82.141, 'valid/acc_align': 79.769, 'test/acc': 81.013, 'test/acc_unbiased': 81.432, 'test/diff': 4.094, 'test/acc_skew': 82.686, 'test/acc_align': 80.177}
[2 / 20] best valid accuracy: 80.955 at epoch 2 
 best_stats: {'best_valid_epoch': 2, 'best_valid_valid/acc': 80.253, 'best_valid_valid/acc_unbiased': 80.955, 'best_valid_valid/diff': 2.969, 'best_valid_valid/acc_skew': 82.141, 'best_valid_valid/acc_align': 79.769, 'best_valid_test/acc': 81.013, 'best_valid_test/acc_unbiased': 81.432, 'best_valid_test/diff': 4.094, 'best_valid_test/acc_skew': 82.686, 'best_valid_test/acc_align': 80.177}
[2 / 20] best test accuracy: 81.432 at epoch 2 
 best_stats: {'best_test_epoch': 2, 'best_test_valid/acc': 80.253, 'best_test_valid/acc_unbiased': 80.955, 'best_test_valid/diff': 2.969, 'best_test_valid/acc_skew': 82.141, 'best_test_valid/acc_align': 79.769, 'best_test_test/acc': 81.013, 'best_test_test/acc_unbiased': 81.432, 'best_test_test/diff': 4.094, 'best_test_test/acc_skew': 82.686, 'best_test_test/acc_align': 80.177}
[3 / 20] Learning rate: 0.001 weight: 0.01
[3 / 20] Loss: 4.747346813655743 CE Loss: 0.39209061036922543 Con Loss: 4.743425916628822
[3 / 20] tensor([[0.871, 0.827],
        [0.801, 0.829]]) {'epoch': 3, 'valid/acc': 83.165, 'valid/acc_unbiased': 83.144, 'valid/diff': 2.639, 'valid/acc_skew': 84.463, 'valid/acc_align': 81.824, 'test/acc': 83.291, 'test/acc_unbiased': 83.203, 'test/diff': 3.602, 'test/acc_skew': 83.592, 'test/acc_align': 82.815}
[3 / 20] best valid accuracy: 83.144 at epoch 3 
 best_stats: {'best_valid_epoch': 3, 'best_valid_valid/acc': 83.165, 'best_valid_valid/acc_unbiased': 83.144, 'best_valid_valid/diff': 2.639, 'best_valid_valid/acc_skew': 84.463, 'best_valid_valid/acc_align': 81.824, 'best_valid_test/acc': 83.291, 'best_valid_test/acc_unbiased': 83.203, 'best_valid_test/diff': 3.602, 'best_valid_test/acc_skew': 83.592, 'best_valid_test/acc_align': 82.815}
[3 / 20] best test accuracy: 83.203 at epoch 3 
 best_stats: {'best_test_epoch': 3, 'best_test_valid/acc': 83.165, 'best_test_valid/acc_unbiased': 83.144, 'best_test_valid/diff': 2.639, 'best_test_valid/acc_skew': 84.463, 'best_test_valid/acc_align': 81.824, 'best_test_test/acc': 83.291, 'best_test_test/acc_unbiased': 83.203, 'best_test_test/diff': 3.602, 'best_test_test/acc_skew': 83.592, 'best_test_test/acc_align': 82.815}
[4 / 20] Learning rate: 0.001 weight: 0.01
[4 / 20] Loss: 4.7264417651381905 CE Loss: 0.38540180961802073 Con Loss: 4.722587741839541
[4 / 20] tensor([[0.878, 0.854],
        [0.801, 0.811]]) {'epoch': 4, 'valid/acc': 83.966, 'valid/acc_unbiased': 83.955, 'valid/diff': 2.749, 'valid/acc_skew': 85.33, 'valid/acc_align': 82.581, 'test/acc': 83.713, 'test/acc_unbiased': 83.602, 'test/diff': 1.74, 'test/acc_skew': 83.95, 'test/acc_align': 83.253}
[4 / 20] best valid accuracy: 83.955 at epoch 4 
 best_stats: {'best_valid_epoch': 4, 'best_valid_valid/acc': 83.966, 'best_valid_valid/acc_unbiased': 83.955, 'best_valid_valid/diff': 2.749, 'best_valid_valid/acc_skew': 85.33, 'best_valid_valid/acc_align': 82.581, 'best_valid_test/acc': 83.713, 'best_valid_test/acc_unbiased': 83.602, 'best_valid_test/diff': 1.74, 'best_valid_test/acc_skew': 83.95, 'best_valid_test/acc_align': 83.253}
[4 / 20] best test accuracy: 83.602 at epoch 4 
 best_stats: {'best_test_epoch': 4, 'best_test_valid/acc': 83.966, 'best_test_valid/acc_unbiased': 83.955, 'best_test_valid/diff': 2.749, 'best_test_valid/acc_skew': 85.33, 'best_test_valid/acc_align': 82.581, 'best_test_test/acc': 83.713, 'best_test_test/acc_unbiased': 83.602, 'best_test_test/diff': 1.74, 'best_test_test/acc_skew': 83.95, 'best_test_test/acc_align': 83.253}
[5 / 20] Learning rate: 0.001 weight: 0.01
[5 / 20] Loss: 4.714817353766831 CE Loss: 0.3630903478220728 Con Loss: 4.711186454993736
[5 / 20] tensor([[0.885, 0.849],
        [0.794, 0.834]]) {'epoch': 5, 'valid/acc': 83.797, 'valid/acc_unbiased': 83.753, 'valid/diff': 1.905, 'valid/acc_skew': 84.706, 'valid/acc_align': 82.8, 'test/acc': 84.262, 'test/acc_unbiased': 84.065, 'test/diff': 3.759, 'test/acc_skew': 83.984, 'test/acc_align': 84.146}
[5 / 20] best valid accuracy: 83.955 at epoch 4 
 best_stats: {'best_valid_epoch': 4, 'best_valid_valid/acc': 83.966, 'best_valid_valid/acc_unbiased': 83.955, 'best_valid_valid/diff': 2.749, 'best_valid_valid/acc_skew': 85.33, 'best_valid_valid/acc_align': 82.581, 'best_valid_test/acc': 83.713, 'best_valid_test/acc_unbiased': 83.602, 'best_valid_test/diff': 1.74, 'best_valid_test/acc_skew': 83.95, 'best_valid_test/acc_align': 83.253}
[5 / 20] best test accuracy: 84.065 at epoch 5 
 best_stats: {'best_test_epoch': 5, 'best_test_valid/acc': 83.797, 'best_test_valid/acc_unbiased': 83.753, 'best_test_valid/diff': 1.905, 'best_test_valid/acc_skew': 84.706, 'best_test_valid/acc_align': 82.8, 'best_test_test/acc': 84.262, 'best_test_test/acc_unbiased': 84.065, 'best_test_test/diff': 3.759, 'best_test_test/acc_skew': 83.984, 'best_test_test/acc_align': 84.146}
[6 / 20] Learning rate: 0.001 weight: 0.01
[6 / 20] Loss: 4.703879793357236 CE Loss: 0.3530813079938245 Con Loss: 4.700348982856971
[6 / 20] tensor([[0.885, 0.861],
        [0.812, 0.857]]) {'epoch': 6, 'valid/acc': 85.063, 'valid/acc_unbiased': 85.115, 'valid/diff': 3.21, 'valid/acc_skew': 86.719, 'valid/acc_align': 83.51, 'test/acc': 85.612, 'test/acc_unbiased': 85.388, 'test/diff': 3.491, 'test/acc_skew': 84.85, 'test/acc_align': 85.925}
[6 / 20] best valid accuracy: 85.115 at epoch 6 
 best_stats: {'best_valid_epoch': 6, 'best_valid_valid/acc': 85.063, 'best_valid_valid/acc_unbiased': 85.115, 'best_valid_valid/diff': 3.21, 'best_valid_valid/acc_skew': 86.719, 'best_valid_valid/acc_align': 83.51, 'best_valid_test/acc': 85.612, 'best_valid_test/acc_unbiased': 85.388, 'best_valid_test/diff': 3.491, 'best_valid_test/acc_skew': 84.85, 'best_valid_test/acc_align': 85.925}
[6 / 20] best test accuracy: 85.388 at epoch 6 
 best_stats: {'best_test_epoch': 6, 'best_test_valid/acc': 85.063, 'best_test_valid/acc_unbiased': 85.115, 'best_test_valid/diff': 3.21, 'best_test_valid/acc_skew': 86.719, 'best_test_valid/acc_align': 83.51, 'best_test_test/acc': 85.612, 'best_test_test/acc_unbiased': 85.388, 'best_test_test/diff': 3.491, 'best_test_test/acc_skew': 84.85, 'best_test_test/acc_align': 85.925}
[7 / 20] Learning rate: 0.0001 weight: 0.01
[7 / 20] Loss: 4.657117673438462 CE Loss: 0.3090959682916905 Con Loss: 4.654026727584397
[7 / 20] tensor([[0.875, 0.823],
        [0.844, 0.911]]) {'epoch': 7, 'valid/acc': 86.329, 'valid/acc_unbiased': 86.518, 'valid/diff': 3.126, 'valid/acc_skew': 87.527, 'valid/acc_align': 85.509, 'test/acc': 86.414, 'test/acc_unbiased': 86.308, 'test/diff': 5.925, 'test/acc_skew': 85.935, 'test/acc_align': 86.68}
[7 / 20] best valid accuracy: 86.518 at epoch 7 
 best_stats: {'best_valid_epoch': 7, 'best_valid_valid/acc': 86.329, 'best_valid_valid/acc_unbiased': 86.518, 'best_valid_valid/diff': 3.126, 'best_valid_valid/acc_skew': 87.527, 'best_valid_valid/acc_align': 85.509, 'best_valid_test/acc': 86.414, 'best_valid_test/acc_unbiased': 86.308, 'best_valid_test/diff': 5.925, 'best_valid_test/acc_skew': 85.935, 'best_valid_test/acc_align': 86.68}
[7 / 20] best test accuracy: 86.308 at epoch 7 
 best_stats: {'best_test_epoch': 7, 'best_test_valid/acc': 86.329, 'best_test_valid/acc_unbiased': 86.518, 'best_test_valid/diff': 3.126, 'best_test_valid/acc_skew': 87.527, 'best_test_valid/acc_align': 85.509, 'best_test_test/acc': 86.414, 'best_test_test/acc_unbiased': 86.308, 'best_test_test/diff': 5.925, 'best_test_test/acc_skew': 85.935, 'best_test_test/acc_align': 86.68}
[8 / 20] Learning rate: 0.0001 weight: 0.01
[8 / 20] Loss: 4.634774111474825 CE Loss: 0.2872996650324757 Con Loss: 4.631901115466544
[8 / 20] tensor([[0.867, 0.820],
        [0.866, 0.905]]) {'epoch': 8, 'valid/acc': 86.667, 'valid/acc_unbiased': 86.865, 'valid/diff': 2.432, 'valid/acc_skew': 87.855, 'valid/acc_align': 85.875, 'test/acc': 86.414, 'test/acc_unbiased': 86.447, 'test/diff': 4.335, 'test/acc_skew': 86.659, 'test/acc_align': 86.235}
[8 / 20] best valid accuracy: 86.865 at epoch 8 
 best_stats: {'best_valid_epoch': 8, 'best_valid_valid/acc': 86.667, 'best_valid_valid/acc_unbiased': 86.865, 'best_valid_valid/diff': 2.432, 'best_valid_valid/acc_skew': 87.855, 'best_valid_valid/acc_align': 85.875, 'best_valid_test/acc': 86.414, 'best_valid_test/acc_unbiased': 86.447, 'best_valid_test/diff': 4.335, 'best_valid_test/acc_skew': 86.659, 'best_valid_test/acc_align': 86.235}
[8 / 20] best test accuracy: 86.447 at epoch 8 
 best_stats: {'best_test_epoch': 8, 'best_test_valid/acc': 86.667, 'best_test_valid/acc_unbiased': 86.865, 'best_test_valid/diff': 2.432, 'best_test_valid/acc_skew': 87.855, 'best_test_valid/acc_align': 85.875, 'best_test_test/acc': 86.414, 'best_test_test/acc_unbiased': 86.447, 'best_test_test/diff': 4.335, 'best_test_test/acc_skew': 86.659, 'best_test_test/acc_align': 86.235}
[9 / 20] Learning rate: 0.0001 weight: 0.01
[9 / 20] Loss: 4.619064395450702 CE Loss: 0.27224715854194004 Con Loss: 4.616341931260283
[9 / 20] tensor([[0.891, 0.855],
        [0.840, 0.893]]) {'epoch': 9, 'valid/acc': 87.384, 'valid/acc_unbiased': 87.363, 'valid/diff': 2.255, 'valid/acc_skew': 87.79, 'valid/acc_align': 86.937, 'test/acc': 87.131, 'test/acc_unbiased': 86.969, 'test/diff': 4.431, 'test/acc_skew': 86.525, 'test/acc_align': 87.413}
[9 / 20] best valid accuracy: 87.363 at epoch 9 
 best_stats: {'best_valid_epoch': 9, 'best_valid_valid/acc': 87.384, 'best_valid_valid/acc_unbiased': 87.363, 'best_valid_valid/diff': 2.255, 'best_valid_valid/acc_skew': 87.79, 'best_valid_valid/acc_align': 86.937, 'best_valid_test/acc': 87.131, 'best_valid_test/acc_unbiased': 86.969, 'best_valid_test/diff': 4.431, 'best_valid_test/acc_skew': 86.525, 'best_valid_test/acc_align': 87.413}
[9 / 20] best test accuracy: 86.969 at epoch 9 
 best_stats: {'best_test_epoch': 9, 'best_test_valid/acc': 87.384, 'best_test_valid/acc_unbiased': 87.363, 'best_test_valid/diff': 2.255, 'best_test_valid/acc_skew': 87.79, 'best_test_valid/acc_align': 86.937, 'best_test_test/acc': 87.131, 'best_test_test/acc_unbiased': 86.969, 'best_test_test/diff': 4.431, 'best_test_test/acc_skew': 86.525, 'best_test_test/acc_align': 87.413}
[10 / 20] Learning rate: 0.0001 weight: 0.01
[10 / 20] Loss: 4.6068568781641135 CE Loss: 0.26809872706028426 Con Loss: 4.604175883474074
[10 / 20] tensor([[0.898, 0.858],
        [0.840, 0.895]]) {'epoch': 10, 'valid/acc': 87.468, 'valid/acc_unbiased': 87.514, 'valid/diff': 2.777, 'valid/acc_skew': 88.375, 'valid/acc_align': 86.653, 'test/acc': 87.426, 'test/acc_unbiased': 87.259, 'test/diff': 4.716, 'test/acc_skew': 86.884, 'test/acc_align': 87.635}
[10 / 20] best valid accuracy: 87.514 at epoch 10 
 best_stats: {'best_valid_epoch': 10, 'best_valid_valid/acc': 87.468, 'best_valid_valid/acc_unbiased': 87.514, 'best_valid_valid/diff': 2.777, 'best_valid_valid/acc_skew': 88.375, 'best_valid_valid/acc_align': 86.653, 'best_valid_test/acc': 87.426, 'best_valid_test/acc_unbiased': 87.259, 'best_valid_test/diff': 4.716, 'best_valid_test/acc_skew': 86.884, 'best_valid_test/acc_align': 87.635}
[10 / 20] best test accuracy: 87.259 at epoch 10 
 best_stats: {'best_test_epoch': 10, 'best_test_valid/acc': 87.468, 'best_test_valid/acc_unbiased': 87.514, 'best_test_valid/diff': 2.777, 'best_test_valid/acc_skew': 88.375, 'best_test_valid/acc_align': 86.653, 'best_test_test/acc': 87.426, 'best_test_test/acc_unbiased': 87.259, 'best_test_test/diff': 4.716, 'best_test_test/acc_skew': 86.884, 'best_test_test/acc_align': 87.635}
[11 / 20] Learning rate: 0.0001 weight: 0.01
[11 / 20] Loss: 4.609757188815396 CE Loss: 0.2583314945076823 Con Loss: 4.607173876747058
[11 / 20] tensor([[0.907, 0.860],
        [0.835, 0.893]]) {'epoch': 11, 'valid/acc': 87.173, 'valid/acc_unbiased': 87.111, 'valid/diff': 3.064, 'valid/acc_skew': 87.905, 'valid/acc_align': 86.318, 'test/acc': 87.553, 'test/acc_unbiased': 87.375, 'test/diff': 5.233, 'test/acc_skew': 87.115, 'test/acc_align': 87.635}
[11 / 20] best valid accuracy: 87.514 at epoch 10 
 best_stats: {'best_valid_epoch': 10, 'best_valid_valid/acc': 87.468, 'best_valid_valid/acc_unbiased': 87.514, 'best_valid_valid/diff': 2.777, 'best_valid_valid/acc_skew': 88.375, 'best_valid_valid/acc_align': 86.653, 'best_valid_test/acc': 87.426, 'best_valid_test/acc_unbiased': 87.259, 'best_valid_test/diff': 4.716, 'best_valid_test/acc_skew': 86.884, 'best_valid_test/acc_align': 87.635}
[11 / 20] best test accuracy: 87.375 at epoch 11 
 best_stats: {'best_test_epoch': 11, 'best_test_valid/acc': 87.173, 'best_test_valid/acc_unbiased': 87.111, 'best_test_valid/diff': 3.064, 'best_test_valid/acc_skew': 87.905, 'best_test_valid/acc_align': 86.318, 'best_test_test/acc': 87.553, 'best_test_test/acc_unbiased': 87.375, 'best_test_test/diff': 5.233, 'best_test_test/acc_skew': 87.115, 'best_test_test/acc_align': 87.635}
[12 / 20] Learning rate: 0.0001 weight: 0.01
[12 / 20] Loss: 4.597650253504419 CE Loss: 0.2592260957339186 Con Loss: 4.595057981190574
[12 / 20] tensor([[0.898, 0.843],
        [0.848, 0.905]]) {'epoch': 12, 'valid/acc': 87.004, 'valid/acc_unbiased': 87.065, 'valid/diff': 5.24, 'valid/acc_skew': 88.024, 'valid/acc_align': 86.107, 'test/acc': 87.468, 'test/acc_unbiased': 87.367, 'test/diff': 5.542, 'test/acc_skew': 87.317, 'test/acc_align': 87.417}
[12 / 20] best valid accuracy: 87.514 at epoch 10 
 best_stats: {'best_valid_epoch': 10, 'best_valid_valid/acc': 87.468, 'best_valid_valid/acc_unbiased': 87.514, 'best_valid_valid/diff': 2.777, 'best_valid_valid/acc_skew': 88.375, 'best_valid_valid/acc_align': 86.653, 'best_valid_test/acc': 87.426, 'best_valid_test/acc_unbiased': 87.259, 'best_valid_test/diff': 4.716, 'best_valid_test/acc_skew': 86.884, 'best_valid_test/acc_align': 87.635}
[12 / 20] best test accuracy: 87.375 at epoch 11 
 best_stats: {'best_test_epoch': 11, 'best_test_valid/acc': 87.173, 'best_test_valid/acc_unbiased': 87.111, 'best_test_valid/diff': 3.064, 'best_test_valid/acc_skew': 87.905, 'best_test_valid/acc_align': 86.318, 'best_test_test/acc': 87.553, 'best_test_test/acc_unbiased': 87.375, 'best_test_test/diff': 5.233, 'best_test_test/acc_skew': 87.115, 'best_test_test/acc_align': 87.635}
[13 / 20] Learning rate: 0.0001 weight: 0.01
[13 / 20] Loss: 4.585353392880062 CE Loss: 0.24863914474605364 Con Loss: 4.582866989148008
[13 / 20] tensor([[0.894, 0.854],
        [0.866, 0.911]]) {'epoch': 13, 'valid/acc': 86.751, 'valid/acc_unbiased': 86.924, 'valid/diff': 3.426, 'valid/acc_skew': 88.361, 'valid/acc_align': 85.488, 'test/acc': 88.186, 'test/acc_unbiased': 88.117, 'test/diff': 4.277, 'test/acc_skew': 88.003, 'test/acc_align': 88.231}
[13 / 20] best valid accuracy: 87.514 at epoch 10 
 best_stats: {'best_valid_epoch': 10, 'best_valid_valid/acc': 87.468, 'best_valid_valid/acc_unbiased': 87.514, 'best_valid_valid/diff': 2.777, 'best_valid_valid/acc_skew': 88.375, 'best_valid_valid/acc_align': 86.653, 'best_valid_test/acc': 87.426, 'best_valid_test/acc_unbiased': 87.259, 'best_valid_test/diff': 4.716, 'best_valid_test/acc_skew': 86.884, 'best_valid_test/acc_align': 87.635}
[13 / 20] best test accuracy: 88.117 at epoch 13 
 best_stats: {'best_test_epoch': 13, 'best_test_valid/acc': 86.751, 'best_test_valid/acc_unbiased': 86.924, 'best_test_valid/diff': 3.426, 'best_test_valid/acc_skew': 88.361, 'best_test_valid/acc_align': 85.488, 'best_test_test/acc': 88.186, 'best_test_test/acc_unbiased': 88.117, 'best_test_test/diff': 4.277, 'best_test_test/acc_skew': 88.003, 'best_test_test/acc_align': 88.231}
[14 / 20] Learning rate: 1e-05 weight: 0.01
[14 / 20] Loss: 4.584780070559388 CE Loss: 0.2467143547113302 Con Loss: 4.582312918169322
[14 / 20] tensor([[0.900, 0.849],
        [0.859, 0.902]]) {'epoch': 14, 'valid/acc': 87.046, 'valid/acc_unbiased': 87.191, 'valid/diff': 3.667, 'valid/acc_skew': 88.361, 'valid/acc_align': 86.021, 'test/acc': 87.806, 'test/acc_unbiased': 87.755, 'test/diff': 4.647, 'test/acc_skew': 87.947, 'test/acc_align': 87.563}
[14 / 20] best valid accuracy: 87.514 at epoch 10 
 best_stats: {'best_valid_epoch': 10, 'best_valid_valid/acc': 87.468, 'best_valid_valid/acc_unbiased': 87.514, 'best_valid_valid/diff': 2.777, 'best_valid_valid/acc_skew': 88.375, 'best_valid_valid/acc_align': 86.653, 'best_valid_test/acc': 87.426, 'best_valid_test/acc_unbiased': 87.259, 'best_valid_test/diff': 4.716, 'best_valid_test/acc_skew': 86.884, 'best_valid_test/acc_align': 87.635}
[14 / 20] best test accuracy: 88.117 at epoch 13 
 best_stats: {'best_test_epoch': 13, 'best_test_valid/acc': 86.751, 'best_test_valid/acc_unbiased': 86.924, 'best_test_valid/diff': 3.426, 'best_test_valid/acc_skew': 88.361, 'best_test_valid/acc_align': 85.488, 'best_test_test/acc': 88.186, 'best_test_test/acc_unbiased': 88.117, 'best_test_test/diff': 4.277, 'best_test_test/acc_skew': 88.003, 'best_test_test/acc_align': 88.231}
[15 / 20] Learning rate: 1e-05 weight: 0.01
[15 / 20] Loss: 4.581394388744686 CE Loss: 0.24174218699096484 Con Loss: 4.578976963877294
[15 / 20] tensor([[0.884, 0.838],
        [0.874, 0.915]]) {'epoch': 15, 'valid/acc': 86.92, 'valid/acc_unbiased': 87.137, 'valid/diff': 4.0, 'valid/acc_skew': 88.369, 'valid/acc_align': 85.905, 'test/acc': 87.764, 'test/acc_unbiased': 87.77, 'test/diff': 4.342, 'test/acc_skew': 87.899, 'test/acc_align': 87.641}
[15 / 20] best valid accuracy: 87.514 at epoch 10 
 best_stats: {'best_valid_epoch': 10, 'best_valid_valid/acc': 87.468, 'best_valid_valid/acc_unbiased': 87.514, 'best_valid_valid/diff': 2.777, 'best_valid_valid/acc_skew': 88.375, 'best_valid_valid/acc_align': 86.653, 'best_valid_test/acc': 87.426, 'best_valid_test/acc_unbiased': 87.259, 'best_valid_test/diff': 4.716, 'best_valid_test/acc_skew': 86.884, 'best_valid_test/acc_align': 87.635}
[15 / 20] best test accuracy: 88.117 at epoch 13 
 best_stats: {'best_test_epoch': 13, 'best_test_valid/acc': 86.751, 'best_test_valid/acc_unbiased': 86.924, 'best_test_valid/diff': 3.426, 'best_test_valid/acc_skew': 88.361, 'best_test_valid/acc_align': 85.488, 'best_test_test/acc': 88.186, 'best_test_test/acc_unbiased': 88.117, 'best_test_test/diff': 4.277, 'best_test_test/acc_skew': 88.003, 'best_test_test/acc_align': 88.231}
[16 / 20] Learning rate: 1e-05 weight: 0.01
[16 / 20] Loss: 4.579160208870744 CE Loss: 0.2407230126321124 Con Loss: 4.5767529754393355
[16 / 20] tensor([[0.875, 0.823],
        [0.881, 0.921]]) {'epoch': 16, 'valid/acc': 86.709, 'valid/acc_unbiased': 87.0, 'valid/diff': 4.24, 'valid/acc_skew': 88.526, 'valid/acc_align': 85.475, 'test/acc': 87.426, 'test/acc_unbiased': 87.488, 'test/diff': 4.605, 'test/acc_skew': 87.775, 'test/acc_align': 87.2}
[16 / 20] best valid accuracy: 87.514 at epoch 10 
 best_stats: {'best_valid_epoch': 10, 'best_valid_valid/acc': 87.468, 'best_valid_valid/acc_unbiased': 87.514, 'best_valid_valid/diff': 2.777, 'best_valid_valid/acc_skew': 88.375, 'best_valid_valid/acc_align': 86.653, 'best_valid_test/acc': 87.426, 'best_valid_test/acc_unbiased': 87.259, 'best_valid_test/diff': 4.716, 'best_valid_test/acc_skew': 86.884, 'best_valid_test/acc_align': 87.635}
[16 / 20] best test accuracy: 88.117 at epoch 13 
 best_stats: {'best_test_epoch': 13, 'best_test_valid/acc': 86.751, 'best_test_valid/acc_unbiased': 86.924, 'best_test_valid/diff': 3.426, 'best_test_valid/acc_skew': 88.361, 'best_test_valid/acc_align': 85.488, 'best_test_test/acc': 88.186, 'best_test_test/acc_unbiased': 88.117, 'best_test_test/diff': 4.277, 'best_test_test/acc_skew': 88.003, 'best_test_test/acc_align': 88.231}
[17 / 20] Learning rate: 1e-05 weight: 0.01
[17 / 20] Loss: 4.577269658398398 CE Loss: 0.23704723683200848 Con Loss: 4.57489920275771
[17 / 20] tensor([[0.894, 0.839],
        [0.870, 0.911]]) {'epoch': 17, 'valid/acc': 87.004, 'valid/acc_unbiased': 87.16, 'valid/diff': 3.386, 'valid/acc_skew': 88.298, 'valid/acc_align': 86.021, 'test/acc': 87.848, 'test/acc_unbiased': 87.856, 'test/diff': 4.799, 'test/acc_skew': 88.22, 'test/acc_align': 87.492}
[17 / 20] best valid accuracy: 87.514 at epoch 10 
 best_stats: {'best_valid_epoch': 10, 'best_valid_valid/acc': 87.468, 'best_valid_valid/acc_unbiased': 87.514, 'best_valid_valid/diff': 2.777, 'best_valid_valid/acc_skew': 88.375, 'best_valid_valid/acc_align': 86.653, 'best_valid_test/acc': 87.426, 'best_valid_test/acc_unbiased': 87.259, 'best_valid_test/diff': 4.716, 'best_valid_test/acc_skew': 86.884, 'best_valid_test/acc_align': 87.635}
[17 / 20] best test accuracy: 88.117 at epoch 13 
 best_stats: {'best_test_epoch': 13, 'best_test_valid/acc': 86.751, 'best_test_valid/acc_unbiased': 86.924, 'best_test_valid/diff': 3.426, 'best_test_valid/acc_skew': 88.361, 'best_test_valid/acc_align': 85.488, 'best_test_test/acc': 88.186, 'best_test_test/acc_unbiased': 88.117, 'best_test_test/diff': 4.277, 'best_test_test/acc_skew': 88.003, 'best_test_test/acc_align': 88.231}
[18 / 20] Learning rate: 1e-05 weight: 0.01
[18 / 20] Loss: 4.572727140506364 CE Loss: 0.24179833384763774 Con Loss: 4.570309142207793
[18 / 20] tensor([[0.903, 0.849],
        [0.866, 0.911]]) {'epoch': 18, 'valid/acc': 87.215, 'valid/acc_unbiased': 87.287, 'valid/diff': 3.492, 'valid/acc_skew': 88.118, 'valid/acc_align': 86.455, 'test/acc': 88.27, 'test/acc_unbiased': 88.23, 'test/diff': 4.947, 'test/acc_skew': 88.451, 'test/acc_align': 88.009}
[18 / 20] best valid accuracy: 87.514 at epoch 10 
 best_stats: {'best_valid_epoch': 10, 'best_valid_valid/acc': 87.468, 'best_valid_valid/acc_unbiased': 87.514, 'best_valid_valid/diff': 2.777, 'best_valid_valid/acc_skew': 88.375, 'best_valid_valid/acc_align': 86.653, 'best_valid_test/acc': 87.426, 'best_valid_test/acc_unbiased': 87.259, 'best_valid_test/diff': 4.716, 'best_valid_test/acc_skew': 86.884, 'best_valid_test/acc_align': 87.635}
[18 / 20] best test accuracy: 88.230 at epoch 18 
 best_stats: {'best_test_epoch': 18, 'best_test_valid/acc': 87.215, 'best_test_valid/acc_unbiased': 87.287, 'best_test_valid/diff': 3.492, 'best_test_valid/acc_skew': 88.118, 'best_test_valid/acc_align': 86.455, 'best_test_test/acc': 88.27, 'best_test_test/acc_unbiased': 88.23, 'best_test_test/diff': 4.947, 'best_test_test/acc_skew': 88.451, 'best_test_test/acc_align': 88.009}
[19 / 20] Learning rate: 1e-05 weight: 0.01
[19 / 20] Loss: 4.571522295666661 CE Loss: 0.23565795466639222 Con Loss: 4.56916570816776
[19 / 20] tensor([[0.889, 0.838],
        [0.877, 0.915]]) {'epoch': 19, 'valid/acc': 87.004, 'valid/acc_unbiased': 87.212, 'valid/diff': 3.712, 'valid/acc_skew': 88.455, 'valid/acc_align': 85.969, 'test/acc': 87.932, 'test/acc_unbiased': 87.958, 'test/diff': 4.503, 'test/acc_skew': 88.276, 'test/acc_align': 87.641}
[19 / 20] best valid accuracy: 87.514 at epoch 10 
 best_stats: {'best_valid_epoch': 10, 'best_valid_valid/acc': 87.468, 'best_valid_valid/acc_unbiased': 87.514, 'best_valid_valid/diff': 2.777, 'best_valid_valid/acc_skew': 88.375, 'best_valid_valid/acc_align': 86.653, 'best_valid_test/acc': 87.426, 'best_valid_test/acc_unbiased': 87.259, 'best_valid_test/diff': 4.716, 'best_valid_test/acc_skew': 86.884, 'best_valid_test/acc_align': 87.635}
[19 / 20] best test accuracy: 88.230 at epoch 18 
 best_stats: {'best_test_epoch': 18, 'best_test_valid/acc': 87.215, 'best_test_valid/acc_unbiased': 87.287, 'best_test_valid/diff': 3.492, 'best_test_valid/acc_skew': 88.118, 'best_test_valid/acc_align': 86.455, 'best_test_test/acc': 88.27, 'best_test_test/acc_unbiased': 88.23, 'best_test_test/diff': 4.947, 'best_test_test/acc_skew': 88.451, 'best_test_test/acc_align': 88.009}
[20 / 20] Learning rate: 1e-05 weight: 0.01
[20 / 20] Loss: 4.570593188429952 CE Loss: 0.23343115546695672 Con Loss: 4.568258877352503
[20 / 20] tensor([[0.903, 0.846],
        [0.868, 0.912]]) {'epoch': 20, 'valid/acc': 87.3, 'valid/acc_unbiased': 87.446, 'valid/diff': 2.863, 'valid/acc_skew': 88.665, 'valid/acc_align': 86.227, 'test/acc': 88.27, 'test/acc_unbiased': 88.248, 'test/diff': 5.061, 'test/acc_skew': 88.56, 'test/acc_align': 87.936}
[20 / 20] best valid accuracy: 87.514 at epoch 10 
 best_stats: {'best_valid_epoch': 10, 'best_valid_valid/acc': 87.468, 'best_valid_valid/acc_unbiased': 87.514, 'best_valid_valid/diff': 2.777, 'best_valid_valid/acc_skew': 88.375, 'best_valid_valid/acc_align': 86.653, 'best_valid_test/acc': 87.426, 'best_valid_test/acc_unbiased': 87.259, 'best_valid_test/diff': 4.716, 'best_valid_test/acc_skew': 86.884, 'best_valid_test/acc_align': 87.635}
[20 / 20] best test accuracy: 88.248 at epoch 20 
 best_stats: {'best_test_epoch': 20, 'best_test_valid/acc': 87.3, 'best_test_valid/acc_unbiased': 87.446, 'best_test_valid/diff': 2.863, 'best_test_valid/acc_skew': 88.665, 'best_test_valid/acc_align': 86.227, 'best_test_test/acc': 88.27, 'best_test_test/acc_unbiased': 88.248, 'best_test_test/diff': 5.061, 'best_test_test/acc_skew': 88.56, 'best_test_test/acc_align': 87.936}
Total training time: 0:55:20
