Log level set to: INFO
Set seed: 2
=======> Using Fixed Random Seed: 2 <========
save_path: exp_results/bc-bb0-utk_face_race-crop_cutout_color-0.9-lr0.001-bs128-cbs64-w0.01-ratio10-aug1-seed2
get_utk_face - split: train, aug: False, given_y: True, ratio: 0
use existing biased_utk_face from data/utk_face/pickles/biased_utk_face-target_gender-bias_race-0.9
Distribution Before Sampling: 
===================================
Binary Labels Distribution: 
Binary Target 0
---------------------------
Target 0: [4407, 552]
Target 1: [440, 5529]
Binary Target 1
---------------------------
Target 0: [4407, 552]
Target 1: [440, 5529]
===================================
Normal Label Distribution: 
Target 0: [4407, 552]
Target 1: [440, 5529]
===================================
Distribution After Sampling: 
===================================
Binary Labels Distribution: 
Binary Target 0
---------------------------
Target 0: [4407, 552]
Target 1: [440, 5529]
Binary Target 1
---------------------------
Target 0: [4407, 552]
Target 1: [440, 5529]
===================================
Normal Label Distribution: 
Target 0: [4407, 552]
Target 1: [440, 5529]
===================================
Use BiasedUTKFace - target_attr: gender
BiasedUTKFace -- total: 10928, target_attr: gender, bias_attr: race bias_rate: 0.9
['[train] target_0-bias_0: 4407', '[train] target_0-bias_1: 552', '[train] target_1-bias_0: 440', '[train] target_1-bias_1: 5529']
confusion_matrix - 
 original: tensor([[4407.,  440.],
        [ 552., 5529.]]), 
 normalized: tensor([[0.909, 0.091],
        [0.091, 0.909]]), 
 b|y: tensor([[0.889, 0.111],
        [0.074, 0.926]])
get_utk_face - split: train, aug: 1, given_y: True, ratio: 10
use existing biased_utk_face from data/utk_face/pickles/biased_utk_face-target_gender-bias_race-0.9
Distribution Before Sampling: 
===================================
Binary Labels Distribution: 
Binary Target 0
---------------------------
Target 0: [4407, 552]
Target 1: [440, 5529]
Binary Target 1
---------------------------
Target 0: [4407, 552]
Target 1: [440, 5529]
===================================
Normal Label Distribution: 
Target 0: [4407, 552]
Target 1: [440, 5529]
===================================
Distribution After Sampling: 
===================================
Binary Labels Distribution: 
Binary Target 0
---------------------------
Target 0: [4407, 552]
Target 1: [440, 5529]
Binary Target 1
---------------------------
Target 0: [4407, 552]
Target 1: [440, 5529]
===================================
Normal Label Distribution: 
Target 0: [4407, 552]
Target 1: [440, 5529]
===================================
Use BiasedUTKFace - target_attr: gender
BiasedUTKFace -- total: 10928, target_attr: gender, bias_attr: race bias_rate: 0.9
['[train] target_0-bias_0: 4407', '[train] target_0-bias_1: 552', '[train] target_1-bias_0: 440', '[train] target_1-bias_1: 5529']
get_utk_face - split: valid, aug: False, given_y: True, ratio: 0
use existing biased_utk_face from data/utk_face/pickles/biased_utk_face-target_gender-bias_race-0.9
Distribution Before Sampling: 
===================================
Binary Labels Distribution: 
Binary Target 0
---------------------------
Target 0: [583, 684]
Target 1: [457, 646]
Binary Target 1
---------------------------
Target 0: [583, 684]
Target 1: [457, 646]
===================================
Normal Label Distribution: 
Target 0: [583, 684]
Target 1: [457, 646]
===================================
Use BiasedUTKFace - target_attr: gender
BiasedUTKFace -- total: 2370, target_attr: gender, bias_attr: race bias_rate: 0.9
['[valid] target_0-bias_0: 583', '[valid] target_0-bias_1: 684', '[valid] target_1-bias_0: 457', '[valid] target_1-bias_1: 646']
get_utk_face - split: test, aug: False, given_y: True, ratio: 0
use existing biased_utk_face from data/utk_face/pickles/biased_utk_face-target_gender-bias_race-0.9
Distribution Before Sampling: 
===================================
Binary Labels Distribution: 
Binary Target 0
---------------------------
Target 0: [558, 677]
Target 1: [462, 673]
Binary Target 1
---------------------------
Target 0: [558, 677]
Target 1: [462, 673]
===================================
Normal Label Distribution: 
Target 0: [558, 677]
Target 1: [462, 673]
===================================
Use BiasedUTKFace - target_attr: gender
BiasedUTKFace -- total: 2370, target_attr: gender, bias_attr: race bias_rate: 0.9
['[test] target_0-bias_0: 558', '[test] target_0-bias_1: 677', '[test] target_1-bias_0: 462', '[test] target_1-bias_1: 673']
decay_epochs: [6, 13]
[1 / 20] Learning rate: 0.001 weight: 0.01
[1 / 20] Loss: 4.9077075913570285 CE Loss: 0.5954575074801158 Con Loss: 4.901753000424163
[1 / 20] tensor([[0.939, 0.901],
        [0.621, 0.562]]) {'epoch': 1, 'valid/acc': 76.16, 'valid/acc_unbiased': 74.989, 'valid/diff': 1.397, 'valid/acc_skew': 75.047, 'valid/acc_align': 74.931, 'test/acc': 75.907, 'test/acc_unbiased': 75.574, 'test/diff': 4.879, 'test/acc_skew': 76.112, 'test/acc_align': 75.037}
[1 / 20] best valid accuracy: 74.989 at epoch 1 
 best_stats: {'best_valid_epoch': 1, 'best_valid_valid/acc': 76.16, 'best_valid_valid/acc_unbiased': 74.989, 'best_valid_valid/diff': 1.397, 'best_valid_valid/acc_skew': 75.047, 'best_valid_valid/acc_align': 74.931, 'best_valid_test/acc': 75.907, 'best_valid_test/acc_unbiased': 75.574, 'best_valid_test/diff': 4.879, 'best_valid_test/acc_skew': 76.112, 'best_valid_test/acc_align': 75.037}
[1 / 20] best test accuracy: 75.574 at epoch 1 
 best_stats: {'best_test_epoch': 1, 'best_test_valid/acc': 76.16, 'best_test_valid/acc_unbiased': 74.989, 'best_test_valid/diff': 1.397, 'best_test_valid/acc_skew': 75.047, 'best_test_valid/acc_align': 74.931, 'best_test_test/acc': 75.907, 'best_test_test/acc_unbiased': 75.574, 'best_test_test/diff': 4.879, 'best_test_test/acc_skew': 76.112, 'best_test_test/acc_align': 75.037}
[2 / 20] Learning rate: 0.001 weight: 0.01
[2 / 20] Loss: 4.815462231810585 CE Loss: 0.49969947726450764 Con Loss: 4.8104652234436305
[2 / 20] tensor([[0.762, 0.724],
        [0.846, 0.862]]) {'epoch': 2, 'valid/acc': 78.27, 'valid/acc_unbiased': 78.871, 'valid/diff': 4.346, 'valid/acc_skew': 76.734, 'valid/acc_align': 81.008, 'test/acc': 79.578, 'test/acc_unbiased': 79.839, 'test/diff': 2.668, 'test/acc_skew': 78.505, 'test/acc_align': 81.173}
[2 / 20] best valid accuracy: 78.871 at epoch 2 
 best_stats: {'best_valid_epoch': 2, 'best_valid_valid/acc': 78.27, 'best_valid_valid/acc_unbiased': 78.871, 'best_valid_valid/diff': 4.346, 'best_valid_valid/acc_skew': 76.734, 'best_valid_valid/acc_align': 81.008, 'best_valid_test/acc': 79.578, 'best_valid_test/acc_unbiased': 79.839, 'best_valid_test/diff': 2.668, 'best_valid_test/acc_skew': 78.505, 'best_valid_test/acc_align': 81.173}
[2 / 20] best test accuracy: 79.839 at epoch 2 
 best_stats: {'best_test_epoch': 2, 'best_test_valid/acc': 78.27, 'best_test_valid/acc_unbiased': 78.871, 'best_test_valid/diff': 4.346, 'best_test_valid/acc_skew': 76.734, 'best_test_valid/acc_align': 81.008, 'best_test_test/acc': 79.578, 'best_test_test/acc_unbiased': 79.839, 'best_test_test/diff': 2.668, 'best_test_test/acc_skew': 78.505, 'best_test_test/acc_align': 81.173}
[3 / 20] Learning rate: 0.001 weight: 0.01
[3 / 20] Loss: 4.788128515637287 CE Loss: 0.4575709044758781 Con Loss: 4.783552802324644
[3 / 20] tensor([[0.722, 0.643],
        [0.883, 0.905]]) {'epoch': 3, 'valid/acc': 77.384, 'valid/acc_unbiased': 78.286, 'valid/diff': 7.277, 'valid/acc_skew': 74.648, 'valid/acc_align': 81.925, 'test/acc': 78.27, 'test/acc_unbiased': 78.82, 'test/diff': 5.073, 'test/acc_skew': 76.283, 'test/acc_align': 81.356}
[3 / 20] best valid accuracy: 78.871 at epoch 2 
 best_stats: {'best_valid_epoch': 2, 'best_valid_valid/acc': 78.27, 'best_valid_valid/acc_unbiased': 78.871, 'best_valid_valid/diff': 4.346, 'best_valid_valid/acc_skew': 76.734, 'best_valid_valid/acc_align': 81.008, 'best_valid_test/acc': 79.578, 'best_valid_test/acc_unbiased': 79.839, 'best_valid_test/diff': 2.668, 'best_valid_test/acc_skew': 78.505, 'best_valid_test/acc_align': 81.173}
[3 / 20] best test accuracy: 79.839 at epoch 2 
 best_stats: {'best_test_epoch': 2, 'best_test_valid/acc': 78.27, 'best_test_valid/acc_unbiased': 78.871, 'best_test_valid/diff': 4.346, 'best_test_valid/acc_skew': 76.734, 'best_test_valid/acc_align': 81.008, 'best_test_test/acc': 79.578, 'best_test_test/acc_unbiased': 79.839, 'best_test_test/diff': 2.668, 'best_test_test/acc_skew': 78.505, 'best_test_test/acc_align': 81.173}
[4 / 20] Learning rate: 0.001 weight: 0.01
[4 / 20] Loss: 4.781108907166198 CE Loss: 0.4426427154991323 Con Loss: 4.776682461337848
[4 / 20] tensor([[0.640, 0.539],
        [0.942, 0.958]]) {'epoch': 4, 'valid/acc': 73.333, 'valid/acc_unbiased': 74.926, 'valid/diff': 4.557, 'valid/acc_skew': 73.214, 'valid/acc_align': 76.639, 'test/acc': 76.034, 'test/acc_unbiased': 76.972, 'test/diff': 5.874, 'test/acc_skew': 74.035, 'test/acc_align': 79.909}
[4 / 20] best valid accuracy: 78.871 at epoch 2 
 best_stats: {'best_valid_epoch': 2, 'best_valid_valid/acc': 78.27, 'best_valid_valid/acc_unbiased': 78.871, 'best_valid_valid/diff': 4.346, 'best_valid_valid/acc_skew': 76.734, 'best_valid_valid/acc_align': 81.008, 'best_valid_test/acc': 79.578, 'best_valid_test/acc_unbiased': 79.839, 'best_valid_test/diff': 2.668, 'best_valid_test/acc_skew': 78.505, 'best_valid_test/acc_align': 81.173}
[4 / 20] best test accuracy: 79.839 at epoch 2 
 best_stats: {'best_test_epoch': 2, 'best_test_valid/acc': 78.27, 'best_test_valid/acc_unbiased': 78.871, 'best_test_valid/diff': 4.346, 'best_test_valid/acc_skew': 76.734, 'best_test_valid/acc_align': 81.008, 'best_test_test/acc': 79.578, 'best_test_test/acc_unbiased': 79.839, 'best_test_test/diff': 2.668, 'best_test_test/acc_skew': 78.505, 'best_test_test/acc_align': 81.173}
[5 / 20] Learning rate: 0.001 weight: 0.01
[5 / 20] Loss: 4.769661448885023 CE Loss: 0.42790892602409486 Con Loss: 4.765382346436708
[5 / 20] tensor([[0.812, 0.771],
        [0.842, 0.840]]) {'epoch': 5, 'valid/acc': 80.717, 'valid/acc_unbiased': 80.947, 'valid/diff': 1.969, 'valid/acc_skew': 81.122, 'valid/acc_align': 80.772, 'test/acc': 81.392, 'test/acc_unbiased': 81.61, 'test/diff': 2.162, 'test/acc_skew': 80.652, 'test/acc_align': 82.568}
[5 / 20] best valid accuracy: 80.947 at epoch 5 
 best_stats: {'best_valid_epoch': 5, 'best_valid_valid/acc': 80.717, 'best_valid_valid/acc_unbiased': 80.947, 'best_valid_valid/diff': 1.969, 'best_valid_valid/acc_skew': 81.122, 'best_valid_valid/acc_align': 80.772, 'best_valid_test/acc': 81.392, 'best_valid_test/acc_unbiased': 81.61, 'best_valid_test/diff': 2.162, 'best_valid_test/acc_skew': 80.652, 'best_valid_test/acc_align': 82.568}
[5 / 20] best test accuracy: 81.610 at epoch 5 
 best_stats: {'best_test_epoch': 5, 'best_test_valid/acc': 80.717, 'best_test_valid/acc_unbiased': 80.947, 'best_test_valid/diff': 1.969, 'best_test_valid/acc_skew': 81.122, 'best_test_valid/acc_align': 80.772, 'best_test_test/acc': 81.392, 'best_test_test/acc_unbiased': 81.61, 'best_test_test/diff': 2.162, 'best_test_test/acc_skew': 80.652, 'best_test_test/acc_align': 82.568}
[6 / 20] Learning rate: 0.001 weight: 0.01
[6 / 20] Loss: 4.767537875196421 CE Loss: 0.412792042225032 Con Loss: 4.763409950373637
[6 / 20] tensor([[0.849, 0.778],
        [0.805, 0.851]]) {'epoch': 6, 'valid/acc': 82.911, 'valid/acc_unbiased': 83.024, 'valid/diff': 2.228, 'valid/acc_skew': 82.109, 'valid/acc_align': 83.939, 'test/acc': 82.11, 'test/acc_unbiased': 82.113, 'test/diff': 5.862, 'test/acc_skew': 79.181, 'test/acc_align': 85.044}
[6 / 20] best valid accuracy: 83.024 at epoch 6 
 best_stats: {'best_valid_epoch': 6, 'best_valid_valid/acc': 82.911, 'best_valid_valid/acc_unbiased': 83.024, 'best_valid_valid/diff': 2.228, 'best_valid_valid/acc_skew': 82.109, 'best_valid_valid/acc_align': 83.939, 'best_valid_test/acc': 82.11, 'best_valid_test/acc_unbiased': 82.113, 'best_valid_test/diff': 5.862, 'best_valid_test/acc_skew': 79.181, 'best_valid_test/acc_align': 85.044}
[6 / 20] best test accuracy: 82.113 at epoch 6 
 best_stats: {'best_test_epoch': 6, 'best_test_valid/acc': 82.911, 'best_test_valid/acc_unbiased': 83.024, 'best_test_valid/diff': 2.228, 'best_test_valid/acc_skew': 82.109, 'best_test_valid/acc_align': 83.939, 'best_test_test/acc': 82.11, 'best_test_test/acc_unbiased': 82.113, 'best_test_test/diff': 5.862, 'best_test_test/acc_skew': 79.181, 'best_test_test/acc_align': 85.044}
[7 / 20] Learning rate: 0.0001 weight: 0.01
[7 / 20] Loss: 4.704863740270344 CE Loss: 0.38369942235039056 Con Loss: 4.701026751042111
[7 / 20] tensor([[0.803, 0.756],
        [0.881, 0.903]]) {'epoch': 7, 'valid/acc': 84.262, 'valid/acc_unbiased': 84.524, 'valid/diff': 1.404, 'valid/acc_skew': 83.822, 'valid/acc_align': 85.225, 'test/acc': 83.333, 'test/acc_unbiased': 83.588, 'test/diff': 3.453, 'test/acc_skew': 81.862, 'test/acc_align': 85.314}
[7 / 20] best valid accuracy: 84.524 at epoch 7 
 best_stats: {'best_valid_epoch': 7, 'best_valid_valid/acc': 84.262, 'best_valid_valid/acc_unbiased': 84.524, 'best_valid_valid/diff': 1.404, 'best_valid_valid/acc_skew': 83.822, 'best_valid_valid/acc_align': 85.225, 'best_valid_test/acc': 83.333, 'best_valid_test/acc_unbiased': 83.588, 'best_valid_test/diff': 3.453, 'best_valid_test/acc_skew': 81.862, 'best_valid_test/acc_align': 85.314}
[7 / 20] best test accuracy: 83.588 at epoch 7 
 best_stats: {'best_test_epoch': 7, 'best_test_valid/acc': 84.262, 'best_test_valid/acc_unbiased': 84.524, 'best_test_valid/diff': 1.404, 'best_test_valid/acc_skew': 83.822, 'best_test_valid/acc_align': 85.225, 'best_test_test/acc': 83.333, 'best_test_test/acc_unbiased': 83.588, 'best_test_test/diff': 3.453, 'best_test_test/acc_skew': 81.862, 'best_test_test/acc_align': 85.314}
[8 / 20] Learning rate: 0.0001 weight: 0.01
[8 / 20] Loss: 4.7052501375469244 CE Loss: 0.3566745435423593 Con Loss: 4.70168337814979
[8 / 20] tensor([[0.803, 0.749],
        [0.911, 0.930]]) {'epoch': 8, 'valid/acc': 84.346, 'valid/acc_unbiased': 84.82, 'valid/diff': 2.221, 'valid/acc_skew': 83.709, 'valid/acc_align': 85.93, 'test/acc': 84.473, 'test/acc_unbiased': 84.829, 'test/diff': 3.644, 'test/acc_skew': 83.007, 'test/acc_align': 86.652}
[8 / 20] best valid accuracy: 84.820 at epoch 8 
 best_stats: {'best_valid_epoch': 8, 'best_valid_valid/acc': 84.346, 'best_valid_valid/acc_unbiased': 84.82, 'best_valid_valid/diff': 2.221, 'best_valid_valid/acc_skew': 83.709, 'best_valid_valid/acc_align': 85.93, 'best_valid_test/acc': 84.473, 'best_valid_test/acc_unbiased': 84.829, 'best_valid_test/diff': 3.644, 'best_valid_test/acc_skew': 83.007, 'best_valid_test/acc_align': 86.652}
[8 / 20] best test accuracy: 84.829 at epoch 8 
 best_stats: {'best_test_epoch': 8, 'best_test_valid/acc': 84.346, 'best_test_valid/acc_unbiased': 84.82, 'best_test_valid/diff': 2.221, 'best_test_valid/acc_skew': 83.709, 'best_test_valid/acc_align': 85.93, 'best_test_test/acc': 84.473, 'best_test_test/acc_unbiased': 84.829, 'best_test_test/diff': 3.644, 'best_test_test/acc_skew': 83.007, 'best_test_test/acc_align': 86.652}
[9 / 20] Learning rate: 0.0001 weight: 0.01
[9 / 20] Loss: 4.680922944584144 CE Loss: 0.3461209340552809 Con Loss: 4.6774617553979025
[9 / 20] tensor([[0.810, 0.775],
        [0.907, 0.914]]) {'epoch': 9, 'valid/acc': 84.81, 'valid/acc_unbiased': 85.135, 'valid/diff': 1.314, 'valid/acc_skew': 84.478, 'valid/acc_align': 85.792, 'test/acc': 84.852, 'test/acc_unbiased': 85.157, 'test/diff': 2.072, 'test/acc_skew': 84.12, 'test/acc_align': 86.193}
[9 / 20] best valid accuracy: 85.135 at epoch 9 
 best_stats: {'best_valid_epoch': 9, 'best_valid_valid/acc': 84.81, 'best_valid_valid/acc_unbiased': 85.135, 'best_valid_valid/diff': 1.314, 'best_valid_valid/acc_skew': 84.478, 'best_valid_valid/acc_align': 85.792, 'best_valid_test/acc': 84.852, 'best_valid_test/acc_unbiased': 85.157, 'best_valid_test/diff': 2.072, 'best_valid_test/acc_skew': 84.12, 'best_valid_test/acc_align': 86.193}
[9 / 20] best test accuracy: 85.157 at epoch 9 
 best_stats: {'best_test_epoch': 9, 'best_test_valid/acc': 84.81, 'best_test_valid/acc_unbiased': 85.135, 'best_test_valid/diff': 1.314, 'best_test_valid/acc_skew': 84.478, 'best_test_valid/acc_align': 85.792, 'best_test_test/acc': 84.852, 'best_test_test/acc_unbiased': 85.157, 'best_test_test/diff': 2.072, 'best_test_test/acc_skew': 84.12, 'best_test_test/acc_align': 86.193}
[10 / 20] Learning rate: 0.0001 weight: 0.01
[10 / 20] Loss: 4.682479026202402 CE Loss: 0.3419890035472887 Con Loss: 4.679059142424108
[10 / 20] tensor([[0.824, 0.773],
        [0.898, 0.912]]) {'epoch': 10, 'valid/acc': 85.232, 'valid/acc_unbiased': 85.572, 'valid/diff': 1.968, 'valid/acc_skew': 84.588, 'valid/acc_align': 86.556, 'test/acc': 84.895, 'test/acc_unbiased': 85.187, 'test/diff': 3.296, 'test/acc_skew': 83.54, 'test/acc_align': 86.835}
[10 / 20] best valid accuracy: 85.572 at epoch 10 
 best_stats: {'best_valid_epoch': 10, 'best_valid_valid/acc': 85.232, 'best_valid_valid/acc_unbiased': 85.572, 'best_valid_valid/diff': 1.968, 'best_valid_valid/acc_skew': 84.588, 'best_valid_valid/acc_align': 86.556, 'best_valid_test/acc': 84.895, 'best_valid_test/acc_unbiased': 85.187, 'best_valid_test/diff': 3.296, 'best_valid_test/acc_skew': 83.54, 'best_valid_test/acc_align': 86.835}
[10 / 20] best test accuracy: 85.187 at epoch 10 
 best_stats: {'best_test_epoch': 10, 'best_test_valid/acc': 85.232, 'best_test_valid/acc_unbiased': 85.572, 'best_test_valid/diff': 1.968, 'best_test_valid/acc_skew': 84.588, 'best_test_valid/acc_align': 86.556, 'best_test_test/acc': 84.895, 'best_test_test/acc_unbiased': 85.187, 'best_test_test/diff': 3.296, 'best_test_test/acc_skew': 83.54, 'best_test_test/acc_align': 86.835}
[11 / 20] Learning rate: 0.0001 weight: 0.01
[11 / 20] Loss: 4.655984000964185 CE Loss: 0.3389501721321402 Con Loss: 4.6525944797744865
[11 / 20] tensor([[0.814, 0.774],
        [0.903, 0.918]]) {'epoch': 11, 'valid/acc': 84.726, 'valid/acc_unbiased': 85.11, 'valid/diff': 1.953, 'valid/acc_skew': 84.222, 'valid/acc_align': 85.997, 'test/acc': 84.937, 'test/acc_unbiased': 85.212, 'test/diff': 2.765, 'test/acc_skew': 83.83, 'test/acc_align': 86.595}
[11 / 20] best valid accuracy: 85.572 at epoch 10 
 best_stats: {'best_valid_epoch': 10, 'best_valid_valid/acc': 85.232, 'best_valid_valid/acc_unbiased': 85.572, 'best_valid_valid/diff': 1.968, 'best_valid_valid/acc_skew': 84.588, 'best_valid_valid/acc_align': 86.556, 'best_valid_test/acc': 84.895, 'best_valid_test/acc_unbiased': 85.187, 'best_valid_test/diff': 3.296, 'best_valid_test/acc_skew': 83.54, 'best_valid_test/acc_align': 86.835}
[11 / 20] best test accuracy: 85.212 at epoch 11 
 best_stats: {'best_test_epoch': 11, 'best_test_valid/acc': 84.726, 'best_test_valid/acc_unbiased': 85.11, 'best_test_valid/diff': 1.953, 'best_test_valid/acc_skew': 84.222, 'best_test_valid/acc_align': 85.997, 'best_test_test/acc': 84.937, 'best_test_test/acc_unbiased': 85.212, 'best_test_test/diff': 2.765, 'best_test_test/acc_skew': 83.83, 'best_test_test/acc_align': 86.595}
[12 / 20] Learning rate: 0.0001 weight: 0.01
[12 / 20] Loss: 4.659757179885797 CE Loss: 0.3321664314580697 Con Loss: 4.656435523165791
[12 / 20] tensor([[0.853, 0.804],
        [0.870, 0.895]]) {'epoch': 12, 'valid/acc': 84.768, 'valid/acc_unbiased': 84.872, 'valid/diff': 2.534, 'valid/acc_skew': 83.605, 'valid/acc_align': 86.14, 'test/acc': 85.401, 'test/acc_unbiased': 85.531, 'test/diff': 3.694, 'test/acc_skew': 83.684, 'test/acc_align': 87.377}
[12 / 20] best valid accuracy: 85.572 at epoch 10 
 best_stats: {'best_valid_epoch': 10, 'best_valid_valid/acc': 85.232, 'best_valid_valid/acc_unbiased': 85.572, 'best_valid_valid/diff': 1.968, 'best_valid_valid/acc_skew': 84.588, 'best_valid_valid/acc_align': 86.556, 'best_valid_test/acc': 84.895, 'best_valid_test/acc_unbiased': 85.187, 'best_valid_test/diff': 3.296, 'best_valid_test/acc_skew': 83.54, 'best_valid_test/acc_align': 86.835}
[12 / 20] best test accuracy: 85.531 at epoch 12 
 best_stats: {'best_test_epoch': 12, 'best_test_valid/acc': 84.768, 'best_test_valid/acc_unbiased': 84.872, 'best_test_valid/diff': 2.534, 'best_test_valid/acc_skew': 83.605, 'best_test_valid/acc_align': 86.14, 'best_test_test/acc': 85.401, 'best_test_test/acc_unbiased': 85.531, 'best_test_test/diff': 3.694, 'best_test_test/acc_skew': 83.684, 'best_test_test/acc_align': 87.377}
[13 / 20] Learning rate: 0.0001 weight: 0.01
[13 / 20] Loss: 4.661183373994394 CE Loss: 0.3327518447164561 Con Loss: 4.657855873052058
[13 / 20] tensor([[0.864, 0.811],
        [0.874, 0.890]]) {'epoch': 13, 'valid/acc': 84.937, 'valid/acc_unbiased': 84.944, 'valid/diff': 2.822, 'valid/acc_skew': 83.533, 'valid/acc_align': 86.355, 'test/acc': 85.823, 'test/acc_unbiased': 85.981, 'test/diff': 3.423, 'test/acc_skew': 84.269, 'test/acc_align': 87.692}
[13 / 20] best valid accuracy: 85.572 at epoch 10 
 best_stats: {'best_valid_epoch': 10, 'best_valid_valid/acc': 85.232, 'best_valid_valid/acc_unbiased': 85.572, 'best_valid_valid/diff': 1.968, 'best_valid_valid/acc_skew': 84.588, 'best_valid_valid/acc_align': 86.556, 'best_valid_test/acc': 84.895, 'best_valid_test/acc_unbiased': 85.187, 'best_valid_test/diff': 3.296, 'best_valid_test/acc_skew': 83.54, 'best_valid_test/acc_align': 86.835}
[13 / 20] best test accuracy: 85.981 at epoch 13 
 best_stats: {'best_test_epoch': 13, 'best_test_valid/acc': 84.937, 'best_test_valid/acc_unbiased': 84.944, 'best_test_valid/diff': 2.822, 'best_test_valid/acc_skew': 83.533, 'best_test_valid/acc_align': 86.355, 'best_test_test/acc': 85.823, 'best_test_test/acc_unbiased': 85.981, 'best_test_test/diff': 3.423, 'best_test_test/acc_skew': 84.269, 'best_test_test/acc_align': 87.692}
[14 / 20] Learning rate: 1e-05 weight: 0.01
[14 / 20] Loss: 4.652940575584311 CE Loss: 0.32344342936184883 Con Loss: 4.649706118626964
[14 / 20] tensor([[0.832, 0.773],
        [0.894, 0.920]]) {'epoch': 14, 'valid/acc': 84.515, 'valid/acc_unbiased': 84.84, 'valid/diff': 2.403, 'valid/acc_skew': 83.638, 'valid/acc_align': 86.041, 'test/acc': 85.19, 'test/acc_unbiased': 85.444, 'test/diff': 4.242, 'test/acc_skew': 83.323, 'test/acc_align': 87.565}
[14 / 20] best valid accuracy: 85.572 at epoch 10 
 best_stats: {'best_valid_epoch': 10, 'best_valid_valid/acc': 85.232, 'best_valid_valid/acc_unbiased': 85.572, 'best_valid_valid/diff': 1.968, 'best_valid_valid/acc_skew': 84.588, 'best_valid_valid/acc_align': 86.556, 'best_valid_test/acc': 84.895, 'best_valid_test/acc_unbiased': 85.187, 'best_valid_test/diff': 3.296, 'best_valid_test/acc_skew': 83.54, 'best_valid_test/acc_align': 86.835}
[14 / 20] best test accuracy: 85.981 at epoch 13 
 best_stats: {'best_test_epoch': 13, 'best_test_valid/acc': 84.937, 'best_test_valid/acc_unbiased': 84.944, 'best_test_valid/diff': 2.822, 'best_test_valid/acc_skew': 83.533, 'best_test_valid/acc_align': 86.355, 'best_test_test/acc': 85.823, 'best_test_test/acc_unbiased': 85.981, 'best_test_test/diff': 3.423, 'best_test_test/acc_skew': 84.269, 'best_test_test/acc_align': 87.692}
[15 / 20] Learning rate: 1e-05 weight: 0.01
[15 / 20] Loss: 4.644407161332852 CE Loss: 0.3211485438954254 Con Loss: 4.641195690300245
[15 / 20] tensor([[0.823, 0.767],
        [0.898, 0.924]]) {'epoch': 15, 'valid/acc': 84.515, 'valid/acc_unbiased': 84.925, 'valid/diff': 2.868, 'valid/acc_skew': 83.491, 'valid/acc_align': 86.359, 'test/acc': 85.021, 'test/acc_unbiased': 85.292, 'test/diff': 4.096, 'test/acc_skew': 83.244, 'test/acc_align': 87.34}
[15 / 20] best valid accuracy: 85.572 at epoch 10 
 best_stats: {'best_valid_epoch': 10, 'best_valid_valid/acc': 85.232, 'best_valid_valid/acc_unbiased': 85.572, 'best_valid_valid/diff': 1.968, 'best_valid_valid/acc_skew': 84.588, 'best_valid_valid/acc_align': 86.556, 'best_valid_test/acc': 84.895, 'best_valid_test/acc_unbiased': 85.187, 'best_valid_test/diff': 3.296, 'best_valid_test/acc_skew': 83.54, 'best_valid_test/acc_align': 86.835}
[15 / 20] best test accuracy: 85.981 at epoch 13 
 best_stats: {'best_test_epoch': 13, 'best_test_valid/acc': 84.937, 'best_test_valid/acc_unbiased': 84.944, 'best_test_valid/diff': 2.822, 'best_test_valid/acc_skew': 83.533, 'best_test_valid/acc_align': 86.355, 'best_test_test/acc': 85.823, 'best_test_test/acc_unbiased': 85.981, 'best_test_test/diff': 3.423, 'best_test_test/acc_skew': 84.269, 'best_test_test/acc_align': 87.692}
[16 / 20] Learning rate: 1e-05 weight: 0.01
[16 / 20] Loss: 4.64791405218412 CE Loss: 0.31492964833931203 Con Loss: 4.644764748010593
[16 / 20] tensor([[0.826, 0.775],
        [0.903, 0.920]]) {'epoch': 16, 'valid/acc': 84.726, 'valid/acc_unbiased': 85.088, 'valid/diff': 2.681, 'valid/acc_skew': 83.747, 'valid/acc_align': 86.428, 'test/acc': 85.316, 'test/acc_unbiased': 85.6, 'test/diff': 3.392, 'test/acc_skew': 83.904, 'test/acc_align': 87.296}
[16 / 20] best valid accuracy: 85.572 at epoch 10 
 best_stats: {'best_valid_epoch': 10, 'best_valid_valid/acc': 85.232, 'best_valid_valid/acc_unbiased': 85.572, 'best_valid_valid/diff': 1.968, 'best_valid_valid/acc_skew': 84.588, 'best_valid_valid/acc_align': 86.556, 'best_valid_test/acc': 84.895, 'best_valid_test/acc_unbiased': 85.187, 'best_valid_test/diff': 3.296, 'best_valid_test/acc_skew': 83.54, 'best_valid_test/acc_align': 86.835}
[16 / 20] best test accuracy: 85.981 at epoch 13 
 best_stats: {'best_test_epoch': 13, 'best_test_valid/acc': 84.937, 'best_test_valid/acc_unbiased': 84.944, 'best_test_valid/diff': 2.822, 'best_test_valid/acc_skew': 83.533, 'best_test_valid/acc_align': 86.355, 'best_test_test/acc': 85.823, 'best_test_test/acc_unbiased': 85.981, 'best_test_test/diff': 3.423, 'best_test_test/acc_skew': 84.269, 'best_test_test/acc_align': 87.692}
[17 / 20] Learning rate: 1e-05 weight: 0.01
[17 / 20] Loss: 4.643300793705015 CE Loss: 0.3171376104672517 Con Loss: 4.640129437034685
[17 / 20] tensor([[0.823, 0.781],
        [0.900, 0.924]]) {'epoch': 17, 'valid/acc': 84.81, 'valid/acc_unbiased': 85.229, 'valid/diff': 2.381, 'valid/acc_skew': 84.039, 'valid/acc_align': 86.42, 'test/acc': 85.485, 'test/acc_unbiased': 85.716, 'test/diff': 3.249, 'test/acc_skew': 84.091, 'test/acc_align': 87.34}
[17 / 20] best valid accuracy: 85.572 at epoch 10 
 best_stats: {'best_valid_epoch': 10, 'best_valid_valid/acc': 85.232, 'best_valid_valid/acc_unbiased': 85.572, 'best_valid_valid/diff': 1.968, 'best_valid_valid/acc_skew': 84.588, 'best_valid_valid/acc_align': 86.556, 'best_valid_test/acc': 84.895, 'best_valid_test/acc_unbiased': 85.187, 'best_valid_test/diff': 3.296, 'best_valid_test/acc_skew': 83.54, 'best_valid_test/acc_align': 86.835}
[17 / 20] best test accuracy: 85.981 at epoch 13 
 best_stats: {'best_test_epoch': 13, 'best_test_valid/acc': 84.937, 'best_test_valid/acc_unbiased': 84.944, 'best_test_valid/diff': 2.822, 'best_test_valid/acc_skew': 83.533, 'best_test_valid/acc_align': 86.355, 'best_test_test/acc': 85.823, 'best_test_test/acc_unbiased': 85.981, 'best_test_test/diff': 3.423, 'best_test_test/acc_skew': 84.269, 'best_test_test/acc_align': 87.692}
[18 / 20] Learning rate: 1e-05 weight: 0.01
[18 / 20] Loss: 4.632157894039573 CE Loss: 0.3188806314506782 Con Loss: 4.628969080800717
[18 / 20] tensor([[0.851, 0.787],
        [0.892, 0.911]]) {'epoch': 18, 'valid/acc': 84.979, 'valid/acc_unbiased': 85.286, 'valid/diff': 2.418, 'valid/acc_skew': 84.077, 'valid/acc_align': 86.495, 'test/acc': 85.781, 'test/acc_unbiased': 86.029, 'test/diff': 4.151, 'test/acc_skew': 83.954, 'test/acc_align': 88.105}
[18 / 20] best valid accuracy: 85.572 at epoch 10 
 best_stats: {'best_valid_epoch': 10, 'best_valid_valid/acc': 85.232, 'best_valid_valid/acc_unbiased': 85.572, 'best_valid_valid/diff': 1.968, 'best_valid_valid/acc_skew': 84.588, 'best_valid_valid/acc_align': 86.556, 'best_valid_test/acc': 84.895, 'best_valid_test/acc_unbiased': 85.187, 'best_valid_test/diff': 3.296, 'best_valid_test/acc_skew': 83.54, 'best_valid_test/acc_align': 86.835}
[18 / 20] best test accuracy: 86.029 at epoch 18 
 best_stats: {'best_test_epoch': 18, 'best_test_valid/acc': 84.979, 'best_test_valid/acc_unbiased': 85.286, 'best_test_valid/diff': 2.418, 'best_test_valid/acc_skew': 84.077, 'best_test_valid/acc_align': 86.495, 'best_test_test/acc': 85.781, 'best_test_test/acc_unbiased': 86.029, 'best_test_test/diff': 4.151, 'best_test_test/acc_skew': 83.954, 'best_test_test/acc_align': 88.105}
[19 / 20] Learning rate: 1e-05 weight: 0.01
[19 / 20] Loss: 4.650732687591285 CE Loss: 0.3239543539189664 Con Loss: 4.647493113884988
[19 / 20] tensor([[0.837, 0.780],
        [0.900, 0.923]]) {'epoch': 19, 'valid/acc': 85.021, 'valid/acc_unbiased': 85.388, 'valid/diff': 3.281, 'valid/acc_skew': 83.747, 'valid/acc_align': 87.029, 'test/acc': 85.738, 'test/acc_unbiased': 86.0, 'test/diff': 3.965, 'test/acc_skew': 84.017, 'test/acc_align': 87.983}
[19 / 20] best valid accuracy: 85.572 at epoch 10 
 best_stats: {'best_valid_epoch': 10, 'best_valid_valid/acc': 85.232, 'best_valid_valid/acc_unbiased': 85.572, 'best_valid_valid/diff': 1.968, 'best_valid_valid/acc_skew': 84.588, 'best_valid_valid/acc_align': 86.556, 'best_valid_test/acc': 84.895, 'best_valid_test/acc_unbiased': 85.187, 'best_valid_test/diff': 3.296, 'best_valid_test/acc_skew': 83.54, 'best_valid_test/acc_align': 86.835}
[19 / 20] best test accuracy: 86.029 at epoch 18 
 best_stats: {'best_test_epoch': 18, 'best_test_valid/acc': 84.979, 'best_test_valid/acc_unbiased': 85.286, 'best_test_valid/diff': 2.418, 'best_test_valid/acc_skew': 84.077, 'best_test_valid/acc_align': 86.495, 'best_test_test/acc': 85.781, 'best_test_test/acc_unbiased': 86.029, 'best_test_test/diff': 4.151, 'best_test_test/acc_skew': 83.954, 'best_test_test/acc_align': 88.105}
[20 / 20] Learning rate: 1e-05 weight: 0.01
[20 / 20] Loss: 4.644015013386181 CE Loss: 0.31658786548353396 Con Loss: 4.640849146975605
[20 / 20] tensor([[0.796, 0.752],
        [0.926, 0.935]]) {'epoch': 20, 'valid/acc': 84.346, 'valid/acc_unbiased': 84.879, 'valid/diff': 2.123, 'valid/acc_skew': 83.818, 'valid/acc_align': 85.941, 'test/acc': 84.81, 'test/acc_unbiased': 85.214, 'test/diff': 2.603, 'test/acc_skew': 83.913, 'test/acc_align': 86.516}
[20 / 20] best valid accuracy: 85.572 at epoch 10 
 best_stats: {'best_valid_epoch': 10, 'best_valid_valid/acc': 85.232, 'best_valid_valid/acc_unbiased': 85.572, 'best_valid_valid/diff': 1.968, 'best_valid_valid/acc_skew': 84.588, 'best_valid_valid/acc_align': 86.556, 'best_valid_test/acc': 84.895, 'best_valid_test/acc_unbiased': 85.187, 'best_valid_test/diff': 3.296, 'best_valid_test/acc_skew': 83.54, 'best_valid_test/acc_align': 86.835}
[20 / 20] best test accuracy: 86.029 at epoch 18 
 best_stats: {'best_test_epoch': 18, 'best_test_valid/acc': 84.979, 'best_test_valid/acc_unbiased': 85.286, 'best_test_valid/diff': 2.418, 'best_test_valid/acc_skew': 84.077, 'best_test_valid/acc_align': 86.495, 'best_test_test/acc': 85.781, 'best_test_test/acc_unbiased': 86.029, 'best_test_test/diff': 4.151, 'best_test_test/acc_skew': 83.954, 'best_test_test/acc_align': 88.105}
Total training time: 0:17:20
