Log level set to: INFO
Set seed: 1
=======> Using Fixed Random Seed: 1 <========
save_path: exp_results/bc-bb0-utk_face_race-crop_augmix-0.9-lr0.001-bs128-cbs64-w0.01-ratio10-aug1-seed1
get_utk_face - split: train, aug: False, given_y: True, ratio: 0
use existing biased_utk_face from data/utk_face/pickles/biased_utk_face-target_gender-bias_race-0.9
Distribution Before Sampling: 
===================================
Binary Labels Distribution: 
Binary Target 0
---------------------------
Target 0: [4407, 552]
Target 1: [440, 5529]
Binary Target 1
---------------------------
Target 0: [4407, 552]
Target 1: [440, 5529]
===================================
Normal Label Distribution: 
Target 0: [4407, 552]
Target 1: [440, 5529]
===================================
Distribution After Sampling: 
===================================
Binary Labels Distribution: 
Binary Target 0
---------------------------
Target 0: [4407, 552]
Target 1: [440, 5529]
Binary Target 1
---------------------------
Target 0: [4407, 552]
Target 1: [440, 5529]
===================================
Normal Label Distribution: 
Target 0: [4407, 552]
Target 1: [440, 5529]
===================================
Use BiasedUTKFace - target_attr: gender
BiasedUTKFace -- total: 10928, target_attr: gender, bias_attr: race bias_rate: 0.9
['[train] target_0-bias_0: 4407', '[train] target_0-bias_1: 552', '[train] target_1-bias_0: 440', '[train] target_1-bias_1: 5529']
confusion_matrix - 
 original: tensor([[4407.,  440.],
        [ 552., 5529.]]), 
 normalized: tensor([[0.909, 0.091],
        [0.091, 0.909]]), 
 b|y: tensor([[0.889, 0.111],
        [0.074, 0.926]])
get_utk_face - split: train, aug: 1, given_y: True, ratio: 10
use existing biased_utk_face from data/utk_face/pickles/biased_utk_face-target_gender-bias_race-0.9
Distribution Before Sampling: 
===================================
Binary Labels Distribution: 
Binary Target 0
---------------------------
Target 0: [4407, 552]
Target 1: [440, 5529]
Binary Target 1
---------------------------
Target 0: [4407, 552]
Target 1: [440, 5529]
===================================
Normal Label Distribution: 
Target 0: [4407, 552]
Target 1: [440, 5529]
===================================
Distribution After Sampling: 
===================================
Binary Labels Distribution: 
Binary Target 0
---------------------------
Target 0: [4407, 552]
Target 1: [440, 5529]
Binary Target 1
---------------------------
Target 0: [4407, 552]
Target 1: [440, 5529]
===================================
Normal Label Distribution: 
Target 0: [4407, 552]
Target 1: [440, 5529]
===================================
Use BiasedUTKFace - target_attr: gender
BiasedUTKFace -- total: 10928, target_attr: gender, bias_attr: race bias_rate: 0.9
['[train] target_0-bias_0: 4407', '[train] target_0-bias_1: 552', '[train] target_1-bias_0: 440', '[train] target_1-bias_1: 5529']
get_utk_face - split: valid, aug: False, given_y: True, ratio: 0
use existing biased_utk_face from data/utk_face/pickles/biased_utk_face-target_gender-bias_race-0.9
Distribution Before Sampling: 
===================================
Binary Labels Distribution: 
Binary Target 0
---------------------------
Target 0: [583, 684]
Target 1: [457, 646]
Binary Target 1
---------------------------
Target 0: [583, 684]
Target 1: [457, 646]
===================================
Normal Label Distribution: 
Target 0: [583, 684]
Target 1: [457, 646]
===================================
Use BiasedUTKFace - target_attr: gender
BiasedUTKFace -- total: 2370, target_attr: gender, bias_attr: race bias_rate: 0.9
['[valid] target_0-bias_0: 583', '[valid] target_0-bias_1: 684', '[valid] target_1-bias_0: 457', '[valid] target_1-bias_1: 646']
get_utk_face - split: test, aug: False, given_y: True, ratio: 0
use existing biased_utk_face from data/utk_face/pickles/biased_utk_face-target_gender-bias_race-0.9
Distribution Before Sampling: 
===================================
Binary Labels Distribution: 
Binary Target 0
---------------------------
Target 0: [558, 677]
Target 1: [462, 673]
Binary Target 1
---------------------------
Target 0: [558, 677]
Target 1: [462, 673]
===================================
Normal Label Distribution: 
Target 0: [558, 677]
Target 1: [462, 673]
===================================
Use BiasedUTKFace - target_attr: gender
BiasedUTKFace -- total: 2370, target_attr: gender, bias_attr: race bias_rate: 0.9
['[test] target_0-bias_0: 558', '[test] target_0-bias_1: 677', '[test] target_1-bias_0: 462', '[test] target_1-bias_1: 673']
decay_epochs: [6, 13]
[1 / 20] Learning rate: 0.001 weight: 0.01
[1 / 20] Loss: 4.884091692124419 CE Loss: 0.5699477751206165 Con Loss: 4.878392205580436
[1 / 20] tensor([[0.909, 0.827],
        [0.643, 0.734]]) {'epoch': 1, 'valid/acc': 79.536, 'valid/acc_unbiased': 78.694, 'valid/diff': 5.85, 'valid/acc_skew': 75.768, 'valid/acc_align': 81.619, 'test/acc': 78.397, 'test/acc_unbiased': 77.817, 'test/diff': 8.63, 'test/acc_skew': 73.502, 'test/acc_align': 82.131}
[1 / 20] best valid accuracy: 78.694 at epoch 1 
 best_stats: {'best_valid_epoch': 1, 'best_valid_valid/acc': 79.536, 'best_valid_valid/acc_unbiased': 78.694, 'best_valid_valid/diff': 5.85, 'best_valid_valid/acc_skew': 75.768, 'best_valid_valid/acc_align': 81.619, 'best_valid_test/acc': 78.397, 'best_valid_test/acc_unbiased': 77.817, 'best_valid_test/diff': 8.63, 'best_valid_test/acc_skew': 73.502, 'best_valid_test/acc_align': 82.131}
[1 / 20] best test accuracy: 77.817 at epoch 1 
 best_stats: {'best_test_epoch': 1, 'best_test_valid/acc': 79.536, 'best_test_valid/acc_unbiased': 78.694, 'best_test_valid/diff': 5.85, 'best_test_valid/acc_skew': 75.768, 'best_test_valid/acc_align': 81.619, 'best_test_test/acc': 78.397, 'best_test_test/acc_unbiased': 77.817, 'best_test_test/diff': 8.63, 'best_test_test/acc_skew': 73.502, 'best_test_test/acc_align': 82.131}
[2 / 20] Learning rate: 0.001 weight: 0.01
[2 / 20] Loss: 4.735410307022698 CE Loss: 0.4390713429817518 Con Loss: 4.731019581394
[2 / 20] tensor([[0.860, 0.768],
        [0.753, 0.847]]) {'epoch': 2, 'valid/acc': 81.983, 'valid/acc_unbiased': 81.869, 'valid/diff': 5.357, 'valid/acc_skew': 79.19, 'valid/acc_align': 84.548, 'test/acc': 80.928, 'test/acc_unbiased': 80.713, 'test/diff': 9.291, 'test/acc_skew': 76.067, 'test/acc_align': 85.358}
[2 / 20] best valid accuracy: 81.869 at epoch 2 
 best_stats: {'best_valid_epoch': 2, 'best_valid_valid/acc': 81.983, 'best_valid_valid/acc_unbiased': 81.869, 'best_valid_valid/diff': 5.357, 'best_valid_valid/acc_skew': 79.19, 'best_valid_valid/acc_align': 84.548, 'best_valid_test/acc': 80.928, 'best_valid_test/acc_unbiased': 80.713, 'best_valid_test/diff': 9.291, 'best_valid_test/acc_skew': 76.067, 'best_valid_test/acc_align': 85.358}
[2 / 20] best test accuracy: 80.713 at epoch 2 
 best_stats: {'best_test_epoch': 2, 'best_test_valid/acc': 81.983, 'best_test_valid/acc_unbiased': 81.869, 'best_test_valid/diff': 5.357, 'best_test_valid/acc_skew': 79.19, 'best_test_valid/acc_align': 84.548, 'best_test_test/acc': 80.928, 'best_test_test/acc_unbiased': 80.713, 'best_test_test/diff': 9.291, 'best_test_test/acc_skew': 76.067, 'best_test_test/acc_align': 85.358}
[3 / 20] Learning rate: 0.001 weight: 0.01
[3 / 20] Loss: 4.715232842837734 CE Loss: 0.4176774007509603 Con Loss: 4.711056067688748
[3 / 20] tensor([[0.629, 0.607],
        [0.939, 0.951]]) {'epoch': 3, 'valid/acc': 76.878, 'valid/acc_unbiased': 78.055, 'valid/diff': 1.139, 'valid/acc_skew': 78.294, 'valid/acc_align': 77.817, 'test/acc': 77.468, 'test/acc_unbiased': 78.162, 'test/diff': 1.676, 'test/acc_skew': 77.324, 'test/acc_align': 79.0}
[3 / 20] best valid accuracy: 81.869 at epoch 2 
 best_stats: {'best_valid_epoch': 2, 'best_valid_valid/acc': 81.983, 'best_valid_valid/acc_unbiased': 81.869, 'best_valid_valid/diff': 5.357, 'best_valid_valid/acc_skew': 79.19, 'best_valid_valid/acc_align': 84.548, 'best_valid_test/acc': 80.928, 'best_valid_test/acc_unbiased': 80.713, 'best_valid_test/diff': 9.291, 'best_valid_test/acc_skew': 76.067, 'best_valid_test/acc_align': 85.358}
[3 / 20] best test accuracy: 80.713 at epoch 2 
 best_stats: {'best_test_epoch': 2, 'best_test_valid/acc': 81.983, 'best_test_valid/acc_unbiased': 81.869, 'best_test_valid/diff': 5.357, 'best_test_valid/acc_skew': 79.19, 'best_test_valid/acc_align': 84.548, 'best_test_test/acc': 80.928, 'best_test_test/acc_unbiased': 80.713, 'best_test_test/diff': 9.291, 'best_test_test/acc_skew': 76.067, 'best_test_test/acc_align': 85.358}
[4 / 20] Learning rate: 0.001 weight: 0.01
[4 / 20] Loss: 4.694154723322409 CE Loss: 0.3885397990922802 Con Loss: 4.690269334773543
[4 / 20] tensor([[0.606, 0.560],
        [0.968, 0.972]]) {'epoch': 4, 'valid/acc': 75.274, 'valid/acc_unbiased': 76.716, 'valid/diff': 1.308, 'valid/acc_skew': 76.465, 'valid/acc_align': 76.967, 'test/acc': 76.709, 'test/acc_unbiased': 77.621, 'test/diff': 2.507, 'test/acc_skew': 76.368, 'test/acc_align': 78.875}
[4 / 20] best valid accuracy: 81.869 at epoch 2 
 best_stats: {'best_valid_epoch': 2, 'best_valid_valid/acc': 81.983, 'best_valid_valid/acc_unbiased': 81.869, 'best_valid_valid/diff': 5.357, 'best_valid_valid/acc_skew': 79.19, 'best_valid_valid/acc_align': 84.548, 'best_valid_test/acc': 80.928, 'best_valid_test/acc_unbiased': 80.713, 'best_valid_test/diff': 9.291, 'best_valid_test/acc_skew': 76.067, 'best_valid_test/acc_align': 85.358}
[4 / 20] best test accuracy: 80.713 at epoch 2 
 best_stats: {'best_test_epoch': 2, 'best_test_valid/acc': 81.983, 'best_test_valid/acc_unbiased': 81.869, 'best_test_valid/diff': 5.357, 'best_test_valid/acc_skew': 79.19, 'best_test_valid/acc_align': 84.548, 'best_test_test/acc': 80.928, 'best_test_test/acc_unbiased': 80.713, 'best_test_test/diff': 9.291, 'best_test_test/acc_skew': 76.067, 'best_test_test/acc_align': 85.358}
[5 / 20] Learning rate: 0.001 weight: 0.01
[5 / 20] Loss: 4.685810239213801 CE Loss: 0.4035744732068538 Con Loss: 4.681774481498305
[5 / 20] tensor([[0.821, 0.765],
        [0.846, 0.853]]) {'epoch': 5, 'valid/acc': 82.236, 'valid/acc_unbiased': 82.626, 'valid/diff': 5.182, 'valid/acc_skew': 82.508, 'valid/acc_align': 82.744, 'test/acc': 81.899, 'test/acc_unbiased': 82.129, 'test/diff': 3.111, 'test/acc_skew': 80.573, 'test/acc_align': 83.684}
[5 / 20] best valid accuracy: 82.626 at epoch 5 
 best_stats: {'best_valid_epoch': 5, 'best_valid_valid/acc': 82.236, 'best_valid_valid/acc_unbiased': 82.626, 'best_valid_valid/diff': 5.182, 'best_valid_valid/acc_skew': 82.508, 'best_valid_valid/acc_align': 82.744, 'best_valid_test/acc': 81.899, 'best_valid_test/acc_unbiased': 82.129, 'best_valid_test/diff': 3.111, 'best_valid_test/acc_skew': 80.573, 'best_valid_test/acc_align': 83.684}
[5 / 20] best test accuracy: 82.129 at epoch 5 
 best_stats: {'best_test_epoch': 5, 'best_test_valid/acc': 82.236, 'best_test_valid/acc_unbiased': 82.626, 'best_test_valid/diff': 5.182, 'best_test_valid/acc_skew': 82.508, 'best_test_valid/acc_align': 82.744, 'best_test_test/acc': 81.899, 'best_test_test/acc_unbiased': 82.129, 'best_test_test/diff': 3.111, 'best_test_test/acc_skew': 80.573, 'best_test_test/acc_align': 83.684}
[6 / 20] Learning rate: 0.001 weight: 0.01
[6 / 20] Loss: 4.6715357509573945 CE Loss: 0.39574076843994777 Con Loss: 4.667578343940165
[6 / 20] tensor([[0.794, 0.746],
        [0.866, 0.912]]) {'epoch': 6, 'valid/acc': 83.84, 'valid/acc_unbiased': 84.425, 'valid/diff': 2.673, 'valid/acc_skew': 83.124, 'valid/acc_align': 85.725, 'test/acc': 82.785, 'test/acc_unbiased': 82.949, 'test/diff': 4.725, 'test/acc_skew': 80.587, 'test/acc_align': 85.312}
[6 / 20] best valid accuracy: 84.425 at epoch 6 
 best_stats: {'best_valid_epoch': 6, 'best_valid_valid/acc': 83.84, 'best_valid_valid/acc_unbiased': 84.425, 'best_valid_valid/diff': 2.673, 'best_valid_valid/acc_skew': 83.124, 'best_valid_valid/acc_align': 85.725, 'best_valid_test/acc': 82.785, 'best_valid_test/acc_unbiased': 82.949, 'best_valid_test/diff': 4.725, 'best_valid_test/acc_skew': 80.587, 'best_valid_test/acc_align': 85.312}
[6 / 20] best test accuracy: 82.949 at epoch 6 
 best_stats: {'best_test_epoch': 6, 'best_test_valid/acc': 83.84, 'best_test_valid/acc_unbiased': 84.425, 'best_test_valid/diff': 2.673, 'best_test_valid/acc_skew': 83.124, 'best_test_valid/acc_align': 85.725, 'best_test_test/acc': 82.785, 'best_test_test/acc_unbiased': 82.949, 'best_test_test/diff': 4.725, 'best_test_test/acc_skew': 80.587, 'best_test_test/acc_align': 85.312}
[7 / 20] Learning rate: 0.0001 weight: 0.01
[7 / 20] Loss: 4.625060996757943 CE Loss: 0.3437638922893111 Con Loss: 4.621623367376593
[7 / 20] tensor([[0.869, 0.823],
        [0.842, 0.886]]) {'epoch': 7, 'valid/acc': 86.203, 'valid/acc_unbiased': 86.422, 'valid/diff': 2.179, 'valid/acc_skew': 85.649, 'valid/acc_align': 87.196, 'test/acc': 85.527, 'test/acc_unbiased': 85.488, 'test/diff': 4.501, 'test/acc_skew': 83.237, 'test/acc_align': 87.738}
[7 / 20] best valid accuracy: 86.422 at epoch 7 
 best_stats: {'best_valid_epoch': 7, 'best_valid_valid/acc': 86.203, 'best_valid_valid/acc_unbiased': 86.422, 'best_valid_valid/diff': 2.179, 'best_valid_valid/acc_skew': 85.649, 'best_valid_valid/acc_align': 87.196, 'best_valid_test/acc': 85.527, 'best_valid_test/acc_unbiased': 85.488, 'best_valid_test/diff': 4.501, 'best_valid_test/acc_skew': 83.237, 'best_valid_test/acc_align': 87.738}
[7 / 20] best test accuracy: 85.488 at epoch 7 
 best_stats: {'best_test_epoch': 7, 'best_test_valid/acc': 86.203, 'best_test_valid/acc_unbiased': 86.422, 'best_test_valid/diff': 2.179, 'best_test_valid/acc_skew': 85.649, 'best_test_valid/acc_align': 87.196, 'best_test_test/acc': 85.527, 'best_test_test/acc_unbiased': 85.488, 'best_test_test/diff': 4.501, 'best_test_test/acc_skew': 83.237, 'best_test_test/acc_align': 87.738}
[8 / 20] Learning rate: 0.0001 weight: 0.01
[8 / 20] Loss: 4.594550016160242 CE Loss: 0.3257978993575709 Con Loss: 4.591292035701858
[8 / 20] tensor([[0.858, 0.795],
        [0.866, 0.905]]) {'epoch': 8, 'valid/acc': 86.16, 'valid/acc_unbiased': 86.408, 'valid/diff': 3.421, 'valid/acc_skew': 84.698, 'valid/acc_align': 88.118, 'test/acc': 85.485, 'test/acc_unbiased': 85.595, 'test/diff': 5.142, 'test/acc_skew': 83.024, 'test/acc_align': 88.166}
[8 / 20] best valid accuracy: 86.422 at epoch 7 
 best_stats: {'best_valid_epoch': 7, 'best_valid_valid/acc': 86.203, 'best_valid_valid/acc_unbiased': 86.422, 'best_valid_valid/diff': 2.179, 'best_valid_valid/acc_skew': 85.649, 'best_valid_valid/acc_align': 87.196, 'best_valid_test/acc': 85.527, 'best_valid_test/acc_unbiased': 85.488, 'best_valid_test/diff': 4.501, 'best_valid_test/acc_skew': 83.237, 'best_valid_test/acc_align': 87.738}
[8 / 20] best test accuracy: 85.595 at epoch 8 
 best_stats: {'best_test_epoch': 8, 'best_test_valid/acc': 86.16, 'best_test_valid/acc_unbiased': 86.408, 'best_test_valid/diff': 3.421, 'best_test_valid/acc_skew': 84.698, 'best_test_valid/acc_align': 88.118, 'best_test_test/acc': 85.485, 'best_test_test/acc_unbiased': 85.595, 'best_test_test/diff': 5.142, 'best_test_test/acc_skew': 83.024, 'best_test_test/acc_align': 88.166}
[9 / 20] Learning rate: 0.0001 weight: 0.01
[9 / 20] Loss: 4.588979878153319 CE Loss: 0.31218511869757276 Con Loss: 4.585858023184111
[9 / 20] tensor([[0.846, 0.778],
        [0.885, 0.920]]) {'epoch': 9, 'valid/acc': 85.738, 'valid/acc_unbiased': 86.137, 'valid/diff': 2.59, 'valid/acc_skew': 84.842, 'valid/acc_align': 87.432, 'test/acc': 85.527, 'test/acc_unbiased': 85.734, 'test/diff': 5.096, 'test/acc_skew': 83.186, 'test/acc_align': 88.282}
[9 / 20] best valid accuracy: 86.422 at epoch 7 
 best_stats: {'best_valid_epoch': 7, 'best_valid_valid/acc': 86.203, 'best_valid_valid/acc_unbiased': 86.422, 'best_valid_valid/diff': 2.179, 'best_valid_valid/acc_skew': 85.649, 'best_valid_valid/acc_align': 87.196, 'best_valid_test/acc': 85.527, 'best_valid_test/acc_unbiased': 85.488, 'best_valid_test/diff': 4.501, 'best_valid_test/acc_skew': 83.237, 'best_valid_test/acc_align': 87.738}
[9 / 20] best test accuracy: 85.734 at epoch 9 
 best_stats: {'best_test_epoch': 9, 'best_test_valid/acc': 85.738, 'best_test_valid/acc_unbiased': 86.137, 'best_test_valid/diff': 2.59, 'best_test_valid/acc_skew': 84.842, 'best_test_valid/acc_align': 87.432, 'best_test_test/acc': 85.527, 'best_test_test/acc_unbiased': 85.734, 'best_test_test/diff': 5.096, 'best_test_test/acc_skew': 83.186, 'best_test_test/acc_align': 88.282}
[10 / 20] Learning rate: 0.0001 weight: 0.01
[10 / 20] Loss: 4.565278454022387 CE Loss: 0.29869272104992173 Con Loss: 4.562291515344756
[10 / 20] tensor([[0.860, 0.795],
        [0.864, 0.909]]) {'epoch': 10, 'valid/acc': 85.612, 'valid/acc_unbiased': 85.959, 'valid/diff': 2.085, 'valid/acc_skew': 84.916, 'valid/acc_align': 87.001, 'test/acc': 85.612, 'test/acc_unbiased': 85.697, 'test/diff': 5.563, 'test/acc_skew': 82.916, 'test/acc_align': 88.479}
[10 / 20] best valid accuracy: 86.422 at epoch 7 
 best_stats: {'best_valid_epoch': 7, 'best_valid_valid/acc': 86.203, 'best_valid_valid/acc_unbiased': 86.422, 'best_valid_valid/diff': 2.179, 'best_valid_valid/acc_skew': 85.649, 'best_valid_valid/acc_align': 87.196, 'best_valid_test/acc': 85.527, 'best_valid_test/acc_unbiased': 85.488, 'best_valid_test/diff': 4.501, 'best_valid_test/acc_skew': 83.237, 'best_valid_test/acc_align': 87.738}
[10 / 20] best test accuracy: 85.734 at epoch 9 
 best_stats: {'best_test_epoch': 9, 'best_test_valid/acc': 85.738, 'best_test_valid/acc_unbiased': 86.137, 'best_test_valid/diff': 2.59, 'best_test_valid/acc_skew': 84.842, 'best_test_valid/acc_align': 87.432, 'best_test_test/acc': 85.527, 'best_test_test/acc_unbiased': 85.734, 'best_test_test/diff': 5.096, 'best_test_test/acc_skew': 83.186, 'best_test_test/acc_align': 88.282}
[11 / 20] Learning rate: 0.0001 weight: 0.01
[11 / 20] Loss: 4.545306316057376 CE Loss: 0.2977405690954859 Con Loss: 4.542328920406269
[11 / 20] tensor([[0.871, 0.799],
        [0.853, 0.902]]) {'epoch': 11, 'valid/acc': 86.456, 'valid/acc_unbiased': 86.698, 'valid/diff': 3.268, 'valid/acc_skew': 85.063, 'valid/acc_align': 88.332, 'test/acc': 85.57, 'test/acc_unbiased': 85.621, 'test/diff': 6.049, 'test/acc_skew': 82.596, 'test/acc_align': 88.645}
[11 / 20] best valid accuracy: 86.698 at epoch 11 
 best_stats: {'best_valid_epoch': 11, 'best_valid_valid/acc': 86.456, 'best_valid_valid/acc_unbiased': 86.698, 'best_valid_valid/diff': 3.268, 'best_valid_valid/acc_skew': 85.063, 'best_valid_valid/acc_align': 88.332, 'best_valid_test/acc': 85.57, 'best_valid_test/acc_unbiased': 85.621, 'best_valid_test/diff': 6.049, 'best_valid_test/acc_skew': 82.596, 'best_valid_test/acc_align': 88.645}
[11 / 20] best test accuracy: 85.734 at epoch 9 
 best_stats: {'best_test_epoch': 9, 'best_test_valid/acc': 85.738, 'best_test_valid/acc_unbiased': 86.137, 'best_test_valid/diff': 2.59, 'best_test_valid/acc_skew': 84.842, 'best_test_valid/acc_align': 87.432, 'best_test_test/acc': 85.527, 'best_test_test/acc_unbiased': 85.734, 'best_test_test/diff': 5.096, 'best_test_test/acc_skew': 83.186, 'best_test_test/acc_align': 88.282}
[12 / 20] Learning rate: 0.0001 weight: 0.01
[12 / 20] Loss: 4.5565381462018975 CE Loss: 0.29586698143234363 Con Loss: 4.5535794854338665
[12 / 20] tensor([[0.844, 0.761],
        [0.879, 0.927]]) {'epoch': 12, 'valid/acc': 86.371, 'valid/acc_unbiased': 86.84, 'valid/diff': 3.486, 'valid/acc_skew': 85.097, 'valid/acc_align': 88.583, 'test/acc': 85.063, 'test/acc_unbiased': 85.269, 'test/diff': 6.589, 'test/acc_skew': 81.975, 'test/acc_align': 88.564}
[12 / 20] best valid accuracy: 86.840 at epoch 12 
 best_stats: {'best_valid_epoch': 12, 'best_valid_valid/acc': 86.371, 'best_valid_valid/acc_unbiased': 86.84, 'best_valid_valid/diff': 3.486, 'best_valid_valid/acc_skew': 85.097, 'best_valid_valid/acc_align': 88.583, 'best_valid_test/acc': 85.063, 'best_valid_test/acc_unbiased': 85.269, 'best_valid_test/diff': 6.589, 'best_valid_test/acc_skew': 81.975, 'best_valid_test/acc_align': 88.564}
[12 / 20] best test accuracy: 85.734 at epoch 9 
 best_stats: {'best_test_epoch': 9, 'best_test_valid/acc': 85.738, 'best_test_valid/acc_unbiased': 86.137, 'best_test_valid/diff': 2.59, 'best_test_valid/acc_skew': 84.842, 'best_test_valid/acc_align': 87.432, 'best_test_test/acc': 85.527, 'best_test_test/acc_unbiased': 85.734, 'best_test_test/diff': 5.096, 'best_test_test/acc_skew': 83.186, 'best_test_test/acc_align': 88.282}
[13 / 20] Learning rate: 0.0001 weight: 0.01
[13 / 20] Loss: 4.533842634142405 CE Loss: 0.2896162402402953 Con Loss: 4.5309464732514995
[13 / 20] tensor([[0.898, 0.840],
        [0.835, 0.875]]) {'epoch': 13, 'valid/acc': 86.16, 'valid/acc_unbiased': 86.151, 'valid/diff': 3.116, 'valid/acc_skew': 84.593, 'valid/acc_align': 87.708, 'test/acc': 86.287, 'test/acc_unbiased': 86.225, 'test/diff': 4.853, 'test/acc_skew': 83.799, 'test/acc_align': 88.652}
[13 / 20] best valid accuracy: 86.840 at epoch 12 
 best_stats: {'best_valid_epoch': 12, 'best_valid_valid/acc': 86.371, 'best_valid_valid/acc_unbiased': 86.84, 'best_valid_valid/diff': 3.486, 'best_valid_valid/acc_skew': 85.097, 'best_valid_valid/acc_align': 88.583, 'best_valid_test/acc': 85.063, 'best_valid_test/acc_unbiased': 85.269, 'best_valid_test/diff': 6.589, 'best_valid_test/acc_skew': 81.975, 'best_valid_test/acc_align': 88.564}
[13 / 20] best test accuracy: 86.225 at epoch 13 
 best_stats: {'best_test_epoch': 13, 'best_test_valid/acc': 86.16, 'best_test_valid/acc_unbiased': 86.151, 'best_test_valid/diff': 3.116, 'best_test_valid/acc_skew': 84.593, 'best_test_valid/acc_align': 87.708, 'best_test_test/acc': 86.287, 'best_test_test/acc_unbiased': 86.225, 'best_test_test/diff': 4.853, 'best_test_test/acc_skew': 83.799, 'best_test_test/acc_align': 88.652}
[14 / 20] Learning rate: 1e-05 weight: 0.01
[14 / 20] Loss: 4.537704231100236 CE Loss: 0.27847341772054335 Con Loss: 4.534919466490627
[14 / 20] tensor([[0.878, 0.812],
        [0.851, 0.902]]) {'epoch': 14, 'valid/acc': 86.751, 'valid/acc_unbiased': 86.929, 'valid/diff': 3.73, 'valid/acc_skew': 85.064, 'valid/acc_align': 88.794, 'test/acc': 86.076, 'test/acc_unbiased': 86.078, 'test/diff': 5.851, 'test/acc_skew': 83.153, 'test/acc_align': 89.003}
[14 / 20] best valid accuracy: 86.929 at epoch 14 
 best_stats: {'best_valid_epoch': 14, 'best_valid_valid/acc': 86.751, 'best_valid_valid/acc_unbiased': 86.929, 'best_valid_valid/diff': 3.73, 'best_valid_valid/acc_skew': 85.064, 'best_valid_valid/acc_align': 88.794, 'best_valid_test/acc': 86.076, 'best_valid_test/acc_unbiased': 86.078, 'best_valid_test/diff': 5.851, 'best_valid_test/acc_skew': 83.153, 'best_valid_test/acc_align': 89.003}
[14 / 20] best test accuracy: 86.225 at epoch 13 
 best_stats: {'best_test_epoch': 13, 'best_test_valid/acc': 86.16, 'best_test_valid/acc_unbiased': 86.151, 'best_test_valid/diff': 3.116, 'best_test_valid/acc_skew': 84.593, 'best_test_valid/acc_align': 87.708, 'best_test_test/acc': 86.287, 'best_test_test/acc_unbiased': 86.225, 'best_test_test/diff': 4.853, 'best_test_test/acc_skew': 83.799, 'best_test_test/acc_align': 88.652}
[15 / 20] Learning rate: 1e-05 weight: 0.01
[15 / 20] Loss: 4.523605637110519 CE Loss: 0.27762283980410063 Con Loss: 4.52082941717145
[15 / 20] tensor([[0.869, 0.795],
        [0.859, 0.909]]) {'epoch': 15, 'valid/acc': 86.498, 'valid/acc_unbiased': 86.76, 'valid/diff': 2.955, 'valid/acc_skew': 85.282, 'valid/acc_align': 88.238, 'test/acc': 85.738, 'test/acc_unbiased': 85.813, 'test/diff': 6.227, 'test/acc_skew': 82.699, 'test/acc_align': 88.927}
[15 / 20] best valid accuracy: 86.929 at epoch 14 
 best_stats: {'best_valid_epoch': 14, 'best_valid_valid/acc': 86.751, 'best_valid_valid/acc_unbiased': 86.929, 'best_valid_valid/diff': 3.73, 'best_valid_valid/acc_skew': 85.064, 'best_valid_valid/acc_align': 88.794, 'best_valid_test/acc': 86.076, 'best_valid_test/acc_unbiased': 86.078, 'best_valid_test/diff': 5.851, 'best_valid_test/acc_skew': 83.153, 'best_valid_test/acc_align': 89.003}
[15 / 20] best test accuracy: 86.225 at epoch 13 
 best_stats: {'best_test_epoch': 13, 'best_test_valid/acc': 86.16, 'best_test_valid/acc_unbiased': 86.151, 'best_test_valid/diff': 3.116, 'best_test_valid/acc_skew': 84.593, 'best_test_valid/acc_align': 87.708, 'best_test_test/acc': 86.287, 'best_test_test/acc_unbiased': 86.225, 'best_test_test/diff': 4.853, 'best_test_test/acc_skew': 83.799, 'best_test_test/acc_align': 88.652}
[16 / 20] Learning rate: 1e-05 weight: 0.01
[16 / 20] Loss: 4.5335739953975205 CE Loss: 0.27886097196429577 Con Loss: 4.530785384673849
[16 / 20] tensor([[0.866, 0.796],
        [0.870, 0.917]]) {'epoch': 16, 'valid/acc': 86.92, 'valid/acc_unbiased': 87.168, 'valid/diff': 2.896, 'valid/acc_skew': 85.72, 'valid/acc_align': 88.616, 'test/acc': 86.118, 'test/acc_unbiased': 86.217, 'test/diff': 5.805, 'test/acc_skew': 83.314, 'test/acc_align': 89.119}
[16 / 20] best valid accuracy: 87.168 at epoch 16 
 best_stats: {'best_valid_epoch': 16, 'best_valid_valid/acc': 86.92, 'best_valid_valid/acc_unbiased': 87.168, 'best_valid_valid/diff': 2.896, 'best_valid_valid/acc_skew': 85.72, 'best_valid_valid/acc_align': 88.616, 'best_valid_test/acc': 86.118, 'best_valid_test/acc_unbiased': 86.217, 'best_valid_test/diff': 5.805, 'best_valid_test/acc_skew': 83.314, 'best_valid_test/acc_align': 89.119}
[16 / 20] best test accuracy: 86.225 at epoch 13 
 best_stats: {'best_test_epoch': 13, 'best_test_valid/acc': 86.16, 'best_test_valid/acc_unbiased': 86.151, 'best_test_valid/diff': 3.116, 'best_test_valid/acc_skew': 84.593, 'best_test_valid/acc_align': 87.708, 'best_test_test/acc': 86.287, 'best_test_test/acc_unbiased': 86.225, 'best_test_test/diff': 4.853, 'best_test_test/acc_skew': 83.799, 'best_test_test/acc_align': 88.652}
[17 / 20] Learning rate: 1e-05 weight: 0.01
[17 / 20] Loss: 4.518536064321091 CE Loss: 0.2820692759219933 Con Loss: 4.515715370066519
[17 / 20] tensor([[0.867, 0.802],
        [0.868, 0.920]]) {'epoch': 17, 'valid/acc': 86.835, 'valid/acc_unbiased': 87.119, 'valid/diff': 2.579, 'valid/acc_skew': 85.83, 'valid/acc_align': 88.409, 'test/acc': 86.371, 'test/acc_unbiased': 86.429, 'test/diff': 5.856, 'test/acc_skew': 83.502, 'test/acc_align': 89.357}
[17 / 20] best valid accuracy: 87.168 at epoch 16 
 best_stats: {'best_valid_epoch': 16, 'best_valid_valid/acc': 86.92, 'best_valid_valid/acc_unbiased': 87.168, 'best_valid_valid/diff': 2.896, 'best_valid_valid/acc_skew': 85.72, 'best_valid_valid/acc_align': 88.616, 'best_valid_test/acc': 86.118, 'best_valid_test/acc_unbiased': 86.217, 'best_valid_test/diff': 5.805, 'best_valid_test/acc_skew': 83.314, 'best_valid_test/acc_align': 89.119}
[17 / 20] best test accuracy: 86.429 at epoch 17 
 best_stats: {'best_test_epoch': 17, 'best_test_valid/acc': 86.835, 'best_test_valid/acc_unbiased': 87.119, 'best_test_valid/diff': 2.579, 'best_test_valid/acc_skew': 85.83, 'best_test_valid/acc_align': 88.409, 'best_test_test/acc': 86.371, 'best_test_test/acc_unbiased': 86.429, 'best_test_test/diff': 5.856, 'best_test_test/acc_skew': 83.502, 'best_test_test/acc_align': 89.357}
[18 / 20] Learning rate: 1e-05 weight: 0.01
[18 / 20] Loss: 4.531738292420417 CE Loss: 0.2776243052231271 Con Loss: 4.528962048046062
[18 / 20] tensor([[0.862, 0.799],
        [0.868, 0.924]]) {'epoch': 18, 'valid/acc': 86.709, 'valid/acc_unbiased': 86.993, 'valid/diff': 2.765, 'valid/acc_skew': 85.61, 'valid/acc_align': 88.376, 'test/acc': 86.287, 'test/acc_unbiased': 86.333, 'test/diff': 5.957, 'test/acc_skew': 83.354, 'test/acc_align': 89.311}
[18 / 20] best valid accuracy: 87.168 at epoch 16 
 best_stats: {'best_valid_epoch': 16, 'best_valid_valid/acc': 86.92, 'best_valid_valid/acc_unbiased': 87.168, 'best_valid_valid/diff': 2.896, 'best_valid_valid/acc_skew': 85.72, 'best_valid_valid/acc_align': 88.616, 'best_valid_test/acc': 86.118, 'best_valid_test/acc_unbiased': 86.217, 'best_valid_test/diff': 5.805, 'best_valid_test/acc_skew': 83.314, 'best_valid_test/acc_align': 89.119}
[18 / 20] best test accuracy: 86.429 at epoch 17 
 best_stats: {'best_test_epoch': 17, 'best_test_valid/acc': 86.835, 'best_test_valid/acc_unbiased': 87.119, 'best_test_valid/diff': 2.579, 'best_test_valid/acc_skew': 85.83, 'best_test_valid/acc_align': 88.409, 'best_test_test/acc': 86.371, 'best_test_test/acc_unbiased': 86.429, 'best_test_test/diff': 5.856, 'best_test_test/acc_skew': 83.502, 'best_test_test/acc_align': 89.357}
[19 / 20] Learning rate: 1e-05 weight: 0.01
[19 / 20] Loss: 4.518178517437959 CE Loss: 0.28384506200627035 Con Loss: 4.515340051050591
[19 / 20] tensor([[0.871, 0.811],
        [0.870, 0.917]]) {'epoch': 19, 'valid/acc': 86.793, 'valid/acc_unbiased': 86.991, 'valid/diff': 3.489, 'valid/acc_skew': 85.246, 'valid/acc_align': 88.736, 'test/acc': 86.667, 'test/acc_unbiased': 86.72, 'test/diff': 5.335, 'test/acc_skew': 84.053, 'test/acc_align': 89.388}
[19 / 20] best valid accuracy: 87.168 at epoch 16 
 best_stats: {'best_valid_epoch': 16, 'best_valid_valid/acc': 86.92, 'best_valid_valid/acc_unbiased': 87.168, 'best_valid_valid/diff': 2.896, 'best_valid_valid/acc_skew': 85.72, 'best_valid_valid/acc_align': 88.616, 'best_valid_test/acc': 86.118, 'best_valid_test/acc_unbiased': 86.217, 'best_valid_test/diff': 5.805, 'best_valid_test/acc_skew': 83.314, 'best_valid_test/acc_align': 89.119}
[19 / 20] best test accuracy: 86.720 at epoch 19 
 best_stats: {'best_test_epoch': 19, 'best_test_valid/acc': 86.793, 'best_test_valid/acc_unbiased': 86.991, 'best_test_valid/diff': 3.489, 'best_test_valid/acc_skew': 85.246, 'best_test_valid/acc_align': 88.736, 'best_test_test/acc': 86.667, 'best_test_test/acc_unbiased': 86.72, 'best_test_test/diff': 5.335, 'best_test_test/acc_skew': 84.053, 'best_test_test/acc_align': 89.388}
[20 / 20] Learning rate: 1e-05 weight: 0.01
[20 / 20] Loss: 4.520605367238839 CE Loss: 0.27618362971664695 Con Loss: 4.517843536890792
[20 / 20] tensor([[0.867, 0.815],
        [0.866, 0.911]]) {'epoch': 20, 'valid/acc': 86.793, 'valid/acc_unbiased': 87.021, 'valid/diff': 3.258, 'valid/acc_skew': 85.392, 'valid/acc_align': 88.65, 'test/acc': 86.456, 'test/acc_unbiased': 86.485, 'test/diff': 4.853, 'test/acc_skew': 84.058, 'test/acc_align': 88.912}
[20 / 20] best valid accuracy: 87.168 at epoch 16 
 best_stats: {'best_valid_epoch': 16, 'best_valid_valid/acc': 86.92, 'best_valid_valid/acc_unbiased': 87.168, 'best_valid_valid/diff': 2.896, 'best_valid_valid/acc_skew': 85.72, 'best_valid_valid/acc_align': 88.616, 'best_valid_test/acc': 86.118, 'best_valid_test/acc_unbiased': 86.217, 'best_valid_test/diff': 5.805, 'best_valid_test/acc_skew': 83.314, 'best_valid_test/acc_align': 89.119}
[20 / 20] best test accuracy: 86.720 at epoch 19 
 best_stats: {'best_test_epoch': 19, 'best_test_valid/acc': 86.793, 'best_test_valid/acc_unbiased': 86.991, 'best_test_valid/diff': 3.489, 'best_test_valid/acc_skew': 85.246, 'best_test_valid/acc_align': 88.736, 'best_test_test/acc': 86.667, 'best_test_test/acc_unbiased': 86.72, 'best_test_test/diff': 5.335, 'best_test_test/acc_skew': 84.053, 'best_test_test/acc_align': 89.388}
Total training time: 0:33:17
