Log level set to: INFO
Set seed: 2
=======> Using Fixed Random Seed: 2 <========
save_path: exp_results/bc-bb0-utk_face_race-cutout_blur-0.9-lr0.001-bs128-cbs64-w0.01-ratio10-aug1-seed2
get_utk_face - split: train, aug: False, given_y: True, ratio: 0
use existing biased_utk_face from data/utk_face/pickles/biased_utk_face-target_gender-bias_race-0.9
Distribution Before Sampling: 
===================================
Binary Labels Distribution: 
Binary Target 0
---------------------------
Target 0: [4407, 552]
Target 1: [440, 5529]
Binary Target 1
---------------------------
Target 0: [4407, 552]
Target 1: [440, 5529]
===================================
Normal Label Distribution: 
Target 0: [4407, 552]
Target 1: [440, 5529]
===================================
Distribution After Sampling: 
===================================
Binary Labels Distribution: 
Binary Target 0
---------------------------
Target 0: [4407, 552]
Target 1: [440, 5529]
Binary Target 1
---------------------------
Target 0: [4407, 552]
Target 1: [440, 5529]
===================================
Normal Label Distribution: 
Target 0: [4407, 552]
Target 1: [440, 5529]
===================================
Use BiasedUTKFace - target_attr: gender
BiasedUTKFace -- total: 10928, target_attr: gender, bias_attr: race bias_rate: 0.9
['[train] target_0-bias_0: 4407', '[train] target_0-bias_1: 552', '[train] target_1-bias_0: 440', '[train] target_1-bias_1: 5529']
confusion_matrix - 
 original: tensor([[4407.,  440.],
        [ 552., 5529.]]), 
 normalized: tensor([[0.909, 0.091],
        [0.091, 0.909]]), 
 b|y: tensor([[0.889, 0.111],
        [0.074, 0.926]])
get_utk_face - split: train, aug: 1, given_y: True, ratio: 10
use existing biased_utk_face from data/utk_face/pickles/biased_utk_face-target_gender-bias_race-0.9
Distribution Before Sampling: 
===================================
Binary Labels Distribution: 
Binary Target 0
---------------------------
Target 0: [4407, 552]
Target 1: [440, 5529]
Binary Target 1
---------------------------
Target 0: [4407, 552]
Target 1: [440, 5529]
===================================
Normal Label Distribution: 
Target 0: [4407, 552]
Target 1: [440, 5529]
===================================
Distribution After Sampling: 
===================================
Binary Labels Distribution: 
Binary Target 0
---------------------------
Target 0: [4407, 552]
Target 1: [440, 5529]
Binary Target 1
---------------------------
Target 0: [4407, 552]
Target 1: [440, 5529]
===================================
Normal Label Distribution: 
Target 0: [4407, 552]
Target 1: [440, 5529]
===================================
Use BiasedUTKFace - target_attr: gender
BiasedUTKFace -- total: 10928, target_attr: gender, bias_attr: race bias_rate: 0.9
['[train] target_0-bias_0: 4407', '[train] target_0-bias_1: 552', '[train] target_1-bias_0: 440', '[train] target_1-bias_1: 5529']
get_utk_face - split: valid, aug: False, given_y: True, ratio: 0
use existing biased_utk_face from data/utk_face/pickles/biased_utk_face-target_gender-bias_race-0.9
Distribution Before Sampling: 
===================================
Binary Labels Distribution: 
Binary Target 0
---------------------------
Target 0: [583, 684]
Target 1: [457, 646]
Binary Target 1
---------------------------
Target 0: [583, 684]
Target 1: [457, 646]
===================================
Normal Label Distribution: 
Target 0: [583, 684]
Target 1: [457, 646]
===================================
Use BiasedUTKFace - target_attr: gender
BiasedUTKFace -- total: 2370, target_attr: gender, bias_attr: race bias_rate: 0.9
['[valid] target_0-bias_0: 583', '[valid] target_0-bias_1: 684', '[valid] target_1-bias_0: 457', '[valid] target_1-bias_1: 646']
get_utk_face - split: test, aug: False, given_y: True, ratio: 0
use existing biased_utk_face from data/utk_face/pickles/biased_utk_face-target_gender-bias_race-0.9
Distribution Before Sampling: 
===================================
Binary Labels Distribution: 
Binary Target 0
---------------------------
Target 0: [558, 677]
Target 1: [462, 673]
Binary Target 1
---------------------------
Target 0: [558, 677]
Target 1: [462, 673]
===================================
Normal Label Distribution: 
Target 0: [558, 677]
Target 1: [462, 673]
===================================
Use BiasedUTKFace - target_attr: gender
BiasedUTKFace -- total: 2370, target_attr: gender, bias_attr: race bias_rate: 0.9
['[test] target_0-bias_0: 558', '[test] target_0-bias_1: 677', '[test] target_1-bias_0: 462', '[test] target_1-bias_1: 673']
decay_epochs: [6, 13]
[1 / 20] Learning rate: 0.001 weight: 0.01
[1 / 20] Loss: 4.909763204929246 CE Loss: 0.6092311183146117 Con Loss: 4.903670894628388
[1 / 20] tensor([[0.909, 0.889],
        [0.580, 0.599]]) {'epoch': 1, 'valid/acc': 75.527, 'valid/acc_unbiased': 74.644, 'valid/diff': 2.719, 'valid/acc_skew': 75.591, 'valid/acc_align': 73.697, 'test/acc': 75.105, 'test/acc_unbiased': 74.418, 'test/diff': 1.905, 'test/acc_skew': 73.465, 'test/acc_align': 75.371}
[1 / 20] best valid accuracy: 74.644 at epoch 1 
 best_stats: {'best_valid_epoch': 1, 'best_valid_valid/acc': 75.527, 'best_valid_valid/acc_unbiased': 74.644, 'best_valid_valid/diff': 2.719, 'best_valid_valid/acc_skew': 75.591, 'best_valid_valid/acc_align': 73.697, 'best_valid_test/acc': 75.105, 'best_valid_test/acc_unbiased': 74.418, 'best_valid_test/diff': 1.905, 'best_valid_test/acc_skew': 73.465, 'best_valid_test/acc_align': 75.371}
[1 / 20] best test accuracy: 74.418 at epoch 1 
 best_stats: {'best_test_epoch': 1, 'best_test_valid/acc': 75.527, 'best_test_valid/acc_unbiased': 74.644, 'best_test_valid/diff': 2.719, 'best_test_valid/acc_skew': 75.591, 'best_test_valid/acc_align': 73.697, 'best_test_test/acc': 75.105, 'best_test_test/acc_unbiased': 74.418, 'best_test_test/diff': 1.905, 'best_test_test/acc_skew': 73.465, 'best_test_test/acc_align': 75.371}
[2 / 20] Learning rate: 0.001 weight: 0.01
[2 / 20] Loss: 4.7633616830035495 CE Loss: 0.5261616255668037 Con Loss: 4.758100062826891
[2 / 20] tensor([[0.767, 0.756],
        [0.729, 0.831]]) {'epoch': 2, 'valid/acc': 77.131, 'valid/acc_unbiased': 77.161, 'valid/diff': 4.197, 'valid/acc_skew': 75.063, 'valid/acc_align': 79.259, 'test/acc': 77.468, 'test/acc_unbiased': 77.084, 'test/diff': 5.596, 'test/acc_skew': 74.286, 'test/acc_align': 79.882}
[2 / 20] best valid accuracy: 77.161 at epoch 2 
 best_stats: {'best_valid_epoch': 2, 'best_valid_valid/acc': 77.131, 'best_valid_valid/acc_unbiased': 77.161, 'best_valid_valid/diff': 4.197, 'best_valid_valid/acc_skew': 75.063, 'best_valid_valid/acc_align': 79.259, 'best_valid_test/acc': 77.468, 'best_valid_test/acc_unbiased': 77.084, 'best_valid_test/diff': 5.596, 'best_valid_test/acc_skew': 74.286, 'best_valid_test/acc_align': 79.882}
[2 / 20] best test accuracy: 77.084 at epoch 2 
 best_stats: {'best_test_epoch': 2, 'best_test_valid/acc': 77.131, 'best_test_valid/acc_unbiased': 77.161, 'best_test_valid/diff': 4.197, 'best_test_valid/acc_skew': 75.063, 'best_test_valid/acc_align': 79.259, 'best_test_test/acc': 77.468, 'best_test_test/acc_unbiased': 77.084, 'best_test_test/diff': 5.596, 'best_test_test/acc_skew': 74.286, 'best_test_test/acc_align': 79.882}
[3 / 20] Learning rate: 0.001 weight: 0.01
[3 / 20] Loss: 4.728845108305902 CE Loss: 0.52249601797513 Con Loss: 4.723620107547431
[3 / 20] tensor([[0.851, 0.795],
        [0.710, 0.788]]) {'epoch': 3, 'valid/acc': 79.873, 'valid/acc_unbiased': 79.6, 'valid/diff': 2.347, 'valid/acc_skew': 78.427, 'valid/acc_align': 80.774, 'test/acc': 78.945, 'test/acc_unbiased': 78.585, 'test/diff': 6.707, 'test/acc_skew': 75.232, 'test/acc_align': 81.939}
[3 / 20] best valid accuracy: 79.600 at epoch 3 
 best_stats: {'best_valid_epoch': 3, 'best_valid_valid/acc': 79.873, 'best_valid_valid/acc_unbiased': 79.6, 'best_valid_valid/diff': 2.347, 'best_valid_valid/acc_skew': 78.427, 'best_valid_valid/acc_align': 80.774, 'best_valid_test/acc': 78.945, 'best_valid_test/acc_unbiased': 78.585, 'best_valid_test/diff': 6.707, 'best_valid_test/acc_skew': 75.232, 'best_valid_test/acc_align': 81.939}
[3 / 20] best test accuracy: 78.585 at epoch 3 
 best_stats: {'best_test_epoch': 3, 'best_test_valid/acc': 79.873, 'best_test_valid/acc_unbiased': 79.6, 'best_test_valid/diff': 2.347, 'best_test_valid/acc_skew': 78.427, 'best_test_valid/acc_align': 80.774, 'best_test_test/acc': 78.945, 'best_test_test/acc_unbiased': 78.585, 'best_test_test/diff': 6.707, 'best_test_test/acc_skew': 75.232, 'best_test_test/acc_align': 81.939}
[4 / 20] Learning rate: 0.001 weight: 0.01
[4 / 20] Loss: 4.702544902114533 CE Loss: 0.4922403560986805 Con Loss: 4.6976224821099075
[4 / 20] tensor([[0.735, 0.634],
        [0.857, 0.906]]) {'epoch': 4, 'valid/acc': 77.764, 'valid/acc_unbiased': 78.598, 'valid/diff': 3.151, 'valid/acc_skew': 77.022, 'valid/acc_align': 80.174, 'test/acc': 77.848, 'test/acc_unbiased': 78.299, 'test/diff': 7.517, 'test/acc_skew': 74.541, 'test/acc_align': 82.058}
[4 / 20] best valid accuracy: 79.600 at epoch 3 
 best_stats: {'best_valid_epoch': 3, 'best_valid_valid/acc': 79.873, 'best_valid_valid/acc_unbiased': 79.6, 'best_valid_valid/diff': 2.347, 'best_valid_valid/acc_skew': 78.427, 'best_valid_valid/acc_align': 80.774, 'best_valid_test/acc': 78.945, 'best_valid_test/acc_unbiased': 78.585, 'best_valid_test/diff': 6.707, 'best_valid_test/acc_skew': 75.232, 'best_valid_test/acc_align': 81.939}
[4 / 20] best test accuracy: 78.585 at epoch 3 
 best_stats: {'best_test_epoch': 3, 'best_test_valid/acc': 79.873, 'best_test_valid/acc_unbiased': 79.6, 'best_test_valid/diff': 2.347, 'best_test_valid/acc_skew': 78.427, 'best_test_valid/acc_align': 80.774, 'best_test_test/acc': 78.945, 'best_test_test/acc_unbiased': 78.585, 'best_test_test/diff': 6.707, 'best_test_test/acc_skew': 75.232, 'best_test_test/acc_align': 81.939}
[5 / 20] Learning rate: 0.001 weight: 0.01
[5 / 20] Loss: 4.67210685945011 CE Loss: 0.4852651785268267 Con Loss: 4.667254205678602
[5 / 20] tensor([[0.824, 0.724],
        [0.816, 0.866]]) {'epoch': 5, 'valid/acc': 80.338, 'valid/acc_unbiased': 80.544, 'valid/diff': 4.397, 'valid/acc_skew': 78.345, 'valid/acc_align': 82.742, 'test/acc': 80.591, 'test/acc_unbiased': 80.761, 'test/diff': 7.542, 'test/acc_skew': 76.99, 'test/acc_align': 84.532}
[5 / 20] best valid accuracy: 80.544 at epoch 5 
 best_stats: {'best_valid_epoch': 5, 'best_valid_valid/acc': 80.338, 'best_valid_valid/acc_unbiased': 80.544, 'best_valid_valid/diff': 4.397, 'best_valid_valid/acc_skew': 78.345, 'best_valid_valid/acc_align': 82.742, 'best_valid_test/acc': 80.591, 'best_valid_test/acc_unbiased': 80.761, 'best_valid_test/diff': 7.542, 'best_valid_test/acc_skew': 76.99, 'best_valid_test/acc_align': 84.532}
[5 / 20] best test accuracy: 80.761 at epoch 5 
 best_stats: {'best_test_epoch': 5, 'best_test_valid/acc': 80.338, 'best_test_valid/acc_unbiased': 80.544, 'best_test_valid/diff': 4.397, 'best_test_valid/acc_skew': 78.345, 'best_test_valid/acc_align': 82.742, 'best_test_test/acc': 80.591, 'best_test_test/acc_unbiased': 80.761, 'best_test_test/diff': 7.542, 'best_test_test/acc_skew': 76.99, 'best_test_test/acc_align': 84.532}
[6 / 20] Learning rate: 0.001 weight: 0.01
[6 / 20] Loss: 4.649852244431592 CE Loss: 0.4881250970447395 Con Loss: 4.644970995789914
[6 / 20] tensor([[0.853, 0.774],
        [0.764, 0.841]]) {'epoch': 6, 'valid/acc': 81.814, 'valid/acc_unbiased': 81.734, 'valid/diff': 4.869, 'valid/acc_skew': 79.3, 'valid/acc_align': 84.169, 'test/acc': 80.97, 'test/acc_unbiased': 80.803, 'test/diff': 7.799, 'test/acc_skew': 76.904, 'test/acc_align': 84.703}
[6 / 20] best valid accuracy: 81.734 at epoch 6 
 best_stats: {'best_valid_epoch': 6, 'best_valid_valid/acc': 81.814, 'best_valid_valid/acc_unbiased': 81.734, 'best_valid_valid/diff': 4.869, 'best_valid_valid/acc_skew': 79.3, 'best_valid_valid/acc_align': 84.169, 'best_valid_test/acc': 80.97, 'best_valid_test/acc_unbiased': 80.803, 'best_valid_test/diff': 7.799, 'best_valid_test/acc_skew': 76.904, 'best_valid_test/acc_align': 84.703}
[6 / 20] best test accuracy: 80.803 at epoch 6 
 best_stats: {'best_test_epoch': 6, 'best_test_valid/acc': 81.814, 'best_test_valid/acc_unbiased': 81.734, 'best_test_valid/diff': 4.869, 'best_test_valid/acc_skew': 79.3, 'best_test_valid/acc_align': 84.169, 'best_test_test/acc': 80.97, 'best_test_test/acc_unbiased': 80.803, 'best_test_test/diff': 7.799, 'best_test_test/acc_skew': 76.904, 'best_test_test/acc_align': 84.703}
[7 / 20] Learning rate: 0.0001 weight: 0.01
[7 / 20] Loss: 4.546935862014793 CE Loss: 0.44489981096625153 Con Loss: 4.542486856831988
[7 / 20] tensor([[0.824, 0.706],
        [0.814, 0.899]]) {'epoch': 7, 'valid/acc': 82.405, 'valid/acc_unbiased': 82.817, 'valid/diff': 6.173, 'valid/acc_skew': 79.73, 'valid/acc_align': 85.903, 'test/acc': 80.97, 'test/acc_unbiased': 81.081, 'test/diff': 10.171, 'test/acc_skew': 75.995, 'test/acc_align': 86.167}
[7 / 20] best valid accuracy: 82.817 at epoch 7 
 best_stats: {'best_valid_epoch': 7, 'best_valid_valid/acc': 82.405, 'best_valid_valid/acc_unbiased': 82.817, 'best_valid_valid/diff': 6.173, 'best_valid_valid/acc_skew': 79.73, 'best_valid_valid/acc_align': 85.903, 'best_valid_test/acc': 80.97, 'best_valid_test/acc_unbiased': 81.081, 'best_valid_test/diff': 10.171, 'best_valid_test/acc_skew': 75.995, 'best_valid_test/acc_align': 86.167}
[7 / 20] best test accuracy: 81.081 at epoch 7 
 best_stats: {'best_test_epoch': 7, 'best_test_valid/acc': 82.405, 'best_test_valid/acc_unbiased': 82.817, 'best_test_valid/diff': 6.173, 'best_test_valid/acc_skew': 79.73, 'best_test_valid/acc_align': 85.903, 'best_test_test/acc': 80.97, 'best_test_test/acc_unbiased': 81.081, 'best_test_test/diff': 10.171, 'best_test_test/acc_skew': 75.995, 'best_test_test/acc_align': 86.167}
[8 / 20] Learning rate: 0.0001 weight: 0.01
[8 / 20] Loss: 4.511139100327498 CE Loss: 0.438468201137741 Con Loss: 4.506754410214515
[8 / 20] tensor([[0.855, 0.739],
        [0.805, 0.880]]) {'epoch': 8, 'valid/acc': 82.405, 'valid/acc_unbiased': 82.592, 'valid/diff': 6.375, 'valid/acc_skew': 79.405, 'valid/acc_align': 85.78, 'test/acc': 81.899, 'test/acc_unbiased': 81.956, 'test/diff': 9.537, 'test/acc_skew': 77.187, 'test/acc_align': 86.724}
[8 / 20] best valid accuracy: 82.817 at epoch 7 
 best_stats: {'best_valid_epoch': 7, 'best_valid_valid/acc': 82.405, 'best_valid_valid/acc_unbiased': 82.817, 'best_valid_valid/diff': 6.173, 'best_valid_valid/acc_skew': 79.73, 'best_valid_valid/acc_align': 85.903, 'best_valid_test/acc': 80.97, 'best_valid_test/acc_unbiased': 81.081, 'best_valid_test/diff': 10.171, 'best_valid_test/acc_skew': 75.995, 'best_valid_test/acc_align': 86.167}
[8 / 20] best test accuracy: 81.956 at epoch 8 
 best_stats: {'best_test_epoch': 8, 'best_test_valid/acc': 82.405, 'best_test_valid/acc_unbiased': 82.592, 'best_test_valid/diff': 6.375, 'best_test_valid/acc_skew': 79.405, 'best_test_valid/acc_align': 85.78, 'best_test_test/acc': 81.899, 'best_test_test/acc_unbiased': 81.956, 'best_test_test/diff': 9.537, 'best_test_test/acc_skew': 77.187, 'best_test_test/acc_align': 86.724}
[9 / 20] Learning rate: 0.0001 weight: 0.01
[9 / 20] Loss: 4.466490339918681 CE Loss: 0.42879503830111043 Con Loss: 4.46220237863186
[9 / 20] tensor([[0.848, 0.727],
        [0.803, 0.897]]) {'epoch': 9, 'valid/acc': 83.08, 'valid/acc_unbiased': 83.379, 'valid/diff': 6.71, 'valid/acc_skew': 80.024, 'valid/acc_align': 86.734, 'test/acc': 81.857, 'test/acc_unbiased': 81.873, 'test/diff': 10.769, 'test/acc_skew': 76.488, 'test/acc_align': 87.257}
[9 / 20] best valid accuracy: 83.379 at epoch 9 
 best_stats: {'best_valid_epoch': 9, 'best_valid_valid/acc': 83.08, 'best_valid_valid/acc_unbiased': 83.379, 'best_valid_valid/diff': 6.71, 'best_valid_valid/acc_skew': 80.024, 'best_valid_valid/acc_align': 86.734, 'best_valid_test/acc': 81.857, 'best_valid_test/acc_unbiased': 81.873, 'best_valid_test/diff': 10.769, 'best_valid_test/acc_skew': 76.488, 'best_valid_test/acc_align': 87.257}
[9 / 20] best test accuracy: 81.956 at epoch 8 
 best_stats: {'best_test_epoch': 8, 'best_test_valid/acc': 82.405, 'best_test_valid/acc_unbiased': 82.592, 'best_test_valid/diff': 6.375, 'best_test_valid/acc_skew': 79.405, 'best_test_valid/acc_align': 85.78, 'best_test_test/acc': 81.899, 'best_test_test/acc_unbiased': 81.956, 'best_test_test/diff': 9.537, 'best_test_test/acc_skew': 77.187, 'best_test_test/acc_align': 86.724}
[10 / 20] Learning rate: 0.0001 weight: 0.01
[10 / 20] Loss: 4.449635945511423 CE Loss: 0.42278060517757915 Con Loss: 4.44540815646617
[10 / 20] tensor([[0.860, 0.731],
        [0.799, 0.886]]) {'epoch': 10, 'valid/acc': 83.418, 'valid/acc_unbiased': 83.655, 'valid/diff': 7.187, 'valid/acc_skew': 80.061, 'valid/acc_align': 87.248, 'test/acc': 81.857, 'test/acc_unbiased': 81.892, 'test/diff': 10.797, 'test/acc_skew': 76.493, 'test/acc_align': 87.29}
[10 / 20] best valid accuracy: 83.655 at epoch 10 
 best_stats: {'best_valid_epoch': 10, 'best_valid_valid/acc': 83.418, 'best_valid_valid/acc_unbiased': 83.655, 'best_valid_valid/diff': 7.187, 'best_valid_valid/acc_skew': 80.061, 'best_valid_valid/acc_align': 87.248, 'best_valid_test/acc': 81.857, 'best_valid_test/acc_unbiased': 81.892, 'best_valid_test/diff': 10.797, 'best_valid_test/acc_skew': 76.493, 'best_valid_test/acc_align': 87.29}
[10 / 20] best test accuracy: 81.956 at epoch 8 
 best_stats: {'best_test_epoch': 8, 'best_test_valid/acc': 82.405, 'best_test_valid/acc_unbiased': 82.592, 'best_test_valid/diff': 6.375, 'best_test_valid/acc_skew': 79.405, 'best_test_valid/acc_align': 85.78, 'best_test_test/acc': 81.899, 'best_test_test/acc_unbiased': 81.956, 'best_test_test/diff': 9.537, 'best_test_test/acc_skew': 77.187, 'best_test_test/acc_align': 86.724}
[11 / 20] Learning rate: 0.0001 weight: 0.01
[11 / 20] Loss: 4.444274479264221 CE Loss: 0.41810186021848095 Con Loss: 4.4400934398087015
[11 / 20] tensor([[0.892, 0.790],
        [0.745, 0.840]]) {'epoch': 11, 'valid/acc': 83.46, 'valid/acc_unbiased': 83.199, 'valid/diff': 7.211, 'valid/acc_skew': 79.593, 'valid/acc_align': 86.805, 'test/acc': 81.941, 'test/acc_unbiased': 81.671, 'test/diff': 9.858, 'test/acc_skew': 76.742, 'test/acc_align': 86.6}
[11 / 20] best valid accuracy: 83.655 at epoch 10 
 best_stats: {'best_valid_epoch': 10, 'best_valid_valid/acc': 83.418, 'best_valid_valid/acc_unbiased': 83.655, 'best_valid_valid/diff': 7.187, 'best_valid_valid/acc_skew': 80.061, 'best_valid_valid/acc_align': 87.248, 'best_valid_test/acc': 81.857, 'best_valid_test/acc_unbiased': 81.892, 'best_valid_test/diff': 10.797, 'best_valid_test/acc_skew': 76.493, 'best_valid_test/acc_align': 87.29}
[11 / 20] best test accuracy: 81.956 at epoch 8 
 best_stats: {'best_test_epoch': 8, 'best_test_valid/acc': 82.405, 'best_test_valid/acc_unbiased': 82.592, 'best_test_valid/diff': 6.375, 'best_test_valid/acc_skew': 79.405, 'best_test_valid/acc_align': 85.78, 'best_test_test/acc': 81.899, 'best_test_test/acc_unbiased': 81.956, 'best_test_test/diff': 9.537, 'best_test_test/acc_skew': 77.187, 'best_test_test/acc_align': 86.724}
[12 / 20] Learning rate: 0.0001 weight: 0.01
[12 / 20] Loss: 4.42383496618201 CE Loss: 0.4175471961061916 Con Loss: 4.419659505651427
[12 / 20] tensor([[0.885, 0.755],
        [0.760, 0.851]]) {'epoch': 12, 'valid/acc': 83.333, 'valid/acc_unbiased': 83.298, 'valid/diff': 7.415, 'valid/acc_skew': 79.59, 'valid/acc_align': 87.006, 'test/acc': 81.392, 'test/acc_unbiased': 81.281, 'test/diff': 11.109, 'test/acc_skew': 75.727, 'test/acc_align': 86.836}
[12 / 20] best valid accuracy: 83.655 at epoch 10 
 best_stats: {'best_valid_epoch': 10, 'best_valid_valid/acc': 83.418, 'best_valid_valid/acc_unbiased': 83.655, 'best_valid_valid/diff': 7.187, 'best_valid_valid/acc_skew': 80.061, 'best_valid_valid/acc_align': 87.248, 'best_valid_test/acc': 81.857, 'best_valid_test/acc_unbiased': 81.892, 'best_valid_test/diff': 10.797, 'best_valid_test/acc_skew': 76.493, 'best_valid_test/acc_align': 87.29}
[12 / 20] best test accuracy: 81.956 at epoch 8 
 best_stats: {'best_test_epoch': 8, 'best_test_valid/acc': 82.405, 'best_test_valid/acc_unbiased': 82.592, 'best_test_valid/diff': 6.375, 'best_test_valid/acc_skew': 79.405, 'best_test_valid/acc_align': 85.78, 'best_test_test/acc': 81.899, 'best_test_test/acc_unbiased': 81.956, 'best_test_test/diff': 9.537, 'best_test_test/acc_skew': 77.187, 'best_test_test/acc_align': 86.724}
[13 / 20] Learning rate: 0.0001 weight: 0.01
[13 / 20] Loss: 4.433121672137416 CE Loss: 0.41386477629576385 Con Loss: 4.428983002072023
[13 / 20] tensor([[0.889, 0.781],
        [0.758, 0.845]]) {'epoch': 13, 'valid/acc': 83.376, 'valid/acc_unbiased': 83.197, 'valid/diff': 7.064, 'valid/acc_skew': 79.665, 'valid/acc_align': 86.729, 'test/acc': 82.025, 'test/acc_unbiased': 81.833, 'test/diff': 9.77, 'test/acc_skew': 76.948, 'test/acc_align': 86.718}
[13 / 20] best valid accuracy: 83.655 at epoch 10 
 best_stats: {'best_valid_epoch': 10, 'best_valid_valid/acc': 83.418, 'best_valid_valid/acc_unbiased': 83.655, 'best_valid_valid/diff': 7.187, 'best_valid_valid/acc_skew': 80.061, 'best_valid_valid/acc_align': 87.248, 'best_valid_test/acc': 81.857, 'best_valid_test/acc_unbiased': 81.892, 'best_valid_test/diff': 10.797, 'best_valid_test/acc_skew': 76.493, 'best_valid_test/acc_align': 87.29}
[13 / 20] best test accuracy: 81.956 at epoch 8 
 best_stats: {'best_test_epoch': 8, 'best_test_valid/acc': 82.405, 'best_test_valid/acc_unbiased': 82.592, 'best_test_valid/diff': 6.375, 'best_test_valid/acc_skew': 79.405, 'best_test_valid/acc_align': 85.78, 'best_test_test/acc': 81.899, 'best_test_test/acc_unbiased': 81.956, 'best_test_test/diff': 9.537, 'best_test_test/acc_skew': 77.187, 'best_test_test/acc_align': 86.724}
[14 / 20] Learning rate: 1e-05 weight: 0.01
[14 / 20] Loss: 4.40897020169617 CE Loss: 0.42079122397246854 Con Loss: 4.404762312049922
[14 / 20] tensor([[0.862, 0.727],
        [0.784, 0.877]]) {'epoch': 14, 'valid/acc': 83.46, 'valid/acc_unbiased': 83.679, 'valid/diff': 6.796, 'valid/acc_skew': 80.28, 'valid/acc_align': 87.077, 'test/acc': 81.224, 'test/acc_unbiased': 81.224, 'test/diff': 11.42, 'test/acc_skew': 75.514, 'test/acc_align': 86.934}
[14 / 20] best valid accuracy: 83.679 at epoch 14 
 best_stats: {'best_valid_epoch': 14, 'best_valid_valid/acc': 83.46, 'best_valid_valid/acc_unbiased': 83.679, 'best_valid_valid/diff': 6.796, 'best_valid_valid/acc_skew': 80.28, 'best_valid_valid/acc_align': 87.077, 'best_valid_test/acc': 81.224, 'best_valid_test/acc_unbiased': 81.224, 'best_valid_test/diff': 11.42, 'best_valid_test/acc_skew': 75.514, 'best_valid_test/acc_align': 86.934}
[14 / 20] best test accuracy: 81.956 at epoch 8 
 best_stats: {'best_test_epoch': 8, 'best_test_valid/acc': 82.405, 'best_test_valid/acc_unbiased': 82.592, 'best_test_valid/diff': 6.375, 'best_test_valid/acc_skew': 79.405, 'best_test_valid/acc_align': 85.78, 'best_test_test/acc': 81.899, 'best_test_test/acc_unbiased': 81.956, 'best_test_test/diff': 9.537, 'best_test_test/acc_skew': 77.187, 'best_test_test/acc_align': 86.724}
[15 / 20] Learning rate: 1e-05 weight: 0.01
[15 / 20] Loss: 4.388563334854595 CE Loss: 0.4124848387077298 Con Loss: 4.38443849935015
[15 / 20] tensor([[0.860, 0.721],
        [0.784, 0.884]]) {'epoch': 15, 'valid/acc': 83.376, 'valid/acc_unbiased': 83.627, 'valid/diff': 7.862, 'valid/acc_skew': 79.696, 'valid/acc_align': 87.558, 'test/acc': 81.224, 'test/acc_unbiased': 81.217, 'test/diff': 11.997, 'test/acc_skew': 75.219, 'test/acc_align': 87.216}
[15 / 20] best valid accuracy: 83.679 at epoch 14 
 best_stats: {'best_valid_epoch': 14, 'best_valid_valid/acc': 83.46, 'best_valid_valid/acc_unbiased': 83.679, 'best_valid_valid/diff': 6.796, 'best_valid_valid/acc_skew': 80.28, 'best_valid_valid/acc_align': 87.077, 'best_valid_test/acc': 81.224, 'best_valid_test/acc_unbiased': 81.224, 'best_valid_test/diff': 11.42, 'best_valid_test/acc_skew': 75.514, 'best_valid_test/acc_align': 86.934}
[15 / 20] best test accuracy: 81.956 at epoch 8 
 best_stats: {'best_test_epoch': 8, 'best_test_valid/acc': 82.405, 'best_test_valid/acc_unbiased': 82.592, 'best_test_valid/diff': 6.375, 'best_test_valid/acc_skew': 79.405, 'best_test_valid/acc_align': 85.78, 'best_test_test/acc': 81.899, 'best_test_test/acc_unbiased': 81.956, 'best_test_test/diff': 9.537, 'best_test_test/acc_skew': 77.187, 'best_test_test/acc_align': 86.724}
[16 / 20] Learning rate: 1e-05 weight: 0.01
[16 / 20] Loss: 4.39840856094137 CE Loss: 0.40848815633123126 Con Loss: 4.394323671544803
[16 / 20] tensor([[0.860, 0.724],
        [0.790, 0.881]]) {'epoch': 16, 'valid/acc': 83.376, 'valid/acc_unbiased': 83.599, 'valid/diff': 7.952, 'valid/acc_skew': 79.623, 'valid/acc_align': 87.575, 'test/acc': 81.35, 'test/acc_unbiased': 81.379, 'test/diff': 11.376, 'test/acc_skew': 75.691, 'test/acc_align': 87.067}
[16 / 20] best valid accuracy: 83.679 at epoch 14 
 best_stats: {'best_valid_epoch': 14, 'best_valid_valid/acc': 83.46, 'best_valid_valid/acc_unbiased': 83.679, 'best_valid_valid/diff': 6.796, 'best_valid_valid/acc_skew': 80.28, 'best_valid_valid/acc_align': 87.077, 'best_valid_test/acc': 81.224, 'best_valid_test/acc_unbiased': 81.224, 'best_valid_test/diff': 11.42, 'best_valid_test/acc_skew': 75.514, 'best_valid_test/acc_align': 86.934}
[16 / 20] best test accuracy: 81.956 at epoch 8 
 best_stats: {'best_test_epoch': 8, 'best_test_valid/acc': 82.405, 'best_test_valid/acc_unbiased': 82.592, 'best_test_valid/diff': 6.375, 'best_test_valid/acc_skew': 79.405, 'best_test_valid/acc_align': 85.78, 'best_test_test/acc': 81.899, 'best_test_test/acc_unbiased': 81.956, 'best_test_test/diff': 9.537, 'best_test_test/acc_skew': 77.187, 'best_test_test/acc_align': 86.724}
[17 / 20] Learning rate: 1e-05 weight: 0.01
[17 / 20] Loss: 4.383552739770312 CE Loss: 0.41466025412519014 Con Loss: 4.379406162446275
[17 / 20] tensor([[0.851, 0.709],
        [0.805, 0.892]]) {'epoch': 17, 'valid/acc': 83.207, 'valid/acc_unbiased': 83.516, 'valid/diff': 7.862, 'valid/acc_skew': 79.585, 'valid/acc_align': 87.447, 'test/acc': 81.308, 'test/acc_unbiased': 81.425, 'test/diff': 11.429, 'test/acc_skew': 75.71, 'test/acc_align': 87.139}
[17 / 20] best valid accuracy: 83.679 at epoch 14 
 best_stats: {'best_valid_epoch': 14, 'best_valid_valid/acc': 83.46, 'best_valid_valid/acc_unbiased': 83.679, 'best_valid_valid/diff': 6.796, 'best_valid_valid/acc_skew': 80.28, 'best_valid_valid/acc_align': 87.077, 'best_valid_test/acc': 81.224, 'best_valid_test/acc_unbiased': 81.224, 'best_valid_test/diff': 11.42, 'best_valid_test/acc_skew': 75.514, 'best_valid_test/acc_align': 86.934}
[17 / 20] best test accuracy: 81.956 at epoch 8 
 best_stats: {'best_test_epoch': 8, 'best_test_valid/acc': 82.405, 'best_test_valid/acc_unbiased': 82.592, 'best_test_valid/diff': 6.375, 'best_test_valid/acc_skew': 79.405, 'best_test_valid/acc_align': 85.78, 'best_test_test/acc': 81.899, 'best_test_test/acc_unbiased': 81.956, 'best_test_test/diff': 9.537, 'best_test_test/acc_skew': 77.187, 'best_test_test/acc_align': 86.724}
[18 / 20] Learning rate: 1e-05 weight: 0.01
[18 / 20] Loss: 4.384153553193345 CE Loss: 0.4109943733382888 Con Loss: 4.380043623213537
[18 / 20] tensor([[0.862, 0.736],
        [0.790, 0.880]]) {'epoch': 18, 'valid/acc': 83.84, 'valid/acc_unbiased': 84.063, 'valid/diff': 8.003, 'valid/acc_skew': 80.061, 'valid/acc_align': 88.064, 'test/acc': 81.688, 'test/acc_unbiased': 81.682, 'test/diff': 10.8, 'test/acc_skew': 76.282, 'test/acc_align': 87.083}
[18 / 20] best valid accuracy: 84.063 at epoch 18 
 best_stats: {'best_valid_epoch': 18, 'best_valid_valid/acc': 83.84, 'best_valid_valid/acc_unbiased': 84.063, 'best_valid_valid/diff': 8.003, 'best_valid_valid/acc_skew': 80.061, 'best_valid_valid/acc_align': 88.064, 'best_valid_test/acc': 81.688, 'best_valid_test/acc_unbiased': 81.682, 'best_valid_test/diff': 10.8, 'best_valid_test/acc_skew': 76.282, 'best_valid_test/acc_align': 87.083}
[18 / 20] best test accuracy: 81.956 at epoch 8 
 best_stats: {'best_test_epoch': 8, 'best_test_valid/acc': 82.405, 'best_test_valid/acc_unbiased': 82.592, 'best_test_valid/diff': 6.375, 'best_test_valid/acc_skew': 79.405, 'best_test_valid/acc_align': 85.78, 'best_test_test/acc': 81.899, 'best_test_test/acc_unbiased': 81.956, 'best_test_test/diff': 9.537, 'best_test_test/acc_skew': 77.187, 'best_test_test/acc_align': 86.724}
[19 / 20] Learning rate: 1e-05 weight: 0.01
[19 / 20] Loss: 4.383297454560309 CE Loss: 0.417824316906196 Con Loss: 4.379119246805395
[19 / 20] tensor([[0.862, 0.724],
        [0.792, 0.883]]) {'epoch': 19, 'valid/acc': 83.587, 'valid/acc_unbiased': 83.785, 'valid/diff': 8.249, 'valid/acc_skew': 79.66, 'valid/acc_align': 87.909, 'test/acc': 81.477, 'test/acc_unbiased': 81.515, 'test/diff': 11.432, 'test/acc_skew': 75.799, 'test/acc_align': 87.231}
[19 / 20] best valid accuracy: 84.063 at epoch 18 
 best_stats: {'best_valid_epoch': 18, 'best_valid_valid/acc': 83.84, 'best_valid_valid/acc_unbiased': 84.063, 'best_valid_valid/diff': 8.003, 'best_valid_valid/acc_skew': 80.061, 'best_valid_valid/acc_align': 88.064, 'best_valid_test/acc': 81.688, 'best_valid_test/acc_unbiased': 81.682, 'best_valid_test/diff': 10.8, 'best_valid_test/acc_skew': 76.282, 'best_valid_test/acc_align': 87.083}
[19 / 20] best test accuracy: 81.956 at epoch 8 
 best_stats: {'best_test_epoch': 8, 'best_test_valid/acc': 82.405, 'best_test_valid/acc_unbiased': 82.592, 'best_test_valid/diff': 6.375, 'best_test_valid/acc_skew': 79.405, 'best_test_valid/acc_align': 85.78, 'best_test_test/acc': 81.899, 'best_test_test/acc_unbiased': 81.956, 'best_test_test/diff': 9.537, 'best_test_test/acc_skew': 77.187, 'best_test_test/acc_align': 86.724}
[20 / 20] Learning rate: 1e-05 weight: 0.01
[20 / 20] Loss: 4.403162224575507 CE Loss: 0.40801390822251404 Con Loss: 4.399082064454063
[20 / 20] tensor([[0.853, 0.696],
        [0.816, 0.903]]) {'epoch': 20, 'valid/acc': 82.827, 'valid/acc_unbiased': 83.183, 'valid/diff': 7.636, 'valid/acc_skew': 79.365, 'valid/acc_align': 87.001, 'test/acc': 81.519, 'test/acc_unbiased': 81.705, 'test/diff': 12.237, 'test/acc_skew': 75.587, 'test/acc_align': 87.823}
[20 / 20] best valid accuracy: 84.063 at epoch 18 
 best_stats: {'best_valid_epoch': 18, 'best_valid_valid/acc': 83.84, 'best_valid_valid/acc_unbiased': 84.063, 'best_valid_valid/diff': 8.003, 'best_valid_valid/acc_skew': 80.061, 'best_valid_valid/acc_align': 88.064, 'best_valid_test/acc': 81.688, 'best_valid_test/acc_unbiased': 81.682, 'best_valid_test/diff': 10.8, 'best_valid_test/acc_skew': 76.282, 'best_valid_test/acc_align': 87.083}
[20 / 20] best test accuracy: 81.956 at epoch 8 
 best_stats: {'best_test_epoch': 8, 'best_test_valid/acc': 82.405, 'best_test_valid/acc_unbiased': 82.592, 'best_test_valid/diff': 6.375, 'best_test_valid/acc_skew': 79.405, 'best_test_valid/acc_align': 85.78, 'best_test_test/acc': 81.899, 'best_test_test/acc_unbiased': 81.956, 'best_test_test/diff': 9.537, 'best_test_test/acc_skew': 77.187, 'best_test_test/acc_align': 86.724}
Total training time: 0:17:04
