Log level set to: INFO
Set seed: 2
=======> Using Fixed Random Seed: 2 <========
save_path: exp_results/bc-bb0-utk_face_age-cutout_rotate_color-0.9-lr0.001-bs128-cbs64-w0.01-ratio10-aug1-seed2
get_utk_face - split: train, aug: False, given_y: True, ratio: 0
use existing biased_utk_face from data/utk_face/pickles/biased_utk_face-target_gender-bias_age-0.9
Distribution Before Sampling: 
===================================
Binary Labels Distribution: 
Binary Target 0
---------------------------
Target 0: [8237, 147]
Target 1: [823, 1477]
Binary Target 1
---------------------------
Target 0: [8237, 147]
Target 1: [823, 1477]
===================================
Normal Label Distribution: 
Target 0: [8237, 147]
Target 1: [823, 1477]
===================================
Distribution After Sampling: 
===================================
Binary Labels Distribution: 
Binary Target 0
---------------------------
Target 0: [8237, 147]
Target 1: [823, 1477]
Binary Target 1
---------------------------
Target 0: [8237, 147]
Target 1: [823, 1477]
===================================
Normal Label Distribution: 
Target 0: [8237, 147]
Target 1: [823, 1477]
===================================
Use BiasedUTKFace - target_attr: gender
BiasedUTKFace -- total: 10684, target_attr: gender, bias_attr: age bias_rate: 0.9
['[train] target_0-bias_0: 8237', '[train] target_0-bias_1: 147', '[train] target_1-bias_0: 823', '[train] target_1-bias_1: 1477']
confusion_matrix - 
 original: tensor([[8237.,  823.],
        [ 147., 1477.]]), 
 normalized: tensor([[0.909, 0.091],
        [0.091, 0.909]]), 
 b|y: tensor([[0.982, 0.018],
        [0.358, 0.642]])
get_utk_face - split: train, aug: 1, given_y: True, ratio: 10
use existing biased_utk_face from data/utk_face/pickles/biased_utk_face-target_gender-bias_age-0.9
Distribution Before Sampling: 
===================================
Binary Labels Distribution: 
Binary Target 0
---------------------------
Target 0: [8237, 147]
Target 1: [823, 1477]
Binary Target 1
---------------------------
Target 0: [8237, 147]
Target 1: [823, 1477]
===================================
Normal Label Distribution: 
Target 0: [8237, 147]
Target 1: [823, 1477]
===================================
Distribution After Sampling: 
===================================
Binary Labels Distribution: 
Binary Target 0
---------------------------
Target 0: [8237, 147]
Target 1: [823, 1477]
Binary Target 1
---------------------------
Target 0: [8237, 147]
Target 1: [823, 1477]
===================================
Normal Label Distribution: 
Target 0: [8237, 147]
Target 1: [823, 1477]
===================================
Use BiasedUTKFace - target_attr: gender
BiasedUTKFace -- total: 10684, target_attr: gender, bias_attr: age bias_rate: 0.9
['[train] target_0-bias_0: 8237', '[train] target_0-bias_1: 147', '[train] target_1-bias_0: 823', '[train] target_1-bias_1: 1477']
get_utk_face - split: valid, aug: False, given_y: True, ratio: 0
use existing biased_utk_face from data/utk_face/pickles/biased_utk_face-target_gender-bias_age-0.9
Distribution Before Sampling: 
===================================
Binary Labels Distribution: 
Binary Target 0
---------------------------
Target 0: [1030, 195]
Target 1: [841, 202]
Binary Target 1
---------------------------
Target 0: [1030, 195]
Target 1: [841, 202]
===================================
Normal Label Distribution: 
Target 0: [1030, 195]
Target 1: [841, 202]
===================================
Use BiasedUTKFace - target_attr: gender
BiasedUTKFace -- total: 2268, target_attr: gender, bias_attr: age bias_rate: 0.9
['[valid] target_0-bias_0: 1030', '[valid] target_0-bias_1: 195', '[valid] target_1-bias_0: 841', '[valid] target_1-bias_1: 202']
get_utk_face - split: test, aug: False, given_y: True, ratio: 0
use existing biased_utk_face from data/utk_face/pickles/biased_utk_face-target_gender-bias_age-0.9
Distribution Before Sampling: 
===================================
Binary Labels Distribution: 
Binary Target 0
---------------------------
Target 0: [1061, 176]
Target 1: [867, 165]
Binary Target 1
---------------------------
Target 0: [1061, 176]
Target 1: [867, 165]
===================================
Normal Label Distribution: 
Target 0: [1061, 176]
Target 1: [867, 165]
===================================
Use BiasedUTKFace - target_attr: gender
BiasedUTKFace -- total: 2269, target_attr: gender, bias_attr: age bias_rate: 0.9
['[test] target_0-bias_0: 1061', '[test] target_0-bias_1: 176', '[test] target_1-bias_0: 867', '[test] target_1-bias_1: 165']
decay_epochs: [6, 13]
[1 / 20] Learning rate: 0.001 weight: 0.01
[1 / 20] Loss: 4.902872319080463 CE Loss: 0.5690284364346662 Con Loss: 4.897182025073932
[1 / 20] tensor([[1., 1.],
        [0., 0.]]) {'epoch': 1, 'valid/acc': 54.012, 'valid/acc_unbiased': 50.0, 'valid/diff': 0.0, 'valid/acc_skew': 50.0, 'valid/acc_align': 50.0, 'test/acc': 54.517, 'test/acc_unbiased': 50.0, 'test/diff': 0.0, 'test/acc_skew': 50.0, 'test/acc_align': 50.0}
[1 / 20] best valid accuracy: 50.000 at epoch 1 
 best_stats: {'best_valid_epoch': 1, 'best_valid_valid/acc': 54.012, 'best_valid_valid/acc_unbiased': 50.0, 'best_valid_valid/diff': 0.0, 'best_valid_valid/acc_skew': 50.0, 'best_valid_valid/acc_align': 50.0, 'best_valid_test/acc': 54.517, 'best_valid_test/acc_unbiased': 50.0, 'best_valid_test/diff': 0.0, 'best_valid_test/acc_skew': 50.0, 'best_valid_test/acc_align': 50.0}
[1 / 20] best test accuracy: 50.000 at epoch 1 
 best_stats: {'best_test_epoch': 1, 'best_test_valid/acc': 54.012, 'best_test_valid/acc_unbiased': 50.0, 'best_test_valid/diff': 0.0, 'best_test_valid/acc_skew': 50.0, 'best_test_valid/acc_align': 50.0, 'best_test_test/acc': 54.517, 'best_test_test/acc_unbiased': 50.0, 'best_test_test/diff': 0.0, 'best_test_test/acc_skew': 50.0, 'best_test_test/acc_align': 50.0}
[2 / 20] Learning rate: 0.001 weight: 0.01
[2 / 20] Loss: 4.732463655289707 CE Loss: 0.5556519848940659 Con Loss: 4.726907127406078
[2 / 20] tensor([[0.992, 0.977],
        [0.018, 0.012]]) {'epoch': 2, 'valid/acc': 54.541, 'valid/acc_unbiased': 50.587, 'valid/diff': 0.728, 'valid/acc_skew': 50.223, 'valid/acc_align': 50.951, 'test/acc': 54.738, 'test/acc_unbiased': 49.984, 'test/diff': 1.029, 'test/acc_skew': 49.786, 'test/acc_align': 50.182}
[2 / 20] best valid accuracy: 50.587 at epoch 2 
 best_stats: {'best_valid_epoch': 2, 'best_valid_valid/acc': 54.541, 'best_valid_valid/acc_unbiased': 50.587, 'best_valid_valid/diff': 0.728, 'best_valid_valid/acc_skew': 50.223, 'best_valid_valid/acc_align': 50.951, 'best_valid_test/acc': 54.738, 'best_valid_test/acc_unbiased': 49.984, 'best_valid_test/diff': 1.029, 'best_valid_test/acc_skew': 49.786, 'best_valid_test/acc_align': 50.182}
[2 / 20] best test accuracy: 50.000 at epoch 1 
 best_stats: {'best_test_epoch': 1, 'best_test_valid/acc': 54.012, 'best_test_valid/acc_unbiased': 50.0, 'best_test_valid/diff': 0.0, 'best_test_valid/acc_skew': 50.0, 'best_test_valid/acc_align': 50.0, 'best_test_test/acc': 54.517, 'best_test_test/acc_unbiased': 50.0, 'best_test_test/diff': 0.0, 'best_test_test/acc_skew': 50.0, 'best_test_test/acc_align': 50.0}
[3 / 20] Learning rate: 0.001 weight: 0.01
[3 / 20] Loss: 4.71803983968994 CE Loss: 0.5420247381744827 Con Loss: 4.712619608326023
[3 / 20] tensor([[0.962, 0.983],
        [0.053, 0.018]]) {'epoch': 3, 'valid/acc': 54.101, 'valid/acc_unbiased': 50.263, 'valid/diff': 3.323, 'valid/acc_skew': 51.925, 'valid/acc_align': 48.602, 'test/acc': 54.782, 'test/acc_unbiased': 50.412, 'test/diff': 2.776, 'test/acc_skew': 51.801, 'test/acc_align': 49.024}
[3 / 20] best valid accuracy: 50.587 at epoch 2 
 best_stats: {'best_valid_epoch': 2, 'best_valid_valid/acc': 54.541, 'best_valid_valid/acc_unbiased': 50.587, 'best_valid_valid/diff': 0.728, 'best_valid_valid/acc_skew': 50.223, 'best_valid_valid/acc_align': 50.951, 'best_valid_test/acc': 54.738, 'best_valid_test/acc_unbiased': 49.984, 'best_valid_test/diff': 1.029, 'best_valid_test/acc_skew': 49.786, 'best_valid_test/acc_align': 50.182}
[3 / 20] best test accuracy: 50.412 at epoch 3 
 best_stats: {'best_test_epoch': 3, 'best_test_valid/acc': 54.101, 'best_test_valid/acc_unbiased': 50.263, 'best_test_valid/diff': 3.323, 'best_test_valid/acc_skew': 51.925, 'best_test_valid/acc_align': 48.602, 'best_test_test/acc': 54.782, 'best_test_test/acc_unbiased': 50.412, 'best_test_test/diff': 2.776, 'best_test_test/acc_skew': 51.801, 'best_test_test/acc_align': 49.024}
[4 / 20] Learning rate: 0.001 weight: 0.01
[4 / 20] Loss: 4.683330247929729 CE Loss: 0.5427489161201293 Con Loss: 4.677902739755851
[4 / 20] tensor([[1., 1.],
        [0., 0.]]) {'epoch': 4, 'valid/acc': 53.968, 'valid/acc_unbiased': 49.981, 'valid/diff': 0.157, 'valid/acc_skew': 50.059, 'valid/acc_align': 49.903, 'test/acc': 54.517, 'test/acc_unbiased': 50.0, 'test/diff': 0.0, 'test/acc_skew': 50.0, 'test/acc_align': 50.0}
[4 / 20] best valid accuracy: 50.587 at epoch 2 
 best_stats: {'best_valid_epoch': 2, 'best_valid_valid/acc': 54.541, 'best_valid_valid/acc_unbiased': 50.587, 'best_valid_valid/diff': 0.728, 'best_valid_valid/acc_skew': 50.223, 'best_valid_valid/acc_align': 50.951, 'best_valid_test/acc': 54.738, 'best_valid_test/acc_unbiased': 49.984, 'best_valid_test/diff': 1.029, 'best_valid_test/acc_skew': 49.786, 'best_valid_test/acc_align': 50.182}
[4 / 20] best test accuracy: 50.412 at epoch 3 
 best_stats: {'best_test_epoch': 3, 'best_test_valid/acc': 54.101, 'best_test_valid/acc_unbiased': 50.263, 'best_test_valid/diff': 3.323, 'best_test_valid/acc_skew': 51.925, 'best_test_valid/acc_align': 48.602, 'best_test_test/acc': 54.782, 'best_test_test/acc_unbiased': 50.412, 'best_test_test/diff': 2.776, 'best_test_test/acc_skew': 51.801, 'best_test_test/acc_align': 49.024}
[5 / 20] Learning rate: 0.001 weight: 0.01
[5 / 20] Loss: 4.654418766967191 CE Loss: 0.5323886782299129 Con Loss: 4.64909487206228
[5 / 20] tensor([[0.994, 0.989],
        [0.030, 0.006]]) {'epoch': 5, 'valid/acc': 55.203, 'valid/acc_unbiased': 50.853, 'valid/diff': 2.181, 'valid/acc_skew': 51.943, 'valid/acc_align': 49.762, 'test/acc': 55.355, 'test/acc_unbiased': 50.476, 'test/diff': 1.482, 'test/acc_skew': 50.931, 'test/acc_align': 50.02}
[5 / 20] best valid accuracy: 50.853 at epoch 5 
 best_stats: {'best_valid_epoch': 5, 'best_valid_valid/acc': 55.203, 'best_valid_valid/acc_unbiased': 50.853, 'best_valid_valid/diff': 2.181, 'best_valid_valid/acc_skew': 51.943, 'best_valid_valid/acc_align': 49.762, 'best_valid_test/acc': 55.355, 'best_valid_test/acc_unbiased': 50.476, 'best_valid_test/diff': 1.482, 'best_valid_test/acc_skew': 50.931, 'best_valid_test/acc_align': 50.02}
[5 / 20] best test accuracy: 50.476 at epoch 5 
 best_stats: {'best_test_epoch': 5, 'best_test_valid/acc': 55.203, 'best_test_valid/acc_unbiased': 50.853, 'best_test_valid/diff': 2.181, 'best_test_valid/acc_skew': 51.943, 'best_test_valid/acc_align': 49.762, 'best_test_test/acc': 55.355, 'best_test_test/acc_unbiased': 50.476, 'best_test_test/diff': 1.482, 'best_test_test/acc_skew': 50.931, 'best_test_test/acc_align': 50.02}
[6 / 20] Learning rate: 0.001 weight: 0.01
[6 / 20] Loss: 4.65821547510025 CE Loss: 0.5248123931219765 Con Loss: 4.652967324108722
[6 / 20] tensor([[0.996, 1.000],
        [0.036, 0.006]]) {'epoch': 6, 'valid/acc': 55.071, 'valid/acc_unbiased': 51.002, 'valid/diff': 0.537, 'valid/acc_skew': 51.111, 'valid/acc_align': 50.893, 'test/acc': 55.751, 'test/acc_unbiased': 50.951, 'test/diff': 1.673, 'test/acc_skew': 51.788, 'test/acc_align': 50.115}
[6 / 20] best valid accuracy: 51.002 at epoch 6 
 best_stats: {'best_valid_epoch': 6, 'best_valid_valid/acc': 55.071, 'best_valid_valid/acc_unbiased': 51.002, 'best_valid_valid/diff': 0.537, 'best_valid_valid/acc_skew': 51.111, 'best_valid_valid/acc_align': 50.893, 'best_valid_test/acc': 55.751, 'best_valid_test/acc_unbiased': 50.951, 'best_valid_test/diff': 1.673, 'best_valid_test/acc_skew': 51.788, 'best_valid_test/acc_align': 50.115}
[6 / 20] best test accuracy: 50.951 at epoch 6 
 best_stats: {'best_test_epoch': 6, 'best_test_valid/acc': 55.071, 'best_test_valid/acc_unbiased': 51.002, 'best_test_valid/diff': 0.537, 'best_test_valid/acc_skew': 51.111, 'best_test_valid/acc_align': 50.893, 'best_test_test/acc': 55.751, 'best_test_test/acc_unbiased': 50.951, 'best_test_test/diff': 1.673, 'best_test_test/acc_skew': 51.788, 'best_test_test/acc_align': 50.115}
[7 / 20] Learning rate: 0.0001 weight: 0.01
[7 / 20] Loss: 4.595951903138612 CE Loss: 0.5201513613711936 Con Loss: 4.590750379001813
[7 / 20] tensor([[0.990, 1.000],
        [0.099, 0.018]]) {'epoch': 7, 'valid/acc': 57.54, 'valid/acc_unbiased': 52.956, 'valid/diff': 2.996, 'valid/acc_skew': 53.928, 'valid/acc_align': 51.985, 'test/acc': 57.955, 'test/acc_unbiased': 52.675, 'test/diff': 4.569, 'test/acc_skew': 54.96, 'test/acc_align': 50.391}
[7 / 20] best valid accuracy: 52.956 at epoch 7 
 best_stats: {'best_valid_epoch': 7, 'best_valid_valid/acc': 57.54, 'best_valid_valid/acc_unbiased': 52.956, 'best_valid_valid/diff': 2.996, 'best_valid_valid/acc_skew': 53.928, 'best_valid_valid/acc_align': 51.985, 'best_valid_test/acc': 57.955, 'best_valid_test/acc_unbiased': 52.675, 'best_valid_test/diff': 4.569, 'best_valid_test/acc_skew': 54.96, 'best_valid_test/acc_align': 50.391}
[7 / 20] best test accuracy: 52.675 at epoch 7 
 best_stats: {'best_test_epoch': 7, 'best_test_valid/acc': 57.54, 'best_test_valid/acc_unbiased': 52.956, 'best_test_valid/diff': 2.996, 'best_test_valid/acc_skew': 53.928, 'best_test_valid/acc_align': 51.985, 'best_test_test/acc': 57.955, 'best_test_test/acc_unbiased': 52.675, 'best_test_test/diff': 4.569, 'best_test_test/acc_skew': 54.96, 'best_test_test/acc_align': 50.391}
[8 / 20] Learning rate: 0.0001 weight: 0.01
[8 / 20] Loss: 4.574301949782749 CE Loss: 0.5169547890867021 Con Loss: 4.569132411761125
[8 / 20] tensor([[0.985, 0.869],
        [0.144, 0.115]]) {'epoch': 8, 'valid/acc': 59.215, 'valid/acc_unbiased': 54.706, 'valid/diff': 5.362, 'valid/acc_skew': 52.025, 'valid/acc_align': 57.387, 'test/acc': 59.145, 'test/acc_unbiased': 52.839, 'test/diff': 7.231, 'test/acc_skew': 50.675, 'test/acc_align': 55.004}
[8 / 20] best valid accuracy: 54.706 at epoch 8 
 best_stats: {'best_valid_epoch': 8, 'best_valid_valid/acc': 59.215, 'best_valid_valid/acc_unbiased': 54.706, 'best_valid_valid/diff': 5.362, 'best_valid_valid/acc_skew': 52.025, 'best_valid_valid/acc_align': 57.387, 'best_valid_test/acc': 59.145, 'best_valid_test/acc_unbiased': 52.839, 'best_valid_test/diff': 7.231, 'best_valid_test/acc_skew': 50.675, 'best_valid_test/acc_align': 55.004}
[8 / 20] best test accuracy: 52.839 at epoch 8 
 best_stats: {'best_test_epoch': 8, 'best_test_valid/acc': 59.215, 'best_test_valid/acc_unbiased': 54.706, 'best_test_valid/diff': 5.362, 'best_test_valid/acc_skew': 52.025, 'best_test_valid/acc_align': 57.387, 'best_test_test/acc': 59.145, 'best_test_test/acc_unbiased': 52.839, 'best_test_test/diff': 7.231, 'best_test_test/acc_skew': 50.675, 'best_test_test/acc_align': 55.004}
[9 / 20] Learning rate: 0.0001 weight: 0.01
[9 / 20] Loss: 4.5362435220913335 CE Loss: 0.5122346017120573 Con Loss: 4.53112117131075
[9 / 20] tensor([[0.971, 0.602],
        [0.296, 0.345]]) {'epoch': 9, 'valid/acc': 64.286, 'valid/acc_unbiased': 59.174, 'valid/diff': 18.334, 'valid/acc_skew': 50.006, 'valid/acc_align': 68.341, 'test/acc': 63.905, 'test/acc_unbiased': 55.373, 'test/diff': 20.877, 'test/acc_skew': 44.935, 'test/acc_align': 65.812}
[9 / 20] best valid accuracy: 59.174 at epoch 9 
 best_stats: {'best_valid_epoch': 9, 'best_valid_valid/acc': 64.286, 'best_valid_valid/acc_unbiased': 59.174, 'best_valid_valid/diff': 18.334, 'best_valid_valid/acc_skew': 50.006, 'best_valid_valid/acc_align': 68.341, 'best_valid_test/acc': 63.905, 'best_valid_test/acc_unbiased': 55.373, 'best_valid_test/diff': 20.877, 'best_valid_test/acc_skew': 44.935, 'best_valid_test/acc_align': 65.812}
[9 / 20] best test accuracy: 55.373 at epoch 9 
 best_stats: {'best_test_epoch': 9, 'best_test_valid/acc': 64.286, 'best_test_valid/acc_unbiased': 59.174, 'best_test_valid/diff': 18.334, 'best_test_valid/acc_skew': 50.006, 'best_test_valid/acc_align': 68.341, 'best_test_test/acc': 63.905, 'best_test_test/acc_unbiased': 55.373, 'best_test_test/diff': 20.877, 'best_test_test/acc_skew': 44.935, 'best_test_test/acc_align': 65.812}
[10 / 20] Learning rate: 0.0001 weight: 0.01
[10 / 20] Loss: 4.52172907636836 CE Loss: 0.5086941363234861 Con Loss: 4.516642140967263
[10 / 20] tensor([[0.988, 0.943],
        [0.190, 0.133]]) {'epoch': 10, 'valid/acc': 61.199, 'valid/acc_unbiased': 56.641, 'valid/diff': 4.036, 'valid/acc_skew': 56.789, 'valid/acc_align': 56.494, 'test/acc': 61.745, 'test/acc_unbiased': 56.364, 'test/diff': 5.077, 'test/acc_skew': 56.675, 'test/acc_align': 56.054}
[10 / 20] best valid accuracy: 59.174 at epoch 9 
 best_stats: {'best_valid_epoch': 9, 'best_valid_valid/acc': 64.286, 'best_valid_valid/acc_unbiased': 59.174, 'best_valid_valid/diff': 18.334, 'best_valid_valid/acc_skew': 50.006, 'best_valid_valid/acc_align': 68.341, 'best_valid_test/acc': 63.905, 'best_valid_test/acc_unbiased': 55.373, 'best_valid_test/diff': 20.877, 'best_valid_test/acc_skew': 44.935, 'best_valid_test/acc_align': 65.812}
[10 / 20] best test accuracy: 56.364 at epoch 10 
 best_stats: {'best_test_epoch': 10, 'best_test_valid/acc': 61.199, 'best_test_valid/acc_unbiased': 56.641, 'best_test_valid/diff': 4.036, 'best_test_valid/acc_skew': 56.789, 'best_test_valid/acc_align': 56.494, 'best_test_test/acc': 61.745, 'best_test_test/acc_unbiased': 56.364, 'best_test_test/diff': 5.077, 'best_test_test/acc_skew': 56.675, 'best_test_test/acc_align': 56.054}
[11 / 20] Learning rate: 0.0001 weight: 0.01
[11 / 20] Loss: 4.467282955408185 CE Loss: 0.4982560607700569 Con Loss: 4.462300377541917
[11 / 20] tensor([[0.989, 0.943],
        [0.189, 0.133]]) {'epoch': 11, 'valid/acc': 61.199, 'valid/acc_unbiased': 56.821, 'valid/diff': 3.46, 'valid/acc_skew': 55.96, 'valid/acc_align': 57.683, 'test/acc': 61.745, 'test/acc_unbiased': 56.359, 'test/diff': 5.067, 'test/acc_skew': 56.617, 'test/acc_align': 56.101}
[11 / 20] best valid accuracy: 59.174 at epoch 9 
 best_stats: {'best_valid_epoch': 9, 'best_valid_valid/acc': 64.286, 'best_valid_valid/acc_unbiased': 59.174, 'best_valid_valid/diff': 18.334, 'best_valid_valid/acc_skew': 50.006, 'best_valid_valid/acc_align': 68.341, 'best_valid_test/acc': 63.905, 'best_valid_test/acc_unbiased': 55.373, 'best_valid_test/diff': 20.877, 'best_valid_test/acc_skew': 44.935, 'best_valid_test/acc_align': 65.812}
[11 / 20] best test accuracy: 56.364 at epoch 10 
 best_stats: {'best_test_epoch': 10, 'best_test_valid/acc': 61.199, 'best_test_valid/acc_unbiased': 56.641, 'best_test_valid/diff': 4.036, 'best_test_valid/acc_skew': 56.789, 'best_test_valid/acc_align': 56.494, 'best_test_test/acc': 61.745, 'best_test_test/acc_unbiased': 56.364, 'best_test_test/diff': 5.077, 'best_test_test/acc_skew': 56.675, 'best_test_test/acc_align': 56.054}
[12 / 20] Learning rate: 0.0001 weight: 0.01
[12 / 20] Loss: 4.540438911433704 CE Loss: 0.49240207727907837 Con Loss: 4.535514875281308
[12 / 20] tensor([[0.988, 0.619],
        [0.205, 0.430]]) {'epoch': 12, 'valid/acc': 61.64, 'valid/acc_unbiased': 57.359, 'valid/diff': 20.858, 'valid/acc_skew': 46.93, 'valid/acc_align': 67.788, 'test/acc': 61.966, 'test/acc_unbiased': 56.067, 'test/diff': 29.671, 'test/acc_skew': 41.231, 'test/acc_align': 70.903}
[12 / 20] best valid accuracy: 59.174 at epoch 9 
 best_stats: {'best_valid_epoch': 9, 'best_valid_valid/acc': 64.286, 'best_valid_valid/acc_unbiased': 59.174, 'best_valid_valid/diff': 18.334, 'best_valid_valid/acc_skew': 50.006, 'best_valid_valid/acc_align': 68.341, 'best_valid_test/acc': 63.905, 'best_valid_test/acc_unbiased': 55.373, 'best_valid_test/diff': 20.877, 'best_valid_test/acc_skew': 44.935, 'best_valid_test/acc_align': 65.812}
[12 / 20] best test accuracy: 56.364 at epoch 10 
 best_stats: {'best_test_epoch': 10, 'best_test_valid/acc': 61.199, 'best_test_valid/acc_unbiased': 56.641, 'best_test_valid/diff': 4.036, 'best_test_valid/acc_skew': 56.789, 'best_test_valid/acc_align': 56.494, 'best_test_test/acc': 61.745, 'best_test_test/acc_unbiased': 56.364, 'best_test_test/diff': 5.077, 'best_test_test/acc_skew': 56.675, 'best_test_test/acc_align': 56.054}
[13 / 20] Learning rate: 0.0001 weight: 0.01
[13 / 20] Loss: 4.480069568745432 CE Loss: 0.48930439296084727 Con Loss: 4.475176550216418
[13 / 20] tensor([[0.975, 0.597],
        [0.328, 0.497]]) {'epoch': 13, 'valid/acc': 65.653, 'valid/acc_unbiased': 60.43, 'valid/diff': 23.946, 'valid/acc_skew': 48.457, 'valid/acc_align': 72.403, 'test/acc': 66.329, 'test/acc_unbiased': 59.892, 'test/diff': 27.368, 'test/acc_skew': 46.208, 'test/acc_align': 73.576}
[13 / 20] best valid accuracy: 60.430 at epoch 13 
 best_stats: {'best_valid_epoch': 13, 'best_valid_valid/acc': 65.653, 'best_valid_valid/acc_unbiased': 60.43, 'best_valid_valid/diff': 23.946, 'best_valid_valid/acc_skew': 48.457, 'best_valid_valid/acc_align': 72.403, 'best_valid_test/acc': 66.329, 'best_valid_test/acc_unbiased': 59.892, 'best_valid_test/diff': 27.368, 'best_valid_test/acc_skew': 46.208, 'best_valid_test/acc_align': 73.576}
[13 / 20] best test accuracy: 59.892 at epoch 13 
 best_stats: {'best_test_epoch': 13, 'best_test_valid/acc': 65.653, 'best_test_valid/acc_unbiased': 60.43, 'best_test_valid/diff': 23.946, 'best_test_valid/acc_skew': 48.457, 'best_test_valid/acc_align': 72.403, 'best_test_test/acc': 66.329, 'best_test_test/acc_unbiased': 59.892, 'best_test_test/diff': 27.368, 'best_test_test/acc_skew': 46.208, 'best_test_test/acc_align': 73.576}
[14 / 20] Learning rate: 1e-05 weight: 0.01
[14 / 20] Loss: 4.473688956281747 CE Loss: 0.4823288400938162 Con Loss: 4.46886567380356
[14 / 20] tensor([[0.986, 0.716],
        [0.250, 0.382]]) {'epoch': 14, 'valid/acc': 64.065, 'valid/acc_unbiased': 59.506, 'valid/diff': 13.292, 'valid/acc_skew': 52.86, 'valid/acc_align': 66.152, 'test/acc': 63.993, 'test/acc_unbiased': 58.347, 'test/diff': 20.074, 'test/acc_skew': 48.31, 'test/acc_align': 68.384}
[14 / 20] best valid accuracy: 60.430 at epoch 13 
 best_stats: {'best_valid_epoch': 13, 'best_valid_valid/acc': 65.653, 'best_valid_valid/acc_unbiased': 60.43, 'best_valid_valid/diff': 23.946, 'best_valid_valid/acc_skew': 48.457, 'best_valid_valid/acc_align': 72.403, 'best_valid_test/acc': 66.329, 'best_valid_test/acc_unbiased': 59.892, 'best_valid_test/diff': 27.368, 'best_valid_test/acc_skew': 46.208, 'best_valid_test/acc_align': 73.576}
[14 / 20] best test accuracy: 59.892 at epoch 13 
 best_stats: {'best_test_epoch': 13, 'best_test_valid/acc': 65.653, 'best_test_valid/acc_unbiased': 60.43, 'best_test_valid/diff': 23.946, 'best_test_valid/acc_skew': 48.457, 'best_test_valid/acc_align': 72.403, 'best_test_test/acc': 66.329, 'best_test_test/acc_unbiased': 59.892, 'best_test_test/diff': 27.368, 'best_test_test/acc_skew': 46.208, 'best_test_test/acc_align': 73.576}
[15 / 20] Learning rate: 1e-05 weight: 0.01
[15 / 20] Loss: 4.46209284447856 CE Loss: 0.48009507683322294 Con Loss: 4.457291868017747
[15 / 20] tensor([[0.986, 0.795],
        [0.254, 0.315]]) {'epoch': 15, 'valid/acc': 64.021, 'valid/acc_unbiased': 59.405, 'valid/diff': 10.524, 'valid/acc_skew': 54.143, 'valid/acc_align': 64.667, 'test/acc': 64.257, 'test/acc_unbiased': 58.755, 'test/diff': 12.591, 'test/acc_skew': 52.46, 'test/acc_align': 65.051}
[15 / 20] best valid accuracy: 60.430 at epoch 13 
 best_stats: {'best_valid_epoch': 13, 'best_valid_valid/acc': 65.653, 'best_valid_valid/acc_unbiased': 60.43, 'best_valid_valid/diff': 23.946, 'best_valid_valid/acc_skew': 48.457, 'best_valid_valid/acc_align': 72.403, 'best_valid_test/acc': 66.329, 'best_valid_test/acc_unbiased': 59.892, 'best_valid_test/diff': 27.368, 'best_valid_test/acc_skew': 46.208, 'best_valid_test/acc_align': 73.576}
[15 / 20] best test accuracy: 59.892 at epoch 13 
 best_stats: {'best_test_epoch': 13, 'best_test_valid/acc': 65.653, 'best_test_valid/acc_unbiased': 60.43, 'best_test_valid/diff': 23.946, 'best_test_valid/acc_skew': 48.457, 'best_test_valid/acc_align': 72.403, 'best_test_test/acc': 66.329, 'best_test_test/acc_unbiased': 59.892, 'best_test_test/diff': 27.368, 'best_test_test/acc_skew': 46.208, 'best_test_test/acc_align': 73.576}
[16 / 20] Learning rate: 1e-05 weight: 0.01
[16 / 20] Loss: 4.433612615684586 CE Loss: 0.4809189408024524 Con Loss: 4.428803409989163
[16 / 20] tensor([[0.991, 0.909],
        [0.202, 0.218]]) {'epoch': 16, 'valid/acc': 61.64, 'valid/acc_unbiased': 57.355, 'valid/diff': 6.693, 'valid/acc_skew': 54.009, 'valid/acc_align': 60.702, 'test/acc': 62.671, 'test/acc_unbiased': 57.992, 'test/diff': 4.891, 'test/acc_skew': 55.547, 'test/acc_align': 60.438}
[16 / 20] best valid accuracy: 60.430 at epoch 13 
 best_stats: {'best_valid_epoch': 13, 'best_valid_valid/acc': 65.653, 'best_valid_valid/acc_unbiased': 60.43, 'best_valid_valid/diff': 23.946, 'best_valid_valid/acc_skew': 48.457, 'best_valid_valid/acc_align': 72.403, 'best_valid_test/acc': 66.329, 'best_valid_test/acc_unbiased': 59.892, 'best_valid_test/diff': 27.368, 'best_valid_test/acc_skew': 46.208, 'best_valid_test/acc_align': 73.576}
[16 / 20] best test accuracy: 59.892 at epoch 13 
 best_stats: {'best_test_epoch': 13, 'best_test_valid/acc': 65.653, 'best_test_valid/acc_unbiased': 60.43, 'best_test_valid/diff': 23.946, 'best_test_valid/acc_skew': 48.457, 'best_test_valid/acc_align': 72.403, 'best_test_test/acc': 66.329, 'best_test_test/acc_unbiased': 59.892, 'best_test_test/diff': 27.368, 'best_test_test/acc_skew': 46.208, 'best_test_test/acc_align': 73.576}
[17 / 20] Learning rate: 1e-05 weight: 0.01
[17 / 20] Loss: 4.485396621201378 CE Loss: 0.48030067678472604 Con Loss: 4.480593621529965
[17 / 20] tensor([[0.989, 0.705],
        [0.225, 0.412]]) {'epoch': 17, 'valid/acc': 62.919, 'valid/acc_unbiased': 58.804, 'valid/diff': 17.268, 'valid/acc_skew': 50.17, 'valid/acc_align': 67.438, 'test/acc': 63.288, 'test/acc_unbiased': 58.257, 'test/diff': 23.568, 'test/acc_skew': 46.473, 'test/acc_align': 70.041}
[17 / 20] best valid accuracy: 60.430 at epoch 13 
 best_stats: {'best_valid_epoch': 13, 'best_valid_valid/acc': 65.653, 'best_valid_valid/acc_unbiased': 60.43, 'best_valid_valid/diff': 23.946, 'best_valid_valid/acc_skew': 48.457, 'best_valid_valid/acc_align': 72.403, 'best_valid_test/acc': 66.329, 'best_valid_test/acc_unbiased': 59.892, 'best_valid_test/diff': 27.368, 'best_valid_test/acc_skew': 46.208, 'best_valid_test/acc_align': 73.576}
[17 / 20] best test accuracy: 59.892 at epoch 13 
 best_stats: {'best_test_epoch': 13, 'best_test_valid/acc': 65.653, 'best_test_valid/acc_unbiased': 60.43, 'best_test_valid/diff': 23.946, 'best_test_valid/acc_skew': 48.457, 'best_test_valid/acc_align': 72.403, 'best_test_test/acc': 66.329, 'best_test_test/acc_unbiased': 59.892, 'best_test_test/diff': 27.368, 'best_test_test/acc_skew': 46.208, 'best_test_test/acc_align': 73.576}
[18 / 20] Learning rate: 1e-05 weight: 0.01
[18 / 20] Loss: 4.437392138756424 CE Loss: 0.47474895798727085 Con Loss: 4.432644651963531
[18 / 20] tensor([[0.984, 0.625],
        [0.264, 0.461]]) {'epoch': 18, 'valid/acc': 64.021, 'valid/acc_unbiased': 59.334, 'valid/diff': 21.071, 'valid/acc_skew': 48.799, 'valid/acc_align': 69.87, 'test/acc': 64.301, 'test/acc_unbiased': 58.343, 'test/diff': 27.773, 'test/acc_skew': 44.456, 'test/acc_align': 72.229}
[18 / 20] best valid accuracy: 60.430 at epoch 13 
 best_stats: {'best_valid_epoch': 13, 'best_valid_valid/acc': 65.653, 'best_valid_valid/acc_unbiased': 60.43, 'best_valid_valid/diff': 23.946, 'best_valid_valid/acc_skew': 48.457, 'best_valid_valid/acc_align': 72.403, 'best_valid_test/acc': 66.329, 'best_valid_test/acc_unbiased': 59.892, 'best_valid_test/diff': 27.368, 'best_valid_test/acc_skew': 46.208, 'best_valid_test/acc_align': 73.576}
[18 / 20] best test accuracy: 59.892 at epoch 13 
 best_stats: {'best_test_epoch': 13, 'best_test_valid/acc': 65.653, 'best_test_valid/acc_unbiased': 60.43, 'best_test_valid/diff': 23.946, 'best_test_valid/acc_skew': 48.457, 'best_test_valid/acc_align': 72.403, 'best_test_test/acc': 66.329, 'best_test_test/acc_unbiased': 59.892, 'best_test_test/diff': 27.368, 'best_test_test/acc_skew': 46.208, 'best_test_test/acc_align': 73.576}
[19 / 20] Learning rate: 1e-05 weight: 0.01
[19 / 20] Loss: 4.439498559136999 CE Loss: 0.47209580055741684 Con Loss: 4.434777600093086
[19 / 20] tensor([[0.986, 0.744],
        [0.250, 0.370]]) {'epoch': 19, 'valid/acc': 63.668, 'valid/acc_unbiased': 58.955, 'valid/diff': 12.114, 'valid/acc_skew': 52.898, 'valid/acc_align': 65.012, 'test/acc': 64.125, 'test/acc_unbiased': 58.754, 'test/diff': 18.048, 'test/acc_skew': 49.73, 'test/acc_align': 67.778}
[19 / 20] best valid accuracy: 60.430 at epoch 13 
 best_stats: {'best_valid_epoch': 13, 'best_valid_valid/acc': 65.653, 'best_valid_valid/acc_unbiased': 60.43, 'best_valid_valid/diff': 23.946, 'best_valid_valid/acc_skew': 48.457, 'best_valid_valid/acc_align': 72.403, 'best_valid_test/acc': 66.329, 'best_valid_test/acc_unbiased': 59.892, 'best_valid_test/diff': 27.368, 'best_valid_test/acc_skew': 46.208, 'best_valid_test/acc_align': 73.576}
[19 / 20] best test accuracy: 59.892 at epoch 13 
 best_stats: {'best_test_epoch': 13, 'best_test_valid/acc': 65.653, 'best_test_valid/acc_unbiased': 60.43, 'best_test_valid/diff': 23.946, 'best_test_valid/acc_skew': 48.457, 'best_test_valid/acc_align': 72.403, 'best_test_test/acc': 66.329, 'best_test_test/acc_unbiased': 59.892, 'best_test_test/diff': 27.368, 'best_test_test/acc_skew': 46.208, 'best_test_test/acc_align': 73.576}
[20 / 20] Learning rate: 1e-05 weight: 0.01
[20 / 20] Loss: 4.400239404958985 CE Loss: 0.47634230084920903 Con Loss: 4.395475978130082
[20 / 20] tensor([[0.985, 0.705],
        [0.256, 0.424]]) {'epoch': 20, 'valid/acc': 64.198, 'valid/acc_unbiased': 59.672, 'valid/diff': 15.436, 'valid/acc_skew': 51.954, 'valid/acc_align': 67.39, 'test/acc': 64.39, 'test/acc_unbiased': 59.244, 'test/diff': 22.428, 'test/acc_skew': 48.03, 'test/acc_align': 70.458}
[20 / 20] best valid accuracy: 60.430 at epoch 13 
 best_stats: {'best_valid_epoch': 13, 'best_valid_valid/acc': 65.653, 'best_valid_valid/acc_unbiased': 60.43, 'best_valid_valid/diff': 23.946, 'best_valid_valid/acc_skew': 48.457, 'best_valid_valid/acc_align': 72.403, 'best_valid_test/acc': 66.329, 'best_valid_test/acc_unbiased': 59.892, 'best_valid_test/diff': 27.368, 'best_valid_test/acc_skew': 46.208, 'best_valid_test/acc_align': 73.576}
[20 / 20] best test accuracy: 59.892 at epoch 13 
 best_stats: {'best_test_epoch': 13, 'best_test_valid/acc': 65.653, 'best_test_valid/acc_unbiased': 60.43, 'best_test_valid/diff': 23.946, 'best_test_valid/acc_skew': 48.457, 'best_test_valid/acc_align': 72.403, 'best_test_test/acc': 66.329, 'best_test_test/acc_unbiased': 59.892, 'best_test_test/diff': 27.368, 'best_test_test/acc_skew': 46.208, 'best_test_test/acc_align': 73.576}
Total training time: 0:17:37
