Log level set to: INFO
Set seed: 1
=======> Using Fixed Random Seed: 1 <========
save_path: exp_results/bc-bb0-celeba_smiling-rand1-lr0.001-bs128-cbs64-w0.01-ratio30-aug1-seed1
get_celeba - split:train, aug: False, given_y: True, ratio: 0
use existing smiling indices from data/celeba/pickles/smiling
Distribution After Sampling: 
===================================
Binary Labels Distribution: 
Binary Target 0
---------------------------
Target 0: [8007, 32831]
Target 1: [40613, 8007]
Binary Target 1
---------------------------
Target 0: [8007, 32831]
Target 1: [40613, 8007]
===================================
Normal Label Distribution: 
Target 0: [8007, 32831]
Target 1: [40613, 8007]
===================================
Use BiasedCelebASplit 
 target_attr: smiling split: train 
 tensor([[ 8007., 40613.],
        [32831.,  8007.]])
get_celeba - split:train, aug: 1, given_y: True, ratio: 30
use existing smiling indices from data/celeba/pickles/smiling
Distribution After Sampling: 
===================================
Binary Labels Distribution: 
Binary Target 0
---------------------------
Target 0: [8056, 32674]
Target 1: [40701, 8027]
Binary Target 1
---------------------------
Target 0: [8056, 32674]
Target 1: [40701, 8027]
===================================
Normal Label Distribution: 
Target 0: [8056, 32674]
Target 1: [40701, 8027]
===================================
Use BiasedCelebASplit 
 target_attr: smiling split: train 
 tensor([[ 8056., 40701.],
        [32674.,  8027.]])
get_celeba - split:train_valid, aug: False, given_y: True, ratio: 0
use existing smiling indices from data/celeba/pickles/smiling
Use BiasedCelebASplit 
 target_attr: smiling split: train_valid 
 tensor([[ 2019., 10233.],
        [ 8156.,  1957.]])
get_celeba - split:valid, aug: False, given_y: True, ratio: 0
Use BiasedCelebASplit 
 target_attr: smiling split: valid 
 tensor([[5252., 6157.],
        [5013., 3445.]])
decay_epochs: [3, 6]
[1 / 10] Learning rate: 0.001 weight: 0.01
[1 / 10] Loss: 4.660824652001072 CE Loss: 0.25799959859950045 Con Loss: 4.658244654191444
[1 / 10] tensor([[0.846, 0.813],
        [0.962, 0.952]]) {'epoch': 1, 'valid/acc': 89.917, 'valid/acc_unbiased': 89.819, 'valid/diff': 1.831, 'valid/acc_skew': 90.564, 'valid/acc_align': 89.074, 'test/acc': 89.203, 'test/acc_unbiased': 89.323, 'test/diff': 2.205, 'test/acc_skew': 89.893, 'test/acc_align': 88.752}
[1 / 10] best valid accuracy: 89.819 at epoch 1 
 best_stats: {'best_valid_epoch': 1, 'best_valid_valid/acc': 89.917, 'best_valid_valid/acc_unbiased': 89.819, 'best_valid_valid/diff': 1.831, 'best_valid_valid/acc_skew': 90.564, 'best_valid_valid/acc_align': 89.074, 'best_valid_test/acc': 89.203, 'best_valid_test/acc_unbiased': 89.323, 'best_valid_test/diff': 2.205, 'best_valid_test/acc_skew': 89.893, 'best_valid_test/acc_align': 88.752}
[1 / 10] best test accuracy: 89.323 at epoch 1 
 best_stats: {'best_test_epoch': 1, 'best_test_valid/acc': 89.917, 'best_test_valid/acc_unbiased': 89.819, 'best_test_valid/diff': 1.831, 'best_test_valid/acc_skew': 90.564, 'best_test_valid/acc_align': 89.074, 'best_test_test/acc': 89.203, 'best_test_test/acc_unbiased': 89.323, 'best_test_test/diff': 2.205, 'best_test_test/acc_skew': 89.893, 'best_test_test/acc_align': 88.752}
[2 / 10] Learning rate: 0.001 weight: 0.01
[2 / 10] Loss: 4.62257112817411 CE Loss: 0.22921307461424162 Con Loss: 4.620278998179659
[2 / 10] tensor([[0.893, 0.898],
        [0.948, 0.916]]) {'epoch': 2, 'valid/acc': 92.032, 'valid/acc_unbiased': 91.576, 'valid/diff': 1.542, 'valid/acc_skew': 91.211, 'valid/acc_align': 91.94, 'test/acc': 91.514, 'test/acc_unbiased': 91.36, 'test/diff': 1.857, 'test/acc_skew': 90.431, 'test/acc_align': 92.288}
[2 / 10] best valid accuracy: 91.576 at epoch 2 
 best_stats: {'best_valid_epoch': 2, 'best_valid_valid/acc': 92.032, 'best_valid_valid/acc_unbiased': 91.576, 'best_valid_valid/diff': 1.542, 'best_valid_valid/acc_skew': 91.211, 'best_valid_valid/acc_align': 91.94, 'best_valid_test/acc': 91.514, 'best_valid_test/acc_unbiased': 91.36, 'best_valid_test/diff': 1.857, 'best_valid_test/acc_skew': 90.431, 'best_valid_test/acc_align': 92.288}
[2 / 10] best test accuracy: 91.360 at epoch 2 
 best_stats: {'best_test_epoch': 2, 'best_test_valid/acc': 92.032, 'best_test_valid/acc_unbiased': 91.576, 'best_test_valid/diff': 1.542, 'best_test_valid/acc_skew': 91.211, 'best_test_valid/acc_align': 91.94, 'best_test_test/acc': 91.514, 'best_test_test/acc_unbiased': 91.36, 'best_test_test/diff': 1.857, 'best_test_test/acc_skew': 90.431, 'best_test_test/acc_align': 92.288}
[3 / 10] Learning rate: 0.001 weight: 0.01
[3 / 10] Loss: 4.602363548996479 CE Loss: 0.2201270998219198 Con Loss: 4.600162274982105
[3 / 10] tensor([[0.906, 0.914],
        [0.938, 0.906]]) {'epoch': 3, 'valid/acc': 92.184, 'valid/acc_unbiased': 91.572, 'valid/diff': 1.559, 'valid/acc_skew': 90.793, 'valid/acc_align': 92.351, 'test/acc': 91.785, 'test/acc_unbiased': 91.593, 'test/diff': 1.996, 'test/acc_skew': 90.595, 'test/acc_align': 92.591}
[3 / 10] best valid accuracy: 91.576 at epoch 2 
 best_stats: {'best_valid_epoch': 2, 'best_valid_valid/acc': 92.032, 'best_valid_valid/acc_unbiased': 91.576, 'best_valid_valid/diff': 1.542, 'best_valid_valid/acc_skew': 91.211, 'best_valid_valid/acc_align': 91.94, 'best_valid_test/acc': 91.514, 'best_valid_test/acc_unbiased': 91.36, 'best_valid_test/diff': 1.857, 'best_valid_test/acc_skew': 90.431, 'best_valid_test/acc_align': 92.288}
[3 / 10] best test accuracy: 91.593 at epoch 3 
 best_stats: {'best_test_epoch': 3, 'best_test_valid/acc': 92.184, 'best_test_valid/acc_unbiased': 91.572, 'best_test_valid/diff': 1.559, 'best_test_valid/acc_skew': 90.793, 'best_test_valid/acc_align': 92.351, 'best_test_test/acc': 91.785, 'best_test_test/acc_unbiased': 91.593, 'best_test_test/diff': 1.996, 'best_test_test/acc_skew': 90.595, 'best_test_test/acc_align': 92.591}
[4 / 10] Learning rate: 0.0001 weight: 0.01
[4 / 10] Loss: 4.562905395334003 CE Loss: 0.18311675173308986 Con Loss: 4.561074223699921
[4 / 10] tensor([[0.922, 0.934],
        [0.935, 0.902]]) {'epoch': 4, 'valid/acc': 93.065, 'valid/acc_unbiased': 92.478, 'valid/diff': 1.842, 'valid/acc_skew': 91.557, 'valid/acc_align': 93.399, 'test/acc': 92.561, 'test/acc_unbiased': 92.325, 'test/diff': 2.306, 'test/acc_skew': 91.172, 'test/acc_align': 93.478}
[4 / 10] best valid accuracy: 92.478 at epoch 4 
 best_stats: {'best_valid_epoch': 4, 'best_valid_valid/acc': 93.065, 'best_valid_valid/acc_unbiased': 92.478, 'best_valid_valid/diff': 1.842, 'best_valid_valid/acc_skew': 91.557, 'best_valid_valid/acc_align': 93.399, 'best_valid_test/acc': 92.561, 'best_valid_test/acc_unbiased': 92.325, 'best_valid_test/diff': 2.306, 'best_valid_test/acc_skew': 91.172, 'best_valid_test/acc_align': 93.478}
[4 / 10] best test accuracy: 92.325 at epoch 4 
 best_stats: {'best_test_epoch': 4, 'best_test_valid/acc': 93.065, 'best_test_valid/acc_unbiased': 92.478, 'best_test_valid/diff': 1.842, 'best_test_valid/acc_skew': 91.557, 'best_test_valid/acc_align': 93.399, 'best_test_test/acc': 92.561, 'best_test_test/acc_unbiased': 92.325, 'best_test_test/diff': 2.306, 'best_test_test/acc_skew': 91.172, 'best_test_test/acc_align': 93.478}
[5 / 10] Learning rate: 0.0001 weight: 0.01
[5 / 10] Loss: 4.553848726946801 CE Loss: 0.18112850440498884 Con Loss: 4.552037438086446
[5 / 10] tensor([[0.937, 0.947],
        [0.925, 0.885]]) {'epoch': 5, 'valid/acc': 92.891, 'valid/acc_unbiased': 92.424, 'valid/diff': 1.734, 'valid/acc_skew': 91.557, 'valid/acc_align': 93.291, 'test/acc': 92.661, 'test/acc_unbiased': 92.333, 'test/diff': 2.531, 'test/acc_skew': 91.068, 'test/acc_align': 93.599}
[5 / 10] best valid accuracy: 92.478 at epoch 4 
 best_stats: {'best_valid_epoch': 4, 'best_valid_valid/acc': 93.065, 'best_valid_valid/acc_unbiased': 92.478, 'best_valid_valid/diff': 1.842, 'best_valid_valid/acc_skew': 91.557, 'best_valid_valid/acc_align': 93.399, 'best_valid_test/acc': 92.561, 'best_valid_test/acc_unbiased': 92.325, 'best_valid_test/diff': 2.306, 'best_valid_test/acc_skew': 91.172, 'best_valid_test/acc_align': 93.478}
[5 / 10] best test accuracy: 92.333 at epoch 5 
 best_stats: {'best_test_epoch': 5, 'best_test_valid/acc': 92.891, 'best_test_valid/acc_unbiased': 92.424, 'best_test_valid/diff': 1.734, 'best_test_valid/acc_skew': 91.557, 'best_test_valid/acc_align': 93.291, 'best_test_test/acc': 92.661, 'best_test_test/acc_unbiased': 92.333, 'best_test_test/diff': 2.531, 'best_test_test/acc_skew': 91.068, 'best_test_test/acc_align': 93.599}
[6 / 10] Learning rate: 0.0001 weight: 0.01
[6 / 10] Loss: 4.548487040968248 CE Loss: 0.17740795029514542 Con Loss: 4.546712966194367
[6 / 10] tensor([[0.916, 0.926],
        [0.944, 0.911]]) {'epoch': 6, 'valid/acc': 93.262, 'valid/acc_unbiased': 92.847, 'valid/diff': 1.468, 'valid/acc_skew': 92.318, 'valid/acc_align': 93.377, 'test/acc': 92.611, 'test/acc_unbiased': 92.402, 'test/diff': 2.179, 'test/acc_skew': 91.312, 'test/acc_align': 93.492}
[6 / 10] best valid accuracy: 92.847 at epoch 6 
 best_stats: {'best_valid_epoch': 6, 'best_valid_valid/acc': 93.262, 'best_valid_valid/acc_unbiased': 92.847, 'best_valid_valid/diff': 1.468, 'best_valid_valid/acc_skew': 92.318, 'best_valid_valid/acc_align': 93.377, 'best_valid_test/acc': 92.611, 'best_valid_test/acc_unbiased': 92.402, 'best_valid_test/diff': 2.179, 'best_valid_test/acc_skew': 91.312, 'best_valid_test/acc_align': 93.492}
[6 / 10] best test accuracy: 92.402 at epoch 6 
 best_stats: {'best_test_epoch': 6, 'best_test_valid/acc': 93.262, 'best_test_valid/acc_unbiased': 92.847, 'best_test_valid/diff': 1.468, 'best_test_valid/acc_skew': 92.318, 'best_test_valid/acc_align': 93.377, 'best_test_test/acc': 92.611, 'best_test_test/acc_unbiased': 92.402, 'best_test_test/diff': 2.179, 'best_test_test/acc_skew': 91.312, 'best_test_test/acc_align': 93.492}
[7 / 10] Learning rate: 1e-05 weight: 0.01
[7 / 10] Loss: 4.546437931576763 CE Loss: 0.174175078309945 Con Loss: 4.544696175880724
[7 / 10] tensor([[0.914, 0.926],
        [0.942, 0.915]]) {'epoch': 7, 'valid/acc': 93.275, 'valid/acc_unbiased': 92.793, 'valid/diff': 1.234, 'valid/acc_skew': 92.176, 'valid/acc_align': 93.409, 'test/acc': 92.566, 'test/acc_unbiased': 92.401, 'test/diff': 1.98, 'test/acc_skew': 91.411, 'test/acc_align': 93.391}
[7 / 10] best valid accuracy: 92.847 at epoch 6 
 best_stats: {'best_valid_epoch': 6, 'best_valid_valid/acc': 93.262, 'best_valid_valid/acc_unbiased': 92.847, 'best_valid_valid/diff': 1.468, 'best_valid_valid/acc_skew': 92.318, 'best_valid_valid/acc_align': 93.377, 'best_valid_test/acc': 92.611, 'best_valid_test/acc_unbiased': 92.402, 'best_valid_test/diff': 2.179, 'best_valid_test/acc_skew': 91.312, 'best_valid_test/acc_align': 93.492}
[7 / 10] best test accuracy: 92.402 at epoch 6 
 best_stats: {'best_test_epoch': 6, 'best_test_valid/acc': 93.262, 'best_test_valid/acc_unbiased': 92.847, 'best_test_valid/diff': 1.468, 'best_test_valid/acc_skew': 92.318, 'best_test_valid/acc_align': 93.377, 'best_test_test/acc': 92.611, 'best_test_test/acc_unbiased': 92.402, 'best_test_test/diff': 2.179, 'best_test_test/acc_skew': 91.312, 'best_test_test/acc_align': 93.492}
[8 / 10] Learning rate: 1e-05 weight: 0.01
[8 / 10] Loss: 4.538948082108888 CE Loss: 0.17294684307155306 Con Loss: 4.537218617370595
[8 / 10] tensor([[0.931, 0.936],
        [0.936, 0.909]]) {'epoch': 8, 'valid/acc': 93.204, 'valid/acc_unbiased': 92.91, 'valid/diff': 1.344, 'valid/acc_skew': 92.459, 'valid/acc_align': 93.361, 'test/acc': 93.029, 'test/acc_unbiased': 92.827, 'test/diff': 1.613, 'test/acc_skew': 92.02, 'test/acc_align': 93.633}
[8 / 10] best valid accuracy: 92.910 at epoch 8 
 best_stats: {'best_valid_epoch': 8, 'best_valid_valid/acc': 93.204, 'best_valid_valid/acc_unbiased': 92.91, 'best_valid_valid/diff': 1.344, 'best_valid_valid/acc_skew': 92.459, 'best_valid_valid/acc_align': 93.361, 'best_valid_test/acc': 93.029, 'best_valid_test/acc_unbiased': 92.827, 'best_valid_test/diff': 1.613, 'best_valid_test/acc_skew': 92.02, 'best_valid_test/acc_align': 93.633}
[8 / 10] best test accuracy: 92.827 at epoch 8 
 best_stats: {'best_test_epoch': 8, 'best_test_valid/acc': 93.204, 'best_test_valid/acc_unbiased': 92.91, 'best_test_valid/diff': 1.344, 'best_test_valid/acc_skew': 92.459, 'best_test_valid/acc_align': 93.361, 'best_test_test/acc': 93.029, 'best_test_test/acc_unbiased': 92.827, 'best_test_test/diff': 1.613, 'best_test_test/acc_skew': 92.02, 'best_test_test/acc_align': 93.633}
[9 / 10] Learning rate: 1e-05 weight: 0.01
[9 / 10] Loss: 4.536078149866361 CE Loss: 0.17406570125156257 Con Loss: 4.534337506687306
[9 / 10] tensor([[0.925, 0.931],
        [0.940, 0.912]]) {'epoch': 9, 'valid/acc': 93.177, 'valid/acc_unbiased': 92.822, 'valid/diff': 1.275, 'valid/acc_skew': 92.341, 'valid/acc_align': 93.304, 'test/acc': 92.893, 'test/acc_unbiased': 92.703, 'test/diff': 1.675, 'test/acc_skew': 91.866, 'test/acc_align': 93.541}
[9 / 10] best valid accuracy: 92.910 at epoch 8 
 best_stats: {'best_valid_epoch': 8, 'best_valid_valid/acc': 93.204, 'best_valid_valid/acc_unbiased': 92.91, 'best_valid_valid/diff': 1.344, 'best_valid_valid/acc_skew': 92.459, 'best_valid_valid/acc_align': 93.361, 'best_valid_test/acc': 93.029, 'best_valid_test/acc_unbiased': 92.827, 'best_valid_test/diff': 1.613, 'best_valid_test/acc_skew': 92.02, 'best_valid_test/acc_align': 93.633}
[9 / 10] best test accuracy: 92.827 at epoch 8 
 best_stats: {'best_test_epoch': 8, 'best_test_valid/acc': 93.204, 'best_test_valid/acc_unbiased': 92.91, 'best_test_valid/diff': 1.344, 'best_test_valid/acc_skew': 92.459, 'best_test_valid/acc_align': 93.361, 'best_test_test/acc': 93.029, 'best_test_test/acc_unbiased': 92.827, 'best_test_test/diff': 1.613, 'best_test_test/acc_skew': 92.02, 'best_test_test/acc_align': 93.633}
[10 / 10] Learning rate: 1e-05 weight: 0.01
[10 / 10] Loss: 4.5413702123961315 CE Loss: 0.17360343746332077 Con Loss: 4.539634180899429
[10 / 10] tensor([[0.931, 0.936],
        [0.934, 0.906]]) {'epoch': 10, 'valid/acc': 93.374, 'valid/acc_unbiased': 93.018, 'valid/diff': 1.562, 'valid/acc_skew': 92.453, 'valid/acc_align': 93.583, 'test/acc': 92.852, 'test/acc_unbiased': 92.642, 'test/diff': 1.667, 'test/acc_skew': 91.808, 'test/acc_align': 93.475}
[10 / 10] best valid accuracy: 93.018 at epoch 10 
 best_stats: {'best_valid_epoch': 10, 'best_valid_valid/acc': 93.374, 'best_valid_valid/acc_unbiased': 93.018, 'best_valid_valid/diff': 1.562, 'best_valid_valid/acc_skew': 92.453, 'best_valid_valid/acc_align': 93.583, 'best_valid_test/acc': 92.852, 'best_valid_test/acc_unbiased': 92.642, 'best_valid_test/diff': 1.667, 'best_valid_test/acc_skew': 91.808, 'best_valid_test/acc_align': 93.475}
[10 / 10] best test accuracy: 92.827 at epoch 8 
 best_stats: {'best_test_epoch': 8, 'best_test_valid/acc': 93.204, 'best_test_valid/acc_unbiased': 92.91, 'best_test_valid/diff': 1.344, 'best_test_valid/acc_skew': 92.459, 'best_test_valid/acc_align': 93.361, 'best_test_test/acc': 93.029, 'best_test_test/acc_unbiased': 92.827, 'best_test_test/diff': 1.613, 'best_test_test/acc_skew': 92.02, 'best_test_test/acc_align': 93.633}
Total training time: 0:46:30
