Log level set to: INFO
Set seed: 3
=======> Using Fixed Random Seed: 3 <========
save_path: exp_results/bc-bb0-celeba_blonde-crop_auto3-lr0.001-bs128-cbs64-w0.01-ratio30-aug1-seed3
get_celeba - split:train, aug: False, given_y: True, ratio: 0
use existing blonde indices from data/celeba/pickles/blonde
Distribution After Sampling: 
===================================
Binary Labels Distribution: 
Binary Target 0
---------------------------
Target 0: [1628, 53486]
Target 1: [18293, 1105]
Binary Target 1
---------------------------
Target 0: [1628, 53486]
Target 1: [18293, 1105]
===================================
Normal Label Distribution: 
Target 0: [1628, 53486]
Target 1: [18293, 1105]
===================================
Use BiasedCelebASplit 
 target_attr: blonde split: train 
 tensor([[ 1628., 18293.],
        [53486.,  1105.]])
get_celeba - split:train, aug: 1, given_y: True, ratio: 30
use existing blonde indices from data/celeba/pickles/blonde
Distribution After Sampling: 
===================================
Binary Labels Distribution: 
Binary Target 0
---------------------------
Target 0: [1599, 53508]
Target 1: [18327, 1078]
Binary Target 1
---------------------------
Target 0: [1599, 53508]
Target 1: [18327, 1078]
===================================
Normal Label Distribution: 
Target 0: [1599, 53508]
Target 1: [18327, 1078]
===================================
Use BiasedCelebASplit 
 target_attr: blonde split: train 
 tensor([[ 1599., 18327.],
        [53508.,  1078.]])
get_celeba - split:train_valid, aug: False, given_y: True, ratio: 0
use existing blonde indices from data/celeba/pickles/blonde
Use BiasedCelebASplit 
 target_attr: blonde split: train_valid 
 tensor([[  386.,  4517.],
        [13446.,   280.]])
get_celeba - split:valid, aug: False, given_y: True, ratio: 0
Use BiasedCelebASplit 
 target_attr: blonde split: valid 
 tensor([[8535., 2874.],
        [8276.,  182.]])
decay_epochs: [3, 6]
[1 / 10] Learning rate: 0.001 weight: 0.01
[1 / 10] Loss: 4.752101155650291 CE Loss: 0.22718731983168228 Con Loss: 4.749829282058214
[1 / 10] tensor([[0.873, 0.940],
        [0.883, 0.769]]) {'epoch': 1, 'valid/acc': 92.066, 'valid/acc_unbiased': 88.014, 'valid/diff': 5.88, 'valid/acc_skew': 85.074, 'valid/acc_align': 90.954, 'test/acc': 90.134, 'test/acc_unbiased': 86.634, 'test/diff': 9.046, 'test/acc_skew': 82.111, 'test/acc_align': 91.157}
[1 / 10] best valid accuracy: 88.014 at epoch 1 
 best_stats: {'best_valid_epoch': 1, 'best_valid_valid/acc': 92.066, 'best_valid_valid/acc_unbiased': 88.014, 'best_valid_valid/diff': 5.88, 'best_valid_valid/acc_skew': 85.074, 'best_valid_valid/acc_align': 90.954, 'best_valid_test/acc': 90.134, 'best_valid_test/acc_unbiased': 86.634, 'best_valid_test/diff': 9.046, 'best_valid_test/acc_skew': 82.111, 'best_valid_test/acc_align': 91.157}
[1 / 10] best test accuracy: 86.634 at epoch 1 
 best_stats: {'best_test_epoch': 1, 'best_test_valid/acc': 92.066, 'best_test_valid/acc_unbiased': 88.014, 'best_test_valid/diff': 5.88, 'best_test_valid/acc_skew': 85.074, 'best_test_valid/acc_align': 90.954, 'best_test_test/acc': 90.134, 'best_test_test/acc_unbiased': 86.634, 'best_test_test/diff': 9.046, 'best_test_test/acc_skew': 82.111, 'best_test_test/acc_align': 91.157}
[2 / 10] Learning rate: 0.001 weight: 0.01
[2 / 10] Loss: 4.705121889886412 CE Loss: 0.1933559357019256 Con Loss: 4.703188339579072
[2 / 10] tensor([[0.861, 0.935],
        [0.948, 0.907]]) {'epoch': 2, 'valid/acc': 93.252, 'valid/acc_unbiased': 91.794, 'valid/diff': 4.217, 'valid/acc_skew': 89.685, 'valid/acc_align': 93.903, 'test/acc': 90.482, 'test/acc_unbiased': 91.267, 'test/diff': 5.77, 'test/acc_skew': 88.382, 'test/acc_align': 94.151}
[2 / 10] best valid accuracy: 91.794 at epoch 2 
 best_stats: {'best_valid_epoch': 2, 'best_valid_valid/acc': 93.252, 'best_valid_valid/acc_unbiased': 91.794, 'best_valid_valid/diff': 4.217, 'best_valid_valid/acc_skew': 89.685, 'best_valid_valid/acc_align': 93.903, 'best_valid_test/acc': 90.482, 'best_valid_test/acc_unbiased': 91.267, 'best_valid_test/diff': 5.77, 'best_valid_test/acc_skew': 88.382, 'best_valid_test/acc_align': 94.151}
[2 / 10] best test accuracy: 91.267 at epoch 2 
 best_stats: {'best_test_epoch': 2, 'best_test_valid/acc': 93.252, 'best_test_valid/acc_unbiased': 91.794, 'best_test_valid/diff': 4.217, 'best_test_valid/acc_skew': 89.685, 'best_test_valid/acc_align': 93.903, 'best_test_test/acc': 90.482, 'best_test_test/acc_unbiased': 91.267, 'best_test_test/diff': 5.77, 'best_test_test/acc_skew': 88.382, 'best_test_test/acc_align': 94.151}
[3 / 10] Learning rate: 0.001 weight: 0.01
[3 / 10] Loss: 4.691105243088171 CE Loss: 0.18808365031990443 Con Loss: 4.689224403304349
[3 / 10] tensor([[0.923, 0.981],
        [0.839, 0.604]]) {'epoch': 3, 'valid/acc': 93.483, 'valid/acc_unbiased': 86.24, 'valid/diff': 7.893, 'valid/acc_skew': 82.294, 'valid/acc_align': 90.187, 'test/acc': 93.195, 'test/acc_unbiased': 83.68, 'test/diff': 14.631, 'test/acc_skew': 76.365, 'test/acc_align': 90.996}
[3 / 10] best valid accuracy: 91.794 at epoch 2 
 best_stats: {'best_valid_epoch': 2, 'best_valid_valid/acc': 93.252, 'best_valid_valid/acc_unbiased': 91.794, 'best_valid_valid/diff': 4.217, 'best_valid_valid/acc_skew': 89.685, 'best_valid_valid/acc_align': 93.903, 'best_valid_test/acc': 90.482, 'best_valid_test/acc_unbiased': 91.267, 'best_valid_test/diff': 5.77, 'best_valid_test/acc_skew': 88.382, 'best_valid_test/acc_align': 94.151}
[3 / 10] best test accuracy: 91.267 at epoch 2 
 best_stats: {'best_test_epoch': 2, 'best_test_valid/acc': 93.252, 'best_test_valid/acc_unbiased': 91.794, 'best_test_valid/diff': 4.217, 'best_test_valid/acc_skew': 89.685, 'best_test_valid/acc_align': 93.903, 'best_test_test/acc': 90.482, 'best_test_test/acc_unbiased': 91.267, 'best_test_test/diff': 5.77, 'best_test_test/acc_skew': 88.382, 'best_test_test/acc_align': 94.151}
[4 / 10] Learning rate: 0.0001 weight: 0.01
[4 / 10] Loss: 4.643370057217215 CE Loss: 0.1567524208745041 Con Loss: 4.641802535283353
[4 / 10] tensor([[0.935, 0.977],
        [0.875, 0.764]]) {'epoch': 4, 'valid/acc': 94.294, 'valid/acc_unbiased': 89.71, 'valid/diff': 5.69, 'valid/acc_skew': 87.357, 'valid/acc_align': 92.063, 'test/acc': 94.217, 'test/acc_unbiased': 88.765, 'test/diff': 7.706, 'test/acc_skew': 84.912, 'test/acc_align': 92.619}
[4 / 10] best valid accuracy: 91.794 at epoch 2 
 best_stats: {'best_valid_epoch': 2, 'best_valid_valid/acc': 93.252, 'best_valid_valid/acc_unbiased': 91.794, 'best_valid_valid/diff': 4.217, 'best_valid_valid/acc_skew': 89.685, 'best_valid_valid/acc_align': 93.903, 'best_valid_test/acc': 90.482, 'best_valid_test/acc_unbiased': 91.267, 'best_valid_test/diff': 5.77, 'best_valid_test/acc_skew': 88.382, 'best_valid_test/acc_align': 94.151}
[4 / 10] best test accuracy: 91.267 at epoch 2 
 best_stats: {'best_test_epoch': 2, 'best_test_valid/acc': 93.252, 'best_test_valid/acc_unbiased': 91.794, 'best_test_valid/diff': 4.217, 'best_test_valid/acc_skew': 89.685, 'best_test_valid/acc_align': 93.903, 'best_test_test/acc': 90.482, 'best_test_test/acc_unbiased': 91.267, 'best_test_test/diff': 5.77, 'best_test_test/acc_skew': 88.382, 'best_test_test/acc_align': 94.151}
[5 / 10] Learning rate: 0.0001 weight: 0.01
[5 / 10] Loss: 4.620672150694405 CE Loss: 0.1499646655096884 Con Loss: 4.6191725146240605
[5 / 10] tensor([[0.908, 0.974],
        [0.916, 0.775]]) {'epoch': 5, 'valid/acc': 95.142, 'valid/acc_unbiased': 90.891, 'valid/diff': 6.52, 'valid/acc_skew': 87.731, 'valid/acc_align': 94.05, 'test/acc': 93.567, 'test/acc_unbiased': 89.34, 'test/diff': 10.359, 'test/acc_skew': 84.161, 'test/acc_align': 94.52}
[5 / 10] best valid accuracy: 91.794 at epoch 2 
 best_stats: {'best_valid_epoch': 2, 'best_valid_valid/acc': 93.252, 'best_valid_valid/acc_unbiased': 91.794, 'best_valid_valid/diff': 4.217, 'best_valid_valid/acc_skew': 89.685, 'best_valid_valid/acc_align': 93.903, 'best_valid_test/acc': 90.482, 'best_valid_test/acc_unbiased': 91.267, 'best_valid_test/diff': 5.77, 'best_valid_test/acc_skew': 88.382, 'best_valid_test/acc_align': 94.151}
[5 / 10] best test accuracy: 91.267 at epoch 2 
 best_stats: {'best_test_epoch': 2, 'best_test_valid/acc': 93.252, 'best_test_valid/acc_unbiased': 91.794, 'best_test_valid/diff': 4.217, 'best_test_valid/acc_skew': 89.685, 'best_test_valid/acc_align': 93.903, 'best_test_test/acc': 90.482, 'best_test_test/acc_unbiased': 91.267, 'best_test_test/diff': 5.77, 'best_test_test/acc_skew': 88.382, 'best_test_test/acc_align': 94.151}
[6 / 10] Learning rate: 0.0001 weight: 0.01
[6 / 10] Loss: 4.610504346367932 CE Loss: 0.14257590155604574 Con Loss: 4.609078598862071
[6 / 10] tensor([[0.921, 0.978],
        [0.896, 0.764]]) {'epoch': 6, 'valid/acc': 95.163, 'valid/acc_unbiased': 90.759, 'valid/diff': 5.825, 'valid/acc_skew': 87.861, 'valid/acc_align': 93.657, 'test/acc': 93.95, 'test/acc_unbiased': 88.957, 'test/diff': 9.484, 'test/acc_skew': 84.215, 'test/acc_align': 93.699}
[6 / 10] best valid accuracy: 91.794 at epoch 2 
 best_stats: {'best_valid_epoch': 2, 'best_valid_valid/acc': 93.252, 'best_valid_valid/acc_unbiased': 91.794, 'best_valid_valid/diff': 4.217, 'best_valid_valid/acc_skew': 89.685, 'best_valid_valid/acc_align': 93.903, 'best_valid_test/acc': 90.482, 'best_valid_test/acc_unbiased': 91.267, 'best_valid_test/diff': 5.77, 'best_valid_test/acc_skew': 88.382, 'best_valid_test/acc_align': 94.151}
[6 / 10] best test accuracy: 91.267 at epoch 2 
 best_stats: {'best_test_epoch': 2, 'best_test_valid/acc': 93.252, 'best_test_valid/acc_unbiased': 91.794, 'best_test_valid/diff': 4.217, 'best_test_valid/acc_skew': 89.685, 'best_test_valid/acc_align': 93.903, 'best_test_test/acc': 90.482, 'best_test_test/acc_unbiased': 91.267, 'best_test_test/diff': 5.77, 'best_test_test/acc_skew': 88.382, 'best_test_test/acc_align': 94.151}
[7 / 10] Learning rate: 1e-05 weight: 0.01
[7 / 10] Loss: 4.603936031649546 CE Loss: 0.13367851832367614 Con Loss: 4.6025992520049535
[7 / 10] tensor([[0.913, 0.973],
        [0.913, 0.802]]) {'epoch': 7, 'valid/acc': 95.126, 'valid/acc_unbiased': 91.82, 'valid/diff': 5.194, 'valid/acc_skew': 89.727, 'valid/acc_align': 93.914, 'test/acc': 93.703, 'test/acc_unbiased': 90.028, 'test/diff': 8.529, 'test/acc_skew': 85.763, 'test/acc_align': 94.292}
[7 / 10] best valid accuracy: 91.820 at epoch 7 
 best_stats: {'best_valid_epoch': 7, 'best_valid_valid/acc': 95.126, 'best_valid_valid/acc_unbiased': 91.82, 'best_valid_valid/diff': 5.194, 'best_valid_valid/acc_skew': 89.727, 'best_valid_valid/acc_align': 93.914, 'best_valid_test/acc': 93.703, 'best_valid_test/acc_unbiased': 90.028, 'best_valid_test/diff': 8.529, 'best_valid_test/acc_skew': 85.763, 'best_valid_test/acc_align': 94.292}
[7 / 10] best test accuracy: 91.267 at epoch 2 
 best_stats: {'best_test_epoch': 2, 'best_test_valid/acc': 93.252, 'best_test_valid/acc_unbiased': 91.794, 'best_test_valid/diff': 4.217, 'best_test_valid/acc_skew': 89.685, 'best_test_valid/acc_align': 93.903, 'best_test_test/acc': 90.482, 'best_test_test/acc_unbiased': 91.267, 'best_test_test/diff': 5.77, 'best_test_test/acc_skew': 88.382, 'best_test_test/acc_align': 94.151}
[8 / 10] Learning rate: 1e-05 weight: 0.01
[8 / 10] Loss: 4.603563548004727 CE Loss: 0.1339385682268603 Con Loss: 4.602224161780032
[8 / 10] tensor([[0.917, 0.977],
        [0.904, 0.780]]) {'epoch': 8, 'valid/acc': 95.008, 'valid/acc_unbiased': 90.985, 'valid/diff': 6.172, 'valid/acc_skew': 88.428, 'valid/acc_align': 93.542, 'test/acc': 93.849, 'test/acc_unbiased': 89.427, 'test/diff': 9.163, 'test/acc_skew': 84.846, 'test/acc_align': 94.009}
[8 / 10] best valid accuracy: 91.820 at epoch 7 
 best_stats: {'best_valid_epoch': 7, 'best_valid_valid/acc': 95.126, 'best_valid_valid/acc_unbiased': 91.82, 'best_valid_valid/diff': 5.194, 'best_valid_valid/acc_skew': 89.727, 'best_valid_valid/acc_align': 93.914, 'best_valid_test/acc': 93.703, 'best_valid_test/acc_unbiased': 90.028, 'best_valid_test/diff': 8.529, 'best_valid_test/acc_skew': 85.763, 'best_valid_test/acc_align': 94.292}
[8 / 10] best test accuracy: 91.267 at epoch 2 
 best_stats: {'best_test_epoch': 2, 'best_test_valid/acc': 93.252, 'best_test_valid/acc_unbiased': 91.794, 'best_test_valid/diff': 4.217, 'best_test_valid/acc_skew': 89.685, 'best_test_valid/acc_align': 93.903, 'best_test_test/acc': 90.482, 'best_test_test/acc_unbiased': 91.267, 'best_test_test/diff': 5.77, 'best_test_test/acc_skew': 88.382, 'best_test_test/acc_align': 94.151}
[9 / 10] Learning rate: 1e-05 weight: 0.01
[9 / 10] Loss: 4.597982622457467 CE Loss: 0.1336764853694855 Con Loss: 4.596645849263537
[9 / 10] tensor([[0.919, 0.978],
        [0.904, 0.753]]) {'epoch': 9, 'valid/acc': 95.265, 'valid/acc_unbiased': 91.376, 'valid/diff': 5.75, 'valid/acc_skew': 88.834, 'valid/acc_align': 93.919, 'test/acc': 93.975, 'test/acc_unbiased': 88.829, 'test/diff': 10.48, 'test/acc_skew': 83.589, 'test/acc_align': 94.069}
[9 / 10] best valid accuracy: 91.820 at epoch 7 
 best_stats: {'best_valid_epoch': 7, 'best_valid_valid/acc': 95.126, 'best_valid_valid/acc_unbiased': 91.82, 'best_valid_valid/diff': 5.194, 'best_valid_valid/acc_skew': 89.727, 'best_valid_valid/acc_align': 93.914, 'best_valid_test/acc': 93.703, 'best_valid_test/acc_unbiased': 90.028, 'best_valid_test/diff': 8.529, 'best_valid_test/acc_skew': 85.763, 'best_valid_test/acc_align': 94.292}
[9 / 10] best test accuracy: 91.267 at epoch 2 
 best_stats: {'best_test_epoch': 2, 'best_test_valid/acc': 93.252, 'best_test_valid/acc_unbiased': 91.794, 'best_test_valid/diff': 4.217, 'best_test_valid/acc_skew': 89.685, 'best_test_valid/acc_align': 93.903, 'best_test_test/acc': 90.482, 'best_test_test/acc_unbiased': 91.267, 'best_test_test/diff': 5.77, 'best_test_test/acc_skew': 88.382, 'best_test_test/acc_align': 94.151}
[10 / 10] Learning rate: 1e-05 weight: 0.01
[10 / 10] Loss: 4.59388536533522 CE Loss: 0.13206955272802753 Con Loss: 4.592564665966595
[10 / 10] tensor([[0.917, 0.977],
        [0.906, 0.802]]) {'epoch': 10, 'valid/acc': 95.04, 'valid/acc_unbiased': 90.996, 'valid/diff': 6.268, 'valid/acc_skew': 88.298, 'valid/acc_align': 93.693, 'test/acc': 93.904, 'test/acc_unbiased': 90.038, 'test/diff': 8.198, 'test/acc_skew': 85.939, 'test/acc_align': 94.137}
[10 / 10] best valid accuracy: 91.820 at epoch 7 
 best_stats: {'best_valid_epoch': 7, 'best_valid_valid/acc': 95.126, 'best_valid_valid/acc_unbiased': 91.82, 'best_valid_valid/diff': 5.194, 'best_valid_valid/acc_skew': 89.727, 'best_valid_valid/acc_align': 93.914, 'best_valid_test/acc': 93.703, 'best_valid_test/acc_unbiased': 90.028, 'best_valid_test/diff': 8.529, 'best_valid_test/acc_skew': 85.763, 'best_valid_test/acc_align': 94.292}
[10 / 10] best test accuracy: 91.267 at epoch 2 
 best_stats: {'best_test_epoch': 2, 'best_test_valid/acc': 93.252, 'best_test_valid/acc_unbiased': 91.794, 'best_test_valid/diff': 4.217, 'best_test_valid/acc_skew': 89.685, 'best_test_valid/acc_align': 93.903, 'best_test_test/acc': 90.482, 'best_test_test/acc_unbiased': 91.267, 'best_test_test/diff': 5.77, 'best_test_test/acc_skew': 88.382, 'best_test_test/acc_align': 94.151}
Total training time: 1:24:54
