Log level set to: INFO
Set seed: 1
=======> Using Fixed Random Seed: 1 <========
save_path: exp_results/bc-bb0-utk_face_age-uw-0.997-lr0.001-bs128-cbs64-w0.01-ratio10-aug1-seed1
get_utk_face - split: train, aug: False, given_y: True, ratio: 0
use existing biased_utk_face from data/utk_face/pickles/biased_utk_face-target_gender-bias_age-0.997
Distribution Before Sampling: 
===================================
Binary Labels Distribution: 
Binary Target 0
---------------------------
Target 0: [8237, 4]
Target 1: [24, 1477]
Binary Target 1
---------------------------
Target 0: [8237, 4]
Target 1: [24, 1477]
===================================
Normal Label Distribution: 
Target 0: [8237, 4]
Target 1: [24, 1477]
===================================
Distribution After Sampling: 
===================================
Binary Labels Distribution: 
Binary Target 0
---------------------------
Target 0: [8237, 4]
Target 1: [24, 1477]
Binary Target 1
---------------------------
Target 0: [8237, 4]
Target 1: [24, 1477]
===================================
Normal Label Distribution: 
Target 0: [8237, 4]
Target 1: [24, 1477]
===================================
Use BiasedUTKFace - target_attr: gender
BiasedUTKFace -- total: 9742, target_attr: gender, bias_attr: age bias_rate: 0.997
['[train] target_0-bias_0: 8237', '[train] target_0-bias_1: 4', '[train] target_1-bias_0: 24', '[train] target_1-bias_1: 1477']
confusion_matrix - 
 original: tensor([[8.237e+03, 2.400e+01],
        [4.000e+00, 1.477e+03]]), 
 normalized: tensor([[0.997, 0.003],
        [0.003, 0.997]]), 
 b|y: tensor([[9.995e-01, 4.854e-04],
        [1.599e-02, 9.840e-01]])
get_utk_face - split: train, aug: 1, given_y: True, ratio: 10
use existing biased_utk_face from data/utk_face/pickles/biased_utk_face-target_gender-bias_age-0.997
Distribution Before Sampling: 
===================================
Binary Labels Distribution: 
Binary Target 0
---------------------------
Target 0: [8237, 4]
Target 1: [24, 1477]
Binary Target 1
---------------------------
Target 0: [8237, 4]
Target 1: [24, 1477]
===================================
Normal Label Distribution: 
Target 0: [8237, 4]
Target 1: [24, 1477]
===================================
Distribution After Sampling: 
===================================
Binary Labels Distribution: 
Binary Target 0
---------------------------
Target 0: [8237, 4]
Target 1: [24, 1477]
Binary Target 1
---------------------------
Target 0: [8237, 4]
Target 1: [24, 1477]
===================================
Normal Label Distribution: 
Target 0: [8237, 4]
Target 1: [24, 1477]
===================================
Use BiasedUTKFace - target_attr: gender
BiasedUTKFace -- total: 9742, target_attr: gender, bias_attr: age bias_rate: 0.997
['[train] target_0-bias_0: 8237', '[train] target_0-bias_1: 4', '[train] target_1-bias_0: 24', '[train] target_1-bias_1: 1477']
get_utk_face - split: valid, aug: False, given_y: True, ratio: 0
use existing biased_utk_face from data/utk_face/pickles/biased_utk_face-target_gender-bias_age-0.997
Distribution Before Sampling: 
===================================
Binary Labels Distribution: 
Binary Target 0
---------------------------
Target 0: [1030, 195]
Target 1: [841, 202]
Binary Target 1
---------------------------
Target 0: [1030, 195]
Target 1: [841, 202]
===================================
Normal Label Distribution: 
Target 0: [1030, 195]
Target 1: [841, 202]
===================================
Use BiasedUTKFace - target_attr: gender
BiasedUTKFace -- total: 2268, target_attr: gender, bias_attr: age bias_rate: 0.997
['[valid] target_0-bias_0: 1030', '[valid] target_0-bias_1: 195', '[valid] target_1-bias_0: 841', '[valid] target_1-bias_1: 202']
get_utk_face - split: test, aug: False, given_y: True, ratio: 0
use existing biased_utk_face from data/utk_face/pickles/biased_utk_face-target_gender-bias_age-0.997
Distribution Before Sampling: 
===================================
Binary Labels Distribution: 
Binary Target 0
---------------------------
Target 0: [1061, 176]
Target 1: [867, 165]
Binary Target 1
---------------------------
Target 0: [1061, 176]
Target 1: [867, 165]
===================================
Normal Label Distribution: 
Target 0: [1061, 176]
Target 1: [867, 165]
===================================
Use BiasedUTKFace - target_attr: gender
BiasedUTKFace -- total: 2269, target_attr: gender, bias_attr: age bias_rate: 0.997
['[test] target_0-bias_0: 1061', '[test] target_0-bias_1: 176', '[test] target_1-bias_0: 867', '[test] target_1-bias_1: 165']
decay_epochs: [6, 13]
[1 / 20] Learning rate: 0.001 weight: 0.01
[1 / 20] Loss: 1.6840531648748698 CE Loss: 3.02723025438649 Con Loss: 1.6537808629918749
[1 / 20] tensor([[0.868, 0.926],
        [0.055, 0.048]]) {'epoch': 1, 'valid/acc': 48.942, 'valid/acc_unbiased': 46.407, 'valid/diff': 3.901, 'valid/acc_skew': 48.357, 'valid/acc_align': 44.456, 'test/acc': 50.242, 'test/acc_unbiased': 47.451, 'test/diff': 3.248, 'test/acc_skew': 49.075, 'test/acc_align': 45.827}
[1 / 20] best valid accuracy: 46.407 at epoch 1 
 best_stats: {'best_valid_epoch': 1, 'best_valid_valid/acc': 48.942, 'best_valid_valid/acc_unbiased': 46.407, 'best_valid_valid/diff': 3.901, 'best_valid_valid/acc_skew': 48.357, 'best_valid_valid/acc_align': 44.456, 'best_valid_test/acc': 50.242, 'best_valid_test/acc_unbiased': 47.451, 'best_valid_test/diff': 3.248, 'best_valid_test/acc_skew': 49.075, 'best_valid_test/acc_align': 45.827}
[1 / 20] best test accuracy: 47.451 at epoch 1 
 best_stats: {'best_test_epoch': 1, 'best_test_valid/acc': 48.942, 'best_test_valid/acc_unbiased': 46.407, 'best_test_valid/diff': 3.901, 'best_test_valid/acc_skew': 48.357, 'best_test_valid/acc_align': 44.456, 'best_test_test/acc': 50.242, 'best_test_test/acc_unbiased': 47.451, 'best_test_test/diff': 3.248, 'best_test_test/acc_skew': 49.075, 'best_test_test/acc_align': 45.827}
[2 / 20] Learning rate: 0.001 weight: 0.01
[2 / 20] Loss: 1.6472998370480132 CE Loss: 2.9036779946136515 Con Loss: 1.6182630622541114
[2 / 20] tensor([[0.867, 0.705],
        [0.146, 0.267]]) {'epoch': 2, 'valid/acc': 53.527, 'valid/acc_unbiased': 50.591, 'valid/diff': 14.443, 'valid/acc_skew': 43.37, 'valid/acc_align': 57.813, 'test/acc': 53.548, 'test/acc_unbiased': 49.62, 'test/diff': 14.137, 'test/acc_skew': 42.551, 'test/acc_align': 56.689}
[2 / 20] best valid accuracy: 50.591 at epoch 2 
 best_stats: {'best_valid_epoch': 2, 'best_valid_valid/acc': 53.527, 'best_valid_valid/acc_unbiased': 50.591, 'best_valid_valid/diff': 14.443, 'best_valid_valid/acc_skew': 43.37, 'best_valid_valid/acc_align': 57.813, 'best_valid_test/acc': 53.548, 'best_valid_test/acc_unbiased': 49.62, 'best_valid_test/diff': 14.137, 'best_valid_test/acc_skew': 42.551, 'best_valid_test/acc_align': 56.689}
[2 / 20] best test accuracy: 49.620 at epoch 2 
 best_stats: {'best_test_epoch': 2, 'best_test_valid/acc': 53.527, 'best_test_valid/acc_unbiased': 50.591, 'best_test_valid/diff': 14.443, 'best_test_valid/acc_skew': 43.37, 'best_test_valid/acc_align': 57.813, 'best_test_test/acc': 53.548, 'best_test_test/acc_unbiased': 49.62, 'best_test_test/diff': 14.137, 'best_test_test/acc_skew': 42.551, 'best_test_test/acc_align': 56.689}
[3 / 20] Learning rate: 0.001 weight: 0.01
[3 / 20] Loss: 1.288077245684185 CE Loss: 3.036311168050012 Con Loss: 1.2577141328431625
[3 / 20] tensor([[0.458, 0.233],
        [0.817, 0.879]]) {'epoch': 3, 'valid/acc': 60.802, 'valid/acc_unbiased': 57.351, 'valid/diff': 15.933, 'valid/acc_skew': 49.384, 'valid/acc_align': 65.317, 'test/acc': 60.82, 'test/acc_unbiased': 59.66, 'test/diff': 14.364, 'test/acc_skew': 52.478, 'test/acc_align': 66.842}
[3 / 20] best valid accuracy: 57.351 at epoch 3 
 best_stats: {'best_valid_epoch': 3, 'best_valid_valid/acc': 60.802, 'best_valid_valid/acc_unbiased': 57.351, 'best_valid_valid/diff': 15.933, 'best_valid_valid/acc_skew': 49.384, 'best_valid_valid/acc_align': 65.317, 'best_valid_test/acc': 60.82, 'best_valid_test/acc_unbiased': 59.66, 'best_valid_test/diff': 14.364, 'best_valid_test/acc_skew': 52.478, 'best_valid_test/acc_align': 66.842}
[3 / 20] best test accuracy: 59.660 at epoch 3 
 best_stats: {'best_test_epoch': 3, 'best_test_valid/acc': 60.802, 'best_test_valid/acc_unbiased': 57.351, 'best_test_valid/diff': 15.933, 'best_test_valid/acc_skew': 49.384, 'best_test_valid/acc_align': 65.317, 'best_test_test/acc': 60.82, 'best_test_test/acc_unbiased': 59.66, 'best_test_test/diff': 14.364, 'best_test_test/acc_skew': 52.478, 'best_test_test/acc_align': 66.842}
[4 / 20] Learning rate: 0.001 weight: 0.01
[4 / 20] Loss: 1.0961553864203986 CE Loss: 3.1204158861371334 Con Loss: 1.064951232854553
[4 / 20] tensor([[0.237, 0.057],
        [0.969, 0.976]]) {'epoch': 4, 'valid/acc': 56.217, 'valid/acc_unbiased': 56.472, 'valid/diff': 11.309, 'valid/acc_skew': 50.818, 'valid/acc_align': 62.126, 'test/acc': 55.619, 'test/acc_unbiased': 55.95, 'test/diff': 9.333, 'test/acc_skew': 51.284, 'test/acc_align': 60.616}
[4 / 20] best valid accuracy: 57.351 at epoch 3 
 best_stats: {'best_valid_epoch': 3, 'best_valid_valid/acc': 60.802, 'best_valid_valid/acc_unbiased': 57.351, 'best_valid_valid/diff': 15.933, 'best_valid_valid/acc_skew': 49.384, 'best_valid_valid/acc_align': 65.317, 'best_valid_test/acc': 60.82, 'best_valid_test/acc_unbiased': 59.66, 'best_valid_test/diff': 14.364, 'best_valid_test/acc_skew': 52.478, 'best_valid_test/acc_align': 66.842}
[4 / 20] best test accuracy: 59.660 at epoch 3 
 best_stats: {'best_test_epoch': 3, 'best_test_valid/acc': 60.802, 'best_test_valid/acc_unbiased': 57.351, 'best_test_valid/diff': 15.933, 'best_test_valid/acc_skew': 49.384, 'best_test_valid/acc_align': 65.317, 'best_test_test/acc': 60.82, 'best_test_test/acc_unbiased': 59.66, 'best_test_test/diff': 14.364, 'best_test_test/acc_skew': 52.478, 'best_test_test/acc_align': 66.842}
[5 / 20] Learning rate: 0.001 weight: 0.01
[5 / 20] Loss: 1.647814957813129 CE Loss: 2.8984503836583806 Con Loss: 1.6188304568188705
[5 / 20] tensor([[0.998, 1.000],
        [0.003, 0.000]]) {'epoch': 5, 'valid/acc': 54.233, 'valid/acc_unbiased': 50.061, 'valid/diff': 0.635, 'valid/acc_skew': 50.219, 'valid/acc_align': 49.903, 'test/acc': 54.561, 'test/acc_unbiased': 50.039, 'test/diff': 0.267, 'test/acc_skew': 50.173, 'test/acc_align': 49.906}
[5 / 20] best valid accuracy: 57.351 at epoch 3 
 best_stats: {'best_valid_epoch': 3, 'best_valid_valid/acc': 60.802, 'best_valid_valid/acc_unbiased': 57.351, 'best_valid_valid/diff': 15.933, 'best_valid_valid/acc_skew': 49.384, 'best_valid_valid/acc_align': 65.317, 'best_valid_test/acc': 60.82, 'best_valid_test/acc_unbiased': 59.66, 'best_valid_test/diff': 14.364, 'best_valid_test/acc_skew': 52.478, 'best_valid_test/acc_align': 66.842}
[5 / 20] best test accuracy: 59.660 at epoch 3 
 best_stats: {'best_test_epoch': 3, 'best_test_valid/acc': 60.802, 'best_test_valid/acc_unbiased': 57.351, 'best_test_valid/diff': 15.933, 'best_test_valid/acc_skew': 49.384, 'best_test_valid/acc_align': 65.317, 'best_test_test/acc': 60.82, 'best_test_test/acc_unbiased': 59.66, 'best_test_test/diff': 14.364, 'best_test_test/acc_skew': 52.478, 'best_test_test/acc_align': 66.842}
[6 / 20] Learning rate: 0.001 weight: 0.01
[6 / 20] Loss: 1.5979936256518332 CE Loss: 3.0672387890295925 Con Loss: 1.5673212445117541
[6 / 20] tensor([[0.161, 0.051],
        [0.977, 0.976]]) {'epoch': 6, 'valid/acc': 52.425, 'valid/acc_unbiased': 53.956, 'valid/diff': 6.031, 'valid/acc_skew': 50.94, 'valid/acc_align': 56.971, 'test/acc': 52.358, 'test/acc_unbiased': 54.125, 'test/diff': 5.56, 'test/acc_skew': 51.403, 'test/acc_align': 56.846}
[6 / 20] best valid accuracy: 57.351 at epoch 3 
 best_stats: {'best_valid_epoch': 3, 'best_valid_valid/acc': 60.802, 'best_valid_valid/acc_unbiased': 57.351, 'best_valid_valid/diff': 15.933, 'best_valid_valid/acc_skew': 49.384, 'best_valid_valid/acc_align': 65.317, 'best_valid_test/acc': 60.82, 'best_valid_test/acc_unbiased': 59.66, 'best_valid_test/diff': 14.364, 'best_valid_test/acc_skew': 52.478, 'best_valid_test/acc_align': 66.842}
[6 / 20] best test accuracy: 59.660 at epoch 3 
 best_stats: {'best_test_epoch': 3, 'best_test_valid/acc': 60.802, 'best_test_valid/acc_unbiased': 57.351, 'best_test_valid/diff': 15.933, 'best_test_valid/acc_skew': 49.384, 'best_test_valid/acc_align': 65.317, 'best_test_test/acc': 60.82, 'best_test_test/acc_unbiased': 59.66, 'best_test_test/diff': 14.364, 'best_test_test/acc_skew': 52.478, 'best_test_test/acc_align': 66.842}
[7 / 20] Learning rate: 0.0001 weight: 0.01
[7 / 20] Loss: 1.5555319362072406 CE Loss: 2.9677771361450276 Con Loss: 1.525854159492997
[7 / 20] tensor([[0.692, 0.716],
        [0.332, 0.261]]) {'epoch': 7, 'valid/acc': 51.72, 'valid/acc_unbiased': 49.847, 'valid/diff': 8.864, 'valid/acc_skew': 54.28, 'valid/acc_align': 45.415, 'test/acc': 52.49, 'test/acc_unbiased': 50.012, 'test/diff': 4.784, 'test/acc_skew': 52.404, 'test/acc_align': 47.62}
[7 / 20] best valid accuracy: 57.351 at epoch 3 
 best_stats: {'best_valid_epoch': 3, 'best_valid_valid/acc': 60.802, 'best_valid_valid/acc_unbiased': 57.351, 'best_valid_valid/diff': 15.933, 'best_valid_valid/acc_skew': 49.384, 'best_valid_valid/acc_align': 65.317, 'best_valid_test/acc': 60.82, 'best_valid_test/acc_unbiased': 59.66, 'best_valid_test/diff': 14.364, 'best_valid_test/acc_skew': 52.478, 'best_valid_test/acc_align': 66.842}
[7 / 20] best test accuracy: 59.660 at epoch 3 
 best_stats: {'best_test_epoch': 3, 'best_test_valid/acc': 60.802, 'best_test_valid/acc_unbiased': 57.351, 'best_test_valid/diff': 15.933, 'best_test_valid/acc_skew': 49.384, 'best_test_valid/acc_align': 65.317, 'best_test_test/acc': 60.82, 'best_test_test/acc_unbiased': 59.66, 'best_test_test/diff': 14.364, 'best_test_test/acc_skew': 52.478, 'best_test_test/acc_align': 66.842}
[8 / 20] Learning rate: 0.0001 weight: 0.01
[8 / 20] Loss: 1.4828362289553818 CE Loss: 2.8016325159989157 Con Loss: 1.454819908954113
[8 / 20] tensor([[0.549, 0.318],
        [0.773, 0.782]]) {'epoch': 8, 'valid/acc': 64.109, 'valid/acc_unbiased': 62.525, 'valid/diff': 15.253, 'valid/acc_skew': 54.899, 'valid/acc_align': 70.152, 'test/acc': 63.376, 'test/acc_unbiased': 60.557, 'test/diff': 12.017, 'test/acc_skew': 54.548, 'test/acc_align': 66.565}
[8 / 20] best valid accuracy: 62.525 at epoch 8 
 best_stats: {'best_valid_epoch': 8, 'best_valid_valid/acc': 64.109, 'best_valid_valid/acc_unbiased': 62.525, 'best_valid_valid/diff': 15.253, 'best_valid_valid/acc_skew': 54.899, 'best_valid_valid/acc_align': 70.152, 'best_valid_test/acc': 63.376, 'best_valid_test/acc_unbiased': 60.557, 'best_valid_test/diff': 12.017, 'best_valid_test/acc_skew': 54.548, 'best_valid_test/acc_align': 66.565}
[8 / 20] best test accuracy: 60.557 at epoch 8 
 best_stats: {'best_test_epoch': 8, 'best_test_valid/acc': 64.109, 'best_test_valid/acc_unbiased': 62.525, 'best_test_valid/diff': 15.253, 'best_test_valid/acc_skew': 54.899, 'best_test_valid/acc_align': 70.152, 'best_test_test/acc': 63.376, 'best_test_test/acc_unbiased': 60.557, 'best_test_test/diff': 12.017, 'best_test_test/acc_skew': 54.548, 'best_test_test/acc_align': 66.565}
[9 / 20] Learning rate: 0.0001 weight: 0.01
[9 / 20] Loss: 1.5664491392190245 CE Loss: 2.780534456212328 Con Loss: 1.5386437953705416
[9 / 20] tensor([[0.596, 0.324],
        [0.630, 0.630]]) {'epoch': 9, 'valid/acc': 60.009, 'valid/acc_unbiased': 58.881, 'valid/diff': 11.272, 'valid/acc_skew': 53.246, 'valid/acc_align': 64.517, 'test/acc': 59.013, 'test/acc_unbiased': 54.49, 'test/diff': 13.617, 'test/acc_skew': 47.681, 'test/acc_align': 61.298}
[9 / 20] best valid accuracy: 62.525 at epoch 8 
 best_stats: {'best_valid_epoch': 8, 'best_valid_valid/acc': 64.109, 'best_valid_valid/acc_unbiased': 62.525, 'best_valid_valid/diff': 15.253, 'best_valid_valid/acc_skew': 54.899, 'best_valid_valid/acc_align': 70.152, 'best_valid_test/acc': 63.376, 'best_valid_test/acc_unbiased': 60.557, 'best_valid_test/diff': 12.017, 'best_valid_test/acc_skew': 54.548, 'best_valid_test/acc_align': 66.565}
[9 / 20] best test accuracy: 60.557 at epoch 8 
 best_stats: {'best_test_epoch': 8, 'best_test_valid/acc': 64.109, 'best_test_valid/acc_unbiased': 62.525, 'best_test_valid/diff': 15.253, 'best_test_valid/acc_skew': 54.899, 'best_test_valid/acc_align': 70.152, 'best_test_test/acc': 63.376, 'best_test_test/acc_unbiased': 60.557, 'best_test_test/diff': 12.017, 'best_test_test/acc_skew': 54.548, 'best_test_test/acc_align': 66.565}
[10 / 20] Learning rate: 0.0001 weight: 0.01
[10 / 20] Loss: 1.4519004911961337 CE Loss: 2.7457129309197468 Con Loss: 1.424443364828623
[10 / 20] tensor([[0.629, 0.261],
        [0.714, 0.830]]) {'epoch': 10, 'valid/acc': 64.594, 'valid/acc_unbiased': 62.206, 'valid/diff': 21.31, 'valid/acc_skew': 51.551, 'valid/acc_align': 72.861, 'test/acc': 64.742, 'test/acc_unbiased': 60.857, 'test/diff': 24.182, 'test/acc_skew': 48.766, 'test/acc_align': 72.948}
[10 / 20] best valid accuracy: 62.525 at epoch 8 
 best_stats: {'best_valid_epoch': 8, 'best_valid_valid/acc': 64.109, 'best_valid_valid/acc_unbiased': 62.525, 'best_valid_valid/diff': 15.253, 'best_valid_valid/acc_skew': 54.899, 'best_valid_valid/acc_align': 70.152, 'best_valid_test/acc': 63.376, 'best_valid_test/acc_unbiased': 60.557, 'best_valid_test/diff': 12.017, 'best_valid_test/acc_skew': 54.548, 'best_valid_test/acc_align': 66.565}
[10 / 20] best test accuracy: 60.857 at epoch 10 
 best_stats: {'best_test_epoch': 10, 'best_test_valid/acc': 64.594, 'best_test_valid/acc_unbiased': 62.206, 'best_test_valid/diff': 21.31, 'best_test_valid/acc_skew': 51.551, 'best_test_valid/acc_align': 72.861, 'best_test_test/acc': 64.742, 'best_test_test/acc_unbiased': 60.857, 'best_test_test/diff': 24.182, 'best_test_test/acc_skew': 48.766, 'best_test_test/acc_align': 72.948}
[11 / 20] Learning rate: 0.0001 weight: 0.01
[11 / 20] Loss: 1.6283864657924396 CE Loss: 2.7023138241757114 Con Loss: 1.6013633303269301
[11 / 20] tensor([[0.712, 0.443],
        [0.488, 0.570]]) {'epoch': 11, 'valid/acc': 59.215, 'valid/acc_unbiased': 56.427, 'valid/diff': 8.243, 'valid/acc_skew': 52.306, 'valid/acc_align': 60.548, 'test/acc': 59.498, 'test/acc_unbiased': 55.309, 'test/diff': 17.511, 'test/acc_skew': 46.554, 'test/acc_align': 64.064}
[11 / 20] best valid accuracy: 62.525 at epoch 8 
 best_stats: {'best_valid_epoch': 8, 'best_valid_valid/acc': 64.109, 'best_valid_valid/acc_unbiased': 62.525, 'best_valid_valid/diff': 15.253, 'best_valid_valid/acc_skew': 54.899, 'best_valid_valid/acc_align': 70.152, 'best_valid_test/acc': 63.376, 'best_valid_test/acc_unbiased': 60.557, 'best_valid_test/diff': 12.017, 'best_valid_test/acc_skew': 54.548, 'best_valid_test/acc_align': 66.565}
[11 / 20] best test accuracy: 60.857 at epoch 10 
 best_stats: {'best_test_epoch': 10, 'best_test_valid/acc': 64.594, 'best_test_valid/acc_unbiased': 62.206, 'best_test_valid/diff': 21.31, 'best_test_valid/acc_skew': 51.551, 'best_test_valid/acc_align': 72.861, 'best_test_test/acc': 64.742, 'best_test_test/acc_unbiased': 60.857, 'best_test_test/diff': 24.182, 'best_test_test/acc_skew': 48.766, 'best_test_test/acc_align': 72.948}
[12 / 20] Learning rate: 0.0001 weight: 0.01
[12 / 20] Loss: 1.3638324500525225 CE Loss: 2.5464793534475634 Con Loss: 1.3383676647234444
[12 / 20] tensor([[0.805, 0.614],
        [0.363, 0.442]]) {'epoch': 12, 'valid/acc': 57.716, 'valid/acc_unbiased': 54.122, 'valid/diff': 11.39, 'valid/acc_skew': 48.427, 'valid/acc_align': 59.816, 'test/acc': 59.498, 'test/acc_unbiased': 55.607, 'test/diff': 13.518, 'test/acc_skew': 48.848, 'test/acc_align': 62.366}
[12 / 20] best valid accuracy: 62.525 at epoch 8 
 best_stats: {'best_valid_epoch': 8, 'best_valid_valid/acc': 64.109, 'best_valid_valid/acc_unbiased': 62.525, 'best_valid_valid/diff': 15.253, 'best_valid_valid/acc_skew': 54.899, 'best_valid_valid/acc_align': 70.152, 'best_valid_test/acc': 63.376, 'best_valid_test/acc_unbiased': 60.557, 'best_valid_test/diff': 12.017, 'best_valid_test/acc_skew': 54.548, 'best_valid_test/acc_align': 66.565}
[12 / 20] best test accuracy: 60.857 at epoch 10 
 best_stats: {'best_test_epoch': 10, 'best_test_valid/acc': 64.594, 'best_test_valid/acc_unbiased': 62.206, 'best_test_valid/diff': 21.31, 'best_test_valid/acc_skew': 51.551, 'best_test_valid/acc_align': 72.861, 'best_test_test/acc': 64.742, 'best_test_test/acc_unbiased': 60.857, 'best_test_test/diff': 24.182, 'best_test_test/acc_skew': 48.766, 'best_test_test/acc_align': 72.948}
[13 / 20] Learning rate: 0.0001 weight: 0.01
[13 / 20] Loss: 1.4924095347171886 CE Loss: 2.5933058788046606 Con Loss: 1.466476477237483
[13 / 20] tensor([[0.842, 0.688],
        [0.370, 0.352]]) {'epoch': 13, 'valid/acc': 60.141, 'valid/acc_unbiased': 56.357, 'valid/diff': 5.752, 'valid/acc_skew': 53.93, 'valid/acc_align': 58.783, 'test/acc': 61.393, 'test/acc_unbiased': 56.273, 'test/diff': 8.644, 'test/acc_skew': 52.887, 'test/acc_align': 59.659}
[13 / 20] best valid accuracy: 62.525 at epoch 8 
 best_stats: {'best_valid_epoch': 8, 'best_valid_valid/acc': 64.109, 'best_valid_valid/acc_unbiased': 62.525, 'best_valid_valid/diff': 15.253, 'best_valid_valid/acc_skew': 54.899, 'best_valid_valid/acc_align': 70.152, 'best_valid_test/acc': 63.376, 'best_valid_test/acc_unbiased': 60.557, 'best_valid_test/diff': 12.017, 'best_valid_test/acc_skew': 54.548, 'best_valid_test/acc_align': 66.565}
[13 / 20] best test accuracy: 60.857 at epoch 10 
 best_stats: {'best_test_epoch': 10, 'best_test_valid/acc': 64.594, 'best_test_valid/acc_unbiased': 62.206, 'best_test_valid/diff': 21.31, 'best_test_valid/acc_skew': 51.551, 'best_test_valid/acc_align': 72.861, 'best_test_test/acc': 64.742, 'best_test_test/acc_unbiased': 60.857, 'best_test_test/diff': 24.182, 'best_test_test/acc_skew': 48.766, 'best_test_test/acc_align': 72.948}
[14 / 20] Learning rate: 1e-05 weight: 0.01
[14 / 20] Loss: 1.345048014619859 CE Loss: 2.2184059135944687 Con Loss: 1.3228639537696842
[14 / 20] tensor([[0.805, 0.557],
        [0.484, 0.539]]) {'epoch': 14, 'valid/acc': 63.095, 'valid/acc_unbiased': 58.918, 'valid/diff': 14.57, 'valid/acc_skew': 51.633, 'valid/acc_align': 66.203, 'test/acc': 64.39, 'test/acc_unbiased': 59.639, 'test/diff': 15.152, 'test/acc_skew': 52.062, 'test/acc_align': 67.215}
[14 / 20] best valid accuracy: 62.525 at epoch 8 
 best_stats: {'best_valid_epoch': 8, 'best_valid_valid/acc': 64.109, 'best_valid_valid/acc_unbiased': 62.525, 'best_valid_valid/diff': 15.253, 'best_valid_valid/acc_skew': 54.899, 'best_valid_valid/acc_align': 70.152, 'best_valid_test/acc': 63.376, 'best_valid_test/acc_unbiased': 60.557, 'best_valid_test/diff': 12.017, 'best_valid_test/acc_skew': 54.548, 'best_valid_test/acc_align': 66.565}
[14 / 20] best test accuracy: 60.857 at epoch 10 
 best_stats: {'best_test_epoch': 10, 'best_test_valid/acc': 64.594, 'best_test_valid/acc_unbiased': 62.206, 'best_test_valid/diff': 21.31, 'best_test_valid/acc_skew': 51.551, 'best_test_valid/acc_align': 72.861, 'best_test_test/acc': 64.742, 'best_test_test/acc_unbiased': 60.857, 'best_test_test/diff': 24.182, 'best_test_test/acc_skew': 48.766, 'best_test_test/acc_align': 72.948}
[15 / 20] Learning rate: 1e-05 weight: 0.01
[15 / 20] Loss: 1.1586394711236792 CE Loss: 2.2752443999878023 Con Loss: 1.1358870240213248
[15 / 20] tensor([[0.778, 0.523],
        [0.525, 0.624]]) {'epoch': 15, 'valid/acc': 62.698, 'valid/acc_unbiased': 58.473, 'valid/diff': 16.704, 'valid/acc_skew': 50.121, 'valid/acc_align': 66.824, 'test/acc': 65.007, 'test/acc_unbiased': 61.233, 'test/diff': 17.714, 'test/acc_skew': 52.376, 'test/acc_align': 70.091}
[15 / 20] best valid accuracy: 62.525 at epoch 8 
 best_stats: {'best_valid_epoch': 8, 'best_valid_valid/acc': 64.109, 'best_valid_valid/acc_unbiased': 62.525, 'best_valid_valid/diff': 15.253, 'best_valid_valid/acc_skew': 54.899, 'best_valid_valid/acc_align': 70.152, 'best_valid_test/acc': 63.376, 'best_valid_test/acc_unbiased': 60.557, 'best_valid_test/diff': 12.017, 'best_valid_test/acc_skew': 54.548, 'best_valid_test/acc_align': 66.565}
[15 / 20] best test accuracy: 61.233 at epoch 15 
 best_stats: {'best_test_epoch': 15, 'best_test_valid/acc': 62.698, 'best_test_valid/acc_unbiased': 58.473, 'best_test_valid/diff': 16.704, 'best_test_valid/acc_skew': 50.121, 'best_test_valid/acc_align': 66.824, 'best_test_test/acc': 65.007, 'best_test_test/acc_unbiased': 61.233, 'best_test_test/diff': 17.714, 'best_test_test/acc_skew': 52.376, 'best_test_test/acc_align': 70.091}
[16 / 20] Learning rate: 1e-05 weight: 0.01
[16 / 20] Loss: 1.5119707776058418 CE Loss: 2.3980000445887284 Con Loss: 1.4879907626827698
[16 / 20] tensor([[0.803, 0.580],
        [0.494, 0.588]]) {'epoch': 16, 'valid/acc': 62.302, 'valid/acc_unbiased': 58.395, 'valid/diff': 15.82, 'valid/acc_skew': 50.485, 'valid/acc_align': 66.305, 'test/acc': 65.183, 'test/acc_unbiased': 61.602, 'test/diff': 15.885, 'test/acc_skew': 53.66, 'test/acc_align': 69.545}
[16 / 20] best valid accuracy: 62.525 at epoch 8 
 best_stats: {'best_valid_epoch': 8, 'best_valid_valid/acc': 64.109, 'best_valid_valid/acc_unbiased': 62.525, 'best_valid_valid/diff': 15.253, 'best_valid_valid/acc_skew': 54.899, 'best_valid_valid/acc_align': 70.152, 'best_valid_test/acc': 63.376, 'best_valid_test/acc_unbiased': 60.557, 'best_valid_test/diff': 12.017, 'best_valid_test/acc_skew': 54.548, 'best_valid_test/acc_align': 66.565}
[16 / 20] best test accuracy: 61.602 at epoch 16 
 best_stats: {'best_test_epoch': 16, 'best_test_valid/acc': 62.302, 'best_test_valid/acc_unbiased': 58.395, 'best_test_valid/diff': 15.82, 'best_test_valid/acc_skew': 50.485, 'best_test_valid/acc_align': 66.305, 'best_test_test/acc': 65.183, 'best_test_test/acc_unbiased': 61.602, 'best_test_test/diff': 15.885, 'best_test_test/acc_skew': 53.66, 'best_test_test/acc_align': 69.545}
[17 / 20] Learning rate: 1e-05 weight: 0.01
[17 / 20] Loss: 1.5426353136755508 CE Loss: 2.1891555607722686 Con Loss: 1.5207437584958656
[17 / 20] tensor([[0.784, 0.511],
        [0.528, 0.606]]) {'epoch': 17, 'valid/acc': 63.095, 'valid/acc_unbiased': 59.044, 'valid/diff': 20.492, 'valid/acc_skew': 48.798, 'valid/acc_align': 69.29, 'test/acc': 65.227, 'test/acc_unbiased': 60.746, 'test/diff': 17.53, 'test/acc_skew': 51.981, 'test/acc_align': 69.511}
[17 / 20] best valid accuracy: 62.525 at epoch 8 
 best_stats: {'best_valid_epoch': 8, 'best_valid_valid/acc': 64.109, 'best_valid_valid/acc_unbiased': 62.525, 'best_valid_valid/diff': 15.253, 'best_valid_valid/acc_skew': 54.899, 'best_valid_valid/acc_align': 70.152, 'best_valid_test/acc': 63.376, 'best_valid_test/acc_unbiased': 60.557, 'best_valid_test/diff': 12.017, 'best_valid_test/acc_skew': 54.548, 'best_valid_test/acc_align': 66.565}
[17 / 20] best test accuracy: 61.602 at epoch 16 
 best_stats: {'best_test_epoch': 16, 'best_test_valid/acc': 62.302, 'best_test_valid/acc_unbiased': 58.395, 'best_test_valid/diff': 15.82, 'best_test_valid/acc_skew': 50.485, 'best_test_valid/acc_align': 66.305, 'best_test_test/acc': 65.183, 'best_test_test/acc_unbiased': 61.602, 'best_test_test/diff': 15.885, 'best_test_test/acc_skew': 53.66, 'best_test_test/acc_align': 69.545}
[18 / 20] Learning rate: 1e-05 weight: 0.01
[18 / 20] Loss: 1.1941628031504519 CE Loss: 2.180560050596082 Con Loss: 1.1723572053695894
[18 / 20] tensor([[0.790, 0.517],
        [0.504, 0.594]]) {'epoch': 18, 'valid/acc': 62.743, 'valid/acc_unbiased': 58.3, 'valid/diff': 18.893, 'valid/acc_skew': 48.854, 'valid/acc_align': 67.747, 'test/acc': 64.522, 'test/acc_unbiased': 60.121, 'test/diff': 18.134, 'test/acc_skew': 51.054, 'test/acc_align': 69.188}
[18 / 20] best valid accuracy: 62.525 at epoch 8 
 best_stats: {'best_valid_epoch': 8, 'best_valid_valid/acc': 64.109, 'best_valid_valid/acc_unbiased': 62.525, 'best_valid_valid/diff': 15.253, 'best_valid_valid/acc_skew': 54.899, 'best_valid_valid/acc_align': 70.152, 'best_valid_test/acc': 63.376, 'best_valid_test/acc_unbiased': 60.557, 'best_valid_test/diff': 12.017, 'best_valid_test/acc_skew': 54.548, 'best_valid_test/acc_align': 66.565}
[18 / 20] best test accuracy: 61.602 at epoch 16 
 best_stats: {'best_test_epoch': 16, 'best_test_valid/acc': 62.302, 'best_test_valid/acc_unbiased': 58.395, 'best_test_valid/diff': 15.82, 'best_test_valid/acc_skew': 50.485, 'best_test_valid/acc_align': 66.305, 'best_test_test/acc': 65.183, 'best_test_test/acc_unbiased': 61.602, 'best_test_test/diff': 15.885, 'best_test_test/acc_skew': 53.66, 'best_test_test/acc_align': 69.545}
[19 / 20] Learning rate: 1e-05 weight: 0.01
[19 / 20] Loss: 1.266664662490364 CE Loss: 2.271543535993369 Con Loss: 1.2439492269845696
[19 / 20] tensor([[0.801, 0.545],
        [0.524, 0.624]]) {'epoch': 19, 'valid/acc': 63.889, 'valid/acc_unbiased': 59.789, 'valid/diff': 18.867, 'valid/acc_skew': 50.355, 'valid/acc_align': 69.222, 'test/acc': 66.241, 'test/acc_unbiased': 62.362, 'test/diff': 17.814, 'test/acc_skew': 53.455, 'test/acc_align': 71.269}
[19 / 20] best valid accuracy: 62.525 at epoch 8 
 best_stats: {'best_valid_epoch': 8, 'best_valid_valid/acc': 64.109, 'best_valid_valid/acc_unbiased': 62.525, 'best_valid_valid/diff': 15.253, 'best_valid_valid/acc_skew': 54.899, 'best_valid_valid/acc_align': 70.152, 'best_valid_test/acc': 63.376, 'best_valid_test/acc_unbiased': 60.557, 'best_valid_test/diff': 12.017, 'best_valid_test/acc_skew': 54.548, 'best_valid_test/acc_align': 66.565}
[19 / 20] best test accuracy: 62.362 at epoch 19 
 best_stats: {'best_test_epoch': 19, 'best_test_valid/acc': 63.889, 'best_test_valid/acc_unbiased': 59.789, 'best_test_valid/diff': 18.867, 'best_test_valid/acc_skew': 50.355, 'best_test_valid/acc_align': 69.222, 'best_test_test/acc': 66.241, 'best_test_test/acc_unbiased': 62.362, 'best_test_test/diff': 17.814, 'best_test_test/acc_skew': 53.455, 'best_test_test/acc_align': 71.269}
[20 / 20] Learning rate: 1e-05 weight: 0.01
[20 / 20] Loss: 1.2955393949774037 CE Loss: 2.1209713036312605 Con Loss: 1.2743296825868642
[20 / 20] tensor([[0.779, 0.506],
        [0.526, 0.618]]) {'epoch': 20, 'valid/acc': 63.668, 'valid/acc_unbiased': 59.902, 'valid/diff': 19.563, 'valid/acc_skew': 50.121, 'valid/acc_align': 69.683, 'test/acc': 64.918, 'test/acc_unbiased': 60.708, 'test/diff': 18.253, 'test/acc_skew': 51.582, 'test/acc_align': 69.835}
[20 / 20] best valid accuracy: 62.525 at epoch 8 
 best_stats: {'best_valid_epoch': 8, 'best_valid_valid/acc': 64.109, 'best_valid_valid/acc_unbiased': 62.525, 'best_valid_valid/diff': 15.253, 'best_valid_valid/acc_skew': 54.899, 'best_valid_valid/acc_align': 70.152, 'best_valid_test/acc': 63.376, 'best_valid_test/acc_unbiased': 60.557, 'best_valid_test/diff': 12.017, 'best_valid_test/acc_skew': 54.548, 'best_valid_test/acc_align': 66.565}
[20 / 20] best test accuracy: 62.362 at epoch 19 
 best_stats: {'best_test_epoch': 19, 'best_test_valid/acc': 63.889, 'best_test_valid/acc_unbiased': 59.789, 'best_test_valid/diff': 18.867, 'best_test_valid/acc_skew': 50.355, 'best_test_valid/acc_align': 69.222, 'best_test_test/acc': 66.241, 'best_test_test/acc_unbiased': 62.362, 'best_test_test/diff': 17.814, 'best_test_test/acc_skew': 53.455, 'best_test_test/acc_align': 71.269}
Total training time: 0:57:26
