Log level set to: INFO
Set seed: 3
=======> Using Fixed Random Seed: 3 <========
save_path: exp_results/bc-bb0-utk_face_age-us-0.999-lr0.001-bs2-cbs1-w0.01-ratio10-aug1-seed3
get_utk_face - split: train, aug: False, given_y: True, ratio: 0
use existing biased_utk_face from data/utk_face/pickles/biased_utk_face-target_gender-bias_age-0.999
Distribution Before Sampling: 
===================================
Binary Labels Distribution: 
Binary Target 0
---------------------------
Target 0: [8237, 1]
Target 1: [8, 1477]
Binary Target 1
---------------------------
Target 0: [8237, 1]
Target 1: [8, 1477]
===================================
Normal Label Distribution: 
Target 0: [8237, 1]
Target 1: [8, 1477]
===================================
Distribution After Sampling: 
===================================
Binary Labels Distribution: 
Binary Target 0
---------------------------
Target 0: [1, 1]
Target 1: [1, 1]
Binary Target 1
---------------------------
Target 0: [1, 1]
Target 1: [1, 1]
===================================
Normal Label Distribution: 
Target 0: [1, 1]
Target 1: [1, 1]
===================================
Use BiasedUTKFace - target_attr: gender
BiasedUTKFace -- total: 4, target_attr: gender, bias_attr: age bias_rate: 0.999
['[train] target_0-bias_0: 1', '[train] target_0-bias_1: 1', '[train] target_1-bias_0: 1', '[train] target_1-bias_1: 1']
confusion_matrix - 
 original: tensor([[1., 1.],
        [1., 1.]]), 
 normalized: tensor([[0.500, 0.500],
        [0.500, 0.500]]), 
 b|y: tensor([[0.500, 0.500],
        [0.500, 0.500]])
get_utk_face - split: train, aug: 1, given_y: True, ratio: 10
use existing biased_utk_face from data/utk_face/pickles/biased_utk_face-target_gender-bias_age-0.999
Distribution Before Sampling: 
===================================
Binary Labels Distribution: 
Binary Target 0
---------------------------
Target 0: [8237, 1]
Target 1: [8, 1477]
Binary Target 1
---------------------------
Target 0: [8237, 1]
Target 1: [8, 1477]
===================================
Normal Label Distribution: 
Target 0: [8237, 1]
Target 1: [8, 1477]
===================================
Distribution After Sampling: 
===================================
Binary Labels Distribution: 
Binary Target 0
---------------------------
Target 0: [1, 1]
Target 1: [1, 1]
Binary Target 1
---------------------------
Target 0: [1, 1]
Target 1: [1, 1]
===================================
Normal Label Distribution: 
Target 0: [1, 1]
Target 1: [1, 1]
===================================
Use BiasedUTKFace - target_attr: gender
BiasedUTKFace -- total: 4, target_attr: gender, bias_attr: age bias_rate: 0.999
['[train] target_0-bias_0: 1', '[train] target_0-bias_1: 1', '[train] target_1-bias_0: 1', '[train] target_1-bias_1: 1']
get_utk_face - split: valid, aug: False, given_y: True, ratio: 0
use existing biased_utk_face from data/utk_face/pickles/biased_utk_face-target_gender-bias_age-0.999
Distribution Before Sampling: 
===================================
Binary Labels Distribution: 
Binary Target 0
---------------------------
Target 0: [1030, 195]
Target 1: [841, 202]
Binary Target 1
---------------------------
Target 0: [1030, 195]
Target 1: [841, 202]
===================================
Normal Label Distribution: 
Target 0: [1030, 195]
Target 1: [841, 202]
===================================
Use BiasedUTKFace - target_attr: gender
BiasedUTKFace -- total: 2268, target_attr: gender, bias_attr: age bias_rate: 0.999
['[valid] target_0-bias_0: 1030', '[valid] target_0-bias_1: 195', '[valid] target_1-bias_0: 841', '[valid] target_1-bias_1: 202']
get_utk_face - split: test, aug: False, given_y: True, ratio: 0
use existing biased_utk_face from data/utk_face/pickles/biased_utk_face-target_gender-bias_age-0.999
Distribution Before Sampling: 
===================================
Binary Labels Distribution: 
Binary Target 0
---------------------------
Target 0: [1061, 176]
Target 1: [867, 165]
Binary Target 1
---------------------------
Target 0: [1061, 176]
Target 1: [867, 165]
===================================
Normal Label Distribution: 
Target 0: [1061, 176]
Target 1: [867, 165]
===================================
Use BiasedUTKFace - target_attr: gender
BiasedUTKFace -- total: 2269, target_attr: gender, bias_attr: age bias_rate: 0.999
['[test] target_0-bias_0: 1061', '[test] target_0-bias_1: 176', '[test] target_1-bias_0: 867', '[test] target_1-bias_1: 165']
decay_epochs: [6, 13]
[1 / 20] Learning rate: 0.001 weight: 0.01
[1 / 20] Loss: 0.011522825341671705 CE Loss: 1.1522825956344604 Con Loss: 0.0
[1 / 20] tensor([[0.466, 0.312],
        [0.454, 0.648]]) {'epoch': 1, 'valid/acc': 46.296, 'valid/acc_unbiased': 47.343, 'valid/diff': 9.011, 'valid/acc_skew': 46.026, 'valid/acc_align': 48.66, 'test/acc': 46.276, 'test/acc_unbiased': 47.026, 'test/diff': 17.357, 'test/acc_skew': 46.002, 'test/acc_align': 48.049}
[1 / 20] best valid accuracy: 47.343 at epoch 1 
 best_stats: {'best_valid_epoch': 1, 'best_valid_valid/acc': 46.296, 'best_valid_valid/acc_unbiased': 47.343, 'best_valid_valid/diff': 9.011, 'best_valid_valid/acc_skew': 46.026, 'best_valid_valid/acc_align': 48.66, 'best_valid_test/acc': 46.276, 'best_valid_test/acc_unbiased': 47.026, 'best_valid_test/diff': 17.357, 'best_valid_test/acc_skew': 46.002, 'best_valid_test/acc_align': 48.049}
[1 / 20] best test accuracy: 47.026 at epoch 1 
 best_stats: {'best_test_epoch': 1, 'best_test_valid/acc': 46.296, 'best_test_valid/acc_unbiased': 47.343, 'best_test_valid/diff': 9.011, 'best_test_valid/acc_skew': 46.026, 'best_test_valid/acc_align': 48.66, 'best_test_test/acc': 46.276, 'best_test_test/acc_unbiased': 47.026, 'best_test_test/diff': 17.357, 'best_test_test/acc_skew': 46.002, 'best_test_test/acc_align': 48.049}
[2 / 20] Learning rate: 0.001 weight: 0.01
[2 / 20] Loss: 0.008729211054742336 CE Loss: 0.8729211390018463 Con Loss: 0.0
[2 / 20] tensor([[0.590, 0.670],
        [0.371, 0.315]]) {'epoch': 2, 'valid/acc': 47.619, 'valid/acc_unbiased': 46.871, 'valid/diff': 9.087, 'valid/acc_skew': 47.095, 'valid/acc_align': 46.646, 'test/acc': 49.273, 'test/acc_unbiased': 48.675, 'test/diff': 6.834, 'test/acc_skew': 48.07, 'test/acc_align': 49.28}
[2 / 20] best valid accuracy: 47.343 at epoch 1 
 best_stats: {'best_valid_epoch': 1, 'best_valid_valid/acc': 46.296, 'best_valid_valid/acc_unbiased': 47.343, 'best_valid_valid/diff': 9.011, 'best_valid_valid/acc_skew': 46.026, 'best_valid_valid/acc_align': 48.66, 'best_valid_test/acc': 46.276, 'best_valid_test/acc_unbiased': 47.026, 'best_valid_test/diff': 17.357, 'best_valid_test/acc_skew': 46.002, 'best_valid_test/acc_align': 48.049}
[2 / 20] best test accuracy: 48.675 at epoch 2 
 best_stats: {'best_test_epoch': 2, 'best_test_valid/acc': 47.619, 'best_test_valid/acc_unbiased': 46.871, 'best_test_valid/diff': 9.087, 'best_test_valid/acc_skew': 47.095, 'best_test_valid/acc_align': 46.646, 'best_test_test/acc': 49.273, 'best_test_test/acc_unbiased': 48.675, 'best_test_test/diff': 6.834, 'best_test_test/acc_skew': 48.07, 'best_test_test/acc_align': 49.28}
[3 / 20] Learning rate: 0.001 weight: 0.01
[3 / 20] Loss: 0.00857385410927236 CE Loss: 0.8573854267597198 Con Loss: 0.0
[3 / 20] tensor([[0.795, 0.898],
        [0.137, 0.109]]) {'epoch': 3, 'valid/acc': 50.529, 'valid/acc_unbiased': 48.533, 'valid/diff': 5.854, 'valid/acc_skew': 47.8, 'valid/acc_align': 49.265, 'test/acc': 50.198, 'test/acc_unbiased': 48.489, 'test/diff': 6.521, 'test/acc_skew': 46.637, 'test/acc_align': 50.341}
[3 / 20] best valid accuracy: 48.533 at epoch 3 
 best_stats: {'best_valid_epoch': 3, 'best_valid_valid/acc': 50.529, 'best_valid_valid/acc_unbiased': 48.533, 'best_valid_valid/diff': 5.854, 'best_valid_valid/acc_skew': 47.8, 'best_valid_valid/acc_align': 49.265, 'best_valid_test/acc': 50.198, 'best_valid_test/acc_unbiased': 48.489, 'best_valid_test/diff': 6.521, 'best_valid_test/acc_skew': 46.637, 'best_valid_test/acc_align': 50.341}
[3 / 20] best test accuracy: 48.675 at epoch 2 
 best_stats: {'best_test_epoch': 2, 'best_test_valid/acc': 47.619, 'best_test_valid/acc_unbiased': 46.871, 'best_test_valid/diff': 9.087, 'best_test_valid/acc_skew': 47.095, 'best_test_valid/acc_align': 46.646, 'best_test_test/acc': 49.273, 'best_test_test/acc_unbiased': 48.675, 'best_test_test/diff': 6.834, 'best_test_test/acc_skew': 48.07, 'best_test_test/acc_align': 49.28}
[4 / 20] Learning rate: 0.001 weight: 0.01
[4 / 20] Loss: 0.028280487284064293 CE Loss: 2.828048825263977 Con Loss: 0.0
[4 / 20] tensor([[0.641, 0.892],
        [0.296, 0.121]]) {'epoch': 4, 'valid/acc': 50.176, 'valid/acc_unbiased': 48.735, 'valid/diff': 17.28, 'valid/acc_skew': 49.019, 'valid/acc_align': 48.451, 'test/acc': 49.097, 'test/acc_unbiased': 48.765, 'test/diff': 21.318, 'test/acc_skew': 46.866, 'test/acc_align': 50.663}
[4 / 20] best valid accuracy: 48.735 at epoch 4 
 best_stats: {'best_valid_epoch': 4, 'best_valid_valid/acc': 50.176, 'best_valid_valid/acc_unbiased': 48.735, 'best_valid_valid/diff': 17.28, 'best_valid_valid/acc_skew': 49.019, 'best_valid_valid/acc_align': 48.451, 'best_valid_test/acc': 49.097, 'best_valid_test/acc_unbiased': 48.765, 'best_valid_test/diff': 21.318, 'best_valid_test/acc_skew': 46.866, 'best_valid_test/acc_align': 50.663}
[4 / 20] best test accuracy: 48.765 at epoch 4 
 best_stats: {'best_test_epoch': 4, 'best_test_valid/acc': 50.176, 'best_test_valid/acc_unbiased': 48.735, 'best_test_valid/diff': 17.28, 'best_test_valid/acc_skew': 49.019, 'best_test_valid/acc_align': 48.451, 'best_test_test/acc': 49.097, 'best_test_test/acc_unbiased': 48.765, 'best_test_test/diff': 21.318, 'best_test_test/acc_skew': 46.866, 'best_test_test/acc_align': 50.663}
[5 / 20] Learning rate: 0.001 weight: 0.01
[5 / 20] Loss: 0.01935535459779203 CE Loss: 1.935535579919815 Con Loss: 0.0
[5 / 20] tensor([[0.363, 0.455],
        [0.674, 0.509]]) {'epoch': 5, 'valid/acc': 49.295, 'valid/acc_unbiased': 50.525, 'valid/diff': 13.312, 'valid/acc_skew': 50.727, 'valid/acc_align': 50.322, 'test/acc': 49.934, 'test/acc_unbiased': 50.002, 'test/diff': 12.809, 'test/acc_skew': 51.823, 'test/acc_align': 48.182}
[5 / 20] best valid accuracy: 50.525 at epoch 5 
 best_stats: {'best_valid_epoch': 5, 'best_valid_valid/acc': 49.295, 'best_valid_valid/acc_unbiased': 50.525, 'best_valid_valid/diff': 13.312, 'best_valid_valid/acc_skew': 50.727, 'best_valid_valid/acc_align': 50.322, 'best_valid_test/acc': 49.934, 'best_valid_test/acc_unbiased': 50.002, 'best_valid_test/diff': 12.809, 'best_valid_test/acc_skew': 51.823, 'best_valid_test/acc_align': 48.182}
[5 / 20] best test accuracy: 50.002 at epoch 5 
 best_stats: {'best_test_epoch': 5, 'best_test_valid/acc': 49.295, 'best_test_valid/acc_unbiased': 50.525, 'best_test_valid/diff': 13.312, 'best_test_valid/acc_skew': 50.727, 'best_test_valid/acc_align': 50.322, 'best_test_test/acc': 49.934, 'best_test_test/acc_unbiased': 50.002, 'best_test_test/diff': 12.809, 'best_test_test/acc_skew': 51.823, 'best_test_test/acc_align': 48.182}
[6 / 20] Learning rate: 0.001 weight: 0.01
[6 / 20] Loss: 0.010453556082211435 CE Loss: 1.0453556776046753 Con Loss: 0.0
[6 / 20] tensor([[0.384, 0.614],
        [0.581, 0.418]]) {'epoch': 6, 'valid/acc': 48.898, 'valid/acc_unbiased': 48.625, 'valid/diff': 17.811, 'valid/acc_skew': 49.95, 'valid/acc_align': 47.3, 'test/acc': 47.951, 'test/acc_unbiased': 49.918, 'test/diff': 19.658, 'test/acc_skew': 48.246, 'test/acc_align': 51.591}
[6 / 20] best valid accuracy: 50.525 at epoch 5 
 best_stats: {'best_valid_epoch': 5, 'best_valid_valid/acc': 49.295, 'best_valid_valid/acc_unbiased': 50.525, 'best_valid_valid/diff': 13.312, 'best_valid_valid/acc_skew': 50.727, 'best_valid_valid/acc_align': 50.322, 'best_valid_test/acc': 49.934, 'best_valid_test/acc_unbiased': 50.002, 'best_valid_test/diff': 12.809, 'best_valid_test/acc_skew': 51.823, 'best_valid_test/acc_align': 48.182}
[6 / 20] best test accuracy: 50.002 at epoch 5 
 best_stats: {'best_test_epoch': 5, 'best_test_valid/acc': 49.295, 'best_test_valid/acc_unbiased': 50.525, 'best_test_valid/diff': 13.312, 'best_test_valid/acc_skew': 50.727, 'best_test_valid/acc_align': 50.322, 'best_test_test/acc': 49.934, 'best_test_test/acc_unbiased': 50.002, 'best_test_test/diff': 12.809, 'best_test_test/acc_skew': 51.823, 'best_test_test/acc_align': 48.182}
[7 / 20] Learning rate: 0.0001 weight: 0.01
[7 / 20] Loss: 0.008891525794751942 CE Loss: 0.8891525790095329 Con Loss: 0.0
[7 / 20] tensor([[0.438, 0.682],
        [0.535, 0.394]]) {'epoch': 7, 'valid/acc': 50.044, 'valid/acc_unbiased': 50.215, 'valid/diff': 17.923, 'valid/acc_skew': 50.275, 'valid/acc_align': 50.156, 'test/acc': 49.097, 'test/acc_unbiased': 51.23, 'test/diff': 19.24, 'test/acc_skew': 48.672, 'test/acc_align': 53.788}
[7 / 20] best valid accuracy: 50.525 at epoch 5 
 best_stats: {'best_valid_epoch': 5, 'best_valid_valid/acc': 49.295, 'best_valid_valid/acc_unbiased': 50.525, 'best_valid_valid/diff': 13.312, 'best_valid_valid/acc_skew': 50.727, 'best_valid_valid/acc_align': 50.322, 'best_valid_test/acc': 49.934, 'best_valid_test/acc_unbiased': 50.002, 'best_valid_test/diff': 12.809, 'best_valid_test/acc_skew': 51.823, 'best_valid_test/acc_align': 48.182}
[7 / 20] best test accuracy: 51.230 at epoch 7 
 best_stats: {'best_test_epoch': 7, 'best_test_valid/acc': 50.044, 'best_test_valid/acc_unbiased': 50.215, 'best_test_valid/diff': 17.923, 'best_test_valid/acc_skew': 50.275, 'best_test_valid/acc_align': 50.156, 'best_test_test/acc': 49.097, 'best_test_test/acc_unbiased': 51.23, 'best_test_test/diff': 19.24, 'best_test_test/acc_skew': 48.672, 'best_test_test/acc_align': 53.788}
[8 / 20] Learning rate: 0.0001 weight: 0.01
[8 / 20] Loss: 0.006050343974493444 CE Loss: 0.6050344258546829 Con Loss: 0.0
[8 / 20] tensor([[0.459, 0.693],
        [0.510, 0.352]]) {'epoch': 8, 'valid/acc': 50.132, 'valid/acc_unbiased': 49.992, 'valid/diff': 15.524, 'valid/acc_skew': 50.349, 'valid/acc_align': 49.634, 'test/acc': 48.876, 'test/acc_unbiased': 50.338, 'test/diff': 19.623, 'test/acc_skew': 48.44, 'test/acc_align': 52.235}
[8 / 20] best valid accuracy: 50.525 at epoch 5 
 best_stats: {'best_valid_epoch': 5, 'best_valid_valid/acc': 49.295, 'best_valid_valid/acc_unbiased': 50.525, 'best_valid_valid/diff': 13.312, 'best_valid_valid/acc_skew': 50.727, 'best_valid_valid/acc_align': 50.322, 'best_valid_test/acc': 49.934, 'best_valid_test/acc_unbiased': 50.002, 'best_valid_test/diff': 12.809, 'best_valid_test/acc_skew': 51.823, 'best_valid_test/acc_align': 48.182}
[8 / 20] best test accuracy: 51.230 at epoch 7 
 best_stats: {'best_test_epoch': 7, 'best_test_valid/acc': 50.044, 'best_test_valid/acc_unbiased': 50.215, 'best_test_valid/diff': 17.923, 'best_test_valid/acc_skew': 50.275, 'best_test_valid/acc_align': 50.156, 'best_test_test/acc': 49.097, 'best_test_test/acc_unbiased': 51.23, 'best_test_test/diff': 19.24, 'best_test_test/acc_skew': 48.672, 'best_test_test/acc_align': 53.788}
[9 / 20] Learning rate: 0.0001 weight: 0.01
[9 / 20] Loss: 0.0014786118699703366 CE Loss: 0.14786119014024734 Con Loss: 0.0
[9 / 20] tensor([[0.642, 0.773],
        [0.349, 0.285]]) {'epoch': 9, 'valid/acc': 51.631, 'valid/acc_unbiased': 50.409, 'valid/diff': 12.773, 'valid/acc_skew': 50.74, 'valid/acc_align': 50.077, 'test/acc': 51.432, 'test/acc_unbiased': 51.223, 'test/diff': 9.776, 'test/acc_skew': 49.566, 'test/acc_align': 52.879}
[9 / 20] best valid accuracy: 50.525 at epoch 5 
 best_stats: {'best_valid_epoch': 5, 'best_valid_valid/acc': 49.295, 'best_valid_valid/acc_unbiased': 50.525, 'best_valid_valid/diff': 13.312, 'best_valid_valid/acc_skew': 50.727, 'best_valid_valid/acc_align': 50.322, 'best_valid_test/acc': 49.934, 'best_valid_test/acc_unbiased': 50.002, 'best_valid_test/diff': 12.809, 'best_valid_test/acc_skew': 51.823, 'best_valid_test/acc_align': 48.182}
[9 / 20] best test accuracy: 51.230 at epoch 7 
 best_stats: {'best_test_epoch': 7, 'best_test_valid/acc': 50.044, 'best_test_valid/acc_unbiased': 50.215, 'best_test_valid/diff': 17.923, 'best_test_valid/acc_skew': 50.275, 'best_test_valid/acc_align': 50.156, 'best_test_test/acc': 49.097, 'best_test_test/acc_unbiased': 51.23, 'best_test_test/diff': 19.24, 'best_test_test/acc_skew': 48.672, 'best_test_test/acc_align': 53.788}
[10 / 20] Learning rate: 0.0001 weight: 0.01
[10 / 20] Loss: 0.001947292999830097 CE Loss: 0.1947292983531952 Con Loss: 0.0
[10 / 20] tensor([[0.622, 0.778],
        [0.361, 0.309]]) {'epoch': 10, 'valid/acc': 51.058, 'valid/acc_unbiased': 49.886, 'valid/diff': 12.399, 'valid/acc_skew': 50.217, 'valid/acc_align': 49.556, 'test/acc': 51.168, 'test/acc_unbiased': 51.764, 'test/diff': 10.414, 'test/acc_skew': 49.153, 'test/acc_align': 54.375}
[10 / 20] best valid accuracy: 50.525 at epoch 5 
 best_stats: {'best_valid_epoch': 5, 'best_valid_valid/acc': 49.295, 'best_valid_valid/acc_unbiased': 50.525, 'best_valid_valid/diff': 13.312, 'best_valid_valid/acc_skew': 50.727, 'best_valid_valid/acc_align': 50.322, 'best_valid_test/acc': 49.934, 'best_valid_test/acc_unbiased': 50.002, 'best_valid_test/diff': 12.809, 'best_valid_test/acc_skew': 51.823, 'best_valid_test/acc_align': 48.182}
[10 / 20] best test accuracy: 51.764 at epoch 10 
 best_stats: {'best_test_epoch': 10, 'best_test_valid/acc': 51.058, 'best_test_valid/acc_unbiased': 49.886, 'best_test_valid/diff': 12.399, 'best_test_valid/acc_skew': 50.217, 'best_test_valid/acc_align': 49.556, 'best_test_test/acc': 51.168, 'best_test_test/acc_unbiased': 51.764, 'best_test_test/diff': 10.414, 'best_test_test/acc_skew': 49.153, 'best_test_test/acc_align': 54.375}
[11 / 20] Learning rate: 0.0001 weight: 0.01
[11 / 20] Loss: 0.004940573882777244 CE Loss: 0.49405740201473236 Con Loss: 0.0
[11 / 20] tensor([[0.551, 0.756],
        [0.433, 0.370]]) {'epoch': 11, 'valid/acc': 50.838, 'valid/acc_unbiased': 49.792, 'valid/diff': 14.192, 'valid/acc_skew': 50.595, 'valid/acc_align': 48.99, 'test/acc': 50.859, 'test/acc_unbiased': 52.732, 'test/diff': 13.357, 'test/acc_skew': 49.195, 'test/acc_align': 56.269}
[11 / 20] best valid accuracy: 50.525 at epoch 5 
 best_stats: {'best_valid_epoch': 5, 'best_valid_valid/acc': 49.295, 'best_valid_valid/acc_unbiased': 50.525, 'best_valid_valid/diff': 13.312, 'best_valid_valid/acc_skew': 50.727, 'best_valid_valid/acc_align': 50.322, 'best_valid_test/acc': 49.934, 'best_valid_test/acc_unbiased': 50.002, 'best_valid_test/diff': 12.809, 'best_valid_test/acc_skew': 51.823, 'best_valid_test/acc_align': 48.182}
[11 / 20] best test accuracy: 52.732 at epoch 11 
 best_stats: {'best_test_epoch': 11, 'best_test_valid/acc': 50.838, 'best_test_valid/acc_unbiased': 49.792, 'best_test_valid/diff': 14.192, 'best_test_valid/acc_skew': 50.595, 'best_test_valid/acc_align': 48.99, 'best_test_test/acc': 50.859, 'best_test_test/acc_unbiased': 52.732, 'best_test_test/diff': 13.357, 'best_test_test/acc_skew': 49.195, 'best_test_test/acc_align': 56.269}
[12 / 20] Learning rate: 0.0001 weight: 0.01
[12 / 20] Loss: 0.0015567747177556157 CE Loss: 0.15567747130990028 Con Loss: 0.0
[12 / 20] tensor([[0.433, 0.665],
        [0.554, 0.442]]) {'epoch': 12, 'valid/acc': 48.765, 'valid/acc_unbiased': 48.004, 'valid/diff': 14.936, 'valid/acc_skew': 49.715, 'valid/acc_align': 46.292, 'test/acc': 49.758, 'test/acc_unbiased': 52.336, 'test/diff': 17.169, 'test/acc_skew': 49.312, 'test/acc_align': 55.36}
[12 / 20] best valid accuracy: 50.525 at epoch 5 
 best_stats: {'best_valid_epoch': 5, 'best_valid_valid/acc': 49.295, 'best_valid_valid/acc_unbiased': 50.525, 'best_valid_valid/diff': 13.312, 'best_valid_valid/acc_skew': 50.727, 'best_valid_valid/acc_align': 50.322, 'best_valid_test/acc': 49.934, 'best_valid_test/acc_unbiased': 50.002, 'best_valid_test/diff': 12.809, 'best_valid_test/acc_skew': 51.823, 'best_valid_test/acc_align': 48.182}
[12 / 20] best test accuracy: 52.732 at epoch 11 
 best_stats: {'best_test_epoch': 11, 'best_test_valid/acc': 50.838, 'best_test_valid/acc_unbiased': 49.792, 'best_test_valid/diff': 14.192, 'best_test_valid/acc_skew': 50.595, 'best_test_valid/acc_align': 48.99, 'best_test_test/acc': 50.859, 'best_test_test/acc_unbiased': 52.732, 'best_test_test/diff': 13.357, 'best_test_test/acc_skew': 49.195, 'best_test_test/acc_align': 56.269}
[13 / 20] Learning rate: 0.0001 weight: 0.01
[13 / 20] Loss: 0.0006136521842563525 CE Loss: 0.061365218833088875 Con Loss: 0.0
[13 / 20] tensor([[0.491, 0.716],
        [0.505, 0.406]]) {'epoch': 13, 'valid/acc': 49.515, 'valid/acc_unbiased': 49.163, 'valid/diff': 16.855, 'valid/acc_skew': 49.645, 'valid/acc_align': 48.68, 'test/acc': 50.771, 'test/acc_unbiased': 52.955, 'test/diff': 16.2, 'test/acc_skew': 49.812, 'test/acc_align': 56.098}
[13 / 20] best valid accuracy: 50.525 at epoch 5 
 best_stats: {'best_valid_epoch': 5, 'best_valid_valid/acc': 49.295, 'best_valid_valid/acc_unbiased': 50.525, 'best_valid_valid/diff': 13.312, 'best_valid_valid/acc_skew': 50.727, 'best_valid_valid/acc_align': 50.322, 'best_valid_test/acc': 49.934, 'best_valid_test/acc_unbiased': 50.002, 'best_valid_test/diff': 12.809, 'best_valid_test/acc_skew': 51.823, 'best_valid_test/acc_align': 48.182}
[13 / 20] best test accuracy: 52.955 at epoch 13 
 best_stats: {'best_test_epoch': 13, 'best_test_valid/acc': 49.515, 'best_test_valid/acc_unbiased': 49.163, 'best_test_valid/diff': 16.855, 'best_test_valid/acc_skew': 49.645, 'best_test_valid/acc_align': 48.68, 'best_test_test/acc': 50.771, 'best_test_test/acc_unbiased': 52.955, 'best_test_test/diff': 16.2, 'best_test_test/acc_skew': 49.812, 'best_test_test/acc_align': 56.098}
[14 / 20] Learning rate: 1e-05 weight: 0.01
[14 / 20] Loss: 0.010010557249188423 CE Loss: 1.001055747270584 Con Loss: 0.0
[14 / 20] tensor([[0.347, 0.585],
        [0.662, 0.527]]) {'epoch': 14, 'valid/acc': 48.325, 'valid/acc_unbiased': 49.212, 'valid/diff': 21.208, 'valid/acc_skew': 49.682, 'valid/acc_align': 48.741, 'test/acc': 49.89, 'test/acc_unbiased': 53.035, 'test/diff': 18.658, 'test/acc_skew': 50.445, 'test/acc_align': 55.625}
[14 / 20] best valid accuracy: 50.525 at epoch 5 
 best_stats: {'best_valid_epoch': 5, 'best_valid_valid/acc': 49.295, 'best_valid_valid/acc_unbiased': 50.525, 'best_valid_valid/diff': 13.312, 'best_valid_valid/acc_skew': 50.727, 'best_valid_valid/acc_align': 50.322, 'best_valid_test/acc': 49.934, 'best_valid_test/acc_unbiased': 50.002, 'best_valid_test/diff': 12.809, 'best_valid_test/acc_skew': 51.823, 'best_valid_test/acc_align': 48.182}
[14 / 20] best test accuracy: 53.035 at epoch 14 
 best_stats: {'best_test_epoch': 14, 'best_test_valid/acc': 48.325, 'best_test_valid/acc_unbiased': 49.212, 'best_test_valid/diff': 21.208, 'best_test_valid/acc_skew': 49.682, 'best_test_valid/acc_align': 48.741, 'best_test_test/acc': 49.89, 'best_test_test/acc_unbiased': 53.035, 'best_test_test/diff': 18.658, 'best_test_test/acc_skew': 50.445, 'best_test_test/acc_align': 55.625}
[15 / 20] Learning rate: 1e-05 weight: 0.01
[15 / 20] Loss: 0.010023485403507948 CE Loss: 1.00234854221344 Con Loss: 0.0
[15 / 20] tensor([[0.311, 0.574],
        [0.690, 0.527]]) {'epoch': 15, 'valid/acc': 48.589, 'valid/acc_unbiased': 49.461, 'valid/diff': 20.485, 'valid/acc_skew': 50.235, 'valid/acc_align': 48.687, 'test/acc': 49.185, 'test/acc_unbiased': 52.547, 'test/diff': 21.265, 'test/acc_skew': 50.038, 'test/acc_align': 55.057}
[15 / 20] best valid accuracy: 50.525 at epoch 5 
 best_stats: {'best_valid_epoch': 5, 'best_valid_valid/acc': 49.295, 'best_valid_valid/acc_unbiased': 50.525, 'best_valid_valid/diff': 13.312, 'best_valid_valid/acc_skew': 50.727, 'best_valid_valid/acc_align': 50.322, 'best_valid_test/acc': 49.934, 'best_valid_test/acc_unbiased': 50.002, 'best_valid_test/diff': 12.809, 'best_valid_test/acc_skew': 51.823, 'best_valid_test/acc_align': 48.182}
[15 / 20] best test accuracy: 53.035 at epoch 14 
 best_stats: {'best_test_epoch': 14, 'best_test_valid/acc': 48.325, 'best_test_valid/acc_unbiased': 49.212, 'best_test_valid/diff': 21.208, 'best_test_valid/acc_skew': 49.682, 'best_test_valid/acc_align': 48.741, 'best_test_test/acc': 49.89, 'best_test_test/acc_unbiased': 53.035, 'best_test_test/diff': 18.658, 'best_test_test/acc_skew': 50.445, 'best_test_test/acc_align': 55.625}
[16 / 20] Learning rate: 1e-05 weight: 0.01
[16 / 20] Loss: 0.008980652783066034 CE Loss: 0.8980653285980225 Con Loss: 0.0
[16 / 20] tensor([[0.398, 0.636],
        [0.617, 0.491]]) {'epoch': 16, 'valid/acc': 49.162, 'valid/acc_unbiased': 49.606, 'valid/diff': 20.122, 'valid/acc_skew': 50.152, 'valid/acc_align': 49.059, 'test/acc': 50.683, 'test/acc_unbiased': 53.552, 'test/diff': 18.239, 'test/acc_skew': 50.74, 'test/acc_align': 56.364}
[16 / 20] best valid accuracy: 50.525 at epoch 5 
 best_stats: {'best_valid_epoch': 5, 'best_valid_valid/acc': 49.295, 'best_valid_valid/acc_unbiased': 50.525, 'best_valid_valid/diff': 13.312, 'best_valid_valid/acc_skew': 50.727, 'best_valid_valid/acc_align': 50.322, 'best_valid_test/acc': 49.934, 'best_valid_test/acc_unbiased': 50.002, 'best_valid_test/diff': 12.809, 'best_valid_test/acc_skew': 51.823, 'best_valid_test/acc_align': 48.182}
[16 / 20] best test accuracy: 53.552 at epoch 16 
 best_stats: {'best_test_epoch': 16, 'best_test_valid/acc': 49.162, 'best_test_valid/acc_unbiased': 49.606, 'best_test_valid/diff': 20.122, 'best_test_valid/acc_skew': 50.152, 'best_test_valid/acc_align': 49.059, 'best_test_test/acc': 50.683, 'best_test_test/acc_unbiased': 53.552, 'best_test_test/diff': 18.239, 'best_test_test/acc_skew': 50.74, 'best_test_test/acc_align': 56.364}
[17 / 20] Learning rate: 1e-05 weight: 0.01
[17 / 20] Loss: 0.0036270928103476763 CE Loss: 0.36270928382873535 Con Loss: 0.0
[17 / 20] tensor([[0.363, 0.602],
        [0.639, 0.509]]) {'epoch': 17, 'valid/acc': 48.413, 'valid/acc_unbiased': 48.755, 'valid/diff': 16.867, 'valid/acc_skew': 49.821, 'valid/acc_align': 47.689, 'test/acc': 49.758, 'test/acc_unbiased': 52.83, 'test/diff': 18.465, 'test/acc_skew': 50.093, 'test/acc_align': 55.568}
[17 / 20] best valid accuracy: 50.525 at epoch 5 
 best_stats: {'best_valid_epoch': 5, 'best_valid_valid/acc': 49.295, 'best_valid_valid/acc_unbiased': 50.525, 'best_valid_valid/diff': 13.312, 'best_valid_valid/acc_skew': 50.727, 'best_valid_valid/acc_align': 50.322, 'best_valid_test/acc': 49.934, 'best_valid_test/acc_unbiased': 50.002, 'best_valid_test/diff': 12.809, 'best_valid_test/acc_skew': 51.823, 'best_valid_test/acc_align': 48.182}
[17 / 20] best test accuracy: 53.552 at epoch 16 
 best_stats: {'best_test_epoch': 16, 'best_test_valid/acc': 49.162, 'best_test_valid/acc_unbiased': 49.606, 'best_test_valid/diff': 20.122, 'best_test_valid/acc_skew': 50.152, 'best_test_valid/acc_align': 49.059, 'best_test_test/acc': 50.683, 'best_test_test/acc_unbiased': 53.552, 'best_test_test/diff': 18.239, 'best_test_test/acc_skew': 50.74, 'best_test_test/acc_align': 56.364}
[18 / 20] Learning rate: 1e-05 weight: 0.01
[18 / 20] Loss: 0.006687728629913181 CE Loss: 0.6687728576362133 Con Loss: 0.0
[18 / 20] tensor([[0.380, 0.580],
        [0.655, 0.509]]) {'epoch': 18, 'valid/acc': 50.088, 'valid/acc_unbiased': 50.755, 'valid/diff': 18.828, 'valid/acc_skew': 51.256, 'valid/acc_align': 50.253, 'test/acc': 50.992, 'test/acc_unbiased': 53.09, 'test/diff': 17.288, 'test/acc_skew': 51.748, 'test/acc_align': 54.432}
[18 / 20] best valid accuracy: 50.755 at epoch 18 
 best_stats: {'best_valid_epoch': 18, 'best_valid_valid/acc': 50.088, 'best_valid_valid/acc_unbiased': 50.755, 'best_valid_valid/diff': 18.828, 'best_valid_valid/acc_skew': 51.256, 'best_valid_valid/acc_align': 50.253, 'best_valid_test/acc': 50.992, 'best_valid_test/acc_unbiased': 53.09, 'best_valid_test/diff': 17.288, 'best_valid_test/acc_skew': 51.748, 'best_valid_test/acc_align': 54.432}
[18 / 20] best test accuracy: 53.552 at epoch 16 
 best_stats: {'best_test_epoch': 16, 'best_test_valid/acc': 49.162, 'best_test_valid/acc_unbiased': 49.606, 'best_test_valid/diff': 20.122, 'best_test_valid/acc_skew': 50.152, 'best_test_valid/acc_align': 49.059, 'best_test_test/acc': 50.683, 'best_test_test/acc_unbiased': 53.552, 'best_test_test/diff': 18.239, 'best_test_test/acc_skew': 50.74, 'best_test_test/acc_align': 56.364}
[19 / 20] Learning rate: 1e-05 weight: 0.01
[19 / 20] Loss: 0.0020048734731972218 CE Loss: 0.20048735290765762 Con Loss: 0.0
[19 / 20] tensor([[0.348, 0.585],
        [0.668, 0.539]]) {'epoch': 19, 'valid/acc': 48.854, 'valid/acc_unbiased': 49.181, 'valid/diff': 17.011, 'valid/acc_skew': 50.443, 'valid/acc_align': 47.918, 'test/acc': 50.242, 'test/acc_unbiased': 53.506, 'test/diff': 18.293, 'test/acc_skew': 50.78, 'test/acc_align': 56.231}
[19 / 20] best valid accuracy: 50.755 at epoch 18 
 best_stats: {'best_valid_epoch': 18, 'best_valid_valid/acc': 50.088, 'best_valid_valid/acc_unbiased': 50.755, 'best_valid_valid/diff': 18.828, 'best_valid_valid/acc_skew': 51.256, 'best_valid_valid/acc_align': 50.253, 'best_valid_test/acc': 50.992, 'best_valid_test/acc_unbiased': 53.09, 'best_valid_test/diff': 17.288, 'best_valid_test/acc_skew': 51.748, 'best_valid_test/acc_align': 54.432}
[19 / 20] best test accuracy: 53.552 at epoch 16 
 best_stats: {'best_test_epoch': 16, 'best_test_valid/acc': 49.162, 'best_test_valid/acc_unbiased': 49.606, 'best_test_valid/diff': 20.122, 'best_test_valid/acc_skew': 50.152, 'best_test_valid/acc_align': 49.059, 'best_test_test/acc': 50.683, 'best_test_test/acc_unbiased': 53.552, 'best_test_test/diff': 18.239, 'best_test_test/acc_skew': 50.74, 'best_test_test/acc_align': 56.364}
[20 / 20] Learning rate: 1e-05 weight: 0.01
[20 / 20] Loss: 0.004266454197932035 CE Loss: 0.426645427942276 Con Loss: 0.0
[20 / 20] tensor([[0.558, 0.727],
        [0.454, 0.345]]) {'epoch': 20, 'valid/acc': 52.028, 'valid/acc_unbiased': 51.192, 'valid/diff': 16.691, 'valid/acc_skew': 51.865, 'valid/acc_align': 50.519, 'test/acc': 51.609, 'test/acc_unbiased': 52.128, 'test/diff': 13.915, 'test/acc_skew': 50.62, 'test/acc_align': 53.636}
[20 / 20] best valid accuracy: 51.192 at epoch 20 
 best_stats: {'best_valid_epoch': 20, 'best_valid_valid/acc': 52.028, 'best_valid_valid/acc_unbiased': 51.192, 'best_valid_valid/diff': 16.691, 'best_valid_valid/acc_skew': 51.865, 'best_valid_valid/acc_align': 50.519, 'best_valid_test/acc': 51.609, 'best_valid_test/acc_unbiased': 52.128, 'best_valid_test/diff': 13.915, 'best_valid_test/acc_skew': 50.62, 'best_valid_test/acc_align': 53.636}
[20 / 20] best test accuracy: 53.552 at epoch 16 
 best_stats: {'best_test_epoch': 16, 'best_test_valid/acc': 49.162, 'best_test_valid/acc_unbiased': 49.606, 'best_test_valid/diff': 20.122, 'best_test_valid/acc_skew': 50.152, 'best_test_valid/acc_align': 49.059, 'best_test_test/acc': 50.683, 'best_test_test/acc_unbiased': 53.552, 'best_test_test/diff': 18.239, 'best_test_test/acc_skew': 50.74, 'best_test_test/acc_align': 56.364}
Total training time: 0:06:37
