Log level set to: INFO
Set seed: 3
=======> Using Fixed Random Seed: 3 <========
save_path: exp_results/bc-bb0-utk_face_race-us-0.95-lr0.001-bs128-cbs64-w0.01-ratio10-aug1-seed3
get_utk_face - split: train, aug: False, given_y: True, ratio: 0
use existing biased_utk_face from data/utk_face/pickles/biased_utk_face-target_gender-bias_race-0.95
Distribution Before Sampling: 
===================================
Binary Labels Distribution: 
Binary Target 0
---------------------------
Target 0: [4407, 276]
Target 1: [220, 5529]
Binary Target 1
---------------------------
Target 0: [4407, 276]
Target 1: [220, 5529]
===================================
Normal Label Distribution: 
Target 0: [4407, 276]
Target 1: [220, 5529]
===================================
Distribution After Sampling: 
===================================
Binary Labels Distribution: 
Binary Target 0
---------------------------
Target 0: [220, 220]
Target 1: [220, 220]
Binary Target 1
---------------------------
Target 0: [220, 220]
Target 1: [220, 220]
===================================
Normal Label Distribution: 
Target 0: [220, 220]
Target 1: [220, 220]
===================================
Use BiasedUTKFace - target_attr: gender
BiasedUTKFace -- total: 880, target_attr: gender, bias_attr: race bias_rate: 0.95
['[train] target_0-bias_0: 220', '[train] target_0-bias_1: 220', '[train] target_1-bias_0: 220', '[train] target_1-bias_1: 220']
confusion_matrix - 
 original: tensor([[220., 220.],
        [220., 220.]]), 
 normalized: tensor([[0.500, 0.500],
        [0.500, 0.500]]), 
 b|y: tensor([[0.500, 0.500],
        [0.500, 0.500]])
get_utk_face - split: train, aug: 1, given_y: True, ratio: 10
use existing biased_utk_face from data/utk_face/pickles/biased_utk_face-target_gender-bias_race-0.95
Distribution Before Sampling: 
===================================
Binary Labels Distribution: 
Binary Target 0
---------------------------
Target 0: [4407, 276]
Target 1: [220, 5529]
Binary Target 1
---------------------------
Target 0: [4407, 276]
Target 1: [220, 5529]
===================================
Normal Label Distribution: 
Target 0: [4407, 276]
Target 1: [220, 5529]
===================================
Distribution After Sampling: 
===================================
Binary Labels Distribution: 
Binary Target 0
---------------------------
Target 0: [220, 220]
Target 1: [220, 220]
Binary Target 1
---------------------------
Target 0: [220, 220]
Target 1: [220, 220]
===================================
Normal Label Distribution: 
Target 0: [220, 220]
Target 1: [220, 220]
===================================
Use BiasedUTKFace - target_attr: gender
BiasedUTKFace -- total: 880, target_attr: gender, bias_attr: race bias_rate: 0.95
['[train] target_0-bias_0: 220', '[train] target_0-bias_1: 220', '[train] target_1-bias_0: 220', '[train] target_1-bias_1: 220']
get_utk_face - split: valid, aug: False, given_y: True, ratio: 0
use existing biased_utk_face from data/utk_face/pickles/biased_utk_face-target_gender-bias_race-0.95
Distribution Before Sampling: 
===================================
Binary Labels Distribution: 
Binary Target 0
---------------------------
Target 0: [583, 684]
Target 1: [457, 646]
Binary Target 1
---------------------------
Target 0: [583, 684]
Target 1: [457, 646]
===================================
Normal Label Distribution: 
Target 0: [583, 684]
Target 1: [457, 646]
===================================
Use BiasedUTKFace - target_attr: gender
BiasedUTKFace -- total: 2370, target_attr: gender, bias_attr: race bias_rate: 0.95
['[valid] target_0-bias_0: 583', '[valid] target_0-bias_1: 684', '[valid] target_1-bias_0: 457', '[valid] target_1-bias_1: 646']
get_utk_face - split: test, aug: False, given_y: True, ratio: 0
use existing biased_utk_face from data/utk_face/pickles/biased_utk_face-target_gender-bias_race-0.95
Distribution Before Sampling: 
===================================
Binary Labels Distribution: 
Binary Target 0
---------------------------
Target 0: [558, 677]
Target 1: [462, 673]
Binary Target 1
---------------------------
Target 0: [558, 677]
Target 1: [462, 673]
===================================
Normal Label Distribution: 
Target 0: [558, 677]
Target 1: [462, 673]
===================================
Use BiasedUTKFace - target_attr: gender
BiasedUTKFace -- total: 2370, target_attr: gender, bias_attr: race bias_rate: 0.95
['[test] target_0-bias_0: 558', '[test] target_0-bias_1: 677', '[test] target_1-bias_0: 462', '[test] target_1-bias_1: 673']
decay_epochs: [6, 13]
[1 / 20] Learning rate: 0.001 weight: 0.01
[1 / 20] Loss: 5.21443957415494 CE Loss: 0.8079920443621549 Con Loss: 5.2063595858487215
[1 / 20] tensor([[0.349, 0.362],
        [0.831, 0.822]]) {'epoch': 1, 'valid/acc': 55.865, 'valid/acc_unbiased': 57.726, 'valid/diff': 3.938, 'valid/acc_skew': 59.695, 'valid/acc_align': 55.758, 'test/acc': 58.101, 'test/acc_unbiased': 59.105, 'test/diff': 1.095, 'test/acc_skew': 59.032, 'test/acc_align': 59.179}
[1 / 20] best valid accuracy: 57.726 at epoch 1 
 best_stats: {'best_valid_epoch': 1, 'best_valid_valid/acc': 55.865, 'best_valid_valid/acc_unbiased': 57.726, 'best_valid_valid/diff': 3.938, 'best_valid_valid/acc_skew': 59.695, 'best_valid_valid/acc_align': 55.758, 'best_valid_test/acc': 58.101, 'best_valid_test/acc_unbiased': 59.105, 'best_valid_test/diff': 1.095, 'best_valid_test/acc_skew': 59.032, 'best_valid_test/acc_align': 59.179}
[1 / 20] best test accuracy: 59.105 at epoch 1 
 best_stats: {'best_test_epoch': 1, 'best_test_valid/acc': 55.865, 'best_test_valid/acc_unbiased': 57.726, 'best_test_valid/diff': 3.938, 'best_test_valid/acc_skew': 59.695, 'best_test_valid/acc_align': 55.758, 'best_test_test/acc': 58.101, 'best_test_test/acc_unbiased': 59.105, 'best_test_test/diff': 1.095, 'best_test_test/acc_skew': 59.032, 'best_test_test/acc_align': 59.179}
[2 / 20] Learning rate: 0.001 weight: 0.01
[2 / 20] Loss: 5.120771434090354 CE Loss: 0.644960309158672 Con Loss: 5.114321795376864
[2 / 20] tensor([[0.780, 0.770],
        [0.535, 0.541]]) {'epoch': 2, 'valid/acc': 66.667, 'valid/acc_unbiased': 65.713, 'valid/diff': 2.448, 'valid/acc_skew': 64.837, 'valid/acc_align': 66.589, 'test/acc': 66.118, 'test/acc_unbiased': 65.616, 'test/diff': 0.811, 'test/acc_skew': 65.71, 'test/acc_align': 65.522}
[2 / 20] best valid accuracy: 65.713 at epoch 2 
 best_stats: {'best_valid_epoch': 2, 'best_valid_valid/acc': 66.667, 'best_valid_valid/acc_unbiased': 65.713, 'best_valid_valid/diff': 2.448, 'best_valid_valid/acc_skew': 64.837, 'best_valid_valid/acc_align': 66.589, 'best_valid_test/acc': 66.118, 'best_valid_test/acc_unbiased': 65.616, 'best_valid_test/diff': 0.811, 'best_valid_test/acc_skew': 65.71, 'best_valid_test/acc_align': 65.522}
[2 / 20] best test accuracy: 65.616 at epoch 2 
 best_stats: {'best_test_epoch': 2, 'best_test_valid/acc': 66.667, 'best_test_valid/acc_unbiased': 65.713, 'best_test_valid/diff': 2.448, 'best_test_valid/acc_skew': 64.837, 'best_test_valid/acc_align': 66.589, 'best_test_test/acc': 66.118, 'best_test_test/acc_unbiased': 65.616, 'best_test_test/diff': 0.811, 'best_test_test/acc_skew': 65.71, 'best_test_test/acc_align': 65.522}
[3 / 20] Learning rate: 0.001 weight: 0.01
[3 / 20] Loss: 5.001660277626732 CE Loss: 0.5852463841438293 Con Loss: 4.995807795091109
[3 / 20] tensor([[0.435, 0.427],
        [0.870, 0.897]]) {'epoch': 3, 'valid/acc': 63.966, 'valid/acc_unbiased': 65.544, 'valid/diff': 5.693, 'valid/acc_skew': 66.606, 'valid/acc_align': 64.482, 'test/acc': 64.895, 'test/acc_unbiased': 65.749, 'test/diff': 1.797, 'test/acc_skew': 65.281, 'test/acc_align': 66.218}
[3 / 20] best valid accuracy: 65.713 at epoch 2 
 best_stats: {'best_valid_epoch': 2, 'best_valid_valid/acc': 66.667, 'best_valid_valid/acc_unbiased': 65.713, 'best_valid_valid/diff': 2.448, 'best_valid_valid/acc_skew': 64.837, 'best_valid_valid/acc_align': 66.589, 'best_valid_test/acc': 66.118, 'best_valid_test/acc_unbiased': 65.616, 'best_valid_test/diff': 0.811, 'best_valid_test/acc_skew': 65.71, 'best_valid_test/acc_align': 65.522}
[3 / 20] best test accuracy: 65.749 at epoch 3 
 best_stats: {'best_test_epoch': 3, 'best_test_valid/acc': 63.966, 'best_test_valid/acc_unbiased': 65.544, 'best_test_valid/diff': 5.693, 'best_test_valid/acc_skew': 66.606, 'best_test_valid/acc_align': 64.482, 'best_test_test/acc': 64.895, 'best_test_test/acc_unbiased': 65.749, 'best_test_test/diff': 1.797, 'best_test_test/acc_skew': 65.281, 'best_test_test/acc_align': 66.218}
[4 / 20] Learning rate: 0.001 weight: 0.01
[4 / 20] Loss: 4.855731704018333 CE Loss: 0.5538339018821716 Con Loss: 4.850193500518799
[4 / 20] tensor([[0.685, 0.672],
        [0.810, 0.805]]) {'epoch': 4, 'valid/acc': 73.165, 'valid/acc_unbiased': 73.851, 'valid/diff': 3.575, 'valid/acc_skew': 75.638, 'valid/acc_align': 72.063, 'test/acc': 73.966, 'test/acc_unbiased': 74.289, 'test/diff': 0.834, 'test/acc_skew': 74.706, 'test/acc_align': 73.872}
[4 / 20] best valid accuracy: 73.851 at epoch 4 
 best_stats: {'best_valid_epoch': 4, 'best_valid_valid/acc': 73.165, 'best_valid_valid/acc_unbiased': 73.851, 'best_valid_valid/diff': 3.575, 'best_valid_valid/acc_skew': 75.638, 'best_valid_valid/acc_align': 72.063, 'best_valid_test/acc': 73.966, 'best_valid_test/acc_unbiased': 74.289, 'best_valid_test/diff': 0.834, 'best_valid_test/acc_skew': 74.706, 'best_valid_test/acc_align': 73.872}
[4 / 20] best test accuracy: 74.289 at epoch 4 
 best_stats: {'best_test_epoch': 4, 'best_test_valid/acc': 73.165, 'best_test_valid/acc_unbiased': 73.851, 'best_test_valid/diff': 3.575, 'best_test_valid/acc_skew': 75.638, 'best_test_valid/acc_align': 72.063, 'best_test_test/acc': 73.966, 'best_test_test/acc_unbiased': 74.289, 'best_test_test/diff': 0.834, 'best_test_test/acc_skew': 74.706, 'best_test_test/acc_align': 73.872}
[5 / 20] Learning rate: 0.001 weight: 0.01
[5 / 20] Loss: 4.831608434156938 CE Loss: 0.5404010545123707 Con Loss: 4.826204438643022
[5 / 20] tensor([[0.726, 0.730],
        [0.818, 0.799]]) {'epoch': 5, 'valid/acc': 76.076, 'valid/acc_unbiased': 76.429, 'valid/diff': 2.59, 'valid/acc_skew': 76.534, 'valid/acc_align': 76.324, 'test/acc': 76.582, 'test/acc_unbiased': 76.827, 'test/diff': 1.133, 'test/acc_skew': 77.199, 'test/acc_align': 76.455}
[5 / 20] best valid accuracy: 76.429 at epoch 5 
 best_stats: {'best_valid_epoch': 5, 'best_valid_valid/acc': 76.076, 'best_valid_valid/acc_unbiased': 76.429, 'best_valid_valid/diff': 2.59, 'best_valid_valid/acc_skew': 76.534, 'best_valid_valid/acc_align': 76.324, 'best_valid_test/acc': 76.582, 'best_valid_test/acc_unbiased': 76.827, 'best_valid_test/diff': 1.133, 'best_valid_test/acc_skew': 77.199, 'best_valid_test/acc_align': 76.455}
[5 / 20] best test accuracy: 76.827 at epoch 5 
 best_stats: {'best_test_epoch': 5, 'best_test_valid/acc': 76.076, 'best_test_valid/acc_unbiased': 76.429, 'best_test_valid/diff': 2.59, 'best_test_valid/acc_skew': 76.534, 'best_test_valid/acc_align': 76.324, 'best_test_test/acc': 76.582, 'best_test_test/acc_unbiased': 76.827, 'best_test_test/diff': 1.133, 'best_test_test/acc_skew': 77.199, 'best_test_test/acc_align': 76.455}
[6 / 20] Learning rate: 0.001 weight: 0.01
[6 / 20] Loss: 4.775401479547674 CE Loss: 0.5079652260650288 Con Loss: 4.770321811329235
[6 / 20] tensor([[0.830, 0.826],
        [0.755, 0.701]]) {'epoch': 6, 'valid/acc': 78.397, 'valid/acc_unbiased': 78.179, 'valid/diff': 4.88, 'valid/acc_skew': 78.765, 'valid/acc_align': 77.593, 'test/acc': 77.764, 'test/acc_unbiased': 77.805, 'test/diff': 2.906, 'test/acc_skew': 79.258, 'test/acc_align': 76.352}
[6 / 20] best valid accuracy: 78.179 at epoch 6 
 best_stats: {'best_valid_epoch': 6, 'best_valid_valid/acc': 78.397, 'best_valid_valid/acc_unbiased': 78.179, 'best_valid_valid/diff': 4.88, 'best_valid_valid/acc_skew': 78.765, 'best_valid_valid/acc_align': 77.593, 'best_valid_test/acc': 77.764, 'best_valid_test/acc_unbiased': 77.805, 'best_valid_test/diff': 2.906, 'best_valid_test/acc_skew': 79.258, 'best_valid_test/acc_align': 76.352}
[6 / 20] best test accuracy: 77.805 at epoch 6 
 best_stats: {'best_test_epoch': 6, 'best_test_valid/acc': 78.397, 'best_test_valid/acc_unbiased': 78.179, 'best_test_valid/diff': 4.88, 'best_test_valid/acc_skew': 78.765, 'best_test_valid/acc_align': 77.593, 'best_test_test/acc': 77.764, 'best_test_test/acc_unbiased': 77.805, 'best_test_test/diff': 2.906, 'best_test_test/acc_skew': 79.258, 'best_test_test/acc_align': 76.352}
[7 / 20] Learning rate: 0.0001 weight: 0.01
[7 / 20] Loss: 4.780304596640847 CE Loss: 0.46669434796680104 Con Loss: 4.775637782703747
[7 / 20] tensor([[0.803, 0.783],
        [0.792, 0.773]]) {'epoch': 7, 'valid/acc': 79.241, 'valid/acc_unbiased': 79.288, 'valid/diff': 2.651, 'valid/acc_skew': 79.371, 'valid/acc_align': 79.205, 'test/acc': 78.65, 'test/acc_unbiased': 78.765, 'test/diff': 1.977, 'test/acc_skew': 79.754, 'test/acc_align': 77.776}
[7 / 20] best valid accuracy: 79.288 at epoch 7 
 best_stats: {'best_valid_epoch': 7, 'best_valid_valid/acc': 79.241, 'best_valid_valid/acc_unbiased': 79.288, 'best_valid_valid/diff': 2.651, 'best_valid_valid/acc_skew': 79.371, 'best_valid_valid/acc_align': 79.205, 'best_valid_test/acc': 78.65, 'best_valid_test/acc_unbiased': 78.765, 'best_valid_test/diff': 1.977, 'best_valid_test/acc_skew': 79.754, 'best_valid_test/acc_align': 77.776}
[7 / 20] best test accuracy: 78.765 at epoch 7 
 best_stats: {'best_test_epoch': 7, 'best_test_valid/acc': 79.241, 'best_test_valid/acc_unbiased': 79.288, 'best_test_valid/diff': 2.651, 'best_test_valid/acc_skew': 79.371, 'best_test_valid/acc_align': 79.205, 'best_test_test/acc': 78.65, 'best_test_test/acc_unbiased': 78.765, 'best_test_test/diff': 1.977, 'best_test_test/acc_skew': 79.754, 'best_test_test/acc_align': 77.776}
[8 / 20] Learning rate: 0.0001 weight: 0.01
[8 / 20] Loss: 4.736337999864058 CE Loss: 0.47311244065111335 Con Loss: 4.731606821580367
[8 / 20] tensor([[0.830, 0.781],
        [0.762, 0.786]]) {'epoch': 8, 'valid/acc': 80.211, 'valid/acc_unbiased': 80.199, 'valid/diff': 1.489, 'valid/acc_skew': 80.944, 'valid/acc_align': 79.455, 'test/acc': 79.03, 'test/acc_unbiased': 78.977, 'test/diff': 3.624, 'test/acc_skew': 79.583, 'test/acc_align': 78.371}
[8 / 20] best valid accuracy: 80.199 at epoch 8 
 best_stats: {'best_valid_epoch': 8, 'best_valid_valid/acc': 80.211, 'best_valid_valid/acc_unbiased': 80.199, 'best_valid_valid/diff': 1.489, 'best_valid_valid/acc_skew': 80.944, 'best_valid_valid/acc_align': 79.455, 'best_valid_test/acc': 79.03, 'best_valid_test/acc_unbiased': 78.977, 'best_valid_test/diff': 3.624, 'best_valid_test/acc_skew': 79.583, 'best_valid_test/acc_align': 78.371}
[8 / 20] best test accuracy: 78.977 at epoch 8 
 best_stats: {'best_test_epoch': 8, 'best_test_valid/acc': 80.211, 'best_test_valid/acc_unbiased': 80.199, 'best_test_valid/diff': 1.489, 'best_test_valid/acc_skew': 80.944, 'best_test_valid/acc_align': 79.455, 'best_test_test/acc': 79.03, 'best_test_test/acc_unbiased': 78.977, 'best_test_test/diff': 3.624, 'best_test_test/acc_skew': 79.583, 'best_test_test/acc_align': 78.371}
[9 / 20] Learning rate: 0.0001 weight: 0.01
[9 / 20] Loss: 4.738675091483376 CE Loss: 0.4472850729118694 Con Loss: 4.734202289581299
[9 / 20] tensor([[0.832, 0.781],
        [0.753, 0.780]]) {'epoch': 9, 'valid/acc': 80.0, 'valid/acc_unbiased': 79.932, 'valid/diff': 0.852, 'valid/acc_skew': 80.359, 'valid/acc_align': 79.506, 'test/acc': 78.734, 'test/acc_unbiased': 78.657, 'test/diff': 3.85, 'test/acc_skew': 79.239, 'test/acc_align': 78.074}
[9 / 20] best valid accuracy: 80.199 at epoch 8 
 best_stats: {'best_valid_epoch': 8, 'best_valid_valid/acc': 80.211, 'best_valid_valid/acc_unbiased': 80.199, 'best_valid_valid/diff': 1.489, 'best_valid_valid/acc_skew': 80.944, 'best_valid_valid/acc_align': 79.455, 'best_valid_test/acc': 79.03, 'best_valid_test/acc_unbiased': 78.977, 'best_valid_test/diff': 3.624, 'best_valid_test/acc_skew': 79.583, 'best_valid_test/acc_align': 78.371}
[9 / 20] best test accuracy: 78.977 at epoch 8 
 best_stats: {'best_test_epoch': 8, 'best_test_valid/acc': 80.211, 'best_test_valid/acc_unbiased': 80.199, 'best_test_valid/diff': 1.489, 'best_test_valid/acc_skew': 80.944, 'best_test_valid/acc_align': 79.455, 'best_test_test/acc': 79.03, 'best_test_test/acc_unbiased': 78.977, 'best_test_test/diff': 3.624, 'best_test_test/acc_skew': 79.583, 'best_test_test/acc_align': 78.371}
[10 / 20] Learning rate: 0.0001 weight: 0.01
[10 / 20] Loss: 4.732759727131237 CE Loss: 0.4419535073367032 Con Loss: 4.728340148925781
[10 / 20] tensor([[0.810, 0.756],
        [0.790, 0.829]]) {'epoch': 10, 'valid/acc': 80.042, 'valid/acc_unbiased': 80.226, 'valid/diff': 2.05, 'valid/acc_skew': 81.251, 'valid/acc_align': 79.201, 'test/acc': 79.62, 'test/acc_unbiased': 79.637, 'test/diff': 4.642, 'test/acc_skew': 80.004, 'test/acc_align': 79.27}
[10 / 20] best valid accuracy: 80.226 at epoch 10 
 best_stats: {'best_valid_epoch': 10, 'best_valid_valid/acc': 80.042, 'best_valid_valid/acc_unbiased': 80.226, 'best_valid_valid/diff': 2.05, 'best_valid_valid/acc_skew': 81.251, 'best_valid_valid/acc_align': 79.201, 'best_valid_test/acc': 79.62, 'best_valid_test/acc_unbiased': 79.637, 'best_valid_test/diff': 4.642, 'best_valid_test/acc_skew': 80.004, 'best_valid_test/acc_align': 79.27}
[10 / 20] best test accuracy: 79.637 at epoch 10 
 best_stats: {'best_test_epoch': 10, 'best_test_valid/acc': 80.042, 'best_test_valid/acc_unbiased': 80.226, 'best_test_valid/diff': 2.05, 'best_test_valid/acc_skew': 81.251, 'best_test_valid/acc_align': 79.201, 'best_test_test/acc': 79.62, 'best_test_test/acc_unbiased': 79.637, 'best_test_test/diff': 4.642, 'best_test_test/acc_skew': 80.004, 'best_test_test/acc_align': 79.27}
[11 / 20] Learning rate: 0.0001 weight: 0.01
[11 / 20] Loss: 4.739451668479226 CE Loss: 0.42978832830082286 Con Loss: 4.73515378778631
[11 / 20] tensor([[0.826, 0.789],
        [0.792, 0.802]]) {'epoch': 11, 'valid/acc': 80.549, 'valid/acc_unbiased': 80.595, 'valid/diff': 2.307, 'valid/acc_skew': 81.748, 'valid/acc_align': 79.442, 'test/acc': 80.211, 'test/acc_unbiased': 80.238, 'test/diff': 2.378, 'test/acc_skew': 80.919, 'test/acc_align': 79.558}
[11 / 20] best valid accuracy: 80.595 at epoch 11 
 best_stats: {'best_valid_epoch': 11, 'best_valid_valid/acc': 80.549, 'best_valid_valid/acc_unbiased': 80.595, 'best_valid_valid/diff': 2.307, 'best_valid_valid/acc_skew': 81.748, 'best_valid_valid/acc_align': 79.442, 'best_valid_test/acc': 80.211, 'best_valid_test/acc_unbiased': 80.238, 'best_valid_test/diff': 2.378, 'best_valid_test/acc_skew': 80.919, 'best_valid_test/acc_align': 79.558}
[11 / 20] best test accuracy: 80.238 at epoch 11 
 best_stats: {'best_test_epoch': 11, 'best_test_valid/acc': 80.549, 'best_test_valid/acc_unbiased': 80.595, 'best_test_valid/diff': 2.307, 'best_test_valid/acc_skew': 81.748, 'best_test_valid/acc_align': 79.442, 'best_test_test/acc': 80.211, 'best_test_test/acc_unbiased': 80.238, 'best_test_test/diff': 2.378, 'best_test_test/acc_skew': 80.919, 'best_test_test/acc_align': 79.558}
[12 / 20] Learning rate: 0.0001 weight: 0.01
[12 / 20] Loss: 4.721771188215776 CE Loss: 0.41885604099793866 Con Loss: 4.717582503232089
[12 / 20] tensor([[0.808, 0.764],
        [0.797, 0.810]]) {'epoch': 12, 'valid/acc': 80.211, 'valid/acc_unbiased': 80.309, 'valid/diff': 1.477, 'valid/acc_skew': 81.047, 'valid/acc_align': 79.571, 'test/acc': 79.367, 'test/acc_unbiased': 79.456, 'test/diff': 2.893, 'test/acc_skew': 80.239, 'test/acc_align': 78.674}
[12 / 20] best valid accuracy: 80.595 at epoch 11 
 best_stats: {'best_valid_epoch': 11, 'best_valid_valid/acc': 80.549, 'best_valid_valid/acc_unbiased': 80.595, 'best_valid_valid/diff': 2.307, 'best_valid_valid/acc_skew': 81.748, 'best_valid_valid/acc_align': 79.442, 'best_valid_test/acc': 80.211, 'best_valid_test/acc_unbiased': 80.238, 'best_valid_test/diff': 2.378, 'best_valid_test/acc_skew': 80.919, 'best_valid_test/acc_align': 79.558}
[12 / 20] best test accuracy: 80.238 at epoch 11 
 best_stats: {'best_test_epoch': 11, 'best_test_valid/acc': 80.549, 'best_test_valid/acc_unbiased': 80.595, 'best_test_valid/diff': 2.307, 'best_test_valid/acc_skew': 81.748, 'best_test_valid/acc_align': 79.442, 'best_test_test/acc': 80.211, 'best_test_test/acc_unbiased': 80.238, 'best_test_test/diff': 2.378, 'best_test_test/acc_skew': 80.919, 'best_test_test/acc_align': 79.558}
[13 / 20] Learning rate: 0.0001 weight: 0.01
[13 / 20] Loss: 4.669545156305486 CE Loss: 0.45059870752421294 Con Loss: 4.665039166537198
[13 / 20] tensor([[0.806, 0.761],
        [0.805, 0.810]]) {'epoch': 13, 'valid/acc': 80.253, 'valid/acc_unbiased': 80.483, 'valid/diff': 2.537, 'valid/acc_skew': 81.751, 'valid/acc_align': 79.214, 'test/acc': 79.409, 'test/acc_unbiased': 79.554, 'test/diff': 2.518, 'test/acc_skew': 80.582, 'test/acc_align': 78.526}
[13 / 20] best valid accuracy: 80.595 at epoch 11 
 best_stats: {'best_valid_epoch': 11, 'best_valid_valid/acc': 80.549, 'best_valid_valid/acc_unbiased': 80.595, 'best_valid_valid/diff': 2.307, 'best_valid_valid/acc_skew': 81.748, 'best_valid_valid/acc_align': 79.442, 'best_valid_test/acc': 80.211, 'best_valid_test/acc_unbiased': 80.238, 'best_valid_test/diff': 2.378, 'best_valid_test/acc_skew': 80.919, 'best_valid_test/acc_align': 79.558}
[13 / 20] best test accuracy: 80.238 at epoch 11 
 best_stats: {'best_test_epoch': 11, 'best_test_valid/acc': 80.549, 'best_test_valid/acc_unbiased': 80.595, 'best_test_valid/diff': 2.307, 'best_test_valid/acc_skew': 81.748, 'best_test_valid/acc_align': 79.442, 'best_test_test/acc': 80.211, 'best_test_test/acc_unbiased': 80.238, 'best_test_test/diff': 2.378, 'best_test_test/acc_skew': 80.919, 'best_test_test/acc_align': 79.558}
[14 / 20] Learning rate: 1e-05 weight: 0.01
[14 / 20] Loss: 4.653958372636275 CE Loss: 0.4447248084978624 Con Loss: 4.649511198564009
[14 / 20] tensor([[0.803, 0.750],
        [0.814, 0.819]]) {'epoch': 14, 'valid/acc': 80.127, 'valid/acc_unbiased': 80.365, 'valid/diff': 1.666, 'valid/acc_skew': 81.198, 'valid/acc_align': 79.532, 'test/acc': 79.451, 'test/acc_unbiased': 79.645, 'test/diff': 2.868, 'test/acc_skew': 80.836, 'test/acc_align': 78.455}
[14 / 20] best valid accuracy: 80.595 at epoch 11 
 best_stats: {'best_valid_epoch': 11, 'best_valid_valid/acc': 80.549, 'best_valid_valid/acc_unbiased': 80.595, 'best_valid_valid/diff': 2.307, 'best_valid_valid/acc_skew': 81.748, 'best_valid_valid/acc_align': 79.442, 'best_valid_test/acc': 80.211, 'best_valid_test/acc_unbiased': 80.238, 'best_valid_test/diff': 2.378, 'best_valid_test/acc_skew': 80.919, 'best_valid_test/acc_align': 79.558}
[14 / 20] best test accuracy: 80.238 at epoch 11 
 best_stats: {'best_test_epoch': 11, 'best_test_valid/acc': 80.549, 'best_test_valid/acc_unbiased': 80.595, 'best_test_valid/diff': 2.307, 'best_test_valid/acc_skew': 81.748, 'best_test_valid/acc_align': 79.442, 'best_test_test/acc': 80.211, 'best_test_test/acc_unbiased': 80.238, 'best_test_test/diff': 2.378, 'best_test_test/acc_skew': 80.919, 'best_test_test/acc_align': 79.558}
[15 / 20] Learning rate: 1e-05 weight: 0.01
[15 / 20] Loss: 4.66126032742587 CE Loss: 0.41068940975449303 Con Loss: 4.657153467698531
[15 / 20] tensor([[0.801, 0.755],
        [0.807, 0.817]]) {'epoch': 15, 'valid/acc': 80.295, 'valid/acc_unbiased': 80.524, 'valid/diff': 1.52, 'valid/acc_skew': 81.284, 'valid/acc_align': 79.764, 'test/acc': 79.367, 'test/acc_unbiased': 79.512, 'test/diff': 2.808, 'test/acc_skew': 80.422, 'test/acc_align': 78.602}
[15 / 20] best valid accuracy: 80.595 at epoch 11 
 best_stats: {'best_valid_epoch': 11, 'best_valid_valid/acc': 80.549, 'best_valid_valid/acc_unbiased': 80.595, 'best_valid_valid/diff': 2.307, 'best_valid_valid/acc_skew': 81.748, 'best_valid_valid/acc_align': 79.442, 'best_valid_test/acc': 80.211, 'best_valid_test/acc_unbiased': 80.238, 'best_valid_test/diff': 2.378, 'best_valid_test/acc_skew': 80.919, 'best_valid_test/acc_align': 79.558}
[15 / 20] best test accuracy: 80.238 at epoch 11 
 best_stats: {'best_test_epoch': 11, 'best_test_valid/acc': 80.549, 'best_test_valid/acc_unbiased': 80.595, 'best_test_valid/diff': 2.307, 'best_test_valid/acc_skew': 81.748, 'best_test_valid/acc_align': 79.442, 'best_test_test/acc': 80.211, 'best_test_test/acc_unbiased': 80.238, 'best_test_test/diff': 2.378, 'best_test_test/acc_skew': 80.919, 'best_test_test/acc_align': 79.558}
[16 / 20] Learning rate: 1e-05 weight: 0.01
[16 / 20] Loss: 4.679982670870694 CE Loss: 0.43612016060135583 Con Loss: 4.675621457533403
[16 / 20] tensor([[0.799, 0.749],
        [0.818, 0.823]]) {'epoch': 16, 'valid/acc': 80.506, 'valid/acc_unbiased': 80.832, 'valid/diff': 2.092, 'valid/acc_skew': 81.878, 'valid/acc_align': 79.786, 'test/acc': 79.536, 'test/acc_unbiased': 79.738, 'test/diff': 2.769, 'test/acc_skew': 80.873, 'test/acc_align': 78.604}
[16 / 20] best valid accuracy: 80.832 at epoch 16 
 best_stats: {'best_valid_epoch': 16, 'best_valid_valid/acc': 80.506, 'best_valid_valid/acc_unbiased': 80.832, 'best_valid_valid/diff': 2.092, 'best_valid_valid/acc_skew': 81.878, 'best_valid_valid/acc_align': 79.786, 'best_valid_test/acc': 79.536, 'best_valid_test/acc_unbiased': 79.738, 'best_valid_test/diff': 2.769, 'best_valid_test/acc_skew': 80.873, 'best_valid_test/acc_align': 78.604}
[16 / 20] best test accuracy: 80.238 at epoch 11 
 best_stats: {'best_test_epoch': 11, 'best_test_valid/acc': 80.549, 'best_test_valid/acc_unbiased': 80.595, 'best_test_valid/diff': 2.307, 'best_test_valid/acc_skew': 81.748, 'best_test_valid/acc_align': 79.442, 'best_test_test/acc': 80.211, 'best_test_test/acc_unbiased': 80.238, 'best_test_test/diff': 2.378, 'best_test_test/acc_skew': 80.919, 'best_test_test/acc_align': 79.558}
[17 / 20] Learning rate: 1e-05 weight: 0.01
[17 / 20] Loss: 4.661448600075461 CE Loss: 0.42937219901518386 Con Loss: 4.657154846191406
[17 / 20] tensor([[0.790, 0.734],
        [0.831, 0.841]]) {'epoch': 17, 'valid/acc': 80.042, 'valid/acc_unbiased': 80.427, 'valid/diff': 1.377, 'valid/acc_skew': 81.115, 'valid/acc_align': 79.739, 'test/acc': 79.662, 'test/acc_unbiased': 79.916, 'test/diff': 3.302, 'test/acc_skew': 81.075, 'test/acc_align': 78.757}
[17 / 20] best valid accuracy: 80.832 at epoch 16 
 best_stats: {'best_valid_epoch': 16, 'best_valid_valid/acc': 80.506, 'best_valid_valid/acc_unbiased': 80.832, 'best_valid_valid/diff': 2.092, 'best_valid_valid/acc_skew': 81.878, 'best_valid_valid/acc_align': 79.786, 'best_valid_test/acc': 79.536, 'best_valid_test/acc_unbiased': 79.738, 'best_valid_test/diff': 2.769, 'best_valid_test/acc_skew': 80.873, 'best_valid_test/acc_align': 78.604}
[17 / 20] best test accuracy: 80.238 at epoch 11 
 best_stats: {'best_test_epoch': 11, 'best_test_valid/acc': 80.549, 'best_test_valid/acc_unbiased': 80.595, 'best_test_valid/diff': 2.307, 'best_test_valid/acc_skew': 81.748, 'best_test_valid/acc_align': 79.442, 'best_test_test/acc': 80.211, 'best_test_test/acc_unbiased': 80.238, 'best_test_test/diff': 2.378, 'best_test_test/acc_skew': 80.919, 'best_test_test/acc_align': 79.558}
[18 / 20] Learning rate: 1e-05 weight: 0.01
[18 / 20] Loss: 4.662394402243875 CE Loss: 0.4040862435644323 Con Loss: 4.658353519439697
[18 / 20] tensor([[0.806, 0.749],
        [0.818, 0.823]]) {'epoch': 18, 'valid/acc': 80.886, 'valid/acc_unbiased': 81.108, 'valid/diff': 1.475, 'valid/acc_skew': 81.846, 'valid/acc_align': 80.371, 'test/acc': 79.705, 'test/acc_unbiased': 79.918, 'test/diff': 3.128, 'test/acc_skew': 81.232, 'test/acc_align': 78.604}
[18 / 20] best valid accuracy: 81.108 at epoch 18 
 best_stats: {'best_valid_epoch': 18, 'best_valid_valid/acc': 80.886, 'best_valid_valid/acc_unbiased': 81.108, 'best_valid_valid/diff': 1.475, 'best_valid_valid/acc_skew': 81.846, 'best_valid_valid/acc_align': 80.371, 'best_valid_test/acc': 79.705, 'best_valid_test/acc_unbiased': 79.918, 'best_valid_test/diff': 3.128, 'best_valid_test/acc_skew': 81.232, 'best_valid_test/acc_align': 78.604}
[18 / 20] best test accuracy: 80.238 at epoch 11 
 best_stats: {'best_test_epoch': 11, 'best_test_valid/acc': 80.549, 'best_test_valid/acc_unbiased': 80.595, 'best_test_valid/diff': 2.307, 'best_test_valid/acc_skew': 81.748, 'best_test_valid/acc_align': 79.442, 'best_test_test/acc': 80.211, 'best_test_test/acc_unbiased': 80.238, 'best_test_test/diff': 2.378, 'best_test_test/acc_skew': 80.919, 'best_test_test/acc_align': 79.558}
[19 / 20] Learning rate: 1e-05 weight: 0.01
[19 / 20] Loss: 4.684450418298895 CE Loss: 0.4297900552099401 Con Loss: 4.680152546275746
[19 / 20] tensor([[0.814, 0.756],
        [0.818, 0.822]]) {'epoch': 19, 'valid/acc': 80.886, 'valid/acc_unbiased': 81.091, 'valid/diff': 1.93, 'valid/acc_skew': 82.056, 'valid/acc_align': 80.126, 'test/acc': 80.042, 'test/acc_unbiased': 80.244, 'test/diff': 3.043, 'test/acc_skew': 81.59, 'test/acc_align': 78.899}
[19 / 20] best valid accuracy: 81.108 at epoch 18 
 best_stats: {'best_valid_epoch': 18, 'best_valid_valid/acc': 80.886, 'best_valid_valid/acc_unbiased': 81.108, 'best_valid_valid/diff': 1.475, 'best_valid_valid/acc_skew': 81.846, 'best_valid_valid/acc_align': 80.371, 'best_valid_test/acc': 79.705, 'best_valid_test/acc_unbiased': 79.918, 'best_valid_test/diff': 3.128, 'best_valid_test/acc_skew': 81.232, 'best_valid_test/acc_align': 78.604}
[19 / 20] best test accuracy: 80.244 at epoch 19 
 best_stats: {'best_test_epoch': 19, 'best_test_valid/acc': 80.886, 'best_test_valid/acc_unbiased': 81.091, 'best_test_valid/diff': 1.93, 'best_test_valid/acc_skew': 82.056, 'best_test_valid/acc_align': 80.126, 'best_test_test/acc': 80.042, 'best_test_test/acc_unbiased': 80.244, 'best_test_test/diff': 3.043, 'best_test_test/acc_skew': 81.59, 'best_test_test/acc_align': 78.899}
[20 / 20] Learning rate: 1e-05 weight: 0.01
[20 / 20] Loss: 4.667740388350054 CE Loss: 0.4230953438715501 Con Loss: 4.663509550961581
[20 / 20] tensor([[0.817, 0.762],
        [0.812, 0.817]]) {'epoch': 20, 'valid/acc': 81.055, 'valid/acc_unbiased': 81.225, 'valid/diff': 1.786, 'valid/acc_skew': 82.118, 'valid/acc_align': 80.332, 'test/acc': 80.042, 'test/acc_unbiased': 80.208, 'test/diff': 3.028, 'test/acc_skew': 81.445, 'test/acc_align': 78.971}
[20 / 20] best valid accuracy: 81.225 at epoch 20 
 best_stats: {'best_valid_epoch': 20, 'best_valid_valid/acc': 81.055, 'best_valid_valid/acc_unbiased': 81.225, 'best_valid_valid/diff': 1.786, 'best_valid_valid/acc_skew': 82.118, 'best_valid_valid/acc_align': 80.332, 'best_valid_test/acc': 80.042, 'best_valid_test/acc_unbiased': 80.208, 'best_valid_test/diff': 3.028, 'best_valid_test/acc_skew': 81.445, 'best_valid_test/acc_align': 78.971}
[20 / 20] best test accuracy: 80.244 at epoch 19 
 best_stats: {'best_test_epoch': 19, 'best_test_valid/acc': 80.886, 'best_test_valid/acc_unbiased': 81.091, 'best_test_valid/diff': 1.93, 'best_test_valid/acc_skew': 82.056, 'best_test_valid/acc_align': 80.126, 'best_test_test/acc': 80.042, 'best_test_test/acc_unbiased': 80.244, 'best_test_test/diff': 3.043, 'best_test_test/acc_skew': 81.59, 'best_test_test/acc_align': 78.899}
Total training time: 0:17:36
