Log level set to: INFO
Set seed: 3
=======> Using Fixed Random Seed: 3 <========
save_path: exp_results/bc-bb0-utk_face_race-uw-0.3-lr0.001-bs128-cbs64-w0.01-ratio10-aug1-seed3
get_utk_face - split: train, aug: False, given_y: True, ratio: 0
use existing biased_utk_face from data/utk_face/pickles/biased_utk_face-target_gender-bias_race-0.3
Distribution Before Sampling: 
===================================
Binary Labels Distribution: 
Binary Target 0
---------------------------
Target 0: [4407, 3870]
Target 1: [3084, 5529]
Binary Target 1
---------------------------
Target 0: [4407, 3870]
Target 1: [3084, 5529]
===================================
Normal Label Distribution: 
Target 0: [4407, 3870]
Target 1: [3084, 5529]
===================================
Distribution After Sampling: 
===================================
Binary Labels Distribution: 
Binary Target 0
---------------------------
Target 0: [4407, 3870]
Target 1: [3084, 5529]
Binary Target 1
---------------------------
Target 0: [4407, 3870]
Target 1: [3084, 5529]
===================================
Normal Label Distribution: 
Target 0: [4407, 3870]
Target 1: [3084, 5529]
===================================
Use BiasedUTKFace - target_attr: gender
BiasedUTKFace -- total: 16890, target_attr: gender, bias_attr: race bias_rate: 0.3
['[train] target_0-bias_0: 4407', '[train] target_0-bias_1: 3870', '[train] target_1-bias_0: 3084', '[train] target_1-bias_1: 5529']
confusion_matrix - 
 original: tensor([[4407., 3084.],
        [3870., 5529.]]), 
 normalized: tensor([[0.588, 0.412],
        [0.412, 0.588]]), 
 b|y: tensor([[0.532, 0.468],
        [0.358, 0.642]])
get_utk_face - split: train, aug: 1, given_y: True, ratio: 10
use existing biased_utk_face from data/utk_face/pickles/biased_utk_face-target_gender-bias_race-0.3
Distribution Before Sampling: 
===================================
Binary Labels Distribution: 
Binary Target 0
---------------------------
Target 0: [4407, 3870]
Target 1: [3084, 5529]
Binary Target 1
---------------------------
Target 0: [4407, 3870]
Target 1: [3084, 5529]
===================================
Normal Label Distribution: 
Target 0: [4407, 3870]
Target 1: [3084, 5529]
===================================
Distribution After Sampling: 
===================================
Binary Labels Distribution: 
Binary Target 0
---------------------------
Target 0: [4407, 3870]
Target 1: [3084, 5529]
Binary Target 1
---------------------------
Target 0: [4407, 3870]
Target 1: [3084, 5529]
===================================
Normal Label Distribution: 
Target 0: [4407, 3870]
Target 1: [3084, 5529]
===================================
Use BiasedUTKFace - target_attr: gender
BiasedUTKFace -- total: 16890, target_attr: gender, bias_attr: race bias_rate: 0.3
['[train] target_0-bias_0: 4407', '[train] target_0-bias_1: 3870', '[train] target_1-bias_0: 3084', '[train] target_1-bias_1: 5529']
get_utk_face - split: valid, aug: False, given_y: True, ratio: 0
use existing biased_utk_face from data/utk_face/pickles/biased_utk_face-target_gender-bias_race-0.3
Distribution Before Sampling: 
===================================
Binary Labels Distribution: 
Binary Target 0
---------------------------
Target 0: [583, 684]
Target 1: [457, 646]
Binary Target 1
---------------------------
Target 0: [583, 684]
Target 1: [457, 646]
===================================
Normal Label Distribution: 
Target 0: [583, 684]
Target 1: [457, 646]
===================================
Use BiasedUTKFace - target_attr: gender
BiasedUTKFace -- total: 2370, target_attr: gender, bias_attr: race bias_rate: 0.3
['[valid] target_0-bias_0: 583', '[valid] target_0-bias_1: 684', '[valid] target_1-bias_0: 457', '[valid] target_1-bias_1: 646']
get_utk_face - split: test, aug: False, given_y: True, ratio: 0
use existing biased_utk_face from data/utk_face/pickles/biased_utk_face-target_gender-bias_race-0.3
Distribution Before Sampling: 
===================================
Binary Labels Distribution: 
Binary Target 0
---------------------------
Target 0: [558, 677]
Target 1: [462, 673]
Binary Target 1
---------------------------
Target 0: [558, 677]
Target 1: [462, 673]
===================================
Normal Label Distribution: 
Target 0: [558, 677]
Target 1: [462, 673]
===================================
Use BiasedUTKFace - target_attr: gender
BiasedUTKFace -- total: 2370, target_attr: gender, bias_attr: race bias_rate: 0.3
['[test] target_0-bias_0: 558', '[test] target_0-bias_1: 677', '[test] target_1-bias_0: 462', '[test] target_1-bias_1: 673']
decay_epochs: [6, 13]
[1 / 20] Learning rate: 0.001 weight: 0.01
[1 / 20] Loss: 4.867468260871792 CE Loss: 2.1412176842799617 Con Loss: 4.846056079243399
[1 / 20] tensor([[0.706, 0.656],
        [0.918, 0.915]]) {'epoch': 1, 'valid/acc': 78.27, 'valid/acc_unbiased': 79.202, 'valid/diff': 3.232, 'valid/acc_skew': 80.818, 'valid/acc_align': 77.586, 'test/acc': 79.241, 'test/acc_unbiased': 79.875, 'test/diff': 2.635, 'test/acc_skew': 78.679, 'test/acc_align': 81.07}
[1 / 20] best valid accuracy: 79.202 at epoch 1 
 best_stats: {'best_valid_epoch': 1, 'best_valid_valid/acc': 78.27, 'best_valid_valid/acc_unbiased': 79.202, 'best_valid_valid/diff': 3.232, 'best_valid_valid/acc_skew': 80.818, 'best_valid_valid/acc_align': 77.586, 'best_valid_test/acc': 79.241, 'best_valid_test/acc_unbiased': 79.875, 'best_valid_test/diff': 2.635, 'best_valid_test/acc_skew': 78.679, 'best_valid_test/acc_align': 81.07}
[1 / 20] best test accuracy: 79.875 at epoch 1 
 best_stats: {'best_test_epoch': 1, 'best_test_valid/acc': 78.27, 'best_test_valid/acc_unbiased': 79.202, 'best_test_valid/diff': 3.232, 'best_test_valid/acc_skew': 80.818, 'best_test_valid/acc_align': 77.586, 'best_test_test/acc': 79.241, 'best_test_test/acc_unbiased': 79.875, 'best_test_test/diff': 2.635, 'best_test_test/acc_skew': 78.679, 'best_test_test/acc_align': 81.07}
[2 / 20] Learning rate: 0.001 weight: 0.01
[2 / 20] Loss: 4.757380667687027 CE Loss: 1.740626731548456 Con Loss: 4.739974390451128
[2 / 20] tensor([[0.896, 0.870],
        [0.781, 0.814]]) {'epoch': 2, 'valid/acc': 84.852, 'valid/acc_unbiased': 84.587, 'valid/diff': 0.84, 'valid/acc_skew': 84.305, 'valid/acc_align': 84.87, 'test/acc': 84.304, 'test/acc_unbiased': 84.043, 'test/diff': 2.946, 'test/acc_skew': 82.57, 'test/acc_align': 85.516}
[2 / 20] best valid accuracy: 84.587 at epoch 2 
 best_stats: {'best_valid_epoch': 2, 'best_valid_valid/acc': 84.852, 'best_valid_valid/acc_unbiased': 84.587, 'best_valid_valid/diff': 0.84, 'best_valid_valid/acc_skew': 84.305, 'best_valid_valid/acc_align': 84.87, 'best_valid_test/acc': 84.304, 'best_valid_test/acc_unbiased': 84.043, 'best_valid_test/diff': 2.946, 'best_valid_test/acc_skew': 82.57, 'best_valid_test/acc_align': 85.516}
[2 / 20] best test accuracy: 84.043 at epoch 2 
 best_stats: {'best_test_epoch': 2, 'best_test_valid/acc': 84.852, 'best_test_valid/acc_unbiased': 84.587, 'best_test_valid/diff': 0.84, 'best_test_valid/acc_skew': 84.305, 'best_test_valid/acc_align': 84.87, 'best_test_test/acc': 84.304, 'best_test_test/acc_unbiased': 84.043, 'best_test_test/diff': 2.946, 'best_test_test/acc_skew': 82.57, 'best_test_test/acc_align': 85.516}
[3 / 20] Learning rate: 0.001 weight: 0.01
[3 / 20] Loss: 4.740326580174086 CE Loss: 1.6867232337655789 Con Loss: 4.723459343150779
[3 / 20] tensor([[0.853, 0.827],
        [0.840, 0.851]]) {'epoch': 3, 'valid/acc': 84.515, 'valid/acc_unbiased': 84.658, 'valid/diff': 2.571, 'valid/acc_skew': 85.943, 'valid/acc_align': 83.372, 'test/acc': 84.262, 'test/acc_unbiased': 84.287, 'test/diff': 1.873, 'test/acc_skew': 83.35, 'test/acc_align': 85.223}
[3 / 20] best valid accuracy: 84.658 at epoch 3 
 best_stats: {'best_valid_epoch': 3, 'best_valid_valid/acc': 84.515, 'best_valid_valid/acc_unbiased': 84.658, 'best_valid_valid/diff': 2.571, 'best_valid_valid/acc_skew': 85.943, 'best_valid_valid/acc_align': 83.372, 'best_valid_test/acc': 84.262, 'best_valid_test/acc_unbiased': 84.287, 'best_valid_test/diff': 1.873, 'best_valid_test/acc_skew': 83.35, 'best_valid_test/acc_align': 85.223}
[3 / 20] best test accuracy: 84.287 at epoch 3 
 best_stats: {'best_test_epoch': 3, 'best_test_valid/acc': 84.515, 'best_test_valid/acc_unbiased': 84.658, 'best_test_valid/diff': 2.571, 'best_test_valid/acc_skew': 85.943, 'best_test_valid/acc_align': 83.372, 'best_test_test/acc': 84.262, 'best_test_test/acc_unbiased': 84.287, 'best_test_test/diff': 1.873, 'best_test_test/acc_skew': 83.35, 'best_test_test/acc_align': 85.223}
[4 / 20] Learning rate: 0.001 weight: 0.01
[4 / 20] Loss: 4.722755058677046 CE Loss: 1.5830301914361893 Con Loss: 4.706924763143663
[4 / 20] tensor([[0.806, 0.747],
        [0.926, 0.932]]) {'epoch': 4, 'valid/acc': 84.473, 'valid/acc_unbiased': 85.11, 'valid/diff': 2.117, 'valid/acc_skew': 84.949, 'valid/acc_align': 85.272, 'test/acc': 84.852, 'test/acc_unbiased': 85.298, 'test/diff': 3.214, 'test/acc_skew': 83.691, 'test/acc_align': 86.905}
[4 / 20] best valid accuracy: 85.110 at epoch 4 
 best_stats: {'best_valid_epoch': 4, 'best_valid_valid/acc': 84.473, 'best_valid_valid/acc_unbiased': 85.11, 'best_valid_valid/diff': 2.117, 'best_valid_valid/acc_skew': 84.949, 'best_valid_valid/acc_align': 85.272, 'best_valid_test/acc': 84.852, 'best_valid_test/acc_unbiased': 85.298, 'best_valid_test/diff': 3.214, 'best_valid_test/acc_skew': 83.691, 'best_valid_test/acc_align': 86.905}
[4 / 20] best test accuracy: 85.298 at epoch 4 
 best_stats: {'best_test_epoch': 4, 'best_test_valid/acc': 84.473, 'best_test_valid/acc_unbiased': 85.11, 'best_test_valid/diff': 2.117, 'best_test_valid/acc_skew': 84.949, 'best_test_valid/acc_align': 85.272, 'best_test_test/acc': 84.852, 'best_test_test/acc_unbiased': 85.298, 'best_test_test/diff': 3.214, 'best_test_test/acc_skew': 83.691, 'best_test_test/acc_align': 86.905}
[5 / 20] Learning rate: 0.001 weight: 0.01
[5 / 20] Loss: 4.714244211884629 CE Loss: 1.579572869095314 Con Loss: 4.6984484874122305
[5 / 20] tensor([[0.833, 0.792],
        [0.861, 0.903]]) {'epoch': 5, 'valid/acc': 85.063, 'valid/acc_unbiased': 85.279, 'valid/diff': 2.036, 'valid/acc_skew': 84.261, 'valid/acc_align': 86.296, 'test/acc': 84.684, 'test/acc_unbiased': 84.749, 'test/diff': 4.178, 'test/acc_skew': 82.66, 'test/acc_align': 86.838}
[5 / 20] best valid accuracy: 85.279 at epoch 5 
 best_stats: {'best_valid_epoch': 5, 'best_valid_valid/acc': 85.063, 'best_valid_valid/acc_unbiased': 85.279, 'best_valid_valid/diff': 2.036, 'best_valid_valid/acc_skew': 84.261, 'best_valid_valid/acc_align': 86.296, 'best_valid_test/acc': 84.684, 'best_valid_test/acc_unbiased': 84.749, 'best_valid_test/diff': 4.178, 'best_valid_test/acc_skew': 82.66, 'best_valid_test/acc_align': 86.838}
[5 / 20] best test accuracy: 85.298 at epoch 4 
 best_stats: {'best_test_epoch': 4, 'best_test_valid/acc': 84.473, 'best_test_valid/acc_unbiased': 85.11, 'best_test_valid/diff': 2.117, 'best_test_valid/acc_skew': 84.949, 'best_test_valid/acc_align': 85.272, 'best_test_test/acc': 84.852, 'best_test_test/acc_unbiased': 85.298, 'best_test_test/diff': 3.214, 'best_test_test/acc_skew': 83.691, 'best_test_test/acc_align': 86.905}
[6 / 20] Learning rate: 0.001 weight: 0.01
[6 / 20] Loss: 4.698122959690308 CE Loss: 1.5171865374749762 Con Loss: 4.682951084744514
[6 / 20] tensor([[0.805, 0.793],
        [0.861, 0.886]]) {'epoch': 6, 'valid/acc': 84.346, 'valid/acc_unbiased': 84.657, 'valid/diff': 2.871, 'valid/acc_skew': 84.48, 'valid/acc_align': 84.834, 'test/acc': 83.544, 'test/acc_unbiased': 83.623, 'test/diff': 1.778, 'test/acc_skew': 82.734, 'test/acc_align': 84.512}
[6 / 20] best valid accuracy: 85.279 at epoch 5 
 best_stats: {'best_valid_epoch': 5, 'best_valid_valid/acc': 85.063, 'best_valid_valid/acc_unbiased': 85.279, 'best_valid_valid/diff': 2.036, 'best_valid_valid/acc_skew': 84.261, 'best_valid_valid/acc_align': 86.296, 'best_valid_test/acc': 84.684, 'best_valid_test/acc_unbiased': 84.749, 'best_valid_test/diff': 4.178, 'best_valid_test/acc_skew': 82.66, 'best_valid_test/acc_align': 86.838}
[6 / 20] best test accuracy: 85.298 at epoch 4 
 best_stats: {'best_test_epoch': 4, 'best_test_valid/acc': 84.473, 'best_test_valid/acc_unbiased': 85.11, 'best_test_valid/diff': 2.117, 'best_test_valid/acc_skew': 84.949, 'best_test_valid/acc_align': 85.272, 'best_test_test/acc': 84.852, 'best_test_test/acc_unbiased': 85.298, 'best_test_test/diff': 3.214, 'best_test_test/acc_skew': 83.691, 'best_test_test/acc_align': 86.905}
[7 / 20] Learning rate: 0.0001 weight: 0.01
[7 / 20] Loss: 4.669603755277879 CE Loss: 1.4149398108358704 Con Loss: 4.655454351494057
[7 / 20] tensor([[0.860, 0.840],
        [0.885, 0.909]]) {'epoch': 7, 'valid/acc': 87.932, 'valid/acc_unbiased': 88.279, 'valid/diff': 3.51, 'valid/acc_skew': 88.203, 'valid/acc_align': 88.355, 'test/acc': 87.342, 'test/acc_unbiased': 87.383, 'test/diff': 2.191, 'test/acc_skew': 86.288, 'test/acc_align': 88.479}
[7 / 20] best valid accuracy: 88.279 at epoch 7 
 best_stats: {'best_valid_epoch': 7, 'best_valid_valid/acc': 87.932, 'best_valid_valid/acc_unbiased': 88.279, 'best_valid_valid/diff': 3.51, 'best_valid_valid/acc_skew': 88.203, 'best_valid_valid/acc_align': 88.355, 'best_valid_test/acc': 87.342, 'best_valid_test/acc_unbiased': 87.383, 'best_valid_test/diff': 2.191, 'best_valid_test/acc_skew': 86.288, 'best_valid_test/acc_align': 88.479}
[7 / 20] best test accuracy: 87.383 at epoch 7 
 best_stats: {'best_test_epoch': 7, 'best_test_valid/acc': 87.932, 'best_test_valid/acc_unbiased': 88.279, 'best_test_valid/diff': 3.51, 'best_test_valid/acc_skew': 88.203, 'best_test_valid/acc_align': 88.355, 'best_test_test/acc': 87.342, 'best_test_test/acc_unbiased': 87.383, 'best_test_test/diff': 2.191, 'best_test_test/acc_skew': 86.288, 'best_test_test/acc_align': 88.479}
[8 / 20] Learning rate: 0.0001 weight: 0.01
[8 / 20] Loss: 4.639747005754 CE Loss: 1.302785152976791 Con Loss: 4.626719176550459
[8 / 20] tensor([[0.864, 0.849],
        [0.892, 0.905]]) {'epoch': 8, 'valid/acc': 88.397, 'valid/acc_unbiased': 88.695, 'valid/diff': 2.382, 'valid/acc_skew': 88.751, 'valid/acc_align': 88.639, 'test/acc': 87.679, 'test/acc_unbiased': 87.745, 'test/diff': 1.38, 'test/acc_skew': 87.056, 'test/acc_align': 88.435}
[8 / 20] best valid accuracy: 88.695 at epoch 8 
 best_stats: {'best_valid_epoch': 8, 'best_valid_valid/acc': 88.397, 'best_valid_valid/acc_unbiased': 88.695, 'best_valid_valid/diff': 2.382, 'best_valid_valid/acc_skew': 88.751, 'best_valid_valid/acc_align': 88.639, 'best_valid_test/acc': 87.679, 'best_valid_test/acc_unbiased': 87.745, 'best_valid_test/diff': 1.38, 'best_valid_test/acc_skew': 87.056, 'best_valid_test/acc_align': 88.435}
[8 / 20] best test accuracy: 87.745 at epoch 8 
 best_stats: {'best_test_epoch': 8, 'best_test_valid/acc': 88.397, 'best_test_valid/acc_unbiased': 88.695, 'best_test_valid/diff': 2.382, 'best_test_valid/acc_skew': 88.751, 'best_test_valid/acc_align': 88.639, 'best_test_test/acc': 87.679, 'best_test_test/acc_unbiased': 87.745, 'best_test_test/diff': 1.38, 'best_test_test/acc_skew': 87.056, 'best_test_test/acc_align': 88.435}
[9 / 20] Learning rate: 0.0001 weight: 0.01
[9 / 20] Loss: 4.631030206753701 CE Loss: 1.2243177219987127 Con Loss: 4.618787032263458
[9 / 20] tensor([[0.857, 0.845],
        [0.898, 0.909]]) {'epoch': 9, 'valid/acc': 88.439, 'valid/acc_unbiased': 88.703, 'valid/diff': 0.995, 'valid/acc_skew': 88.678, 'valid/acc_align': 88.727, 'test/acc': 87.637, 'test/acc_unbiased': 87.729, 'test/diff': 1.141, 'test/acc_skew': 87.159, 'test/acc_align': 88.3}
[9 / 20] best valid accuracy: 88.703 at epoch 9 
 best_stats: {'best_valid_epoch': 9, 'best_valid_valid/acc': 88.439, 'best_valid_valid/acc_unbiased': 88.703, 'best_valid_valid/diff': 0.995, 'best_valid_valid/acc_skew': 88.678, 'best_valid_valid/acc_align': 88.727, 'best_valid_test/acc': 87.637, 'best_valid_test/acc_unbiased': 87.729, 'best_valid_test/diff': 1.141, 'best_valid_test/acc_skew': 87.159, 'best_valid_test/acc_align': 88.3}
[9 / 20] best test accuracy: 87.745 at epoch 8 
 best_stats: {'best_test_epoch': 8, 'best_test_valid/acc': 88.397, 'best_test_valid/acc_unbiased': 88.695, 'best_test_valid/diff': 2.382, 'best_test_valid/acc_skew': 88.751, 'best_test_valid/acc_align': 88.639, 'best_test_test/acc': 87.679, 'best_test_test/acc_unbiased': 87.745, 'best_test_test/diff': 1.38, 'best_test_test/acc_skew': 87.056, 'best_test_test/acc_align': 88.435}
[10 / 20] Learning rate: 0.0001 weight: 0.01
[10 / 20] Loss: 4.622064604231279 CE Loss: 1.233955801076759 Con Loss: 4.609725068489287
[10 / 20] tensor([[0.878, 0.867],
        [0.872, 0.895]]) {'epoch': 10, 'valid/acc': 89.451, 'valid/acc_unbiased': 89.584, 'valid/diff': 1.692, 'valid/acc_skew': 89.484, 'valid/acc_align': 89.685, 'test/acc': 87.848, 'test/acc_unbiased': 87.8, 'test/diff': 1.664, 'test/acc_skew': 86.968, 'test/acc_align': 88.632}
[10 / 20] best valid accuracy: 89.584 at epoch 10 
 best_stats: {'best_valid_epoch': 10, 'best_valid_valid/acc': 89.451, 'best_valid_valid/acc_unbiased': 89.584, 'best_valid_valid/diff': 1.692, 'best_valid_valid/acc_skew': 89.484, 'best_valid_valid/acc_align': 89.685, 'best_valid_test/acc': 87.848, 'best_valid_test/acc_unbiased': 87.8, 'best_valid_test/diff': 1.664, 'best_valid_test/acc_skew': 86.968, 'best_valid_test/acc_align': 88.632}
[10 / 20] best test accuracy: 87.800 at epoch 10 
 best_stats: {'best_test_epoch': 10, 'best_test_valid/acc': 89.451, 'best_test_valid/acc_unbiased': 89.584, 'best_test_valid/diff': 1.692, 'best_test_valid/acc_skew': 89.484, 'best_test_valid/acc_align': 89.685, 'best_test_test/acc': 87.848, 'best_test_test/acc_unbiased': 87.8, 'best_test_test/diff': 1.664, 'best_test_test/acc_skew': 86.968, 'best_test_test/acc_align': 88.632}
[11 / 20] Learning rate: 0.0001 weight: 0.01
[11 / 20] Loss: 4.606667357185594 CE Loss: 1.2023531339943514 Con Loss: 4.594643820609617
[11 / 20] tensor([[0.884, 0.888],
        [0.861, 0.883]]) {'epoch': 11, 'valid/acc': 88.692, 'valid/acc_unbiased': 88.727, 'valid/diff': 1.61, 'valid/acc_skew': 89.23, 'valid/acc_align': 88.223, 'test/acc': 88.017, 'test/acc_unbiased': 87.883, 'test/diff': 1.269, 'test/acc_skew': 87.461, 'test/acc_align': 88.306}
[11 / 20] best valid accuracy: 89.584 at epoch 10 
 best_stats: {'best_valid_epoch': 10, 'best_valid_valid/acc': 89.451, 'best_valid_valid/acc_unbiased': 89.584, 'best_valid_valid/diff': 1.692, 'best_valid_valid/acc_skew': 89.484, 'best_valid_valid/acc_align': 89.685, 'best_valid_test/acc': 87.848, 'best_valid_test/acc_unbiased': 87.8, 'best_valid_test/diff': 1.664, 'best_valid_test/acc_skew': 86.968, 'best_valid_test/acc_align': 88.632}
[11 / 20] best test accuracy: 87.883 at epoch 11 
 best_stats: {'best_test_epoch': 11, 'best_test_valid/acc': 88.692, 'best_test_valid/acc_unbiased': 88.727, 'best_test_valid/diff': 1.61, 'best_test_valid/acc_skew': 89.23, 'best_test_valid/acc_align': 88.223, 'best_test_test/acc': 88.017, 'best_test_test/acc_unbiased': 87.883, 'best_test_test/diff': 1.269, 'best_test_test/acc_skew': 87.461, 'best_test_test/acc_align': 88.306}
[12 / 20] Learning rate: 0.0001 weight: 0.01
[12 / 20] Loss: 4.618418543066338 CE Loss: 1.2053110757757743 Con Loss: 4.606365448741111
[12 / 20] tensor([[0.866, 0.857],
        [0.896, 0.915]]) {'epoch': 12, 'valid/acc': 88.819, 'valid/acc_unbiased': 89.059, 'valid/diff': 1.14, 'valid/acc_skew': 89.117, 'valid/acc_align': 89.001, 'test/acc': 88.312, 'test/acc_unbiased': 88.343, 'test/diff': 1.404, 'test/acc_skew': 87.641, 'test/acc_align': 89.045}
[12 / 20] best valid accuracy: 89.584 at epoch 10 
 best_stats: {'best_valid_epoch': 10, 'best_valid_valid/acc': 89.451, 'best_valid_valid/acc_unbiased': 89.584, 'best_valid_valid/diff': 1.692, 'best_valid_valid/acc_skew': 89.484, 'best_valid_valid/acc_align': 89.685, 'best_valid_test/acc': 87.848, 'best_valid_test/acc_unbiased': 87.8, 'best_valid_test/diff': 1.664, 'best_valid_test/acc_skew': 86.968, 'best_valid_test/acc_align': 88.632}
[12 / 20] best test accuracy: 88.343 at epoch 12 
 best_stats: {'best_test_epoch': 12, 'best_test_valid/acc': 88.819, 'best_test_valid/acc_unbiased': 89.059, 'best_test_valid/diff': 1.14, 'best_test_valid/acc_skew': 89.117, 'best_test_valid/acc_align': 89.001, 'best_test_test/acc': 88.312, 'best_test_test/acc_unbiased': 88.343, 'best_test_test/diff': 1.404, 'best_test_test/acc_skew': 87.641, 'best_test_test/acc_align': 89.045}
[13 / 20] Learning rate: 0.0001 weight: 0.01
[13 / 20] Loss: 4.608105515897309 CE Loss: 1.1843204261284033 Con Loss: 4.5962623180617515
[13 / 20] tensor([[0.896, 0.892],
        [0.879, 0.880]]) {'epoch': 13, 'valid/acc': 89.62, 'valid/acc_unbiased': 89.759, 'valid/diff': 1.827, 'valid/acc_skew': 90.616, 'valid/acc_align': 88.903, 'test/acc': 88.692, 'test/acc_unbiased': 88.666, 'test/diff': 0.237, 'test/acc_skew': 88.548, 'test/acc_align': 88.785}
[13 / 20] best valid accuracy: 89.759 at epoch 13 
 best_stats: {'best_valid_epoch': 13, 'best_valid_valid/acc': 89.62, 'best_valid_valid/acc_unbiased': 89.759, 'best_valid_valid/diff': 1.827, 'best_valid_valid/acc_skew': 90.616, 'best_valid_valid/acc_align': 88.903, 'best_valid_test/acc': 88.692, 'best_valid_test/acc_unbiased': 88.666, 'best_valid_test/diff': 0.237, 'best_valid_test/acc_skew': 88.548, 'best_valid_test/acc_align': 88.785}
[13 / 20] best test accuracy: 88.666 at epoch 13 
 best_stats: {'best_test_epoch': 13, 'best_test_valid/acc': 89.62, 'best_test_valid/acc_unbiased': 89.759, 'best_test_valid/diff': 1.827, 'best_test_valid/acc_skew': 90.616, 'best_test_valid/acc_align': 88.903, 'best_test_test/acc': 88.692, 'best_test_test/acc_unbiased': 88.666, 'best_test_test/diff': 0.237, 'best_test_test/acc_skew': 88.548, 'best_test_test/acc_align': 88.785}
[14 / 20] Learning rate: 1e-05 weight: 0.01
[14 / 20] Loss: 4.603988673660161 CE Loss: 1.1517112043074704 Con Loss: 4.592471573153778
[14 / 20] tensor([[0.885, 0.877],
        [0.890, 0.890]]) {'epoch': 14, 'valid/acc': 89.662, 'valid/acc_unbiased': 89.856, 'valid/diff': 2.415, 'valid/acc_skew': 90.25, 'valid/acc_align': 89.461, 'test/acc': 88.523, 'test/acc_unbiased': 88.559, 'test/diff': 0.417, 'test/acc_skew': 88.351, 'test/acc_align': 88.767}
[14 / 20] best valid accuracy: 89.856 at epoch 14 
 best_stats: {'best_valid_epoch': 14, 'best_valid_valid/acc': 89.662, 'best_valid_valid/acc_unbiased': 89.856, 'best_valid_valid/diff': 2.415, 'best_valid_valid/acc_skew': 90.25, 'best_valid_valid/acc_align': 89.461, 'best_valid_test/acc': 88.523, 'best_valid_test/acc_unbiased': 88.559, 'best_valid_test/diff': 0.417, 'best_valid_test/acc_skew': 88.351, 'best_valid_test/acc_align': 88.767}
[14 / 20] best test accuracy: 88.666 at epoch 13 
 best_stats: {'best_test_epoch': 13, 'best_test_valid/acc': 89.62, 'best_test_valid/acc_unbiased': 89.759, 'best_test_valid/diff': 1.827, 'best_test_valid/acc_skew': 90.616, 'best_test_valid/acc_align': 88.903, 'best_test_test/acc': 88.692, 'best_test_test/acc_unbiased': 88.666, 'best_test_test/diff': 0.237, 'best_test_test/acc_skew': 88.548, 'best_test_test/acc_align': 88.785}
[15 / 20] Learning rate: 1e-05 weight: 0.01
[15 / 20] Loss: 4.614334670010934 CE Loss: 1.1213961825136463 Con Loss: 4.60312069338973
[15 / 20] tensor([[0.878, 0.866],
        [0.894, 0.897]]) {'epoch': 15, 'valid/acc': 89.578, 'valid/acc_unbiased': 89.81, 'valid/diff': 1.963, 'valid/acc_skew': 90.14, 'valid/acc_align': 89.48, 'test/acc': 88.312, 'test/acc_unbiased': 88.378, 'test/diff': 0.804, 'test/acc_skew': 87.976, 'test/acc_align': 88.781}
[15 / 20] best valid accuracy: 89.856 at epoch 14 
 best_stats: {'best_valid_epoch': 14, 'best_valid_valid/acc': 89.662, 'best_valid_valid/acc_unbiased': 89.856, 'best_valid_valid/diff': 2.415, 'best_valid_valid/acc_skew': 90.25, 'best_valid_valid/acc_align': 89.461, 'best_valid_test/acc': 88.523, 'best_valid_test/acc_unbiased': 88.559, 'best_valid_test/diff': 0.417, 'best_valid_test/acc_skew': 88.351, 'best_valid_test/acc_align': 88.767}
[15 / 20] best test accuracy: 88.666 at epoch 13 
 best_stats: {'best_test_epoch': 13, 'best_test_valid/acc': 89.62, 'best_test_valid/acc_unbiased': 89.759, 'best_test_valid/diff': 1.827, 'best_test_valid/acc_skew': 90.616, 'best_test_valid/acc_align': 88.903, 'best_test_test/acc': 88.692, 'best_test_test/acc_unbiased': 88.666, 'best_test_test/diff': 0.237, 'best_test_test/acc_skew': 88.548, 'best_test_test/acc_align': 88.785}
[16 / 20] Learning rate: 1e-05 weight: 0.01
[16 / 20] Loss: 4.588149397213689 CE Loss: 1.1322063592709755 Con Loss: 4.576827343036749
[16 / 20] tensor([[0.882, 0.871],
        [0.896, 0.897]]) {'epoch': 16, 'valid/acc': 89.747, 'valid/acc_unbiased': 89.974, 'valid/diff': 1.681, 'valid/acc_skew': 90.322, 'valid/acc_align': 89.627, 'test/acc': 88.608, 'test/acc_unbiased': 88.67, 'test/diff': 0.58, 'test/acc_skew': 88.38, 'test/acc_align': 88.96}
[16 / 20] best valid accuracy: 89.974 at epoch 16 
 best_stats: {'best_valid_epoch': 16, 'best_valid_valid/acc': 89.747, 'best_valid_valid/acc_unbiased': 89.974, 'best_valid_valid/diff': 1.681, 'best_valid_valid/acc_skew': 90.322, 'best_valid_valid/acc_align': 89.627, 'best_valid_test/acc': 88.608, 'best_valid_test/acc_unbiased': 88.67, 'best_valid_test/diff': 0.58, 'best_valid_test/acc_skew': 88.38, 'best_valid_test/acc_align': 88.96}
[16 / 20] best test accuracy: 88.670 at epoch 16 
 best_stats: {'best_test_epoch': 16, 'best_test_valid/acc': 89.747, 'best_test_valid/acc_unbiased': 89.974, 'best_test_valid/diff': 1.681, 'best_test_valid/acc_skew': 90.322, 'best_test_valid/acc_align': 89.627, 'best_test_test/acc': 88.608, 'best_test_test/acc_unbiased': 88.67, 'best_test_test/diff': 0.58, 'best_test_test/acc_skew': 88.38, 'best_test_test/acc_align': 88.96}
[17 / 20] Learning rate: 1e-05 weight: 0.01
[17 / 20] Loss: 4.598225531004956 CE Loss: 1.1210106642024626 Con Loss: 4.587015413800382
[17 / 20] tensor([[0.882, 0.871],
        [0.898, 0.899]]) {'epoch': 17, 'valid/acc': 89.62, 'valid/acc_unbiased': 89.839, 'valid/diff': 2.029, 'valid/acc_skew': 90.103, 'valid/acc_align': 89.574, 'test/acc': 88.692, 'test/acc_unbiased': 88.761, 'test/diff': 0.546, 'test/acc_skew': 88.488, 'test/acc_align': 89.034}
[17 / 20] best valid accuracy: 89.974 at epoch 16 
 best_stats: {'best_valid_epoch': 16, 'best_valid_valid/acc': 89.747, 'best_valid_valid/acc_unbiased': 89.974, 'best_valid_valid/diff': 1.681, 'best_valid_valid/acc_skew': 90.322, 'best_valid_valid/acc_align': 89.627, 'best_valid_test/acc': 88.608, 'best_valid_test/acc_unbiased': 88.67, 'best_valid_test/diff': 0.58, 'best_valid_test/acc_skew': 88.38, 'best_valid_test/acc_align': 88.96}
[17 / 20] best test accuracy: 88.761 at epoch 17 
 best_stats: {'best_test_epoch': 17, 'best_test_valid/acc': 89.62, 'best_test_valid/acc_unbiased': 89.839, 'best_test_valid/diff': 2.029, 'best_test_valid/acc_skew': 90.103, 'best_test_valid/acc_align': 89.574, 'best_test_test/acc': 88.692, 'best_test_test/acc_unbiased': 88.761, 'best_test_test/diff': 0.546, 'best_test_test/acc_skew': 88.488, 'best_test_test/acc_align': 89.034}
[18 / 20] Learning rate: 1e-05 weight: 0.01
[18 / 20] Loss: 4.58563960483612 CE Loss: 1.1326437247088845 Con Loss: 4.574313172904467
[18 / 20] tensor([[0.887, 0.876],
        [0.892, 0.895]]) {'epoch': 18, 'valid/acc': 89.62, 'valid/acc_unbiased': 89.843, 'valid/diff': 2.364, 'valid/acc_skew': 90.25, 'valid/acc_align': 89.436, 'test/acc': 88.692, 'test/acc_unbiased': 88.732, 'test/diff': 0.695, 'test/acc_skew': 88.385, 'test/acc_align': 89.08}
[18 / 20] best valid accuracy: 89.974 at epoch 16 
 best_stats: {'best_valid_epoch': 16, 'best_valid_valid/acc': 89.747, 'best_valid_valid/acc_unbiased': 89.974, 'best_valid_valid/diff': 1.681, 'best_valid_valid/acc_skew': 90.322, 'best_valid_valid/acc_align': 89.627, 'best_valid_test/acc': 88.608, 'best_valid_test/acc_unbiased': 88.67, 'best_valid_test/diff': 0.58, 'best_valid_test/acc_skew': 88.38, 'best_valid_test/acc_align': 88.96}
[18 / 20] best test accuracy: 88.761 at epoch 17 
 best_stats: {'best_test_epoch': 17, 'best_test_valid/acc': 89.62, 'best_test_valid/acc_unbiased': 89.839, 'best_test_valid/diff': 2.029, 'best_test_valid/acc_skew': 90.103, 'best_test_valid/acc_align': 89.574, 'best_test_test/acc': 88.692, 'best_test_test/acc_unbiased': 88.761, 'best_test_test/diff': 0.546, 'best_test_test/acc_skew': 88.488, 'best_test_test/acc_align': 89.034}
[19 / 20] Learning rate: 1e-05 weight: 0.01
[19 / 20] Loss: 4.593627697056465 CE Loss: 1.1057732920451868 Con Loss: 4.582569960915457
[19 / 20] tensor([[0.891, 0.882],
        [0.887, 0.889]]) {'epoch': 19, 'valid/acc': 89.662, 'valid/acc_unbiased': 89.861, 'valid/diff': 2.28, 'valid/acc_skew': 90.433, 'valid/acc_align': 89.29, 'test/acc': 88.692, 'test/acc_unbiased': 88.713, 'test/diff': 0.498, 'test/acc_skew': 88.464, 'test/acc_align': 88.962}
[19 / 20] best valid accuracy: 89.974 at epoch 16 
 best_stats: {'best_valid_epoch': 16, 'best_valid_valid/acc': 89.747, 'best_valid_valid/acc_unbiased': 89.974, 'best_valid_valid/diff': 1.681, 'best_valid_valid/acc_skew': 90.322, 'best_valid_valid/acc_align': 89.627, 'best_valid_test/acc': 88.608, 'best_valid_test/acc_unbiased': 88.67, 'best_valid_test/diff': 0.58, 'best_valid_test/acc_skew': 88.38, 'best_valid_test/acc_align': 88.96}
[19 / 20] best test accuracy: 88.761 at epoch 17 
 best_stats: {'best_test_epoch': 17, 'best_test_valid/acc': 89.62, 'best_test_valid/acc_unbiased': 89.839, 'best_test_valid/diff': 2.029, 'best_test_valid/acc_skew': 90.103, 'best_test_valid/acc_align': 89.574, 'best_test_test/acc': 88.692, 'best_test_test/acc_unbiased': 88.761, 'best_test_test/diff': 0.546, 'best_test_test/acc_skew': 88.488, 'best_test_test/acc_align': 89.034}
[20 / 20] Learning rate: 1e-05 weight: 0.01
[20 / 20] Loss: 4.597205035287011 CE Loss: 1.1045969874566657 Con Loss: 4.586159064855853
[20 / 20] tensor([[0.880, 0.873],
        [0.898, 0.899]]) {'epoch': 20, 'valid/acc': 89.578, 'valid/acc_unbiased': 89.846, 'valid/diff': 2.328, 'valid/acc_skew': 90.212, 'valid/acc_align': 89.48, 'test/acc': 88.692, 'test/acc_unbiased': 88.753, 'test/diff': 0.383, 'test/acc_skew': 88.562, 'test/acc_align': 88.944}
[20 / 20] best valid accuracy: 89.974 at epoch 16 
 best_stats: {'best_valid_epoch': 16, 'best_valid_valid/acc': 89.747, 'best_valid_valid/acc_unbiased': 89.974, 'best_valid_valid/diff': 1.681, 'best_valid_valid/acc_skew': 90.322, 'best_valid_valid/acc_align': 89.627, 'best_valid_test/acc': 88.608, 'best_valid_test/acc_unbiased': 88.67, 'best_valid_test/diff': 0.58, 'best_valid_test/acc_skew': 88.38, 'best_valid_test/acc_align': 88.96}
[20 / 20] best test accuracy: 88.761 at epoch 17 
 best_stats: {'best_test_epoch': 17, 'best_test_valid/acc': 89.62, 'best_test_valid/acc_unbiased': 89.839, 'best_test_valid/diff': 2.029, 'best_test_valid/acc_skew': 90.103, 'best_test_valid/acc_align': 89.574, 'best_test_test/acc': 88.692, 'best_test_test/acc_unbiased': 88.761, 'best_test_test/diff': 0.546, 'best_test_test/acc_skew': 88.488, 'best_test_test/acc_align': 89.034}
Total training time: 1:31:06
