Log level set to: INFO
Set seed: 2
=======> Using Fixed Random Seed: 2 <========
save_path: exp_results/bc-bb0-utk_face_age-cutout_color-0.9-lr0.001-bs128-cbs64-w0.01-ratio10-aug1-seed2
get_utk_face - split: train, aug: False, given_y: True, ratio: 0
use existing biased_utk_face from data/utk_face/pickles/biased_utk_face-target_gender-bias_age-0.9
Distribution Before Sampling: 
===================================
Binary Labels Distribution: 
Binary Target 0
---------------------------
Target 0: [8237, 147]
Target 1: [823, 1477]
Binary Target 1
---------------------------
Target 0: [8237, 147]
Target 1: [823, 1477]
===================================
Normal Label Distribution: 
Target 0: [8237, 147]
Target 1: [823, 1477]
===================================
Distribution After Sampling: 
===================================
Binary Labels Distribution: 
Binary Target 0
---------------------------
Target 0: [8237, 147]
Target 1: [823, 1477]
Binary Target 1
---------------------------
Target 0: [8237, 147]
Target 1: [823, 1477]
===================================
Normal Label Distribution: 
Target 0: [8237, 147]
Target 1: [823, 1477]
===================================
Use BiasedUTKFace - target_attr: gender
BiasedUTKFace -- total: 10684, target_attr: gender, bias_attr: age bias_rate: 0.9
['[train] target_0-bias_0: 8237', '[train] target_0-bias_1: 147', '[train] target_1-bias_0: 823', '[train] target_1-bias_1: 1477']
confusion_matrix - 
 original: tensor([[8237.,  823.],
        [ 147., 1477.]]), 
 normalized: tensor([[0.909, 0.091],
        [0.091, 0.909]]), 
 b|y: tensor([[0.982, 0.018],
        [0.358, 0.642]])
get_utk_face - split: train, aug: 1, given_y: True, ratio: 10
use existing biased_utk_face from data/utk_face/pickles/biased_utk_face-target_gender-bias_age-0.9
Distribution Before Sampling: 
===================================
Binary Labels Distribution: 
Binary Target 0
---------------------------
Target 0: [8237, 147]
Target 1: [823, 1477]
Binary Target 1
---------------------------
Target 0: [8237, 147]
Target 1: [823, 1477]
===================================
Normal Label Distribution: 
Target 0: [8237, 147]
Target 1: [823, 1477]
===================================
Distribution After Sampling: 
===================================
Binary Labels Distribution: 
Binary Target 0
---------------------------
Target 0: [8237, 147]
Target 1: [823, 1477]
Binary Target 1
---------------------------
Target 0: [8237, 147]
Target 1: [823, 1477]
===================================
Normal Label Distribution: 
Target 0: [8237, 147]
Target 1: [823, 1477]
===================================
Use BiasedUTKFace - target_attr: gender
BiasedUTKFace -- total: 10684, target_attr: gender, bias_attr: age bias_rate: 0.9
['[train] target_0-bias_0: 8237', '[train] target_0-bias_1: 147', '[train] target_1-bias_0: 823', '[train] target_1-bias_1: 1477']
get_utk_face - split: valid, aug: False, given_y: True, ratio: 0
use existing biased_utk_face from data/utk_face/pickles/biased_utk_face-target_gender-bias_age-0.9
Distribution Before Sampling: 
===================================
Binary Labels Distribution: 
Binary Target 0
---------------------------
Target 0: [1030, 195]
Target 1: [841, 202]
Binary Target 1
---------------------------
Target 0: [1030, 195]
Target 1: [841, 202]
===================================
Normal Label Distribution: 
Target 0: [1030, 195]
Target 1: [841, 202]
===================================
Use BiasedUTKFace - target_attr: gender
BiasedUTKFace -- total: 2268, target_attr: gender, bias_attr: age bias_rate: 0.9
['[valid] target_0-bias_0: 1030', '[valid] target_0-bias_1: 195', '[valid] target_1-bias_0: 841', '[valid] target_1-bias_1: 202']
get_utk_face - split: test, aug: False, given_y: True, ratio: 0
use existing biased_utk_face from data/utk_face/pickles/biased_utk_face-target_gender-bias_age-0.9
Distribution Before Sampling: 
===================================
Binary Labels Distribution: 
Binary Target 0
---------------------------
Target 0: [1061, 176]
Target 1: [867, 165]
Binary Target 1
---------------------------
Target 0: [1061, 176]
Target 1: [867, 165]
===================================
Normal Label Distribution: 
Target 0: [1061, 176]
Target 1: [867, 165]
===================================
Use BiasedUTKFace - target_attr: gender
BiasedUTKFace -- total: 2269, target_attr: gender, bias_attr: age bias_rate: 0.9
['[test] target_0-bias_0: 1061', '[test] target_0-bias_1: 176', '[test] target_1-bias_0: 867', '[test] target_1-bias_1: 165']
decay_epochs: [6, 13]
[1 / 20] Learning rate: 0.001 weight: 0.01
[1 / 20] Loss: 4.751648308051655 CE Loss: 0.566046407119204 Con Loss: 4.745987856446113
[1 / 20] tensor([[0.976, 0.955],
        [0.318, 0.188]]) {'epoch': 1, 'valid/acc': 64.727, 'valid/acc_unbiased': 59.113, 'valid/diff': 8.998, 'valid/acc_skew': 62.359, 'valid/acc_align': 55.868, 'test/acc': 66.593, 'test/acc_unbiased': 60.93, 'test/diff': 7.618, 'test/acc_skew': 63.644, 'test/acc_align': 58.216}
[1 / 20] best valid accuracy: 59.113 at epoch 1 
 best_stats: {'best_valid_epoch': 1, 'best_valid_valid/acc': 64.727, 'best_valid_valid/acc_unbiased': 59.113, 'best_valid_valid/diff': 8.998, 'best_valid_valid/acc_skew': 62.359, 'best_valid_valid/acc_align': 55.868, 'best_valid_test/acc': 66.593, 'best_valid_test/acc_unbiased': 60.93, 'best_valid_test/diff': 7.618, 'best_valid_test/acc_skew': 63.644, 'best_valid_test/acc_align': 58.216}
[1 / 20] best test accuracy: 60.930 at epoch 1 
 best_stats: {'best_test_epoch': 1, 'best_test_valid/acc': 64.727, 'best_test_valid/acc_unbiased': 59.113, 'best_test_valid/diff': 8.998, 'best_test_valid/acc_skew': 62.359, 'best_test_valid/acc_align': 55.868, 'best_test_test/acc': 66.593, 'best_test_test/acc_unbiased': 60.93, 'best_test_test/diff': 7.618, 'best_test_test/acc_skew': 63.644, 'best_test_test/acc_align': 58.216}
[2 / 20] Learning rate: 0.001 weight: 0.01
[2 / 20] Loss: 4.525437104929614 CE Loss: 0.5313939321848927 Con Loss: 4.520123175582115
[2 / 20] tensor([[0.843, 0.778],
        [0.709, 0.448]]) {'epoch': 2, 'valid/acc': 71.869, 'valid/acc_unbiased': 65.555, 'valid/diff': 17.766, 'valid/acc_skew': 69.094, 'valid/acc_align': 62.015, 'test/acc': 75.804, 'test/acc_unbiased': 69.471, 'test/diff': 16.252, 'test/acc_skew': 74.388, 'test/acc_align': 64.554}
[2 / 20] best valid accuracy: 65.555 at epoch 2 
 best_stats: {'best_valid_epoch': 2, 'best_valid_valid/acc': 71.869, 'best_valid_valid/acc_unbiased': 65.555, 'best_valid_valid/diff': 17.766, 'best_valid_valid/acc_skew': 69.094, 'best_valid_valid/acc_align': 62.015, 'best_valid_test/acc': 75.804, 'best_valid_test/acc_unbiased': 69.471, 'best_valid_test/diff': 16.252, 'best_valid_test/acc_skew': 74.388, 'best_valid_test/acc_align': 64.554}
[2 / 20] best test accuracy: 69.471 at epoch 2 
 best_stats: {'best_test_epoch': 2, 'best_test_valid/acc': 71.869, 'best_test_valid/acc_unbiased': 65.555, 'best_test_valid/diff': 17.766, 'best_test_valid/acc_skew': 69.094, 'best_test_valid/acc_align': 62.015, 'best_test_test/acc': 75.804, 'best_test_test/acc_unbiased': 69.471, 'best_test_test/diff': 16.252, 'best_test_test/acc_skew': 74.388, 'best_test_test/acc_align': 64.554}
[3 / 20] Learning rate: 0.001 weight: 0.01
[3 / 20] Loss: 4.442448323784317 CE Loss: 0.4862065108605245 Con Loss: 4.4375862491483415
[3 / 20] tensor([[0.938, 0.420],
        [0.614, 0.812]]) {'epoch': 3, 'valid/acc': 74.162, 'valid/acc_unbiased': 68.062, 'valid/diff': 35.385, 'valid/acc_skew': 50.37, 'valid/acc_align': 85.755, 'test/acc': 76.465, 'test/acc_unbiased': 69.6, 'test/diff': 35.793, 'test/acc_skew': 51.703, 'test/acc_align': 87.496}
[3 / 20] best valid accuracy: 68.062 at epoch 3 
 best_stats: {'best_valid_epoch': 3, 'best_valid_valid/acc': 74.162, 'best_valid_valid/acc_unbiased': 68.062, 'best_valid_valid/diff': 35.385, 'best_valid_valid/acc_skew': 50.37, 'best_valid_valid/acc_align': 85.755, 'best_valid_test/acc': 76.465, 'best_valid_test/acc_unbiased': 69.6, 'best_valid_test/diff': 35.793, 'best_valid_test/acc_skew': 51.703, 'best_valid_test/acc_align': 87.496}
[3 / 20] best test accuracy: 69.600 at epoch 3 
 best_stats: {'best_test_epoch': 3, 'best_test_valid/acc': 74.162, 'best_test_valid/acc_unbiased': 68.062, 'best_test_valid/diff': 35.385, 'best_test_valid/acc_skew': 50.37, 'best_test_valid/acc_align': 85.755, 'best_test_test/acc': 76.465, 'best_test_test/acc_unbiased': 69.6, 'best_test_test/diff': 35.793, 'best_test_test/acc_skew': 51.703, 'best_test_test/acc_align': 87.496}
[4 / 20] Learning rate: 0.001 weight: 0.01
[4 / 20] Loss: 4.364881687064333 CE Loss: 0.46073182713266886 Con Loss: 4.360274367366378
[4 / 20] tensor([[0.897, 0.295],
        [0.765, 0.891]]) {'epoch': 4, 'valid/acc': 78.131, 'valid/acc_unbiased': 69.665, 'valid/diff': 36.897, 'valid/acc_skew': 51.216, 'valid/acc_align': 88.113, 'test/acc': 79.947, 'test/acc_unbiased': 71.208, 'test/diff': 36.401, 'test/acc_skew': 53.008, 'test/acc_align': 89.409}
[4 / 20] best valid accuracy: 69.665 at epoch 4 
 best_stats: {'best_valid_epoch': 4, 'best_valid_valid/acc': 78.131, 'best_valid_valid/acc_unbiased': 69.665, 'best_valid_valid/diff': 36.897, 'best_valid_valid/acc_skew': 51.216, 'best_valid_valid/acc_align': 88.113, 'best_valid_test/acc': 79.947, 'best_valid_test/acc_unbiased': 71.208, 'best_valid_test/diff': 36.401, 'best_valid_test/acc_skew': 53.008, 'best_valid_test/acc_align': 89.409}
[4 / 20] best test accuracy: 71.208 at epoch 4 
 best_stats: {'best_test_epoch': 4, 'best_test_valid/acc': 78.131, 'best_test_valid/acc_unbiased': 69.665, 'best_test_valid/diff': 36.897, 'best_test_valid/acc_skew': 51.216, 'best_test_valid/acc_align': 88.113, 'best_test_test/acc': 79.947, 'best_test_test/acc_unbiased': 71.208, 'best_test_test/diff': 36.401, 'best_test_test/acc_skew': 53.008, 'best_test_test/acc_align': 89.409}
[5 / 20] Learning rate: 0.001 weight: 0.01
[5 / 20] Loss: 4.285434296406954 CE Loss: 0.44634689629992846 Con Loss: 4.280970826572088
[5 / 20] tensor([[0.818, 0.335],
        [0.810, 0.824]]) {'epoch': 5, 'valid/acc': 77.16, 'valid/acc_unbiased': 69.495, 'valid/diff': 32.032, 'valid/acc_skew': 53.479, 'valid/acc_align': 85.511, 'test/acc': 77.788, 'test/acc_unbiased': 69.681, 'test/diff': 24.871, 'test/acc_skew': 57.246, 'test/acc_align': 82.117}
[5 / 20] best valid accuracy: 69.665 at epoch 4 
 best_stats: {'best_valid_epoch': 4, 'best_valid_valid/acc': 78.131, 'best_valid_valid/acc_unbiased': 69.665, 'best_valid_valid/diff': 36.897, 'best_valid_valid/acc_skew': 51.216, 'best_valid_valid/acc_align': 88.113, 'best_valid_test/acc': 79.947, 'best_valid_test/acc_unbiased': 71.208, 'best_valid_test/diff': 36.401, 'best_valid_test/acc_skew': 53.008, 'best_valid_test/acc_align': 89.409}
[5 / 20] best test accuracy: 71.208 at epoch 4 
 best_stats: {'best_test_epoch': 4, 'best_test_valid/acc': 78.131, 'best_test_valid/acc_unbiased': 69.665, 'best_test_valid/diff': 36.897, 'best_test_valid/acc_skew': 51.216, 'best_test_valid/acc_align': 88.113, 'best_test_test/acc': 79.947, 'best_test_test/acc_unbiased': 71.208, 'best_test_test/diff': 36.401, 'best_test_test/acc_skew': 53.008, 'best_test_test/acc_align': 89.409}
[6 / 20] Learning rate: 0.001 weight: 0.01
[6 / 20] Loss: 4.2606454418643676 CE Loss: 0.4313953404946972 Con Loss: 4.25633148377596
[6 / 20] tensor([[0.944, 0.619],
        [0.589, 0.661]]) {'epoch': 6, 'valid/acc': 74.339, 'valid/acc_unbiased': 67.587, 'valid/diff': 26.735, 'valid/acc_skew': 54.219, 'valid/acc_align': 80.955, 'test/acc': 76.289, 'test/acc_unbiased': 70.343, 'test/diff': 19.815, 'test/acc_skew': 60.435, 'test/acc_align': 80.25}
[6 / 20] best valid accuracy: 69.665 at epoch 4 
 best_stats: {'best_valid_epoch': 4, 'best_valid_valid/acc': 78.131, 'best_valid_valid/acc_unbiased': 69.665, 'best_valid_valid/diff': 36.897, 'best_valid_valid/acc_skew': 51.216, 'best_valid_valid/acc_align': 88.113, 'best_valid_test/acc': 79.947, 'best_valid_test/acc_unbiased': 71.208, 'best_valid_test/diff': 36.401, 'best_valid_test/acc_skew': 53.008, 'best_valid_test/acc_align': 89.409}
[6 / 20] best test accuracy: 71.208 at epoch 4 
 best_stats: {'best_test_epoch': 4, 'best_test_valid/acc': 78.131, 'best_test_valid/acc_unbiased': 69.665, 'best_test_valid/diff': 36.897, 'best_test_valid/acc_skew': 51.216, 'best_test_valid/acc_align': 88.113, 'best_test_test/acc': 79.947, 'best_test_test/acc_unbiased': 71.208, 'best_test_test/diff': 36.401, 'best_test_test/acc_skew': 53.008, 'best_test_test/acc_align': 89.409}
[7 / 20] Learning rate: 0.0001 weight: 0.01
[7 / 20] Loss: 4.128389048246086 CE Loss: 0.42389665783366565 Con Loss: 4.124150095517963
[7 / 20] tensor([[0.977, 0.545],
        [0.607, 0.776]]) {'epoch': 7, 'valid/acc': 76.014, 'valid/acc_unbiased': 69.495, 'valid/diff': 32.929, 'valid/acc_skew': 53.03, 'valid/acc_align': 85.959, 'test/acc': 78.757, 'test/acc_unbiased': 72.632, 'test/diff': 30.05, 'test/acc_skew': 57.607, 'test/acc_align': 87.657}
[7 / 20] best valid accuracy: 69.665 at epoch 4 
 best_stats: {'best_valid_epoch': 4, 'best_valid_valid/acc': 78.131, 'best_valid_valid/acc_unbiased': 69.665, 'best_valid_valid/diff': 36.897, 'best_valid_valid/acc_skew': 51.216, 'best_valid_valid/acc_align': 88.113, 'best_valid_test/acc': 79.947, 'best_valid_test/acc_unbiased': 71.208, 'best_valid_test/diff': 36.401, 'best_valid_test/acc_skew': 53.008, 'best_valid_test/acc_align': 89.409}
[7 / 20] best test accuracy: 72.632 at epoch 7 
 best_stats: {'best_test_epoch': 7, 'best_test_valid/acc': 76.014, 'best_test_valid/acc_unbiased': 69.495, 'best_test_valid/diff': 32.929, 'best_test_valid/acc_skew': 53.03, 'best_test_valid/acc_align': 85.959, 'best_test_test/acc': 78.757, 'best_test_test/acc_unbiased': 72.632, 'best_test_test/diff': 30.05, 'best_test_test/acc_skew': 57.607, 'best_test_test/acc_align': 87.657}
[8 / 20] Learning rate: 0.0001 weight: 0.01
[8 / 20] Loss: 4.000189533040837 CE Loss: 0.392011066114175 Con Loss: 3.9962694144168625
[8 / 20] tensor([[0.975, 0.494],
        [0.630, 0.788]]) {'epoch': 8, 'valid/acc': 76.499, 'valid/acc_unbiased': 69.049, 'valid/diff': 33.13, 'valid/acc_skew': 52.484, 'valid/acc_align': 85.614, 'test/acc': 79.198, 'test/acc_unbiased': 72.163, 'test/diff': 31.918, 'test/acc_skew': 56.204, 'test/acc_align': 88.122}
[8 / 20] best valid accuracy: 69.665 at epoch 4 
 best_stats: {'best_valid_epoch': 4, 'best_valid_valid/acc': 78.131, 'best_valid_valid/acc_unbiased': 69.665, 'best_valid_valid/diff': 36.897, 'best_valid_valid/acc_skew': 51.216, 'best_valid_valid/acc_align': 88.113, 'best_valid_test/acc': 79.947, 'best_valid_test/acc_unbiased': 71.208, 'best_valid_test/diff': 36.401, 'best_valid_test/acc_skew': 53.008, 'best_valid_test/acc_align': 89.409}
[8 / 20] best test accuracy: 72.632 at epoch 7 
 best_stats: {'best_test_epoch': 7, 'best_test_valid/acc': 76.014, 'best_test_valid/acc_unbiased': 69.495, 'best_test_valid/diff': 32.929, 'best_test_valid/acc_skew': 53.03, 'best_test_valid/acc_align': 85.959, 'best_test_test/acc': 78.757, 'best_test_test/acc_unbiased': 72.632, 'best_test_test/diff': 30.05, 'best_test_test/acc_skew': 57.607, 'best_test_test/acc_align': 87.657}
[9 / 20] Learning rate: 0.0001 weight: 0.01
[9 / 20] Loss: 3.9311463442780648 CE Loss: 0.3642568490738192 Con Loss: 3.9275037636251673
[9 / 20] tensor([[0.983, 0.562],
        [0.494, 0.739]]) {'epoch': 9, 'valid/acc': 73.104, 'valid/acc_unbiased': 67.436, 'valid/diff': 33.27, 'valid/acc_skew': 50.801, 'valid/acc_align': 84.071, 'test/acc': 74.57, 'test/acc_unbiased': 69.465, 'test/diff': 33.314, 'test/acc_skew': 52.808, 'test/acc_align': 86.121}
[9 / 20] best valid accuracy: 69.665 at epoch 4 
 best_stats: {'best_valid_epoch': 4, 'best_valid_valid/acc': 78.131, 'best_valid_valid/acc_unbiased': 69.665, 'best_valid_valid/diff': 36.897, 'best_valid_valid/acc_skew': 51.216, 'best_valid_valid/acc_align': 88.113, 'best_valid_test/acc': 79.947, 'best_valid_test/acc_unbiased': 71.208, 'best_valid_test/diff': 36.401, 'best_valid_test/acc_skew': 53.008, 'best_valid_test/acc_align': 89.409}
[9 / 20] best test accuracy: 72.632 at epoch 7 
 best_stats: {'best_test_epoch': 7, 'best_test_valid/acc': 76.014, 'best_test_valid/acc_unbiased': 69.495, 'best_test_valid/diff': 32.929, 'best_test_valid/acc_skew': 53.03, 'best_test_valid/acc_align': 85.959, 'best_test_test/acc': 78.757, 'best_test_test/acc_unbiased': 72.632, 'best_test_test/diff': 30.05, 'best_test_test/acc_skew': 57.607, 'best_test_test/acc_align': 87.657}
[10 / 20] Learning rate: 0.0001 weight: 0.01
[10 / 20] Loss: 3.9148615248325567 CE Loss: 0.3598008318056287 Con Loss: 3.9112635258653556
[10 / 20] tensor([[0.975, 0.415],
        [0.651, 0.830]]) {'epoch': 10, 'valid/acc': 77.866, 'valid/acc_unbiased': 70.615, 'valid/diff': 39.123, 'valid/acc_skew': 51.053, 'valid/acc_align': 90.176, 'test/acc': 79.683, 'test/acc_unbiased': 71.754, 'test/diff': 36.978, 'test/acc_skew': 53.265, 'test/acc_align': 90.243}
[10 / 20] best valid accuracy: 70.615 at epoch 10 
 best_stats: {'best_valid_epoch': 10, 'best_valid_valid/acc': 77.866, 'best_valid_valid/acc_unbiased': 70.615, 'best_valid_valid/diff': 39.123, 'best_valid_valid/acc_skew': 51.053, 'best_valid_valid/acc_align': 90.176, 'best_valid_test/acc': 79.683, 'best_valid_test/acc_unbiased': 71.754, 'best_valid_test/diff': 36.978, 'best_valid_test/acc_skew': 53.265, 'best_valid_test/acc_align': 90.243}
[10 / 20] best test accuracy: 72.632 at epoch 7 
 best_stats: {'best_test_epoch': 7, 'best_test_valid/acc': 76.014, 'best_test_valid/acc_unbiased': 69.495, 'best_test_valid/diff': 32.929, 'best_test_valid/acc_skew': 53.03, 'best_test_valid/acc_align': 85.959, 'best_test_test/acc': 78.757, 'best_test_test/acc_unbiased': 72.632, 'best_test_test/diff': 30.05, 'best_test_test/acc_skew': 57.607, 'best_test_test/acc_align': 87.657}
[11 / 20] Learning rate: 0.0001 weight: 0.01
[11 / 20] Loss: 3.8516582430457853 CE Loss: 0.34635733693380655 Con Loss: 3.848194663420191
[11 / 20] tensor([[0.980, 0.460],
        [0.569, 0.776]]) {'epoch': 11, 'valid/acc': 76.058, 'valid/acc_unbiased': 69.826, 'valid/diff': 38.489, 'valid/acc_skew': 50.581, 'valid/acc_align': 89.07, 'test/acc': 76.774, 'test/acc_unbiased': 69.62, 'test/diff': 36.356, 'test/acc_skew': 51.443, 'test/acc_align': 87.798}
[11 / 20] best valid accuracy: 70.615 at epoch 10 
 best_stats: {'best_valid_epoch': 10, 'best_valid_valid/acc': 77.866, 'best_valid_valid/acc_unbiased': 70.615, 'best_valid_valid/diff': 39.123, 'best_valid_valid/acc_skew': 51.053, 'best_valid_valid/acc_align': 90.176, 'best_valid_test/acc': 79.683, 'best_valid_test/acc_unbiased': 71.754, 'best_valid_test/diff': 36.978, 'best_valid_test/acc_skew': 53.265, 'best_valid_test/acc_align': 90.243}
[11 / 20] best test accuracy: 72.632 at epoch 7 
 best_stats: {'best_test_epoch': 7, 'best_test_valid/acc': 76.014, 'best_test_valid/acc_unbiased': 69.495, 'best_test_valid/diff': 32.929, 'best_test_valid/acc_skew': 53.03, 'best_test_valid/acc_align': 85.959, 'best_test_test/acc': 78.757, 'best_test_test/acc_unbiased': 72.632, 'best_test_test/diff': 30.05, 'best_test_test/acc_skew': 57.607, 'best_test_test/acc_align': 87.657}
[12 / 20] Learning rate: 0.0001 weight: 0.01
[12 / 20] Loss: 3.9133984752470794 CE Loss: 0.3355041652281871 Con Loss: 3.9100434467704144
[12 / 20] tensor([[0.979, 0.489],
        [0.589, 0.782]]) {'epoch': 12, 'valid/acc': 76.94, 'valid/acc_unbiased': 70.252, 'valid/diff': 35.462, 'valid/acc_skew': 52.521, 'valid/acc_align': 87.983, 'test/acc': 77.788, 'test/acc_unbiased': 70.978, 'test/diff': 34.153, 'test/acc_skew': 53.901, 'test/acc_align': 88.054}
[12 / 20] best valid accuracy: 70.615 at epoch 10 
 best_stats: {'best_valid_epoch': 10, 'best_valid_valid/acc': 77.866, 'best_valid_valid/acc_unbiased': 70.615, 'best_valid_valid/diff': 39.123, 'best_valid_valid/acc_skew': 51.053, 'best_valid_valid/acc_align': 90.176, 'best_valid_test/acc': 79.683, 'best_valid_test/acc_unbiased': 71.754, 'best_valid_test/diff': 36.978, 'best_valid_test/acc_skew': 53.265, 'best_valid_test/acc_align': 90.243}
[12 / 20] best test accuracy: 72.632 at epoch 7 
 best_stats: {'best_test_epoch': 7, 'best_test_valid/acc': 76.014, 'best_test_valid/acc_unbiased': 69.495, 'best_test_valid/diff': 32.929, 'best_test_valid/acc_skew': 53.03, 'best_test_valid/acc_align': 85.959, 'best_test_test/acc': 78.757, 'best_test_test/acc_unbiased': 72.632, 'best_test_test/diff': 30.05, 'best_test_test/acc_skew': 57.607, 'best_test_test/acc_align': 87.657}
[13 / 20] Learning rate: 0.0001 weight: 0.01
[13 / 20] Loss: 3.8232470368321403 CE Loss: 0.33537439090377247 Con Loss: 3.8198932964049312
[13 / 20] tensor([[0.975, 0.426],
        [0.615, 0.788]]) {'epoch': 13, 'valid/acc': 77.116, 'valid/acc_unbiased': 69.382, 'valid/diff': 40.181, 'valid/acc_skew': 49.292, 'valid/acc_align': 89.473, 'test/acc': 78.14, 'test/acc_unbiased': 70.107, 'test/diff': 36.124, 'test/acc_skew': 52.045, 'test/acc_align': 88.169}
[13 / 20] best valid accuracy: 70.615 at epoch 10 
 best_stats: {'best_valid_epoch': 10, 'best_valid_valid/acc': 77.866, 'best_valid_valid/acc_unbiased': 70.615, 'best_valid_valid/diff': 39.123, 'best_valid_valid/acc_skew': 51.053, 'best_valid_valid/acc_align': 90.176, 'best_valid_test/acc': 79.683, 'best_valid_test/acc_unbiased': 71.754, 'best_valid_test/diff': 36.978, 'best_valid_test/acc_skew': 53.265, 'best_valid_test/acc_align': 90.243}
[13 / 20] best test accuracy: 72.632 at epoch 7 
 best_stats: {'best_test_epoch': 7, 'best_test_valid/acc': 76.014, 'best_test_valid/acc_unbiased': 69.495, 'best_test_valid/diff': 32.929, 'best_test_valid/acc_skew': 53.03, 'best_test_valid/acc_align': 85.959, 'best_test_test/acc': 78.757, 'best_test_test/acc_unbiased': 72.632, 'best_test_test/diff': 30.05, 'best_test_test/acc_skew': 57.607, 'best_test_test/acc_align': 87.657}
[14 / 20] Learning rate: 1e-05 weight: 0.01
[14 / 20] Loss: 3.822658981914513 CE Loss: 0.3373706728855977 Con Loss: 3.8192852743106673
[14 / 20] tensor([[0.976, 0.409],
        [0.622, 0.806]]) {'epoch': 14, 'valid/acc': 77.205, 'valid/acc_unbiased': 69.646, 'valid/diff': 40.352, 'valid/acc_skew': 49.47, 'valid/acc_align': 89.822, 'test/acc': 78.449, 'test/acc_unbiased': 70.332, 'test/diff': 37.586, 'test/acc_skew': 51.539, 'test/acc_align': 89.125}
[14 / 20] best valid accuracy: 70.615 at epoch 10 
 best_stats: {'best_valid_epoch': 10, 'best_valid_valid/acc': 77.866, 'best_valid_valid/acc_unbiased': 70.615, 'best_valid_valid/diff': 39.123, 'best_valid_valid/acc_skew': 51.053, 'best_valid_valid/acc_align': 90.176, 'best_valid_test/acc': 79.683, 'best_valid_test/acc_unbiased': 71.754, 'best_valid_test/diff': 36.978, 'best_valid_test/acc_skew': 53.265, 'best_valid_test/acc_align': 90.243}
[14 / 20] best test accuracy: 72.632 at epoch 7 
 best_stats: {'best_test_epoch': 7, 'best_test_valid/acc': 76.014, 'best_test_valid/acc_unbiased': 69.495, 'best_test_valid/diff': 32.929, 'best_test_valid/acc_skew': 53.03, 'best_test_valid/acc_align': 85.959, 'best_test_test/acc': 78.757, 'best_test_test/acc_unbiased': 72.632, 'best_test_test/diff': 30.05, 'best_test_test/acc_skew': 57.607, 'best_test_test/acc_align': 87.657}
[15 / 20] Learning rate: 1e-05 weight: 0.01
[15 / 20] Loss: 3.7884857033308594 CE Loss: 0.3338717375521087 Con Loss: 3.7851469994305402
[15 / 20] tensor([[0.975, 0.398],
        [0.625, 0.806]]) {'epoch': 15, 'valid/acc': 77.116, 'valid/acc_unbiased': 69.691, 'valid/diff': 40.166, 'valid/acc_skew': 49.608, 'valid/acc_align': 89.774, 'test/acc': 78.449, 'test/acc_unbiased': 70.111, 'test/diff': 37.934, 'test/acc_skew': 51.144, 'test/acc_align': 89.078}
[15 / 20] best valid accuracy: 70.615 at epoch 10 
 best_stats: {'best_valid_epoch': 10, 'best_valid_valid/acc': 77.866, 'best_valid_valid/acc_unbiased': 70.615, 'best_valid_valid/diff': 39.123, 'best_valid_valid/acc_skew': 51.053, 'best_valid_valid/acc_align': 90.176, 'best_valid_test/acc': 79.683, 'best_valid_test/acc_unbiased': 71.754, 'best_valid_test/diff': 36.978, 'best_valid_test/acc_skew': 53.265, 'best_valid_test/acc_align': 90.243}
[15 / 20] best test accuracy: 72.632 at epoch 7 
 best_stats: {'best_test_epoch': 7, 'best_test_valid/acc': 76.014, 'best_test_valid/acc_unbiased': 69.495, 'best_test_valid/diff': 32.929, 'best_test_valid/acc_skew': 53.03, 'best_test_valid/acc_align': 85.959, 'best_test_test/acc': 78.757, 'best_test_test/acc_unbiased': 72.632, 'best_test_test/diff': 30.05, 'best_test_test/acc_skew': 57.607, 'best_test_test/acc_align': 87.657}
[16 / 20] Learning rate: 1e-05 weight: 0.01
[16 / 20] Loss: 3.7511515583451076 CE Loss: 0.3289752125918575 Con Loss: 3.7478618031804904
[16 / 20] tensor([[0.977, 0.403],
        [0.604, 0.788]]) {'epoch': 16, 'valid/acc': 76.675, 'valid/acc_unbiased': 69.679, 'valid/diff': 40.782, 'valid/acc_skew': 49.288, 'valid/acc_align': 90.07, 'test/acc': 77.655, 'test/acc_unbiased': 69.326, 'test/diff': 37.873, 'test/acc_skew': 50.39, 'test/acc_align': 88.263}
[16 / 20] best valid accuracy: 70.615 at epoch 10 
 best_stats: {'best_valid_epoch': 10, 'best_valid_valid/acc': 77.866, 'best_valid_valid/acc_unbiased': 70.615, 'best_valid_valid/diff': 39.123, 'best_valid_valid/acc_skew': 51.053, 'best_valid_valid/acc_align': 90.176, 'best_valid_test/acc': 79.683, 'best_valid_test/acc_unbiased': 71.754, 'best_valid_test/diff': 36.978, 'best_valid_test/acc_skew': 53.265, 'best_valid_test/acc_align': 90.243}
[16 / 20] best test accuracy: 72.632 at epoch 7 
 best_stats: {'best_test_epoch': 7, 'best_test_valid/acc': 76.014, 'best_test_valid/acc_unbiased': 69.495, 'best_test_valid/diff': 32.929, 'best_test_valid/acc_skew': 53.03, 'best_test_valid/acc_align': 85.959, 'best_test_test/acc': 78.757, 'best_test_test/acc_unbiased': 72.632, 'best_test_test/diff': 30.05, 'best_test_test/acc_skew': 57.607, 'best_test_test/acc_align': 87.657}
[17 / 20] Learning rate: 1e-05 weight: 0.01
[17 / 20] Loss: 3.8582341633499984 CE Loss: 0.32313603705031646 Con Loss: 3.8550028160956415
[17 / 20] tensor([[0.977, 0.415],
        [0.603, 0.788]]) {'epoch': 17, 'valid/acc': 76.72, 'valid/acc_unbiased': 69.802, 'valid/diff': 40.633, 'valid/acc_skew': 49.485, 'valid/acc_align': 90.118, 'test/acc': 77.699, 'test/acc_unbiased': 69.582, 'test/diff': 37.363, 'test/acc_skew': 50.9, 'test/acc_align': 88.263}
[17 / 20] best valid accuracy: 70.615 at epoch 10 
 best_stats: {'best_valid_epoch': 10, 'best_valid_valid/acc': 77.866, 'best_valid_valid/acc_unbiased': 70.615, 'best_valid_valid/diff': 39.123, 'best_valid_valid/acc_skew': 51.053, 'best_valid_valid/acc_align': 90.176, 'best_valid_test/acc': 79.683, 'best_valid_test/acc_unbiased': 71.754, 'best_valid_test/diff': 36.978, 'best_valid_test/acc_skew': 53.265, 'best_valid_test/acc_align': 90.243}
[17 / 20] best test accuracy: 72.632 at epoch 7 
 best_stats: {'best_test_epoch': 7, 'best_test_valid/acc': 76.014, 'best_test_valid/acc_unbiased': 69.495, 'best_test_valid/diff': 32.929, 'best_test_valid/acc_skew': 53.03, 'best_test_valid/acc_align': 85.959, 'best_test_test/acc': 78.757, 'best_test_test/acc_unbiased': 72.632, 'best_test_test/diff': 30.05, 'best_test_test/acc_skew': 57.607, 'best_test_test/acc_align': 87.657}
[18 / 20] Learning rate: 1e-05 weight: 0.01
[18 / 20] Loss: 3.75984761814016 CE Loss: 0.3223446460865446 Con Loss: 3.756624171458037
[18 / 20] tensor([[0.976, 0.403],
        [0.619, 0.806]]) {'epoch': 18, 'valid/acc': 77.381, 'valid/acc_unbiased': 70.616, 'valid/diff': 42.373, 'valid/acc_skew': 49.429, 'valid/acc_align': 91.802, 'test/acc': 78.316, 'test/acc_unbiased': 70.132, 'test/diff': 37.986, 'test/acc_skew': 51.139, 'test/acc_align': 89.125}
[18 / 20] best valid accuracy: 70.616 at epoch 18 
 best_stats: {'best_valid_epoch': 18, 'best_valid_valid/acc': 77.381, 'best_valid_valid/acc_unbiased': 70.616, 'best_valid_valid/diff': 42.373, 'best_valid_valid/acc_skew': 49.429, 'best_valid_valid/acc_align': 91.802, 'best_valid_test/acc': 78.316, 'best_valid_test/acc_unbiased': 70.132, 'best_valid_test/diff': 37.986, 'best_valid_test/acc_skew': 51.139, 'best_valid_test/acc_align': 89.125}
[18 / 20] best test accuracy: 72.632 at epoch 7 
 best_stats: {'best_test_epoch': 7, 'best_test_valid/acc': 76.014, 'best_test_valid/acc_unbiased': 69.495, 'best_test_valid/diff': 32.929, 'best_test_valid/acc_skew': 53.03, 'best_test_valid/acc_align': 85.959, 'best_test_test/acc': 78.757, 'best_test_test/acc_unbiased': 72.632, 'best_test_test/diff': 30.05, 'best_test_test/acc_skew': 57.607, 'best_test_test/acc_align': 87.657}
[19 / 20] Learning rate: 1e-05 weight: 0.01
[19 / 20] Loss: 3.7932246253535973 CE Loss: 0.32173345422352 Con Loss: 3.7900072940053766
[19 / 20] tensor([[0.975, 0.375],
        [0.636, 0.830]]) {'epoch': 19, 'valid/acc': 77.557, 'valid/acc_unbiased': 70.538, 'valid/diff': 42.529, 'valid/acc_skew': 49.273, 'valid/acc_align': 91.802, 'test/acc': 78.845, 'test/acc_unbiased': 70.408, 'test/diff': 39.764, 'test/acc_skew': 50.526, 'test/acc_align': 90.29}
[19 / 20] best valid accuracy: 70.616 at epoch 18 
 best_stats: {'best_valid_epoch': 18, 'best_valid_valid/acc': 77.381, 'best_valid_valid/acc_unbiased': 70.616, 'best_valid_valid/diff': 42.373, 'best_valid_valid/acc_skew': 49.429, 'best_valid_valid/acc_align': 91.802, 'best_valid_test/acc': 78.316, 'best_valid_test/acc_unbiased': 70.132, 'best_valid_test/diff': 37.986, 'best_valid_test/acc_skew': 51.139, 'best_valid_test/acc_align': 89.125}
[19 / 20] best test accuracy: 72.632 at epoch 7 
 best_stats: {'best_test_epoch': 7, 'best_test_valid/acc': 76.014, 'best_test_valid/acc_unbiased': 69.495, 'best_test_valid/diff': 32.929, 'best_test_valid/acc_skew': 53.03, 'best_test_valid/acc_align': 85.959, 'best_test_test/acc': 78.757, 'best_test_test/acc_unbiased': 72.632, 'best_test_test/diff': 30.05, 'best_test_test/acc_skew': 57.607, 'best_test_test/acc_align': 87.657}
[20 / 20] Learning rate: 1e-05 weight: 0.01
[20 / 20] Loss: 3.738080251444506 CE Loss: 0.3240630550917415 Con Loss: 3.734839626663591
[20 / 20] tensor([[0.976, 0.392],
        [0.622, 0.818]]) {'epoch': 20, 'valid/acc': 77.072, 'valid/acc_unbiased': 70.21, 'valid/diff': 42.787, 'valid/acc_skew': 48.816, 'valid/acc_align': 91.603, 'test/acc': 78.405, 'test/acc_unbiased': 70.209, 'test/diff': 39.044, 'test/acc_skew': 50.686, 'test/acc_align': 89.731}
[20 / 20] best valid accuracy: 70.616 at epoch 18 
 best_stats: {'best_valid_epoch': 18, 'best_valid_valid/acc': 77.381, 'best_valid_valid/acc_unbiased': 70.616, 'best_valid_valid/diff': 42.373, 'best_valid_valid/acc_skew': 49.429, 'best_valid_valid/acc_align': 91.802, 'best_valid_test/acc': 78.316, 'best_valid_test/acc_unbiased': 70.132, 'best_valid_test/diff': 37.986, 'best_valid_test/acc_skew': 51.139, 'best_valid_test/acc_align': 89.125}
[20 / 20] best test accuracy: 72.632 at epoch 7 
 best_stats: {'best_test_epoch': 7, 'best_test_valid/acc': 76.014, 'best_test_valid/acc_unbiased': 69.495, 'best_test_valid/diff': 32.929, 'best_test_valid/acc_skew': 53.03, 'best_test_valid/acc_align': 85.959, 'best_test_test/acc': 78.757, 'best_test_test/acc_unbiased': 72.632, 'best_test_test/diff': 30.05, 'best_test_test/acc_skew': 57.607, 'best_test_test/acc_align': 87.657}
Total training time: 0:16:15
