Log level set to: INFO
Set seed: 2
=======> Using Fixed Random Seed: 2 <========
save_path: exp_results/bc-bb0-utk_face_race-us-0.6-lr0.001-bs128-cbs64-w0.01-ratio10-aug1-seed2
get_utk_face - split: train, aug: False, given_y: True, ratio: 0
use existing biased_utk_face from data/utk_face/pickles/biased_utk_face-target_gender-bias_race-0.6
Distribution Before Sampling: 
===================================
Binary Labels Distribution: 
Binary Target 0
---------------------------
Target 0: [4407, 2211]
Target 1: [1762, 5529]
Binary Target 1
---------------------------
Target 0: [4407, 2211]
Target 1: [1762, 5529]
===================================
Normal Label Distribution: 
Target 0: [4407, 2211]
Target 1: [1762, 5529]
===================================
Distribution After Sampling: 
===================================
Binary Labels Distribution: 
Binary Target 0
---------------------------
Target 0: [1762, 1762]
Target 1: [1762, 1762]
Binary Target 1
---------------------------
Target 0: [1762, 1762]
Target 1: [1762, 1762]
===================================
Normal Label Distribution: 
Target 0: [1762, 1762]
Target 1: [1762, 1762]
===================================
Use BiasedUTKFace - target_attr: gender
BiasedUTKFace -- total: 7048, target_attr: gender, bias_attr: race bias_rate: 0.6
['[train] target_0-bias_0: 1762', '[train] target_0-bias_1: 1762', '[train] target_1-bias_0: 1762', '[train] target_1-bias_1: 1762']
confusion_matrix - 
 original: tensor([[1762., 1762.],
        [1762., 1762.]]), 
 normalized: tensor([[0.500, 0.500],
        [0.500, 0.500]]), 
 b|y: tensor([[0.500, 0.500],
        [0.500, 0.500]])
get_utk_face - split: train, aug: 1, given_y: True, ratio: 10
use existing biased_utk_face from data/utk_face/pickles/biased_utk_face-target_gender-bias_race-0.6
Distribution Before Sampling: 
===================================
Binary Labels Distribution: 
Binary Target 0
---------------------------
Target 0: [4407, 2211]
Target 1: [1762, 5529]
Binary Target 1
---------------------------
Target 0: [4407, 2211]
Target 1: [1762, 5529]
===================================
Normal Label Distribution: 
Target 0: [4407, 2211]
Target 1: [1762, 5529]
===================================
Distribution After Sampling: 
===================================
Binary Labels Distribution: 
Binary Target 0
---------------------------
Target 0: [1762, 1762]
Target 1: [1762, 1762]
Binary Target 1
---------------------------
Target 0: [1762, 1762]
Target 1: [1762, 1762]
===================================
Normal Label Distribution: 
Target 0: [1762, 1762]
Target 1: [1762, 1762]
===================================
Use BiasedUTKFace - target_attr: gender
BiasedUTKFace -- total: 7048, target_attr: gender, bias_attr: race bias_rate: 0.6
['[train] target_0-bias_0: 1762', '[train] target_0-bias_1: 1762', '[train] target_1-bias_0: 1762', '[train] target_1-bias_1: 1762']
get_utk_face - split: valid, aug: False, given_y: True, ratio: 0
use existing biased_utk_face from data/utk_face/pickles/biased_utk_face-target_gender-bias_race-0.6
Distribution Before Sampling: 
===================================
Binary Labels Distribution: 
Binary Target 0
---------------------------
Target 0: [583, 684]
Target 1: [457, 646]
Binary Target 1
---------------------------
Target 0: [583, 684]
Target 1: [457, 646]
===================================
Normal Label Distribution: 
Target 0: [583, 684]
Target 1: [457, 646]
===================================
Use BiasedUTKFace - target_attr: gender
BiasedUTKFace -- total: 2370, target_attr: gender, bias_attr: race bias_rate: 0.6
['[valid] target_0-bias_0: 583', '[valid] target_0-bias_1: 684', '[valid] target_1-bias_0: 457', '[valid] target_1-bias_1: 646']
get_utk_face - split: test, aug: False, given_y: True, ratio: 0
use existing biased_utk_face from data/utk_face/pickles/biased_utk_face-target_gender-bias_race-0.6
Distribution Before Sampling: 
===================================
Binary Labels Distribution: 
Binary Target 0
---------------------------
Target 0: [558, 677]
Target 1: [462, 673]
Binary Target 1
---------------------------
Target 0: [558, 677]
Target 1: [462, 673]
===================================
Normal Label Distribution: 
Target 0: [558, 677]
Target 1: [462, 673]
===================================
Use BiasedUTKFace - target_attr: gender
BiasedUTKFace -- total: 2370, target_attr: gender, bias_attr: race bias_rate: 0.6
['[test] target_0-bias_0: 558', '[test] target_0-bias_1: 677', '[test] target_1-bias_0: 462', '[test] target_1-bias_1: 673']
decay_epochs: [6, 13]
[1 / 20] Learning rate: 0.001 weight: 0.01
[1 / 20] Loss: 4.944655764251778 CE Loss: 0.6108364756139805 Con Loss: 4.93854741692949
[1 / 20] tensor([[0.690, 0.721],
        [0.833, 0.820]]) {'epoch': 1, 'valid/acc': 76.54, 'valid/acc_unbiased': 77.124, 'valid/diff': 6.016, 'valid/acc_skew': 77.226, 'valid/acc_align': 77.021, 'test/acc': 76.371, 'test/acc_unbiased': 76.608, 'test/diff': 2.199, 'test/acc_skew': 76.165, 'test/acc_align': 77.052}
[1 / 20] best valid accuracy: 77.124 at epoch 1 
 best_stats: {'best_valid_epoch': 1, 'best_valid_valid/acc': 76.54, 'best_valid_valid/acc_unbiased': 77.124, 'best_valid_valid/diff': 6.016, 'best_valid_valid/acc_skew': 77.226, 'best_valid_valid/acc_align': 77.021, 'best_valid_test/acc': 76.371, 'best_valid_test/acc_unbiased': 76.608, 'best_valid_test/diff': 2.199, 'best_valid_test/acc_skew': 76.165, 'best_valid_test/acc_align': 77.052}
[1 / 20] best test accuracy: 76.608 at epoch 1 
 best_stats: {'best_test_epoch': 1, 'best_test_valid/acc': 76.54, 'best_test_valid/acc_unbiased': 77.124, 'best_test_valid/diff': 6.016, 'best_test_valid/acc_skew': 77.226, 'best_test_valid/acc_align': 77.021, 'best_test_test/acc': 76.371, 'best_test_test/acc_unbiased': 76.608, 'best_test_test/diff': 2.199, 'best_test_test/acc_skew': 76.165, 'best_test_test/acc_align': 77.052}
[2 / 20] Learning rate: 0.001 weight: 0.01
[2 / 20] Loss: 4.773500353199399 CE Loss: 0.48497994073268097 Con Loss: 4.768650563702275
[2 / 20] tensor([[0.975, 0.950],
        [0.528, 0.523]]) {'epoch': 2, 'valid/acc': 76.414, 'valid/acc_unbiased': 75.133, 'valid/diff': 2.321, 'valid/acc_skew': 76.293, 'valid/acc_align': 73.972, 'test/acc': 75.232, 'test/acc_unbiased': 74.396, 'test/diff': 1.512, 'test/acc_skew': 75.152, 'test/acc_align': 73.64}
[2 / 20] best valid accuracy: 77.124 at epoch 1 
 best_stats: {'best_valid_epoch': 1, 'best_valid_valid/acc': 76.54, 'best_valid_valid/acc_unbiased': 77.124, 'best_valid_valid/diff': 6.016, 'best_valid_valid/acc_skew': 77.226, 'best_valid_valid/acc_align': 77.021, 'best_valid_test/acc': 76.371, 'best_valid_test/acc_unbiased': 76.608, 'best_valid_test/diff': 2.199, 'best_valid_test/acc_skew': 76.165, 'best_valid_test/acc_align': 77.052}
[2 / 20] best test accuracy: 76.608 at epoch 1 
 best_stats: {'best_test_epoch': 1, 'best_test_valid/acc': 76.54, 'best_test_valid/acc_unbiased': 77.124, 'best_test_valid/diff': 6.016, 'best_test_valid/acc_skew': 77.226, 'best_test_valid/acc_align': 77.021, 'best_test_test/acc': 76.371, 'best_test_test/acc_unbiased': 76.608, 'best_test_test/diff': 2.199, 'best_test_test/acc_skew': 76.165, 'best_test_test/acc_align': 77.052}
[3 / 20] Learning rate: 0.001 weight: 0.01
[3 / 20] Loss: 4.765028702955647 CE Loss: 0.4615572391587408 Con Loss: 4.760413120607512
[3 / 20] tensor([[0.591, 0.591],
        [0.959, 0.958]]) {'epoch': 3, 'valid/acc': 76.245, 'valid/acc_unbiased': 77.534, 'valid/diff': 0.599, 'valid/acc_skew': 77.767, 'valid/acc_align': 77.3, 'test/acc': 76.709, 'test/acc_unbiased': 77.488, 'test/diff': 0.052, 'test/acc_skew': 77.514, 'test/acc_align': 77.462}
[3 / 20] best valid accuracy: 77.534 at epoch 3 
 best_stats: {'best_valid_epoch': 3, 'best_valid_valid/acc': 76.245, 'best_valid_valid/acc_unbiased': 77.534, 'best_valid_valid/diff': 0.599, 'best_valid_valid/acc_skew': 77.767, 'best_valid_valid/acc_align': 77.3, 'best_valid_test/acc': 76.709, 'best_valid_test/acc_unbiased': 77.488, 'best_valid_test/diff': 0.052, 'best_valid_test/acc_skew': 77.514, 'best_valid_test/acc_align': 77.462}
[3 / 20] best test accuracy: 77.488 at epoch 3 
 best_stats: {'best_test_epoch': 3, 'best_test_valid/acc': 76.245, 'best_test_valid/acc_unbiased': 77.534, 'best_test_valid/diff': 0.599, 'best_test_valid/acc_skew': 77.767, 'best_test_valid/acc_align': 77.3, 'best_test_test/acc': 76.709, 'best_test_test/acc_unbiased': 77.488, 'best_test_test/diff': 0.052, 'best_test_test/acc_skew': 77.514, 'best_test_test/acc_align': 77.462}
[4 / 20] Learning rate: 0.001 weight: 0.01
[4 / 20] Loss: 4.745814100432207 CE Loss: 0.43860602138667587 Con Loss: 4.741427997996128
[4 / 20] tensor([[0.819, 0.790],
        [0.818, 0.823]]) {'epoch': 4, 'valid/acc': 80.38, 'valid/acc_unbiased': 80.438, 'valid/diff': 1.468, 'valid/acc_skew': 81.172, 'valid/acc_align': 79.704, 'test/acc': 81.181, 'test/acc_unbiased': 81.265, 'test/diff': 1.687, 'test/acc_skew': 81.859, 'test/acc_align': 80.672}
[4 / 20] best valid accuracy: 80.438 at epoch 4 
 best_stats: {'best_valid_epoch': 4, 'best_valid_valid/acc': 80.38, 'best_valid_valid/acc_unbiased': 80.438, 'best_valid_valid/diff': 1.468, 'best_valid_valid/acc_skew': 81.172, 'best_valid_valid/acc_align': 79.704, 'best_valid_test/acc': 81.181, 'best_valid_test/acc_unbiased': 81.265, 'best_valid_test/diff': 1.687, 'best_valid_test/acc_skew': 81.859, 'best_valid_test/acc_align': 80.672}
[4 / 20] best test accuracy: 81.265 at epoch 4 
 best_stats: {'best_test_epoch': 4, 'best_test_valid/acc': 80.38, 'best_test_valid/acc_unbiased': 80.438, 'best_test_valid/diff': 1.468, 'best_test_valid/acc_skew': 81.172, 'best_test_valid/acc_align': 79.704, 'best_test_test/acc': 81.181, 'best_test_test/acc_unbiased': 81.265, 'best_test_test/diff': 1.687, 'best_test_test/acc_skew': 81.859, 'best_test_test/acc_align': 80.672}
[5 / 20] Learning rate: 0.001 weight: 0.01
[5 / 20] Loss: 4.728436926301573 CE Loss: 0.4128774420763118 Con Loss: 4.7243081427324105
[5 / 20] tensor([[0.812, 0.781],
        [0.851, 0.863]]) {'epoch': 5, 'valid/acc': 82.743, 'valid/acc_unbiased': 83.094, 'valid/diff': 2.892, 'valid/acc_skew': 84.54, 'valid/acc_align': 81.648, 'test/acc': 82.532, 'test/acc_unbiased': 82.679, 'test/diff': 2.154, 'test/acc_skew': 83.124, 'test/acc_align': 82.234}
[5 / 20] best valid accuracy: 83.094 at epoch 5 
 best_stats: {'best_valid_epoch': 5, 'best_valid_valid/acc': 82.743, 'best_valid_valid/acc_unbiased': 83.094, 'best_valid_valid/diff': 2.892, 'best_valid_valid/acc_skew': 84.54, 'best_valid_valid/acc_align': 81.648, 'best_valid_test/acc': 82.532, 'best_valid_test/acc_unbiased': 82.679, 'best_valid_test/diff': 2.154, 'best_valid_test/acc_skew': 83.124, 'best_valid_test/acc_align': 82.234}
[5 / 20] best test accuracy: 82.679 at epoch 5 
 best_stats: {'best_test_epoch': 5, 'best_test_valid/acc': 82.743, 'best_test_valid/acc_unbiased': 83.094, 'best_test_valid/diff': 2.892, 'best_test_valid/acc_skew': 84.54, 'best_test_valid/acc_align': 81.648, 'best_test_test/acc': 82.532, 'best_test_test/acc_unbiased': 82.679, 'best_test_test/diff': 2.154, 'best_test_test/acc_skew': 83.124, 'best_test_test/acc_align': 82.234}
[6 / 20] Learning rate: 0.001 weight: 0.01
[6 / 20] Loss: 4.731443393785215 CE Loss: 0.4132396922479558 Con Loss: 4.727310957892393
[6 / 20] tensor([[0.801, 0.768],
        [0.883, 0.902]]) {'epoch': 6, 'valid/acc': 82.785, 'valid/acc_unbiased': 83.171, 'valid/diff': 1.258, 'valid/acc_skew': 83.8, 'valid/acc_align': 82.542, 'test/acc': 83.629, 'test/acc_unbiased': 83.855, 'test/diff': 2.59, 'test/acc_skew': 84.21, 'test/acc_align': 83.501}
[6 / 20] best valid accuracy: 83.171 at epoch 6 
 best_stats: {'best_valid_epoch': 6, 'best_valid_valid/acc': 82.785, 'best_valid_valid/acc_unbiased': 83.171, 'best_valid_valid/diff': 1.258, 'best_valid_valid/acc_skew': 83.8, 'best_valid_valid/acc_align': 82.542, 'best_valid_test/acc': 83.629, 'best_valid_test/acc_unbiased': 83.855, 'best_valid_test/diff': 2.59, 'best_valid_test/acc_skew': 84.21, 'best_valid_test/acc_align': 83.501}
[6 / 20] best test accuracy: 83.855 at epoch 6 
 best_stats: {'best_test_epoch': 6, 'best_test_valid/acc': 82.785, 'best_test_valid/acc_unbiased': 83.171, 'best_test_valid/diff': 1.258, 'best_test_valid/acc_skew': 83.8, 'best_test_valid/acc_align': 82.542, 'best_test_test/acc': 83.629, 'best_test_test/acc_unbiased': 83.855, 'best_test_test/diff': 2.59, 'best_test_test/acc_skew': 84.21, 'best_test_test/acc_align': 83.501}
[7 / 20] Learning rate: 0.0001 weight: 0.01
[7 / 20] Loss: 4.685279506289323 CE Loss: 0.3784512373429557 Con Loss: 4.681495019174461
[7 / 20] tensor([[0.844, 0.827],
        [0.851, 0.874]]) {'epoch': 7, 'valid/acc': 85.148, 'valid/acc_unbiased': 85.258, 'valid/diff': 1.51, 'valid/acc_skew': 86.013, 'valid/acc_align': 84.503, 'test/acc': 84.895, 'test/acc_unbiased': 84.89, 'test/diff': 1.998, 'test/acc_skew': 84.737, 'test/acc_align': 85.044}
[7 / 20] best valid accuracy: 85.258 at epoch 7 
 best_stats: {'best_valid_epoch': 7, 'best_valid_valid/acc': 85.148, 'best_valid_valid/acc_unbiased': 85.258, 'best_valid_valid/diff': 1.51, 'best_valid_valid/acc_skew': 86.013, 'best_valid_valid/acc_align': 84.503, 'best_valid_test/acc': 84.895, 'best_valid_test/acc_unbiased': 84.89, 'best_valid_test/diff': 1.998, 'best_valid_test/acc_skew': 84.737, 'best_valid_test/acc_align': 85.044}
[7 / 20] best test accuracy: 84.890 at epoch 7 
 best_stats: {'best_test_epoch': 7, 'best_test_valid/acc': 85.148, 'best_test_valid/acc_unbiased': 85.258, 'best_test_valid/diff': 1.51, 'best_test_valid/acc_skew': 86.013, 'best_test_valid/acc_align': 84.503, 'best_test_test/acc': 84.895, 'best_test_test/acc_unbiased': 84.89, 'best_test_test/diff': 1.998, 'best_test_test/acc_skew': 84.737, 'best_test_test/acc_align': 85.044}
[8 / 20] Learning rate: 0.0001 weight: 0.01
[8 / 20] Loss: 4.649751443462393 CE Loss: 0.3651591565092089 Con Loss: 4.646099863474539
[8 / 20] tensor([[0.866, 0.845],
        [0.853, 0.874]]) {'epoch': 8, 'valid/acc': 86.076, 'valid/acc_unbiased': 86.156, 'valid/diff': 1.818, 'valid/acc_skew': 87.065, 'valid/acc_align': 85.247, 'test/acc': 85.949, 'test/acc_unbiased': 85.925, 'test/diff': 2.079, 'test/acc_skew': 85.92, 'test/acc_align': 85.93}
[8 / 20] best valid accuracy: 86.156 at epoch 8 
 best_stats: {'best_valid_epoch': 8, 'best_valid_valid/acc': 86.076, 'best_valid_valid/acc_unbiased': 86.156, 'best_valid_valid/diff': 1.818, 'best_valid_valid/acc_skew': 87.065, 'best_valid_valid/acc_align': 85.247, 'best_valid_test/acc': 85.949, 'best_valid_test/acc_unbiased': 85.925, 'best_valid_test/diff': 2.079, 'best_valid_test/acc_skew': 85.92, 'best_valid_test/acc_align': 85.93}
[8 / 20] best test accuracy: 85.925 at epoch 8 
 best_stats: {'best_test_epoch': 8, 'best_test_valid/acc': 86.076, 'best_test_valid/acc_unbiased': 86.156, 'best_test_valid/diff': 1.818, 'best_test_valid/acc_skew': 87.065, 'best_test_valid/acc_align': 85.247, 'best_test_test/acc': 85.949, 'best_test_test/acc_unbiased': 85.925, 'best_test_test/diff': 2.079, 'best_test_test/acc_skew': 85.92, 'best_test_test/acc_align': 85.93}
[9 / 20] Learning rate: 0.0001 weight: 0.01
[9 / 20] Loss: 4.6622517165748 CE Loss: 0.3528911429420367 Con Loss: 4.6587228277078685
[9 / 20] tensor([[0.837, 0.826],
        [0.885, 0.906]]) {'epoch': 9, 'valid/acc': 85.992, 'valid/acc_unbiased': 86.309, 'valid/diff': 2.098, 'valid/acc_skew': 87.358, 'valid/acc_align': 85.26, 'test/acc': 86.287, 'test/acc_unbiased': 86.357, 'test/diff': 1.616, 'test/acc_skew': 86.11, 'test/acc_align': 86.605}
[9 / 20] best valid accuracy: 86.309 at epoch 9 
 best_stats: {'best_valid_epoch': 9, 'best_valid_valid/acc': 85.992, 'best_valid_valid/acc_unbiased': 86.309, 'best_valid_valid/diff': 2.098, 'best_valid_valid/acc_skew': 87.358, 'best_valid_valid/acc_align': 85.26, 'best_valid_test/acc': 86.287, 'best_valid_test/acc_unbiased': 86.357, 'best_valid_test/diff': 1.616, 'best_valid_test/acc_skew': 86.11, 'best_valid_test/acc_align': 86.605}
[9 / 20] best test accuracy: 86.357 at epoch 9 
 best_stats: {'best_test_epoch': 9, 'best_test_valid/acc': 85.992, 'best_test_valid/acc_unbiased': 86.309, 'best_test_valid/diff': 2.098, 'best_test_valid/acc_skew': 87.358, 'best_test_valid/acc_align': 85.26, 'best_test_test/acc': 86.287, 'best_test_test/acc_unbiased': 86.357, 'best_test_test/diff': 1.616, 'best_test_test/acc_skew': 86.11, 'best_test_test/acc_align': 86.605}
[10 / 20] Learning rate: 0.0001 weight: 0.01
[10 / 20] Loss: 4.642521087481946 CE Loss: 0.3473373117701285 Con Loss: 4.639047709821166
[10 / 20] tensor([[0.860, 0.830],
        [0.879, 0.887]]) {'epoch': 10, 'valid/acc': 86.793, 'valid/acc_unbiased': 87.044, 'valid/diff': 2.124, 'valid/acc_skew': 88.106, 'valid/acc_align': 85.982, 'test/acc': 86.287, 'test/acc_unbiased': 86.405, 'test/diff': 1.918, 'test/acc_skew': 86.95, 'test/acc_align': 85.86}
[10 / 20] best valid accuracy: 87.044 at epoch 10 
 best_stats: {'best_valid_epoch': 10, 'best_valid_valid/acc': 86.793, 'best_valid_valid/acc_unbiased': 87.044, 'best_valid_valid/diff': 2.124, 'best_valid_valid/acc_skew': 88.106, 'best_valid_valid/acc_align': 85.982, 'best_valid_test/acc': 86.287, 'best_valid_test/acc_unbiased': 86.405, 'best_valid_test/diff': 1.918, 'best_valid_test/acc_skew': 86.95, 'best_valid_test/acc_align': 85.86}
[10 / 20] best test accuracy: 86.405 at epoch 10 
 best_stats: {'best_test_epoch': 10, 'best_test_valid/acc': 86.793, 'best_test_valid/acc_unbiased': 87.044, 'best_test_valid/diff': 2.124, 'best_test_valid/acc_skew': 88.106, 'best_test_valid/acc_align': 85.982, 'best_test_test/acc': 86.287, 'best_test_test/acc_unbiased': 86.405, 'best_test_test/diff': 1.918, 'best_test_test/acc_skew': 86.95, 'best_test_test/acc_align': 85.86}
[11 / 20] Learning rate: 0.0001 weight: 0.01
[11 / 20] Loss: 4.6329114683369905 CE Loss: 0.33476755601458597 Con Loss: 4.629563791662556
[11 / 20] tensor([[0.866, 0.839],
        [0.874, 0.881]]) {'epoch': 11, 'valid/acc': 86.92, 'valid/acc_unbiased': 87.162, 'valid/diff': 2.403, 'valid/acc_skew': 88.363, 'valid/acc_align': 85.961, 'test/acc': 86.414, 'test/acc_unbiased': 86.504, 'test/diff': 1.663, 'test/acc_skew': 87.003, 'test/acc_align': 86.006}
[11 / 20] best valid accuracy: 87.162 at epoch 11 
 best_stats: {'best_valid_epoch': 11, 'best_valid_valid/acc': 86.92, 'best_valid_valid/acc_unbiased': 87.162, 'best_valid_valid/diff': 2.403, 'best_valid_valid/acc_skew': 88.363, 'best_valid_valid/acc_align': 85.961, 'best_valid_test/acc': 86.414, 'best_valid_test/acc_unbiased': 86.504, 'best_valid_test/diff': 1.663, 'best_valid_test/acc_skew': 87.003, 'best_valid_test/acc_align': 86.006}
[11 / 20] best test accuracy: 86.504 at epoch 11 
 best_stats: {'best_test_epoch': 11, 'best_test_valid/acc': 86.92, 'best_test_valid/acc_unbiased': 87.162, 'best_test_valid/diff': 2.403, 'best_test_valid/acc_skew': 88.363, 'best_test_valid/acc_align': 85.961, 'best_test_test/acc': 86.414, 'best_test_test/acc_unbiased': 86.504, 'best_test_test/diff': 1.663, 'best_test_test/acc_skew': 87.003, 'best_test_test/acc_align': 86.006}
[12 / 20] Learning rate: 0.0001 weight: 0.01
[12 / 20] Loss: 4.6300181195089145 CE Loss: 0.3291045078388273 Con Loss: 4.626727058722402
[12 / 20] tensor([[0.857, 0.852],
        [0.874, 0.878]]) {'epoch': 12, 'valid/acc': 85.738, 'valid/acc_unbiased': 86.061, 'valid/diff': 3.185, 'valid/acc_skew': 87.654, 'valid/acc_align': 84.469, 'test/acc': 86.498, 'test/acc_unbiased': 86.538, 'test/diff': 0.402, 'test/acc_skew': 86.554, 'test/acc_align': 86.522}
[12 / 20] best valid accuracy: 87.162 at epoch 11 
 best_stats: {'best_valid_epoch': 11, 'best_valid_valid/acc': 86.92, 'best_valid_valid/acc_unbiased': 87.162, 'best_valid_valid/diff': 2.403, 'best_valid_valid/acc_skew': 88.363, 'best_valid_valid/acc_align': 85.961, 'best_valid_test/acc': 86.414, 'best_valid_test/acc_unbiased': 86.504, 'best_valid_test/diff': 1.663, 'best_valid_test/acc_skew': 87.003, 'best_valid_test/acc_align': 86.006}
[12 / 20] best test accuracy: 86.538 at epoch 12 
 best_stats: {'best_test_epoch': 12, 'best_test_valid/acc': 85.738, 'best_test_valid/acc_unbiased': 86.061, 'best_test_valid/diff': 3.185, 'best_test_valid/acc_skew': 87.654, 'best_test_valid/acc_align': 84.469, 'best_test_test/acc': 86.498, 'best_test_test/acc_unbiased': 86.538, 'best_test_test/diff': 0.402, 'best_test_test/acc_skew': 86.554, 'best_test_test/acc_align': 86.522}
[13 / 20] Learning rate: 0.0001 weight: 0.01
[13 / 20] Loss: 4.6225348926158825 CE Loss: 0.33121385355982147 Con Loss: 4.619222763853907
[13 / 20] tensor([[0.857, 0.843],
        [0.890, 0.875]]) {'epoch': 13, 'valid/acc': 85.907, 'valid/acc_unbiased': 86.279, 'valid/diff': 2.813, 'valid/acc_skew': 87.686, 'valid/acc_align': 84.873, 'test/acc': 86.456, 'test/acc_unbiased': 86.621, 'test/diff': 1.381, 'test/acc_skew': 87.312, 'test/acc_align': 85.931}
[13 / 20] best valid accuracy: 87.162 at epoch 11 
 best_stats: {'best_valid_epoch': 11, 'best_valid_valid/acc': 86.92, 'best_valid_valid/acc_unbiased': 87.162, 'best_valid_valid/diff': 2.403, 'best_valid_valid/acc_skew': 88.363, 'best_valid_valid/acc_align': 85.961, 'best_valid_test/acc': 86.414, 'best_valid_test/acc_unbiased': 86.504, 'best_valid_test/diff': 1.663, 'best_valid_test/acc_skew': 87.003, 'best_valid_test/acc_align': 86.006}
[13 / 20] best test accuracy: 86.621 at epoch 13 
 best_stats: {'best_test_epoch': 13, 'best_test_valid/acc': 85.907, 'best_test_valid/acc_unbiased': 86.279, 'best_test_valid/diff': 2.813, 'best_test_valid/acc_skew': 87.686, 'best_test_valid/acc_align': 84.873, 'best_test_test/acc': 86.456, 'best_test_test/acc_unbiased': 86.621, 'best_test_test/diff': 1.381, 'best_test_test/acc_skew': 87.312, 'best_test_test/acc_align': 85.931}
[14 / 20] Learning rate: 1e-05 weight: 0.01
[14 / 20] Loss: 4.62111281049644 CE Loss: 0.3299285907480151 Con Loss: 4.617813529275468
[14 / 20] tensor([[0.858, 0.840],
        [0.898, 0.889]]) {'epoch': 14, 'valid/acc': 86.709, 'valid/acc_unbiased': 87.013, 'valid/diff': 2.328, 'valid/acc_skew': 88.177, 'valid/acc_align': 85.849, 'test/acc': 86.962, 'test/acc_unbiased': 87.143, 'test/diff': 1.383, 'test/acc_skew': 87.835, 'test/acc_align': 86.452}
[14 / 20] best valid accuracy: 87.162 at epoch 11 
 best_stats: {'best_valid_epoch': 11, 'best_valid_valid/acc': 86.92, 'best_valid_valid/acc_unbiased': 87.162, 'best_valid_valid/diff': 2.403, 'best_valid_valid/acc_skew': 88.363, 'best_valid_valid/acc_align': 85.961, 'best_valid_test/acc': 86.414, 'best_valid_test/acc_unbiased': 86.504, 'best_valid_test/diff': 1.663, 'best_valid_test/acc_skew': 87.003, 'best_valid_test/acc_align': 86.006}
[14 / 20] best test accuracy: 87.143 at epoch 14 
 best_stats: {'best_test_epoch': 14, 'best_test_valid/acc': 86.709, 'best_test_valid/acc_unbiased': 87.013, 'best_test_valid/diff': 2.328, 'best_test_valid/acc_skew': 88.177, 'best_test_valid/acc_align': 85.849, 'best_test_test/acc': 86.962, 'best_test_test/acc_unbiased': 87.143, 'best_test_test/diff': 1.383, 'best_test_test/acc_skew': 87.835, 'best_test_test/acc_align': 86.452}
[15 / 20] Learning rate: 1e-05 weight: 0.01
[15 / 20] Loss: 4.600356497640101 CE Loss: 0.3236335469800958 Con Loss: 4.597120130238008
[15 / 20] tensor([[0.884, 0.860],
        [0.859, 0.869]]) {'epoch': 15, 'valid/acc': 87.3, 'valid/acc_unbiased': 87.527, 'valid/diff': 3.046, 'valid/acc_skew': 89.05, 'valid/acc_align': 86.004, 'test/acc': 86.793, 'test/acc_unbiased': 86.793, 'test/diff': 1.689, 'test/acc_skew': 87.141, 'test/acc_align': 86.446}
[15 / 20] best valid accuracy: 87.527 at epoch 15 
 best_stats: {'best_valid_epoch': 15, 'best_valid_valid/acc': 87.3, 'best_valid_valid/acc_unbiased': 87.527, 'best_valid_valid/diff': 3.046, 'best_valid_valid/acc_skew': 89.05, 'best_valid_valid/acc_align': 86.004, 'best_valid_test/acc': 86.793, 'best_valid_test/acc_unbiased': 86.793, 'best_valid_test/diff': 1.689, 'best_valid_test/acc_skew': 87.141, 'best_valid_test/acc_align': 86.446}
[15 / 20] best test accuracy: 87.143 at epoch 14 
 best_stats: {'best_test_epoch': 14, 'best_test_valid/acc': 86.709, 'best_test_valid/acc_unbiased': 87.013, 'best_test_valid/diff': 2.328, 'best_test_valid/acc_skew': 88.177, 'best_test_valid/acc_align': 85.849, 'best_test_test/acc': 86.962, 'best_test_test/acc_unbiased': 87.143, 'best_test_test/diff': 1.383, 'best_test_test/acc_skew': 87.835, 'best_test_test/acc_align': 86.452}
[16 / 20] Learning rate: 1e-05 weight: 0.01
[16 / 20] Loss: 4.613105845911414 CE Loss: 0.3219687289534037 Con Loss: 4.609886182964727
[16 / 20] tensor([[0.880, 0.860],
        [0.870, 0.869]]) {'epoch': 16, 'valid/acc': 86.92, 'valid/acc_unbiased': 87.136, 'valid/diff': 2.703, 'valid/acc_skew': 88.488, 'valid/acc_align': 85.784, 'test/acc': 86.92, 'test/acc_unbiased': 86.974, 'test/diff': 1.057, 'test/acc_skew': 87.503, 'test/acc_align': 86.446}
[16 / 20] best valid accuracy: 87.527 at epoch 15 
 best_stats: {'best_valid_epoch': 15, 'best_valid_valid/acc': 87.3, 'best_valid_valid/acc_unbiased': 87.527, 'best_valid_valid/diff': 3.046, 'best_valid_valid/acc_skew': 89.05, 'best_valid_valid/acc_align': 86.004, 'best_valid_test/acc': 86.793, 'best_valid_test/acc_unbiased': 86.793, 'best_valid_test/diff': 1.689, 'best_valid_test/acc_skew': 87.141, 'best_valid_test/acc_align': 86.446}
[16 / 20] best test accuracy: 87.143 at epoch 14 
 best_stats: {'best_test_epoch': 14, 'best_test_valid/acc': 86.709, 'best_test_valid/acc_unbiased': 87.013, 'best_test_valid/diff': 2.328, 'best_test_valid/acc_skew': 88.177, 'best_test_valid/acc_align': 85.849, 'best_test_test/acc': 86.962, 'best_test_test/acc_unbiased': 87.143, 'best_test_test/diff': 1.383, 'best_test_test/acc_skew': 87.835, 'best_test_test/acc_align': 86.452}
[17 / 20] Learning rate: 1e-05 weight: 0.01
[17 / 20] Loss: 4.614504016352295 CE Loss: 0.3307117233211418 Con Loss: 4.611196913053446
[17 / 20] tensor([[0.869, 0.854],
        [0.885, 0.878]]) {'epoch': 17, 'valid/acc': 87.046, 'valid/acc_unbiased': 87.287, 'valid/diff': 2.325, 'valid/acc_skew': 88.449, 'valid/acc_align': 86.124, 'test/acc': 87.046, 'test/acc_unbiased': 87.16, 'test/diff': 1.127, 'test/acc_skew': 87.723, 'test/acc_align': 86.596}
[17 / 20] best valid accuracy: 87.527 at epoch 15 
 best_stats: {'best_valid_epoch': 15, 'best_valid_valid/acc': 87.3, 'best_valid_valid/acc_unbiased': 87.527, 'best_valid_valid/diff': 3.046, 'best_valid_valid/acc_skew': 89.05, 'best_valid_valid/acc_align': 86.004, 'best_valid_test/acc': 86.793, 'best_valid_test/acc_unbiased': 86.793, 'best_valid_test/diff': 1.689, 'best_valid_test/acc_skew': 87.141, 'best_valid_test/acc_align': 86.446}
[17 / 20] best test accuracy: 87.160 at epoch 17 
 best_stats: {'best_test_epoch': 17, 'best_test_valid/acc': 87.046, 'best_test_valid/acc_unbiased': 87.287, 'best_test_valid/diff': 2.325, 'best_test_valid/acc_skew': 88.449, 'best_test_valid/acc_align': 86.124, 'best_test_test/acc': 87.046, 'best_test_test/acc_unbiased': 87.16, 'best_test_test/diff': 1.127, 'best_test_test/acc_skew': 87.723, 'best_test_test/acc_align': 86.596}
[18 / 20] Learning rate: 1e-05 weight: 0.01
[18 / 20] Loss: 4.610894004007744 CE Loss: 0.3251082735489229 Con Loss: 4.607642908778282
[18 / 20] tensor([[0.891, 0.870],
        [0.853, 0.863]]) {'epoch': 18, 'valid/acc': 86.962, 'valid/acc_unbiased': 87.156, 'valid/diff': 3.723, 'valid/acc_skew': 89.017, 'valid/acc_align': 85.294, 'test/acc': 86.962, 'test/acc_unbiased': 86.92, 'test/diff': 1.558, 'test/acc_skew': 87.175, 'test/acc_align': 86.666}
[18 / 20] best valid accuracy: 87.527 at epoch 15 
 best_stats: {'best_valid_epoch': 15, 'best_valid_valid/acc': 87.3, 'best_valid_valid/acc_unbiased': 87.527, 'best_valid_valid/diff': 3.046, 'best_valid_valid/acc_skew': 89.05, 'best_valid_valid/acc_align': 86.004, 'best_valid_test/acc': 86.793, 'best_valid_test/acc_unbiased': 86.793, 'best_valid_test/diff': 1.689, 'best_valid_test/acc_skew': 87.141, 'best_valid_test/acc_align': 86.446}
[18 / 20] best test accuracy: 87.160 at epoch 17 
 best_stats: {'best_test_epoch': 17, 'best_test_valid/acc': 87.046, 'best_test_valid/acc_unbiased': 87.287, 'best_test_valid/diff': 2.325, 'best_test_valid/acc_skew': 88.449, 'best_test_valid/acc_align': 86.124, 'best_test_test/acc': 87.046, 'best_test_test/acc_unbiased': 87.16, 'best_test_test/diff': 1.127, 'best_test_test/acc_skew': 87.723, 'best_test_test/acc_align': 86.596}
[19 / 20] Learning rate: 1e-05 weight: 0.01
[19 / 20] Loss: 4.620935608390782 CE Loss: 0.31764773870569896 Con Loss: 4.617759132493503
[19 / 20] tensor([[0.887, 0.866],
        [0.848, 0.859]]) {'epoch': 19, 'valid/acc': 87.089, 'valid/acc_unbiased': 87.259, 'valid/diff': 3.173, 'valid/acc_skew': 88.846, 'valid/acc_align': 85.673, 'test/acc': 86.54, 'test/acc_unbiased': 86.5, 'test/diff': 1.593, 'test/acc_skew': 86.779, 'test/acc_align': 86.221}
[19 / 20] best valid accuracy: 87.527 at epoch 15 
 best_stats: {'best_valid_epoch': 15, 'best_valid_valid/acc': 87.3, 'best_valid_valid/acc_unbiased': 87.527, 'best_valid_valid/diff': 3.046, 'best_valid_valid/acc_skew': 89.05, 'best_valid_valid/acc_align': 86.004, 'best_valid_test/acc': 86.793, 'best_valid_test/acc_unbiased': 86.793, 'best_valid_test/diff': 1.689, 'best_valid_test/acc_skew': 87.141, 'best_valid_test/acc_align': 86.446}
[19 / 20] best test accuracy: 87.160 at epoch 17 
 best_stats: {'best_test_epoch': 17, 'best_test_valid/acc': 87.046, 'best_test_valid/acc_unbiased': 87.287, 'best_test_valid/diff': 2.325, 'best_test_valid/acc_skew': 88.449, 'best_test_valid/acc_align': 86.124, 'best_test_test/acc': 87.046, 'best_test_test/acc_unbiased': 87.16, 'best_test_test/diff': 1.127, 'best_test_test/acc_skew': 87.723, 'best_test_test/acc_align': 86.596}
[20 / 20] Learning rate: 1e-05 weight: 0.01
[20 / 20] Loss: 4.610929367355538 CE Loss: 0.31968262696915667 Con Loss: 4.6077325379266645
[20 / 20] tensor([[0.887, 0.877],
        [0.851, 0.856]]) {'epoch': 20, 'valid/acc': 87.004, 'valid/acc_unbiased': 87.163, 'valid/diff': 3.489, 'valid/acc_skew': 88.908, 'valid/acc_align': 85.419, 'test/acc': 86.835, 'test/acc_unbiased': 86.775, 'test/diff': 0.746, 'test/acc_skew': 86.887, 'test/acc_align': 86.663}
[20 / 20] best valid accuracy: 87.527 at epoch 15 
 best_stats: {'best_valid_epoch': 15, 'best_valid_valid/acc': 87.3, 'best_valid_valid/acc_unbiased': 87.527, 'best_valid_valid/diff': 3.046, 'best_valid_valid/acc_skew': 89.05, 'best_valid_valid/acc_align': 86.004, 'best_valid_test/acc': 86.793, 'best_valid_test/acc_unbiased': 86.793, 'best_valid_test/diff': 1.689, 'best_valid_test/acc_skew': 87.141, 'best_valid_test/acc_align': 86.446}
[20 / 20] best test accuracy: 87.160 at epoch 17 
 best_stats: {'best_test_epoch': 17, 'best_test_valid/acc': 87.046, 'best_test_valid/acc_unbiased': 87.287, 'best_test_valid/diff': 2.325, 'best_test_valid/acc_skew': 88.449, 'best_test_valid/acc_align': 86.124, 'best_test_test/acc': 87.046, 'best_test_test/acc_unbiased': 87.16, 'best_test_test/diff': 1.127, 'best_test_test/acc_skew': 87.723, 'best_test_test/acc_align': 86.596}
Total training time: 0:24:38
