Log level set to: INFO
Set seed: 1
=======> Using Fixed Random Seed: 1 <========
save_path: exp_results/bc-bb0-utk_face_race-crop_blur-0.9-lr0.001-bs128-cbs64-w0.01-ratio10-aug1-seed1
get_utk_face - split: train, aug: False, given_y: True, ratio: 0
use existing biased_utk_face from data/utk_face/pickles/biased_utk_face-target_gender-bias_race-0.9
Distribution Before Sampling: 
===================================
Binary Labels Distribution: 
Binary Target 0
---------------------------
Target 0: [4407, 552]
Target 1: [440, 5529]
Binary Target 1
---------------------------
Target 0: [4407, 552]
Target 1: [440, 5529]
===================================
Normal Label Distribution: 
Target 0: [4407, 552]
Target 1: [440, 5529]
===================================
Distribution After Sampling: 
===================================
Binary Labels Distribution: 
Binary Target 0
---------------------------
Target 0: [4407, 552]
Target 1: [440, 5529]
Binary Target 1
---------------------------
Target 0: [4407, 552]
Target 1: [440, 5529]
===================================
Normal Label Distribution: 
Target 0: [4407, 552]
Target 1: [440, 5529]
===================================
Use BiasedUTKFace - target_attr: gender
BiasedUTKFace -- total: 10928, target_attr: gender, bias_attr: race bias_rate: 0.9
['[train] target_0-bias_0: 4407', '[train] target_0-bias_1: 552', '[train] target_1-bias_0: 440', '[train] target_1-bias_1: 5529']
confusion_matrix - 
 original: tensor([[4407.,  440.],
        [ 552., 5529.]]), 
 normalized: tensor([[0.909, 0.091],
        [0.091, 0.909]]), 
 b|y: tensor([[0.889, 0.111],
        [0.074, 0.926]])
get_utk_face - split: train, aug: 1, given_y: True, ratio: 10
use existing biased_utk_face from data/utk_face/pickles/biased_utk_face-target_gender-bias_race-0.9
Distribution Before Sampling: 
===================================
Binary Labels Distribution: 
Binary Target 0
---------------------------
Target 0: [4407, 552]
Target 1: [440, 5529]
Binary Target 1
---------------------------
Target 0: [4407, 552]
Target 1: [440, 5529]
===================================
Normal Label Distribution: 
Target 0: [4407, 552]
Target 1: [440, 5529]
===================================
Distribution After Sampling: 
===================================
Binary Labels Distribution: 
Binary Target 0
---------------------------
Target 0: [4407, 552]
Target 1: [440, 5529]
Binary Target 1
---------------------------
Target 0: [4407, 552]
Target 1: [440, 5529]
===================================
Normal Label Distribution: 
Target 0: [4407, 552]
Target 1: [440, 5529]
===================================
Use BiasedUTKFace - target_attr: gender
BiasedUTKFace -- total: 10928, target_attr: gender, bias_attr: race bias_rate: 0.9
['[train] target_0-bias_0: 4407', '[train] target_0-bias_1: 552', '[train] target_1-bias_0: 440', '[train] target_1-bias_1: 5529']
get_utk_face - split: valid, aug: False, given_y: True, ratio: 0
use existing biased_utk_face from data/utk_face/pickles/biased_utk_face-target_gender-bias_race-0.9
Distribution Before Sampling: 
===================================
Binary Labels Distribution: 
Binary Target 0
---------------------------
Target 0: [583, 684]
Target 1: [457, 646]
Binary Target 1
---------------------------
Target 0: [583, 684]
Target 1: [457, 646]
===================================
Normal Label Distribution: 
Target 0: [583, 684]
Target 1: [457, 646]
===================================
Use BiasedUTKFace - target_attr: gender
BiasedUTKFace -- total: 2370, target_attr: gender, bias_attr: race bias_rate: 0.9
['[valid] target_0-bias_0: 583', '[valid] target_0-bias_1: 684', '[valid] target_1-bias_0: 457', '[valid] target_1-bias_1: 646']
get_utk_face - split: test, aug: False, given_y: True, ratio: 0
use existing biased_utk_face from data/utk_face/pickles/biased_utk_face-target_gender-bias_race-0.9
Distribution Before Sampling: 
===================================
Binary Labels Distribution: 
Binary Target 0
---------------------------
Target 0: [558, 677]
Target 1: [462, 673]
Binary Target 1
---------------------------
Target 0: [558, 677]
Target 1: [462, 673]
===================================
Normal Label Distribution: 
Target 0: [558, 677]
Target 1: [462, 673]
===================================
Use BiasedUTKFace - target_attr: gender
BiasedUTKFace -- total: 2370, target_attr: gender, bias_attr: race bias_rate: 0.9
['[test] target_0-bias_0: 558', '[test] target_0-bias_1: 677', '[test] target_1-bias_0: 462', '[test] target_1-bias_1: 673']
decay_epochs: [6, 13]
[1 / 20] Learning rate: 0.001 weight: 0.01
[1 / 20] Loss: 4.90044232168798 CE Loss: 0.5835106195241082 Con Loss: 4.894607208134664
[1 / 20] tensor([[0.604, 0.545],
        [0.887, 0.918]]) {'epoch': 1, 'valid/acc': 70.886, 'valid/acc_unbiased': 72.085, 'valid/diff': 5.326, 'valid/acc_skew': 69.422, 'valid/acc_align': 74.748, 'test/acc': 73.165, 'test/acc_unbiased': 73.868, 'test/diff': 4.486, 'test/acc_skew': 71.625, 'test/acc_align': 76.111}
[1 / 20] best valid accuracy: 72.085 at epoch 1 
 best_stats: {'best_valid_epoch': 1, 'best_valid_valid/acc': 70.886, 'best_valid_valid/acc_unbiased': 72.085, 'best_valid_valid/diff': 5.326, 'best_valid_valid/acc_skew': 69.422, 'best_valid_valid/acc_align': 74.748, 'best_valid_test/acc': 73.165, 'best_valid_test/acc_unbiased': 73.868, 'best_valid_test/diff': 4.486, 'best_valid_test/acc_skew': 71.625, 'best_valid_test/acc_align': 76.111}
[1 / 20] best test accuracy: 73.868 at epoch 1 
 best_stats: {'best_test_epoch': 1, 'best_test_valid/acc': 70.886, 'best_test_valid/acc_unbiased': 72.085, 'best_test_valid/diff': 5.326, 'best_test_valid/acc_skew': 69.422, 'best_test_valid/acc_align': 74.748, 'best_test_test/acc': 73.165, 'best_test_test/acc_unbiased': 73.868, 'best_test_test/diff': 4.486, 'best_test_test/acc_skew': 71.625, 'best_test_test/acc_align': 76.111}
[2 / 20] Learning rate: 0.001 weight: 0.01
[2 / 20] Loss: 4.774824983728054 CE Loss: 0.46899791727303414 Con Loss: 4.770135004733352
[2 / 20] tensor([[0.799, 0.787],
        [0.792, 0.825]]) {'epoch': 2, 'valid/acc': 78.903, 'valid/acc_unbiased': 79.017, 'valid/diff': 3.339, 'valid/acc_skew': 78.641, 'valid/acc_align': 79.393, 'test/acc': 80.169, 'test/acc_unbiased': 80.086, 'test/diff': 2.222, 'test/acc_skew': 78.975, 'test/acc_align': 81.197}
[2 / 20] best valid accuracy: 79.017 at epoch 2 
 best_stats: {'best_valid_epoch': 2, 'best_valid_valid/acc': 78.903, 'best_valid_valid/acc_unbiased': 79.017, 'best_valid_valid/diff': 3.339, 'best_valid_valid/acc_skew': 78.641, 'best_valid_valid/acc_align': 79.393, 'best_valid_test/acc': 80.169, 'best_valid_test/acc_unbiased': 80.086, 'best_valid_test/diff': 2.222, 'best_valid_test/acc_skew': 78.975, 'best_valid_test/acc_align': 81.197}
[2 / 20] best test accuracy: 80.086 at epoch 2 
 best_stats: {'best_test_epoch': 2, 'best_test_valid/acc': 78.903, 'best_test_valid/acc_unbiased': 79.017, 'best_test_valid/diff': 3.339, 'best_test_valid/acc_skew': 78.641, 'best_test_valid/acc_align': 79.393, 'best_test_test/acc': 80.169, 'best_test_test/acc_unbiased': 80.086, 'best_test_test/diff': 2.222, 'best_test_test/acc_skew': 78.975, 'best_test_test/acc_align': 81.197}
[3 / 20] Learning rate: 0.001 weight: 0.01
[3 / 20] Loss: 4.756550190563956 CE Loss: 0.4561829304712583 Con Loss: 4.751988364173587
[3 / 20] tensor([[0.670, 0.616],
        [0.907, 0.938]]) {'epoch': 3, 'valid/acc': 77.806, 'valid/acc_unbiased': 78.956, 'valid/diff': 2.141, 'valid/acc_skew': 78.478, 'valid/acc_align': 79.433, 'test/acc': 77.679, 'test/acc_unbiased': 78.268, 'test/diff': 4.248, 'test/acc_skew': 76.144, 'test/acc_align': 80.392}
[3 / 20] best valid accuracy: 79.017 at epoch 2 
 best_stats: {'best_valid_epoch': 2, 'best_valid_valid/acc': 78.903, 'best_valid_valid/acc_unbiased': 79.017, 'best_valid_valid/diff': 3.339, 'best_valid_valid/acc_skew': 78.641, 'best_valid_valid/acc_align': 79.393, 'best_valid_test/acc': 80.169, 'best_valid_test/acc_unbiased': 80.086, 'best_valid_test/diff': 2.222, 'best_valid_test/acc_skew': 78.975, 'best_valid_test/acc_align': 81.197}
[3 / 20] best test accuracy: 80.086 at epoch 2 
 best_stats: {'best_test_epoch': 2, 'best_test_valid/acc': 78.903, 'best_test_valid/acc_unbiased': 79.017, 'best_test_valid/diff': 3.339, 'best_test_valid/acc_skew': 78.641, 'best_test_valid/acc_align': 79.393, 'best_test_test/acc': 80.169, 'best_test_test/acc_unbiased': 80.086, 'best_test_test/diff': 2.222, 'best_test_test/acc_skew': 78.975, 'best_test_test/acc_align': 81.197}
[4 / 20] Learning rate: 0.001 weight: 0.01
[4 / 20] Loss: 4.740194442855143 CE Loss: 0.43886531503273835 Con Loss: 4.73580582145367
[4 / 20] tensor([[0.801, 0.756],
        [0.829, 0.868]]) {'epoch': 4, 'valid/acc': 81.519, 'valid/acc_unbiased': 81.839, 'valid/diff': 1.639, 'valid/acc_skew': 81.229, 'valid/acc_align': 82.45, 'test/acc': 81.266, 'test/acc_unbiased': 81.353, 'test/diff': 4.177, 'test/acc_skew': 79.264, 'test/acc_align': 83.442}
[4 / 20] best valid accuracy: 81.839 at epoch 4 
 best_stats: {'best_valid_epoch': 4, 'best_valid_valid/acc': 81.519, 'best_valid_valid/acc_unbiased': 81.839, 'best_valid_valid/diff': 1.639, 'best_valid_valid/acc_skew': 81.229, 'best_valid_valid/acc_align': 82.45, 'best_valid_test/acc': 81.266, 'best_valid_test/acc_unbiased': 81.353, 'best_valid_test/diff': 4.177, 'best_valid_test/acc_skew': 79.264, 'best_valid_test/acc_align': 83.442}
[4 / 20] best test accuracy: 81.353 at epoch 4 
 best_stats: {'best_test_epoch': 4, 'best_test_valid/acc': 81.519, 'best_test_valid/acc_unbiased': 81.839, 'best_test_valid/diff': 1.639, 'best_test_valid/acc_skew': 81.229, 'best_test_valid/acc_align': 82.45, 'best_test_test/acc': 81.266, 'best_test_test/acc_unbiased': 81.353, 'best_test_test/diff': 4.177, 'best_test_test/acc_skew': 79.264, 'best_test_test/acc_align': 83.442}
[5 / 20] Learning rate: 0.001 weight: 0.01
[5 / 20] Loss: 4.7234104150908935 CE Loss: 0.428326114030394 Con Loss: 4.719127134208623
[5 / 20] tensor([[0.667, 0.629],
        [0.909, 0.930]]) {'epoch': 5, 'valid/acc': 78.692, 'valid/acc_unbiased': 79.584, 'valid/diff': 1.471, 'valid/acc_skew': 79.103, 'valid/acc_align': 80.065, 'test/acc': 77.806, 'test/acc_unbiased': 78.379, 'test/diff': 2.925, 'test/acc_skew': 76.917, 'test/acc_align': 79.842}
[5 / 20] best valid accuracy: 81.839 at epoch 4 
 best_stats: {'best_valid_epoch': 4, 'best_valid_valid/acc': 81.519, 'best_valid_valid/acc_unbiased': 81.839, 'best_valid_valid/diff': 1.639, 'best_valid_valid/acc_skew': 81.229, 'best_valid_valid/acc_align': 82.45, 'best_valid_test/acc': 81.266, 'best_valid_test/acc_unbiased': 81.353, 'best_valid_test/diff': 4.177, 'best_valid_test/acc_skew': 79.264, 'best_valid_test/acc_align': 83.442}
[5 / 20] best test accuracy: 81.353 at epoch 4 
 best_stats: {'best_test_epoch': 4, 'best_test_valid/acc': 81.519, 'best_test_valid/acc_unbiased': 81.839, 'best_test_valid/diff': 1.639, 'best_test_valid/acc_skew': 81.229, 'best_test_valid/acc_align': 82.45, 'best_test_test/acc': 81.266, 'best_test_test/acc_unbiased': 81.353, 'best_test_test/diff': 4.177, 'best_test_test/acc_skew': 79.264, 'best_test_test/acc_align': 83.442}
[6 / 20] Learning rate: 0.001 weight: 0.01
[6 / 20] Loss: 4.719512529638466 CE Loss: 0.4333106193849667 Con Loss: 4.715179439170469
[6 / 20] tensor([[0.864, 0.851],
        [0.760, 0.808]]) {'epoch': 6, 'valid/acc': 83.122, 'valid/acc_unbiased': 82.983, 'valid/diff': 1.398, 'valid/acc_skew': 83.647, 'valid/acc_align': 82.32, 'test/acc': 82.405, 'test/acc_unbiased': 82.067, 'test/diff': 3.078, 'test/acc_skew': 80.528, 'test/acc_align': 83.606}
[6 / 20] best valid accuracy: 82.983 at epoch 6 
 best_stats: {'best_valid_epoch': 6, 'best_valid_valid/acc': 83.122, 'best_valid_valid/acc_unbiased': 82.983, 'best_valid_valid/diff': 1.398, 'best_valid_valid/acc_skew': 83.647, 'best_valid_valid/acc_align': 82.32, 'best_valid_test/acc': 82.405, 'best_valid_test/acc_unbiased': 82.067, 'best_valid_test/diff': 3.078, 'best_valid_test/acc_skew': 80.528, 'best_valid_test/acc_align': 83.606}
[6 / 20] best test accuracy: 82.067 at epoch 6 
 best_stats: {'best_test_epoch': 6, 'best_test_valid/acc': 83.122, 'best_test_valid/acc_unbiased': 82.983, 'best_test_valid/diff': 1.398, 'best_test_valid/acc_skew': 83.647, 'best_test_valid/acc_align': 82.32, 'best_test_test/acc': 82.405, 'best_test_test/acc_unbiased': 82.067, 'best_test_test/diff': 3.078, 'best_test_test/acc_skew': 80.528, 'best_test_test/acc_align': 83.606}
[7 / 20] Learning rate: 0.0001 weight: 0.01
[7 / 20] Loss: 4.669017382631539 CE Loss: 0.3852103348619592 Con Loss: 4.665165298679737
[7 / 20] tensor([[0.799, 0.778],
        [0.833, 0.893]]) {'epoch': 7, 'valid/acc': 83.418, 'valid/acc_unbiased': 83.802, 'valid/diff': 3.208, 'valid/acc_skew': 83.456, 'valid/acc_align': 84.148, 'test/acc': 82.658, 'test/acc_unbiased': 82.602, 'test/diff': 4.027, 'test/acc_skew': 80.588, 'test/acc_align': 84.615}
[7 / 20] best valid accuracy: 83.802 at epoch 7 
 best_stats: {'best_valid_epoch': 7, 'best_valid_valid/acc': 83.418, 'best_valid_valid/acc_unbiased': 83.802, 'best_valid_valid/diff': 3.208, 'best_valid_valid/acc_skew': 83.456, 'best_valid_valid/acc_align': 84.148, 'best_valid_test/acc': 82.658, 'best_valid_test/acc_unbiased': 82.602, 'best_valid_test/diff': 4.027, 'best_valid_test/acc_skew': 80.588, 'best_valid_test/acc_align': 84.615}
[7 / 20] best test accuracy: 82.602 at epoch 7 
 best_stats: {'best_test_epoch': 7, 'best_test_valid/acc': 83.418, 'best_test_valid/acc_unbiased': 83.802, 'best_test_valid/diff': 3.208, 'best_test_valid/acc_skew': 83.456, 'best_test_valid/acc_align': 84.148, 'best_test_test/acc': 82.658, 'best_test_test/acc_unbiased': 82.602, 'best_test_test/diff': 4.027, 'best_test_test/acc_skew': 80.588, 'best_test_test/acc_align': 84.615}
[8 / 20] Learning rate: 0.0001 weight: 0.01
[8 / 20] Loss: 4.641638950582479 CE Loss: 0.37178538741862965 Con Loss: 4.637921117584318
[8 / 20] tensor([[0.828, 0.774],
        [0.835, 0.897]]) {'epoch': 8, 'valid/acc': 83.376, 'valid/acc_unbiased': 83.703, 'valid/diff': 1.643, 'valid/acc_skew': 83.566, 'valid/acc_align': 83.841, 'test/acc': 83.376, 'test/acc_unbiased': 83.373, 'test/diff': 5.797, 'test/acc_skew': 80.475, 'test/acc_align': 86.272}
[8 / 20] best valid accuracy: 83.802 at epoch 7 
 best_stats: {'best_valid_epoch': 7, 'best_valid_valid/acc': 83.418, 'best_valid_valid/acc_unbiased': 83.802, 'best_valid_valid/diff': 3.208, 'best_valid_valid/acc_skew': 83.456, 'best_valid_valid/acc_align': 84.148, 'best_valid_test/acc': 82.658, 'best_valid_test/acc_unbiased': 82.602, 'best_valid_test/diff': 4.027, 'best_valid_test/acc_skew': 80.588, 'best_valid_test/acc_align': 84.615}
[8 / 20] best test accuracy: 83.373 at epoch 8 
 best_stats: {'best_test_epoch': 8, 'best_test_valid/acc': 83.376, 'best_test_valid/acc_unbiased': 83.703, 'best_test_valid/diff': 1.643, 'best_test_valid/acc_skew': 83.566, 'best_test_valid/acc_align': 83.841, 'best_test_test/acc': 83.376, 'best_test_test/acc_unbiased': 83.373, 'best_test_test/diff': 5.797, 'best_test_test/acc_skew': 80.475, 'best_test_test/acc_align': 86.272}
[9 / 20] Learning rate: 0.0001 weight: 0.01
[9 / 20] Loss: 4.618570932357587 CE Loss: 0.3542895504269383 Con Loss: 4.61502804763146
[9 / 20] tensor([[0.815, 0.783],
        [0.842, 0.895]]) {'epoch': 9, 'valid/acc': 83.629, 'valid/acc_unbiased': 83.968, 'valid/diff': 1.846, 'valid/acc_skew': 83.529, 'valid/acc_align': 84.408, 'test/acc': 83.376, 'test/acc_unbiased': 83.369, 'test/diff': 4.253, 'test/acc_skew': 81.243, 'test/acc_align': 85.496}
[9 / 20] best valid accuracy: 83.968 at epoch 9 
 best_stats: {'best_valid_epoch': 9, 'best_valid_valid/acc': 83.629, 'best_valid_valid/acc_unbiased': 83.968, 'best_valid_valid/diff': 1.846, 'best_valid_valid/acc_skew': 83.529, 'best_valid_valid/acc_align': 84.408, 'best_valid_test/acc': 83.376, 'best_valid_test/acc_unbiased': 83.369, 'best_valid_test/diff': 4.253, 'best_valid_test/acc_skew': 81.243, 'best_valid_test/acc_align': 85.496}
[9 / 20] best test accuracy: 83.373 at epoch 8 
 best_stats: {'best_test_epoch': 8, 'best_test_valid/acc': 83.376, 'best_test_valid/acc_unbiased': 83.703, 'best_test_valid/diff': 1.643, 'best_test_valid/acc_skew': 83.566, 'best_test_valid/acc_align': 83.841, 'best_test_test/acc': 83.376, 'best_test_test/acc_unbiased': 83.373, 'best_test_test/diff': 5.797, 'best_test_test/acc_skew': 80.475, 'best_test_test/acc_align': 86.272}
[10 / 20] Learning rate: 0.0001 weight: 0.01
[10 / 20] Loss: 4.596894805986396 CE Loss: 0.3452358584452862 Con Loss: 4.5934424519015264
[10 / 20] tensor([[0.824, 0.789],
        [0.857, 0.897]]) {'epoch': 10, 'valid/acc': 84.219, 'valid/acc_unbiased': 84.435, 'valid/diff': 2.977, 'valid/acc_skew': 82.947, 'valid/acc_align': 85.924, 'test/acc': 84.135, 'test/acc_unbiased': 84.194, 'test/diff': 3.796, 'test/acc_skew': 82.296, 'test/acc_align': 86.092}
[10 / 20] best valid accuracy: 84.435 at epoch 10 
 best_stats: {'best_valid_epoch': 10, 'best_valid_valid/acc': 84.219, 'best_valid_valid/acc_unbiased': 84.435, 'best_valid_valid/diff': 2.977, 'best_valid_valid/acc_skew': 82.947, 'best_valid_valid/acc_align': 85.924, 'best_valid_test/acc': 84.135, 'best_valid_test/acc_unbiased': 84.194, 'best_valid_test/diff': 3.796, 'best_valid_test/acc_skew': 82.296, 'best_valid_test/acc_align': 86.092}
[10 / 20] best test accuracy: 84.194 at epoch 10 
 best_stats: {'best_test_epoch': 10, 'best_test_valid/acc': 84.219, 'best_test_valid/acc_unbiased': 84.435, 'best_test_valid/diff': 2.977, 'best_test_valid/acc_skew': 82.947, 'best_test_valid/acc_align': 85.924, 'best_test_test/acc': 84.135, 'best_test_test/acc_unbiased': 84.194, 'best_test_test/diff': 3.796, 'best_test_test/acc_skew': 82.296, 'best_test_test/acc_align': 86.092}
[11 / 20] Learning rate: 0.0001 weight: 0.01
[11 / 20] Loss: 4.580188747729948 CE Loss: 0.3389179747808032 Con Loss: 4.57679957072871
[11 / 20] tensor([[0.817, 0.775],
        [0.859, 0.912]]) {'epoch': 11, 'valid/acc': 84.852, 'valid/acc_unbiased': 85.294, 'valid/diff': 2.803, 'valid/acc_skew': 84.806, 'valid/acc_align': 85.782, 'test/acc': 84.051, 'test/acc_unbiased': 84.108, 'test/diff': 4.737, 'test/acc_skew': 81.739, 'test/acc_align': 86.477}
[11 / 20] best valid accuracy: 85.294 at epoch 11 
 best_stats: {'best_valid_epoch': 11, 'best_valid_valid/acc': 84.852, 'best_valid_valid/acc_unbiased': 85.294, 'best_valid_valid/diff': 2.803, 'best_valid_valid/acc_skew': 84.806, 'best_valid_valid/acc_align': 85.782, 'best_valid_test/acc': 84.051, 'best_valid_test/acc_unbiased': 84.108, 'best_valid_test/diff': 4.737, 'best_valid_test/acc_skew': 81.739, 'best_valid_test/acc_align': 86.477}
[11 / 20] best test accuracy: 84.194 at epoch 10 
 best_stats: {'best_test_epoch': 10, 'best_test_valid/acc': 84.219, 'best_test_valid/acc_unbiased': 84.435, 'best_test_valid/diff': 2.977, 'best_test_valid/acc_skew': 82.947, 'best_test_valid/acc_align': 85.924, 'best_test_test/acc': 84.135, 'best_test_test/acc_unbiased': 84.194, 'best_test_test/diff': 3.796, 'best_test_test/acc_skew': 82.296, 'best_test_test/acc_align': 86.092}
[12 / 20] Learning rate: 0.0001 weight: 0.01
[12 / 20] Loss: 4.582942324536437 CE Loss: 0.3357800362225333 Con Loss: 4.579584519650193
[12 / 20] tensor([[0.841, 0.774],
        [0.853, 0.890]]) {'epoch': 12, 'valid/acc': 84.852, 'valid/acc_unbiased': 85.176, 'valid/diff': 3.376, 'valid/acc_skew': 83.895, 'valid/acc_align': 86.457, 'test/acc': 83.797, 'test/acc_unbiased': 83.934, 'test/diff': 5.186, 'test/acc_skew': 81.341, 'test/acc_align': 86.527}
[12 / 20] best valid accuracy: 85.294 at epoch 11 
 best_stats: {'best_valid_epoch': 11, 'best_valid_valid/acc': 84.852, 'best_valid_valid/acc_unbiased': 85.294, 'best_valid_valid/diff': 2.803, 'best_valid_valid/acc_skew': 84.806, 'best_valid_valid/acc_align': 85.782, 'best_valid_test/acc': 84.051, 'best_valid_test/acc_unbiased': 84.108, 'best_valid_test/diff': 4.737, 'best_valid_test/acc_skew': 81.739, 'best_valid_test/acc_align': 86.477}
[12 / 20] best test accuracy: 84.194 at epoch 10 
 best_stats: {'best_test_epoch': 10, 'best_test_valid/acc': 84.219, 'best_test_valid/acc_unbiased': 84.435, 'best_test_valid/diff': 2.977, 'best_test_valid/acc_skew': 82.947, 'best_test_valid/acc_align': 85.924, 'best_test_test/acc': 84.135, 'best_test_test/acc_unbiased': 84.194, 'best_test_test/diff': 3.796, 'best_test_test/acc_skew': 82.296, 'best_test_test/acc_align': 86.092}
[13 / 20] Learning rate: 0.0001 weight: 0.01
[13 / 20] Loss: 4.576598304257037 CE Loss: 0.3287408102745542 Con Loss: 4.5733109023176555
[13 / 20] tensor([[0.810, 0.752],
        [0.870, 0.911]]) {'epoch': 13, 'valid/acc': 84.599, 'valid/acc_unbiased': 85.061, 'valid/diff': 2.879, 'valid/acc_skew': 84.039, 'valid/acc_align': 86.083, 'test/acc': 83.376, 'test/acc_unbiased': 83.571, 'test/diff': 4.945, 'test/acc_skew': 81.099, 'test/acc_align': 86.044}
[13 / 20] best valid accuracy: 85.294 at epoch 11 
 best_stats: {'best_valid_epoch': 11, 'best_valid_valid/acc': 84.852, 'best_valid_valid/acc_unbiased': 85.294, 'best_valid_valid/diff': 2.803, 'best_valid_valid/acc_skew': 84.806, 'best_valid_valid/acc_align': 85.782, 'best_valid_test/acc': 84.051, 'best_valid_test/acc_unbiased': 84.108, 'best_valid_test/diff': 4.737, 'best_valid_test/acc_skew': 81.739, 'best_valid_test/acc_align': 86.477}
[13 / 20] best test accuracy: 84.194 at epoch 10 
 best_stats: {'best_test_epoch': 10, 'best_test_valid/acc': 84.219, 'best_test_valid/acc_unbiased': 84.435, 'best_test_valid/diff': 2.977, 'best_test_valid/acc_skew': 82.947, 'best_test_valid/acc_align': 85.924, 'best_test_test/acc': 84.135, 'best_test_test/acc_unbiased': 84.194, 'best_test_test/diff': 3.796, 'best_test_test/acc_skew': 82.296, 'best_test_test/acc_align': 86.092}
[14 / 20] Learning rate: 1e-05 weight: 0.01
[14 / 20] Loss: 4.555431384118724 CE Loss: 0.3227256431324765 Con Loss: 4.552204131381927
[14 / 20] tensor([[0.821, 0.770],
        [0.848, 0.903]]) {'epoch': 14, 'valid/acc': 85.063, 'valid/acc_unbiased': 85.372, 'valid/diff': 2.736, 'valid/acc_skew': 84.552, 'valid/acc_align': 86.192, 'test/acc': 83.502, 'test/acc_unbiased': 83.557, 'test/diff': 5.307, 'test/acc_skew': 80.903, 'test/acc_align': 86.21}
[14 / 20] best valid accuracy: 85.372 at epoch 14 
 best_stats: {'best_valid_epoch': 14, 'best_valid_valid/acc': 85.063, 'best_valid_valid/acc_unbiased': 85.372, 'best_valid_valid/diff': 2.736, 'best_valid_valid/acc_skew': 84.552, 'best_valid_valid/acc_align': 86.192, 'best_valid_test/acc': 83.502, 'best_valid_test/acc_unbiased': 83.557, 'best_valid_test/diff': 5.307, 'best_valid_test/acc_skew': 80.903, 'best_valid_test/acc_align': 86.21}
[14 / 20] best test accuracy: 84.194 at epoch 10 
 best_stats: {'best_test_epoch': 10, 'best_test_valid/acc': 84.219, 'best_test_valid/acc_unbiased': 84.435, 'best_test_valid/diff': 2.977, 'best_test_valid/acc_skew': 82.947, 'best_test_valid/acc_align': 85.924, 'best_test_test/acc': 84.135, 'best_test_test/acc_unbiased': 84.194, 'best_test_test/diff': 3.796, 'best_test_test/acc_skew': 82.296, 'best_test_test/acc_align': 86.092}
[15 / 20] Learning rate: 1e-05 weight: 0.01
[15 / 20] Loss: 4.555992164165 CE Loss: 0.3220272624038847 Con Loss: 4.5527718852589105
[15 / 20] tensor([[0.833, 0.771],
        [0.857, 0.906]]) {'epoch': 15, 'valid/acc': 85.274, 'valid/acc_unbiased': 85.638, 'valid/diff': 3.079, 'valid/acc_skew': 84.697, 'valid/acc_align': 86.579, 'test/acc': 84.093, 'test/acc_unbiased': 84.198, 'test/diff': 5.577, 'test/acc_skew': 81.41, 'test/acc_align': 86.986}
[15 / 20] best valid accuracy: 85.638 at epoch 15 
 best_stats: {'best_valid_epoch': 15, 'best_valid_valid/acc': 85.274, 'best_valid_valid/acc_unbiased': 85.638, 'best_valid_valid/diff': 3.079, 'best_valid_valid/acc_skew': 84.697, 'best_valid_valid/acc_align': 86.579, 'best_valid_test/acc': 84.093, 'best_valid_test/acc_unbiased': 84.198, 'best_valid_test/diff': 5.577, 'best_valid_test/acc_skew': 81.41, 'best_valid_test/acc_align': 86.986}
[15 / 20] best test accuracy: 84.198 at epoch 15 
 best_stats: {'best_test_epoch': 15, 'best_test_valid/acc': 85.274, 'best_test_valid/acc_unbiased': 85.638, 'best_test_valid/diff': 3.079, 'best_test_valid/acc_skew': 84.697, 'best_test_valid/acc_align': 86.579, 'best_test_test/acc': 84.093, 'best_test_test/acc_unbiased': 84.198, 'best_test_test/diff': 5.577, 'best_test_test/acc_skew': 81.41, 'best_test_test/acc_align': 86.986}
[16 / 20] Learning rate: 1e-05 weight: 0.01
[16 / 20] Loss: 4.547035396011822 CE Loss: 0.31392580275130655 Con Loss: 4.543896141722471
[16 / 20] tensor([[0.830, 0.768],
        [0.861, 0.908]]) {'epoch': 16, 'valid/acc': 84.895, 'valid/acc_unbiased': 85.288, 'valid/diff': 3.264, 'valid/acc_skew': 84.332, 'valid/acc_align': 86.244, 'test/acc': 84.051, 'test/acc_unbiased': 84.18, 'test/diff': 5.403, 'test/acc_skew': 81.478, 'test/acc_align': 86.881}
[16 / 20] best valid accuracy: 85.638 at epoch 15 
 best_stats: {'best_valid_epoch': 15, 'best_valid_valid/acc': 85.274, 'best_valid_valid/acc_unbiased': 85.638, 'best_valid_valid/diff': 3.079, 'best_valid_valid/acc_skew': 84.697, 'best_valid_valid/acc_align': 86.579, 'best_valid_test/acc': 84.093, 'best_valid_test/acc_unbiased': 84.198, 'best_valid_test/diff': 5.577, 'best_valid_test/acc_skew': 81.41, 'best_valid_test/acc_align': 86.986}
[16 / 20] best test accuracy: 84.198 at epoch 15 
 best_stats: {'best_test_epoch': 15, 'best_test_valid/acc': 85.274, 'best_test_valid/acc_unbiased': 85.638, 'best_test_valid/diff': 3.079, 'best_test_valid/acc_skew': 84.697, 'best_test_valid/acc_align': 86.579, 'best_test_test/acc': 84.093, 'best_test_test/acc_unbiased': 84.198, 'best_test_test/diff': 5.577, 'best_test_test/acc_skew': 81.41, 'best_test_test/acc_align': 86.986}
[17 / 20] Learning rate: 1e-05 weight: 0.01
[17 / 20] Loss: 4.547936935201396 CE Loss: 0.3202433993229929 Con Loss: 4.544734502432113
[17 / 20] tensor([[0.832, 0.770],
        [0.866, 0.914]]) {'epoch': 17, 'valid/acc': 84.937, 'valid/acc_unbiased': 85.385, 'valid/diff': 3.432, 'valid/acc_skew': 84.55, 'valid/acc_align': 86.219, 'test/acc': 84.388, 'test/acc_unbiased': 84.518, 'test/diff': 5.499, 'test/acc_skew': 81.769, 'test/acc_align': 87.268}
[17 / 20] best valid accuracy: 85.638 at epoch 15 
 best_stats: {'best_valid_epoch': 15, 'best_valid_valid/acc': 85.274, 'best_valid_valid/acc_unbiased': 85.638, 'best_valid_valid/diff': 3.079, 'best_valid_valid/acc_skew': 84.697, 'best_valid_valid/acc_align': 86.579, 'best_valid_test/acc': 84.093, 'best_valid_test/acc_unbiased': 84.198, 'best_valid_test/diff': 5.577, 'best_valid_test/acc_skew': 81.41, 'best_valid_test/acc_align': 86.986}
[17 / 20] best test accuracy: 84.518 at epoch 17 
 best_stats: {'best_test_epoch': 17, 'best_test_valid/acc': 84.937, 'best_test_valid/acc_unbiased': 85.385, 'best_test_valid/diff': 3.432, 'best_test_valid/acc_skew': 84.55, 'best_test_valid/acc_align': 86.219, 'best_test_test/acc': 84.388, 'best_test_test/acc_unbiased': 84.518, 'best_test_test/diff': 5.499, 'best_test_test/acc_skew': 81.769, 'best_test_test/acc_align': 87.268}
[18 / 20] Learning rate: 1e-05 weight: 0.01
[18 / 20] Loss: 4.551067369748698 CE Loss: 0.3235866297390939 Con Loss: 4.547831522772637
[18 / 20] tensor([[0.839, 0.775],
        [0.855, 0.905]]) {'epoch': 18, 'valid/acc': 85.19, 'valid/acc_unbiased': 85.527, 'valid/diff': 2.693, 'valid/acc_skew': 84.406, 'valid/acc_align': 86.648, 'test/acc': 84.262, 'test/acc_unbiased': 84.352, 'test/diff': 5.658, 'test/acc_skew': 81.523, 'test/acc_align': 87.181}
[18 / 20] best valid accuracy: 85.638 at epoch 15 
 best_stats: {'best_valid_epoch': 15, 'best_valid_valid/acc': 85.274, 'best_valid_valid/acc_unbiased': 85.638, 'best_valid_valid/diff': 3.079, 'best_valid_valid/acc_skew': 84.697, 'best_valid_valid/acc_align': 86.579, 'best_valid_test/acc': 84.093, 'best_valid_test/acc_unbiased': 84.198, 'best_valid_test/diff': 5.577, 'best_valid_test/acc_skew': 81.41, 'best_valid_test/acc_align': 86.986}
[18 / 20] best test accuracy: 84.518 at epoch 17 
 best_stats: {'best_test_epoch': 17, 'best_test_valid/acc': 84.937, 'best_test_valid/acc_unbiased': 85.385, 'best_test_valid/diff': 3.432, 'best_test_valid/acc_skew': 84.55, 'best_test_valid/acc_align': 86.219, 'best_test_test/acc': 84.388, 'best_test_test/acc_unbiased': 84.518, 'best_test_test/diff': 5.499, 'best_test_test/acc_skew': 81.769, 'best_test_test/acc_align': 87.268}
[19 / 20] Learning rate: 1e-05 weight: 0.01
[19 / 20] Loss: 4.540600557452938 CE Loss: 0.3224776944426457 Con Loss: 4.537375773378208
[19 / 20] tensor([[0.846, 0.786],
        [0.838, 0.900]]) {'epoch': 19, 'valid/acc': 85.401, 'valid/acc_unbiased': 85.697, 'valid/diff': 3.068, 'valid/acc_skew': 84.37, 'valid/acc_align': 87.024, 'test/acc': 84.262, 'test/acc_unbiased': 84.245, 'test/diff': 6.142, 'test/acc_skew': 81.174, 'test/acc_align': 87.316}
[19 / 20] best valid accuracy: 85.697 at epoch 19 
 best_stats: {'best_valid_epoch': 19, 'best_valid_valid/acc': 85.401, 'best_valid_valid/acc_unbiased': 85.697, 'best_valid_valid/diff': 3.068, 'best_valid_valid/acc_skew': 84.37, 'best_valid_valid/acc_align': 87.024, 'best_valid_test/acc': 84.262, 'best_valid_test/acc_unbiased': 84.245, 'best_valid_test/diff': 6.142, 'best_valid_test/acc_skew': 81.174, 'best_valid_test/acc_align': 87.316}
[19 / 20] best test accuracy: 84.518 at epoch 17 
 best_stats: {'best_test_epoch': 17, 'best_test_valid/acc': 84.937, 'best_test_valid/acc_unbiased': 85.385, 'best_test_valid/diff': 3.432, 'best_test_valid/acc_skew': 84.55, 'best_test_valid/acc_align': 86.219, 'best_test_test/acc': 84.388, 'best_test_test/acc_unbiased': 84.518, 'best_test_test/diff': 5.499, 'best_test_test/acc_skew': 81.769, 'best_test_test/acc_align': 87.268}
[20 / 20] Learning rate: 1e-05 weight: 0.01
[20 / 20] Loss: 4.548241798210982 CE Loss: 0.3159878390294392 Con Loss: 4.545081926823361
[20 / 20] tensor([[0.839, 0.780],
        [0.859, 0.902]]) {'epoch': 20, 'valid/acc': 84.726, 'valid/acc_unbiased': 85.077, 'valid/diff': 2.687, 'valid/acc_skew': 84.004, 'valid/acc_align': 86.15, 'test/acc': 84.388, 'test/acc_unbiased': 84.496, 'test/diff': 5.071, 'test/acc_skew': 81.961, 'test/acc_align': 87.032}
[20 / 20] best valid accuracy: 85.697 at epoch 19 
 best_stats: {'best_valid_epoch': 19, 'best_valid_valid/acc': 85.401, 'best_valid_valid/acc_unbiased': 85.697, 'best_valid_valid/diff': 3.068, 'best_valid_valid/acc_skew': 84.37, 'best_valid_valid/acc_align': 87.024, 'best_valid_test/acc': 84.262, 'best_valid_test/acc_unbiased': 84.245, 'best_valid_test/diff': 6.142, 'best_valid_test/acc_skew': 81.174, 'best_valid_test/acc_align': 87.316}
[20 / 20] best test accuracy: 84.518 at epoch 17 
 best_stats: {'best_test_epoch': 17, 'best_test_valid/acc': 84.937, 'best_test_valid/acc_unbiased': 85.385, 'best_test_valid/diff': 3.432, 'best_test_valid/acc_skew': 84.55, 'best_test_valid/acc_align': 86.219, 'best_test_test/acc': 84.388, 'best_test_test/acc_unbiased': 84.518, 'best_test_test/diff': 5.499, 'best_test_test/acc_skew': 81.769, 'best_test_test/acc_align': 87.268}
Total training time: 0:12:37
