Log level set to: INFO
Set seed: 2
=======> Using Fixed Random Seed: 2 <========
save_path: exp_results/bc-bb0-celeba_smiling-crop_trival-lr0.001-bs128-cbs64-w0.01-ratio30-aug1-seed2
get_celeba - split:train, aug: False, given_y: True, ratio: 0
use existing smiling indices from data/celeba/pickles/smiling
Distribution After Sampling: 
===================================
Binary Labels Distribution: 
Binary Target 0
---------------------------
Target 0: [8019, 32821]
Target 1: [40611, 8007]
Binary Target 1
---------------------------
Target 0: [8019, 32821]
Target 1: [40611, 8007]
===================================
Normal Label Distribution: 
Target 0: [8019, 32821]
Target 1: [40611, 8007]
===================================
Use BiasedCelebASplit 
 target_attr: smiling split: train 
 tensor([[ 8019., 40611.],
        [32821.,  8007.]])
get_celeba - split:train, aug: 1, given_y: True, ratio: 30
use existing smiling indices from data/celeba/pickles/smiling
Distribution After Sampling: 
===================================
Binary Labels Distribution: 
Binary Target 0
---------------------------
Target 0: [7986, 32687]
Target 1: [40769, 8016]
Binary Target 1
---------------------------
Target 0: [7986, 32687]
Target 1: [40769, 8016]
===================================
Normal Label Distribution: 
Target 0: [7986, 32687]
Target 1: [40769, 8016]
===================================
Use BiasedCelebASplit 
 target_attr: smiling split: train 
 tensor([[ 7986., 40769.],
        [32687.,  8016.]])
get_celeba - split:train_valid, aug: False, given_y: True, ratio: 0
use existing smiling indices from data/celeba/pickles/smiling
Use BiasedCelebASplit 
 target_attr: smiling split: train_valid 
 tensor([[ 1973., 10114.],
        [ 8289.,  1989.]])
get_celeba - split:valid, aug: False, given_y: True, ratio: 0
Use BiasedCelebASplit 
 target_attr: smiling split: valid 
 tensor([[5252., 6157.],
        [5013., 3445.]])
decay_epochs: [3, 6]
[1 / 10] Learning rate: 0.001 weight: 0.01
[1 / 10] Loss: 4.71685787899537 CE Loss: 0.2617166538761187 Con Loss: 4.714240713280908
[1 / 10] tensor([[0.901, 0.921],
        [0.932, 0.884]]) {'epoch': 1, 'valid/acc': 91.554, 'valid/acc_unbiased': 90.579, 'valid/diff': 2.909, 'valid/acc_skew': 89.124, 'valid/acc_align': 92.034, 'test/acc': 91.292, 'test/acc_unbiased': 90.973, 'test/diff': 3.418, 'test/acc_skew': 89.263, 'test/acc_align': 92.682}
[1 / 10] best valid accuracy: 90.579 at epoch 1 
 best_stats: {'best_valid_epoch': 1, 'best_valid_valid/acc': 91.554, 'best_valid_valid/acc_unbiased': 90.579, 'best_valid_valid/diff': 2.909, 'best_valid_valid/acc_skew': 89.124, 'best_valid_valid/acc_align': 92.034, 'best_valid_test/acc': 91.292, 'best_valid_test/acc_unbiased': 90.973, 'best_valid_test/diff': 3.418, 'best_valid_test/acc_skew': 89.263, 'best_valid_test/acc_align': 92.682}
[1 / 10] best test accuracy: 90.973 at epoch 1 
 best_stats: {'best_test_epoch': 1, 'best_test_valid/acc': 91.554, 'best_test_valid/acc_unbiased': 90.579, 'best_test_valid/diff': 2.909, 'best_test_valid/acc_skew': 89.124, 'best_test_valid/acc_align': 92.034, 'best_test_test/acc': 91.292, 'best_test_test/acc_unbiased': 90.973, 'best_test_test/diff': 3.418, 'best_test_test/acc_skew': 89.263, 'best_test_test/acc_align': 92.682}
[2 / 10] Learning rate: 0.001 weight: 0.01
[2 / 10] Loss: 4.672717382470304 CE Loss: 0.225133870169029 Con Loss: 4.670466053869385
[2 / 10] tensor([[0.876, 0.872],
        [0.955, 0.942]]) {'epoch': 2, 'valid/acc': 91.585, 'valid/acc_unbiased': 91.088, 'valid/diff': 1.12, 'valid/acc_skew': 90.851, 'valid/acc_align': 91.325, 'test/acc': 91.091, 'test/acc_unbiased': 91.118, 'test/diff': 0.918, 'test/acc_skew': 90.885, 'test/acc_align': 91.352}
[2 / 10] best valid accuracy: 91.088 at epoch 2 
 best_stats: {'best_valid_epoch': 2, 'best_valid_valid/acc': 91.585, 'best_valid_valid/acc_unbiased': 91.088, 'best_valid_valid/diff': 1.12, 'best_valid_valid/acc_skew': 90.851, 'best_valid_valid/acc_align': 91.325, 'best_valid_test/acc': 91.091, 'best_valid_test/acc_unbiased': 91.118, 'best_valid_test/diff': 0.918, 'best_valid_test/acc_skew': 90.885, 'best_valid_test/acc_align': 91.352}
[2 / 10] best test accuracy: 91.118 at epoch 2 
 best_stats: {'best_test_epoch': 2, 'best_test_valid/acc': 91.585, 'best_test_valid/acc_unbiased': 91.088, 'best_test_valid/diff': 1.12, 'best_test_valid/acc_skew': 90.851, 'best_test_valid/acc_align': 91.325, 'best_test_test/acc': 91.091, 'best_test_test/acc_unbiased': 91.118, 'best_test_test/diff': 0.918, 'best_test_test/acc_skew': 90.885, 'best_test_test/acc_align': 91.352}
[3 / 10] Learning rate: 0.001 weight: 0.01
[3 / 10] Loss: 4.656744220281378 CE Loss: 0.21816266686874936 Con Loss: 4.654562591672218
[3 / 10] tensor([[0.900, 0.922],
        [0.936, 0.898]]) {'epoch': 3, 'valid/acc': 92.046, 'valid/acc_unbiased': 91.19, 'valid/diff': 2.371, 'valid/acc_skew': 90.004, 'valid/acc_align': 92.375, 'test/acc': 91.609, 'test/acc_unbiased': 91.38, 'test/diff': 2.953, 'test/acc_skew': 89.903, 'test/acc_align': 92.856}
[3 / 10] best valid accuracy: 91.190 at epoch 3 
 best_stats: {'best_valid_epoch': 3, 'best_valid_valid/acc': 92.046, 'best_valid_valid/acc_unbiased': 91.19, 'best_valid_valid/diff': 2.371, 'best_valid_valid/acc_skew': 90.004, 'best_valid_valid/acc_align': 92.375, 'best_valid_test/acc': 91.609, 'best_valid_test/acc_unbiased': 91.38, 'best_valid_test/diff': 2.953, 'best_valid_test/acc_skew': 89.903, 'best_valid_test/acc_align': 92.856}
[3 / 10] best test accuracy: 91.380 at epoch 3 
 best_stats: {'best_test_epoch': 3, 'best_test_valid/acc': 92.046, 'best_test_valid/acc_unbiased': 91.19, 'best_test_valid/diff': 2.371, 'best_test_valid/acc_skew': 90.004, 'best_test_valid/acc_align': 92.375, 'best_test_test/acc': 91.609, 'best_test_test/acc_unbiased': 91.38, 'best_test_test/diff': 2.953, 'best_test_test/acc_skew': 89.903, 'best_test_test/acc_align': 92.856}
[4 / 10] Learning rate: 0.0001 weight: 0.01
[4 / 10] Loss: 4.613949573624475 CE Loss: 0.19409870309064975 Con Loss: 4.612008591058996
[4 / 10] tensor([[0.900, 0.911],
        [0.949, 0.914]]) {'epoch': 4, 'valid/acc': 92.698, 'valid/acc_unbiased': 91.995, 'valid/diff': 1.668, 'valid/acc_skew': 91.161, 'valid/acc_align': 92.829, 'test/acc': 92.037, 'test/acc_unbiased': 91.852, 'test/diff': 2.263, 'test/acc_skew': 90.72, 'test/acc_align': 92.984}
[4 / 10] best valid accuracy: 91.995 at epoch 4 
 best_stats: {'best_valid_epoch': 4, 'best_valid_valid/acc': 92.698, 'best_valid_valid/acc_unbiased': 91.995, 'best_valid_valid/diff': 1.668, 'best_valid_valid/acc_skew': 91.161, 'best_valid_valid/acc_align': 92.829, 'best_valid_test/acc': 92.037, 'best_valid_test/acc_unbiased': 91.852, 'best_valid_test/diff': 2.263, 'best_valid_test/acc_skew': 90.72, 'best_valid_test/acc_align': 92.984}
[4 / 10] best test accuracy: 91.852 at epoch 4 
 best_stats: {'best_test_epoch': 4, 'best_test_valid/acc': 92.698, 'best_test_valid/acc_unbiased': 91.995, 'best_test_valid/diff': 1.668, 'best_test_valid/acc_skew': 91.161, 'best_test_valid/acc_align': 92.829, 'best_test_test/acc': 92.037, 'best_test_test/acc_unbiased': 91.852, 'best_test_test/diff': 2.263, 'best_test_test/acc_skew': 90.72, 'best_test_test/acc_align': 92.984}
[5 / 10] Learning rate: 0.0001 weight: 0.01
[5 / 10] Loss: 4.598910761944508 CE Loss: 0.1813002386410212 Con Loss: 4.597097760824166
[5 / 10] tensor([[0.931, 0.939],
        [0.930, 0.898]]) {'epoch': 5, 'valid/acc': 93.123, 'valid/acc_unbiased': 92.646, 'valid/diff': 1.533, 'valid/acc_skew': 91.88, 'valid/acc_align': 93.413, 'test/acc': 92.701, 'test/acc_unbiased': 92.453, 'test/diff': 1.95, 'test/acc_skew': 91.478, 'test/acc_align': 93.428}
[5 / 10] best valid accuracy: 92.646 at epoch 5 
 best_stats: {'best_valid_epoch': 5, 'best_valid_valid/acc': 93.123, 'best_valid_valid/acc_unbiased': 92.646, 'best_valid_valid/diff': 1.533, 'best_valid_valid/acc_skew': 91.88, 'best_valid_valid/acc_align': 93.413, 'best_valid_test/acc': 92.701, 'best_valid_test/acc_unbiased': 92.453, 'best_valid_test/diff': 1.95, 'best_valid_test/acc_skew': 91.478, 'best_valid_test/acc_align': 93.428}
[5 / 10] best test accuracy: 92.453 at epoch 5 
 best_stats: {'best_test_epoch': 5, 'best_test_valid/acc': 93.123, 'best_test_valid/acc_unbiased': 92.646, 'best_test_valid/diff': 1.533, 'best_test_valid/acc_skew': 91.88, 'best_test_valid/acc_align': 93.413, 'best_test_test/acc': 92.701, 'best_test_test/acc_unbiased': 92.453, 'best_test_test/diff': 1.95, 'best_test_test/acc_skew': 91.478, 'best_test_test/acc_align': 93.428}
[6 / 10] Learning rate: 0.0001 weight: 0.01
[6 / 10] Loss: 4.5957309033523215 CE Loss: 0.17961390858177165 Con Loss: 4.593934765502548
[6 / 10] tensor([[0.897, 0.912],
        [0.952, 0.924]]) {'epoch': 6, 'valid/acc': 93.002, 'valid/acc_unbiased': 92.219, 'valid/diff': 1.916, 'valid/acc_skew': 91.261, 'valid/acc_align': 93.177, 'test/acc': 92.269, 'test/acc_unbiased': 92.144, 'test/diff': 2.147, 'test/acc_skew': 91.071, 'test/acc_align': 93.218}
[6 / 10] best valid accuracy: 92.646 at epoch 5 
 best_stats: {'best_valid_epoch': 5, 'best_valid_valid/acc': 93.123, 'best_valid_valid/acc_unbiased': 92.646, 'best_valid_valid/diff': 1.533, 'best_valid_valid/acc_skew': 91.88, 'best_valid_valid/acc_align': 93.413, 'best_valid_test/acc': 92.701, 'best_valid_test/acc_unbiased': 92.453, 'best_valid_test/diff': 1.95, 'best_valid_test/acc_skew': 91.478, 'best_valid_test/acc_align': 93.428}
[6 / 10] best test accuracy: 92.453 at epoch 5 
 best_stats: {'best_test_epoch': 5, 'best_test_valid/acc': 93.123, 'best_test_valid/acc_unbiased': 92.646, 'best_test_valid/diff': 1.533, 'best_test_valid/acc_skew': 91.88, 'best_test_valid/acc_align': 93.413, 'best_test_test/acc': 92.701, 'best_test_test/acc_unbiased': 92.453, 'best_test_test/diff': 1.95, 'best_test_test/acc_skew': 91.478, 'best_test_test/acc_align': 93.428}
[7 / 10] Learning rate: 1e-05 weight: 0.01
[7 / 10] Loss: 4.586794645627602 CE Loss: 0.17593075482674844 Con Loss: 4.5850353310687
[7 / 10] tensor([[0.918, 0.925],
        [0.943, 0.912]]) {'epoch': 7, 'valid/acc': 93.23, 'valid/acc_unbiased': 92.623, 'valid/diff': 1.654, 'valid/acc_skew': 91.796, 'valid/acc_align': 93.45, 'test/acc': 92.656, 'test/acc_unbiased': 92.458, 'test/diff': 1.918, 'test/acc_skew': 91.499, 'test/acc_align': 93.417}
[7 / 10] best valid accuracy: 92.646 at epoch 5 
 best_stats: {'best_valid_epoch': 5, 'best_valid_valid/acc': 93.123, 'best_valid_valid/acc_unbiased': 92.646, 'best_valid_valid/diff': 1.533, 'best_valid_valid/acc_skew': 91.88, 'best_valid_valid/acc_align': 93.413, 'best_valid_test/acc': 92.701, 'best_valid_test/acc_unbiased': 92.453, 'best_valid_test/diff': 1.95, 'best_valid_test/acc_skew': 91.478, 'best_valid_test/acc_align': 93.428}
[7 / 10] best test accuracy: 92.458 at epoch 7 
 best_stats: {'best_test_epoch': 7, 'best_test_valid/acc': 93.23, 'best_test_valid/acc_unbiased': 92.623, 'best_test_valid/diff': 1.654, 'best_test_valid/acc_skew': 91.796, 'best_test_valid/acc_align': 93.45, 'best_test_test/acc': 92.656, 'best_test_test/acc_unbiased': 92.458, 'best_test_test/diff': 1.918, 'best_test_test/acc_skew': 91.499, 'best_test_test/acc_align': 93.417}
[8 / 10] Learning rate: 1e-05 weight: 0.01
[8 / 10] Loss: 4.585246587125303 CE Loss: 0.17432014734694282 Con Loss: 4.583503384116712
[8 / 10] tensor([[0.916, 0.931],
        [0.943, 0.909]]) {'epoch': 8, 'valid/acc': 93.338, 'valid/acc_unbiased': 92.643, 'valid/diff': 1.944, 'valid/acc_skew': 91.671, 'valid/acc_align': 93.614, 'test/acc': 92.701, 'test/acc_unbiased': 92.485, 'test/diff': 2.423, 'test/acc_skew': 91.273, 'test/acc_align': 93.697}
[8 / 10] best valid accuracy: 92.646 at epoch 5 
 best_stats: {'best_valid_epoch': 5, 'best_valid_valid/acc': 93.123, 'best_valid_valid/acc_unbiased': 92.646, 'best_valid_valid/diff': 1.533, 'best_valid_valid/acc_skew': 91.88, 'best_valid_valid/acc_align': 93.413, 'best_valid_test/acc': 92.701, 'best_valid_test/acc_unbiased': 92.453, 'best_valid_test/diff': 1.95, 'best_valid_test/acc_skew': 91.478, 'best_valid_test/acc_align': 93.428}
[8 / 10] best test accuracy: 92.485 at epoch 8 
 best_stats: {'best_test_epoch': 8, 'best_test_valid/acc': 93.338, 'best_test_valid/acc_unbiased': 92.643, 'best_test_valid/diff': 1.944, 'best_test_valid/acc_skew': 91.671, 'best_test_valid/acc_align': 93.614, 'best_test_test/acc': 92.701, 'best_test_test/acc_unbiased': 92.485, 'best_test_test/diff': 2.423, 'best_test_test/acc_skew': 91.273, 'best_test_test/acc_align': 93.697}
[9 / 10] Learning rate: 1e-05 weight: 0.01
[9 / 10] Loss: 4.581181761772276 CE Loss: 0.1733806957742994 Con Loss: 4.579447959339241
[9 / 10] tensor([[0.929, 0.937],
        [0.936, 0.904]]) {'epoch': 9, 'valid/acc': 93.338, 'valid/acc_unbiased': 92.764, 'valid/diff': 1.727, 'valid/acc_skew': 91.901, 'valid/acc_align': 93.628, 'test/acc': 92.893, 'test/acc_unbiased': 92.651, 'test/diff': 2.023, 'test/acc_skew': 91.64, 'test/acc_align': 93.663}
[9 / 10] best valid accuracy: 92.764 at epoch 9 
 best_stats: {'best_valid_epoch': 9, 'best_valid_valid/acc': 93.338, 'best_valid_valid/acc_unbiased': 92.764, 'best_valid_valid/diff': 1.727, 'best_valid_valid/acc_skew': 91.901, 'best_valid_valid/acc_align': 93.628, 'best_valid_test/acc': 92.893, 'best_valid_test/acc_unbiased': 92.651, 'best_valid_test/diff': 2.023, 'best_valid_test/acc_skew': 91.64, 'best_valid_test/acc_align': 93.663}
[9 / 10] best test accuracy: 92.651 at epoch 9 
 best_stats: {'best_test_epoch': 9, 'best_test_valid/acc': 93.338, 'best_test_valid/acc_unbiased': 92.764, 'best_test_valid/diff': 1.727, 'best_test_valid/acc_skew': 91.901, 'best_test_valid/acc_align': 93.628, 'best_test_test/acc': 92.893, 'best_test_test/acc_unbiased': 92.651, 'best_test_test/diff': 2.023, 'best_test_test/acc_skew': 91.64, 'best_test_test/acc_align': 93.663}
[10 / 10] Learning rate: 1e-05 weight: 0.01
[10 / 10] Loss: 4.577998374452927 CE Loss: 0.17273401562622123 Con Loss: 4.576271032513623
[10 / 10] tensor([[0.920, 0.928],
        [0.943, 0.911]]) {'epoch': 10, 'valid/acc': 93.311, 'valid/acc_unbiased': 92.688, 'valid/diff': 1.73, 'valid/acc_skew': 91.823, 'valid/acc_align': 93.553, 'test/acc': 92.757, 'test/acc_unbiased': 92.549, 'test/diff': 1.996, 'test/acc_skew': 91.551, 'test/acc_align': 93.547}
[10 / 10] best valid accuracy: 92.764 at epoch 9 
 best_stats: {'best_valid_epoch': 9, 'best_valid_valid/acc': 93.338, 'best_valid_valid/acc_unbiased': 92.764, 'best_valid_valid/diff': 1.727, 'best_valid_valid/acc_skew': 91.901, 'best_valid_valid/acc_align': 93.628, 'best_valid_test/acc': 92.893, 'best_valid_test/acc_unbiased': 92.651, 'best_valid_test/diff': 2.023, 'best_valid_test/acc_skew': 91.64, 'best_valid_test/acc_align': 93.663}
[10 / 10] best test accuracy: 92.651 at epoch 9 
 best_stats: {'best_test_epoch': 9, 'best_test_valid/acc': 93.338, 'best_test_valid/acc_unbiased': 92.764, 'best_test_valid/diff': 1.727, 'best_test_valid/acc_skew': 91.901, 'best_test_valid/acc_align': 93.628, 'best_test_test/acc': 92.893, 'best_test_test/acc_unbiased': 92.651, 'best_test_test/diff': 2.023, 'best_test_test/acc_skew': 91.64, 'best_test_test/acc_align': 93.663}
Total training time: 1:19:47
