Log level set to: INFO
Set seed: 1
=======> Using Fixed Random Seed: 1 <========
save_path: exp_results/ce-utk_face_race-crop-0.9-lr0.001-bs128-seed1
get_utk_face - split: train, aug: True, given_y: True, ratio: 0
use existing biased_utk_face from data/utk_face/pickles/biased_utk_face-target_gender-bias_race-0.9
Distribution Before Sampling: 
===================================
Binary Labels Distribution: 
Binary Target 0
---------------------------
Target 0: [4407, 552]
Target 1: [440, 5529]
Binary Target 1
---------------------------
Target 0: [4407, 552]
Target 1: [440, 5529]
===================================
Normal Label Distribution: 
Target 0: [4407, 552]
Target 1: [440, 5529]
===================================
Distribution After Sampling: 
===================================
Binary Labels Distribution: 
Binary Target 0
---------------------------
Target 0: [4407, 552]
Target 1: [440, 5529]
Binary Target 1
---------------------------
Target 0: [4407, 552]
Target 1: [440, 5529]
===================================
Normal Label Distribution: 
Target 0: [4407, 552]
Target 1: [440, 5529]
===================================
Use BiasedUTKFace - target_attr: gender
BiasedUTKFace -- total: 10928, target_attr: gender, bias_attr: race bias_rate: 0.9
['[train] target_0-bias_0: 4407', '[train] target_0-bias_1: 552', '[train] target_1-bias_0: 440', '[train] target_1-bias_1: 5529']
get_utk_face - split: valid, aug: False, given_y: True, ratio: 0
use existing biased_utk_face from data/utk_face/pickles/biased_utk_face-target_gender-bias_race-0.9
Distribution Before Sampling: 
===================================
Binary Labels Distribution: 
Binary Target 0
---------------------------
Target 0: [583, 684]
Target 1: [457, 646]
Binary Target 1
---------------------------
Target 0: [583, 684]
Target 1: [457, 646]
===================================
Normal Label Distribution: 
Target 0: [583, 684]
Target 1: [457, 646]
===================================
Use BiasedUTKFace - target_attr: gender
BiasedUTKFace -- total: 2370, target_attr: gender, bias_attr: race bias_rate: 0.9
['[valid] target_0-bias_0: 583', '[valid] target_0-bias_1: 684', '[valid] target_1-bias_0: 457', '[valid] target_1-bias_1: 646']
get_utk_face - split: test, aug: False, given_y: True, ratio: 0
use existing biased_utk_face from data/utk_face/pickles/biased_utk_face-target_gender-bias_race-0.9
Distribution Before Sampling: 
===================================
Binary Labels Distribution: 
Binary Target 0
---------------------------
Target 0: [558, 677]
Target 1: [462, 673]
Binary Target 1
---------------------------
Target 0: [558, 677]
Target 1: [462, 673]
===================================
Normal Label Distribution: 
Target 0: [558, 677]
Target 1: [462, 673]
===================================
Use BiasedUTKFace - target_attr: gender
BiasedUTKFace -- total: 2370, target_attr: gender, bias_attr: race bias_rate: 0.9
['[test] target_0-bias_0: 558', '[test] target_0-bias_1: 677', '[test] target_1-bias_0: 462', '[test] target_1-bias_1: 673']
decay_epochs: [6, 13]
[1 / 20] Learning rate: 0.001
[1 / 20] Loss: 0.4456
[1 / 20] tensor([[0.848, 0.650],
        [0.803, 0.915]]) {'epoch': 1, 'valid/acc': 79.367, 'valid/acc_unbiased': 79.559, 'valid/diff': 11.851, 'valid/acc_skew': 73.634, 'valid/acc_align': 85.485, 'test/acc': 80.169, 'test/acc_unbiased': 80.398, 'test/diff': 15.501, 'test/acc_skew': 72.648, 'test/acc_align': 88.149}
[1 / 20] best valid accuracy: 79.559 at epoch 1 
 best_stats: {'best_valid_epoch': 1, 'best_valid_valid/acc': 79.367, 'best_valid_valid/acc_unbiased': 79.559, 'best_valid_valid/diff': 11.851, 'best_valid_valid/acc_skew': 73.634, 'best_valid_valid/acc_align': 85.485, 'best_valid_test/acc': 80.169, 'best_valid_test/acc_unbiased': 80.398, 'best_valid_test/diff': 15.501, 'best_valid_test/acc_skew': 72.648, 'best_valid_test/acc_align': 88.149}
[1 / 20] best test accuracy: 80.398 at epoch 1 
 best_stats: {'best_test_epoch': 1, 'best_test_valid/acc': 79.367, 'best_test_valid/acc_unbiased': 79.559, 'best_test_valid/diff': 11.851, 'best_test_valid/acc_skew': 73.634, 'best_test_valid/acc_align': 85.485, 'best_test_test/acc': 80.169, 'best_test_test/acc_unbiased': 80.398, 'best_test_test/diff': 15.501, 'best_test_test/acc_skew': 72.648, 'best_test_test/acc_align': 88.149}
[2 / 20] Learning rate: 0.001
[2 / 20] Loss: 0.3188
[2 / 20] tensor([[0.880, 0.727],
        [0.764, 0.895]]) {'epoch': 2, 'valid/acc': 82.447, 'valid/acc_unbiased': 82.387, 'valid/diff': 10.927, 'valid/acc_skew': 76.924, 'valid/acc_align': 87.851, 'test/acc': 81.772, 'test/acc_unbiased': 81.631, 'test/diff': 14.181, 'test/acc_skew': 74.54, 'test/acc_align': 88.722}
[2 / 20] best valid accuracy: 82.387 at epoch 2 
 best_stats: {'best_valid_epoch': 2, 'best_valid_valid/acc': 82.447, 'best_valid_valid/acc_unbiased': 82.387, 'best_valid_valid/diff': 10.927, 'best_valid_valid/acc_skew': 76.924, 'best_valid_valid/acc_align': 87.851, 'best_valid_test/acc': 81.772, 'best_valid_test/acc_unbiased': 81.631, 'best_valid_test/diff': 14.181, 'best_valid_test/acc_skew': 74.54, 'best_valid_test/acc_align': 88.722}
[2 / 20] best test accuracy: 81.631 at epoch 2 
 best_stats: {'best_test_epoch': 2, 'best_test_valid/acc': 82.447, 'best_test_valid/acc_unbiased': 82.387, 'best_test_valid/diff': 10.927, 'best_test_valid/acc_skew': 76.924, 'best_test_valid/acc_align': 87.851, 'best_test_test/acc': 81.772, 'best_test_test/acc_unbiased': 81.631, 'best_test_test/diff': 14.181, 'best_test_test/acc_skew': 74.54, 'best_test_test/acc_align': 88.722}
[3 / 20] Learning rate: 0.001
[3 / 20] Loss: 0.2921
[3 / 20] tensor([[0.941, 0.821],
        [0.665, 0.832]]) {'epoch': 3, 'valid/acc': 82.068, 'valid/acc_unbiased': 80.958, 'valid/diff': 15.052, 'valid/acc_skew': 73.432, 'valid/acc_align': 88.484, 'test/acc': 82.194, 'test/acc_unbiased': 81.468, 'test/diff': 14.359, 'test/acc_skew': 74.289, 'test/acc_align': 88.648}
[3 / 20] best valid accuracy: 82.387 at epoch 2 
 best_stats: {'best_valid_epoch': 2, 'best_valid_valid/acc': 82.447, 'best_valid_valid/acc_unbiased': 82.387, 'best_valid_valid/diff': 10.927, 'best_valid_valid/acc_skew': 76.924, 'best_valid_valid/acc_align': 87.851, 'best_valid_test/acc': 81.772, 'best_valid_test/acc_unbiased': 81.631, 'best_valid_test/diff': 14.181, 'best_valid_test/acc_skew': 74.54, 'best_valid_test/acc_align': 88.722}
[3 / 20] best test accuracy: 81.631 at epoch 2 
 best_stats: {'best_test_epoch': 2, 'best_test_valid/acc': 82.447, 'best_test_valid/acc_unbiased': 82.387, 'best_test_valid/diff': 10.927, 'best_test_valid/acc_skew': 76.924, 'best_test_valid/acc_align': 87.851, 'best_test_test/acc': 81.772, 'best_test_test/acc_unbiased': 81.631, 'best_test_test/diff': 14.181, 'best_test_test/acc_skew': 74.54, 'best_test_test/acc_align': 88.722}
[4 / 20] Learning rate: 0.001
[4 / 20] Loss: 0.2786
[4 / 20] tensor([[0.876, 0.702],
        [0.768, 0.924]]) {'epoch': 4, 'valid/acc': 82.236, 'valid/acc_unbiased': 82.26, 'valid/diff': 13.963, 'valid/acc_skew': 75.279, 'valid/acc_align': 89.242, 'test/acc': 81.899, 'test/acc_unbiased': 81.765, 'test/diff': 16.527, 'test/acc_skew': 73.501, 'test/acc_align': 90.028}
[4 / 20] best valid accuracy: 82.387 at epoch 2 
 best_stats: {'best_valid_epoch': 2, 'best_valid_valid/acc': 82.447, 'best_valid_valid/acc_unbiased': 82.387, 'best_valid_valid/diff': 10.927, 'best_valid_valid/acc_skew': 76.924, 'best_valid_valid/acc_align': 87.851, 'best_valid_test/acc': 81.772, 'best_valid_test/acc_unbiased': 81.631, 'best_valid_test/diff': 14.181, 'best_valid_test/acc_skew': 74.54, 'best_valid_test/acc_align': 88.722}
[4 / 20] best test accuracy: 81.765 at epoch 4 
 best_stats: {'best_test_epoch': 4, 'best_test_valid/acc': 82.236, 'best_test_valid/acc_unbiased': 82.26, 'best_test_valid/diff': 13.963, 'best_test_valid/acc_skew': 75.279, 'best_test_valid/acc_align': 89.242, 'best_test_test/acc': 81.899, 'best_test_test/acc_unbiased': 81.765, 'best_test_test/diff': 16.527, 'best_test_test/acc_skew': 73.501, 'best_test_test/acc_align': 90.028}
[5 / 20] Learning rate: 0.001
[5 / 20] Loss: 0.2715
[5 / 20] tensor([[0.851, 0.709],
        [0.777, 0.915]]) {'epoch': 5, 'valid/acc': 80.886, 'valid/acc_unbiased': 80.667, 'valid/diff': 12.961, 'valid/acc_skew': 74.186, 'valid/acc_align': 87.148, 'test/acc': 81.435, 'test/acc_unbiased': 81.316, 'test/diff': 14.025, 'test/acc_skew': 74.303, 'test/acc_align': 88.328}
[5 / 20] best valid accuracy: 82.387 at epoch 2 
 best_stats: {'best_valid_epoch': 2, 'best_valid_valid/acc': 82.447, 'best_valid_valid/acc_unbiased': 82.387, 'best_valid_valid/diff': 10.927, 'best_valid_valid/acc_skew': 76.924, 'best_valid_valid/acc_align': 87.851, 'best_valid_test/acc': 81.772, 'best_valid_test/acc_unbiased': 81.631, 'best_valid_test/diff': 14.181, 'best_valid_test/acc_skew': 74.54, 'best_valid_test/acc_align': 88.722}
[5 / 20] best test accuracy: 81.765 at epoch 4 
 best_stats: {'best_test_epoch': 4, 'best_test_valid/acc': 82.236, 'best_test_valid/acc_unbiased': 82.26, 'best_test_valid/diff': 13.963, 'best_test_valid/acc_skew': 75.279, 'best_test_valid/acc_align': 89.242, 'best_test_test/acc': 81.899, 'best_test_test/acc_unbiased': 81.765, 'best_test_test/diff': 16.527, 'best_test_test/acc_skew': 73.501, 'best_test_test/acc_align': 90.028}
[6 / 20] Learning rate: 0.001
[6 / 20] Loss: 0.2604
[6 / 20] tensor([[0.862, 0.651],
        [0.842, 0.951]]) {'epoch': 6, 'valid/acc': 80.38, 'valid/acc_unbiased': 81.07, 'valid/diff': 15.544, 'valid/acc_skew': 73.299, 'valid/acc_align': 88.842, 'test/acc': 82.321, 'test/acc_unbiased': 82.659, 'test/diff': 15.979, 'test/acc_skew': 74.67, 'test/acc_align': 90.649}
[6 / 20] best valid accuracy: 82.387 at epoch 2 
 best_stats: {'best_valid_epoch': 2, 'best_valid_valid/acc': 82.447, 'best_valid_valid/acc_unbiased': 82.387, 'best_valid_valid/diff': 10.927, 'best_valid_valid/acc_skew': 76.924, 'best_valid_valid/acc_align': 87.851, 'best_valid_test/acc': 81.772, 'best_valid_test/acc_unbiased': 81.631, 'best_valid_test/diff': 14.181, 'best_valid_test/acc_skew': 74.54, 'best_valid_test/acc_align': 88.722}
[6 / 20] best test accuracy: 82.659 at epoch 6 
 best_stats: {'best_test_epoch': 6, 'best_test_valid/acc': 80.38, 'best_test_valid/acc_unbiased': 81.07, 'best_test_valid/diff': 15.544, 'best_test_valid/acc_skew': 73.299, 'best_test_valid/acc_align': 88.842, 'best_test_test/acc': 82.321, 'best_test_test/acc_unbiased': 82.659, 'best_test_test/diff': 15.979, 'best_test_test/acc_skew': 74.67, 'best_test_test/acc_align': 90.649}
[7 / 20] Learning rate: 0.0001
[7 / 20] Loss: 0.2237
[7 / 20] tensor([[0.898, 0.734],
        [0.794, 0.952]]) {'epoch': 7, 'valid/acc': 84.473, 'valid/acc_unbiased': 84.651, 'valid/diff': 15.023, 'valid/acc_skew': 77.139, 'valid/acc_align': 92.162, 'test/acc': 84.641, 'test/acc_unbiased': 84.47, 'test/diff': 16.09, 'test/acc_skew': 76.425, 'test/acc_align': 92.515}
[7 / 20] best valid accuracy: 84.651 at epoch 7 
 best_stats: {'best_valid_epoch': 7, 'best_valid_valid/acc': 84.473, 'best_valid_valid/acc_unbiased': 84.651, 'best_valid_valid/diff': 15.023, 'best_valid_valid/acc_skew': 77.139, 'best_valid_valid/acc_align': 92.162, 'best_valid_test/acc': 84.641, 'best_valid_test/acc_unbiased': 84.47, 'best_valid_test/diff': 16.09, 'best_valid_test/acc_skew': 76.425, 'best_valid_test/acc_align': 92.515}
[7 / 20] best test accuracy: 84.470 at epoch 7 
 best_stats: {'best_test_epoch': 7, 'best_test_valid/acc': 84.473, 'best_test_valid/acc_unbiased': 84.651, 'best_test_valid/diff': 15.023, 'best_test_valid/acc_skew': 77.139, 'best_test_valid/acc_align': 92.162, 'best_test_test/acc': 84.641, 'best_test_test/acc_unbiased': 84.47, 'best_test_test/diff': 16.09, 'best_test_test/acc_skew': 76.425, 'best_test_test/acc_align': 92.515}
[8 / 20] Learning rate: 0.0001
[8 / 20] Loss: 0.1999
[8 / 20] tensor([[0.903, 0.753],
        [0.803, 0.947]]) {'epoch': 8, 'valid/acc': 85.063, 'valid/acc_unbiased': 85.128, 'valid/diff': 13.93, 'valid/acc_skew': 78.163, 'valid/acc_align': 92.093, 'test/acc': 85.316, 'test/acc_unbiased': 85.152, 'test/diff': 14.669, 'test/acc_skew': 77.818, 'test/acc_align': 92.487}
[8 / 20] best valid accuracy: 85.128 at epoch 8 
 best_stats: {'best_valid_epoch': 8, 'best_valid_valid/acc': 85.063, 'best_valid_valid/acc_unbiased': 85.128, 'best_valid_valid/diff': 13.93, 'best_valid_valid/acc_skew': 78.163, 'best_valid_valid/acc_align': 92.093, 'best_valid_test/acc': 85.316, 'best_valid_test/acc_unbiased': 85.152, 'best_valid_test/diff': 14.669, 'best_valid_test/acc_skew': 77.818, 'best_valid_test/acc_align': 92.487}
[8 / 20] best test accuracy: 85.152 at epoch 8 
 best_stats: {'best_test_epoch': 8, 'best_test_valid/acc': 85.063, 'best_test_valid/acc_unbiased': 85.128, 'best_test_valid/diff': 13.93, 'best_test_valid/acc_skew': 78.163, 'best_test_valid/acc_align': 92.093, 'best_test_test/acc': 85.316, 'best_test_test/acc_unbiased': 85.152, 'best_test_test/diff': 14.669, 'best_test_test/acc_skew': 77.818, 'best_test_test/acc_align': 92.487}
[9 / 20] Learning rate: 0.0001
[9 / 20] Loss: 0.1869
[9 / 20] tensor([[0.918, 0.777],
        [0.784, 0.929]]) {'epoch': 9, 'valid/acc': 85.443, 'valid/acc_unbiased': 85.239, 'valid/diff': 14.218, 'valid/acc_skew': 78.13, 'valid/acc_align': 92.348, 'test/acc': 85.443, 'test/acc_unbiased': 85.169, 'test/diff': 14.287, 'test/acc_skew': 78.025, 'test/acc_align': 92.312}
[9 / 20] best valid accuracy: 85.239 at epoch 9 
 best_stats: {'best_valid_epoch': 9, 'best_valid_valid/acc': 85.443, 'best_valid_valid/acc_unbiased': 85.239, 'best_valid_valid/diff': 14.218, 'best_valid_valid/acc_skew': 78.13, 'best_valid_valid/acc_align': 92.348, 'best_valid_test/acc': 85.443, 'best_valid_test/acc_unbiased': 85.169, 'best_valid_test/diff': 14.287, 'best_valid_test/acc_skew': 78.025, 'best_valid_test/acc_align': 92.312}
[9 / 20] best test accuracy: 85.169 at epoch 9 
 best_stats: {'best_test_epoch': 9, 'best_test_valid/acc': 85.443, 'best_test_valid/acc_unbiased': 85.239, 'best_test_valid/diff': 14.218, 'best_test_valid/acc_skew': 78.13, 'best_test_valid/acc_align': 92.348, 'best_test_test/acc': 85.443, 'best_test_test/acc_unbiased': 85.169, 'best_test_test/diff': 14.287, 'best_test_test/acc_skew': 78.025, 'best_test_test/acc_align': 92.312}
[10 / 20] Learning rate: 0.0001
[10 / 20] Loss: 0.1851
[10 / 20] tensor([[0.914, 0.784],
        [0.799, 0.927]]) {'epoch': 10, 'valid/acc': 86.16, 'valid/acc_unbiased': 85.97, 'valid/diff': 13.27, 'valid/acc_skew': 79.335, 'valid/acc_align': 92.605, 'test/acc': 85.823, 'test/acc_unbiased': 85.605, 'test/diff': 12.906, 'test/acc_skew': 79.152, 'test/acc_align': 92.059}
[10 / 20] best valid accuracy: 85.970 at epoch 10 
 best_stats: {'best_valid_epoch': 10, 'best_valid_valid/acc': 86.16, 'best_valid_valid/acc_unbiased': 85.97, 'best_valid_valid/diff': 13.27, 'best_valid_valid/acc_skew': 79.335, 'best_valid_valid/acc_align': 92.605, 'best_valid_test/acc': 85.823, 'best_valid_test/acc_unbiased': 85.605, 'best_valid_test/diff': 12.906, 'best_valid_test/acc_skew': 79.152, 'best_valid_test/acc_align': 92.059}
[10 / 20] best test accuracy: 85.605 at epoch 10 
 best_stats: {'best_test_epoch': 10, 'best_test_valid/acc': 86.16, 'best_test_valid/acc_unbiased': 85.97, 'best_test_valid/diff': 13.27, 'best_test_valid/acc_skew': 79.335, 'best_test_valid/acc_align': 92.605, 'best_test_test/acc': 85.823, 'best_test_test/acc_unbiased': 85.605, 'best_test_test/diff': 12.906, 'best_test_test/acc_skew': 79.152, 'best_test_test/acc_align': 92.059}
[11 / 20] Learning rate: 0.0001
[11 / 20] Loss: 0.1761
[11 / 20] tensor([[0.914, 0.789],
        [0.801, 0.929]]) {'epoch': 11, 'valid/acc': 86.16, 'valid/acc_unbiased': 85.902, 'valid/diff': 12.549, 'valid/acc_skew': 79.628, 'valid/acc_align': 92.177, 'test/acc': 86.034, 'test/acc_unbiased': 85.807, 'test/diff': 12.651, 'test/acc_skew': 79.482, 'test/acc_align': 92.133}
[11 / 20] best valid accuracy: 85.970 at epoch 10 
 best_stats: {'best_valid_epoch': 10, 'best_valid_valid/acc': 86.16, 'best_valid_valid/acc_unbiased': 85.97, 'best_valid_valid/diff': 13.27, 'best_valid_valid/acc_skew': 79.335, 'best_valid_valid/acc_align': 92.605, 'best_valid_test/acc': 85.823, 'best_valid_test/acc_unbiased': 85.605, 'best_valid_test/diff': 12.906, 'best_valid_test/acc_skew': 79.152, 'best_valid_test/acc_align': 92.059}
[11 / 20] best test accuracy: 85.807 at epoch 11 
 best_stats: {'best_test_epoch': 11, 'best_test_valid/acc': 86.16, 'best_test_valid/acc_unbiased': 85.902, 'best_test_valid/diff': 12.549, 'best_test_valid/acc_skew': 79.628, 'best_test_valid/acc_align': 92.177, 'best_test_test/acc': 86.034, 'best_test_test/acc_unbiased': 85.807, 'best_test_test/diff': 12.651, 'best_test_test/acc_skew': 79.482, 'best_test_test/acc_align': 92.133}
[12 / 20] Learning rate: 0.0001
[12 / 20] Loss: 0.1707
[12 / 20] tensor([[0.882, 0.737],
        [0.838, 0.955]]) {'epoch': 12, 'valid/acc': 85.274, 'valid/acc_unbiased': 85.53, 'valid/diff': 13.352, 'valid/acc_skew': 78.854, 'valid/acc_align': 92.206, 'test/acc': 85.274, 'test/acc_unbiased': 85.297, 'test/diff': 13.12, 'test/acc_skew': 78.737, 'test/acc_align': 91.857}
[12 / 20] best valid accuracy: 85.970 at epoch 10 
 best_stats: {'best_valid_epoch': 10, 'best_valid_valid/acc': 86.16, 'best_valid_valid/acc_unbiased': 85.97, 'best_valid_valid/diff': 13.27, 'best_valid_valid/acc_skew': 79.335, 'best_valid_valid/acc_align': 92.605, 'best_valid_test/acc': 85.823, 'best_valid_test/acc_unbiased': 85.605, 'best_valid_test/diff': 12.906, 'best_valid_test/acc_skew': 79.152, 'best_valid_test/acc_align': 92.059}
[12 / 20] best test accuracy: 85.807 at epoch 11 
 best_stats: {'best_test_epoch': 11, 'best_test_valid/acc': 86.16, 'best_test_valid/acc_unbiased': 85.902, 'best_test_valid/diff': 12.549, 'best_test_valid/acc_skew': 79.628, 'best_test_valid/acc_align': 92.177, 'best_test_test/acc': 86.034, 'best_test_test/acc_unbiased': 85.807, 'best_test_test/diff': 12.651, 'best_test_test/acc_skew': 79.482, 'best_test_test/acc_align': 92.133}
[13 / 20] Learning rate: 0.0001
[13 / 20] Loss: 0.1728
[13 / 20] tensor([[0.921, 0.796],
        [0.797, 0.942]]) {'epoch': 13, 'valid/acc': 85.865, 'valid/acc_unbiased': 85.735, 'valid/diff': 12.143, 'valid/acc_skew': 79.663, 'valid/acc_align': 91.806, 'test/acc': 86.709, 'test/acc_unbiased': 86.397, 'test/diff': 13.525, 'test/acc_skew': 79.635, 'test/acc_align': 93.16}
[13 / 20] best valid accuracy: 85.970 at epoch 10 
 best_stats: {'best_valid_epoch': 10, 'best_valid_valid/acc': 86.16, 'best_valid_valid/acc_unbiased': 85.97, 'best_valid_valid/diff': 13.27, 'best_valid_valid/acc_skew': 79.335, 'best_valid_valid/acc_align': 92.605, 'best_valid_test/acc': 85.823, 'best_valid_test/acc_unbiased': 85.605, 'best_valid_test/diff': 12.906, 'best_valid_test/acc_skew': 79.152, 'best_valid_test/acc_align': 92.059}
[13 / 20] best test accuracy: 86.397 at epoch 13 
 best_stats: {'best_test_epoch': 13, 'best_test_valid/acc': 85.865, 'best_test_valid/acc_unbiased': 85.735, 'best_test_valid/diff': 12.143, 'best_test_valid/acc_skew': 79.663, 'best_test_valid/acc_align': 91.806, 'best_test_test/acc': 86.709, 'best_test_test/acc_unbiased': 86.397, 'best_test_test/diff': 13.525, 'best_test_test/acc_skew': 79.635, 'best_test_test/acc_align': 93.16}
[14 / 20] Learning rate: 1e-05
[14 / 20] Loss: 0.1575
[14 / 20] tensor([[0.901, 0.770],
        [0.818, 0.952]]) {'epoch': 14, 'valid/acc': 85.781, 'valid/acc_unbiased': 85.813, 'valid/diff': 12.815, 'valid/acc_skew': 79.405, 'valid/acc_align': 92.22, 'test/acc': 86.203, 'test/acc_unbiased': 86.041, 'test/diff': 13.307, 'test/acc_skew': 79.388, 'test/acc_align': 92.694}
[14 / 20] best valid accuracy: 85.970 at epoch 10 
 best_stats: {'best_valid_epoch': 10, 'best_valid_valid/acc': 86.16, 'best_valid_valid/acc_unbiased': 85.97, 'best_valid_valid/diff': 13.27, 'best_valid_valid/acc_skew': 79.335, 'best_valid_valid/acc_align': 92.605, 'best_valid_test/acc': 85.823, 'best_valid_test/acc_unbiased': 85.605, 'best_valid_test/diff': 12.906, 'best_valid_test/acc_skew': 79.152, 'best_valid_test/acc_align': 92.059}
[14 / 20] best test accuracy: 86.397 at epoch 13 
 best_stats: {'best_test_epoch': 13, 'best_test_valid/acc': 85.865, 'best_test_valid/acc_unbiased': 85.735, 'best_test_valid/diff': 12.143, 'best_test_valid/acc_skew': 79.663, 'best_test_valid/acc_align': 91.806, 'best_test_test/acc': 86.709, 'best_test_test/acc_unbiased': 86.397, 'best_test_test/diff': 13.525, 'best_test_test/acc_skew': 79.635, 'best_test_test/acc_align': 93.16}
[15 / 20] Learning rate: 1e-05
[15 / 20] Loss: 0.1571
[15 / 20] tensor([[0.919, 0.790],
        [0.805, 0.938]]) {'epoch': 15, 'valid/acc': 85.992, 'valid/acc_unbiased': 85.808, 'valid/diff': 13.457, 'valid/acc_skew': 79.079, 'valid/acc_align': 92.536, 'test/acc': 86.54, 'test/acc_unbiased': 86.31, 'test/diff': 13.075, 'test/acc_skew': 79.772, 'test/acc_align': 92.847}
[15 / 20] best valid accuracy: 85.970 at epoch 10 
 best_stats: {'best_valid_epoch': 10, 'best_valid_valid/acc': 86.16, 'best_valid_valid/acc_unbiased': 85.97, 'best_valid_valid/diff': 13.27, 'best_valid_valid/acc_skew': 79.335, 'best_valid_valid/acc_align': 92.605, 'best_valid_test/acc': 85.823, 'best_valid_test/acc_unbiased': 85.605, 'best_valid_test/diff': 12.906, 'best_valid_test/acc_skew': 79.152, 'best_valid_test/acc_align': 92.059}
[15 / 20] best test accuracy: 86.397 at epoch 13 
 best_stats: {'best_test_epoch': 13, 'best_test_valid/acc': 85.865, 'best_test_valid/acc_unbiased': 85.735, 'best_test_valid/diff': 12.143, 'best_test_valid/acc_skew': 79.663, 'best_test_valid/acc_align': 91.806, 'best_test_test/acc': 86.709, 'best_test_test/acc_unbiased': 86.397, 'best_test_test/diff': 13.525, 'best_test_test/acc_skew': 79.635, 'best_test_test/acc_align': 93.16}
[16 / 20] Learning rate: 1e-05
[16 / 20] Loss: 0.1567
[16 / 20] tensor([[0.912, 0.787],
        [0.812, 0.944]]) {'epoch': 16, 'valid/acc': 85.992, 'valid/acc_unbiased': 85.931, 'valid/diff': 13.487, 'valid/acc_skew': 79.187, 'valid/acc_align': 92.674, 'test/acc': 86.582, 'test/acc_unbiased': 86.368, 'test/diff': 12.837, 'test/acc_skew': 79.949, 'test/acc_align': 92.786}
[16 / 20] best valid accuracy: 85.970 at epoch 10 
 best_stats: {'best_valid_epoch': 10, 'best_valid_valid/acc': 86.16, 'best_valid_valid/acc_unbiased': 85.97, 'best_valid_valid/diff': 13.27, 'best_valid_valid/acc_skew': 79.335, 'best_valid_valid/acc_align': 92.605, 'best_valid_test/acc': 85.823, 'best_valid_test/acc_unbiased': 85.605, 'best_valid_test/diff': 12.906, 'best_valid_test/acc_skew': 79.152, 'best_valid_test/acc_align': 92.059}
[16 / 20] best test accuracy: 86.397 at epoch 13 
 best_stats: {'best_test_epoch': 13, 'best_test_valid/acc': 85.865, 'best_test_valid/acc_unbiased': 85.735, 'best_test_valid/diff': 12.143, 'best_test_valid/acc_skew': 79.663, 'best_test_valid/acc_align': 91.806, 'best_test_test/acc': 86.709, 'best_test_test/acc_unbiased': 86.397, 'best_test_test/diff': 13.525, 'best_test_test/acc_skew': 79.635, 'best_test_test/acc_align': 93.16}
[17 / 20] Learning rate: 1e-05
[17 / 20] Loss: 0.1576
[17 / 20] tensor([[0.916, 0.795],
        [0.805, 0.941]]) {'epoch': 17, 'valid/acc': 86.203, 'valid/acc_unbiased': 86.061, 'valid/diff': 13.088, 'valid/acc_skew': 79.517, 'valid/acc_align': 92.605, 'test/acc': 86.667, 'test/acc_unbiased': 86.405, 'test/diff': 12.823, 'test/acc_skew': 79.994, 'test/acc_align': 92.817}
[17 / 20] best valid accuracy: 86.061 at epoch 17 
 best_stats: {'best_valid_epoch': 17, 'best_valid_valid/acc': 86.203, 'best_valid_valid/acc_unbiased': 86.061, 'best_valid_valid/diff': 13.088, 'best_valid_valid/acc_skew': 79.517, 'best_valid_valid/acc_align': 92.605, 'best_valid_test/acc': 86.667, 'best_valid_test/acc_unbiased': 86.405, 'best_valid_test/diff': 12.823, 'best_valid_test/acc_skew': 79.994, 'best_valid_test/acc_align': 92.817}
[17 / 20] best test accuracy: 86.405 at epoch 17 
 best_stats: {'best_test_epoch': 17, 'best_test_valid/acc': 86.203, 'best_test_valid/acc_unbiased': 86.061, 'best_test_valid/diff': 13.088, 'best_test_valid/acc_skew': 79.517, 'best_test_valid/acc_align': 92.605, 'best_test_test/acc': 86.667, 'best_test_test/acc_unbiased': 86.405, 'best_test_test/diff': 12.823, 'best_test_test/acc_skew': 79.994, 'best_test_test/acc_align': 92.817}
[18 / 20] Learning rate: 1e-05
[18 / 20] Loss: 0.1603
[18 / 20] tensor([[0.910, 0.783],
        [0.812, 0.944]]) {'epoch': 18, 'valid/acc': 85.738, 'valid/acc_unbiased': 85.715, 'valid/diff': 13.714, 'valid/acc_skew': 78.858, 'valid/acc_align': 92.572, 'test/acc': 86.414, 'test/acc_unbiased': 86.212, 'test/diff': 12.969, 'test/acc_skew': 79.728, 'test/acc_align': 92.697}
[18 / 20] best valid accuracy: 86.061 at epoch 17 
 best_stats: {'best_valid_epoch': 17, 'best_valid_valid/acc': 86.203, 'best_valid_valid/acc_unbiased': 86.061, 'best_valid_valid/diff': 13.088, 'best_valid_valid/acc_skew': 79.517, 'best_valid_valid/acc_align': 92.605, 'best_valid_test/acc': 86.667, 'best_valid_test/acc_unbiased': 86.405, 'best_valid_test/diff': 12.823, 'best_valid_test/acc_skew': 79.994, 'best_valid_test/acc_align': 92.817}
[18 / 20] best test accuracy: 86.405 at epoch 17 
 best_stats: {'best_test_epoch': 17, 'best_test_valid/acc': 86.203, 'best_test_valid/acc_unbiased': 86.061, 'best_test_valid/diff': 13.088, 'best_test_valid/acc_skew': 79.517, 'best_test_valid/acc_align': 92.605, 'best_test_test/acc': 86.667, 'best_test_test/acc_unbiased': 86.405, 'best_test_test/diff': 12.823, 'best_test_test/acc_skew': 79.994, 'best_test_test/acc_align': 92.817}
[19 / 20] Learning rate: 1e-05
[19 / 20] Loss: 0.1549
[19 / 20] tensor([[0.914, 0.795],
        [0.810, 0.942]]) {'epoch': 19, 'valid/acc': 86.245, 'valid/acc_unbiased': 86.197, 'valid/diff': 13.436, 'valid/acc_skew': 79.479, 'valid/acc_align': 92.915, 'test/acc': 86.751, 'test/acc_unbiased': 86.506, 'test/diff': 12.591, 'test/acc_skew': 80.21, 'test/acc_align': 92.801}
[19 / 20] best valid accuracy: 86.197 at epoch 19 
 best_stats: {'best_valid_epoch': 19, 'best_valid_valid/acc': 86.245, 'best_valid_valid/acc_unbiased': 86.197, 'best_valid_valid/diff': 13.436, 'best_valid_valid/acc_skew': 79.479, 'best_valid_valid/acc_align': 92.915, 'best_valid_test/acc': 86.751, 'best_valid_test/acc_unbiased': 86.506, 'best_valid_test/diff': 12.591, 'best_valid_test/acc_skew': 80.21, 'best_valid_test/acc_align': 92.801}
[19 / 20] best test accuracy: 86.506 at epoch 19 
 best_stats: {'best_test_epoch': 19, 'best_test_valid/acc': 86.245, 'best_test_valid/acc_unbiased': 86.197, 'best_test_valid/diff': 13.436, 'best_test_valid/acc_skew': 79.479, 'best_test_valid/acc_align': 92.915, 'best_test_test/acc': 86.751, 'best_test_test/acc_unbiased': 86.506, 'best_test_test/diff': 12.591, 'best_test_test/acc_skew': 80.21, 'best_test_test/acc_align': 92.801}
[20 / 20] Learning rate: 1e-05
[20 / 20] Loss: 0.1576
[20 / 20] tensor([[0.916, 0.796],
        [0.805, 0.938]]) {'epoch': 20, 'valid/acc': 86.203, 'valid/acc_unbiased': 86.039, 'valid/diff': 13.116, 'valid/acc_skew': 79.481, 'valid/acc_align': 92.597, 'test/acc': 86.624, 'test/acc_unbiased': 86.368, 'test/diff': 12.6, 'test/acc_skew': 80.068, 'test/acc_align': 92.668}
[20 / 20] best valid accuracy: 86.197 at epoch 19 
 best_stats: {'best_valid_epoch': 19, 'best_valid_valid/acc': 86.245, 'best_valid_valid/acc_unbiased': 86.197, 'best_valid_valid/diff': 13.436, 'best_valid_valid/acc_skew': 79.479, 'best_valid_valid/acc_align': 92.915, 'best_valid_test/acc': 86.751, 'best_valid_test/acc_unbiased': 86.506, 'best_valid_test/diff': 12.591, 'best_valid_test/acc_skew': 80.21, 'best_valid_test/acc_align': 92.801}
[20 / 20] best test accuracy: 86.506 at epoch 19 
 best_stats: {'best_test_epoch': 19, 'best_test_valid/acc': 86.245, 'best_test_valid/acc_unbiased': 86.197, 'best_test_valid/diff': 13.436, 'best_test_valid/acc_skew': 79.479, 'best_test_valid/acc_align': 92.915, 'best_test_test/acc': 86.751, 'best_test_test/acc_unbiased': 86.506, 'best_test_test/diff': 12.591, 'best_test_test/acc_skew': 80.21, 'best_test_test/acc_align': 92.801}
Total training time: 0:12:39
