Log level set to: INFO
Set seed: 2
=======> Using Fixed Random Seed: 2 <========
save_path: exp_results/bc-bb0-celeba_smiling-os_0.2-lr0.001-bs128-cbs64-w0.01-ratio30-aug1-seed2
get_celeba - split:train, aug: False, given_y: True, ratio: 0
use existing smiling indices from data/celeba/pickles/smiling
Distribution After Sampling: 
===================================
Binary Labels Distribution: 
Binary Target 0
---------------------------
Target 0: [8122, 8122]
Target 1: [8122, 8122]
Binary Target 1
---------------------------
Target 0: [8122, 8122]
Target 1: [8122, 8122]
===================================
Normal Label Distribution: 
Target 0: [8122, 8122]
Target 1: [8122, 8122]
===================================
Use BiasedCelebASplit 
 target_attr: smiling split: train 
 tensor([[8122., 8122.],
        [8122., 8122.]])
get_celeba - split:train, aug: 1, given_y: True, ratio: 30
use existing smiling indices from data/celeba/pickles/smiling
Distribution After Sampling: 
===================================
Binary Labels Distribution: 
Binary Target 0
---------------------------
Target 0: [8153, 8153]
Target 1: [8153, 8153]
Binary Target 1
---------------------------
Target 0: [8153, 8153]
Target 1: [8153, 8153]
===================================
Normal Label Distribution: 
Target 0: [8153, 8153]
Target 1: [8153, 8153]
===================================
Use BiasedCelebASplit 
 target_attr: smiling split: train 
 tensor([[8153., 8153.],
        [8153., 8153.]])
get_celeba - split:train_valid, aug: False, given_y: True, ratio: 0
use existing smiling indices from data/celeba/pickles/smiling
Use BiasedCelebASplit 
 target_attr: smiling split: train_valid 
 tensor([[ 1973., 10114.],
        [ 8289.,  1989.]])
get_celeba - split:valid, aug: False, given_y: True, ratio: 0
Use BiasedCelebASplit 
 target_attr: smiling split: valid 
 tensor([[5252., 6157.],
        [5013., 3445.]])
decay_epochs: [3, 6]
[1 / 10] Learning rate: 0.001 weight: 0.01
[1 / 10] Loss: 4.685675886281457 CE Loss: 0.302294924047979 Con Loss: 4.682652943359164
[1 / 10] tensor([[0.978, 0.965],
        [0.782, 0.784]]) {'epoch': 1, 'valid/acc': 87.006, 'valid/acc_unbiased': 87.9, 'valid/diff': 0.591, 'valid/acc_skew': 88.195, 'valid/acc_align': 87.604, 'test/acc': 88.03, 'test/acc_unbiased': 87.719, 'test/diff': 0.709, 'test/acc_skew': 87.996, 'test/acc_align': 87.442}
[1 / 10] best valid accuracy: 87.900 at epoch 1 
 best_stats: {'best_valid_epoch': 1, 'best_valid_valid/acc': 87.006, 'best_valid_valid/acc_unbiased': 87.9, 'best_valid_valid/diff': 0.591, 'best_valid_valid/acc_skew': 88.195, 'best_valid_valid/acc_align': 87.604, 'best_valid_test/acc': 88.03, 'best_valid_test/acc_unbiased': 87.719, 'best_valid_test/diff': 0.709, 'best_valid_test/acc_skew': 87.996, 'best_valid_test/acc_align': 87.442}
[1 / 10] best test accuracy: 87.719 at epoch 1 
 best_stats: {'best_test_epoch': 1, 'best_test_valid/acc': 87.006, 'best_test_valid/acc_unbiased': 87.9, 'best_test_valid/diff': 0.591, 'best_test_valid/acc_skew': 88.195, 'best_test_valid/acc_align': 87.604, 'best_test_test/acc': 88.03, 'best_test_test/acc_unbiased': 87.719, 'best_test_test/diff': 0.709, 'best_test_test/acc_skew': 87.996, 'best_test_test/acc_align': 87.442}
[2 / 10] Learning rate: 0.001 weight: 0.01
[2 / 10] Loss: 4.635530229567072 CE Loss: 0.24400909513609365 Con Loss: 4.633090126781562
[2 / 10] tensor([[0.980, 0.966],
        [0.797, 0.801]]) {'epoch': 2, 'valid/acc': 87.592, 'valid/acc_unbiased': 88.313, 'valid/diff': 1.7, 'valid/acc_skew': 89.163, 'valid/acc_align': 87.463, 'test/acc': 88.881, 'test/acc_unbiased': 88.612, 'test/diff': 0.893, 'test/acc_skew': 88.841, 'test/acc_align': 88.382}
[2 / 10] best valid accuracy: 88.313 at epoch 2 
 best_stats: {'best_valid_epoch': 2, 'best_valid_valid/acc': 87.592, 'best_valid_valid/acc_unbiased': 88.313, 'best_valid_valid/diff': 1.7, 'best_valid_valid/acc_skew': 89.163, 'best_valid_valid/acc_align': 87.463, 'best_valid_test/acc': 88.881, 'best_valid_test/acc_unbiased': 88.612, 'best_valid_test/diff': 0.893, 'best_valid_test/acc_skew': 88.841, 'best_valid_test/acc_align': 88.382}
[2 / 10] best test accuracy: 88.612 at epoch 2 
 best_stats: {'best_test_epoch': 2, 'best_test_valid/acc': 87.592, 'best_test_valid/acc_unbiased': 88.313, 'best_test_valid/diff': 1.7, 'best_test_valid/acc_skew': 89.163, 'best_test_valid/acc_align': 87.463, 'best_test_test/acc': 88.881, 'best_test_test/acc_unbiased': 88.612, 'best_test_test/diff': 0.893, 'best_test_test/acc_skew': 88.841, 'best_test_test/acc_align': 88.382}
[3 / 10] Learning rate: 0.001 weight: 0.01
[3 / 10] Loss: 4.617795995173563 CE Loss: 0.23965243503865982 Con Loss: 4.615399484416001
[3 / 10] tensor([[0.975, 0.949],
        [0.805, 0.840]]) {'epoch': 3, 'valid/acc': 87.896, 'valid/acc_unbiased': 89.505, 'valid/diff': 3.223, 'valid/acc_skew': 89.353, 'valid/acc_align': 89.658, 'test/acc': 89.233, 'test/acc_unbiased': 89.221, 'test/diff': 3.059, 'test/acc_skew': 89.017, 'test/acc_align': 89.425}
[3 / 10] best valid accuracy: 89.505 at epoch 3 
 best_stats: {'best_valid_epoch': 3, 'best_valid_valid/acc': 87.896, 'best_valid_valid/acc_unbiased': 89.505, 'best_valid_valid/diff': 3.223, 'best_valid_valid/acc_skew': 89.353, 'best_valid_valid/acc_align': 89.658, 'best_valid_test/acc': 89.233, 'best_valid_test/acc_unbiased': 89.221, 'best_valid_test/diff': 3.059, 'best_valid_test/acc_skew': 89.017, 'best_valid_test/acc_align': 89.425}
[3 / 10] best test accuracy: 89.221 at epoch 3 
 best_stats: {'best_test_epoch': 3, 'best_test_valid/acc': 87.896, 'best_test_valid/acc_unbiased': 89.505, 'best_test_valid/diff': 3.223, 'best_test_valid/acc_skew': 89.353, 'best_test_valid/acc_align': 89.658, 'best_test_test/acc': 89.233, 'best_test_test/acc_unbiased': 89.221, 'best_test_test/diff': 3.059, 'best_test_test/acc_skew': 89.017, 'best_test_test/acc_align': 89.425}
[4 / 10] Learning rate: 0.0001 weight: 0.01
[4 / 10] Loss: 4.580214754521216 CE Loss: 0.20586329313649593 Con Loss: 4.578156117587453
[4 / 10] tensor([[0.940, 0.913],
        [0.920, 0.911]]) {'epoch': 4, 'valid/acc': 91.795, 'valid/acc_unbiased': 92.215, 'valid/diff': 1.907, 'valid/acc_skew': 93.168, 'valid/acc_align': 91.262, 'test/acc': 92.203, 'test/acc_unbiased': 92.106, 'test/diff': 1.8, 'test/acc_skew': 93.006, 'test/acc_align': 91.206}
[4 / 10] best valid accuracy: 92.215 at epoch 4 
 best_stats: {'best_valid_epoch': 4, 'best_valid_valid/acc': 91.795, 'best_valid_valid/acc_unbiased': 92.215, 'best_valid_valid/diff': 1.907, 'best_valid_valid/acc_skew': 93.168, 'best_valid_valid/acc_align': 91.262, 'best_valid_test/acc': 92.203, 'best_valid_test/acc_unbiased': 92.106, 'best_valid_test/diff': 1.8, 'best_valid_test/acc_skew': 93.006, 'best_valid_test/acc_align': 91.206}
[4 / 10] best test accuracy: 92.106 at epoch 4 
 best_stats: {'best_test_epoch': 4, 'best_test_valid/acc': 91.795, 'best_test_valid/acc_unbiased': 92.215, 'best_test_valid/diff': 1.907, 'best_test_valid/acc_skew': 93.168, 'best_test_valid/acc_align': 91.262, 'best_test_test/acc': 92.203, 'best_test_test/acc_unbiased': 92.106, 'best_test_test/diff': 1.8, 'best_test_test/acc_skew': 93.006, 'best_test_test/acc_align': 91.206}
[5 / 10] Learning rate: 0.0001 weight: 0.01
[5 / 10] Loss: 4.566352272644268 CE Loss: 0.19690959576798964 Con Loss: 4.564383173775597
[5 / 10] tensor([[0.961, 0.937],
        [0.898, 0.894]]) {'epoch': 5, 'valid/acc': 91.572, 'valid/acc_unbiased': 91.968, 'valid/diff': 1.396, 'valid/acc_skew': 92.666, 'valid/acc_align': 91.271, 'test/acc': 92.379, 'test/acc_unbiased': 92.254, 'test/diff': 1.357, 'test/acc_skew': 92.932, 'test/acc_align': 91.575}
[5 / 10] best valid accuracy: 92.215 at epoch 4 
 best_stats: {'best_valid_epoch': 4, 'best_valid_valid/acc': 91.795, 'best_valid_valid/acc_unbiased': 92.215, 'best_valid_valid/diff': 1.907, 'best_valid_valid/acc_skew': 93.168, 'best_valid_valid/acc_align': 91.262, 'best_valid_test/acc': 92.203, 'best_valid_test/acc_unbiased': 92.106, 'best_valid_test/diff': 1.8, 'best_valid_test/acc_skew': 93.006, 'best_valid_test/acc_align': 91.206}
[5 / 10] best test accuracy: 92.254 at epoch 5 
 best_stats: {'best_test_epoch': 5, 'best_test_valid/acc': 91.572, 'best_test_valid/acc_unbiased': 91.968, 'best_test_valid/diff': 1.396, 'best_test_valid/acc_skew': 92.666, 'best_test_valid/acc_align': 91.271, 'best_test_test/acc': 92.379, 'best_test_test/acc_unbiased': 92.254, 'best_test_test/diff': 1.357, 'best_test_test/acc_skew': 92.932, 'best_test_test/acc_align': 91.575}
[6 / 10] Learning rate: 0.0001 weight: 0.01
[6 / 10] Loss: 4.551293676517715 CE Loss: 0.19380019251069128 Con Loss: 4.549355661185086
[6 / 10] tensor([[0.954, 0.928],
        [0.905, 0.904]]) {'epoch': 6, 'valid/acc': 91.71, 'valid/acc_unbiased': 92.259, 'valid/diff': 1.417, 'valid/acc_skew': 92.918, 'valid/acc_align': 91.6, 'test/acc': 92.369, 'test/acc_unbiased': 92.287, 'test/diff': 1.355, 'test/acc_skew': 92.964, 'test/acc_align': 91.61}
[6 / 10] best valid accuracy: 92.259 at epoch 6 
 best_stats: {'best_valid_epoch': 6, 'best_valid_valid/acc': 91.71, 'best_valid_valid/acc_unbiased': 92.259, 'best_valid_valid/diff': 1.417, 'best_valid_valid/acc_skew': 92.918, 'best_valid_valid/acc_align': 91.6, 'best_valid_test/acc': 92.369, 'best_valid_test/acc_unbiased': 92.287, 'best_valid_test/diff': 1.355, 'best_valid_test/acc_skew': 92.964, 'best_valid_test/acc_align': 91.61}
[6 / 10] best test accuracy: 92.287 at epoch 6 
 best_stats: {'best_test_epoch': 6, 'best_test_valid/acc': 91.71, 'best_test_valid/acc_unbiased': 92.259, 'best_test_valid/diff': 1.417, 'best_test_valid/acc_skew': 92.918, 'best_test_valid/acc_align': 91.6, 'best_test_test/acc': 92.369, 'best_test_test/acc_unbiased': 92.287, 'best_test_test/diff': 1.355, 'best_test_test/acc_skew': 92.964, 'best_test_test/acc_align': 91.61}
[7 / 10] Learning rate: 1e-05 weight: 0.01
[7 / 10] Loss: 4.549975053984025 CE Loss: 0.1928415647232013 Con Loss: 4.548046630463909
[7 / 10] tensor([[0.956, 0.934],
        [0.906, 0.904]]) {'epoch': 7, 'valid/acc': 91.858, 'valid/acc_unbiased': 92.324, 'valid/diff': 1.505, 'valid/acc_skew': 93.076, 'valid/acc_align': 91.571, 'test/acc': 92.571, 'test/acc_unbiased': 92.476, 'test/diff': 1.211, 'test/acc_skew': 93.081, 'test/acc_align': 91.87}
[7 / 10] best valid accuracy: 92.324 at epoch 7 
 best_stats: {'best_valid_epoch': 7, 'best_valid_valid/acc': 91.858, 'best_valid_valid/acc_unbiased': 92.324, 'best_valid_valid/diff': 1.505, 'best_valid_valid/acc_skew': 93.076, 'best_valid_valid/acc_align': 91.571, 'best_valid_test/acc': 92.571, 'best_valid_test/acc_unbiased': 92.476, 'best_valid_test/diff': 1.211, 'best_valid_test/acc_skew': 93.081, 'best_valid_test/acc_align': 91.87}
[7 / 10] best test accuracy: 92.476 at epoch 7 
 best_stats: {'best_test_epoch': 7, 'best_test_valid/acc': 91.858, 'best_test_valid/acc_unbiased': 92.324, 'best_test_valid/diff': 1.505, 'best_test_valid/acc_skew': 93.076, 'best_test_valid/acc_align': 91.571, 'best_test_test/acc': 92.571, 'best_test_test/acc_unbiased': 92.476, 'best_test_test/diff': 1.211, 'best_test_test/acc_skew': 93.081, 'best_test_test/acc_align': 91.87}
[8 / 10] Learning rate: 1e-05 weight: 0.01
[8 / 10] Loss: 4.539543176043711 CE Loss: 0.189852699923621 Con Loss: 4.537644652127339
[8 / 10] tensor([[0.934, 0.911],
        [0.929, 0.922]]) {'epoch': 8, 'valid/acc': 92.274, 'valid/acc_unbiased': 92.637, 'valid/diff': 1.627, 'valid/acc_skew': 93.45, 'valid/acc_align': 91.823, 'test/acc': 92.455, 'test/acc_unbiased': 92.397, 'test/diff': 1.539, 'test/acc_skew': 93.167, 'test/acc_align': 91.627}
[8 / 10] best valid accuracy: 92.637 at epoch 8 
 best_stats: {'best_valid_epoch': 8, 'best_valid_valid/acc': 92.274, 'best_valid_valid/acc_unbiased': 92.637, 'best_valid_valid/diff': 1.627, 'best_valid_valid/acc_skew': 93.45, 'best_valid_valid/acc_align': 91.823, 'best_valid_test/acc': 92.455, 'best_valid_test/acc_unbiased': 92.397, 'best_valid_test/diff': 1.539, 'best_valid_test/acc_skew': 93.167, 'best_valid_test/acc_align': 91.627}
[8 / 10] best test accuracy: 92.476 at epoch 7 
 best_stats: {'best_test_epoch': 7, 'best_test_valid/acc': 91.858, 'best_test_valid/acc_unbiased': 92.324, 'best_test_valid/diff': 1.505, 'best_test_valid/acc_skew': 93.076, 'best_test_valid/acc_align': 91.571, 'best_test_test/acc': 92.571, 'best_test_test/acc_unbiased': 92.476, 'best_test_test/diff': 1.211, 'best_test_test/acc_skew': 93.081, 'best_test_test/acc_align': 91.87}
[9 / 10] Learning rate: 1e-05 weight: 0.01
[9 / 10] Loss: 4.54902513624265 CE Loss: 0.18948795582399203 Con Loss: 4.5471302558271445
[9 / 10] tensor([[0.945, 0.925],
        [0.918, 0.915]]) {'epoch': 9, 'valid/acc': 92.046, 'valid/acc_unbiased': 92.388, 'valid/diff': 1.611, 'valid/acc_skew': 93.194, 'valid/acc_align': 91.582, 'test/acc': 92.646, 'test/acc_unbiased': 92.579, 'test/diff': 1.173, 'test/acc_skew': 93.165, 'test/acc_align': 91.993}
[9 / 10] best valid accuracy: 92.637 at epoch 8 
 best_stats: {'best_valid_epoch': 8, 'best_valid_valid/acc': 92.274, 'best_valid_valid/acc_unbiased': 92.637, 'best_valid_valid/diff': 1.627, 'best_valid_valid/acc_skew': 93.45, 'best_valid_valid/acc_align': 91.823, 'best_valid_test/acc': 92.455, 'best_valid_test/acc_unbiased': 92.397, 'best_valid_test/diff': 1.539, 'best_valid_test/acc_skew': 93.167, 'best_valid_test/acc_align': 91.627}
[9 / 10] best test accuracy: 92.579 at epoch 9 
 best_stats: {'best_test_epoch': 9, 'best_test_valid/acc': 92.046, 'best_test_valid/acc_unbiased': 92.388, 'best_test_valid/diff': 1.611, 'best_test_valid/acc_skew': 93.194, 'best_test_valid/acc_align': 91.582, 'best_test_test/acc': 92.646, 'best_test_test/acc_unbiased': 92.579, 'best_test_test/diff': 1.173, 'best_test_test/acc_skew': 93.165, 'best_test_test/acc_align': 91.993}
[10 / 10] Learning rate: 1e-05 weight: 0.01
[10 / 10] Loss: 4.545421712006938 CE Loss: 0.18911898994395898 Con Loss: 4.543530519476549
[10 / 10] tensor([[0.928, 0.912],
        [0.933, 0.922]]) {'epoch': 10, 'valid/acc': 92.327, 'valid/acc_unbiased': 92.487, 'valid/diff': 1.647, 'valid/acc_skew': 93.31, 'valid/acc_align': 91.664, 'test/acc': 92.46, 'test/acc_unbiased': 92.389, 'test/diff': 1.355, 'test/acc_skew': 93.067, 'test/acc_align': 91.712}
[10 / 10] best valid accuracy: 92.637 at epoch 8 
 best_stats: {'best_valid_epoch': 8, 'best_valid_valid/acc': 92.274, 'best_valid_valid/acc_unbiased': 92.637, 'best_valid_valid/diff': 1.627, 'best_valid_valid/acc_skew': 93.45, 'best_valid_valid/acc_align': 91.823, 'best_valid_test/acc': 92.455, 'best_valid_test/acc_unbiased': 92.397, 'best_valid_test/diff': 1.539, 'best_valid_test/acc_skew': 93.167, 'best_valid_test/acc_align': 91.627}
[10 / 10] best test accuracy: 92.579 at epoch 9 
 best_stats: {'best_test_epoch': 9, 'best_test_valid/acc': 92.046, 'best_test_valid/acc_unbiased': 92.388, 'best_test_valid/diff': 1.611, 'best_test_valid/acc_skew': 93.194, 'best_test_valid/acc_align': 91.582, 'best_test_test/acc': 92.646, 'best_test_test/acc_unbiased': 92.579, 'best_test_test/diff': 1.173, 'best_test_test/acc_skew': 93.165, 'best_test_test/acc_align': 91.993}
Total training time: 0:40:12
