Log level set to: INFO
Set seed: 1
=======> Using Fixed Random Seed: 1 <========
save_path: exp_results/bc-bb0-utk_face_age-os_0.4-0.9-lr0.001-bs128-cbs64-w0.01-ratio10-aug1-seed1
get_utk_face - split: train, aug: False, given_y: True, ratio: 0
use existing biased_utk_face from data/utk_face/pickles/biased_utk_face-target_gender-bias_age-0.9
Distribution Before Sampling: 
===================================
Binary Labels Distribution: 
Binary Target 0
---------------------------
Target 0: [8237, 147]
Target 1: [823, 1477]
Binary Target 1
---------------------------
Target 0: [8237, 147]
Target 1: [823, 1477]
===================================
Normal Label Distribution: 
Target 0: [8237, 147]
Target 1: [823, 1477]
===================================
Distribution After Sampling: 
===================================
Binary Labels Distribution: 
Binary Target 0
---------------------------
Target 0: [3294, 3294]
Target 1: [3294, 3294]
Binary Target 1
---------------------------
Target 0: [3294, 3294]
Target 1: [3294, 3294]
===================================
Normal Label Distribution: 
Target 0: [3294, 3294]
Target 1: [3294, 3294]
===================================
Use BiasedUTKFace - target_attr: gender
BiasedUTKFace -- total: 13176, target_attr: gender, bias_attr: age bias_rate: 0.9
['[train] target_0-bias_0: 3294', '[train] target_0-bias_1: 3294', '[train] target_1-bias_0: 3294', '[train] target_1-bias_1: 3294']
confusion_matrix - 
 original: tensor([[3294., 3294.],
        [3294., 3294.]]), 
 normalized: tensor([[0.500, 0.500],
        [0.500, 0.500]]), 
 b|y: tensor([[0.500, 0.500],
        [0.500, 0.500]])
get_utk_face - split: train, aug: 1, given_y: True, ratio: 10
use existing biased_utk_face from data/utk_face/pickles/biased_utk_face-target_gender-bias_age-0.9
Distribution Before Sampling: 
===================================
Binary Labels Distribution: 
Binary Target 0
---------------------------
Target 0: [8237, 147]
Target 1: [823, 1477]
Binary Target 1
---------------------------
Target 0: [8237, 147]
Target 1: [823, 1477]
===================================
Normal Label Distribution: 
Target 0: [8237, 147]
Target 1: [823, 1477]
===================================
Distribution After Sampling: 
===================================
Binary Labels Distribution: 
Binary Target 0
---------------------------
Target 0: [3294, 3294]
Target 1: [3294, 3294]
Binary Target 1
---------------------------
Target 0: [3294, 3294]
Target 1: [3294, 3294]
===================================
Normal Label Distribution: 
Target 0: [3294, 3294]
Target 1: [3294, 3294]
===================================
Use BiasedUTKFace - target_attr: gender
BiasedUTKFace -- total: 13176, target_attr: gender, bias_attr: age bias_rate: 0.9
['[train] target_0-bias_0: 3294', '[train] target_0-bias_1: 3294', '[train] target_1-bias_0: 3294', '[train] target_1-bias_1: 3294']
get_utk_face - split: valid, aug: False, given_y: True, ratio: 0
use existing biased_utk_face from data/utk_face/pickles/biased_utk_face-target_gender-bias_age-0.9
Distribution Before Sampling: 
===================================
Binary Labels Distribution: 
Binary Target 0
---------------------------
Target 0: [1030, 195]
Target 1: [841, 202]
Binary Target 1
---------------------------
Target 0: [1030, 195]
Target 1: [841, 202]
===================================
Normal Label Distribution: 
Target 0: [1030, 195]
Target 1: [841, 202]
===================================
Use BiasedUTKFace - target_attr: gender
BiasedUTKFace -- total: 2268, target_attr: gender, bias_attr: age bias_rate: 0.9
['[valid] target_0-bias_0: 1030', '[valid] target_0-bias_1: 195', '[valid] target_1-bias_0: 841', '[valid] target_1-bias_1: 202']
get_utk_face - split: test, aug: False, given_y: True, ratio: 0
use existing biased_utk_face from data/utk_face/pickles/biased_utk_face-target_gender-bias_age-0.9
Distribution Before Sampling: 
===================================
Binary Labels Distribution: 
Binary Target 0
---------------------------
Target 0: [1061, 176]
Target 1: [867, 165]
Binary Target 1
---------------------------
Target 0: [1061, 176]
Target 1: [867, 165]
===================================
Normal Label Distribution: 
Target 0: [1061, 176]
Target 1: [867, 165]
===================================
Use BiasedUTKFace - target_attr: gender
BiasedUTKFace -- total: 2269, target_attr: gender, bias_attr: age bias_rate: 0.9
['[test] target_0-bias_0: 1061', '[test] target_0-bias_1: 176', '[test] target_1-bias_0: 867', '[test] target_1-bias_1: 165']
decay_epochs: [6, 13]
[1 / 20] Learning rate: 0.001 weight: 0.01
[1 / 20] Loss: 4.906558990768034 CE Loss: 0.6215988980978275 Con Loss: 4.900343032482543
[1 / 20] tensor([[0.407, 0.295],
        [0.955, 0.921]]) {'epoch': 1, 'valid/acc': 63.933, 'valid/acc_unbiased': 62.208, 'valid/diff': 11.788, 'valid/acc_skew': 68.101, 'valid/acc_align': 56.314, 'test/acc': 64.522, 'test/acc_unbiased': 64.471, 'test/diff': 7.276, 'test/acc_skew': 68.109, 'test/acc_align': 60.833}
[1 / 20] best valid accuracy: 62.208 at epoch 1 
 best_stats: {'best_valid_epoch': 1, 'best_valid_valid/acc': 63.933, 'best_valid_valid/acc_unbiased': 62.208, 'best_valid_valid/diff': 11.788, 'best_valid_valid/acc_skew': 68.101, 'best_valid_valid/acc_align': 56.314, 'best_valid_test/acc': 64.522, 'best_valid_test/acc_unbiased': 64.471, 'best_valid_test/diff': 7.276, 'best_valid_test/acc_skew': 68.109, 'best_valid_test/acc_align': 60.833}
[1 / 20] best test accuracy: 64.471 at epoch 1 
 best_stats: {'best_test_epoch': 1, 'best_test_valid/acc': 63.933, 'best_test_valid/acc_unbiased': 62.208, 'best_test_valid/diff': 11.788, 'best_test_valid/acc_skew': 68.101, 'best_test_valid/acc_align': 56.314, 'best_test_test/acc': 64.522, 'best_test_test/acc_unbiased': 64.471, 'best_test_test/diff': 7.276, 'best_test_test/acc_skew': 68.109, 'best_test_test/acc_align': 60.833}
[2 / 20] Learning rate: 0.001 weight: 0.01
[2 / 20] Loss: 4.806298519092831 CE Loss: 0.5309121976422772 Con Loss: 4.8009893927490195
[2 / 20] tensor([[0.868, 0.761],
        [0.710, 0.552]]) {'epoch': 2, 'valid/acc': 77.072, 'valid/acc_unbiased': 72.339, 'valid/diff': 12.488, 'valid/acc_skew': 78.583, 'valid/acc_align': 66.095, 'test/acc': 77.655, 'test/acc_unbiased': 72.286, 'test/diff': 13.283, 'test/acc_skew': 78.927, 'test/acc_align': 65.644}
[2 / 20] best valid accuracy: 72.339 at epoch 2 
 best_stats: {'best_valid_epoch': 2, 'best_valid_valid/acc': 77.072, 'best_valid_valid/acc_unbiased': 72.339, 'best_valid_valid/diff': 12.488, 'best_valid_valid/acc_skew': 78.583, 'best_valid_valid/acc_align': 66.095, 'best_valid_test/acc': 77.655, 'best_valid_test/acc_unbiased': 72.286, 'best_valid_test/diff': 13.283, 'best_valid_test/acc_skew': 78.927, 'best_valid_test/acc_align': 65.644}
[2 / 20] best test accuracy: 72.286 at epoch 2 
 best_stats: {'best_test_epoch': 2, 'best_test_valid/acc': 77.072, 'best_test_valid/acc_unbiased': 72.339, 'best_test_valid/diff': 12.488, 'best_test_valid/acc_skew': 78.583, 'best_test_valid/acc_align': 66.095, 'best_test_test/acc': 77.655, 'best_test_test/acc_unbiased': 72.286, 'best_test_test/diff': 13.283, 'best_test_test/acc_skew': 78.927, 'best_test_test/acc_align': 65.644}
[3 / 20] Learning rate: 0.001 weight: 0.01
[3 / 20] Loss: 4.773237833776978 CE Loss: 0.479990671295503 Con Loss: 4.768437913641035
[3 / 20] tensor([[0.928, 0.722],
        [0.660, 0.642]]) {'epoch': 3, 'valid/acc': 76.984, 'valid/acc_unbiased': 71.392, 'valid/diff': 15.61, 'valid/acc_skew': 78.352, 'valid/acc_align': 64.433, 'test/acc': 78.889, 'test/acc_unbiased': 73.803, 'test/diff': 11.205, 'test/acc_skew': 79.406, 'test/acc_align': 68.201}
[3 / 20] best valid accuracy: 72.339 at epoch 2 
 best_stats: {'best_valid_epoch': 2, 'best_valid_valid/acc': 77.072, 'best_valid_valid/acc_unbiased': 72.339, 'best_valid_valid/diff': 12.488, 'best_valid_valid/acc_skew': 78.583, 'best_valid_valid/acc_align': 66.095, 'best_valid_test/acc': 77.655, 'best_valid_test/acc_unbiased': 72.286, 'best_valid_test/diff': 13.283, 'best_valid_test/acc_skew': 78.927, 'best_valid_test/acc_align': 65.644}
[3 / 20] best test accuracy: 73.803 at epoch 3 
 best_stats: {'best_test_epoch': 3, 'best_test_valid/acc': 76.984, 'best_test_valid/acc_unbiased': 71.392, 'best_test_valid/diff': 15.61, 'best_test_valid/acc_skew': 78.352, 'best_test_valid/acc_align': 64.433, 'best_test_test/acc': 78.889, 'best_test_test/acc_unbiased': 73.803, 'best_test_test/diff': 11.205, 'best_test_test/acc_skew': 79.406, 'best_test_test/acc_align': 68.201}
[4 / 20] Learning rate: 0.001 weight: 0.01
[4 / 20] Loss: 4.748298018211731 CE Loss: 0.45069199246786984 Con Loss: 4.743791074700694
[4 / 20] tensor([[0.750, 0.381],
        [0.882, 0.879]]) {'epoch': 4, 'valid/acc': 77.91, 'valid/acc_unbiased': 71.59, 'valid/diff': 22.25, 'valid/acc_skew': 81.967, 'valid/acc_align': 61.212, 'test/acc': 78.14, 'test/acc_unbiased': 72.301, 'test/diff': 18.656, 'test/acc_skew': 81.629, 'test/acc_align': 62.973}
[4 / 20] best valid accuracy: 72.339 at epoch 2 
 best_stats: {'best_valid_epoch': 2, 'best_valid_valid/acc': 77.072, 'best_valid_valid/acc_unbiased': 72.339, 'best_valid_valid/diff': 12.488, 'best_valid_valid/acc_skew': 78.583, 'best_valid_valid/acc_align': 66.095, 'best_valid_test/acc': 77.655, 'best_valid_test/acc_unbiased': 72.286, 'best_valid_test/diff': 13.283, 'best_valid_test/acc_skew': 78.927, 'best_valid_test/acc_align': 65.644}
[4 / 20] best test accuracy: 73.803 at epoch 3 
 best_stats: {'best_test_epoch': 3, 'best_test_valid/acc': 76.984, 'best_test_valid/acc_unbiased': 71.392, 'best_test_valid/diff': 15.61, 'best_test_valid/acc_skew': 78.352, 'best_test_valid/acc_align': 64.433, 'best_test_test/acc': 78.889, 'best_test_test/acc_unbiased': 73.803, 'best_test_test/diff': 11.205, 'best_test_test/acc_skew': 79.406, 'best_test_test/acc_align': 68.201}
[5 / 20] Learning rate: 0.001 weight: 0.01
[5 / 20] Loss: 4.722015181960087 CE Loss: 0.4127343649493613 Con Loss: 4.717887831515953
[5 / 20] tensor([[0.564, 0.148],
        [0.963, 0.958]]) {'epoch': 5, 'valid/acc': 71.296, 'valid/acc_unbiased': 64.712, 'valid/diff': 24.868, 'valid/acc_skew': 77.045, 'valid/acc_align': 52.379, 'test/acc': 71.265, 'test/acc_unbiased': 65.8, 'test/diff': 21.07, 'test/acc_skew': 76.336, 'test/acc_align': 55.265}
[5 / 20] best valid accuracy: 72.339 at epoch 2 
 best_stats: {'best_valid_epoch': 2, 'best_valid_valid/acc': 77.072, 'best_valid_valid/acc_unbiased': 72.339, 'best_valid_valid/diff': 12.488, 'best_valid_valid/acc_skew': 78.583, 'best_valid_valid/acc_align': 66.095, 'best_valid_test/acc': 77.655, 'best_valid_test/acc_unbiased': 72.286, 'best_valid_test/diff': 13.283, 'best_valid_test/acc_skew': 78.927, 'best_valid_test/acc_align': 65.644}
[5 / 20] best test accuracy: 73.803 at epoch 3 
 best_stats: {'best_test_epoch': 3, 'best_test_valid/acc': 76.984, 'best_test_valid/acc_unbiased': 71.392, 'best_test_valid/diff': 15.61, 'best_test_valid/acc_skew': 78.352, 'best_test_valid/acc_align': 64.433, 'best_test_test/acc': 78.889, 'best_test_test/acc_unbiased': 73.803, 'best_test_test/diff': 11.205, 'best_test_test/acc_skew': 79.406, 'best_test_test/acc_align': 68.201}
[6 / 20] Learning rate: 0.001 weight: 0.01
[6 / 20] Loss: 4.711355085436619 CE Loss: 0.4129327472297076 Con Loss: 4.707225774082909
[6 / 20] tensor([[0.877, 0.506],
        [0.851, 0.794]]) {'epoch': 6, 'valid/acc': 81.614, 'valid/acc_unbiased': 74.669, 'valid/diff': 22.596, 'valid/acc_skew': 84.961, 'valid/acc_align': 64.378, 'test/acc': 83.253, 'test/acc_unbiased': 75.708, 'test/diff': 21.453, 'test/acc_skew': 86.434, 'test/acc_align': 64.981}
[6 / 20] best valid accuracy: 74.669 at epoch 6 
 best_stats: {'best_valid_epoch': 6, 'best_valid_valid/acc': 81.614, 'best_valid_valid/acc_unbiased': 74.669, 'best_valid_valid/diff': 22.596, 'best_valid_valid/acc_skew': 84.961, 'best_valid_valid/acc_align': 64.378, 'best_valid_test/acc': 83.253, 'best_valid_test/acc_unbiased': 75.708, 'best_valid_test/diff': 21.453, 'best_valid_test/acc_skew': 86.434, 'best_valid_test/acc_align': 64.981}
[6 / 20] best test accuracy: 75.708 at epoch 6 
 best_stats: {'best_test_epoch': 6, 'best_test_valid/acc': 81.614, 'best_test_valid/acc_unbiased': 74.669, 'best_test_valid/diff': 22.596, 'best_test_valid/acc_skew': 84.961, 'best_test_valid/acc_align': 64.378, 'best_test_test/acc': 83.253, 'best_test_test/acc_unbiased': 75.708, 'best_test_test/diff': 21.453, 'best_test_test/acc_skew': 86.434, 'best_test_test/acc_align': 64.981}
[7 / 20] Learning rate: 0.0001 weight: 0.01
[7 / 20] Loss: 4.627479888485212 CE Loss: 0.33845858101274434 Con Loss: 4.624095297178211
[7 / 20] tensor([[0.895, 0.506],
        [0.847, 0.842]]) {'epoch': 7, 'valid/acc': 83.422, 'valid/acc_unbiased': 75.959, 'valid/diff': 24.336, 'valid/acc_skew': 87.072, 'valid/acc_align': 64.846, 'test/acc': 84.266, 'test/acc_unbiased': 77.252, 'test/diff': 19.694, 'test/acc_skew': 87.099, 'test/acc_align': 67.405}
[7 / 20] best valid accuracy: 75.959 at epoch 7 
 best_stats: {'best_valid_epoch': 7, 'best_valid_valid/acc': 83.422, 'best_valid_valid/acc_unbiased': 75.959, 'best_valid_valid/diff': 24.336, 'best_valid_valid/acc_skew': 87.072, 'best_valid_valid/acc_align': 64.846, 'best_valid_test/acc': 84.266, 'best_valid_test/acc_unbiased': 77.252, 'best_valid_test/diff': 19.694, 'best_valid_test/acc_skew': 87.099, 'best_valid_test/acc_align': 67.405}
[7 / 20] best test accuracy: 77.252 at epoch 7 
 best_stats: {'best_test_epoch': 7, 'best_test_valid/acc': 83.422, 'best_test_valid/acc_unbiased': 75.959, 'best_test_valid/diff': 24.336, 'best_test_valid/acc_skew': 87.072, 'best_test_valid/acc_align': 64.846, 'best_test_test/acc': 84.266, 'best_test_test/acc_unbiased': 77.252, 'best_test_test/diff': 19.694, 'best_test_test/acc_skew': 87.099, 'best_test_test/acc_align': 67.405}
[8 / 20] Learning rate: 0.0001 weight: 0.01
[8 / 20] Loss: 4.593710022111625 CE Loss: 0.32394377868249336 Con Loss: 4.590470597175084
[8 / 20] tensor([[0.882, 0.398],
        [0.873, 0.897]]) {'epoch': 8, 'valid/acc': 83.201, 'valid/acc_unbiased': 75.743, 'valid/diff': 30.05, 'valid/acc_skew': 87.02, 'valid/acc_align': 64.466, 'test/acc': 84.222, 'test/acc_unbiased': 76.25, 'test/diff': 25.415, 'test/acc_skew': 87.766, 'test/acc_align': 64.735}
[8 / 20] best valid accuracy: 75.959 at epoch 7 
 best_stats: {'best_valid_epoch': 7, 'best_valid_valid/acc': 83.422, 'best_valid_valid/acc_unbiased': 75.959, 'best_valid_valid/diff': 24.336, 'best_valid_valid/acc_skew': 87.072, 'best_valid_valid/acc_align': 64.846, 'best_valid_test/acc': 84.266, 'best_valid_test/acc_unbiased': 77.252, 'best_valid_test/diff': 19.694, 'best_valid_test/acc_skew': 87.099, 'best_valid_test/acc_align': 67.405}
[8 / 20] best test accuracy: 77.252 at epoch 7 
 best_stats: {'best_test_epoch': 7, 'best_test_valid/acc': 83.422, 'best_test_valid/acc_unbiased': 75.959, 'best_test_valid/diff': 24.336, 'best_test_valid/acc_skew': 87.072, 'best_test_valid/acc_align': 64.846, 'best_test_test/acc': 84.266, 'best_test_test/acc_unbiased': 77.252, 'best_test_test/diff': 19.694, 'best_test_test/acc_skew': 87.099, 'best_test_test/acc_align': 67.405}
[9 / 20] Learning rate: 0.0001 weight: 0.01
[9 / 20] Loss: 4.560896579612727 CE Loss: 0.29799586596022826 Con Loss: 4.557916597228522
[9 / 20] tensor([[0.886, 0.449],
        [0.879, 0.885]]) {'epoch': 9, 'valid/acc': 83.377, 'valid/acc_unbiased': 76.431, 'valid/diff': 29.062, 'valid/acc_skew': 86.857, 'valid/acc_align': 66.004, 'test/acc': 84.927, 'test/acc_unbiased': 77.464, 'test/diff': 22.152, 'test/acc_skew': 88.242, 'test/acc_align': 66.686}
[9 / 20] best valid accuracy: 76.431 at epoch 9 
 best_stats: {'best_valid_epoch': 9, 'best_valid_valid/acc': 83.377, 'best_valid_valid/acc_unbiased': 76.431, 'best_valid_valid/diff': 29.062, 'best_valid_valid/acc_skew': 86.857, 'best_valid_valid/acc_align': 66.004, 'best_valid_test/acc': 84.927, 'best_valid_test/acc_unbiased': 77.464, 'best_valid_test/diff': 22.152, 'best_valid_test/acc_skew': 88.242, 'best_valid_test/acc_align': 66.686}
[9 / 20] best test accuracy: 77.464 at epoch 9 
 best_stats: {'best_test_epoch': 9, 'best_test_valid/acc': 83.377, 'best_test_valid/acc_unbiased': 76.431, 'best_test_valid/diff': 29.062, 'best_test_valid/acc_skew': 86.857, 'best_test_valid/acc_align': 66.004, 'best_test_test/acc': 84.927, 'best_test_test/acc_unbiased': 77.464, 'best_test_test/diff': 22.152, 'best_test_test/acc_skew': 88.242, 'best_test_test/acc_align': 66.686}
[10 / 20] Learning rate: 0.0001 weight: 0.01
[10 / 20] Loss: 4.557787649111814 CE Loss: 0.2913642725169333 Con Loss: 4.55487400962862
[10 / 20] tensor([[0.878, 0.432],
        [0.892, 0.933]]) {'epoch': 10, 'valid/acc': 83.642, 'valid/acc_unbiased': 76.236, 'valid/diff': 28.665, 'valid/acc_skew': 87.484, 'valid/acc_align': 64.987, 'test/acc': 85.28, 'test/acc_unbiased': 78.379, 'test/diff': 24.418, 'test/acc_skew': 88.5, 'test/acc_align': 68.258}
[10 / 20] best valid accuracy: 76.431 at epoch 9 
 best_stats: {'best_valid_epoch': 9, 'best_valid_valid/acc': 83.377, 'best_valid_valid/acc_unbiased': 76.431, 'best_valid_valid/diff': 29.062, 'best_valid_valid/acc_skew': 86.857, 'best_valid_valid/acc_align': 66.004, 'best_valid_test/acc': 84.927, 'best_valid_test/acc_unbiased': 77.464, 'best_valid_test/diff': 22.152, 'best_valid_test/acc_skew': 88.242, 'best_valid_test/acc_align': 66.686}
[10 / 20] best test accuracy: 78.379 at epoch 10 
 best_stats: {'best_test_epoch': 10, 'best_test_valid/acc': 83.642, 'best_test_valid/acc_unbiased': 76.236, 'best_test_valid/diff': 28.665, 'best_test_valid/acc_skew': 87.484, 'best_test_valid/acc_align': 64.987, 'best_test_test/acc': 85.28, 'best_test_test/acc_unbiased': 78.379, 'best_test_test/diff': 24.418, 'best_test_test/acc_skew': 88.5, 'best_test_test/acc_align': 68.258}
[11 / 20] Learning rate: 0.0001 weight: 0.01
[11 / 20] Loss: 4.539711660374709 CE Loss: 0.28416006251690096 Con Loss: 4.536870036041223
[11 / 20] tensor([[0.877, 0.432],
        [0.877, 0.915]]) {'epoch': 11, 'valid/acc': 83.422, 'valid/acc_unbiased': 76.423, 'valid/diff': 28.408, 'valid/acc_skew': 87.107, 'valid/acc_align': 65.739, 'test/acc': 84.487, 'test/acc_unbiased': 77.502, 'test/diff': 24.164, 'test/acc_skew': 87.656, 'test/acc_align': 67.348}
[11 / 20] best valid accuracy: 76.431 at epoch 9 
 best_stats: {'best_valid_epoch': 9, 'best_valid_valid/acc': 83.377, 'best_valid_valid/acc_unbiased': 76.431, 'best_valid_valid/diff': 29.062, 'best_valid_valid/acc_skew': 86.857, 'best_valid_valid/acc_align': 66.004, 'best_valid_test/acc': 84.927, 'best_valid_test/acc_unbiased': 77.464, 'best_valid_test/diff': 22.152, 'best_valid_test/acc_skew': 88.242, 'best_valid_test/acc_align': 66.686}
[11 / 20] best test accuracy: 78.379 at epoch 10 
 best_stats: {'best_test_epoch': 10, 'best_test_valid/acc': 83.642, 'best_test_valid/acc_unbiased': 76.236, 'best_test_valid/diff': 28.665, 'best_test_valid/acc_skew': 87.484, 'best_test_valid/acc_align': 64.987, 'best_test_test/acc': 85.28, 'best_test_test/acc_unbiased': 78.379, 'best_test_test/diff': 24.418, 'best_test_test/acc_skew': 88.5, 'best_test_test/acc_align': 68.258}
[12 / 20] Learning rate: 0.0001 weight: 0.01
[12 / 20] Loss: 4.541130721967149 CE Loss: 0.27342474268795725 Con Loss: 4.538396480377327
[12 / 20] tensor([[0.909, 0.500],
        [0.856, 0.909]]) {'epoch': 12, 'valid/acc': 84.612, 'valid/acc_unbiased': 76.888, 'valid/diff': 27.576, 'valid/acc_skew': 88.204, 'valid/acc_align': 65.571, 'test/acc': 85.677, 'test/acc_unbiased': 79.337, 'test/diff': 23.092, 'test/acc_skew': 88.22, 'test/acc_align': 70.455}
[12 / 20] best valid accuracy: 76.888 at epoch 12 
 best_stats: {'best_valid_epoch': 12, 'best_valid_valid/acc': 84.612, 'best_valid_valid/acc_unbiased': 76.888, 'best_valid_valid/diff': 27.576, 'best_valid_valid/acc_skew': 88.204, 'best_valid_valid/acc_align': 65.571, 'best_valid_test/acc': 85.677, 'best_valid_test/acc_unbiased': 79.337, 'best_valid_test/diff': 23.092, 'best_valid_test/acc_skew': 88.22, 'best_valid_test/acc_align': 70.455}
[12 / 20] best test accuracy: 79.337 at epoch 12 
 best_stats: {'best_test_epoch': 12, 'best_test_valid/acc': 84.612, 'best_test_valid/acc_unbiased': 76.888, 'best_test_valid/diff': 27.576, 'best_test_valid/acc_skew': 88.204, 'best_test_valid/acc_align': 65.571, 'best_test_test/acc': 85.677, 'best_test_test/acc_unbiased': 79.337, 'best_test_test/diff': 23.092, 'best_test_test/acc_skew': 88.22, 'best_test_test/acc_align': 70.455}
[13 / 20] Learning rate: 0.0001 weight: 0.01
[13 / 20] Loss: 4.524179264640693 CE Loss: 0.2677560141575865 Con Loss: 4.521501697477747
[13 / 20] tensor([[0.900, 0.409],
        [0.888, 0.915]]) {'epoch': 13, 'valid/acc': 84.392, 'valid/acc_unbiased': 76.515, 'valid/diff': 31.631, 'valid/acc_skew': 88.325, 'valid/acc_align': 64.704, 'test/acc': 85.853, 'test/acc_unbiased': 77.811, 'test/diff': 25.902, 'test/acc_skew': 89.411, 'test/acc_align': 66.212}
[13 / 20] best valid accuracy: 76.888 at epoch 12 
 best_stats: {'best_valid_epoch': 12, 'best_valid_valid/acc': 84.612, 'best_valid_valid/acc_unbiased': 76.888, 'best_valid_valid/diff': 27.576, 'best_valid_valid/acc_skew': 88.204, 'best_valid_valid/acc_align': 65.571, 'best_valid_test/acc': 85.677, 'best_valid_test/acc_unbiased': 79.337, 'best_valid_test/diff': 23.092, 'best_valid_test/acc_skew': 88.22, 'best_valid_test/acc_align': 70.455}
[13 / 20] best test accuracy: 79.337 at epoch 12 
 best_stats: {'best_test_epoch': 12, 'best_test_valid/acc': 84.612, 'best_test_valid/acc_unbiased': 76.888, 'best_test_valid/diff': 27.576, 'best_test_valid/acc_skew': 88.204, 'best_test_valid/acc_align': 65.571, 'best_test_test/acc': 85.677, 'best_test_test/acc_unbiased': 79.337, 'best_test_test/diff': 23.092, 'best_test_test/acc_skew': 88.22, 'best_test_test/acc_align': 70.455}
[14 / 20] Learning rate: 1e-05 weight: 0.01
[14 / 20] Loss: 4.502244595838592 CE Loss: 0.2596363829314238 Con Loss: 4.499648236620405
[14 / 20] tensor([[0.901, 0.426],
        [0.886, 0.921]]) {'epoch': 14, 'valid/acc': 84.612, 'valid/acc_unbiased': 77.114, 'valid/diff': 32.005, 'valid/acc_skew': 88.26, 'valid/acc_align': 65.969, 'test/acc': 85.985, 'test/acc_unbiased': 78.355, 'test/diff': 25.515, 'test/acc_skew': 89.342, 'test/acc_align': 67.367}
[14 / 20] best valid accuracy: 77.114 at epoch 14 
 best_stats: {'best_valid_epoch': 14, 'best_valid_valid/acc': 84.612, 'best_valid_valid/acc_unbiased': 77.114, 'best_valid_valid/diff': 32.005, 'best_valid_valid/acc_skew': 88.26, 'best_valid_valid/acc_align': 65.969, 'best_valid_test/acc': 85.985, 'best_valid_test/acc_unbiased': 78.355, 'best_valid_test/diff': 25.515, 'best_valid_test/acc_skew': 89.342, 'best_valid_test/acc_align': 67.367}
[14 / 20] best test accuracy: 79.337 at epoch 12 
 best_stats: {'best_test_epoch': 12, 'best_test_valid/acc': 84.612, 'best_test_valid/acc_unbiased': 76.888, 'best_test_valid/diff': 27.576, 'best_test_valid/acc_skew': 88.204, 'best_test_valid/acc_align': 65.571, 'best_test_test/acc': 85.677, 'best_test_test/acc_unbiased': 79.337, 'best_test_test/diff': 23.092, 'best_test_test/acc_skew': 88.22, 'best_test_test/acc_align': 70.455}
[15 / 20] Learning rate: 1e-05 weight: 0.01
[15 / 20] Loss: 4.496915770937764 CE Loss: 0.2520181896672802 Con Loss: 4.494395595937334
[15 / 20] tensor([[0.905, 0.438],
        [0.878, 0.921]]) {'epoch': 15, 'valid/acc': 84.921, 'valid/acc_unbiased': 77.501, 'valid/diff': 30.727, 'valid/acc_skew': 88.503, 'valid/acc_align': 66.499, 'test/acc': 85.941, 'test/acc_unbiased': 78.531, 'test/diff': 25.539, 'test/acc_skew': 89.127, 'test/acc_align': 67.936}
[15 / 20] best valid accuracy: 77.501 at epoch 15 
 best_stats: {'best_valid_epoch': 15, 'best_valid_valid/acc': 84.921, 'best_valid_valid/acc_unbiased': 77.501, 'best_valid_valid/diff': 30.727, 'best_valid_valid/acc_skew': 88.503, 'best_valid_valid/acc_align': 66.499, 'best_valid_test/acc': 85.941, 'best_valid_test/acc_unbiased': 78.531, 'best_valid_test/diff': 25.539, 'best_valid_test/acc_skew': 89.127, 'best_valid_test/acc_align': 67.936}
[15 / 20] best test accuracy: 79.337 at epoch 12 
 best_stats: {'best_test_epoch': 12, 'best_test_valid/acc': 84.612, 'best_test_valid/acc_unbiased': 76.888, 'best_test_valid/diff': 27.576, 'best_test_valid/acc_skew': 88.204, 'best_test_valid/acc_align': 65.571, 'best_test_test/acc': 85.677, 'best_test_test/acc_unbiased': 79.337, 'best_test_test/diff': 23.092, 'best_test_test/acc_skew': 88.22, 'best_test_test/acc_align': 70.455}
[16 / 20] Learning rate: 1e-05 weight: 0.01
[16 / 20] Loss: 4.501607632593596 CE Loss: 0.2559101081611029 Con Loss: 4.4990485410800325
[16 / 20] tensor([[0.901, 0.426],
        [0.887, 0.921]]) {'epoch': 16, 'valid/acc': 84.877, 'valid/acc_unbiased': 77.192, 'valid/diff': 31.054, 'valid/acc_skew': 88.654, 'valid/acc_align': 65.73, 'test/acc': 86.029, 'test/acc_unbiased': 78.384, 'test/diff': 25.457, 'test/acc_skew': 89.4, 'test/acc_align': 67.367}
[16 / 20] best valid accuracy: 77.501 at epoch 15 
 best_stats: {'best_valid_epoch': 15, 'best_valid_valid/acc': 84.921, 'best_valid_valid/acc_unbiased': 77.501, 'best_valid_valid/diff': 30.727, 'best_valid_valid/acc_skew': 88.503, 'best_valid_valid/acc_align': 66.499, 'best_valid_test/acc': 85.941, 'best_valid_test/acc_unbiased': 78.531, 'best_valid_test/diff': 25.539, 'best_valid_test/acc_skew': 89.127, 'best_valid_test/acc_align': 67.936}
[16 / 20] best test accuracy: 79.337 at epoch 12 
 best_stats: {'best_test_epoch': 12, 'best_test_valid/acc': 84.612, 'best_test_valid/acc_unbiased': 76.888, 'best_test_valid/diff': 27.576, 'best_test_valid/acc_skew': 88.204, 'best_test_valid/acc_align': 65.571, 'best_test_test/acc': 85.677, 'best_test_test/acc_unbiased': 79.337, 'best_test_test/diff': 23.092, 'best_test_test/acc_skew': 88.22, 'best_test_test/acc_align': 70.455}
[17 / 20] Learning rate: 1e-05 weight: 0.01
[17 / 20] Loss: 4.47835784719869 CE Loss: 0.259076730203976 Con Loss: 4.475767052238756
[17 / 20] tensor([[0.896, 0.420],
        [0.888, 0.927]]) {'epoch': 17, 'valid/acc': 84.612, 'valid/acc_unbiased': 76.953, 'valid/diff': 30.851, 'valid/acc_skew': 88.433, 'valid/acc_align': 65.473, 'test/acc': 85.853, 'test/acc_unbiased': 78.304, 'test/diff': 25.751, 'test/acc_skew': 89.222, 'test/acc_align': 67.386}
[17 / 20] best valid accuracy: 77.501 at epoch 15 
 best_stats: {'best_valid_epoch': 15, 'best_valid_valid/acc': 84.921, 'best_valid_valid/acc_unbiased': 77.501, 'best_valid_valid/diff': 30.727, 'best_valid_valid/acc_skew': 88.503, 'best_valid_valid/acc_align': 66.499, 'best_valid_test/acc': 85.941, 'best_valid_test/acc_unbiased': 78.531, 'best_valid_test/diff': 25.539, 'best_valid_test/acc_skew': 89.127, 'best_valid_test/acc_align': 67.936}
[17 / 20] best test accuracy: 79.337 at epoch 12 
 best_stats: {'best_test_epoch': 12, 'best_test_valid/acc': 84.612, 'best_test_valid/acc_unbiased': 76.888, 'best_test_valid/diff': 27.576, 'best_test_valid/acc_skew': 88.204, 'best_test_valid/acc_align': 65.571, 'best_test_test/acc': 85.677, 'best_test_test/acc_unbiased': 79.337, 'best_test_test/diff': 23.092, 'best_test_test/acc_skew': 88.22, 'best_test_test/acc_align': 70.455}
[18 / 20] Learning rate: 1e-05 weight: 0.01
[18 / 20] Loss: 4.491082447691259 CE Loss: 0.2524654282337257 Con Loss: 4.488557805129088
[18 / 20] tensor([[0.909, 0.438],
        [0.875, 0.927]]) {'epoch': 18, 'valid/acc': 84.744, 'valid/acc_unbiased': 77.086, 'valid/diff': 31.16, 'valid/acc_skew': 88.432, 'valid/acc_align': 65.739, 'test/acc': 86.073, 'test/acc_unbiased': 78.72, 'test/diff': 26.146, 'test/acc_skew': 89.2, 'test/acc_align': 68.239}
[18 / 20] best valid accuracy: 77.501 at epoch 15 
 best_stats: {'best_valid_epoch': 15, 'best_valid_valid/acc': 84.921, 'best_valid_valid/acc_unbiased': 77.501, 'best_valid_valid/diff': 30.727, 'best_valid_valid/acc_skew': 88.503, 'best_valid_valid/acc_align': 66.499, 'best_valid_test/acc': 85.941, 'best_valid_test/acc_unbiased': 78.531, 'best_valid_test/diff': 25.539, 'best_valid_test/acc_skew': 89.127, 'best_valid_test/acc_align': 67.936}
[18 / 20] best test accuracy: 79.337 at epoch 12 
 best_stats: {'best_test_epoch': 12, 'best_test_valid/acc': 84.612, 'best_test_valid/acc_unbiased': 76.888, 'best_test_valid/diff': 27.576, 'best_test_valid/acc_skew': 88.204, 'best_test_valid/acc_align': 65.571, 'best_test_test/acc': 85.677, 'best_test_test/acc_unbiased': 79.337, 'best_test_test/diff': 23.092, 'best_test_test/acc_skew': 88.22, 'best_test_test/acc_align': 70.455}
[19 / 20] Learning rate: 1e-05 weight: 0.01
[19 / 20] Loss: 4.490855735507819 CE Loss: 0.25658221360981354 Con Loss: 4.48828991210743
[19 / 20] tensor([[0.906, 0.426],
        [0.879, 0.927]]) {'epoch': 19, 'valid/acc': 84.788, 'valid/acc_unbiased': 77.323, 'valid/diff': 30.491, 'valid/acc_skew': 88.395, 'valid/acc_align': 66.252, 'test/acc': 85.985, 'test/acc_unbiased': 78.451, 'test/diff': 26.4, 'test/acc_skew': 89.232, 'test/acc_align': 67.67}
[19 / 20] best valid accuracy: 77.501 at epoch 15 
 best_stats: {'best_valid_epoch': 15, 'best_valid_valid/acc': 84.921, 'best_valid_valid/acc_unbiased': 77.501, 'best_valid_valid/diff': 30.727, 'best_valid_valid/acc_skew': 88.503, 'best_valid_valid/acc_align': 66.499, 'best_valid_test/acc': 85.941, 'best_valid_test/acc_unbiased': 78.531, 'best_valid_test/diff': 25.539, 'best_valid_test/acc_skew': 89.127, 'best_valid_test/acc_align': 67.936}
[19 / 20] best test accuracy: 79.337 at epoch 12 
 best_stats: {'best_test_epoch': 12, 'best_test_valid/acc': 84.612, 'best_test_valid/acc_unbiased': 76.888, 'best_test_valid/diff': 27.576, 'best_test_valid/acc_skew': 88.204, 'best_test_valid/acc_align': 65.571, 'best_test_test/acc': 85.677, 'best_test_test/acc_unbiased': 79.337, 'best_test_test/diff': 23.092, 'best_test_test/acc_skew': 88.22, 'best_test_test/acc_align': 70.455}
[20 / 20] Learning rate: 1e-05 weight: 0.01
[20 / 20] Loss: 4.484234617056091 CE Loss: 0.2500241041979648 Con Loss: 4.481734364410567
[20 / 20] tensor([[0.908, 0.443],
        [0.872, 0.921]]) {'epoch': 20, 'valid/acc': 84.568, 'valid/acc_unbiased': 76.873, 'valid/diff': 31.091, 'valid/acc_skew': 88.254, 'valid/acc_align': 65.491, 'test/acc': 85.897, 'test/acc_unbiased': 78.6, 'test/diff': 25.685, 'test/acc_skew': 88.98, 'test/acc_align': 68.22}
[20 / 20] best valid accuracy: 77.501 at epoch 15 
 best_stats: {'best_valid_epoch': 15, 'best_valid_valid/acc': 84.921, 'best_valid_valid/acc_unbiased': 77.501, 'best_valid_valid/diff': 30.727, 'best_valid_valid/acc_skew': 88.503, 'best_valid_valid/acc_align': 66.499, 'best_valid_test/acc': 85.941, 'best_valid_test/acc_unbiased': 78.531, 'best_valid_test/diff': 25.539, 'best_valid_test/acc_skew': 89.127, 'best_valid_test/acc_align': 67.936}
[20 / 20] best test accuracy: 79.337 at epoch 12 
 best_stats: {'best_test_epoch': 12, 'best_test_valid/acc': 84.612, 'best_test_valid/acc_unbiased': 76.888, 'best_test_valid/diff': 27.576, 'best_test_valid/acc_skew': 88.204, 'best_test_valid/acc_align': 65.571, 'best_test_test/acc': 85.677, 'best_test_test/acc_unbiased': 79.337, 'best_test_test/diff': 23.092, 'best_test_test/acc_skew': 88.22, 'best_test_test/acc_align': 70.455}
Total training time: 0:30:24
